      -----------------------------------------------------------      
     |                   =====================                   |     
     |                           x T B                           |     
     |                   =====================                   |     
     |                         S. Grimme                         |     
     |          Mulliken Center for Theoretical Chemistry        |     
     |                    University of Bonn                     |     
     |                 Version 6.0.1 (SAW181210)                 |     
      -----------------------------------------------------------      

   This program is distributed in the hope that it will be useful,
   but WITHOUT ANY WARRANTY; without even the implied warranty of
   MERCHANTABILITY or FITNESS FOR A PARTICULAR PURPOSE.
   
   FOR NON-COMMERCIAL, ACADEMIA USE ONLY.
   
   Cite this work as:
   S. Grimme, C. Bannwarth, P. Shushkov, J. Comput. Theory Chem., 2017,
   13, 1989-2009.
   C. Bannwarth, S. Ehlert and S. Grimme., ChemRxiv, 2018, preprint.
   http://doi.org/10.26434/chemrxiv.7246238.v1
   
   for sTDA-xTB:
   S. Grimme and C. Bannwarth, J. Chem. Phys., 2016, 145, 054103.
   
   in the mass-spec context:
   V. Asgeirsson, C. Bauer and S. Grimme, Chem. Sci., 2017, 8, 4879.
   
   if GBSA is used:
   P. Shushkov, F. März and S. Grimme, unpublished.
   
   for ANC optimizer:
   S. Grimme, unpublished.
   Rational Function algorithm used in ANCopt:
   F. Eckert, P. Pulay, H.-J. Werner, J. Comput. Chem., 1997, 18, 1473.
   
   with help from (in alphabetical order)
   C. Bannwarth, F. Bohle, G. Brandenburg, E. Caldeweyher, M. Checinski,
   S. Dohm, S. Ehlert, S. Ehrlich, F. März, H. Neugebauer, J. Pisarek,
   P. Pracht, P. Shushkov, and S. Spicher.
   
 * started run on 2019/09/03 at 06:55:06.059     
========================================================================
 # omp threads = 1
========================================================================
number of atoms            : 19
number of electrons        : 64
charge                     : 0
spin                       : .0
first test random number   : .4391

########################################################################
# WARNING! Please study the warnings concerning your input carefully
#  - XTBPATH is not set, using XTBHOME instead
#  - the use of '-opt' is discouraged, please use '--opt' next time
#  - the use of '-chrg' is discouraged, please use '--chrg' next time
#  - the use of '-uhf' is discouraged, please use '--uhf' next time
########################################################################

           ------------------------------------------------- 
          |                 G F N 2 - x T B                 |
          | Geometry, Frequencies, Noncovalent interactions |
          |            JCTC 2018 parametrisation            |
           ------------------------------------------------- 
      method parameters     
 k(s)        :  1.8500
 k(p)        :  2.2300
 k(d)        :  2.2300
 k(f)        :  2.0000
 kEN (H0ij)  : -2.0000
 D4 a1       :  0.5200
 D4 a2       :  5.0000
 D4 s6       :  1.0000
 D4 s8       :  2.7000
 D4 s9       :  5.0000
 alphaj      :  2.0000


            Z     q(EN)     CN     RAES       Cart. coordinates
     1  S   6.0    0.64    4.30    4.24    -1.22646     1.18706    -1.09824
     2  O   6.0   -0.31    1.23    1.80     1.54037     1.14164    -0.57794
     3  O   6.0   -0.30    1.19    1.80    -1.84815    -0.75402    -3.04088
     4  O   6.0   -0.30    1.18    1.80    -2.63680     0.62662     1.27346
     5  O   6.0   -0.25    2.08    1.84    -1.95120     3.69912    -2.03462
     6  H   1.0    0.15    1.21    1.47    -1.04294     4.06102    -3.56275
     7  O   6.0   -0.25    1.92    1.82     2.43673     7.67701    -3.18073
     8  H   1.0    0.15    0.97    1.43     1.54710     7.34488    -1.62739
     9  H   1.0    0.15    0.97    1.43     4.19892     7.72423    -2.72568
    10  O   6.0   -0.28    2.05    1.83    -0.82358    -5.44491    -1.47215
    11  H   1.0    0.15    0.97    1.43    -1.44809    -6.80834    -2.50446
    12  H   1.0    0.18    1.05    1.44    -1.30431    -3.92111    -2.34481
    13  O   6.0   -0.28    2.05    1.83    -0.87772    -1.96780     5.34775
    14  H   1.0    0.17    1.03    1.43    -1.84848    -1.06787     4.09781
    15  H   1.0    0.15    0.97    1.43    -1.72870    -1.66437     6.92838
    16  O   6.0   -0.22    2.92    2.58     2.11570    -3.12411     1.70566
    17  H   1.0    0.15    1.06    1.44     1.27116    -2.90232     3.35715
    18  H   1.0    0.15    1.05    1.44     1.19398    -4.31700     0.60227
    19  H   1.0    0.15    1.08    1.44     2.43246    -1.48972     0.85718

  Z AO/shell   Hii/eV     exponent
  1     Wed Apr 25 08:07:45 CEST 2018   EN: 2.200 GM2: 0.406  GM3: 0.0800  RAES: 1.40
     1s    -10.707211    1.230000
  8     Wed Apr 25 08:07:45 CEST 2018   EN: 3.440 GM2: 0.452  GM3:-0.0517  RAES: 1.80
     2s    -20.229985    2.439742
     2p    -15.503117    2.137023
 16     Tue Apr 24 11:44:34 CEST 2018   EN: 2.580 GM2: 0.340  GM3:-0.0502  RAES: 3.10
     3s    -20.029654    1.981333
     3p    -11.377694    2.025643
     3d     -0.420282    1.702555
 no old-style atom pair restraining (fixing) potential

molecular fragmentation (1/2 indicates fragments):
1111112222222222222
# atoms in fragment 1/2:     6    13
 fragment masses (1/2) :       97.07       73.07
CMA distance (Bohr)    :   3.226
constraining FC (au)   :  0.0500
           ------------------------------------------------- 
          |        Self-Consistent Charge Iterations        |
           ------------------------------------------------- 

 Ncao       : 52
 Nao        : 51
 Nshell     : 29
 Nel        : 64
 T(el)      :   300.0
 intcut     :    25.0
 scfconv/Eh :  0.100E-05
   qconv/e  :  0.100E-03
 intneglect :  0.100E-07
 broydamp   :      0.250
 iter      E             dE          RMSdq      gap      omega  full diag
   1    -41.0154148 -0.410154E+02  0.769E+00   10.55       0.0  T
   2    -41.0553399 -0.399251E-01  0.556E+00   10.03       1.0  T
   3    -41.0858654 -0.305255E-01  0.146E+00    8.86       1.0  T
   4    -41.0902211 -0.435570E-02  0.616E-01    8.92       1.0  T
   5    -41.0908719 -0.650824E-03  0.341E-01    8.87       1.0  T
   6    -41.0912433 -0.371385E-03  0.147E-01    8.87       1.0  T
   7    -41.0913298 -0.865583E-04  0.541E-02    8.90       1.0  T
   8    -41.0913411 -0.112419E-04  0.300E-02    8.89       1.0  T
   9    -41.0913449 -0.385719E-05  0.125E-02    8.89       1.8  T
  10    -41.0913456 -0.700852E-06  0.263E-03    8.89       8.7  T
  11    -41.0913457 -0.185822E-07  0.101E-03    8.89      22.6  T
  12    -41.0913457 -0.350719E-08  0.475E-04    8.89      48.3  T
  13    -41.0913457 -0.855266E-09  0.105E-04    8.89     218.1  T
speedup  0.99
cpu  time for SCC    0.01 s
wall time for SCC    0.01 s

   *** convergence criteria satisfied after 13 iterations ***

          eigenvalues
 #    :          20         21         22         23         24         25         26         27
 occ. :        2.000      2.000      2.000      2.000      2.000      2.000      2.000      2.000
 eps  :       -14.179    -13.938    -12.963    -12.724    -12.406    -12.260    -12.131    -11.890
 #    :          28         29         30         31         32         33         34         35
 occ. :        2.000      2.000      2.000      2.000      2.000      0.000      0.000      0.000
 eps  :       -11.553    -11.435    -11.002    -10.913    -10.668     -1.780     -0.737      0.084
 #    :          36         37         38         39         40         41         42         43
 occ. :        0.000      0.000      0.000      0.000      0.000      0.000      0.000      0.000
 eps  :         1.171      1.549      1.927      2.275      4.128      4.239      6.603      7.280


   #   Z            q   n(s)   n(p)   n(d)      C6AA      α(0)
   1  16 S      1.575  1.586  1.854  0.985    91.658    16.113
   2   8 O     -0.766  1.773  4.993  0.000    30.572     7.413
   3   8 O     -0.757  1.781  4.977  0.000    30.323     7.383
   4   8 O     -0.735  1.770  4.965  0.000    29.681     7.304
   5   8 O     -0.541  1.716  4.825  0.000    23.794     6.585
   6   1 H      0.372  0.628  0.000  0.000     0.532     1.141
   7   8 O     -0.576  1.741  4.834  0.000    24.610     6.695
   8   1 H      0.290  0.710  0.000  0.000     0.753     1.363
   9   1 H      0.286  0.714  0.000  0.000     0.763     1.372
  10   8 O     -0.621  1.726  4.894  0.000    25.683     6.840
  11   1 H      0.296  0.704  0.000  0.000     0.735     1.346
  12   1 H      0.337  0.663  0.000  0.000     0.619     1.236
  13   8 O     -0.616  1.725  4.892  0.000    25.578     6.826
  14   1 H      0.339  0.661  0.000  0.000     0.615     1.232
  15   1 H      0.297  0.703  0.000  0.000     0.731     1.343
  16   8 O     -0.426  1.640  4.786  0.000    21.312     6.235
  17   1 H      0.419  0.581  0.000  0.000     0.450     1.054
  18   1 H      0.417  0.583  0.000  0.000     0.455     1.059
  19   1 H      0.411  0.589  0.000  0.000     0.465     1.071

 Mol. C6AA /au·bohr⁶  :       3378.961303
 Mol. C8AA /au·bohr⁸  :      76710.567046
 Mol. α(0) /au        :         83.613825

 
 Wiberg/Mayer (AO) data. WBOs > 0.1 written file <wbo>
 largest (>0.05) Wiberg bond orders for each atom
           total WBO             WBO to atom ...
     1  S   4.939    O    4 1.340    O    3 1.298    O    2 1.259    O    5 1.010
     2  O   1.687    S    1 1.259    O    4 0.113    O    3 0.113    H   19 0.096    O    5 0.069
     3  O   1.678    S    1 1.298    O    4 0.115    O    2 0.113    O    5 0.074    H   12 0.054
     4  O   1.697    S    1 1.340    O    3 0.115    O    2 0.113    O    5 0.056
     5  O   2.054    S    1 1.010    H    6 0.835    O    3 0.074    O    2 0.069    O    4 0.056
     6  H   0.862    O    5 0.835
     7  O   1.835    H    9 0.917    H    8 0.914
     8  H   0.916    O    7 0.914
     9  H   0.918    O    7 0.917
    10  O   1.858    H   11 0.899    H   12 0.829    H   18 0.077
    11  H   0.913    O   10 0.899
    12  H   0.886    O   10 0.829    O    3 0.054
    13  O   1.855    H   15 0.896    H   14 0.840    H   17 0.073
    14  H   0.885    O   13 0.840
    15  H   0.912    O   13 0.896
    16  O   2.322    H   17 0.744    H   18 0.743    H   19 0.729
    17  H   0.824    O   16 0.744    O   13 0.073
    18  H   0.826    O   16 0.743    O   10 0.077
    19  H   0.831    O   16 0.729    O    2 0.096
 MOs/occ written to file <molden.input>
 
molecular dipole:
                 x           y           z       tot (Debye)
 q only:        1.317      -1.363       1.251
   full:        0.893      -0.716       0.991       3.848
molecular quadrupole (traceless):
                xx          xy          yy          xz          yz          zz
 q only:       -5.830       0.916       5.743       0.349       1.066       0.087
  q+dip:       -5.787       3.775       4.767      -0.488       5.260       1.021
   full:       -6.034       3.640       4.819      -0.506       4.868       1.215

SCC energy    :     -41.0913457
rep           :       0.2164227
ES            :       0.2361012
AES           :      -0.0514734
AXC           :      -0.0109798
disp          :      -0.0119543
XB            :       0.0000000
fix           :       0.0000000
total E       :     -40.8748732
atomizationE  :       3.6690604     2302.37
(atE without considering molecular charge,
 total energy contains solvation terms)
H-L gap (eV)  :          8.8873
           ------------------------------------------------- 
          |                 ===============                 |
          |                   A N C O P T                   |
          |                 ===============                 |
          |          Approximate Normal Coordinate          |
          |           Rational Function Optimizer           |
           ------------------------------------------------- 
dumping coords to <xtbopt.coord> and <xtbopt.log>
 optlevel               2
 Maxcycle             380
 Maxmicro              25
 Econv         1.000000000000000E-007
 Gconv         2.000000000000000E-004
 Maxdispl       1.00000000000000     
 Hlow          5.000000000000000E-003
 S6             20.0000000000000     
 Nvar               51

generating ANC from model Hessian ...
 Shifting diagonal of input Hessian by   5.158614078768673E-003
 Lowest  eigenvalues of input Hessian
    0.005000    0.005093   -0.000000   -0.000000   -0.000000   -0.000000
    0.000000    0.000000    0.005337    0.005351    0.005578    0.005751
    0.006245    0.006466    0.006784    0.007246    0.007835    0.009636
 Highest eigenvalues
    1.453218    1.558940    1.562119    3.137238    3.212864    3.312331
 
cpu  time for ANC gen    0.00 s
wall time for ANC gen    0.00 s
................................................................................
.............................. CYCLE    1 ......................................
................................................................................
   1    -41.0913457 -0.410913E+02  0.833E-05    8.89       0.0  T
   2    -41.0913457 -0.915179E-11  0.660E-05    8.89     347.4  T
   3    -41.0913457 -0.131379E-10  0.282E-05    8.89     814.3  T
speedup  1.05
cpu  time for SCC    0.00 s
wall time for SCC    0.00 s
speedup  0.97
cpu  time for grad    0.01 s
wall time for grad    0.01 s
 E :    -40.87487319  G :  0.156239    pred/act E change:  0.000D+00  0.341D-07
Maxdispl :   0.1983   ||displ|| :   0.3593   Lambda : -0.177D-01
Largest |displ|/coords:  0.1983 (  21)  0.1211 (  20)  0.1126 (   8)
................................................................................
.............................. CYCLE    2 ......................................
................................................................................
   1    -41.0982205 -0.410982E+02  0.381E-01    9.01       0.0  T
   2    -41.0983278 -0.107296E-03  0.294E-01    9.04       1.0  T
   3    -41.0983722 -0.444282E-04  0.898E-02    9.12       1.0  T
   4    -41.0983864 -0.142176E-04  0.207E-02    9.11       1.1  T
   5    -41.0983874 -0.982482E-06  0.675E-03    9.10       3.4  T
   6    -41.0983875 -0.542109E-07  0.348E-03    9.10       6.6  T
   7    -41.0983875 -0.293422E-07  0.174E-03    9.10      13.2  T
speedup  1.14
cpu  time for SCC    0.00 s
wall time for SCC    0.00 s
speedup  1.08
cpu  time for grad    0.01 s
wall time for grad    0.01 s
 E :    -40.88951795  G :  0.102890    pred/act E change:  0.000D+00 -0.146D-01
Maxdispl :   0.1873   ||displ|| :   0.3470   Lambda : -0.105D-01
Largest |displ|/coords:  0.1873 (  21)  0.1374 (  23)  0.1127 (  20)
................................................................................
.............................. CYCLE    3 ......................................
................................................................................
   1    -41.1035770 -0.411036E+02  0.287E-01    9.18       0.0  T
   2    -41.1037114 -0.134403E-03  0.223E-01    9.21       1.0  T
   3    -41.1037706 -0.591950E-04  0.924E-02    9.26       1.0  T
   4    -41.1037802 -0.958112E-05  0.233E-02    9.26       1.0  T
   5    -41.1037812 -0.980841E-06  0.649E-03    9.26       3.5  T
   6    -41.1037812 -0.622938E-07  0.360E-03    9.26       6.4  T
   7    -41.1037813 -0.337193E-07  0.164E-03    9.26      14.0  T
speedup  1.16
cpu  time for SCC    0.00 s
wall time for SCC    0.00 s
speedup  1.08
cpu  time for grad    0.01 s
wall time for grad    0.01 s
 E :    -40.89757169  G :  0.063848    pred/act E change: -0.100D-01 -0.805D-02
Maxdispl :   0.1516   ||displ|| :   0.3286   Lambda : -0.436D-02
Largest |displ|/coords:  0.1516 (  11)  0.1174 (   8)  0.1080 (  15)
................................................................................
.............................. CYCLE    4 ......................................
................................................................................
   1    -41.1038052 -0.411038E+02  0.257E-01    9.27       0.0  T
   2    -41.1038780 -0.727486E-04  0.197E-01    9.29       1.0  T
   3    -41.1039062 -0.281979E-04  0.654E-02    9.33       1.0  T
   4    -41.1039144 -0.816815E-05  0.175E-02    9.33       1.3  T
   5    -41.1039148 -0.473061E-06  0.454E-03    9.32       5.1  T
   6    -41.1039149 -0.227911E-07  0.251E-03    9.32       9.1  T
speedup  1.05
cpu  time for SCC    0.00 s
wall time for SCC    0.00 s
speedup  1.03
cpu  time for grad    0.01 s
wall time for grad    0.01 s
 E :    -40.90085811  G :  0.038933    pred/act E change: -0.589D-02 -0.329D-02
Maxdispl :   0.2146   ||displ|| :   0.5253   Lambda : -0.433D-02
Largest |displ|/coords:  0.2146 (  13)  0.1835 (   9)  0.1797 (  12)
................................................................................
.............................. CYCLE    5 ......................................
................................................................................
   1    -41.0991783 -0.410992E+02  0.598E-01    9.23       0.0  T
   2    -41.0993391 -0.160814E-03  0.456E-01    9.27       1.0  T
   3    -41.0994088 -0.696525E-04  0.957E-02    9.34       1.0  T
   4    -41.0994358 -0.270303E-04  0.294E-02    9.32       1.0  T
   5    -41.0994371 -0.129482E-05  0.592E-03    9.32       3.9  T
   6    -41.0994372 -0.339427E-07  0.328E-03    9.32       7.0  T
speedup  0.81
cpu  time for SCC    0.00 s
wall time for SCC    0.00 s
speedup  0.92
cpu  time for grad    0.01 s
wall time for grad    0.01 s
 E :    -40.90218282  G :  0.038462    pred/act E change: -0.242D-02 -0.132D-02
Maxdispl :   0.2213   ||displ|| :   0.4390   Lambda : -0.506D-02
Largest |displ|/coords:  0.2213 (  12)  0.1729 (  11)  0.1516 (  10)
................................................................................
.............................. CYCLE    6 ......................................
................................................................................
   1    -41.1086337 -0.411086E+02  0.537E-01    9.20       0.0  T
   2    -41.1087593 -0.125583E-03  0.406E-01    9.22       1.0  T
   3    -41.1088337 -0.743925E-04  0.753E-02    9.26       1.0  T
   4    -41.1088525 -0.187807E-04  0.259E-02    9.25       1.0  T
   5    -41.1088535 -0.984260E-06  0.680E-03    9.25       3.4  T
   6    -41.1088535 -0.179910E-07  0.369E-03    9.25       6.2  T
   7    -41.1088535 -0.167230E-07  0.103E-03    9.25      22.3  T
speedup  1.16
cpu  time for SCC    0.00 s
wall time for SCC    0.00 s
speedup  1.08
cpu  time for grad    0.01 s
wall time for grad    0.01 s
 E :    -40.90310981  G :  0.035217    pred/act E change: -0.277D-02 -0.927D-03
Maxdispl :   0.1781   ||displ|| :   0.2819   Lambda : -0.211D-02
Largest |displ|/coords:  0.1781 (   8)  0.0853 (  13)  0.0810 (  10)
................................................................................
.............................. CYCLE    7 ......................................
................................................................................
   1    -41.0988820 -0.410989E+02  0.526E-01    9.23       0.0  T
   2    -41.0989954 -0.113368E-03  0.394E-01    9.22       1.0  T
   3    -41.0990521 -0.567698E-04  0.735E-02    9.21       1.0  T
   4    -41.0990688 -0.166508E-04  0.159E-02    9.21       1.4  T
   5    -41.0990693 -0.504784E-06  0.490E-03    9.22       4.7  T
   6    -41.0990693 -0.170433E-07  0.315E-03    9.22       7.3  T
speedup  1.35
cpu  time for SCC    0.00 s
wall time for SCC    0.00 s
speedup  1.02
cpu  time for grad    0.01 s
wall time for grad    0.01 s
 E :    -40.90214349  G :  0.051372    pred/act E change: -0.302D-02  0.966D-03
Maxdispl :   0.1912   ||displ|| :   0.4909   Lambda : -0.114D-01
Largest |displ|/coords:  0.1912 (   8)  0.1849 (   6)  0.1743 (  11)
................................................................................
.............................. CYCLE    8 ......................................
................................................................................
   1    -41.1075076 -0.411075E+02  0.941E-01    9.28       0.0  T
   2    -41.1077982 -0.290521E-03  0.713E-01    9.27       1.0  T
   3    -41.1079991 -0.200908E-03  0.113E-01    9.24       1.0  T
   4    -41.1080425 -0.433913E-04  0.253E-02    9.26       1.0  T
   5    -41.1080435 -0.101402E-05  0.116E-02    9.26       2.0  T
   6    -41.1080435 -0.423596E-07  0.556E-03    9.26       4.1  T
   7    -41.1080436 -0.411880E-07  0.105E-03    9.26      21.8  T
speedup  1.11
cpu  time for SCC    0.00 s
wall time for SCC    0.00 s
speedup  1.04
cpu  time for grad    0.01 s
wall time for grad    0.01 s
 E :    -40.90220706  G :  0.049993    pred/act E change: -0.114D-02 -0.636D-04
Maxdispl :   0.1304   ||displ|| :   0.2477   Lambda : -0.260D-02
Largest |displ|/coords:  0.1304 (   4)  0.0883 (  11)  0.0741 (  14)
................................................................................
.............................. CYCLE    9 ......................................
................................................................................
   1    -41.1104908 -0.411105E+02  0.244E-01    9.26       0.0  T
   2    -41.1105035 -0.127521E-04  0.184E-01    9.26       1.0  T
   3    -41.1105130 -0.942626E-05  0.249E-02    9.27       1.0  T
   4    -41.1105146 -0.162745E-05  0.740E-03    9.26       3.1  T
   5    -41.1105147 -0.761366E-07  0.288E-03    9.26       8.0  T
   6    -41.1105147 -0.315850E-08  0.152E-03    9.26      15.1  T
speedup  1.08
cpu  time for SCC    0.00 s
wall time for SCC    0.00 s
speedup  0.95
cpu  time for grad    0.01 s
wall time for grad    0.01 s
 E :    -40.90387652  G :  0.021683    pred/act E change: -0.707D-02 -0.167D-02
Maxdispl :   0.1676   ||displ|| :   0.3316   Lambda : -0.134D-02
Largest |displ|/coords:  0.1676 (   1)  0.1591 (   7)  0.1525 (   5)
................................................................................
.............................. CYCLE   10 ......................................
................................................................................
   1    -41.1009540 -0.411010E+02  0.361E-01    9.26       0.0  T
   2    -41.1009821 -0.280195E-04  0.273E-01    9.26       1.0  T
   3    -41.1010035 -0.214396E-04  0.341E-02    9.27       1.0  T
   4    -41.1010073 -0.375675E-05  0.828E-03    9.26       2.8  T
   5    -41.1010073 -0.435117E-07  0.383E-03    9.26       6.0  T
   6    -41.1010073 -0.966876E-08  0.175E-03    9.26      13.1  T
speedup  1.08
cpu  time for SCC    0.00 s
wall time for SCC    0.00 s
speedup  1.02
cpu  time for grad    0.01 s
wall time for grad    0.01 s
 E :    -40.90383026  G :  0.033985    pred/act E change: -0.138D-02  0.463D-04
Maxdispl :   0.1428   ||displ|| :   0.3116   Lambda : -0.247D-02
Largest |displ|/coords:  0.1428 (   7)  0.1418 (   4)  0.1302 (   3)
................................................................................
.............................. CYCLE   11 ......................................
................................................................................
   1    -41.1009575 -0.411010E+02  0.473E-01    9.25       0.0  T
   2    -41.1010240 -0.664192E-04  0.360E-01    9.25       1.0  T
   3    -41.1010788 -0.548341E-04  0.507E-02    9.26       1.0  T
   4    -41.1010873 -0.854347E-05  0.145E-02    9.26       1.6  T
   5    -41.1010877 -0.371762E-06  0.589E-03    9.26       3.9  T
   6    -41.1010877 -0.135234E-07  0.305E-03    9.26       7.5  T
speedup  0.81
cpu  time for SCC    0.00 s
wall time for SCC    0.00 s
speedup  0.91
cpu  time for grad    0.01 s
wall time for grad    0.01 s
 E :    -40.90383668  G :  0.034723    pred/act E change: -0.745D-03 -0.642D-05
Maxdispl :   0.1600   ||displ|| :   0.3058   Lambda : -0.229D-02
Largest |displ|/coords:  0.1600 (  12)  0.1581 (   6)  0.1226 (  13)
................................................................................
.............................. CYCLE   12 ......................................
................................................................................
   1    -41.1109320 -0.411109E+02  0.325E-01    9.29       0.0  T
   2    -41.1109633 -0.312875E-04  0.244E-01    9.29       1.0  T
   3    -41.1109823 -0.190264E-04  0.371E-02    9.29       1.0  T
   4    -41.1109870 -0.469749E-05  0.110E-02    9.29       2.1  T
   5    -41.1109872 -0.231935E-06  0.439E-03    9.29       5.2  T
   6    -41.1109872 -0.898681E-08  0.250E-03    9.29       9.2  T
speedup  1.05
cpu  time for SCC    0.00 s
wall time for SCC    0.00 s
speedup  1.01
cpu  time for grad    0.01 s
wall time for grad    0.01 s
 E :    -40.90451155  G :  0.016609    pred/act E change: -0.136D-02 -0.675D-03
Maxdispl :   0.0936   ||displ|| :   0.2013   Lambda : -0.818D-03
Largest |displ|/coords:  0.0936 (   1)  0.0880 (   7)  0.0756 (   5)
................................................................................
.............................. CYCLE   13 ......................................
................................................................................
   1    -41.1073158 -0.411073E+02  0.192E-01    9.29       0.0  T
   2    -41.1073229 -0.708992E-05  0.144E-01    9.29       1.0  T
   3    -41.1073287 -0.577279E-05  0.176E-02    9.29       1.3  T
   4    -41.1073296 -0.927355E-06  0.518E-03    9.29       4.4  T
   5    -41.1073296 -0.268414E-07  0.219E-03    9.29      10.5  T
   6    -41.1073296 -0.296583E-08  0.114E-03    9.29      20.1  T
speedup  1.08
cpu  time for SCC    0.00 s
wall time for SCC    0.00 s
speedup  1.03
cpu  time for grad    0.01 s
wall time for grad    0.01 s
 E :    -40.90506008  G :  0.009305    pred/act E change: -0.125D-02 -0.549D-03
Maxdispl :   0.1835   ||displ|| :   0.3212   Lambda : -0.561D-03
Largest |displ|/coords:  0.1835 (   1)  0.1252 (   5)  0.1119 (   3)
................................................................................
.............................. CYCLE   14 ......................................
................................................................................
   1    -41.1029126 -0.411029E+02  0.244E-01    9.27       0.0  T
   2    -41.1029233 -0.107059E-04  0.184E-01    9.27       1.0  T
   3    -41.1029314 -0.812630E-05  0.227E-02    9.28       1.0  T
   4    -41.1029329 -0.148010E-05  0.566E-03    9.28       4.1  T
   5    -41.1029329 -0.252741E-07  0.262E-03    9.28       8.7  T
   6    -41.1029330 -0.509625E-08  0.117E-03    9.28      19.6  T
speedup  0.81
cpu  time for SCC    0.00 s
wall time for SCC    0.00 s
speedup  0.91
cpu  time for grad    0.01 s
wall time for grad    0.01 s
 E :    -40.90539190  G :  0.021501    pred/act E change: -0.426D-03 -0.332D-03
Maxdispl :   0.1719   ||displ|| :   0.2884   Lambda : -0.490D-03
Largest |displ|/coords:  0.1719 (   1)  0.1358 (   2)  0.1137 (   3)
................................................................................
.............................. CYCLE   15 ......................................
................................................................................
   1    -41.1024691 -0.411025E+02  0.170E-01    9.28       0.0  T
   2    -41.1024732 -0.409086E-05  0.128E-01    9.28       1.0  T
   3    -41.1024767 -0.350671E-05  0.141E-02    9.28       1.6  T
   4    -41.1024772 -0.481292E-06  0.419E-03    9.28       5.5  T
   5    -41.1024772 -0.157652E-07  0.161E-03    9.28      14.2  T
speedup  0.97
cpu  time for SCC    0.00 s
wall time for SCC    0.00 s
speedup  0.98
cpu  time for grad    0.01 s
wall time for grad    0.01 s
 E :    -40.90580902  G :  0.020376    pred/act E change: -0.309D-03 -0.417D-03
Maxdispl :   0.3571   ||displ|| :   0.5852   Lambda : -0.139D-02
Largest |displ|/coords:  0.3571 (   1)  0.3155 (   2)  0.1995 (   3)
................................................................................
.............................. CYCLE   16 ......................................
................................................................................
   1    -41.1072512 -0.411073E+02  0.273E-01    9.32       0.0  T
   2    -41.1072746 -0.233682E-04  0.204E-01    9.32       1.0  T
   3    -41.1072880 -0.134185E-04  0.345E-02    9.32       1.0  T
   4    -41.1072916 -0.355073E-05  0.108E-02    9.33       2.1  T
   5    -41.1072918 -0.179696E-06  0.394E-03    9.33       5.8  T
   6    -41.1072918 -0.118944E-07  0.219E-03    9.33      10.5  T
speedup  1.08
cpu  time for SCC    0.00 s
wall time for SCC    0.00 s
speedup  1.02
cpu  time for grad    0.01 s
wall time for grad    0.01 s
 E :    -40.90676014  G :  0.012673    pred/act E change: -0.266D-03 -0.951D-03
Maxdispl :   0.3321   ||displ|| :   0.7046   Lambda : -0.206D-02
Largest |displ|/coords:  0.3321 (   2)  0.3206 (   3)  0.2863 (   1)
................................................................................
.............................. CYCLE   17 ......................................
................................................................................
   1    -41.1033660 -0.411034E+02  0.513E-01    9.41       0.0  T
   2    -41.1034666 -0.100678E-03  0.382E-01    9.41       1.0  T
   3    -41.1035092 -0.425321E-04  0.688E-02    9.40       1.0  T
   4    -41.1035251 -0.159302E-04  0.199E-02    9.41       1.2  T
   5    -41.1035258 -0.729024E-06  0.711E-03    9.41       3.2  T
   6    -41.1035259 -0.298289E-07  0.412E-03    9.41       5.6  T
   7    -41.1035259 -0.185064E-07  0.108E-03    9.41      21.3  T
   8    -41.1035259 -0.152420E-08  0.288E-04    9.41      79.6  T
speedup  1.02
cpu  time for SCC    0.00 s
wall time for SCC    0.00 s
speedup  0.99
cpu  time for grad    0.01 s
wall time for grad    0.01 s
 E :    -40.90653601  G :  0.053514    pred/act E change: -0.930D-03  0.224D-03
Maxdispl :   0.1558   ||displ|| :   0.3497   Lambda : -0.686D-02
Largest |displ|/coords:  0.1558 (   9)  0.1510 (   1)  0.1471 (   4)
................................................................................
.............................. CYCLE   18 ......................................
................................................................................
   1    -41.1023576 -0.411024E+02  0.481E-01    9.26       0.0  T
   2    -41.1024814 -0.123823E-03  0.362E-01    9.27       1.0  T
   3    -41.1025646 -0.832050E-04  0.749E-02    9.29       1.0  T
   4    -41.1025794 -0.147471E-04  0.275E-02    9.29       1.0  T
   5    -41.1025805 -0.108774E-05  0.810E-03    9.28       2.8  T
   6    -41.1025805 -0.414728E-07  0.440E-03    9.28       5.2  T
   7    -41.1025805 -0.231014E-07  0.136E-03    9.28      16.8  T
speedup  0.93
cpu  time for SCC    0.00 s
wall time for SCC    0.00 s
speedup  0.96
cpu  time for grad    0.01 s
wall time for grad    0.01 s
 E :    -40.90590441  G :  0.060278    pred/act E change: -0.154D-02  0.632D-03
Maxdispl :   0.1373   ||displ|| :   0.3210   Lambda : -0.781D-02
Largest |displ|/coords:  0.1373 (   6)  0.1321 (   7)  0.0955 (   5)
................................................................................
.............................. CYCLE   19 ......................................
................................................................................
   1    -41.1183885 -0.411184E+02  0.500E-01    9.45       0.0  T
   2    -41.1185163 -0.127759E-03  0.378E-01    9.44       1.0  T
   3    -41.1186181 -0.101817E-03  0.716E-02    9.42       1.0  T
   4    -41.1186334 -0.152746E-04  0.216E-02    9.43       1.1  T
   5    -41.1186338 -0.410066E-06  0.826E-03    9.43       2.8  T
   6    -41.1186338 -0.387369E-07  0.406E-03    9.43       5.6  T
   7    -41.1186338 -0.188925E-07  0.109E-03    9.43      21.0  T
speedup  1.14
cpu  time for SCC    0.00 s
wall time for SCC    0.00 s
speedup  1.05
cpu  time for grad    0.01 s
wall time for grad    0.01 s
 E :    -40.90665633  G :  0.057227    pred/act E change: -0.385D-02 -0.752D-03
Maxdispl :   0.1231   ||displ|| :   0.2648   Lambda : -0.540D-02
Largest |displ|/coords:  0.1231 (   7)  0.1117 (   6)  0.1096 (   1)
................................................................................
.............................. CYCLE   20 ......................................
................................................................................
   1    -41.1022781 -0.411023E+02  0.377E-01    9.30       0.0  T
   2    -41.1023629 -0.848121E-04  0.283E-01    9.30       1.0  T
   3    -41.1024286 -0.656673E-04  0.601E-02    9.31       1.0  T
   4    -41.1024385 -0.993570E-05  0.140E-02    9.31       1.6  T
   5    -41.1024386 -0.143632E-06  0.660E-03    9.31       3.5  T
   6    -41.1024387 -0.495546E-07  0.260E-03    9.31       8.8  T
   7    -41.1024387 -0.778076E-08  0.843E-04    9.31      27.2  T
speedup  1.19
cpu  time for SCC    0.00 s
wall time for SCC    0.00 s
speedup  1.08
cpu  time for grad    0.01 s
wall time for grad    0.01 s
 E :    -40.90781661  G :  0.035483    pred/act E change: -0.431D-02 -0.116D-02
Maxdispl :   0.0630   ||displ|| :   0.1120   Lambda : -0.144D-02
Largest |displ|/coords:  0.0630 (   2)  0.0513 (   6)  0.0459 (   5)
................................................................................
.............................. CYCLE   21 ......................................
................................................................................
   1    -41.1098018 -0.411098E+02  0.132E-01    9.36       0.0  T
   2    -41.1098198 -0.179576E-04  0.985E-02    9.36       1.0  T
   3    -41.1098310 -0.112116E-04  0.277E-02    9.36       1.0  T
   4    -41.1098328 -0.183365E-05  0.705E-03    9.36       3.3  T
   5    -41.1098329 -0.667581E-07  0.290E-03    9.36       7.9  T
   6    -41.1098329 -0.552472E-08  0.149E-03    9.36      15.4  T
speedup  0.83
cpu  time for SCC    0.00 s
wall time for SCC    0.00 s
speedup  0.91
cpu  time for grad    0.01 s
wall time for grad    0.01 s
 E :    -40.90864292  G :  0.010502    pred/act E change: -0.289D-02 -0.826D-03
Maxdispl :   0.1252   ||displ|| :   0.2041   Lambda : -0.482D-03
Largest |displ|/coords:  0.1252 (   2)  0.0928 (   3)  0.0805 (   1)
................................................................................
.............................. CYCLE   22 ......................................
................................................................................
   1    -41.1116599 -0.411117E+02  0.142E-01    9.37       0.0  T
   2    -41.1116731 -0.132304E-04  0.107E-01    9.37       1.0  T
   3    -41.1116793 -0.625053E-05  0.225E-02    9.37       1.0  T
   4    -41.1116814 -0.204136E-05  0.742E-03    9.38       3.1  T
   5    -41.1116815 -0.811770E-07  0.260E-03    9.37       8.8  T
   6    -41.1116815 -0.640178E-08  0.147E-03    9.37      15.6  T
speedup  1.05
cpu  time for SCC    0.00 s
wall time for SCC    0.00 s
speedup  1.01
cpu  time for grad    0.01 s
wall time for grad    0.01 s
 E :    -40.90900734  G :  0.017143    pred/act E change: -0.730D-03 -0.364D-03
Maxdispl :   0.2934   ||displ|| :   0.5357   Lambda : -0.121D-02
Largest |displ|/coords:  0.2934 (   2)  0.2383 (   3)  0.2381 (   1)
................................................................................
.............................. CYCLE   23 ......................................
................................................................................
   1    -41.1133535 -0.411134E+02  0.367E-01    9.37       0.0  T
   2    -41.1134474 -0.938798E-04  0.275E-01    9.37       1.0  T
   3    -41.1134889 -0.414699E-04  0.623E-02    9.35       1.0  T
   4    -41.1135030 -0.140898E-04  0.204E-02    9.35       1.1  T
   5    -41.1135036 -0.636774E-06  0.686E-03    9.35       3.3  T
   6    -41.1135036 -0.412124E-07  0.392E-03    9.35       5.8  T
   7    -41.1135037 -0.209298E-07  0.954E-04    9.35      24.0  T
   8    -41.1135037 -0.233348E-08  0.278E-04    9.35      82.4  T
speedup  1.02
cpu  time for SCC    0.01 s
wall time for SCC    0.00 s
speedup  1.00
cpu  time for grad    0.01 s
wall time for grad    0.01 s
 E :    -40.90997995  G :  0.026553    pred/act E change: -0.251D-03 -0.973D-03
Maxdispl :   0.2728   ||displ|| :   0.6078   Lambda : -0.191D-02
Largest |displ|/coords:  0.2728 (   2)  0.2721 (   3)  0.2711 (   1)
................................................................................
.............................. CYCLE   24 ......................................
................................................................................
   1    -41.1189741 -0.411190E+02  0.442E-01    9.31       0.0  T
   2    -41.1191170 -0.142860E-03  0.332E-01    9.29       1.0  T
   3    -41.1191872 -0.702023E-04  0.836E-02    9.22       1.0  T
   4    -41.1192067 -0.194722E-04  0.269E-02    9.22       1.0  T
   5    -41.1192078 -0.116097E-05  0.898E-03    9.23       2.6  T
   6    -41.1192079 -0.607734E-07  0.499E-03    9.23       4.6  T
   7    -41.1192079 -0.338447E-07  0.118E-03    9.23      19.4  T
speedup  0.91
cpu  time for SCC    0.00 s
wall time for SCC    0.00 s
speedup  1.05
cpu  time for grad    0.01 s
wall time for grad    0.01 s
 E :    -40.91111419  G :  0.025367    pred/act E change: -0.776D-03 -0.113D-02
Maxdispl :   0.1550   ||displ|| :   0.2867   Lambda : -0.167D-02
Largest |displ|/coords:  0.1550 (   3)  0.0991 (   1)  0.0813 (   5)
................................................................................
.............................. CYCLE   25 ......................................
................................................................................
   1    -41.1200304 -0.411200E+02  0.264E-01    9.14       0.0  T
   2    -41.1200529 -0.224461E-04  0.197E-01    9.15       1.0  T
   3    -41.1200683 -0.154181E-04  0.343E-02    9.15       1.0  T
   4    -41.1200710 -0.276013E-05  0.110E-02    9.15       2.1  T
   5    -41.1200712 -0.171494E-06  0.369E-03    9.15       6.2  T
   6    -41.1200712 -0.932430E-08  0.214E-03    9.15      10.7  T
speedup  0.81
cpu  time for SCC    0.00 s
wall time for SCC    0.00 s
speedup  0.90
cpu  time for grad    0.01 s
wall time for grad    0.01 s
 E :    -40.91164607  G :  0.023749    pred/act E change: -0.131D-02 -0.532D-03
Maxdispl :   0.1090   ||displ|| :   0.2010   Lambda : -0.127D-02
Largest |displ|/coords:  0.1090 (   3)  0.0661 (  10)  0.0630 (  30)

generating ANC from model Hessian ...
 Shifting diagonal of input Hessian by   4.952857473908055E-003
 Lowest  eigenvalues of input Hessian
   -0.000000   -0.000000   -0.000000    0.000000    0.000000    0.000000
    0.005000    0.005211    0.005755    0.006060    0.006538    0.006600
    0.007439    0.010688    0.010888    0.012254    0.014381    0.015428
 Highest eigenvalues
    1.409241    1.413720    1.448670    2.651429    3.289810    3.743827
 
cpu  time for ANC gen    0.01 s
wall time for ANC gen    0.01 s
................................................................................
.............................. CYCLE   26 ......................................
................................................................................
   1    -41.1207762 -0.411208E+02  0.176E-01    9.13       0.0  T
   2    -41.1207970 -0.207576E-04  0.131E-01    9.12       1.0  T
   3    -41.1208075 -0.104882E-04  0.323E-02    9.08       1.0  T
   4    -41.1208098 -0.231561E-05  0.110E-02    9.09       2.1  T
   5    -41.1208100 -0.198788E-06  0.309E-03    9.09       7.4  T
   6    -41.1208100 -0.675116E-08  0.168E-03    9.09      13.7  T
   7    -41.1208100 -0.366357E-08  0.541E-04    9.09      42.4  T
   8    -41.1208100 -0.330964E-09  0.153E-04    9.09     150.2  T
speedup  1.02
cpu  time for SCC    0.00 s
wall time for SCC    0.00 s
speedup  0.97
cpu  time for grad    0.01 s
wall time for grad    0.01 s
 E :    -40.91207549  G :  0.020893    pred/act E change:  0.000D+00 -0.429D-03
Maxdispl :   0.1441   ||displ|| :   0.2798   Lambda : -0.160D-02
Largest |displ|/coords:  0.1441 (  13)  0.1159 (   1)  0.0885 (   4)
................................................................................
.............................. CYCLE   27 ......................................
................................................................................
   1    -41.1201549 -0.411202E+02  0.319E-01    9.08       0.0  T
   2    -41.1201673 -0.123573E-04  0.241E-01    9.08       1.0  T
   3    -41.1201780 -0.106707E-04  0.255E-02    9.08       1.0  T
   4    -41.1201796 -0.161184E-05  0.870E-03    9.08       2.6  T
   5    -41.1201797 -0.813057E-07  0.333E-03    9.08       6.9  T
   6    -41.1201797 -0.462600E-08  0.157E-03    9.08      14.6  T
speedup  1.08
cpu  time for SCC    0.00 s
wall time for SCC    0.00 s
speedup  1.01
cpu  time for grad    0.01 s
wall time for grad    0.01 s
 E :    -40.91316971  G :  0.014933    pred/act E change:  0.000D+00 -0.109D-02
Maxdispl :   0.1465   ||displ|| :   0.2717   Lambda : -0.807D-03
Largest |displ|/coords:  0.1465 (   1)  0.0959 (  13)  0.0882 (  11)
................................................................................
.............................. CYCLE   28 ......................................
................................................................................
   1    -41.1198986 -0.411199E+02  0.257E-01    9.05       0.0  T
   2    -41.1199025 -0.392658E-05  0.192E-01    9.06       1.0  T
   3    -41.1199042 -0.173730E-05  0.167E-02    9.06       1.4  T
   4    -41.1199050 -0.739854E-06  0.547E-03    9.06       4.2  T
   5    -41.1199050 -0.247674E-07  0.166E-03    9.06      13.9  T
   6    -41.1199050 -0.104778E-08  0.794E-04    9.06      28.9  T
speedup  1.05
cpu  time for SCC    0.00 s
wall time for SCC    0.00 s
speedup  1.00
cpu  time for grad    0.01 s
wall time for grad    0.01 s
 E :    -40.91372264  G :  0.017135    pred/act E change: -0.861D-03 -0.553D-03
Maxdispl :   0.1554   ||displ|| :   0.2790   Lambda : -0.743D-03
Largest |displ|/coords:  0.1554 (   1)  0.1104 (   6)  0.0918 (   5)
................................................................................
.............................. CYCLE   29 ......................................
................................................................................
   1    -41.1210630 -0.411211E+02  0.225E-01    9.05       0.0  T
   2    -41.1210692 -0.624320E-05  0.169E-01    9.05       1.0  T
   3    -41.1210735 -0.429176E-05  0.191E-02    9.05       1.2  T
   4    -41.1210744 -0.907625E-06  0.863E-03    9.05       2.7  T
   5    -41.1210744 -0.472240E-07  0.202E-03    9.05      11.3  T
   6    -41.1210745 -0.264323E-08  0.127E-03    9.05      18.0  T
speedup  1.08
cpu  time for SCC    0.00 s
wall time for SCC    0.00 s
speedup  1.01
cpu  time for grad    0.01 s
wall time for grad    0.01 s
 E :    -40.91418139  G :  0.010681    pred/act E change: -0.433D-03 -0.459D-03
Maxdispl :   0.2527   ||displ|| :   0.3828   Lambda : -0.637D-03
Largest |displ|/coords:  0.2527 (   1)  0.1308 (  13)  0.0994 (   2)
................................................................................
.............................. CYCLE   30 ......................................
................................................................................
   1    -41.1187249 -0.411187E+02  0.311E-01    9.02       0.0  T
   2    -41.1187324 -0.752914E-05  0.232E-01    9.02       1.0  T
   3    -41.1187371 -0.465776E-05  0.249E-02    9.01       1.0  T
   4    -41.1187382 -0.112849E-05  0.811E-03    9.01       2.8  T
   5    -41.1187383 -0.401854E-07  0.243E-03    9.01       9.4  T
   6    -41.1187383 -0.535739E-08  0.139E-03    9.02      16.5  T
speedup  0.81
cpu  time for SCC    0.00 s
wall time for SCC    0.00 s
speedup  1.01
cpu  time for grad    0.01 s
wall time for grad    0.01 s
 E :    -40.91450787  G :  0.017421    pred/act E change: -0.401D-03 -0.326D-03
Maxdispl :   0.0891   ||displ|| :   0.1586   Lambda : -0.524D-03
Largest |displ|/coords:  0.0891 (   1)  0.0865 (   9)  0.0545 (   3)
................................................................................
.............................. CYCLE   31 ......................................
................................................................................
   1    -41.1232045 -0.411232E+02  0.944E-02    9.02       0.0  T
   2    -41.1232084 -0.380360E-05  0.711E-02    9.02       1.0  T
   3    -41.1232111 -0.273085E-05  0.138E-02    9.01       1.7  T
   4    -41.1232116 -0.490858E-06  0.446E-03    9.02       5.1  T
   5    -41.1232116 -0.116175E-07  0.134E-03    9.02      17.1  T
   6    -41.1232116 -0.895774E-09  0.745E-04    9.02      30.8  T
speedup  0.81
cpu  time for SCC    0.00 s
wall time for SCC    0.00 s
speedup  0.90
cpu  time for grad    0.01 s
wall time for grad    0.01 s
 E :    -40.91463417  G :  0.014934    pred/act E change: -0.365D-03 -0.126D-03
Maxdispl :   0.1879   ||displ|| :   0.2410   Lambda : -0.676D-03
Largest |displ|/coords:  0.1879 (   1)  0.0815 (   9)  0.0610 (   5)
................................................................................
.............................. CYCLE   32 ......................................
................................................................................
   1    -41.1223779 -0.411224E+02  0.221E-01    9.04       0.0  T
   2    -41.1223851 -0.712087E-05  0.167E-01    9.04       1.0  T
   3    -41.1223935 -0.840669E-05  0.189E-02    9.03       1.2  T
   4    -41.1223940 -0.521183E-06  0.756E-03    9.04       3.0  T
   5    -41.1223940 -0.505610E-07  0.250E-03    9.04       9.2  T
   6    -41.1223940 -0.479218E-08  0.129E-03    9.04      17.7  T
speedup  1.08
cpu  time for SCC    0.00 s
wall time for SCC    0.00 s
speedup  1.01
cpu  time for grad    0.01 s
wall time for grad    0.01 s
 E :    -40.91481107  G :  0.017510    pred/act E change: -0.269D-03 -0.177D-03
Maxdispl :   0.0667   ||displ|| :   0.1196   Lambda : -0.434D-03
Largest |displ|/coords:  0.0667 (   1)  0.0488 (  12)  0.0462 (   4)
................................................................................
.............................. CYCLE   33 ......................................
................................................................................
   1    -41.1211762 -0.411212E+02  0.129E-01    9.01       0.0  T
   2    -41.1211797 -0.348432E-05  0.981E-02    9.02       1.0  T
   3    -41.1211830 -0.329742E-05  0.117E-02    9.03       2.0  T
   4    -41.1211834 -0.370555E-06  0.480E-03    9.02       4.8  T
   5    -41.1211834 -0.261198E-07  0.142E-03    9.02      16.2  T
   6    -41.1211834 -0.168353E-08  0.763E-04    9.02      30.1  T
speedup  0.83
cpu  time for SCC    0.00 s
wall time for SCC    0.00 s
speedup  1.03
cpu  time for grad    0.01 s
wall time for grad    0.01 s
 E :    -40.91503343  G :  0.009826    pred/act E change: -0.358D-03 -0.222D-03
Maxdispl :   0.0517   ||displ|| :   0.0852   Lambda : -0.178D-03
Largest |displ|/coords:  0.0517 (   1)  0.0323 (   5)  0.0275 (  13)
................................................................................
.............................. CYCLE   34 ......................................
................................................................................
   1    -41.1226510 -0.411227E+02  0.620E-02    9.02       0.0  T
   2    -41.1226524 -0.144154E-05  0.462E-02    9.02       1.0  T
   3    -41.1226532 -0.777175E-06  0.899E-03    9.03       2.6  T
   4    -41.1226534 -0.193143E-06  0.338E-03    9.03       6.8  T
   5    -41.1226534 -0.745721E-08  0.687E-04    9.03      33.4  T
   6    -41.1226534 -0.365610E-09  0.413E-04    9.03      55.5  T
speedup  1.11
cpu  time for SCC    0.00 s
wall time for SCC    0.00 s
speedup  1.02
cpu  time for grad    0.01 s
wall time for grad    0.01 s
 E :    -40.91515547  G :  0.005464    pred/act E change: -0.220D-03 -0.122D-03
Maxdispl :   0.3212   ||displ|| :   0.3768   Lambda : -0.315D-03
Largest |displ|/coords:  0.3212 (   1)  0.0990 (  12)  0.0841 (   4)
................................................................................
.............................. CYCLE   35 ......................................
................................................................................
   1    -41.1221001 -0.411221E+02  0.241E-01    9.00       0.0  T
   2    -41.1221034 -0.335378E-05  0.181E-01    9.01       1.0  T
   3    -41.1221059 -0.242656E-05  0.140E-02    9.02       1.6  T
   4    -41.1221064 -0.494756E-06  0.549E-03    9.02       4.2  T
   5    -41.1221064 -0.214846E-07  0.167E-03    9.02      13.7  T
   6    -41.1221064 -0.124513E-08  0.879E-04    9.02      26.1  T
speedup  1.08
cpu  time for SCC    0.00 s
wall time for SCC    0.00 s
speedup  1.01
cpu  time for grad    0.01 s
wall time for grad    0.01 s
 E :    -40.91538917  G :  0.008346    pred/act E change: -0.899D-04 -0.234D-03
Maxdispl :   0.3444   ||displ|| :   0.3924   Lambda : -0.288D-03
Largest |displ|/coords:  0.3444 (   1)  0.0817 (  12)  0.0787 (  30)
................................................................................
.............................. CYCLE   36 ......................................
................................................................................
   1    -41.1223172 -0.411223E+02  0.224E-01    8.99       0.0  T
   2    -41.1223202 -0.292558E-05  0.167E-01    9.00       1.0  T
   3    -41.1223228 -0.267704E-05  0.160E-02    9.01       1.4  T
   4    -41.1223231 -0.289866E-06  0.534E-03    9.01       4.3  T
   5    -41.1223231 -0.185262E-07  0.160E-03    9.01      14.3  T
   6    -41.1223231 -0.214898E-08  0.929E-04    9.01      24.7  T
speedup  1.05
cpu  time for SCC    0.00 s
wall time for SCC    0.00 s
speedup  0.99
cpu  time for grad    0.01 s
wall time for grad    0.01 s
 E :    -40.91558006  G :  0.009163    pred/act E change: -0.180D-03 -0.191D-03
Maxdispl :   0.2515   ||displ|| :   0.2940   Lambda : -0.231D-03
Largest |displ|/coords:  0.2515 (   1)  0.0664 (   9)  0.0577 (  12)
................................................................................
.............................. CYCLE   37 ......................................
................................................................................
   1    -41.1235502 -0.411236E+02  0.151E-01    8.99       0.0  T
   2    -41.1235523 -0.208380E-05  0.111E-01    8.99       1.0  T
   3    -41.1235541 -0.182853E-05  0.155E-02    9.00       1.5  T
   4    -41.1235543 -0.175306E-06  0.217E-03    9.00      10.5  T
   5    -41.1235543 -0.653530E-08  0.127E-03    9.00      18.1  T
speedup  0.97
cpu  time for SCC    0.00 s
wall time for SCC    0.00 s
speedup  0.98
cpu  time for grad    0.01 s
wall time for grad    0.01 s
 E :    -40.91575271  G :  0.006615    pred/act E change: -0.166D-03 -0.173D-03
Maxdispl :   0.4374   ||displ|| :   0.5379   Lambda : -0.296D-03
Largest |displ|/coords:  0.4374 (   1)  0.1361 (   9)  0.1227 (  12)
................................................................................
.............................. CYCLE   38 ......................................
................................................................................
   1    -41.1208171 -0.411208E+02  0.282E-01    8.95       0.0  T
   2    -41.1208225 -0.544771E-05  0.211E-01    8.96       1.0  T
   3    -41.1208283 -0.571205E-05  0.214E-02    8.98       1.1  T
   4    -41.1208287 -0.419635E-06  0.511E-03    8.98       4.5  T
   5    -41.1208287 -0.248425E-07  0.244E-03    8.98       9.4  T
   6    -41.1208287 -0.631388E-08  0.124E-03    8.98      18.5  T
speedup  1.08
cpu  time for SCC    0.00 s
wall time for SCC    0.00 s
speedup  1.01
cpu  time for grad    0.01 s
wall time for grad    0.01 s
 E :    -40.91586171  G :  0.013276    pred/act E change: -0.126D-03 -0.109D-03
Maxdispl :   0.1056   ||displ|| :   0.1842   Lambda : -0.418D-03
Largest |displ|/coords:  0.1056 (   1)  0.0955 (   9)  0.0501 (  18)
................................................................................
.............................. CYCLE   39 ......................................
................................................................................
   1    -41.1242281 -0.411242E+02  0.105E-01    9.00       0.0  T
   2    -41.1242329 -0.479156E-05  0.781E-02    9.00       1.0  T
   3    -41.1242361 -0.314877E-05  0.205E-02    9.01       1.1  T
   4    -41.1242367 -0.590788E-06  0.613E-03    9.01       3.7  T
   5    -41.1242367 -0.364082E-07  0.150E-03    9.01      15.3  T
   6    -41.1242367 -0.135017E-08  0.960E-04    9.01      23.9  T
speedup  0.81
cpu  time for SCC    0.00 s
wall time for SCC    0.00 s
speedup  1.02
cpu  time for grad    0.01 s
wall time for grad    0.01 s
 E :    -40.91603453  G :  0.010018    pred/act E change: -0.191D-03 -0.173D-03
Maxdispl :   0.2904   ||displ|| :   0.3396   Lambda : -0.313D-03
Largest |displ|/coords:  0.2904 (   1)  0.0879 (   9)  0.0577 (  30)
................................................................................
.............................. CYCLE   40 ......................................
................................................................................
   1    -41.1227278 -0.411227E+02  0.179E-01    9.00       0.0  T
   2    -41.1227326 -0.483129E-05  0.134E-01    9.01       1.0  T
   3    -41.1227375 -0.486741E-05  0.153E-02    9.01       1.5  T
   4    -41.1227380 -0.507370E-06  0.604E-03    9.01       3.8  T
   5    -41.1227380 -0.409269E-07  0.216E-03    9.01      10.6  T
   6    -41.1227380 -0.421000E-08  0.122E-03    9.01      18.8  T
speedup  1.11
cpu  time for SCC    0.00 s
wall time for SCC    0.00 s
speedup  1.02
cpu  time for grad    0.01 s
wall time for grad    0.01 s
 E :    -40.91616755  G :  0.012693    pred/act E change: -0.216D-03 -0.133D-03
Maxdispl :   0.3171   ||displ|| :   0.3812   Lambda : -0.386D-03
Largest |displ|/coords:  0.3171 (   1)  0.1165 (   9)  0.1018 (   3)
................................................................................
.............................. CYCLE   41 ......................................
................................................................................
   1    -41.1222505 -0.411223E+02  0.172E-01    9.01       0.0  T
   2    -41.1222566 -0.605624E-05  0.129E-01    9.01       1.0  T
   3    -41.1222600 -0.342791E-05  0.196E-02    9.01       1.2  T
   4    -41.1222609 -0.955249E-06  0.642E-03    9.01       3.6  T
   5    -41.1222610 -0.546202E-07  0.173E-03    9.01      13.2  T
   6    -41.1222610 -0.232327E-08  0.105E-03    9.01      21.9  T
speedup  1.08
cpu  time for SCC    0.00 s
wall time for SCC    0.00 s
speedup  1.01
cpu  time for grad    0.01 s
wall time for grad    0.01 s
 E :    -40.91645196  G :  0.012475    pred/act E change: -0.175D-03 -0.284D-03
Maxdispl :   0.3441   ||displ|| :   0.4851   Lambda : -0.647D-03
Largest |displ|/coords:  0.3441 (   1)  0.2104 (   3)  0.1683 (   9)
................................................................................
.............................. CYCLE   42 ......................................
................................................................................
   1    -41.1202471 -0.411202E+02  0.260E-01    9.04       0.0  T
   2    -41.1202643 -0.171609E-04  0.196E-01    9.05       1.0  T
   3    -41.1202745 -0.102104E-04  0.319E-02    9.05       1.0  T
   4    -41.1202774 -0.293720E-05  0.119E-02    9.05       1.9  T
   5    -41.1202775 -0.138567E-06  0.301E-03    9.05       7.6  T
   6    -41.1202775 -0.730024E-08  0.180E-03    9.05      12.8  T
   7    -41.1202776 -0.357270E-08  0.523E-04    9.05      43.9  T
speedup  0.93
cpu  time for SCC    0.00 s
wall time for SCC    0.00 s
speedup  0.95
cpu  time for grad    0.01 s
wall time for grad    0.01 s
 E :    -40.91691622  G :  0.019615    pred/act E change: -0.221D-03 -0.464D-03
Maxdispl :   0.2394   ||displ|| :   0.4602   Lambda : -0.836D-03
Largest |displ|/coords:  0.2394 (   3)  0.2348 (   1)  0.2029 (   9)
................................................................................
.............................. CYCLE   43 ......................................
................................................................................
   1    -41.1226816 -0.411227E+02  0.316E-01    9.04       0.0  T
   2    -41.1227071 -0.254818E-04  0.237E-01    9.04       1.0  T
   3    -41.1227211 -0.140055E-04  0.388E-02    9.04       1.0  T
   4    -41.1227252 -0.411028E-05  0.165E-02    9.04       1.4  T
   5    -41.1227254 -0.234133E-06  0.320E-03    9.04       7.2  T
   6    -41.1227254 -0.834302E-08  0.196E-03    9.04      11.7  T
   7    -41.1227254 -0.445236E-08  0.610E-04    9.04      37.6  T
speedup  1.16
cpu  time for SCC    0.00 s
wall time for SCC    0.00 s
speedup  1.05
cpu  time for grad    0.01 s
wall time for grad    0.01 s
 E :    -40.91733568  G :  0.023831    pred/act E change: -0.400D-03 -0.419D-03
Maxdispl :   0.3698   ||displ|| :   0.4783   Lambda : -0.944D-03
Largest |displ|/coords:  0.3698 (   1)  0.1505 (   9)  0.1019 (  13)
................................................................................
.............................. CYCLE   44 ......................................
................................................................................
   1    -41.1161764 -0.411162E+02  0.278E-01    9.03       0.0  T
   2    -41.1161972 -0.208742E-04  0.210E-01    9.04       1.0  T
   3    -41.1162176 -0.203745E-04  0.341E-02    9.05       1.0  T
   4    -41.1162202 -0.256492E-05  0.129E-02    9.05       1.8  T
   5    -41.1162204 -0.175656E-06  0.416E-03    9.05       5.5  T
   6    -41.1162204 -0.128874E-07  0.215E-03    9.05      10.7  T
speedup  1.08
cpu  time for SCC    0.00 s
wall time for SCC    0.00 s
speedup  1.00
cpu  time for grad    0.01 s
wall time for grad    0.01 s
 E :    -40.91748046  G :  0.037338    pred/act E change: -0.506D-03 -0.145D-03
Maxdispl :   0.2277   ||displ|| :   0.3742   Lambda : -0.263D-02
Largest |displ|/coords:  0.2277 (   3)  0.1403 (   1)  0.1305 (   6)
................................................................................
.............................. CYCLE   45 ......................................
................................................................................
   1    -41.1236871 -0.411237E+02  0.309E-01    9.42       0.0  T
   2    -41.1237256 -0.384787E-04  0.225E-01    9.44       1.0  T
   3    -41.1237494 -0.238095E-04  0.522E-02    9.48       1.0  T
   4    -41.1237532 -0.378238E-05  0.136E-02    9.47       1.7  T
   5    -41.1237535 -0.317922E-06  0.427E-03    9.47       5.4  T
   6    -41.1237535 -0.994494E-08  0.246E-03    9.47       9.3  T
speedup  0.81
cpu  time for SCC    0.00 s
wall time for SCC    0.00 s
speedup  1.00
cpu  time for grad    0.01 s
wall time for grad    0.01 s
 E :    -40.91728790  G :  0.037356    pred/act E change: -0.580D-03  0.193D-03
Maxdispl :   0.1140   ||displ|| :   0.2519   Lambda : -0.246D-02
Largest |displ|/coords:  0.1140 (   1)  0.1114 (   9)  0.1016 (   3)
................................................................................
.............................. CYCLE   46 ......................................
................................................................................
   1    -41.1234720 -0.411235E+02  0.223E-01    9.21       0.0  T
   2    -41.1234877 -0.157214E-04  0.166E-01    9.19       1.0  T
   3    -41.1234987 -0.109755E-04  0.331E-02    9.16       1.0  T
   4    -41.1235005 -0.184330E-05  0.103E-02    9.17       2.2  T
   5    -41.1235006 -0.137494E-06  0.277E-03    9.17       8.3  T
   6    -41.1235007 -0.559850E-08  0.175E-03    9.17      13.1  T
speedup  1.08
cpu  time for SCC    0.00 s
wall time for SCC    0.00 s
speedup  0.99
cpu  time for grad    0.01 s
wall time for grad    0.01 s
 E :    -40.91853016  G :  0.009925    pred/act E change: -0.150D-02 -0.124D-02
Maxdispl :   0.1074   ||displ|| :   0.1615   Lambda : -0.436D-03
Largest |displ|/coords:  0.1074 (   4)  0.0558 (  13)  0.0538 (   2)
................................................................................
.............................. CYCLE   47 ......................................
................................................................................
   1    -41.1220579 -0.411221E+02  0.135E-01    9.16       0.0  T
   2    -41.1220660 -0.815819E-05  0.101E-01    9.16       1.0  T
   3    -41.1220718 -0.577873E-05  0.204E-02    9.17       1.1  T
   4    -41.1220729 -0.109374E-05  0.603E-03    9.17       3.8  T
   5    -41.1220729 -0.381596E-07  0.226E-03    9.17      10.1  T
   6    -41.1220729 -0.415361E-08  0.121E-03    9.17      18.9  T
speedup  1.08
cpu  time for SCC    0.00 s
wall time for SCC    0.00 s
speedup  1.01
cpu  time for grad    0.01 s
wall time for grad    0.01 s
 E :    -40.91870645  G :  0.016611    pred/act E change: -0.131D-02 -0.176D-03
Maxdispl :   0.3398   ||displ|| :   0.4484   Lambda : -0.493D-03
Largest |displ|/coords:  0.3398 (   1)  0.1795 (   9)  0.0940 (   6)
................................................................................
.............................. CYCLE   48 ......................................
................................................................................
   1    -41.1186666 -0.411187E+02  0.239E-01    9.02       0.0  T
   2    -41.1186834 -0.167663E-04  0.176E-01    9.02       1.0  T
   3    -41.1186924 -0.905175E-05  0.335E-02    9.03       1.0  T
   4    -41.1186945 -0.205049E-05  0.942E-03    9.03       2.4  T
   5    -41.1186946 -0.147335E-06  0.280E-03    9.03       8.2  T
   6    -41.1186946 -0.832295E-08  0.178E-03    9.03      12.9  T
speedup  1.11
cpu  time for SCC    0.00 s
wall time for SCC    0.00 s
speedup  1.01
cpu  time for grad    0.01 s
wall time for grad    0.01 s
 E :    -40.91871626  G :  0.017870    pred/act E change: -0.224D-03 -0.981D-05
Maxdispl :   0.1827   ||displ|| :   0.2144   Lambda : -0.690D-03
Largest |displ|/coords:  0.1827 (   1)  0.0565 (   9)  0.0472 (   4)
................................................................................
.............................. CYCLE   49 ......................................
................................................................................
   1    -41.1241962 -0.411242E+02  0.104E-01    9.13       0.0  T
   2    -41.1241991 -0.288563E-05  0.754E-02    9.13       1.0  T
   3    -41.1242008 -0.166200E-05  0.170E-02    9.13       1.4  T
   4    -41.1242011 -0.300866E-06  0.432E-03    9.13       5.3  T
   5    -41.1242011 -0.207016E-07  0.111E-03    9.13      20.7  T
   6    -41.1242011 -0.117320E-08  0.678E-04    9.13      33.9  T
speedup  0.81
cpu  time for SCC    0.00 s
wall time for SCC    0.00 s
speedup  1.01
cpu  time for grad    0.01 s
wall time for grad    0.01 s
 E :    -40.91910512  G :  0.006700    pred/act E change: -0.296D-03 -0.389D-03
Maxdispl :   0.0810   ||displ|| :   0.1687   Lambda : -0.326D-03
Largest |displ|/coords:  0.0810 (  13)  0.0666 (   4)  0.0618 (   9)
................................................................................
.............................. CYCLE   50 ......................................
................................................................................
   1    -41.1238738 -0.411239E+02  0.122E-01    9.19       0.0  T
   2    -41.1238783 -0.452725E-05  0.899E-02    9.19       1.0  T
   3    -41.1238807 -0.239837E-05  0.176E-02    9.20       1.3  T
   4    -41.1238813 -0.567145E-06  0.730E-03    9.19       3.1  T
   5    -41.1238813 -0.406761E-07  0.127E-03    9.19      18.1  T
   6    -41.1238813 -0.201707E-08  0.801E-04    9.19      28.6  T
speedup  0.81
cpu  time for SCC    0.00 s
wall time for SCC    0.00 s
speedup  0.90
cpu  time for grad    0.01 s
wall time for grad    0.01 s
 E :    -40.91929027  G :  0.011975    pred/act E change: -0.361D-03 -0.185D-03
Maxdispl :   0.0665   ||displ|| :   0.1723   Lambda : -0.357D-03
Largest |displ|/coords:  0.0665 (   2)  0.0606 (  30)  0.0603 (   6)
................................................................................
.............................. CYCLE   51 ......................................
................................................................................
   1    -41.1252955 -0.411253E+02  0.119E-01    9.17       0.0  T
   2    -41.1252981 -0.255715E-05  0.893E-02    9.17       1.0  T
   3    -41.1253000 -0.189188E-05  0.139E-02    9.17       1.7  T
   4    -41.1253004 -0.399674E-06  0.444E-03    9.17       5.2  T
   5    -41.1253004 -0.176088E-07  0.142E-03    9.17      16.1  T
   6    -41.1253004 -0.134864E-08  0.769E-04    9.17      29.8  T
speedup  1.11
cpu  time for SCC    0.00 s
wall time for SCC    0.00 s
speedup  1.02
cpu  time for grad    0.01 s
wall time for grad    0.01 s
 E :    -40.91956213  G :  0.010606    pred/act E change: -0.168D-03 -0.272D-03
Maxdispl :   0.1233   ||displ|| :   0.2595   Lambda : -0.550D-03
Largest |displ|/coords:  0.1233 (  30)  0.0875 (   9)  0.0859 (  41)
................................................................................
.............................. CYCLE   52 ......................................
................................................................................
   1    -41.1254784 -0.411255E+02  0.204E-01    9.14       0.0  T
   2    -41.1254868 -0.831312E-05  0.154E-01    9.14       1.0  T
   3    -41.1254906 -0.384387E-05  0.200E-02    9.13       1.1  T
   4    -41.1254921 -0.152714E-05  0.623E-03    9.13       3.7  T
   5    -41.1254922 -0.901194E-07  0.228E-03    9.13      10.1  T
   6    -41.1254922 -0.282294E-08  0.128E-03    9.13      18.0  T
speedup  1.08
cpu  time for SCC    0.00 s
wall time for SCC    0.00 s
speedup  1.00
cpu  time for grad    0.01 s
wall time for grad    0.01 s
 E :    -40.91994347  G :  0.008714    pred/act E change: -0.184D-03 -0.381D-03
Maxdispl :   0.0811   ||displ|| :   0.1395   Lambda : -0.335D-03
Largest |displ|/coords:  0.0811 (  30)  0.0486 (   3)  0.0465 (  41)

generating ANC from model Hessian ...
 Shifting diagonal of input Hessian by   4.766127390357334E-003
 Lowest  eigenvalues of input Hessian
   -0.000000   -0.000000   -0.000000    0.000000    0.000000    0.000000
    0.005000    0.005196    0.005648    0.006375    0.006848    0.007603
    0.009793    0.011642    0.013427    0.013763    0.015807    0.017101
 Highest eigenvalues
    1.413119    1.417008    1.429300    2.719063    3.268524    3.771809
 
cpu  time for ANC gen    0.01 s
wall time for ANC gen    0.01 s
................................................................................
.............................. CYCLE   53 ......................................
................................................................................
   1    -41.1264060 -0.411264E+02  0.136E-01    9.13       0.0  T
   2    -41.1264103 -0.424969E-05  0.102E-01    9.12       1.0  T
   3    -41.1264126 -0.229258E-05  0.138E-02    9.11       1.7  T
   4    -41.1264132 -0.652872E-06  0.321E-03    9.11       7.1  T
   5    -41.1264133 -0.790651E-08  0.145E-03    9.11      15.8  T
   6    -41.1264133 -0.198492E-08  0.696E-04    9.11      33.0  T
   7    -41.1264133 -0.665970E-09  0.211E-04    9.11     108.8  T
speedup  0.93
cpu  time for SCC    0.00 s
wall time for SCC    0.00 s
speedup  0.92
cpu  time for grad    0.01 s
wall time for grad    0.01 s
 E :    -40.92016169  G :  0.005433    pred/act E change:  0.000D+00 -0.218D-03
Maxdispl :   0.1105   ||displ|| :   0.1610   Lambda : -0.306D-03
Largest |displ|/coords:  0.1105 (   6)  0.0491 (   7)  0.0485 (  12)
................................................................................
.............................. CYCLE   54 ......................................
................................................................................
   1    -41.1259714 -0.411260E+02  0.143E-01    9.10       0.0  T
   2    -41.1259736 -0.218974E-05  0.108E-01    9.10       1.0  T
   3    -41.1259764 -0.282784E-05  0.123E-02    9.10       1.9  T
   4    -41.1259765 -0.136168E-06  0.401E-03    9.10       5.7  T
   5    -41.1259765 -0.171741E-07  0.149E-03    9.10      15.4  T
   6    -41.1259765 -0.135366E-08  0.771E-04    9.10      29.8  T
speedup  1.11
cpu  time for SCC    0.00 s
wall time for SCC    0.00 s
speedup  1.02
cpu  time for grad    0.01 s
wall time for grad    0.01 s
 E :    -40.92037445  G :  0.004558    pred/act E change:  0.000D+00 -0.213D-03
Maxdispl :   0.1332   ||displ|| :   0.2118   Lambda : -0.258D-03
Largest |displ|/coords:  0.1332 (   6)  0.1050 (   2)  0.0708 (   1)
................................................................................
.............................. CYCLE   55 ......................................
................................................................................
   1    -41.1250254 -0.411250E+02  0.159E-01    9.09       0.0  T
   2    -41.1250288 -0.334316E-05  0.119E-01    9.09       1.0  T
   3    -41.1250318 -0.300881E-05  0.188E-02    9.08       1.2  T
   4    -41.1250322 -0.409546E-06  0.526E-03    9.08       4.4  T
   5    -41.1250322 -0.196305E-07  0.161E-03    9.08      14.3  T
   6    -41.1250322 -0.153575E-08  0.877E-04    9.08      26.1  T
speedup  1.03
cpu  time for SCC    0.00 s
wall time for SCC    0.00 s
speedup  0.99
cpu  time for grad    0.01 s
wall time for grad    0.01 s
 E :    -40.92053689  G :  0.007247    pred/act E change: -0.157D-03 -0.162D-03
Maxdispl :   0.1053   ||displ|| :   0.1747   Lambda : -0.203D-03
Largest |displ|/coords:  0.1053 (   2)  0.0654 (   1)  0.0588 (   6)
................................................................................
.............................. CYCLE   56 ......................................
................................................................................
   1    -41.1254656 -0.411255E+02  0.121E-01    9.06       0.0  T
   2    -41.1254683 -0.272872E-05  0.900E-02    9.05       1.0  T
   3    -41.1254696 -0.125953E-05  0.145E-02    9.05       1.6  T
   4    -41.1254700 -0.450171E-06  0.442E-03    9.05       5.2  T
   5    -41.1254700 -0.188677E-07  0.102E-03    9.05      22.5  T
   6    -41.1254700 -0.679222E-09  0.612E-04    9.05      37.5  T
speedup  1.08
cpu  time for SCC    0.00 s
wall time for SCC    0.00 s
speedup  1.05
cpu  time for grad    0.01 s
wall time for grad    0.01 s
 E :    -40.92067403  G :  0.004809    pred/act E change: -0.135D-03 -0.137D-03
Maxdispl :   0.1004   ||displ|| :   0.1662   Lambda : -0.100D-03
Largest |displ|/coords:  0.1004 (   2)  0.0719 (   6)  0.0474 (   3)
................................................................................
.............................. CYCLE   57 ......................................
................................................................................
   1    -41.1257240 -0.411257E+02  0.102E-01    9.04       0.0  T
   2    -41.1257258 -0.173732E-05  0.763E-02    9.03       1.0  T
   3    -41.1257267 -0.957369E-06  0.995E-03    9.03       2.3  T
   4    -41.1257270 -0.302037E-06  0.334E-03    9.03       6.9  T
   5    -41.1257271 -0.136074E-07  0.868E-04    9.03      26.4  T
   6    -41.1257271 -0.556227E-09  0.526E-04    9.03      43.6  T
speedup  0.81
cpu  time for SCC    0.00 s
wall time for SCC    0.00 s
speedup  1.01
cpu  time for grad    0.01 s
wall time for grad    0.01 s
 E :    -40.92074554  G :  0.004487    pred/act E change: -0.105D-03 -0.715D-04
Maxdispl :   0.1039   ||displ|| :   0.1713   Lambda : -0.755D-04
Largest |displ|/coords:  0.1039 (   2)  0.0651 (   3)  0.0644 (   6)
................................................................................
.............................. CYCLE   58 ......................................
................................................................................
   1    -41.1257777 -0.411258E+02  0.112E-01    9.03       0.0  T
   2    -41.1257792 -0.153833E-05  0.843E-02    9.03       1.0  T
   3    -41.1257805 -0.133006E-05  0.743E-03    9.02       3.1  T
   4    -41.1257807 -0.203971E-06  0.336E-03    9.03       6.8  T
   5    -41.1257807 -0.128384E-07  0.936E-04    9.03      24.5  T
   6    -41.1257807 -0.731831E-09  0.578E-04    9.03      39.7  T
speedup  0.83
cpu  time for SCC    0.00 s
wall time for SCC    0.00 s
speedup  0.90
cpu  time for grad    0.01 s
wall time for grad    0.01 s
 E :    -40.92079802  G :  0.004099    pred/act E change: -0.514D-04 -0.525D-04
Maxdispl :   0.0631   ||displ|| :   0.1201   Lambda : -0.550D-04
Largest |displ|/coords:  0.0631 (   2)  0.0555 (   3)  0.0509 (   6)
................................................................................
.............................. CYCLE   59 ......................................
................................................................................
   1    -41.1267765 -0.411268E+02  0.787E-02    9.04       0.0  T
   2    -41.1267775 -0.958488E-06  0.590E-02    9.04       1.0  T
   3    -41.1267784 -0.900235E-06  0.792E-03    9.05       2.9  T
   4    -41.1267785 -0.963986E-07  0.245E-03    9.05       9.4  T
   5    -41.1267785 -0.612179E-08  0.666E-04    9.05      34.4  T
speedup  0.97
cpu  time for SCC    0.00 s
wall time for SCC    0.00 s
speedup  0.95
cpu  time for grad    0.01 s
wall time for grad    0.01 s
 E :    -40.92083206  G :  0.002939    pred/act E change: -0.389D-04 -0.340D-04
Maxdispl :   0.0635   ||displ|| :   0.1152   Lambda : -0.338D-04
Largest |displ|/coords:  0.0635 (   2)  0.0520 (   3)  0.0497 (   6)
................................................................................
.............................. CYCLE   60 ......................................
................................................................................
   1    -41.1263278 -0.411263E+02  0.834E-02    9.06       0.0  T
   2    -41.1263287 -0.863689E-06  0.629E-02    9.06       1.0  T
   3    -41.1263297 -0.102391E-05  0.657E-03    9.07       3.5  T
   4    -41.1263298 -0.604903E-07  0.203E-03    9.07      11.3  T
   5    -41.1263298 -0.434442E-08  0.813E-04    9.07      28.2  T
   6    -41.1263298 -0.641450E-09  0.469E-04    9.07      48.9  T
speedup  1.11
cpu  time for SCC    0.00 s
wall time for SCC    0.00 s
speedup  0.98
cpu  time for grad    0.01 s
wall time for grad    0.01 s
 E :    -40.92084721  G :  0.002427    pred/act E change: -0.279D-04 -0.151D-04
Maxdispl :   0.0181   ||displ|| :   0.0413   Lambda : -0.196D-04
Largest |displ|/coords:  0.0181 (  11)  0.0147 (  10)  0.0132 (   4)
................................................................................
.............................. CYCLE   61 ......................................
................................................................................
   1    -41.1270935 -0.411271E+02  0.427E-02    9.09       0.0  T
   2    -41.1270937 -0.197146E-06  0.317E-02    9.09       1.0  T
   3    -41.1270938 -0.155267E-06  0.463E-03    9.10       4.9  T
   4    -41.1270938 -0.194998E-07  0.120E-03    9.10      19.1  T
   5    -41.1270938 -0.166160E-08  0.319E-04    9.09      72.0  T
   6    -41.1270938 -0.564526E-10  0.192E-04    9.09     119.4  T
speedup  1.08
cpu  time for SCC    0.00 s
wall time for SCC    0.00 s
speedup  0.98
cpu  time for grad    0.01 s
wall time for grad    0.01 s
 E :    -40.92085789  G :  0.001878    pred/act E change: -0.171D-04 -0.107D-04
Maxdispl :   0.0146   ||displ|| :   0.0383   Lambda : -0.112D-04
Largest |displ|/coords:  0.0146 (  11)  0.0139 (   3)  0.0133 (   6)
................................................................................
.............................. CYCLE   62 ......................................
................................................................................
   1    -41.1270608 -0.411271E+02  0.366E-02    9.10       0.0  T
   2    -41.1270610 -0.154508E-06  0.275E-02    9.10       1.0  T
   3    -41.1270611 -0.144461E-06  0.313E-03    9.11       7.3  T
   4    -41.1270611 -0.162293E-07  0.100E-03    9.11      22.9  T
   5    -41.1270611 -0.103679E-08  0.320E-04    9.11      71.6  T
speedup  1.29
cpu  time for SCC    0.00 s
wall time for SCC    0.00 s
speedup  1.05
cpu  time for grad    0.01 s
wall time for grad    0.01 s
 E :    -40.92086536  G :  0.001617    pred/act E change: -0.984D-05 -0.747D-05
Maxdispl :   0.0335   ||displ|| :   0.0633   Lambda : -0.106D-04
Largest |displ|/coords:  0.0335 (   2)  0.0285 (   3)  0.0199 (   4)
................................................................................
.............................. CYCLE   63 ......................................
................................................................................
   1    -41.1265590 -0.411266E+02  0.540E-02    9.10       0.0  T
   2    -41.1265594 -0.374445E-06  0.407E-02    9.11       1.0  T
   3    -41.1265597 -0.351216E-06  0.448E-03    9.11       5.1  T
   4    -41.1265598 -0.427870E-07  0.165E-03    9.11      13.9  T
   5    -41.1265598 -0.247796E-08  0.494E-04    9.11      46.4  T
   6    -41.1265598 -0.189345E-09  0.305E-04    9.11      75.3  T
speedup  1.08
cpu  time for SCC    0.00 s
wall time for SCC    0.00 s
speedup  0.98
cpu  time for grad    0.01 s
wall time for grad    0.01 s
 E :    -40.92087200  G :  0.001078    pred/act E change: -0.563D-05 -0.664D-05
Maxdispl :   0.0172   ||displ|| :   0.0279   Lambda : -0.337D-05
Largest |displ|/coords:  0.0172 (   2)  0.0105 (   3)  0.0098 (  12)
................................................................................
.............................. CYCLE   64 ......................................
................................................................................
   1    -41.1264322 -0.411264E+02  0.214E-02    9.11       0.0  T
   2    -41.1264323 -0.973350E-07  0.161E-02    9.11       1.4  T
   3    -41.1264323 -0.590384E-07  0.225E-03    9.11      10.2  T
   4    -41.1264323 -0.172274E-07  0.874E-04    9.11      26.3  T
   5    -41.1264324 -0.832522E-09  0.217E-04    9.11     105.5  T
speedup  0.97
cpu  time for SCC    0.00 s
wall time for SCC    0.00 s
speedup  1.05
cpu  time for grad    0.01 s
wall time for grad    0.01 s
 E :    -40.92087428  G :  0.000779    pred/act E change: -0.532D-05 -0.228D-05
Maxdispl :   0.0164   ||displ|| :   0.0234   Lambda : -0.178D-05
Largest |displ|/coords:  0.0164 (   2)  0.0091 (   3)  0.0065 (   5)
................................................................................
.............................. CYCLE   65 ......................................
................................................................................
   1    -41.1263924 -0.411264E+02  0.149E-02    9.11       0.0  T
   2    -41.1263924 -0.718519E-07  0.113E-02    9.11       2.0  T
   3    -41.1263925 -0.343797E-07  0.187E-03    9.11      12.2  T
   4    -41.1263925 -0.131869E-07  0.714E-04    9.11      32.2  T
   5    -41.1263925 -0.731738E-09  0.166E-04    9.11     137.9  T
speedup  0.97
cpu  time for SCC    0.00 s
wall time for SCC    0.00 s
speedup  1.05
cpu  time for grad    0.01 s
wall time for grad    0.01 s
 E :    -40.92087539  G :  0.000504    pred/act E change: -0.169D-05 -0.111D-05
Maxdispl :   0.0108   ||displ|| :   0.0130   Lambda : -0.711D-06
Largest |displ|/coords:  0.0108 (   2)  0.0030 (   6)  0.0029 (   3)
................................................................................
.............................. CYCLE   66 ......................................
................................................................................
   1    -41.1264307 -0.411264E+02  0.821E-03    9.11       0.0  T
   2    -41.1264307 -0.228522E-07  0.617E-03    9.11       3.7  T
   3    -41.1264307 -0.115964E-07  0.112E-03    9.11      20.5  T
   4    -41.1264308 -0.376435E-08  0.382E-04    9.11      60.0  T
   5    -41.1264308 -0.220510E-09  0.103E-04    9.11     223.8  T
speedup  0.97
cpu  time for SCC    0.00 s
wall time for SCC    0.00 s
speedup  1.05
cpu  time for grad    0.01 s
wall time for grad    0.01 s
 E :    -40.92087587  G :  0.000424    pred/act E change: -0.892D-06 -0.477D-06
Maxdispl :   0.0099   ||displ|| :   0.0126   Lambda : -0.667D-06
Largest |displ|/coords:  0.0099 (   2)  0.0044 (   3)  0.0026 (   7)
................................................................................
.............................. CYCLE   67 ......................................
................................................................................
   1    -41.1264673 -0.411265E+02  0.840E-03    9.12       0.0  T
   2    -41.1264673 -0.218020E-07  0.627E-03    9.12       3.7  T
   3    -41.1264673 -0.135069E-07  0.107E-03    9.12      21.5  T
   4    -41.1264673 -0.324602E-08  0.334E-04    9.12      68.8  T
   5    -41.1264673 -0.157058E-09  0.119E-04    9.12     193.6  T
speedup  0.97
cpu  time for SCC    0.00 s
wall time for SCC    0.00 s
speedup  0.92
cpu  time for grad    0.01 s
wall time for grad    0.01 s
 E :    -40.92087633  G :  0.000419    pred/act E change: -0.355D-06 -0.463D-06
Maxdispl :   0.0138   ||displ|| :   0.0167   Lambda : -0.688D-06
Largest |displ|/coords:  0.0138 (   2)  0.0048 (   3)  0.0045 (   7)
................................................................................
.............................. CYCLE   68 ......................................
................................................................................
   1    -41.1264109 -0.411264E+02  0.125E-02    9.12       0.0  T
   2    -41.1264110 -0.281094E-07  0.943E-03    9.12       2.4  T
   3    -41.1264110 -0.212181E-07  0.108E-03    9.12      21.2  T
   4    -41.1264110 -0.422026E-08  0.319E-04    9.12      71.9  T
   5    -41.1264110 -0.133141E-09  0.150E-04    9.12     153.4  T
speedup  0.97
cpu  time for SCC    0.00 s
wall time for SCC    0.00 s
speedup  1.05
cpu  time for grad    0.01 s
wall time for grad    0.01 s
 E :    -40.92087682  G :  0.000475    pred/act E change: -0.334D-06 -0.483D-06
Maxdispl :   0.0103   ||displ|| :   0.0146   Lambda : -0.650D-06
Largest |displ|/coords:  0.0103 (   2)  0.0057 (   7)  0.0035 (   4)
................................................................................
.............................. CYCLE   69 ......................................
................................................................................
   1    -41.1263769 -0.411264E+02  0.112E-02    9.13       0.0  T
   2    -41.1263769 -0.273618E-07  0.842E-03    9.13       2.7  T
   3    -41.1263770 -0.187299E-07  0.113E-03    9.13      20.3  T
   4    -41.1263770 -0.419736E-08  0.372E-04    9.13      61.7  T
   5    -41.1263770 -0.209539E-09  0.148E-04    9.13     154.8  T
speedup  0.97
cpu  time for SCC    0.00 s
wall time for SCC    0.00 s
speedup  0.93
cpu  time for grad    0.01 s
wall time for grad    0.01 s
 E :    -40.92087725  G :  0.000443    pred/act E change: -0.344D-06 -0.432D-06
Maxdispl :   0.0095   ||displ|| :   0.0135   Lambda : -0.450D-06
Largest |displ|/coords:  0.0095 (   2)  0.0055 (   3)  0.0046 (   7)
................................................................................
.............................. CYCLE   70 ......................................
................................................................................
   1    -41.1262585 -0.411263E+02  0.108E-02    9.13       0.0  T
   2    -41.1262585 -0.229156E-07  0.808E-03    9.13       2.8  T
   3    -41.1262586 -0.155015E-07  0.107E-03    9.13      21.5  T
   4    -41.1262586 -0.358113E-08  0.368E-04    9.13      62.3  T
   5    -41.1262586 -0.206335E-09  0.127E-04    9.13     180.1  T
speedup  1.29
cpu  time for SCC    0.00 s
wall time for SCC    0.00 s
speedup  1.05
cpu  time for grad    0.01 s
wall time for grad    0.01 s
 E :    -40.92087755  G :  0.000313    pred/act E change: -0.325D-06 -0.299D-06
Maxdispl :   0.0044   ||displ|| :   0.0083   Lambda : -0.297D-06
Largest |displ|/coords:  0.0044 (   2)  0.0039 (   7)  0.0028 (   3)
................................................................................
.............................. CYCLE   71 ......................................
................................................................................
   1    -41.1262159 -0.411262E+02  0.695E-03    9.13       0.0  T
   2    -41.1262159 -0.119774E-07  0.521E-03    9.13       4.4  T
   3    -41.1262159 -0.697133E-08  0.908E-04    9.13      25.3  T
   4    -41.1262159 -0.185940E-08  0.290E-04    9.13      79.2  T
speedup  1.20
cpu  time for SCC    0.00 s
wall time for SCC    0.00 s
speedup  1.00
cpu  time for grad    0.01 s
wall time for grad    0.01 s
 E :    -40.92087774  G :  0.000175    pred/act E change: -0.225D-06 -0.194D-06
Maxdispl :   0.0029   ||displ|| :   0.0049   Lambda : -0.142D-06
Largest |displ|/coords:  0.0029 (   3)  0.0018 (   5)  0.0014 (  15)
................................................................................
.............................. CYCLE   72 ......................................
................................................................................
   1    -41.1261997 -0.411262E+02  0.430E-03    9.13       0.0  T
   2    -41.1261997 -0.311453E-08  0.322E-03    9.13       7.1  T
   3    -41.1261997 -0.258920E-08  0.474E-04    9.13      48.4  T
   4    -41.1261997 -0.379607E-09  0.186E-04    9.13     123.3  T
speedup  1.20
cpu  time for SCC    0.00 s
wall time for SCC    0.00 s
speedup  1.00
cpu  time for grad    0.01 s
wall time for grad    0.01 s
 E :    -40.92087784  G :  0.000118    pred/act E change: -0.148D-06 -0.103D-06
Maxdispl :   0.0030   ||displ|| :   0.0056   Lambda : -0.886D-07
Largest |displ|/coords:  0.0030 (   3)  0.0022 (   5)  0.0021 (   2)
................................................................................
.............................. CYCLE   73 ......................................
................................................................................
   1    -41.1261904 -0.411262E+02  0.489E-03    9.13       0.0  T
   2    -41.1261904 -0.352660E-08  0.367E-03    9.13       6.2  T
   3    -41.1261904 -0.315380E-08  0.497E-04    9.13      46.2  T
   4    -41.1261904 -0.424848E-09  0.185E-04    9.13     124.1  T
speedup  1.20
cpu  time for SCC    0.00 s
wall time for SCC    0.00 s
speedup  1.00
cpu  time for grad    0.01 s
wall time for grad    0.01 s
 E :    -40.92087791  G :  0.000125    pred/act E change: -0.708D-07 -0.638D-07
Maxdispl :   0.0022   ||displ|| :   0.0041   Lambda : -0.562D-07
Largest |displ|/coords:  0.0022 (   3)  0.0015 (   1)  0.0013 (   9)

   *** GEOMETRY OPTIMIZATION CONVERGED AFTER 73 ITERATIONS ***

------------------------------------------------------------------------
 total energy gain (kcal):     -0.4494
------------------------------------------------------------------------
================
 final structure:
================
$coord
       -1.38043849611082        1.75949049436237       -0.35065057166536      S 
        1.29484557034104        1.78826559696718        0.73419746753709      O 
       -1.28619298724879        0.60246178921664       -2.82811916203773      O 
       -3.11780510913610        0.65447578273478        1.39157396327312      O 
       -1.98009505540093        4.60175180862201       -0.64370839960112      O 
       -0.75256525482840        5.19042610670415       -1.92149066342770      H 
        1.64215470307794        4.58918820400474       -3.97905366670532      O 
        3.11072851433533        4.24125064006390       -2.96720531004957      H 
        0.84387460529474        2.97051499376058       -4.31342155382838      H 
        0.32931946447159       -4.14493075337729       -2.09486822715206      O 
        0.85496342699954       -4.89693973380960       -3.65728728484578      H 
       -0.46709386652878       -2.53580410508299       -2.51677516028936      H 
       -1.74216211146902       -2.63043131245201        5.01476055271486      O 
       -2.58810732891481       -1.58700363814686        3.75094426262002      H 
       -1.88357865506862       -1.74113613371579        6.58746946759086      H 
        2.36282497343907       -2.49971756416024        2.19347096610460      O 
        1.02033160013273       -2.80780776035676        3.46146867812855      H 
        1.85262192826970       -3.47268164743760        0.69625518997732      H 
        1.88637405944225       -0.08137274901510        1.44243945168933      H 
$end
 
 Bond Distances (Angstroems)
 ---------------------------
S1-O2=1.5277         S1-O3=1.4478         S1-O4=1.4273         S1-O5=1.5450         O2-S1=1.5277         O2-H19=1.1033        
O3-S1=1.4478         O4-S1=1.4273         O5-S1=1.5450         O5-H6=0.9880         H6-O5=0.9880         O7-H8=0.9615         
O7-H9=0.9713         H8-O7=0.9615         H9-O7=0.9713         O10-H11=0.9588       O10-H12=0.9760       H11-O10=0.9588       
H12-O10=0.9760       O13-H14=0.9760       O13-H15=0.9590       H14-O13=0.9760       H15-O13=0.9590       O16-H17=0.9907       
O16-H18=0.9827       H17-O16=0.9907       H18-O16=0.9827       H19-O2=1.1033        
 O  H  Rav=0.9867 sigma=0.0403  Rmin=0.9588  Rmax=1.1033    10
 S  O  Rav=1.4870 sigma=0.0503  Rmin=1.4273  Rmax=1.5450     4
 
 selected bond angles (degree)
 --------------------
O3-S1-O2=108.21                O4-S1-O2=110.99                O4-S1-O3=115.71                O5-S1-O2=102.61                
O5-S1-O3=109.14                O5-S1-O4=109.35                H19-O2-S1=112.43               H6-O5-S1=103.92                
H9-O7-H8=106.50                H12-O10-H11=106.87             
 
 selected dihedral angles (degree)
 ---------------------------------
H19-O2-S1-O3=283.21           H19-O2-S1-O4= 51.20           H19-O2-S1-O5=167.91           H6-O5-S1-O2= 64.50            
H6-O5-S1-O3=309.88            H6-O5-S1-O4=182.39            
 
 CMA Distance (Angstroems)
 ---------------------------
R(CMA):  1.9446

========================================================================
 FINAL SINGLEPOINT CALCULATION ON OPTIMIZED GEOMETRY
========================================================================

 Ncao       : 52
 Nao        : 51
 Nshell     : 29
 Nel        : 64
 T(el)      :   300.0
 intcut     :    25.0
 scfconv/Eh :  0.100E-05
   qconv/e  :  0.100E-03
 intneglect :  0.100E-07
 broydamp   :      0.250
 iter      E             dE          RMSdq      gap      omega  full diag
   1    -41.1261904 -0.411262E+02  0.715E-05    9.13       0.0  T
   2    -41.1261904 -0.226663E-11  0.465E-05    9.13     493.4  T
   3    -41.1261904 -0.155609E-11  0.959E-06    9.13    2393.3  T
speedup  1.11
cpu  time for SCC    0.00 s
wall time for SCC    0.00 s

   *** convergence criteria satisfied after 3 iterations ***

          eigenvalues
 #    :          20         21         22         23         24         25         26         27
 occ. :        2.000      2.000      2.000      2.000      2.000      2.000      2.000      2.000
 eps  :       -14.467    -14.228    -14.059    -13.923    -13.429    -13.087    -12.935    -12.821
 #    :          28         29         30         31         32         33         34         35
 occ. :        2.000      2.000      2.000      2.000      2.000      0.000      0.000      0.000
 eps  :       -12.801    -12.684    -12.602    -12.400    -12.311     -3.182     -1.014     -0.665
 #    :          36         37         38         39         40         41         42         43
 occ. :        0.000      0.000      0.000      0.000      0.000      0.000      0.000      0.000
 eps  :         0.505      0.798      1.490      2.248      3.760      4.565      5.657      6.549


   #   Z            q   n(s)   n(p)   n(d)      C6AA      α(0)
   1  16 S      1.726  1.580  1.758  0.936    88.171    15.804
   2   8 O     -0.672  1.769  4.903  0.000    26.979     7.010
   3   8 O     -0.737  1.770  4.967  0.000    29.736     7.311
   4   8 O     -0.682  1.750  4.932  0.000    28.219     7.122
   5   8 O     -0.588  1.751  4.837  0.000    24.863     6.731
   6   1 H      0.386  0.614  0.000  0.000     0.504     1.112
   7   8 O     -0.592  1.740  4.852  0.000    24.994     6.747
   8   1 H      0.306  0.694  0.000  0.000     0.703     1.317
   9   1 H      0.318  0.682  0.000  0.000     0.670     1.286
  10   8 O     -0.612  1.738  4.874  0.000    25.465     6.811
  11   1 H      0.294  0.706  0.000  0.000     0.738     1.349
  12   1 H      0.317  0.683  0.000  0.000     0.671     1.287
  13   8 O     -0.598  1.739  4.858  0.000    25.133     6.766
  14   1 H      0.328  0.672  0.000  0.000     0.643     1.259
  15   1 H      0.293  0.707  0.000  0.000     0.743     1.354
  16   8 O     -0.585  1.757  4.828  0.000    24.776     6.721
  17   1 H      0.351  0.649  0.000  0.000     0.586     1.202
  18   1 H      0.348  0.652  0.000  0.000     0.594     1.211
  19   1 H      0.397  0.603  0.000  0.000     0.482     1.085

 Mol. C6AA /au·bohr⁶  :       3366.743058
 Mol. C8AA /au·bohr⁸  :      76110.104970
 Mol. α(0) /au        :         83.486792

 
 Wiberg/Mayer (AO) data. WBOs > 0.1 written file <wbo>
 largest (>0.05) Wiberg bond orders for each atom
           total WBO             WBO to atom ...
     1  S   4.809    O    4 1.424    O    3 1.311    O    2 1.039    O    5 0.993
     2  O   1.906    S    1 1.039    H   19 0.538    O    4 0.099    O    3 0.094    O   16 0.073    O    5 0.056
     3  O   1.728    S    1 1.311    O    4 0.118    O    2 0.094    O    5 0.085
     4  O   1.779    S    1 1.424    O    3 0.118    O    2 0.099    O    5 0.072
     5  O   2.003    S    1 0.993    H    6 0.750    O    3 0.085    O    4 0.072    O    2 0.056
     6  H   0.851    O    5 0.750    O    7 0.083
     7  O   1.904    H    8 0.903    H    9 0.865    H    6 0.083
     8  H   0.906    O    7 0.903
     9  H   0.899    O    7 0.865
    10  O   1.857    H   11 0.906    H   12 0.846    H   18 0.055
    11  H   0.913    O   10 0.906
    12  H   0.899    O   10 0.846
    13  O   1.888    H   15 0.910    H   14 0.847    H   17 0.074
    14  H   0.892    O   13 0.847
    15  H   0.914    O   13 0.910
    16  O   2.058    H   18 0.821    H   17 0.801    H   19 0.286    O    2 0.073
    17  H   0.877    O   16 0.801    O   13 0.074
    18  H   0.879    O   16 0.821    O   10 0.055
    19  H   0.842    O    2 0.538    O   16 0.286
 MOs/occ written to file <molden.input>
 
molecular dipole:
                 x           y           z       tot (Debye)
 q only:        0.854      -0.161       0.064
   full:        0.723       0.036      -0.143       1.876
molecular quadrupole (traceless):
                xx          xy          yy          xz          yz          zz
 q only:       -3.289       0.202      -2.163      -2.724       4.397       5.452
  q+dip:       -3.089       0.264      -4.867      -4.236       8.478       7.956
   full:       -3.435       0.027      -4.529      -4.102       8.306       7.964

SCC energy    :     -41.1261904
rep           :       0.2052316
ES            :       0.1853215
AES           :      -0.0452779
AXC           :      -0.0107227
disp          :      -0.0132608
XB            :       0.0000000
fix           :       0.0000000
total E       :     -40.9208779
atomizationE  :       3.7150651     2331.24
(atE without considering molecular charge,
 total energy contains solvation terms)
H-L gap (eV)  :          9.1292
optimized geometry written to: xtbopt.xyz


------------------------------------------------------------------------
 * finished run on 2019/09/03 at 06:55:07.460     
------------------------------------------------------------------------
 total:
 * wall-time:     0 d,  0 h,  0 min,  1.398 sec
 *  cpu-time:     0 d,  0 h,  0 min,  1.143 sec
 * ratio c/w:     0.817 speedup
 SCF:
 * wall-time:     0 d,  0 h,  0 min,  0.092 sec
 *  cpu-time:     0 d,  0 h,  0 min,  0.090 sec
 * ratio c/w:     0.973 speedup
 ANC optimizer:
 * wall-time:     0 d,  0 h,  0 min,  1.284 sec
 *  cpu-time:     0 d,  0 h,  0 min,  1.034 sec
 * ratio c/w:     0.805 speedup

