      -----------------------------------------------------------      
     |                   =====================                   |     
     |                           x T B                           |     
     |                   =====================                   |     
     |                         S. Grimme                         |     
     |          Mulliken Center for Theoretical Chemistry        |     
     |                    University of Bonn                     |     
     |                 Version 6.0.1 (SAW181210)                 |     
      -----------------------------------------------------------      

   This program is distributed in the hope that it will be useful,
   but WITHOUT ANY WARRANTY; without even the implied warranty of
   MERCHANTABILITY or FITNESS FOR A PARTICULAR PURPOSE.
   
   FOR NON-COMMERCIAL, ACADEMIA USE ONLY.
   
   Cite this work as:
   S. Grimme, C. Bannwarth, P. Shushkov, J. Comput. Theory Chem., 2017,
   13, 1989-2009.
   C. Bannwarth, S. Ehlert and S. Grimme., ChemRxiv, 2018, preprint.
   http://doi.org/10.26434/chemrxiv.7246238.v1
   
   for sTDA-xTB:
   S. Grimme and C. Bannwarth, J. Chem. Phys., 2016, 145, 054103.
   
   in the mass-spec context:
   V. Asgeirsson, C. Bauer and S. Grimme, Chem. Sci., 2017, 8, 4879.
   
   if GBSA is used:
   P. Shushkov, F. März and S. Grimme, unpublished.
   
   for ANC optimizer:
   S. Grimme, unpublished.
   Rational Function algorithm used in ANCopt:
   F. Eckert, P. Pulay, H.-J. Werner, J. Comput. Chem., 1997, 18, 1473.
   
   with help from (in alphabetical order)
   C. Bannwarth, F. Bohle, G. Brandenburg, E. Caldeweyher, M. Checinski,
   S. Dohm, S. Ehlert, S. Ehrlich, F. März, H. Neugebauer, J. Pisarek,
   P. Pracht, P. Shushkov, and S. Spicher.
   
 * started run on 2019/09/03 at 07:04:59.922     
========================================================================
 # omp threads = 1
========================================================================
number of atoms            : 19
number of electrons        : 64
charge                     : 0
spin                       : .0
first test random number   : .6567

########################################################################
# WARNING! Please study the warnings concerning your input carefully
#  - XTBPATH is not set, using XTBHOME instead
#  - the use of '-opt' is discouraged, please use '--opt' next time
#  - the use of '-chrg' is discouraged, please use '--chrg' next time
#  - the use of '-uhf' is discouraged, please use '--uhf' next time
########################################################################

           ------------------------------------------------- 
          |                 G F N 2 - x T B                 |
          | Geometry, Frequencies, Noncovalent interactions |
          |            JCTC 2018 parametrisation            |
           ------------------------------------------------- 
      method parameters     
 k(s)        :  1.8500
 k(p)        :  2.2300
 k(d)        :  2.2300
 k(f)        :  2.0000
 kEN (H0ij)  : -2.0000
 D4 a1       :  0.5200
 D4 a2       :  5.0000
 D4 s6       :  1.0000
 D4 s8       :  2.7000
 D4 s9       :  5.0000
 alphaj      :  2.0000


            Z     q(EN)     CN     RAES       Cart. coordinates
     1  S   6.0    0.64    4.27    4.19    -0.61173    -2.36778     0.23064
     2  O   6.0   -0.31    1.19    1.80     1.61808    -1.11813     1.41151
     3  O   6.0   -0.31    1.18    1.80    -2.79309    -0.58740     0.22767
     4  O   6.0   -0.29    1.21    1.80     0.01183    -3.09255    -2.41775
     5  O   6.0   -0.24    2.08    1.84    -1.27452    -4.64146     1.68101
     6  H   1.0    0.15    1.21    1.47    -1.67644    -4.17536     3.38756
     7  O   6.0   -0.28    2.04    1.83    -2.55398     3.12549    -3.31103
     8  H   1.0    0.15    0.97    1.43    -3.80677     4.42881    -3.09541
     9  H   1.0    0.18    1.04    1.43    -2.88548     1.91597    -1.99126
    10  O   6.0   -0.28    2.04    1.83     4.87483     1.72229    -1.20877
    11  H   1.0    0.18    1.04    1.43     3.96138     0.68844    -0.02076
    12  H   1.0    0.15    0.97    1.43     6.40868     2.19952    -0.35192
    13  O   6.0   -0.25    1.92    1.82    -2.43348    -1.10567     8.17253
    14  H   1.0    0.15    0.97    1.43    -1.45907     0.41232     8.41922
    15  H   1.0    0.15    0.97    1.43    -3.03979    -1.01531     6.45823
    16  O   6.0   -0.21    2.90    2.55     1.54571     0.91934    -4.78136
    17  H   1.0    0.15    1.05    1.44     1.07978    -0.85854    -4.44686
    18  H   1.0    0.14    1.04    1.44     0.07360     2.06338    -4.66271
    19  H   1.0    0.14    1.04    1.43     2.96046     1.48665    -3.70056

  Z AO/shell   Hii/eV     exponent
  1     Wed Apr 25 08:07:45 CEST 2018   EN: 2.200 GM2: 0.406  GM3: 0.0800  RAES: 1.40
     1s    -10.707211    1.230000
  8     Wed Apr 25 08:07:45 CEST 2018   EN: 3.440 GM2: 0.452  GM3:-0.0517  RAES: 1.80
     2s    -20.229985    2.439742
     2p    -15.503117    2.137023
 16     Tue Apr 24 11:44:34 CEST 2018   EN: 2.580 GM2: 0.340  GM3:-0.0502  RAES: 3.10
     3s    -20.029654    1.981333
     3p    -11.377694    2.025643
     3d     -0.420282    1.702555
 no old-style atom pair restraining (fixing) potential

molecular fragmentation (1/2 indicates fragments):
1111112222222222222
# atoms in fragment 1/2:     6    13
 fragment masses (1/2) :       97.07       73.07
CMA distance (Bohr)    :   3.732
constraining FC (au)   :  0.0500
           ------------------------------------------------- 
          |        Self-Consistent Charge Iterations        |
           ------------------------------------------------- 

 Ncao       : 52
 Nao        : 51
 Nshell     : 29
 Nel        : 64
 T(el)      :   300.0
 intcut     :    25.0
 scfconv/Eh :  0.100E-05
   qconv/e  :  0.100E-03
 intneglect :  0.100E-07
 broydamp   :      0.250
 iter      E             dE          RMSdq      gap      omega  full diag
   1    -41.0099908 -0.410100E+02  0.768E+00   10.52       0.0  T
   2    -41.0506437 -0.406529E-01  0.555E+00   10.01       1.0  T
   3    -41.0816924 -0.310487E-01  0.146E+00    8.78       1.0  T
   4    -41.0860968 -0.440441E-02  0.606E-01    8.80       1.0  T
   5    -41.0867392 -0.642333E-03  0.330E-01    8.75       1.0  T
   6    -41.0870888 -0.349590E-03  0.144E-01    8.77       1.0  T
   7    -41.0871709 -0.821397E-04  0.517E-02    8.80       1.0  T
   8    -41.0871799 -0.901710E-05  0.328E-02    8.80       1.0  T
   9    -41.0871854 -0.550140E-05  0.643E-03    8.79       3.6  T
  10    -41.0871855 -0.104829E-06  0.207E-03    8.79      11.1  T
  11    -41.0871855 -0.979267E-08  0.925E-04    8.79      24.8  T
  12    -41.0871855 -0.290788E-08  0.455E-04    8.79      50.4  T
speedup  0.94
cpu  time for SCC    0.01 s
wall time for SCC    0.01 s

   *** convergence criteria satisfied after 12 iterations ***

          eigenvalues
 #    :          20         21         22         23         24         25         26         27
 occ. :        2.000      2.000      2.000      2.000      2.000      2.000      2.000      2.000
 eps  :       -14.267    -13.955    -13.067    -12.788    -12.405    -12.348    -12.155    -11.933
 #    :          28         29         30         31         32         33         34         35
 occ. :        2.000      2.000      2.000      2.000      2.000      0.000      0.000      0.000
 eps  :       -11.550    -11.535    -11.061    -10.991    -10.774     -1.985     -0.796     -0.097
 #    :          36         37         38         39         40         41         42         43
 occ. :        0.000      0.000      0.000      0.000      0.000      0.000      0.000      0.000
 eps  :         1.006      1.475      1.962      2.035      3.952      4.091      6.695      7.193


   #   Z            q   n(s)   n(p)   n(d)      C6AA      α(0)
   1  16 S      1.575  1.585  1.855  0.986    91.669    16.114
   2   8 O     -0.762  1.776  4.986  0.000    30.458     7.399
   3   8 O     -0.763  1.779  4.984  0.000    30.488     7.403
   4   8 O     -0.735  1.766  4.969  0.000    29.673     7.303
   5   8 O     -0.538  1.717  4.821  0.000    23.718     6.575
   6   1 H      0.363  0.637  0.000  0.000     0.550     1.161
   7   8 O     -0.620  1.725  4.895  0.000    25.669     6.838
   8   1 H      0.295  0.705  0.000  0.000     0.737     1.349
   9   1 H      0.337  0.663  0.000  0.000     0.620     1.237
  10   8 O     -0.622  1.726  4.896  0.000    25.716     6.844
  11   1 H      0.338  0.662  0.000  0.000     0.617     1.234
  12   1 H      0.294  0.706  0.000  0.000     0.739     1.350
  13   8 O     -0.570  1.741  4.829  0.000    24.488     6.679
  14   1 H      0.289  0.711  0.000  0.000     0.757     1.366
  15   1 H      0.282  0.718  0.000  0.000     0.777     1.384
  16   8 O     -0.417  1.638  4.778  0.000    21.116     6.206
  17   1 H      0.418  0.582  0.000  0.000     0.454     1.058
  18   1 H      0.418  0.582  0.000  0.000     0.453     1.058
  19   1 H      0.419  0.581  0.000  0.000     0.451     1.055

 Mol. C6AA /au·bohr⁶  :       3378.572720
 Mol. C8AA /au·bohr⁸  :      76691.114128
 Mol. α(0) /au        :         83.614383

 
 Wiberg/Mayer (AO) data. WBOs > 0.1 written file <wbo>
 largest (>0.05) Wiberg bond orders for each atom
           total WBO             WBO to atom ...
     1  S   4.941    O    4 1.310    O    3 1.297    O    2 1.297    O    5 1.004
     2  O   1.671    S    1 1.297    O    3 0.115    O    4 0.114    O    5 0.074    H   11 0.052
     3  O   1.671    S    1 1.297    O    2 0.115    O    4 0.113    O    5 0.074
     4  O   1.714    S    1 1.310    O    2 0.114    O    3 0.113    H   17 0.082    O    5 0.052
     5  O   2.053    S    1 1.004    H    6 0.842    O    3 0.074    O    2 0.074    O    4 0.052
     6  H   0.868    O    5 0.842
     7  O   1.853    H    8 0.900    H    9 0.834    H   18 0.071
     8  H   0.913    O    7 0.900
     9  H   0.886    O    7 0.834
    10  O   1.850    H   12 0.900    H   11 0.831    H   19 0.070
    11  H   0.886    O   10 0.831    O    2 0.052
    12  H   0.914    O   10 0.900
    13  O   1.837    H   15 0.919    H   14 0.916
    14  H   0.917    O   13 0.916
    15  H   0.920    O   13 0.919
    16  O   2.330    H   18 0.749    H   19 0.749    H   17 0.737
    17  H   0.826    O   16 0.737    O    4 0.082
    18  H   0.825    O   16 0.749    O    7 0.071
    19  H   0.824    O   16 0.749    O   10 0.070
 MOs/occ written to file <molden.input>
 
molecular dipole:
                 x           y           z       tot (Debye)
 q only:        0.872       1.852      -1.446
   full:        0.603       1.615      -0.681       4.711
molecular quadrupole (traceless):
                xx          xy          yy          xz          yz          zz
 q only:        1.741      -0.225      -2.916      -0.948      -3.644       1.175
  q+dip:        5.537      -1.105       0.417       2.457      -1.241      -5.953
   full:        5.244      -0.803       0.541       2.414      -1.666      -5.785

SCC energy    :     -41.0871855
rep           :       0.2163594
ES            :       0.2389970
AES           :      -0.0512326
AXC           :      -0.0110463
disp          :      -0.0116496
XB            :       0.0000000
fix           :       0.0000000
total E       :     -40.8707488
atomizationE  :       3.6649360     2299.78
(atE without considering molecular charge,
 total energy contains solvation terms)
H-L gap (eV)  :          8.7885
           ------------------------------------------------- 
          |                 ===============                 |
          |                   A N C O P T                   |
          |                 ===============                 |
          |          Approximate Normal Coordinate          |
          |           Rational Function Optimizer           |
           ------------------------------------------------- 
dumping coords to <xtbopt.coord> and <xtbopt.log>
 optlevel               2
 Maxcycle             380
 Maxmicro              25
 Econv         1.000000000000000E-007
 Gconv         2.000000000000000E-004
 Maxdispl       1.00000000000000     
 Hlow          5.000000000000000E-003
 S6             20.0000000000000     
 Nvar               51

generating ANC from model Hessian ...
 Shifting diagonal of input Hessian by   5.126531634002653E-003
 Lowest  eigenvalues of input Hessian
    0.005000    0.005098   -0.000000    0.000000    0.000000    0.000000
    0.000000    0.000000    0.005255    0.005263    0.005475    0.005539
    0.005561    0.005814    0.006164    0.006253    0.006989    0.007736
 Highest eigenvalues
    1.453235    1.556945    1.558329    3.136667    3.211724    3.314256
 
cpu  time for ANC gen    0.00 s
wall time for ANC gen    0.01 s
................................................................................
.............................. CYCLE    1 ......................................
................................................................................
   1    -41.0871855 -0.410872E+02  0.115E-04    8.79       0.0  T
   2    -41.0871855 -0.184670E-10  0.846E-05    8.79     271.1  T
   3    -41.0871855 -0.117879E-10  0.323E-05    8.79     710.1  T
speedup  1.00
cpu  time for SCC    0.00 s
wall time for SCC    0.00 s
speedup  0.97
cpu  time for grad    0.01 s
wall time for grad    0.01 s
 E :    -40.87074878  G :  0.155500    pred/act E change:  0.000D+00  0.207D-07
Maxdispl :   0.2181   ||displ|| :   0.3771   Lambda : -0.182D-01
Largest |displ|/coords:  0.2181 (  20)  0.1661 (  23)  0.1107 (   7)
................................................................................
.............................. CYCLE    2 ......................................
................................................................................
   1    -41.0959001 -0.410959E+02  0.324E-01    8.92       0.0  T
   2    -41.0959948 -0.946919E-04  0.250E-01    8.96       1.0  T
   3    -41.0960355 -0.407069E-04  0.822E-02    9.04       1.0  T
   4    -41.0960468 -0.112366E-04  0.200E-02    9.04       1.1  T
   5    -41.0960474 -0.686133E-06  0.528E-03    9.03       4.3  T
   6    -41.0960475 -0.351760E-07  0.330E-03    9.03       7.0  T
speedup  1.03
cpu  time for SCC    0.00 s
wall time for SCC    0.00 s
speedup  1.02
cpu  time for grad    0.01 s
wall time for grad    0.01 s
 E :    -40.88621211  G :  0.102586    pred/act E change:  0.000D+00 -0.155D-01
Maxdispl :   0.2161   ||displ|| :   0.4016   Lambda : -0.120D-01
Largest |displ|/coords:  0.2161 (  20)  0.2077 (  23)  0.1249 (   7)
................................................................................
.............................. CYCLE    3 ......................................
................................................................................
   1    -41.0997108 -0.410997E+02  0.331E-01    9.11       0.0  T
   2    -41.0998630 -0.152189E-03  0.253E-01    9.14       1.0  T
   3    -41.0999311 -0.681304E-04  0.922E-02    9.21       1.0  T
   4    -41.0999452 -0.140506E-04  0.236E-02    9.21       1.0  T
   5    -41.0999459 -0.720655E-06  0.642E-03    9.20       3.6  T
   6    -41.0999459 -0.505894E-07  0.387E-03    9.20       5.9  T
   7    -41.0999460 -0.366632E-07  0.163E-03    9.20      14.1  T
speedup  1.16
cpu  time for SCC    0.01 s
wall time for SCC    0.00 s
speedup  0.94
cpu  time for grad    0.01 s
wall time for grad    0.01 s
 E :    -40.89553415  G :  0.062114    pred/act E change: -0.104D-01 -0.932D-02
Maxdispl :   0.1270   ||displ|| :   0.3833   Lambda : -0.519D-02
Largest |displ|/coords:  0.1270 (  23)  0.1263 (  20)  0.1197 (   7)
................................................................................
.............................. CYCLE    4 ......................................
................................................................................
   1    -41.1007001 -0.411007E+02  0.314E-01    9.22       0.0  T
   2    -41.1007995 -0.993313E-04  0.239E-01    9.24       1.0  T
   3    -41.1008405 -0.409859E-04  0.728E-02    9.30       1.0  T
   4    -41.1008525 -0.120233E-04  0.197E-02    9.29       1.2  T
   5    -41.1008530 -0.513687E-06  0.503E-03    9.29       4.6  T
   6    -41.1008530 -0.276379E-07  0.295E-03    9.29       7.8  T
speedup  0.81
cpu  time for SCC    0.00 s
wall time for SCC    0.00 s
speedup  0.92
cpu  time for grad    0.01 s
wall time for grad    0.01 s
 E :    -40.89934418  G :  0.037056    pred/act E change: -0.697D-02 -0.381D-02
Maxdispl :   0.2544   ||displ|| :   0.5382   Lambda : -0.401D-02
Largest |displ|/coords:  0.2544 (   7)  0.1857 (   5)  0.1844 (   4)
................................................................................
.............................. CYCLE    5 ......................................
................................................................................
   1    -41.1005295 -0.411005E+02  0.452E-01    9.22       0.0  T
   2    -41.1006233 -0.938793E-04  0.345E-01    9.25       1.0  T
   3    -41.1006720 -0.486923E-04  0.688E-02    9.31       1.0  T
   4    -41.1006880 -0.159881E-04  0.253E-02    9.30       1.0  T
   5    -41.1006889 -0.823807E-06  0.566E-03    9.29       4.1  T
   6    -41.1006889 -0.279661E-07  0.320E-03    9.29       7.2  T
speedup  1.08
cpu  time for SCC    0.00 s
wall time for SCC    0.00 s
speedup  1.03
cpu  time for grad    0.01 s
wall time for grad    0.01 s
 E :    -40.90120679  G :  0.035969    pred/act E change: -0.298D-02 -0.186D-02
Maxdispl :   0.3268   ||displ|| :   0.6472   Lambda : -0.604D-02
Largest |displ|/coords:  0.3268 (   9)  0.2375 (   8)  0.2063 (   2)
................................................................................
.............................. CYCLE    6 ......................................
................................................................................
   1    -41.1063549 -0.411064E+02  0.770E-01    9.10       0.0  T
   2    -41.1066202 -0.265282E-03  0.585E-01    9.14       1.0  T
   3    -41.1067536 -0.133372E-03  0.120E-01    9.17       1.0  T
   4    -41.1067934 -0.398067E-04  0.401E-02    9.20       1.0  T
   5    -41.1067964 -0.295682E-05  0.962E-03    9.19       2.4  T
   6    -41.1067964 -0.468707E-07  0.478E-03    9.19       4.8  T
   7    -41.1067964 -0.278696E-07  0.193E-03    9.19      11.9  T
speedup  0.87
cpu  time for SCC    0.00 s
wall time for SCC    0.00 s
speedup  0.93
cpu  time for grad    0.01 s
wall time for grad    0.01 s
 E :    -40.90112789  G :  0.062794    pred/act E change: -0.259D-02  0.789D-04
Maxdispl :   0.2217   ||displ|| :   0.3969   Lambda : -0.877D-02
Largest |displ|/coords:  0.2217 (   7)  0.1578 (  10)  0.1577 (   8)
................................................................................
.............................. CYCLE    7 ......................................
................................................................................
   1    -41.1011724 -0.411012E+02  0.608E-01    9.25       0.0  T
   2    -41.1014355 -0.263077E-03  0.460E-01    9.25       1.0  T
   3    -41.1015612 -0.125703E-03  0.127E-01    9.18       1.0  T
   4    -41.1015926 -0.314180E-04  0.359E-02    9.20       1.0  T
   5    -41.1015952 -0.255138E-05  0.911E-03    9.20       2.5  T
   6    -41.1015952 -0.624853E-07  0.508E-03    9.20       4.5  T
   7    -41.1015953 -0.331430E-07  0.216E-03    9.20      10.6  T
speedup  1.14
cpu  time for SCC    0.01 s
wall time for SCC    0.00 s
speedup  1.05
cpu  time for grad    0.01 s
wall time for grad    0.01 s
 E :    -40.90250313  G :  0.042234    pred/act E change: -0.429D-02 -0.138D-02
Maxdispl :   0.2608   ||displ|| :   0.4536   Lambda : -0.447D-02
Largest |displ|/coords:  0.2608 (   5)  0.2441 (   3)  0.1443 (   9)
................................................................................
.............................. CYCLE    8 ......................................
................................................................................
   1    -41.1031211 -0.411031E+02  0.542E-01    9.17       0.0  T
   2    -41.1031656 -0.444756E-04  0.414E-01    9.18       1.0  T
   3    -41.1032073 -0.417637E-04  0.388E-02    9.18       1.0  T
   4    -41.1032121 -0.471798E-05  0.120E-02    9.18       1.9  T
   5    -41.1032123 -0.230857E-06  0.456E-03    9.18       5.0  T
   6    -41.1032123 -0.547734E-08  0.228E-03    9.18      10.1  T
speedup  0.79
cpu  time for SCC    0.00 s
wall time for SCC    0.00 s
speedup  0.99
cpu  time for grad    0.01 s
wall time for grad    0.01 s
 E :    -40.90451901  G :  0.037669    pred/act E change: -0.508D-02 -0.202D-02
Maxdispl :   0.4360   ||displ|| :   0.6170   Lambda : -0.573D-02
Largest |displ|/coords:  0.4360 (   9)  0.2329 (   5)  0.2253 (   2)
................................................................................
.............................. CYCLE    9 ......................................
................................................................................
   1    -41.1169489 -0.411169E+02  0.588E-01    9.10       0.0  T
   2    -41.1171434 -0.194471E-03  0.444E-01    9.12       1.0  T
   3    -41.1172570 -0.113656E-03  0.969E-02    9.17       1.0  T
   4    -41.1172825 -0.254701E-04  0.291E-02    9.16       1.0  T
   5    -41.1172839 -0.135160E-05  0.867E-03    9.16       2.6  T
   6    -41.1172839 -0.374794E-07  0.473E-03    9.16       4.8  T
   7    -41.1172839 -0.229268E-07  0.137E-03    9.16      16.8  T
speedup  0.89
cpu  time for SCC    0.00 s
wall time for SCC    0.00 s
speedup  0.94
cpu  time for grad    0.01 s
wall time for grad    0.01 s
 E :    -40.90356491  G :  0.071225    pred/act E change: -0.269D-02  0.954D-03
Maxdispl :   0.2206   ||displ|| :   0.4330   Lambda : -0.109D-01
Largest |displ|/coords:  0.2206 (   7)  0.2016 (   6)  0.1858 (   8)
................................................................................
.............................. CYCLE   10 ......................................
................................................................................
   1    -41.0938154 -0.410938E+02  0.676E-01    9.19       0.0  T
   2    -41.0941028 -0.287321E-03  0.505E-01    9.21       1.0  T
   3    -41.0942608 -0.158040E-03  0.119E-01    9.18       1.0  T
   4    -41.0942964 -0.355549E-04  0.275E-02    9.19       1.0  T
   5    -41.0942975 -0.112683E-05  0.899E-03    9.19       2.6  T
   6    -41.0942976 -0.782509E-07  0.555E-03    9.19       4.1  T
   7    -41.0942976 -0.311091E-07  0.113E-03    9.19      20.2  T
speedup  0.91
cpu  time for SCC    0.00 s
wall time for SCC    0.00 s
speedup  0.96
cpu  time for grad    0.01 s
wall time for grad    0.01 s
 E :    -40.90474765  G :  0.069872    pred/act E change: -0.395D-02 -0.118D-02
Maxdispl :   0.2700   ||displ|| :   0.5156   Lambda : -0.143D-01
Largest |displ|/coords:  0.2700 (   5)  0.2270 (   8)  0.1670 (   4)
................................................................................
.............................. CYCLE   11 ......................................
................................................................................
   1    -41.1207313 -0.411207E+02  0.716E-01    9.21       0.0  T
   2    -41.1210209 -0.289606E-03  0.535E-01    9.20       1.0  T
   3    -41.1212133 -0.192395E-03  0.113E-01    9.20       1.0  T
   4    -41.1212474 -0.341069E-04  0.210E-02    9.20       1.1  T
   5    -41.1212479 -0.441566E-06  0.114E-02    9.20       2.0  T
   6    -41.1212479 -0.473697E-07  0.486E-03    9.20       4.7  T
   7    -41.1212479 -0.401642E-07  0.971E-04    9.20      23.6  T
speedup  1.16
cpu  time for SCC    0.00 s
wall time for SCC    0.00 s
speedup  1.06
cpu  time for grad    0.01 s
wall time for grad    0.01 s
 E :    -40.90609722  G :  0.062578    pred/act E change: -0.650D-02 -0.135D-02
Maxdispl :   0.2089   ||displ|| :   0.4310   Lambda : -0.745D-02
Largest |displ|/coords:  0.2089 (   9)  0.1721 (   7)  0.1702 (  10)
................................................................................
.............................. CYCLE   12 ......................................
................................................................................
   1    -41.1063157 -0.411063E+02  0.448E-01    9.23       0.0  T
   2    -41.1063947 -0.790040E-04  0.336E-01    9.23       1.0  T
   3    -41.1064439 -0.492380E-04  0.595E-02    9.23       1.0  T
   4    -41.1064545 -0.105490E-04  0.141E-02    9.23       1.6  T
   5    -41.1064547 -0.290956E-06  0.541E-03    9.23       4.2  T
   6    -41.1064548 -0.222695E-07  0.311E-03    9.23       7.4  T
speedup  0.81
cpu  time for SCC    0.00 s
wall time for SCC    0.00 s
speedup  1.02
cpu  time for grad    0.01 s
wall time for grad    0.01 s
 E :    -40.91030833  G :  0.026581    pred/act E change: -0.902D-02 -0.421D-02
Maxdispl :   0.3900   ||displ|| :   0.6650   Lambda : -0.384D-02
Largest |displ|/coords:  0.3900 (   9)  0.3043 (   2)  0.2964 (   5)
................................................................................
.............................. CYCLE   13 ......................................
................................................................................
   1    -41.1095587 -0.411096E+02  0.296E-01    9.20       0.0  T
   2    -41.1095897 -0.309924E-04  0.222E-01    9.21       1.0  T
   3    -41.1096084 -0.187468E-04  0.404E-02    9.22       1.0  T
   4    -41.1096128 -0.435780E-05  0.104E-02    9.21       2.2  T
   5    -41.1096129 -0.133538E-06  0.377E-03    9.22       6.1  T
   6    -41.1096129 -0.178800E-07  0.228E-03    9.22      10.0  T
speedup  1.08
cpu  time for SCC    0.00 s
wall time for SCC    0.00 s
speedup  1.01
cpu  time for grad    0.01 s
wall time for grad    0.01 s
 E :    -40.91340291  G :  0.034251    pred/act E change: -0.442D-02 -0.309D-02
Maxdispl :   0.4135   ||displ|| :   0.7528   Lambda : -0.482D-02
Largest |displ|/coords:  0.4135 (   9)  0.4089 (   5)  0.3082 (   2)
................................................................................
.............................. CYCLE   14 ......................................
................................................................................
   1    -41.1159636 -0.411160E+02  0.243E-01    9.30       0.0  T
   2    -41.1160203 -0.567315E-04  0.174E-01    9.27       1.0  T
   3    -41.1160529 -0.325939E-04  0.502E-02    9.15       1.0  T
   4    -41.1160566 -0.371172E-05  0.118E-02    9.16       1.9  T
   5    -41.1160569 -0.251041E-06  0.502E-03    9.17       4.6  T
   6    -41.1160569 -0.453536E-07  0.317E-03    9.17       7.2  T
speedup  1.08
cpu  time for SCC    0.00 s
wall time for SCC    0.00 s
speedup  1.01
cpu  time for grad    0.01 s
wall time for grad    0.01 s
 E :    -40.91567562  G :  0.021864    pred/act E change: -0.277D-02 -0.227D-02
Maxdispl :   0.1821   ||displ|| :   0.3974   Lambda : -0.278D-02
Largest |displ|/coords:  0.1821 (  13)  0.1574 (   1)  0.1282 (  14)
................................................................................
.............................. CYCLE   15 ......................................
................................................................................
   1    -41.1238713 -0.411239E+02  0.416E-01    9.63       0.0  T
   2    -41.1239242 -0.528617E-04  0.306E-01    9.61       1.0  T
   3    -41.1239585 -0.343245E-04  0.613E-02    9.58       1.0  T
   4    -41.1239637 -0.513421E-05  0.215E-02    9.58       1.1  T
   5    -41.1239641 -0.442397E-06  0.481E-03    9.59       4.8  T
   6    -41.1239641 -0.272743E-07  0.303E-03    9.59       7.6  T
speedup  1.08
cpu  time for SCC    0.00 s
wall time for SCC    0.00 s
speedup  1.01
cpu  time for grad    0.01 s
wall time for grad    0.01 s
 E :    -40.91636987  G :  0.032320    pred/act E change: -0.378D-02 -0.694D-03
Maxdispl :   0.1283   ||displ|| :   0.2553   Lambda : -0.183D-02
Largest |displ|/coords:  0.1283 (   2)  0.1018 (   4)  0.0985 (   6)
................................................................................
.............................. CYCLE   16 ......................................
................................................................................
   1    -41.1158603 -0.411159E+02  0.327E-01    9.57       0.0  T
   2    -41.1158871 -0.267675E-04  0.247E-01    9.57       1.0  T
   3    -41.1159071 -0.199976E-04  0.338E-02    9.56       1.0  T
   4    -41.1159108 -0.371915E-05  0.915E-03    9.57       2.5  T
   5    -41.1159109 -0.779348E-07  0.379E-03    9.57       6.1  T
   6    -41.1159109 -0.101985E-07  0.198E-03    9.57      11.6  T
speedup  1.05
cpu  time for SCC    0.00 s
wall time for SCC    0.00 s
speedup  1.00
cpu  time for grad    0.01 s
wall time for grad    0.01 s
 E :    -40.91726097  G :  0.027065    pred/act E change: -0.161D-02 -0.891D-03
Maxdispl :   0.1241   ||displ|| :   0.2808   Lambda : -0.128D-02
Largest |displ|/coords:  0.1241 (   2)  0.1106 (   3)  0.0980 (   5)
................................................................................
.............................. CYCLE   17 ......................................
................................................................................
   1    -41.1145059 -0.411145E+02  0.277E-01    9.57       0.0  T
   2    -41.1145192 -0.133288E-04  0.208E-01    9.56       1.0  T
   3    -41.1145298 -0.105652E-04  0.230E-02    9.56       1.0  T
   4    -41.1145315 -0.170962E-05  0.963E-03    9.56       2.4  T
   5    -41.1145316 -0.704878E-07  0.327E-03    9.56       7.0  T
   6    -41.1145316 -0.740818E-08  0.170E-03    9.56      13.5  T
speedup  1.08
cpu  time for SCC    0.00 s
wall time for SCC    0.00 s
speedup  1.01
cpu  time for grad    0.01 s
wall time for grad    0.01 s
 E :    -40.91737785  G :  0.026368    pred/act E change: -0.973D-03 -0.117D-03
Maxdispl :   0.1368   ||displ|| :   0.2130   Lambda : -0.134D-02
Largest |displ|/coords:  0.1368 (   9)  0.0962 (   5)  0.0751 (   3)
................................................................................
.............................. CYCLE   18 ......................................
................................................................................
   1    -41.1183250 -0.411183E+02  0.175E-01    9.55       0.0  T
   2    -41.1183384 -0.133664E-04  0.129E-01    9.55       1.0  T
   3    -41.1183440 -0.562579E-05  0.265E-02    9.56       1.0  T
   4    -41.1183457 -0.171053E-05  0.754E-03    9.55       3.0  T
   5    -41.1183458 -0.128447E-06  0.219E-03    9.55      10.5  T
   6    -41.1183458 -0.448536E-08  0.138E-03    9.55      16.7  T
speedup  1.05
cpu  time for SCC    0.00 s
wall time for SCC    0.00 s
speedup  1.00
cpu  time for grad    0.01 s
wall time for grad    0.01 s
 E :    -40.91797814  G :  0.009278    pred/act E change: -0.690D-03 -0.600D-03
Maxdispl :   0.1388   ||displ|| :   0.2682   Lambda : -0.936D-03
Largest |displ|/coords:  0.1388 (   9)  0.1246 (   4)  0.1010 (  11)
................................................................................
.............................. CYCLE   19 ......................................
................................................................................
   1    -41.1147233 -0.411147E+02  0.354E-01    9.49       0.0  T
   2    -41.1147400 -0.166993E-04  0.267E-01    9.49       1.0  T
   3    -41.1147537 -0.137451E-04  0.268E-02    9.49       1.0  T
   4    -41.1147558 -0.208940E-05  0.859E-03    9.49       2.7  T
   5    -41.1147559 -0.563953E-07  0.331E-03    9.49       6.9  T
   6    -41.1147559 -0.106447E-07  0.184E-03    9.49      12.5  T
   7    -41.1147559 -0.270258E-08  0.343E-04    9.49      67.0  T
speedup  0.93
cpu  time for SCC    0.00 s
wall time for SCC    0.00 s
speedup  0.94
cpu  time for grad    0.01 s
wall time for grad    0.01 s
 E :    -40.91816465  G :  0.026034    pred/act E change: -0.702D-03 -0.187D-03
Maxdispl :   0.0814   ||displ|| :   0.1509   Lambda : -0.860D-03
Largest |displ|/coords:  0.0814 (   5)  0.0588 (  13)  0.0541 (   6)
................................................................................
.............................. CYCLE   20 ......................................
................................................................................
   1    -41.1152333 -0.411152E+02  0.146E-01    9.48       0.0  T
   2    -41.1152419 -0.859173E-05  0.108E-01    9.48       1.0  T
   3    -41.1152469 -0.503016E-05  0.206E-02    9.48       1.1  T
   4    -41.1152480 -0.109808E-05  0.406E-03    9.48       5.6  T
   5    -41.1152480 -0.195681E-07  0.197E-03    9.48      11.6  T
speedup  0.94
cpu  time for SCC    0.00 s
wall time for SCC    0.00 s
speedup  1.03
cpu  time for grad    0.01 s
wall time for grad    0.01 s
 E :    -40.91869164  G :  0.016173    pred/act E change: -0.502D-03 -0.527D-03
Maxdispl :   0.1377   ||displ|| :   0.2474   Lambda : -0.707D-03
Largest |displ|/coords:  0.1377 (   5)  0.1064 (  13)  0.0895 (   1)
................................................................................
.............................. CYCLE   21 ......................................
................................................................................
   1    -41.1139657 -0.411140E+02  0.213E-01    9.44       0.0  T
   2    -41.1139747 -0.898839E-05  0.161E-01    9.45       1.0  T
   3    -41.1139813 -0.664576E-05  0.212E-02    9.45       1.1  T
   4    -41.1139826 -0.129386E-05  0.622E-03    9.44       3.7  T
   5    -41.1139827 -0.640536E-07  0.237E-03    9.44       9.7  T
   6    -41.1139827 -0.296864E-08  0.135E-03    9.44      17.0  T
speedup  1.05
cpu  time for SCC    0.00 s
wall time for SCC    0.00 s
speedup  0.98
cpu  time for grad    0.01 s
wall time for grad    0.01 s
 E :    -40.91903235  G :  0.010459    pred/act E change: -0.440D-03 -0.341D-03
Maxdispl :   0.1595   ||displ|| :   0.2607   Lambda : -0.592D-03
Largest |displ|/coords:  0.1595 (   5)  0.0946 (   2)  0.0756 (   4)
................................................................................
.............................. CYCLE   22 ......................................
................................................................................
   1    -41.1107159 -0.411107E+02  0.291E-01    9.37       0.0  T
   2    -41.1107243 -0.837982E-05  0.220E-01    9.37       1.0  T
   3    -41.1107328 -0.847925E-05  0.185E-02    9.37       1.2  T
   4    -41.1107336 -0.821685E-06  0.640E-03    9.37       3.6  T
   5    -41.1107336 -0.239490E-07  0.297E-03    9.37       7.7  T
   6    -41.1107336 -0.101847E-07  0.131E-03    9.37      17.5  T
speedup  1.08
cpu  time for SCC    0.00 s
wall time for SCC    0.00 s
speedup  1.00
cpu  time for grad    0.01 s
wall time for grad    0.01 s
 E :    -40.91927017  G :  0.022792    pred/act E change: -0.375D-03 -0.238D-03
Maxdispl :   0.0809   ||displ|| :   0.1920   Lambda : -0.958D-03
Largest |displ|/coords:  0.0809 (  11)  0.0654 (   7)  0.0629 (   9)
................................................................................
.............................. CYCLE   23 ......................................
................................................................................
   1    -41.1147829 -0.411148E+02  0.147E-01    9.30       0.0  T
   2    -41.1147937 -0.108041E-04  0.107E-01    9.31       1.0  T
   3    -41.1148006 -0.690213E-05  0.245E-02    9.31       1.0  T
   4    -41.1148016 -0.988800E-06  0.579E-03    9.31       4.0  T
   5    -41.1148016 -0.517134E-07  0.247E-03    9.31       9.3  T
speedup  0.97
cpu  time for SCC    0.00 s
wall time for SCC    0.00 s
speedup  1.07
cpu  time for grad    0.01 s
wall time for grad    0.01 s
 E :    -40.91945080  G :  0.016402    pred/act E change: -0.316D-03 -0.181D-03
Maxdispl :   0.1520   ||displ|| :   0.2413   Lambda : -0.987D-03
Largest |displ|/coords:  0.1520 (   5)  0.0977 (   4)  0.0934 (  10)
................................................................................
.............................. CYCLE   24 ......................................
................................................................................
   1    -41.1090485 -0.411090E+02  0.284E-01    9.36       0.0  T
   2    -41.1090750 -0.265015E-04  0.213E-01    9.36       1.0  T
   3    -41.1090930 -0.179214E-04  0.353E-02    9.36       1.0  T
   4    -41.1090967 -0.372225E-05  0.992E-03    9.36       2.3  T
   5    -41.1090968 -0.156004E-06  0.389E-03    9.36       5.9  T
   6    -41.1090968 -0.757606E-08  0.218E-03    9.36      10.5  T
   7    -41.1090968 -0.794240E-08  0.419E-04    9.36      54.7  T
speedup  1.14
cpu  time for SCC    0.00 s
wall time for SCC    0.00 s
speedup  1.04
cpu  time for grad    0.01 s
wall time for grad    0.01 s
 E :    -40.91967241  G :  0.028080    pred/act E change: -0.497D-03 -0.222D-03
Maxdispl :   0.0575   ||displ|| :   0.1277   Lambda : -0.855D-03
Largest |displ|/coords:  0.0575 (  11)  0.0540 (   5)  0.0452 (   2)
................................................................................
.............................. CYCLE   25 ......................................
................................................................................
   1    -41.1134815 -0.411135E+02  0.126E-01    9.45       0.0  T
   2    -41.1134900 -0.848896E-05  0.929E-02    9.45       1.0  T
   3    -41.1134956 -0.557915E-05  0.192E-02    9.44       1.2  T
   4    -41.1134965 -0.873933E-06  0.395E-03    9.44       5.8  T
   5    -41.1134965 -0.179465E-07  0.206E-03    9.44      11.1  T
speedup  0.94
cpu  time for SCC    0.00 s
wall time for SCC    0.00 s
speedup  1.06
cpu  time for grad    0.01 s
wall time for grad    0.01 s
 E :    -40.92003325  G :  0.012599    pred/act E change: -0.522D-03 -0.361D-03
Maxdispl :   0.0577   ||displ|| :   0.1184   Lambda : -0.284D-03
Largest |displ|/coords:  0.0577 (   2)  0.0461 (   4)  0.0401 (   5)

generating ANC from model Hessian ...
 Shifting diagonal of input Hessian by   4.614412369728243E-003
 Lowest  eigenvalues of input Hessian
   -0.000000   -0.000000    0.000000    0.000000    0.000000    0.000000
    0.005000    0.005232    0.006055    0.007085    0.007884    0.008290
    0.011520    0.013977    0.016256    0.018044    0.022063    0.023632
 Highest eigenvalues
    1.381833    1.398318    1.423752    2.781616    3.408204    3.473874
 
cpu  time for ANC gen    0.01 s
wall time for ANC gen    0.01 s
................................................................................
.............................. CYCLE   26 ......................................
................................................................................
   1    -41.1138173 -0.411138E+02  0.106E-01    9.45       0.0  T
   2    -41.1138197 -0.233210E-05  0.796E-02    9.44       1.0  T
   3    -41.1138215 -0.180735E-05  0.954E-03    9.44       2.4  T
   4    -41.1138218 -0.315615E-06  0.373E-03    9.44       6.1  T
   5    -41.1138218 -0.164886E-07  0.117E-03    9.44      19.5  T
   6    -41.1138218 -0.752330E-09  0.689E-04    9.44      33.3  T
   7    -41.1138218 -0.494914E-09  0.152E-04    9.44     151.3  T
speedup  0.91
cpu  time for SCC    0.00 s
wall time for SCC    0.00 s
speedup  1.01
cpu  time for grad    0.01 s
wall time for grad    0.01 s
 E :    -40.92023537  G :  0.009327    pred/act E change:  0.000D+00 -0.202D-03
Maxdispl :   0.1777   ||displ|| :   0.2158   Lambda : -0.527D-03
Largest |displ|/coords:  0.1777 (   1)  0.0621 (   8)  0.0576 (  13)
................................................................................
.............................. CYCLE   27 ......................................
................................................................................
   1    -41.1146701 -0.411147E+02  0.231E-01    9.46       0.0  T
   2    -41.1146734 -0.337797E-05  0.174E-01    9.46       1.0  T
   3    -41.1146777 -0.430190E-05  0.104E-02    9.46       2.2  T
   4    -41.1146779 -0.147019E-06  0.461E-03    9.46       5.0  T
   5    -41.1146779 -0.106935E-07  0.158E-03    9.46      14.5  T
   6    -41.1146779 -0.232203E-08  0.587E-04    9.46      39.1  T
speedup  0.81
cpu  time for SCC    0.00 s
wall time for SCC    0.00 s
speedup  1.01
cpu  time for grad    0.01 s
wall time for grad    0.01 s
 E :    -40.92064804  G :  0.006882    pred/act E change:  0.000D+00 -0.413D-03
Maxdispl :   0.3242   ||displ|| :   0.4143   Lambda : -0.778D-03
Largest |displ|/coords:  0.3242 (   1)  0.1687 (  13)  0.0954 (   3)
................................................................................
.............................. CYCLE   28 ......................................
................................................................................
   1    -41.1116316 -0.411116E+02  0.435E-01    9.50       0.0  T
   2    -41.1116601 -0.284559E-04  0.329E-01    9.50       1.0  T
   3    -41.1116852 -0.251182E-04  0.324E-02    9.50       1.0  T
   4    -41.1116887 -0.349043E-05  0.937E-03    9.50       2.4  T
   5    -41.1116887 -0.425493E-07  0.460E-03    9.50       5.0  T
   6    -41.1116887 -0.134195E-07  0.178E-03    9.50      12.9  T
   7    -41.1116887 -0.671744E-08  0.339E-04    9.50      67.6  T
speedup  1.16
cpu  time for SCC    0.00 s
wall time for SCC    0.00 s
speedup  1.03
cpu  time for grad    0.01 s
wall time for grad    0.01 s
 E :    -40.92079270  G :  0.027425    pred/act E change: -0.276D-03 -0.145D-03
Maxdispl :   0.0533   ||displ|| :   0.1024   Lambda : -0.822D-03
Largest |displ|/coords:  0.0533 (   1)  0.0452 (  13)  0.0371 (  15)
................................................................................
.............................. CYCLE   29 ......................................
................................................................................
   1    -41.1159566 -0.411160E+02  0.150E-01    9.51       0.0  T
   2    -41.1159688 -0.121990E-04  0.112E-01    9.51       1.0  T
   3    -41.1159771 -0.838318E-05  0.235E-02    9.51       1.0  T
   4    -41.1159786 -0.151088E-05  0.469E-03    9.51       4.9  T
   5    -41.1159787 -0.230125E-07  0.232E-03    9.51       9.9  T
speedup  0.94
cpu  time for SCC    0.00 s
wall time for SCC    0.00 s
speedup  0.94
cpu  time for grad    0.01 s
wall time for grad    0.01 s
 E :    -40.92117608  G :  0.005680    pred/act E change: -0.455D-03 -0.383D-03
Maxdispl :   0.1314   ||displ|| :   0.1748   Lambda : -0.219D-03
Largest |displ|/coords:  0.1314 (   1)  0.0662 (   2)  0.0532 (   3)
................................................................................
.............................. CYCLE   30 ......................................
................................................................................
   1    -41.1159276 -0.411159E+02  0.147E-01    9.52       0.0  T
   2    -41.1159290 -0.131124E-05  0.110E-01    9.52       1.0  T
   3    -41.1159303 -0.136688E-05  0.739E-03    9.52       3.1  T
   4    -41.1159305 -0.126386E-06  0.256E-03    9.52       9.0  T
   5    -41.1159305 -0.360374E-08  0.124E-03    9.52      18.6  T
speedup  0.97
cpu  time for SCC    0.00 s
wall time for SCC    0.00 s
speedup  1.05
cpu  time for grad    0.01 s
wall time for grad    0.01 s
 E :    -40.92135048  G :  0.005482    pred/act E change: -0.416D-03 -0.174D-03
Maxdispl :   0.3108   ||displ|| :   0.4565   Lambda : -0.554D-03
Largest |displ|/coords:  0.3108 (   1)  0.1784 (   3)  0.1606 (  13)
................................................................................
.............................. CYCLE   31 ......................................
................................................................................
   1    -41.1128055 -0.411128E+02  0.400E-01    9.53       0.0  T
   2    -41.1128281 -0.226042E-04  0.302E-01    9.54       1.0  T
   3    -41.1128479 -0.197718E-04  0.288E-02    9.54       1.0  T
   4    -41.1128508 -0.293646E-05  0.913E-03    9.54       2.5  T
   5    -41.1128509 -0.341026E-07  0.447E-03    9.54       5.1  T
   6    -41.1128509 -0.167641E-07  0.165E-03    9.54      13.9  T
   7    -41.1128509 -0.530259E-08  0.358E-04    9.54      64.1  T
speedup  0.91
cpu  time for SCC    0.00 s
wall time for SCC    0.00 s
speedup  1.12
cpu  time for grad    0.01 s
wall time for grad    0.01 s
 E :    -40.92155931  G :  0.017177    pred/act E change: -0.113D-03 -0.209D-03
Maxdispl :   0.0405   ||displ|| :   0.0822   Lambda : -0.372D-03
Largest |displ|/coords:  0.0405 (   8)  0.0370 (   3)  0.0291 (   1)
................................................................................
.............................. CYCLE   32 ......................................
................................................................................
   1    -41.1171441 -0.411171E+02  0.944E-02    9.53       0.0  T
   2    -41.1171483 -0.418753E-05  0.707E-02    9.53       1.0  T
   3    -41.1171514 -0.310628E-05  0.134E-02    9.53       1.7  T
   4    -41.1171519 -0.520939E-06  0.328E-03    9.53       7.0  T
   5    -41.1171519 -0.887940E-08  0.153E-03    9.53      15.0  T
   6    -41.1171519 -0.182798E-08  0.601E-04    9.53      38.2  T
speedup  1.05
cpu  time for SCC    0.00 s
wall time for SCC    0.00 s
speedup  0.99
cpu  time for grad    0.01 s
wall time for grad    0.01 s
 E :    -40.92168685  G :  0.010658    pred/act E change: -0.335D-03 -0.128D-03
Maxdispl :   0.1190   ||displ|| :   0.1536   Lambda : -0.311D-03
Largest |displ|/coords:  0.1190 (   1)  0.0613 (   4)  0.0386 (   2)
................................................................................
.............................. CYCLE   33 ......................................
................................................................................
   1    -41.1165676 -0.411166E+02  0.146E-01    9.52       0.0  T
   2    -41.1165749 -0.724911E-05  0.110E-01    9.52       1.0  T
   3    -41.1165808 -0.594643E-05  0.174E-02    9.52       1.3  T
   4    -41.1165818 -0.932707E-06  0.430E-03    9.52       5.3  T
   5    -41.1165818 -0.127807E-07  0.218E-03    9.52      10.5  T
   6    -41.1165818 -0.469365E-08  0.790E-04    9.52      29.0  T
speedup  1.05
cpu  time for SCC    0.00 s
wall time for SCC    0.00 s
speedup  1.00
cpu  time for grad    0.01 s
wall time for grad    0.01 s
 E :    -40.92164518  G :  0.015442    pred/act E change: -0.187D-03  0.417D-04
Maxdispl :   0.1051   ||displ|| :   0.1650   Lambda : -0.438D-03
Largest |displ|/coords:  0.1051 (   2)  0.0853 (   1)  0.0522 (   8)
................................................................................
.............................. CYCLE   34 ......................................
................................................................................
   1    -41.1144949 -0.411145E+02  0.155E-01    9.52       0.0  T
   2    -41.1145002 -0.530200E-05  0.117E-01    9.52       1.0  T
   3    -41.1145051 -0.485763E-05  0.149E-02    9.52       1.5  T
   4    -41.1145057 -0.629363E-06  0.503E-03    9.52       4.6  T
   5    -41.1145057 -0.217171E-07  0.207E-03    9.52      11.1  T
   6    -41.1145057 -0.369884E-08  0.901E-04    9.52      25.5  T
speedup  1.03
cpu  time for SCC    0.00 s
wall time for SCC    0.00 s
speedup  0.98
cpu  time for grad    0.01 s
wall time for grad    0.01 s
 E :    -40.92185328  G :  0.007286    pred/act E change: -0.159D-03 -0.208D-03
Maxdispl :   0.0479   ||displ|| :   0.0890   Lambda : -0.130D-03
Largest |displ|/coords:  0.0479 (   1)  0.0448 (   3)  0.0349 (  13)
................................................................................
.............................. CYCLE   35 ......................................
................................................................................
   1    -41.1151817 -0.411152E+02  0.892E-02    9.52       0.0  T
   2    -41.1151832 -0.150464E-05  0.676E-02    9.52       1.0  T
   3    -41.1151844 -0.125211E-05  0.777E-03    9.52       3.0  T
   4    -41.1151846 -0.191901E-06  0.264E-03    9.52       8.7  T
   5    -41.1151846 -0.883772E-08  0.850E-04    9.52      27.0  T
speedup  1.25
cpu  time for SCC    0.00 s
wall time for SCC    0.00 s
speedup  1.07
cpu  time for grad    0.01 s
wall time for grad    0.01 s
 E :    -40.92189913  G :  0.008142    pred/act E change: -0.225D-03 -0.458D-04
Maxdispl :   0.0419   ||displ|| :   0.0726   Lambda : -0.928D-04
Largest |displ|/coords:  0.0419 (   1)  0.0240 (   4)  0.0206 (   8)
................................................................................
.............................. CYCLE   36 ......................................
................................................................................
   1    -41.1157223 -0.411157E+02  0.606E-02    9.52       0.0  T
   2    -41.1157230 -0.699984E-06  0.457E-02    9.52       1.0  T
   3    -41.1157237 -0.687580E-06  0.600E-03    9.52       3.8  T
   4    -41.1157238 -0.716877E-07  0.210E-03    9.52      10.9  T
   5    -41.1157238 -0.391100E-08  0.731E-04    9.52      31.4  T
speedup  0.97
cpu  time for SCC    0.00 s
wall time for SCC    0.00 s
speedup  0.95
cpu  time for grad    0.01 s
wall time for grad    0.01 s
 E :    -40.92195600  G :  0.003875    pred/act E change: -0.657D-04 -0.569D-04
Maxdispl :   0.2130   ||displ|| :   0.2728   Lambda : -0.169D-03
Largest |displ|/coords:  0.2130 (   1)  0.0796 (  13)  0.0745 (   2)
................................................................................
.............................. CYCLE   37 ......................................
................................................................................
   1    -41.1133053 -0.411133E+02  0.234E-01    9.50       0.0  T
   2    -41.1133118 -0.654947E-05  0.177E-01    9.50       1.0  T
   3    -41.1133187 -0.685598E-05  0.172E-02    9.50       1.3  T
   4    -41.1133193 -0.634891E-06  0.626E-03    9.50       3.7  T
   5    -41.1133194 -0.314606E-07  0.248E-03    9.50       9.2  T
   6    -41.1133194 -0.464171E-08  0.120E-03    9.50      19.1  T
   7    -41.1133194 -0.284002E-08  0.250E-04    9.50      91.9  T
   8    -41.1133194 -0.114326E-09  0.802E-05    9.50     285.9  T
speedup  1.02
cpu  time for SCC    0.00 s
wall time for SCC    0.00 s
speedup  1.05
cpu  time for grad    0.01 s
wall time for grad    0.01 s
 E :    -40.92195252  G :  0.009760    pred/act E change: -0.467D-04  0.348D-05
Maxdispl :   0.0669   ||displ|| :   0.1015   Lambda : -0.191D-03
Largest |displ|/coords:  0.0669 (   1)  0.0414 (   4)  0.0385 (   2)
................................................................................
.............................. CYCLE   38 ......................................
................................................................................
   1    -41.1158994 -0.411159E+02  0.881E-02    9.51       0.0  T
   2    -41.1159021 -0.273030E-05  0.661E-02    9.51       1.0  T
   3    -41.1159039 -0.177443E-05  0.106E-02    9.51       2.2  T
   4    -41.1159043 -0.404272E-06  0.281E-03    9.51       8.2  T
   5    -41.1159043 -0.676415E-08  0.119E-03    9.51      19.3  T
speedup  0.97
cpu  time for SCC    0.00 s
wall time for SCC    0.00 s
speedup  0.95
cpu  time for grad    0.01 s
wall time for grad    0.01 s
 E :    -40.92203849  G :  0.003526    pred/act E change: -0.907D-04 -0.860D-04
Maxdispl :   0.0440   ||displ|| :   0.0864   Lambda : -0.472D-04
Largest |displ|/coords:  0.0440 (   1)  0.0405 (   3)  0.0338 (  13)
................................................................................
.............................. CYCLE   39 ......................................
................................................................................
   1    -41.1148634 -0.411149E+02  0.837E-02    9.52       0.0  T
   2    -41.1148646 -0.116959E-05  0.631E-02    9.52       1.0  T
   3    -41.1148656 -0.102900E-05  0.758E-03    9.52       3.0  T
   4    -41.1148657 -0.146247E-06  0.200E-03    9.52      11.5  T
   5    -41.1148657 -0.250983E-08  0.949E-04    9.52      24.2  T
   6    -41.1148658 -0.736144E-09  0.389E-04    9.52      59.0  T
speedup  1.05
cpu  time for SCC    0.00 s
wall time for SCC    0.00 s
speedup  0.96
cpu  time for grad    0.01 s
wall time for grad    0.01 s
 E :    -40.92205303  G :  0.005079    pred/act E change: -0.966D-04 -0.145D-04
Maxdispl :   0.0195   ||displ|| :   0.0408   Lambda : -0.388D-04
Largest |displ|/coords:  0.0195 (   1)  0.0185 (   3)  0.0161 (  13)
................................................................................
.............................. CYCLE   40 ......................................
................................................................................
   1    -41.1155500 -0.411155E+02  0.402E-02    9.52       0.0  T
   2    -41.1155503 -0.293590E-06  0.300E-02    9.52       1.0  T
   3    -41.1155505 -0.259611E-06  0.461E-03    9.52       5.0  T
   4    -41.1155505 -0.293857E-07  0.113E-03    9.52      20.3  T
   5    -41.1155505 -0.148196E-08  0.442E-04    9.52      51.9  T
speedup  1.18
cpu  time for SCC    0.00 s
wall time for SCC    0.00 s
speedup  1.03
cpu  time for grad    0.01 s
wall time for grad    0.01 s
 E :    -40.92207695  G :  0.003195    pred/act E change: -0.238D-04 -0.239D-04
Maxdispl :   0.0433   ||displ|| :   0.0666   Lambda : -0.274D-04
Largest |displ|/coords:  0.0433 (   1)  0.0192 (   6)  0.0168 (  13)
................................................................................
.............................. CYCLE   41 ......................................
................................................................................
   1    -41.1154017 -0.411154E+02  0.613E-02    9.52       0.0  T
   2    -41.1154020 -0.313532E-06  0.459E-02    9.52       1.0  T
   3    -41.1154024 -0.384138E-06  0.466E-03    9.52       4.9  T
   4    -41.1154025 -0.192299E-07  0.110E-03    9.52      20.9  T
   5    -41.1154025 -0.131624E-08  0.596E-04    9.52      38.5  T
   6    -41.1154025 -0.367478E-09  0.276E-04    9.52      83.2  T
speedup  1.08
cpu  time for SCC    0.00 s
wall time for SCC    0.00 s
speedup  0.97
cpu  time for grad    0.01 s
wall time for grad    0.01 s
 E :    -40.92209260  G :  0.002272    pred/act E change: -0.194D-04 -0.156D-04
Maxdispl :   0.0114   ||displ|| :   0.0360   Lambda : -0.158D-04
Largest |displ|/coords:  0.0114 (  13)  0.0112 (   8)  0.0107 (   7)
................................................................................
.............................. CYCLE   42 ......................................
................................................................................
   1    -41.1155522 -0.411156E+02  0.373E-02    9.52       0.0  T
   2    -41.1155524 -0.224758E-06  0.280E-02    9.52       1.0  T
   3    -41.1155526 -0.223407E-06  0.347E-03    9.52       6.6  T
   4    -41.1155527 -0.229868E-07  0.116E-03    9.52      19.8  T
   5    -41.1155527 -0.129162E-08  0.413E-04    9.52      55.5  T
   6    -41.1155527 -0.161144E-09  0.237E-04    9.52      96.8  T
speedup  1.05
cpu  time for SCC    0.00 s
wall time for SCC    0.00 s
speedup  1.06
cpu  time for grad    0.01 s
wall time for grad    0.01 s
 E :    -40.92210396  G :  0.002066    pred/act E change: -0.138D-04 -0.114D-04
Maxdispl :   0.0137   ||displ|| :   0.0422   Lambda : -0.171D-04
Largest |displ|/coords:  0.0137 (   8)  0.0135 (   5)  0.0132 (   4)
................................................................................
.............................. CYCLE   43 ......................................
................................................................................
   1    -41.1155936 -0.411156E+02  0.419E-02    9.53       0.0  T
   2    -41.1155939 -0.264269E-06  0.317E-02    9.53       1.0  T
   3    -41.1155942 -0.260718E-06  0.318E-03    9.53       7.2  T
   4    -41.1155942 -0.297579E-07  0.151E-03    9.53      15.2  T
   5    -41.1155942 -0.164061E-08  0.413E-04    9.53      55.5  T
   6    -41.1155942 -0.163517E-09  0.239E-04    9.53      95.9  T
speedup  1.05
cpu  time for SCC    0.00 s
wall time for SCC    0.00 s
speedup  0.94
cpu  time for grad    0.01 s
wall time for grad    0.01 s
 E :    -40.92211463  G :  0.001925    pred/act E change: -0.791D-05 -0.107D-04
Maxdispl :   0.0182   ||displ|| :   0.0403   Lambda : -0.147D-04
Largest |displ|/coords:  0.0182 (   2)  0.0154 (  17)  0.0132 (   9)
................................................................................
.............................. CYCLE   44 ......................................
................................................................................
   1    -41.1153193 -0.411153E+02  0.430E-02    9.52       0.0  T
   2    -41.1153196 -0.342184E-06  0.324E-02    9.52       1.0  T
   3    -41.1153199 -0.263463E-06  0.384E-03    9.52       6.0  T
   4    -41.1153199 -0.495617E-07  0.138E-03    9.52      16.6  T
   5    -41.1153199 -0.240954E-08  0.461E-04    9.52      49.8  T
   6    -41.1153199 -0.153868E-09  0.254E-04    9.52      90.2  T
speedup  0.81
cpu  time for SCC    0.00 s
wall time for SCC    0.00 s
speedup  0.97
cpu  time for grad    0.01 s
wall time for grad    0.01 s
 E :    -40.92212348  G :  0.002292    pred/act E change: -0.857D-05 -0.885D-05
Maxdispl :   0.0238   ||displ|| :   0.0435   Lambda : -0.147D-04
Largest |displ|/coords:  0.0238 (   2)  0.0199 (   1)  0.0126 (   4)
................................................................................
.............................. CYCLE   45 ......................................
................................................................................
   1    -41.1154984 -0.411155E+02  0.392E-02    9.52       0.0  T
   2    -41.1154987 -0.238617E-06  0.292E-02    9.52       1.0  T
   3    -41.1154989 -0.219575E-06  0.438E-03    9.52       5.2  T
   4    -41.1154989 -0.238088E-07  0.120E-03    9.52      19.1  T
   5    -41.1154989 -0.148904E-08  0.396E-04    9.52      58.0  T
   6    -41.1154989 -0.997957E-10  0.229E-04    9.52     100.0  T
speedup  1.08
cpu  time for SCC    0.00 s
wall time for SCC    0.00 s
speedup  1.08
cpu  time for grad    0.01 s
wall time for grad    0.01 s
 E :    -40.92213285  G :  0.002285    pred/act E change: -0.737D-05 -0.936D-05
Maxdispl :   0.0645   ||displ|| :   0.0762   Lambda : -0.205D-04
Largest |displ|/coords:  0.0645 (   2)  0.0191 (   4)  0.0137 (  11)
................................................................................
.............................. CYCLE   46 ......................................
................................................................................
   1    -41.1149233 -0.411149E+02  0.623E-02    9.51       0.0  T
   2    -41.1149237 -0.371631E-06  0.468E-02    9.51       1.0  T
   3    -41.1149241 -0.393856E-06  0.440E-03    9.52       5.2  T
   4    -41.1149241 -0.322962E-07  0.147E-03    9.52      15.6  T
   5    -41.1149241 -0.200716E-08  0.537E-04    9.52      42.8  T
   6    -41.1149241 -0.305967E-09  0.317E-04    9.52      72.4  T
speedup  0.79
cpu  time for SCC    0.00 s
wall time for SCC    0.00 s
speedup  0.97
cpu  time for grad    0.01 s
wall time for grad    0.01 s
 E :    -40.92214311  G :  0.002420    pred/act E change: -0.736D-05 -0.103D-04
Maxdispl :   0.0299   ||displ|| :   0.0414   Lambda : -0.120D-04
Largest |displ|/coords:  0.0299 (   2)  0.0139 (   5)  0.0110 (   1)
................................................................................
.............................. CYCLE   47 ......................................
................................................................................
   1    -41.1150454 -0.411150E+02  0.305E-02    9.51       0.0  T
   2    -41.1150456 -0.176958E-06  0.229E-02    9.51       1.0  T
   3    -41.1150458 -0.159095E-06  0.271E-03    9.51       8.5  T
   4    -41.1150458 -0.216537E-07  0.858E-04    9.51      26.7  T
   5    -41.1150458 -0.662233E-09  0.344E-04    9.51      66.8  T
speedup  0.97
cpu  time for SCC    0.00 s
wall time for SCC    0.00 s
speedup  1.03
cpu  time for grad    0.01 s
wall time for grad    0.01 s
 E :    -40.92215114  G :  0.001643    pred/act E change: -0.103D-04 -0.803D-05
Maxdispl :   0.0513   ||displ|| :   0.0623   Lambda : -0.154D-04
Largest |displ|/coords:  0.0513 (   2)  0.0219 (   5)  0.0130 (   3)
................................................................................
.............................. CYCLE   48 ......................................
................................................................................
   1    -41.1153635 -0.411154E+02  0.414E-02    9.51       0.0  T
   2    -41.1153639 -0.331269E-06  0.310E-02    9.51       1.0  T
   3    -41.1153641 -0.209426E-06  0.426E-03    9.51       5.4  T
   4    -41.1153641 -0.490648E-07  0.139E-03    9.51      16.6  T
   5    -41.1153641 -0.211288E-08  0.370E-04    9.51      62.0  T
   6    -41.1153641 -0.110994E-09  0.217E-04    9.51     105.8  T
speedup  1.05
cpu  time for SCC    0.00 s
wall time for SCC    0.00 s
speedup  0.96
cpu  time for grad    0.01 s
wall time for grad    0.01 s
 E :    -40.92215843  G :  0.002023    pred/act E change: -0.602D-05 -0.729D-05
Maxdispl :   0.0518   ||displ|| :   0.0586   Lambda : -0.116D-04
Largest |displ|/coords:  0.0518 (   2)  0.0149 (   9)  0.0084 (   1)
................................................................................
.............................. CYCLE   49 ......................................
................................................................................
   1    -41.1154226 -0.411154E+02  0.501E-02    9.52       0.0  T
   2    -41.1154228 -0.193192E-06  0.374E-02    9.52       1.0  T
   3    -41.1154230 -0.211309E-06  0.419E-03    9.51       5.5  T
   4    -41.1154231 -0.139972E-07  0.775E-04    9.51      29.6  T
   5    -41.1154231 -0.630706E-09  0.422E-04    9.51      54.4  T
speedup  1.25
cpu  time for SCC    0.00 s
wall time for SCC    0.00 s
speedup  1.01
cpu  time for grad    0.01 s
wall time for grad    0.01 s
 E :    -40.92216585  G :  0.001528    pred/act E change: -0.773D-05 -0.742D-05
Maxdispl :   0.0470   ||displ|| :   0.0546   Lambda : -0.809D-05
Largest |displ|/coords:  0.0470 (   2)  0.0144 (   9)  0.0084 (  15)
................................................................................
.............................. CYCLE   50 ......................................
................................................................................
   1    -41.1154660 -0.411155E+02  0.487E-02    9.52       0.0  T
   2    -41.1154662 -0.201079E-06  0.365E-02    9.52       1.0  T
   3    -41.1154664 -0.232311E-06  0.393E-03    9.52       5.8  T
   4    -41.1154664 -0.128174E-07  0.915E-04    9.52      25.1  T
   5    -41.1154664 -0.123193E-08  0.384E-04    9.52      59.8  T
speedup  1.29
cpu  time for SCC    0.00 s
wall time for SCC    0.00 s
speedup  1.03
cpu  time for grad    0.01 s
wall time for grad    0.01 s
 E :    -40.92217209  G :  0.001272    pred/act E change: -0.583D-05 -0.625D-05
Maxdispl :   0.0715   ||displ|| :   0.0797   Lambda : -0.954D-05
Largest |displ|/coords:  0.0715 (   2)  0.0185 (   9)  0.0113 (  10)
................................................................................
.............................. CYCLE   51 ......................................
................................................................................
   1    -41.1155407 -0.411155E+02  0.676E-02    9.52       0.0  T
   2    -41.1155411 -0.415370E-06  0.508E-02    9.52       1.0  T
   3    -41.1155416 -0.493540E-06  0.506E-03    9.52       4.5  T
   4    -41.1155416 -0.254261E-07  0.177E-03    9.52      12.9  T
   5    -41.1155416 -0.271121E-08  0.502E-04    9.52      45.7  T
   6    -41.1155416 -0.216403E-09  0.339E-04    9.52      67.6  T
speedup  1.05
cpu  time for SCC    0.00 s
wall time for SCC    0.00 s
speedup  1.06
cpu  time for grad    0.01 s
wall time for grad    0.01 s
 E :    -40.92217846  G :  0.001145    pred/act E change: -0.406D-05 -0.637D-05
Maxdispl :   0.0453   ||displ|| :   0.0510   Lambda : -0.419D-05
Largest |displ|/coords:  0.0453 (   2)  0.0104 (   9)  0.0099 (   5)
................................................................................
.............................. CYCLE   52 ......................................
................................................................................
   1    -41.1155274 -0.411155E+02  0.397E-02    9.51       0.0  T
   2    -41.1155275 -0.160007E-06  0.300E-02    9.51       1.0  T
   3    -41.1155277 -0.196880E-06  0.236E-03    9.51       9.7  T
   4    -41.1155277 -0.984092E-08  0.108E-03    9.51      21.3  T
   5    -41.1155277 -0.758980E-09  0.301E-04    9.51      76.2  T
   6    -41.1155277 -0.793676E-10  0.197E-04    9.51     116.5  T
speedup  0.79
cpu  time for SCC    0.00 s
wall time for SCC    0.00 s
speedup  0.96
cpu  time for grad    0.01 s
wall time for grad    0.01 s
 E :    -40.92218166  G :  0.001003    pred/act E change: -0.480D-05 -0.319D-05
Maxdispl :   0.0473   ||displ|| :   0.0549   Lambda : -0.417D-05
Largest |displ|/coords:  0.0473 (   2)  0.0154 (   5)  0.0112 (  14)

generating ANC from model Hessian ...
 Shifting diagonal of input Hessian by   4.657614502617059E-003
 Lowest  eigenvalues of input Hessian
   -0.000000   -0.000000    0.000000    0.000000    0.000000    0.000000
    0.005000    0.005366    0.006289    0.006699    0.008039    0.008308
    0.009671    0.013333    0.013831    0.018472    0.022342    0.022818
 Highest eigenvalues
    1.388021    1.394038    1.395051    2.801107    3.424454    3.474321
 
cpu  time for ANC gen    0.01 s
wall time for ANC gen    0.01 s
................................................................................
.............................. CYCLE   53 ......................................
................................................................................
   1    -41.1154854 -0.411155E+02  0.403E-02    9.51       0.0  T
   2    -41.1154855 -0.181046E-06  0.305E-02    9.51       1.0  T
   3    -41.1154858 -0.234424E-06  0.210E-03    9.51      10.9  T
   4    -41.1154858 -0.972720E-08  0.101E-03    9.51      22.6  T
   5    -41.1154858 -0.817849E-09  0.307E-04    9.51      74.8  T
   6    -41.1154858 -0.814708E-10  0.180E-04    9.51     127.7  T
speedup  0.79
cpu  time for SCC    0.00 s
wall time for SCC    0.00 s
speedup  0.97
cpu  time for grad    0.01 s
wall time for grad    0.01 s
 E :    -40.92218447  G :  0.000732    pred/act E change:  0.000D+00 -0.282D-05
Maxdispl :   0.0062   ||displ|| :   0.0100   Lambda : -0.170D-05
Largest |displ|/coords:  0.0062 (   4)  0.0040 (   1)  0.0038 (   9)
................................................................................
.............................. CYCLE   54 ......................................
................................................................................
   1    -41.1155081 -0.411155E+02  0.849E-03    9.52       0.0  T
   2    -41.1155081 -0.142655E-07  0.638E-03    9.52       3.6  T
   3    -41.1155081 -0.628375E-08  0.886E-04    9.52      25.9  T
   4    -41.1155081 -0.275003E-08  0.374E-04    9.52      61.4  T
speedup  1.15
cpu  time for SCC    0.00 s
wall time for SCC    0.00 s
speedup  0.99
cpu  time for grad    0.01 s
wall time for grad    0.01 s
 E :    -40.92218582  G :  0.000446    pred/act E change:  0.000D+00 -0.135D-05
Maxdispl :   0.0095   ||displ|| :   0.0251   Lambda : -0.360D-05
Largest |displ|/coords:  0.0095 (   9)  0.0094 (  14)  0.0094 (   1)
................................................................................
.............................. CYCLE   55 ......................................
................................................................................
   1    -41.1155862 -0.411156E+02  0.212E-02    9.52       0.0  T
   2    -41.1155863 -0.104783E-06  0.158E-02    9.52       1.4  T
   3    -41.1155863 -0.295574E-07  0.252E-03    9.52       9.1  T
   4    -41.1155863 -0.205319E-07  0.980E-04    9.52      23.4  T
   5    -41.1155863 -0.717591E-09  0.167E-04    9.52     137.2  T
speedup  0.97
cpu  time for SCC    0.00 s
wall time for SCC    0.00 s
speedup  1.05
cpu  time for grad    0.01 s
wall time for grad    0.01 s
 E :    -40.92218735  G :  0.000663    pred/act E change: -0.850D-06 -0.152D-05
Maxdispl :   0.0079   ||displ|| :   0.0126   Lambda : -0.134D-05
Largest |displ|/coords:  0.0079 (   3)  0.0056 (   4)  0.0046 (   7)
................................................................................
.............................. CYCLE   56 ......................................
................................................................................
   1    -41.1156211 -0.411156E+02  0.916E-03    9.53       0.0  T
   2    -41.1156211 -0.124919E-07  0.690E-03    9.53       3.3  T
   3    -41.1156211 -0.982749E-08  0.850E-04    9.53      27.0  T
   4    -41.1156211 -0.190832E-08  0.312E-04    9.53      73.6  T
speedup  0.80
cpu  time for SCC    0.00 s
wall time for SCC    0.00 s
speedup  0.99
cpu  time for grad    0.01 s
wall time for grad    0.01 s
 E :    -40.92218801  G :  0.000539    pred/act E change: -0.180D-05 -0.664D-06
Maxdispl :   0.0021   ||displ|| :   0.0051   Lambda : -0.536D-06
Largest |displ|/coords:  0.0021 (   9)  0.0019 (   8)  0.0017 (  14)
................................................................................
.............................. CYCLE   57 ......................................
................................................................................
   1    -41.1156295 -0.411156E+02  0.446E-03    9.52       0.0  T
   2    -41.1156295 -0.226292E-08  0.337E-03    9.52       6.8  T
   3    -41.1156295 -0.263830E-08  0.309E-04    9.52      74.4  T
   4    -41.1156295 -0.182723E-09  0.139E-04    9.52     165.1  T
speedup  1.15
cpu  time for SCC    0.00 s
wall time for SCC    0.00 s
speedup  0.98
cpu  time for grad    0.01 s
wall time for grad    0.01 s
 E :    -40.92218842  G :  0.000300    pred/act E change: -0.673D-06 -0.406D-06
Maxdispl :   0.0072   ||displ|| :   0.0135   Lambda : -0.671D-06
Largest |displ|/coords:  0.0072 (   2)  0.0055 (  14)  0.0052 (   9)
................................................................................
.............................. CYCLE   58 ......................................
................................................................................
   1    -41.1156218 -0.411156E+02  0.117E-02    9.52       0.0  T
   2    -41.1156218 -0.116733E-07  0.885E-03    9.52       2.6  T
   3    -41.1156218 -0.125269E-07  0.758E-04    9.52      30.3  T
   4    -41.1156218 -0.121828E-08  0.309E-04    9.52      74.2  T
speedup  1.20
cpu  time for SCC    0.00 s
wall time for SCC    0.00 s
speedup  0.99
cpu  time for grad    0.01 s
wall time for grad    0.01 s
 E :    -40.92218884  G :  0.000248    pred/act E change: -0.268D-06 -0.421D-06
Maxdispl :   0.0052   ||displ|| :   0.0084   Lambda : -0.214D-06
Largest |displ|/coords:  0.0052 (   2)  0.0033 (   9)  0.0032 (  14)
................................................................................
.............................. CYCLE   59 ......................................
................................................................................
   1    -41.1156059 -0.411156E+02  0.705E-03    9.52       0.0  T
   2    -41.1156059 -0.374299E-08  0.531E-03    9.52       4.3  T
   3    -41.1156059 -0.351436E-08  0.462E-04    9.52      49.6  T
   4    -41.1156059 -0.461945E-09  0.183E-04    9.52     125.6  T
speedup  0.80
cpu  time for SCC    0.00 s
wall time for SCC    0.00 s
speedup  0.99
cpu  time for grad    0.01 s
wall time for grad    0.01 s
 E :    -40.92218901  G :  0.000209    pred/act E change: -0.336D-06 -0.175D-06
Maxdispl :   0.0115   ||displ|| :   0.0163   Lambda : -0.359D-06
Largest |displ|/coords:  0.0115 (   2)  0.0058 (   9)  0.0050 (  14)
................................................................................
.............................. CYCLE   60 ......................................
................................................................................
   1    -41.1155708 -0.411156E+02  0.137E-02    9.52       0.0  T
   2    -41.1155708 -0.141128E-07  0.103E-02    9.52       2.2  T
   3    -41.1155708 -0.145334E-07  0.945E-04    9.52      24.3  T
   4    -41.1155708 -0.141930E-08  0.347E-04    9.52      66.2  T
speedup  0.80
cpu  time for SCC    0.00 s
wall time for SCC    0.00 s
speedup  0.99
cpu  time for grad    0.01 s
wall time for grad    0.01 s
 E :    -40.92218925  G :  0.000195    pred/act E change: -0.107D-06 -0.235D-06
Maxdispl :   0.0057   ||displ|| :   0.0075   Lambda : -0.136D-06
Largest |displ|/coords:  0.0057 (   2)  0.0023 (   9)  0.0022 (   7)
................................................................................
.............................. CYCLE   61 ......................................
................................................................................
   1    -41.1155649 -0.411156E+02  0.601E-03    9.52       0.0  T
   2    -41.1155649 -0.320368E-08  0.448E-03    9.52       5.1  T
   3    -41.1155649 -0.308017E-08  0.534E-04    9.52      43.0  T
   4    -41.1155649 -0.299693E-09  0.128E-04    9.52     179.8  T
speedup  1.20
cpu  time for SCC    0.00 s
wall time for SCC    0.00 s
speedup  0.99
cpu  time for grad    0.01 s
wall time for grad    0.01 s
 E :    -40.92218936  G :  0.000182    pred/act E change: -0.179D-06 -0.113D-06
Maxdispl :   0.0106   ||displ|| :   0.0134   Lambda : -0.201D-06
Largest |displ|/coords:  0.0106 (   2)  0.0042 (   7)  0.0037 (   9)
................................................................................
.............................. CYCLE   62 ......................................
................................................................................
   1    -41.1155619 -0.411156E+02  0.108E-02    9.52       0.0  T
   2    -41.1155619 -0.965774E-08  0.806E-03    9.52       2.8  T
   3    -41.1155619 -0.107936E-07  0.917E-04    9.52      25.0  T
   4    -41.1155619 -0.690946E-09  0.174E-04    9.52     131.5  T
speedup  1.20
cpu  time for SCC    0.00 s
wall time for SCC    0.00 s
speedup  0.99
cpu  time for grad    0.01 s
wall time for grad    0.01 s
 E :    -40.92218949  G :  0.000165    pred/act E change: -0.680D-07 -0.128D-06
Maxdispl :   0.0037   ||displ|| :   0.0050   Lambda : -0.716D-07
Largest |displ|/coords:  0.0037 (   2)  0.0019 (   7)  0.0013 (   1)
................................................................................
.............................. CYCLE   63 ......................................
................................................................................
   1    -41.1155723 -0.411156E+02  0.364E-03    9.52       0.0  T
   2    -41.1155723 -0.121035E-08  0.272E-03    9.52       8.4  T
   3    -41.1155723 -0.140911E-08  0.321E-04    9.52      71.4  T
   4    -41.1155723 -0.755946E-10  0.705E-05    9.52     325.6  T
speedup  1.20
cpu  time for SCC    0.00 s
wall time for SCC    0.00 s
speedup  1.11
cpu  time for grad    0.01 s
wall time for grad    0.01 s
 E :    -40.92218954  G :  0.000117    pred/act E change: -0.100D-06 -0.553D-07
Maxdispl :   0.0050   ||displ|| :   0.0065   Lambda : -0.705D-07
Largest |displ|/coords:  0.0050 (   2)  0.0026 (   7)  0.0016 (   9)

   *** GEOMETRY OPTIMIZATION CONVERGED AFTER 63 ITERATIONS ***

------------------------------------------------------------------------
 total energy gain (kcal):     -0.0032
------------------------------------------------------------------------
================
 final structure:
================
$coord
       -0.57386206722233       -1.98116865268617        0.72861827766708      S 
        1.63588771468958       -0.97853600676086        2.03898940226714      O 
       -2.66611522340593       -0.18585686751483        0.80314699987062      O 
        0.03748580454321       -2.70870241086106       -1.86728416141508      O 
       -1.42122313541437       -4.44072200641037        2.10197530597299      O 
       -1.79972086204401       -3.82722905341247        3.80751128001621      H 
       -2.52044855911250        3.20013576997597       -2.73521383484905      O 
       -4.04439323673238        3.00321063005395       -3.69839674136324      H 
       -2.68596623774732        2.04785163936734       -1.25841904387202      H 
        4.46227855225560        1.90444389984497       -0.73643226378455      O 
        3.45183835584364        0.91084414151710        0.49981171043828      H 
        6.09613075111436        1.11972709729137       -0.79497259645223      H 
       -1.88917671517634       -1.16840226810719        5.81683650820784      O 
       -0.16327889399070       -0.71409826635887        5.43042225116181      H 
       -2.89889510686640       -0.21044136607339        4.63434647185220      H 
        1.42210567926550        1.02127651826783       -4.30380218223063      O 
        0.86667900378688       -0.73065645517620       -3.49403871565417      H 
       -0.13138335099706        2.14275607224068       -3.90931045288343      H 
        2.82205750827821        1.59556754696918       -3.06378817703144      H 
$end
 
 Bond Distances (Angstroems)
 ---------------------------
S1-O2=1.4594         S1-O3=1.4594         S1-O4=1.4628         S1-O5=1.5567         O2-S1=1.4594         O3-S1=1.4594         
O4-S1=1.4628         O5-S1=1.5567         O5-H6=0.9798         H6-O5=0.9798         O7-H8=0.9597         O7-H9=0.9951         
H8-O7=0.9597         H9-O7=0.9951         O10-H11=0.9952       O10-H12=0.9596       H11-O10=0.9952       H12-O10=0.9596       
O13-H14=0.9663       O13-H15=0.9665       H14-O13=0.9663       H15-O13=0.9665       O16-H17=1.0628       O16-H18=1.0352       
O16-H19=1.0353       H17-O16=1.0628       H18-O16=1.0352       H19-O16=1.0353       
 O  H  Rav=0.9955 sigma=0.0349  Rmin=0.9596  Rmax=1.0628    10
 S  O  Rav=1.4846 sigma=0.0416  Rmin=1.4594  Rmax=1.5567     4
 
 selected bond angles (degree)
 --------------------
O3-S1-O2=111.00                O4-S1-O2=111.39                O4-S1-O3=111.38                O5-S1-O2=108.24                
O5-S1-O3=108.25                O5-S1-O4=106.38                H6-O5-S1=102.23                H9-O7-H8=106.06                
H12-O10-H11=106.06             
 
 selected dihedral angles (degree)
 ---------------------------------
H6-O5-S1-O2= 60.25            H6-O5-S1-O3=299.85            H6-O5-S1-O4=180.05            
 
 CMA Distance (Angstroems)
 ---------------------------
R(CMA):  1.9342

========================================================================
 FINAL SINGLEPOINT CALCULATION ON OPTIMIZED GEOMETRY
========================================================================

 Ncao       : 52
 Nao        : 51
 Nshell     : 29
 Nel        : 64
 T(el)      :   300.0
 intcut     :    25.0
 scfconv/Eh :  0.100E-05
   qconv/e  :  0.100E-03
 intneglect :  0.100E-07
 broydamp   :      0.250
 iter      E             dE          RMSdq      gap      omega  full diag
   1    -41.1155723 -0.411156E+02  0.271E-05    9.52       0.0  T
   2    -41.1155723 -0.341061E-12  0.167E-05    9.52    1372.2  T
   3    -41.1155723 -0.220268E-12  0.329E-06    9.52    6970.3  T
speedup  1.11
cpu  time for SCC    0.00 s
wall time for SCC    0.00 s

   *** convergence criteria satisfied after 3 iterations ***

          eigenvalues
 #    :          20         21         22         23         24         25         26         27
 occ. :        2.000      2.000      2.000      2.000      2.000      2.000      2.000      2.000
 eps  :       -14.543    -14.338    -13.921    -13.531    -12.953    -12.880    -12.850    -12.569
 #    :          28         29         30         31         32         33         34         35
 occ. :        2.000      2.000      2.000      2.000      2.000      0.000      0.000      0.000
 eps  :       -12.560    -12.399    -12.229    -12.191    -12.049     -2.528     -0.390     -0.235
 #    :          36         37         38         39         40         41         42         43
 occ. :        0.000      0.000      0.000      0.000      0.000      0.000      0.000      0.000
 eps  :         0.392      0.980      1.797      2.193      3.833      5.148      6.122      6.326


   #   Z            q   n(s)   n(p)   n(d)      C6AA      α(0)
   1  16 S      1.702  1.586  1.768  0.944    88.721    15.853
   2   8 O     -0.764  1.775  4.989  0.000    30.509     7.406
   3   8 O     -0.764  1.775  4.989  0.000    30.513     7.406
   4   8 O     -0.719  1.761  4.958  0.000    29.178     7.244
   5   8 O     -0.597  1.756  4.842  0.000    25.095     6.763
   6   1 H      0.374  0.626  0.000  0.000     0.527     1.136
   7   8 O     -0.600  1.744  4.856  0.000    25.173     6.772
   8   1 H      0.302  0.698  0.000  0.000     0.714     1.327
   9   1 H      0.342  0.658  0.000  0.000     0.607     1.224
  10   8 O     -0.600  1.744  4.856  0.000    25.174     6.772
  11   1 H      0.342  0.658  0.000  0.000     0.607     1.224
  12   1 H      0.302  0.698  0.000  0.000     0.714     1.327
  13   8 O     -0.595  1.738  4.857  0.000    25.057     6.756
  14   1 H      0.308  0.692  0.000  0.000     0.696     1.311
  15   1 H      0.309  0.691  0.000  0.000     0.696     1.310
  16   8 O     -0.502  1.727  4.776  0.000    22.878     6.460
  17   1 H      0.390  0.610  0.000  0.000     0.499     1.107
  18   1 H      0.384  0.616  0.000  0.000     0.514     1.126
  19   1 H      0.384  0.616  0.000  0.000     0.514     1.126

 Mol. C6AA /au·bohr⁶  :       3386.793365
 Mol. C8AA /au·bohr⁸  :      76663.413764
 Mol. α(0) /au        :         83.652307

 
 Wiberg/Mayer (AO) data. WBOs > 0.1 written file <wbo>
 largest (>0.05) Wiberg bond orders for each atom
           total WBO             WBO to atom ...
     1  S   4.821    O    4 1.274    O    2 1.273    O    3 1.272    O    5 0.953
     2  O   1.703    S    1 1.273    O    3 0.109    O    4 0.106    H   11 0.081    O    5 0.078
     3  O   1.703    S    1 1.272    O    2 0.109    O    4 0.106    H    9 0.081    O    5 0.078
     4  O   1.781    S    1 1.274    H   17 0.176    O    2 0.106    O    3 0.106    O    5 0.059    O   16 0.052
     5  O   1.983    S    1 0.953    H    6 0.775    O    2 0.078    O    3 0.078    O    4 0.059
     6  H   0.860    O    5 0.775    O   13 0.066
     7  O   1.946    H    8 0.904    H    9 0.797    H   18 0.148    O   16 0.054
     8  H   0.909    O    7 0.904
     9  H   0.883    O    7 0.797    O    3 0.081
    10  O   1.946    H   12 0.904    H   11 0.797    H   19 0.148    O   16 0.054
    11  H   0.883    O   10 0.797    O    2 0.081
    12  H   0.909    O   10 0.904
    13  O   1.890    H   14 0.887    H   15 0.886    H    6 0.066
    14  H   0.905    O   13 0.887
    15  H   0.905    O   13 0.886
    16  O   2.247    H   18 0.701    H   19 0.701    H   17 0.661    O   10 0.054    O    7 0.054    O    4 0.052
    17  H   0.848    O   16 0.661    O    4 0.176
    18  H   0.852    O   16 0.701    O    7 0.148
    19  H   0.852    O   16 0.701    O   10 0.148
 MOs/occ written to file <molden.input>
 
molecular dipole:
                 x           y           z       tot (Debye)
 q only:        0.513       0.933      -1.190
   full:        0.332       0.541      -0.809       2.613
molecular quadrupole (traceless):
                xx          xy          yy          xz          yz          zz
 q only:        7.468      -2.184      -7.902       1.754      -2.923       0.434
  q+dip:       11.891      -3.776      -8.440       4.771      -1.340      -3.451
   full:       11.927      -3.661      -8.689       4.600      -1.880      -3.238

SCC energy    :     -41.1155723
rep           :       0.1932868
ES            :       0.2003898
AES           :      -0.0570886
AXC           :      -0.0112733
disp          :      -0.0135681
XB            :       0.0000000
fix           :       0.0000000
total E       :     -40.9221895
atomizationE  :       3.7163768     2332.06
(atE without considering molecular charge,
 total energy contains solvation terms)
H-L gap (eV)  :          9.5216
optimized geometry written to: xtbopt.xyz


------------------------------------------------------------------------
 * finished run on 2019/09/03 at 07:05:01.042     
------------------------------------------------------------------------
 total:
 * wall-time:     0 d,  0 h,  0 min,  1.118 sec
 *  cpu-time:     0 d,  0 h,  0 min,  1.021 sec
 * ratio c/w:     0.913 speedup
 SCF:
 * wall-time:     0 d,  0 h,  0 min,  0.114 sec
 *  cpu-time:     0 d,  0 h,  0 min,  0.091 sec
 * ratio c/w:     0.801 speedup
 ANC optimizer:
 * wall-time:     0 d,  0 h,  0 min,  0.982 sec
 *  cpu-time:     0 d,  0 h,  0 min,  0.911 sec
 * ratio c/w:     0.927 speedup

