      -----------------------------------------------------------      
     |                   =====================                   |     
     |                           x T B                           |     
     |                   =====================                   |     
     |                         S. Grimme                         |     
     |          Mulliken Center for Theoretical Chemistry        |     
     |                    University of Bonn                     |     
     |                 Version 6.0.1 (SAW181210)                 |     
      -----------------------------------------------------------      

   This program is distributed in the hope that it will be useful,
   but WITHOUT ANY WARRANTY; without even the implied warranty of
   MERCHANTABILITY or FITNESS FOR A PARTICULAR PURPOSE.
   
   FOR NON-COMMERCIAL, ACADEMIA USE ONLY.
   
   Cite this work as:
   S. Grimme, C. Bannwarth, P. Shushkov, J. Comput. Theory Chem., 2017,
   13, 1989-2009.
   C. Bannwarth, S. Ehlert and S. Grimme., ChemRxiv, 2018, preprint.
   http://doi.org/10.26434/chemrxiv.7246238.v1
   
   for sTDA-xTB:
   S. Grimme and C. Bannwarth, J. Chem. Phys., 2016, 145, 054103.
   
   in the mass-spec context:
   V. Asgeirsson, C. Bauer and S. Grimme, Chem. Sci., 2017, 8, 4879.
   
   if GBSA is used:
   P. Shushkov, F. März and S. Grimme, unpublished.
   
   for ANC optimizer:
   S. Grimme, unpublished.
   Rational Function algorithm used in ANCopt:
   F. Eckert, P. Pulay, H.-J. Werner, J. Comput. Chem., 1997, 18, 1473.
   
   with help from (in alphabetical order)
   C. Bannwarth, F. Bohle, G. Brandenburg, E. Caldeweyher, M. Checinski,
   S. Dohm, S. Ehlert, S. Ehrlich, F. März, H. Neugebauer, J. Pisarek,
   P. Pracht, P. Shushkov, and S. Spicher.
   
 * started run on 2019/09/03 at 07:05:58.607     
========================================================================
 # omp threads = 1
========================================================================
number of atoms            : 19
number of electrons        : 64
charge                     : 0
spin                       : .0
first test random number   : .3695

########################################################################
# WARNING! Please study the warnings concerning your input carefully
#  - XTBPATH is not set, using XTBHOME instead
#  - the use of '-opt' is discouraged, please use '--opt' next time
#  - the use of '-chrg' is discouraged, please use '--chrg' next time
#  - the use of '-uhf' is discouraged, please use '--uhf' next time
########################################################################

           ------------------------------------------------- 
          |                 G F N 2 - x T B                 |
          | Geometry, Frequencies, Noncovalent interactions |
          |            JCTC 2018 parametrisation            |
           ------------------------------------------------- 
      method parameters     
 k(s)        :  1.8500
 k(p)        :  2.2300
 k(d)        :  2.2300
 k(f)        :  2.0000
 kEN (H0ij)  : -2.0000
 D4 a1       :  0.5200
 D4 a2       :  5.0000
 D4 s6       :  1.0000
 D4 s8       :  2.7000
 D4 s9       :  5.0000
 alphaj      :  2.0000


            Z     q(EN)     CN     RAES       Cart. coordinates
     1  S   6.0    0.64    4.32    4.28    -0.69806    -1.77424     0.41078
     2  O   6.0   -0.31    1.20    1.80     1.41643    -2.47611    -1.31097
     3  O   6.0   -0.30    1.19    1.80     0.34899    -0.87564     2.86523
     4  O   6.0   -0.30    1.16    1.80    -2.22484     0.27814    -0.76601
     5  O   6.0   -0.25    2.09    1.84    -2.31043    -3.99255     0.84880
     6  H   1.0    0.15    1.22    1.47    -1.32747    -5.31542     1.60701
     7  O   6.0   -0.28    2.05    1.83     3.25480     2.85316    -1.82914
     8  H   1.0    0.17    1.00    1.43     3.04134     1.05877    -2.05100
     9  H   1.0    0.15    0.97    1.43     4.01786     3.44185    -3.37375
    10  O   6.0   -0.27    1.95    1.82    -4.31991     5.14379    -0.12560
    11  H   1.0    0.17    1.01    1.43    -3.52053     3.59703    -0.65772
    12  H   1.0    0.15    0.97    1.43    -6.10674     4.79560    -0.15048
    13  O   6.0   -0.26    1.96    1.82     1.55166    -7.48946    -0.62251
    14  H   1.0    0.17    1.06    1.44     1.69572    -5.80804    -1.30566
    15  H   1.0    0.15    0.97    1.43     2.98693    -8.39921    -1.27594
    16  O   6.0   -0.21    2.89    2.52     0.70600     4.02718     2.17408
    17  H   1.0    0.15    1.06    1.44     1.86531     3.84309     0.72083
    18  H   1.0    0.13    0.98    1.43    -0.98332     4.62894     1.65053
    19  H   1.0    0.15    1.03    1.43     0.60627     2.46309     3.19151

  Z AO/shell   Hii/eV     exponent
  1     Wed Apr 25 08:07:45 CEST 2018   EN: 2.200 GM2: 0.406  GM3: 0.0800  RAES: 1.40
     1s    -10.707211    1.230000
  8     Wed Apr 25 08:07:45 CEST 2018   EN: 3.440 GM2: 0.452  GM3:-0.0517  RAES: 1.80
     2s    -20.229985    2.439742
     2p    -15.503117    2.137023
 16     Tue Apr 24 11:44:34 CEST 2018   EN: 2.580 GM2: 0.340  GM3:-0.0502  RAES: 3.10
     3s    -20.029654    1.981333
     3p    -11.377694    2.025643
     3d     -0.420282    1.702555
 no old-style atom pair restraining (fixing) potential

molecular fragmentation (1/2 indicates fragments):
1111112222222222222
# atoms in fragment 1/2:     6    13
 fragment masses (1/2) :       97.07       73.07
CMA distance (Bohr)    :   3.151
constraining FC (au)   :  0.0500
           ------------------------------------------------- 
          |        Self-Consistent Charge Iterations        |
           ------------------------------------------------- 

 Ncao       : 52
 Nao        : 51
 Nshell     : 29
 Nel        : 64
 T(el)      :   300.0
 intcut     :    25.0
 scfconv/Eh :  0.100E-05
   qconv/e  :  0.100E-03
 intneglect :  0.100E-07
 broydamp   :      0.250
 iter      E             dE          RMSdq      gap      omega  full diag
   1    -41.0106946 -0.410107E+02  0.770E+00   10.54       0.0  T
   2    -41.0495477 -0.388531E-01  0.556E+00   10.06       1.0  T
   3    -41.0804423 -0.308946E-01  0.142E+00    8.60       1.0  T
   4    -41.0846671 -0.422479E-02  0.623E-01    8.52       1.0  T
   5    -41.0853762 -0.709135E-03  0.326E-01    8.44       1.0  T
   6    -41.0857112 -0.334986E-03  0.146E-01    8.46       1.0  T
   7    -41.0857970 -0.857619E-04  0.519E-02    8.51       1.0  T
   8    -41.0858060 -0.901685E-05  0.327E-02    8.51       1.0  T
   9    -41.0858115 -0.548232E-05  0.644E-03    8.50       3.6  T
  10    -41.0858116 -0.991407E-07  0.169E-03    8.50      13.6  T
  11    -41.0858116 -0.100954E-07  0.792E-04    8.50      29.0  T
  12    -41.0858116 -0.153491E-08  0.454E-04    8.50      50.5  T
speedup  0.93
cpu  time for SCC    0.01 s
wall time for SCC    0.01 s

   *** convergence criteria satisfied after 12 iterations ***

          eigenvalues
 #    :          20         21         22         23         24         25         26         27
 occ. :        2.000      2.000      2.000      2.000      2.000      2.000      2.000      2.000
 eps  :       -14.008    -13.255    -12.929    -12.900    -12.598    -12.214    -11.736    -11.508
 #    :          28         29         30         31         32         33         34         35
 occ. :        2.000      2.000      2.000      2.000      2.000      0.000      0.000      0.000
 eps  :       -11.435    -11.336    -10.983    -10.893    -10.688     -2.187     -1.028      0.207
 #    :          36         37         38         39         40         41         42         43
 occ. :        0.000      0.000      0.000      0.000      0.000      0.000      0.000      0.000
 eps  :         1.226      1.455      1.713      3.059      3.340      5.111      6.152      6.542


   #   Z            q   n(s)   n(p)   n(d)      C6AA      α(0)
   1  16 S      1.581  1.589  1.850  0.980    91.531    16.102
   2   8 O     -0.767  1.781  4.986  0.000    30.604     7.417
   3   8 O     -0.773  1.775  4.999  0.000    30.783     7.439
   4   8 O     -0.751  1.766  4.984  0.000    30.123     7.359
   5   8 O     -0.544  1.717  4.827  0.000    23.862     6.595
   6   1 H      0.379  0.621  0.000  0.000     0.516     1.124
   7   8 O     -0.597  1.719  4.878  0.000    25.112     6.763
   8   1 H      0.333  0.667  0.000  0.000     0.630     1.247
   9   1 H      0.307  0.693  0.000  0.000     0.700     1.314
  10   8 O     -0.611  1.736  4.875  0.000    25.449     6.809
  11   1 H      0.322  0.678  0.000  0.000     0.659     1.275
  12   1 H      0.290  0.710  0.000  0.000     0.752     1.362
  13   8 O     -0.618  1.743  4.875  0.000    25.626     6.832
  14   1 H      0.313  0.687  0.000  0.000     0.684     1.299
  15   1 H      0.274  0.726  0.000  0.000     0.804     1.409
  16   8 O     -0.397  1.632  4.765  0.000    20.742     6.151
  17   1 H      0.426  0.574  0.000  0.000     0.440     1.042
  18   1 H      0.416  0.584  0.000  0.000     0.456     1.061
  19   1 H      0.418  0.582  0.000  0.000     0.452     1.057

 Mol. C6AA /au·bohr⁶  :       3383.318588
 Mol. C8AA /au·bohr⁸  :      76804.381803
 Mol. α(0) /au        :         83.657425

 
 Wiberg/Mayer (AO) data. WBOs > 0.1 written file <wbo>
 largest (>0.05) Wiberg bond orders for each atom
           total WBO             WBO to atom ...
     1  S   4.927    O    4 1.336    O    2 1.278    O    3 1.270    O    5 1.014
     2  O   1.673    S    1 1.278    O    3 0.110    O    4 0.110    O    5 0.077
     3  O   1.668    S    1 1.270    O    4 0.115    O    2 0.110    O    5 0.073    H   19 0.070
     4  O   1.673    S    1 1.336    O    3 0.115    O    2 0.110    O    5 0.057
     5  O   2.052    S    1 1.014    H    6 0.824    O    2 0.077    O    3 0.073    O    4 0.057
     6  H   0.856    O    5 0.824
     7  O   1.882    H    9 0.895    H    8 0.866    H   17 0.084
     8  H   0.889    O    7 0.866
     9  H   0.906    O    7 0.895
    10  O   1.829    H   12 0.911    H   11 0.863
    11  H   0.897    O   10 0.863
    12  H   0.916    O   10 0.911
    13  O   1.810    H   15 0.922    H   14 0.853
    14  H   0.902    O   13 0.853
    15  H   0.925    O   13 0.922
    16  O   2.348    H   18 0.791    H   19 0.749    H   17 0.729
    17  H   0.819    O   16 0.729    O    7 0.084
    18  H   0.827    O   16 0.791
    19  H   0.825    O   16 0.749    O    3 0.070
 MOs/occ written to file <molden.input>
 
molecular dipole:
                 x           y           z       tot (Debye)
 q only:        0.750       2.338       0.449
   full:        0.627       1.412       0.063       3.929
molecular quadrupole (traceless):
                xx          xy          yy          xz          yz          zz
 q only:        0.869       2.508       0.859      -5.808       2.860      -1.728
  q+dip:        4.242       0.669      -3.261      -8.143       1.384      -0.981
   full:        4.178       0.668      -2.672      -8.463       1.164      -1.506

SCC energy    :     -41.0858116
rep           :       0.2164169
ES            :       0.2491322
AES           :      -0.0556029
AXC           :      -0.0112212
disp          :      -0.0123183
XB            :       0.0000000
fix           :       0.0000000
total E       :     -40.8693499
atomizationE  :       3.6635371     2298.90
(atE without considering molecular charge,
 total energy contains solvation terms)
H-L gap (eV)  :          8.5005
           ------------------------------------------------- 
          |                 ===============                 |
          |                   A N C O P T                   |
          |                 ===============                 |
          |          Approximate Normal Coordinate          |
          |           Rational Function Optimizer           |
           ------------------------------------------------- 
dumping coords to <xtbopt.coord> and <xtbopt.log>
 optlevel               2
 Maxcycle             380
 Maxmicro              25
 Econv         1.000000000000000E-007
 Gconv         2.000000000000000E-004
 Maxdispl       1.00000000000000     
 Hlow          5.000000000000000E-003
 S6             20.0000000000000     
 Nvar               51

generating ANC from model Hessian ...
 Shifting diagonal of input Hessian by   9.088795942226289E-003
 Lowest  eigenvalues of input Hessian
    0.005000   -0.000000   -0.000000   -0.000000   -0.000000   -0.000000
    0.000000    0.009131    0.009200    0.009351    0.009607    0.010135
    0.010421    0.010511    0.010846    0.011237    0.011480    0.011806
 Highest eigenvalues
    1.456511    1.549337    1.563349    3.136435    3.215334    3.311966
 
cpu  time for ANC gen    0.01 s
wall time for ANC gen    0.01 s
................................................................................
.............................. CYCLE    1 ......................................
................................................................................
   1    -41.0858116 -0.410858E+02  0.114E-04    8.50       0.0  T
   2    -41.0858116 -0.161648E-10  0.841E-05    8.50     272.6  T
   3    -41.0858116 -0.110845E-10  0.351E-05    8.50     654.1  T
speedup  1.00
cpu  time for SCC    0.00 s
wall time for SCC    0.00 s
speedup  0.95
cpu  time for grad    0.01 s
wall time for grad    0.01 s
 E :    -40.86934987  G :  0.142035    pred/act E change:  0.000D+00  0.204D-07
Maxdispl :   0.2796   ||displ|| :   0.5296   Lambda : -0.230D-01
Largest |displ|/coords:  0.2796 (  20)  0.2555 (  23)  0.1443 (  13)
................................................................................
.............................. CYCLE    2 ......................................
................................................................................
   1    -41.0955261 -0.410955E+02  0.475E-01    8.84       0.0  T
   2    -41.0956534 -0.127302E-03  0.364E-01    8.89       1.0  T
   3    -41.0957137 -0.603375E-04  0.100E-01    8.99       1.0  T
   4    -41.0957316 -0.179162E-04  0.242E-02    8.99       1.0  T
   5    -41.0957328 -0.117949E-05  0.818E-03    8.98       2.8  T
   6    -41.0957329 -0.734512E-07  0.437E-03    8.98       5.3  T
   7    -41.0957329 -0.437847E-07  0.182E-03    8.98      12.6  T
speedup  0.93
cpu  time for SCC    0.00 s
wall time for SCC    0.00 s
speedup  0.96
cpu  time for grad    0.01 s
wall time for grad    0.01 s
 E :    -40.88934785  G :  0.095090    pred/act E change:  0.000D+00 -0.200D-01
Maxdispl :   0.3213   ||displ|| :   0.5519   Lambda : -0.171D-01
Largest |displ|/coords:  0.3213 (  23)  0.2396 (  20)  0.1669 (  13)
................................................................................
.............................. CYCLE    3 ......................................
................................................................................
   1    -41.1039089 -0.411039E+02  0.364E-01    9.13       0.0  T
   2    -41.1041812 -0.272366E-03  0.280E-01    9.16       1.0  T
   3    -41.1043017 -0.120506E-03  0.124E-01    9.21       1.0  T
   4    -41.1043156 -0.138943E-04  0.346E-02    9.22       1.0  T
   5    -41.1043179 -0.228131E-05  0.985E-03    9.22       2.3  T
   6    -41.1043180 -0.144372E-06  0.534E-03    9.22       4.3  T
   7    -41.1043181 -0.713354E-07  0.224E-03    9.22      10.2  T
speedup  1.16
cpu  time for SCC    0.00 s
wall time for SCC    0.00 s
speedup  1.05
cpu  time for grad    0.01 s
wall time for grad    0.01 s
 E :    -40.90319279  G :  0.060232    pred/act E change: -0.148D-01 -0.138D-01
Maxdispl :   0.2045   ||displ|| :   0.4980   Lambda : -0.827D-02
Largest |displ|/coords:  0.2045 (  23)  0.1751 (  10)  0.1646 (  20)
................................................................................
.............................. CYCLE    4 ......................................
................................................................................
   1    -41.1082892 -0.411083E+02  0.317E-01    9.27       0.0  T
   2    -41.1085489 -0.259723E-03  0.239E-01    9.29       1.0  T
   3    -41.1086662 -0.117251E-03  0.106E-01    9.30       1.0  T
   4    -41.1086773 -0.111409E-04  0.296E-02    9.30       1.0  T
   5    -41.1086788 -0.149785E-05  0.869E-03    9.30       2.6  T
   6    -41.1086790 -0.123290E-06  0.480E-03    9.30       4.8  T
   7    -41.1086790 -0.586735E-07  0.192E-03    9.30      12.0  T
speedup  0.93
cpu  time for SCC    0.00 s
wall time for SCC    0.00 s
speedup  1.05
cpu  time for grad    0.01 s
wall time for grad    0.01 s
 E :    -40.90883575  G :  0.040268    pred/act E change: -0.112D-01 -0.564D-02
Maxdispl :   0.2458   ||displ|| :   0.5009   Lambda : -0.459D-02
Largest |displ|/coords:  0.2458 (  10)  0.1884 (  11)  0.1816 (   7)
................................................................................
.............................. CYCLE    5 ......................................
................................................................................
   1    -41.1083681 -0.411084E+02  0.335E-01    9.30       0.0  T
   2    -41.1084254 -0.572777E-04  0.254E-01    9.30       1.0  T
   3    -41.1084515 -0.261343E-04  0.542E-02    9.28       1.0  T
   4    -41.1084608 -0.921422E-05  0.203E-02    9.28       1.1  T
   5    -41.1084611 -0.393803E-06  0.451E-03    9.29       5.1  T
   6    -41.1084612 -0.210929E-07  0.290E-03    9.29       7.9  T
speedup  1.08
cpu  time for SCC    0.00 s
wall time for SCC    0.00 s
speedup  1.02
cpu  time for grad    0.01 s
wall time for grad    0.01 s
 E :    -40.91184130  G :  0.029667    pred/act E change: -0.516D-02 -0.301D-02
Maxdispl :   0.2556   ||displ|| :   0.5800   Lambda : -0.451D-02
Largest |displ|/coords:  0.2556 (   3)  0.2438 (   1)  0.2436 (  10)
................................................................................
.............................. CYCLE    6 ......................................
................................................................................
   1    -41.1195065 -0.411195E+02  0.366E-01    9.30       0.0  T
   2    -41.1196087 -0.102221E-03  0.272E-01    9.30       1.0  T
   3    -41.1196560 -0.472546E-04  0.752E-02    9.28       1.0  T
   4    -41.1196669 -0.109372E-04  0.265E-02    9.28       1.0  T
   5    -41.1196677 -0.805501E-06  0.549E-03    9.28       4.2  T
   6    -41.1196677 -0.338767E-07  0.303E-03    9.28       7.6  T
speedup  1.08
cpu  time for SCC    0.00 s
wall time for SCC    0.00 s
speedup  1.01
cpu  time for grad    0.01 s
wall time for grad    0.01 s
 E :    -40.91194954  G :  0.036519    pred/act E change: -0.287D-02 -0.108D-03
Maxdispl :   0.3223   ||displ|| :   0.4348   Lambda : -0.563D-02
Largest |displ|/coords:  0.3223 (   1)  0.1476 (   3)  0.1394 (  11)
................................................................................
.............................. CYCLE    7 ......................................
................................................................................
   1    -41.1142190 -0.411142E+02  0.368E-01    9.23       0.0  T
   2    -41.1142560 -0.370292E-04  0.275E-01    9.21       1.0  T
   3    -41.1142757 -0.196688E-04  0.419E-02    9.17       1.0  T
   4    -41.1142809 -0.525601E-05  0.141E-02    9.18       1.6  T
   5    -41.1142812 -0.288291E-06  0.405E-03    9.19       5.7  T
   6    -41.1142812 -0.129253E-07  0.239E-03    9.19       9.6  T
speedup  0.81
cpu  time for SCC    0.00 s
wall time for SCC    0.00 s
speedup  1.02
cpu  time for grad    0.01 s
wall time for grad    0.01 s
 E :    -40.91389057  G :  0.040895    pred/act E change: -0.301D-02 -0.194D-02
Maxdispl :   0.2267   ||displ|| :   0.4235   Lambda : -0.505D-02
Largest |displ|/coords:  0.2267 (  11)  0.1570 (   1)  0.1390 (  18)
................................................................................
.............................. CYCLE    8 ......................................
................................................................................
   1    -41.1060668 -0.411061E+02  0.647E-01    9.12       0.0  T
   2    -41.1062767 -0.209941E-03  0.486E-01    9.13       1.0  T
   3    -41.1064004 -0.123697E-03  0.108E-01    9.15       1.0  T
   4    -41.1064274 -0.269790E-04  0.288E-02    9.14       1.0  T
   5    -41.1064295 -0.209017E-05  0.851E-03    9.14       2.7  T
   6    -41.1064295 -0.302122E-07  0.522E-03    9.14       4.4  T
   7    -41.1064295 -0.328899E-07  0.962E-04    9.14      23.8  T
speedup  0.91
cpu  time for SCC    0.00 s
wall time for SCC    0.00 s
speedup  0.95
cpu  time for grad    0.01 s
wall time for grad    0.01 s
 E :    -40.91245063  G :  0.056602    pred/act E change: -0.334D-02  0.144D-02
Maxdispl :   0.2041   ||displ|| :   0.5003   Lambda : -0.123D-01
Largest |displ|/coords:  0.2041 (   1)  0.2018 (   9)  0.1806 (  11)
................................................................................
.............................. CYCLE    9 ......................................
................................................................................
   1    -41.1229601 -0.411230E+02  0.835E-01    9.28       0.0  T
   2    -41.1232473 -0.287228E-03  0.630E-01    9.28       1.0  T
   3    -41.1234515 -0.204229E-03  0.115E-01    9.28       1.0  T
   4    -41.1234879 -0.363067E-04  0.300E-02    9.29       1.0  T
   5    -41.1234900 -0.214671E-05  0.108E-02    9.29       2.1  T
   6    -41.1234900 -0.330130E-07  0.579E-03    9.29       4.0  T
   7    -41.1234901 -0.441208E-07  0.833E-04    9.29      27.6  T
speedup  0.91
cpu  time for SCC    0.00 s
wall time for SCC    0.00 s
speedup  1.05
cpu  time for grad    0.01 s
wall time for grad    0.01 s
 E :    -40.91316912  G :  0.056844    pred/act E change: -0.298D-02 -0.718D-03
Maxdispl :   0.1480   ||displ|| :   0.3097   Lambda : -0.493D-02
Largest |displ|/coords:  0.1480 (  12)  0.0998 (   7)  0.0929 (   3)
................................................................................
.............................. CYCLE   10 ......................................
................................................................................
   1    -41.1112651 -0.411113E+02  0.492E-01    9.19       0.0  T
   2    -41.1113483 -0.832191E-04  0.371E-01    9.20       1.0  T
   3    -41.1114043 -0.559675E-04  0.609E-02    9.20       1.0  T
   4    -41.1114159 -0.115827E-04  0.151E-02    9.19       1.5  T
   5    -41.1114163 -0.421920E-06  0.535E-03    9.19       4.3  T
   6    -41.1114163 -0.202196E-07  0.317E-03    9.19       7.2  T
speedup  0.81
cpu  time for SCC    0.00 s
wall time for SCC    0.00 s
speedup  1.01
cpu  time for grad    0.01 s
wall time for grad    0.01 s
 E :    -40.91572395  G :  0.025334    pred/act E change: -0.770D-02 -0.255D-02
Maxdispl :   0.1784   ||displ|| :   0.2823   Lambda : -0.156D-02
Largest |displ|/coords:  0.1784 (   3)  0.1210 (   1)  0.0949 (  13)
................................................................................
.............................. CYCLE   11 ......................................
................................................................................
   1    -41.1169069 -0.411169E+02  0.258E-01    9.28       0.0  T
   2    -41.1169380 -0.310531E-04  0.194E-01    9.27       1.0  T
   3    -41.1169589 -0.209720E-04  0.395E-02    9.25       1.0  T
   4    -41.1169630 -0.402362E-05  0.115E-02    9.26       2.0  T
   5    -41.1169632 -0.264358E-06  0.386E-03    9.26       5.9  T
   6    -41.1169632 -0.815023E-08  0.225E-03    9.26      10.2  T
speedup  1.05
cpu  time for SCC    0.00 s
wall time for SCC    0.00 s
speedup  1.00
cpu  time for grad    0.01 s
wall time for grad    0.01 s
 E :    -40.91595557  G :  0.024067    pred/act E change: -0.270D-02 -0.232D-03
Maxdispl :   0.1816   ||displ|| :   0.2760   Lambda : -0.163D-02
Largest |displ|/coords:  0.1816 (   7)  0.1565 (   3)  0.0586 (  11)
................................................................................
.............................. CYCLE   12 ......................................
................................................................................
   1    -41.1146325 -0.411146E+02  0.343E-01    9.26       0.0  T
   2    -41.1146647 -0.322702E-04  0.259E-01    9.30       1.0  T
   3    -41.1146864 -0.216477E-04  0.383E-02    9.36       1.0  T
   4    -41.1146911 -0.477346E-05  0.940E-03    9.35       2.4  T
   5    -41.1146913 -0.142303E-06  0.369E-03    9.35       6.2  T
   6    -41.1146913 -0.865500E-08  0.222E-03    9.35      10.3  T
speedup  1.08
cpu  time for SCC    0.00 s
wall time for SCC    0.00 s
speedup  1.01
cpu  time for grad    0.01 s
wall time for grad    0.01 s
 E :    -40.91665166  G :  0.027257    pred/act E change: -0.845D-03 -0.696D-03
Maxdispl :   0.2238   ||displ|| :   0.4085   Lambda : -0.251D-02
Largest |displ|/coords:  0.2238 (   3)  0.2089 (   8)  0.1296 (   1)
................................................................................
.............................. CYCLE   13 ......................................
................................................................................
   1    -41.1120172 -0.411120E+02  0.505E-01    9.40       0.0  T
   2    -41.1121064 -0.892726E-04  0.381E-01    9.40       1.0  T
   3    -41.1121675 -0.611013E-04  0.603E-02    9.39       1.0  T
   4    -41.1121809 -0.133262E-04  0.132E-02    9.41       1.7  T
   5    -41.1121810 -0.133560E-06  0.607E-03    9.41       3.8  T
   6    -41.1121810 -0.318513E-07  0.274E-03    9.41       8.4  T
   7    -41.1121810 -0.972423E-08  0.665E-04    9.41      34.5  T
speedup  0.87
cpu  time for SCC    0.00 s
wall time for SCC    0.00 s
speedup  1.02
cpu  time for grad    0.01 s
wall time for grad    0.01 s
 E :    -40.91572923  G :  0.051634    pred/act E change: -0.876D-03  0.922D-03
Maxdispl :   0.1746   ||displ|| :   0.4058   Lambda : -0.835D-02
Largest |displ|/coords:  0.1746 (   1)  0.1485 (   8)  0.1128 (  18)
................................................................................
.............................. CYCLE   14 ......................................
................................................................................
   1    -41.1144560 -0.411145E+02  0.675E-01    9.32       0.0  T
   2    -41.1146558 -0.199802E-03  0.511E-01    9.32       1.0  T
   3    -41.1148028 -0.147023E-03  0.899E-02    9.31       1.0  T
   4    -41.1148315 -0.286820E-04  0.226E-02    9.32       1.0  T
   5    -41.1148320 -0.519023E-06  0.108E-02    9.32       2.1  T
   6    -41.1148321 -0.628032E-07  0.494E-03    9.32       4.6  T
   7    -41.1148321 -0.321559E-07  0.121E-03    9.32      19.0  T
speedup  0.91
cpu  time for SCC    0.00 s
wall time for SCC    0.00 s
speedup  0.94
cpu  time for grad    0.01 s
wall time for grad    0.01 s
 E :    -40.91572590  G :  0.049179    pred/act E change: -0.147D-02  0.333D-05
Maxdispl :   0.0771   ||displ|| :   0.2151   Lambda : -0.389D-02
Largest |displ|/coords:  0.0771 (  16)  0.0736 (   3)  0.0721 (  17)
................................................................................
.............................. CYCLE   15 ......................................
................................................................................
   1    -41.1185239 -0.411185E+02  0.296E-01    9.39       0.0  T
   2    -41.1185681 -0.442101E-04  0.222E-01    9.39       1.0  T
   3    -41.1185943 -0.262005E-04  0.431E-02    9.38       1.0  T
   4    -41.1186007 -0.639416E-05  0.965E-03    9.39       2.4  T
   5    -41.1186008 -0.969454E-07  0.416E-03    9.39       5.5  T
   6    -41.1186008 -0.122772E-07  0.199E-03    9.39      11.6  T
speedup  1.05
cpu  time for SCC    0.00 s
wall time for SCC    0.00 s
speedup  1.00
cpu  time for grad    0.01 s
wall time for grad    0.01 s
 E :    -40.91775719  G :  0.016439    pred/act E change: -0.486D-02 -0.203D-02
Maxdispl :   0.2231   ||displ|| :   0.3418   Lambda : -0.123D-02
Largest |displ|/coords:  0.2231 (   3)  0.1672 (   7)  0.0952 (   8)
................................................................................
.............................. CYCLE   16 ......................................
................................................................................
   1    -41.1135206 -0.411135E+02  0.260E-01    9.38       0.0  T
   2    -41.1135570 -0.363588E-04  0.194E-01    9.39       1.0  T
   3    -41.1135755 -0.185737E-04  0.397E-02    9.41       1.0  T
   4    -41.1135808 -0.525927E-05  0.841E-03    9.40       2.7  T
   5    -41.1135809 -0.102591E-06  0.368E-03    9.40       6.2  T
   6    -41.1135809 -0.954336E-08  0.202E-03    9.40      11.4  T
   7    -41.1135809 -0.463786E-08  0.493E-04    9.40      46.5  T
speedup  0.93
cpu  time for SCC    0.00 s
wall time for SCC    0.00 s
speedup  1.05
cpu  time for grad    0.01 s
wall time for grad    0.01 s
 E :    -40.91812304  G :  0.025030    pred/act E change: -0.203D-02 -0.366D-03
Maxdispl :   0.0649   ||displ|| :   0.1157   Lambda : -0.614D-03
Largest |displ|/coords:  0.0649 (   3)  0.0488 (  12)  0.0352 (   2)
................................................................................
.............................. CYCLE   17 ......................................
................................................................................
   1    -41.1164725 -0.411165E+02  0.807E-02    9.41       0.0  T
   2    -41.1164831 -0.105306E-04  0.600E-02    9.41       1.0  T
   3    -41.1164885 -0.545718E-05  0.230E-02    9.41       1.0  T
   4    -41.1164892 -0.721312E-06  0.781E-03    9.41       2.9  T
   5    -41.1164893 -0.104960E-06  0.198E-03    9.41      11.6  T
   6    -41.1164893 -0.283688E-08  0.110E-03    9.41      20.9  T
speedup  0.79
cpu  time for SCC    0.00 s
wall time for SCC    0.00 s
speedup  1.00
cpu  time for grad    0.01 s
wall time for grad    0.01 s
 E :    -40.91854371  G :  0.013955    pred/act E change: -0.689D-03 -0.421D-03
Maxdispl :   0.1787   ||displ|| :   0.2484   Lambda : -0.531D-03
Largest |displ|/coords:  0.1787 (   3)  0.0808 (   7)  0.0781 (   2)
................................................................................
.............................. CYCLE   18 ......................................
................................................................................
   1    -41.1194475 -0.411194E+02  0.125E-01    9.42       0.0  T
   2    -41.1194623 -0.148128E-04  0.938E-02    9.42       1.0  T
   3    -41.1194694 -0.707083E-05  0.272E-02    9.42       1.0  T
   4    -41.1194711 -0.169403E-05  0.984E-03    9.42       2.3  T
   5    -41.1194712 -0.141001E-06  0.283E-03    9.42       8.1  T
   6    -41.1194712 -0.906986E-08  0.158E-03    9.42      14.5  T
speedup  0.79
cpu  time for SCC    0.00 s
wall time for SCC    0.00 s
speedup  0.89
cpu  time for grad    0.01 s
wall time for grad    0.01 s
 E :    -40.91891419  G :  0.007938    pred/act E change: -0.311D-03 -0.370D-03
Maxdispl :   0.2587   ||displ|| :   0.3992   Lambda : -0.529D-03
Largest |displ|/coords:  0.2587 (   3)  0.1592 (   7)  0.1135 (   2)
................................................................................
.............................. CYCLE   19 ......................................
................................................................................
   1    -41.1181889 -0.411182E+02  0.257E-01    9.43       0.0  T
   2    -41.1182278 -0.389240E-04  0.193E-01    9.42       1.0  T
   3    -41.1182444 -0.166185E-04  0.428E-02    9.42       1.0  T
   4    -41.1182503 -0.588388E-05  0.150E-02    9.43       1.5  T
   5    -41.1182507 -0.374634E-06  0.458E-03    9.42       5.0  T
   6    -41.1182507 -0.207141E-07  0.274E-03    9.42       8.4  T
   7    -41.1182507 -0.110204E-07  0.688E-04    9.43      33.3  T
speedup  1.16
cpu  time for SCC    0.00 s
wall time for SCC    0.00 s
speedup  1.05
cpu  time for grad    0.01 s
wall time for grad    0.01 s
 E :    -40.91917723  G :  0.016872    pred/act E change: -0.282D-03 -0.263D-03
Maxdispl :   0.1514   ||displ|| :   0.2792   Lambda : -0.604D-03
Largest |displ|/coords:  0.1514 (   3)  0.0839 (  12)  0.0744 (  21)
................................................................................
.............................. CYCLE   20 ......................................
................................................................................
   1    -41.1229791 -0.411230E+02  0.197E-01    9.43       0.0  T
   2    -41.1230116 -0.324671E-04  0.146E-01    9.42       1.0  T
   3    -41.1230292 -0.175989E-04  0.371E-02    9.42       1.0  T
   4    -41.1230329 -0.376205E-05  0.118E-02    9.42       2.0  T
   5    -41.1230331 -0.186957E-06  0.439E-03    9.42       5.2  T
   6    -41.1230331 -0.172007E-07  0.241E-03    9.42       9.5  T
   7    -41.1230331 -0.640609E-08  0.603E-04    9.42      38.0  T
speedup  0.93
cpu  time for SCC    0.00 s
wall time for SCC    0.00 s
speedup  0.94
cpu  time for grad    0.01 s
wall time for grad    0.01 s
 E :    -40.91921610  G :  0.020734    pred/act E change: -0.307D-03 -0.389D-04
Maxdispl :   0.0691   ||displ|| :   0.1066   Lambda : -0.658D-03
Largest |displ|/coords:  0.0691 (   5)  0.0462 (   9)  0.0291 (  14)
................................................................................
.............................. CYCLE   21 ......................................
................................................................................
   1    -41.1222463 -0.411222E+02  0.125E-01    9.40       0.0  T
   2    -41.1222513 -0.503285E-05  0.945E-02    9.41       1.0  T
   3    -41.1222559 -0.456897E-05  0.152E-02    9.41       1.5  T
   4    -41.1222564 -0.559744E-06  0.565E-03    9.41       4.1  T
   5    -41.1222565 -0.351446E-07  0.186E-03    9.41      12.4  T
speedup  1.25
cpu  time for SCC    0.00 s
wall time for SCC    0.00 s
speedup  1.08
cpu  time for grad    0.01 s
wall time for grad    0.01 s
 E :    -40.91955714  G :  0.011564    pred/act E change: -0.326D-03 -0.341D-03
Maxdispl :   0.0468   ||displ|| :   0.1104   Lambda : -0.394D-03
Largest |displ|/coords:  0.0468 (   6)  0.0409 (   7)  0.0395 (  13)
................................................................................
.............................. CYCLE   22 ......................................
................................................................................
   1    -41.1203674 -0.411204E+02  0.102E-01    9.41       0.0  T
   2    -41.1203721 -0.472467E-05  0.755E-02    9.41       1.0  T
   3    -41.1203748 -0.266931E-05  0.152E-02    9.41       1.5  T
   4    -41.1203754 -0.564324E-06  0.427E-03    9.41       5.4  T
   5    -41.1203754 -0.247227E-07  0.154E-03    9.41      14.9  T
   6    -41.1203754 -0.227346E-08  0.951E-04    9.41      24.1  T
speedup  0.81
cpu  time for SCC    0.00 s
wall time for SCC    0.00 s
speedup  0.99
cpu  time for grad    0.01 s
wall time for grad    0.01 s
 E :    -40.91977983  G :  0.012414    pred/act E change: -0.333D-03 -0.223D-03
Maxdispl :   0.0730   ||displ|| :   0.1605   Lambda : -0.385D-03
Largest |displ|/coords:  0.0730 (   6)  0.0526 (   8)  0.0524 (   9)
................................................................................
.............................. CYCLE   23 ......................................
................................................................................
   1    -41.1205761 -0.411206E+02  0.159E-01    9.39       0.0  T
   2    -41.1205946 -0.185028E-04  0.119E-01    9.38       1.0  T
   3    -41.1206041 -0.948548E-05  0.288E-02    9.36       1.0  T
   4    -41.1206066 -0.247523E-05  0.803E-03    9.36       2.9  T
   5    -41.1206067 -0.976583E-07  0.305E-03    9.36       7.5  T
   6    -41.1206067 -0.920389E-08  0.181E-03    9.36      12.7  T
   7    -41.1206067 -0.417045E-08  0.453E-04    9.36      50.6  T
speedup  0.93
cpu  time for SCC    0.00 s
wall time for SCC    0.00 s
speedup  0.95
cpu  time for grad    0.01 s
wall time for grad    0.01 s
 E :    -40.92006364  G :  0.013114    pred/act E change: -0.199D-03 -0.284D-03
Maxdispl :   0.0917   ||displ|| :   0.2780   Lambda : -0.520D-03
Largest |displ|/coords:  0.0917 (  12)  0.0878 (   3)  0.0862 (   6)
................................................................................
.............................. CYCLE   24 ......................................
................................................................................
   1    -41.1216328 -0.411216E+02  0.260E-01    9.31       0.0  T
   2    -41.1216727 -0.399265E-04  0.194E-01    9.29       1.0  T
   3    -41.1216960 -0.233427E-04  0.422E-02    9.23       1.0  T
   4    -41.1217016 -0.552403E-05  0.131E-02    9.24       1.8  T
   5    -41.1217018 -0.256099E-06  0.518E-03    9.24       4.4  T
   6    -41.1217018 -0.264938E-07  0.307E-03    9.24       7.5  T
   7    -41.1217019 -0.111014E-07  0.725E-04    9.24      31.7  T
   8    -41.1217019 -0.108162E-08  0.201E-04    9.24     114.3  T
speedup  1.02
cpu  time for SCC    0.00 s
wall time for SCC    0.00 s
speedup  0.99
cpu  time for grad    0.01 s
wall time for grad    0.01 s
 E :    -40.92031885  G :  0.011526    pred/act E change: -0.197D-03 -0.255D-03
Maxdispl :   0.0587   ||displ|| :   0.1180   Lambda : -0.258D-03
Largest |displ|/coords:  0.0587 (   3)  0.0441 (  21)  0.0410 (   4)
................................................................................
.............................. CYCLE   25 ......................................
................................................................................
   1    -41.1245684 -0.411246E+02  0.974E-02    9.25       0.0  T
   2    -41.1245761 -0.773522E-05  0.726E-02    9.24       1.0  T
   3    -41.1245804 -0.429113E-05  0.184E-02    9.22       1.2  T
   4    -41.1245814 -0.994474E-06  0.561E-03    9.22       4.1  T
   5    -41.1245814 -0.471875E-07  0.206E-03    9.23      11.1  T
   6    -41.1245815 -0.355703E-08  0.115E-03    9.23      19.9  T
speedup  1.08
cpu  time for SCC    0.00 s
wall time for SCC    0.00 s
speedup  1.01
cpu  time for grad    0.01 s
wall time for grad    0.01 s
 E :    -40.92044664  G :  0.008924    pred/act E change: -0.280D-03 -0.128D-03
Maxdispl :   0.1654   ||displ|| :   0.2146   Lambda : -0.326D-03
Largest |displ|/coords:  0.1654 (   3)  0.0749 (   7)  0.0475 (  21)

generating ANC from model Hessian ...
 Shifting diagonal of input Hessian by   4.693751095722406E-003
 Lowest  eigenvalues of input Hessian
   -0.000000   -0.000000    0.000000    0.000000    0.000000    0.000000
    0.005000    0.005033    0.005368    0.005988    0.006772    0.006912
    0.008568    0.011183    0.013857    0.016290    0.016834    0.018005
 Highest eigenvalues
    1.401304    1.406250    1.414528    2.772755    3.296672    3.717009
 
cpu  time for ANC gen    0.01 s
wall time for ANC gen    0.01 s
................................................................................
.............................. CYCLE   26 ......................................
................................................................................
   1    -41.1256934 -0.411257E+02  0.143E-01    9.22       0.0  T
   2    -41.1257054 -0.119729E-04  0.107E-01    9.21       1.0  T
   3    -41.1257114 -0.605281E-05  0.233E-02    9.19       1.0  T
   4    -41.1257132 -0.172724E-05  0.797E-03    9.19       2.9  T
   5    -41.1257133 -0.123176E-06  0.226E-03    9.19      10.2  T
   6    -41.1257133 -0.438812E-08  0.142E-03    9.19      16.1  T
   7    -41.1257133 -0.262070E-08  0.365E-04    9.19      62.9  T
   8    -41.1257133 -0.275598E-09  0.109E-04    9.19     211.4  T
speedup  0.80
cpu  time for SCC    0.00 s
wall time for SCC    0.00 s
speedup  0.95
cpu  time for grad    0.01 s
wall time for grad    0.01 s
 E :    -40.92058489  G :  0.010192    pred/act E change:  0.000D+00 -0.138D-03
Maxdispl :   0.1044   ||displ|| :   0.1606   Lambda : -0.348D-03
Largest |displ|/coords:  0.1044 (   6)  0.0627 (   1)  0.0607 (   3)
................................................................................
.............................. CYCLE   27 ......................................
................................................................................
   1    -41.1257380 -0.411257E+02  0.147E-01    9.17       0.0  T
   2    -41.1257397 -0.167151E-05  0.111E-01    9.17       1.0  T
   3    -41.1257417 -0.193143E-05  0.915E-03    9.18       2.5  T
   4    -41.1257418 -0.122023E-06  0.249E-03    9.18       9.2  T
   5    -41.1257418 -0.535609E-08  0.142E-03    9.18      16.2  T
speedup  0.97
cpu  time for SCC    0.00 s
wall time for SCC    0.00 s
speedup  0.96
cpu  time for grad    0.01 s
wall time for grad    0.01 s
 E :    -40.92083766  G :  0.006280    pred/act E change:  0.000D+00 -0.253D-03
Maxdispl :   0.0976   ||displ|| :   0.2233   Lambda : -0.323D-03
Largest |displ|/coords:  0.0976 (   1)  0.0955 (   9)  0.0880 (   6)
................................................................................
.............................. CYCLE   28 ......................................
................................................................................
   1    -41.1247894 -0.411248E+02  0.245E-01    9.15       0.0  T
   2    -41.1247958 -0.639187E-05  0.185E-01    9.16       1.0  T
   3    -41.1248015 -0.571370E-05  0.169E-02    9.17       1.4  T
   4    -41.1248022 -0.738012E-06  0.751E-03    9.17       3.1  T
   5    -41.1248023 -0.391049E-07  0.196E-03    9.17      11.7  T
   6    -41.1248023 -0.220061E-08  0.116E-03    9.17      19.8  T
speedup  1.08
cpu  time for SCC    0.00 s
wall time for SCC    0.00 s
speedup  1.01
cpu  time for grad    0.01 s
wall time for grad    0.01 s
 E :    -40.92101971  G :  0.009829    pred/act E change: -0.178D-03 -0.182D-03
Maxdispl :   0.0579   ||displ|| :   0.1161   Lambda : -0.172D-03
Largest |displ|/coords:  0.0579 (   1)  0.0564 (   2)  0.0402 (   9)
................................................................................
.............................. CYCLE   29 ......................................
................................................................................
   1    -41.1258778 -0.411259E+02  0.884E-02    9.18       0.0  T
   2    -41.1258794 -0.165400E-05  0.659E-02    9.18       1.0  T
   3    -41.1258804 -0.101199E-05  0.905E-03    9.17       2.5  T
   4    -41.1258807 -0.243608E-06  0.304E-03    9.17       7.5  T
   5    -41.1258807 -0.702187E-08  0.946E-04    9.17      24.3  T
   6    -41.1258807 -0.760721E-09  0.564E-04    9.17      40.7  T
speedup  1.08
cpu  time for SCC    0.00 s
wall time for SCC    0.00 s
speedup  1.01
cpu  time for grad    0.01 s
wall time for grad    0.01 s
 E :    -40.92110910  G :  0.003915    pred/act E change: -0.169D-03 -0.894D-04
Maxdispl :   0.1069   ||displ|| :   0.1623   Lambda : -0.114D-03
Largest |displ|/coords:  0.1069 (   1)  0.0717 (   3)  0.0527 (   9)
................................................................................
.............................. CYCLE   30 ......................................
................................................................................
   1    -41.1252883 -0.411253E+02  0.149E-01    9.17       0.0  T
   2    -41.1252901 -0.183398E-05  0.112E-01    9.17       1.0  T
   3    -41.1252917 -0.164162E-05  0.930E-03    9.18       2.5  T
   4    -41.1252919 -0.215106E-06  0.391E-03    9.18       5.9  T
   5    -41.1252920 -0.108603E-07  0.121E-03    9.18      19.0  T
   6    -41.1252920 -0.113462E-08  0.706E-04    9.18      32.5  T
   7    -41.1252920 -0.597197E-09  0.145E-04    9.18     157.7  T
speedup  0.95
cpu  time for SCC    0.00 s
wall time for SCC    0.00 s
speedup  1.03
cpu  time for grad    0.01 s
wall time for grad    0.01 s
 E :    -40.92118409  G :  0.005174    pred/act E change: -0.871D-04 -0.750D-04
Maxdispl :   0.1077   ||displ|| :   0.1439   Lambda : -0.103D-03
Largest |displ|/coords:  0.1077 (   1)  0.0597 (   3)  0.0396 (   5)
................................................................................
.............................. CYCLE   31 ......................................
................................................................................
   1    -41.1259460 -0.411259E+02  0.115E-01    9.19       0.0  T
   2    -41.1259472 -0.128557E-05  0.867E-02    9.19       1.0  T
   3    -41.1259484 -0.120778E-05  0.792E-03    9.20       2.9  T
   4    -41.1259486 -0.142207E-06  0.327E-03    9.20       7.0  T
   5    -41.1259486 -0.898527E-08  0.939E-04    9.19      24.4  T
   6    -41.1259486 -0.583448E-09  0.561E-04    9.19      40.9  T
speedup  1.05
cpu  time for SCC    0.00 s
wall time for SCC    0.00 s
speedup  1.09
cpu  time for grad    0.01 s
wall time for grad    0.01 s
 E :    -40.92125104  G :  0.005458    pred/act E change: -0.584D-04 -0.670D-04
Maxdispl :   0.1064   ||displ|| :   0.1350   Lambda : -0.779D-04
Largest |displ|/coords:  0.1064 (   1)  0.0609 (   3)  0.0268 (   7)
................................................................................
.............................. CYCLE   32 ......................................
................................................................................
   1    -41.1265691 -0.411266E+02  0.777E-02    9.20       0.0  T
   2    -41.1265696 -0.483351E-06  0.583E-02    9.20       1.0  T
   3    -41.1265700 -0.411589E-06  0.519E-03    9.20       4.4  T
   4    -41.1265701 -0.587815E-07  0.183E-03    9.20      12.5  T
   5    -41.1265701 -0.346281E-08  0.603E-04    9.20      38.0  T
speedup  0.97
cpu  time for SCC    0.00 s
wall time for SCC    0.00 s
speedup  0.96
cpu  time for grad    0.01 s
wall time for grad    0.01 s
 E :    -40.92130483  G :  0.003235    pred/act E change: -0.528D-04 -0.538D-04
Maxdispl :   0.2307   ||displ|| :   0.2983   Lambda : -0.984D-04
Largest |displ|/coords:  0.2307 (   1)  0.1415 (   3)  0.0679 (   7)
................................................................................
.............................. CYCLE   33 ......................................
................................................................................
   1    -41.1248136 -0.411248E+02  0.214E-01    9.18       0.0  T
   2    -41.1248170 -0.338424E-05  0.161E-01    9.19       1.0  T
   3    -41.1248204 -0.340979E-05  0.116E-02    9.19       2.0  T
   4    -41.1248207 -0.369733E-06  0.509E-03    9.19       4.5  T
   5    -41.1248208 -0.268126E-07  0.173E-03    9.19      13.3  T
   6    -41.1248208 -0.205912E-08  0.864E-04    9.19      26.6  T
   7    -41.1248208 -0.164891E-08  0.167E-04    9.19     137.4  T
speedup  0.95
cpu  time for SCC    0.00 s
wall time for SCC    0.00 s
speedup  1.03
cpu  time for grad    0.01 s
wall time for grad    0.01 s
 E :    -40.92134441  G :  0.007971    pred/act E change: -0.397D-04 -0.396D-04
Maxdispl :   0.0532   ||displ|| :   0.0942   Lambda : -0.106D-03
Largest |displ|/coords:  0.0532 (   3)  0.0437 (   1)  0.0418 (  10)
................................................................................
.............................. CYCLE   34 ......................................
................................................................................
   1    -41.1263768 -0.411264E+02  0.511E-02    9.19       0.0  T
   2    -41.1263781 -0.128968E-05  0.376E-02    9.18       1.0  T
   3    -41.1263789 -0.741696E-06  0.827E-03    9.18       2.8  T
   4    -41.1263790 -0.142294E-06  0.272E-03    9.18       8.4  T
   5    -41.1263790 -0.926833E-08  0.718E-04    9.18      31.9  T
speedup  0.97
cpu  time for SCC    0.00 s
wall time for SCC    0.00 s
speedup  0.96
cpu  time for grad    0.01 s
wall time for grad    0.01 s
 E :    -40.92140638  G :  0.003214    pred/act E change: -0.536D-04 -0.620D-04
Maxdispl :   0.1206   ||displ|| :   0.1869   Lambda : -0.690D-04
Largest |displ|/coords:  0.1206 (   3)  0.1195 (   1)  0.0396 (   7)
................................................................................
.............................. CYCLE   35 ......................................
................................................................................
   1    -41.1262068 -0.411262E+02  0.120E-01    9.16       0.0  T
   2    -41.1262080 -0.126712E-05  0.905E-02    9.16       1.0  T
   3    -41.1262095 -0.143644E-05  0.826E-03    9.17       2.8  T
   4    -41.1262096 -0.110750E-06  0.312E-03    9.17       7.4  T
   5    -41.1262096 -0.100099E-07  0.113E-03    9.17      20.3  T
   6    -41.1262096 -0.120309E-08  0.623E-04    9.17      36.8  T
   7    -41.1262096 -0.546457E-09  0.137E-04    9.17     167.0  T
speedup  0.91
cpu  time for SCC    0.00 s
wall time for SCC    0.00 s
speedup  1.01
cpu  time for grad    0.01 s
wall time for grad    0.01 s
 E :    -40.92145894  G :  0.004226    pred/act E change: -0.532D-04 -0.526D-04
Maxdispl :   0.1973   ||displ|| :   0.2839   Lambda : -0.112D-03
Largest |displ|/coords:  0.1973 (   3)  0.1558 (   1)  0.0759 (   7)
................................................................................
.............................. CYCLE   36 ......................................
................................................................................
   1    -41.1252939 -0.411253E+02  0.199E-01    9.13       0.0  T
   2    -41.1252975 -0.358206E-05  0.149E-01    9.13       1.0  T
   3    -41.1253016 -0.410269E-05  0.153E-02    9.14       1.5  T
   4    -41.1253019 -0.302095E-06  0.545E-03    9.14       4.2  T
   5    -41.1253019 -0.291879E-07  0.192E-03    9.14      11.9  T
   6    -41.1253019 -0.285900E-08  0.103E-03    9.14      22.4  T
speedup  0.81
cpu  time for SCC    0.00 s
wall time for SCC    0.00 s
speedup  1.01
cpu  time for grad    0.01 s
wall time for grad    0.01 s
 E :    -40.92152000  G :  0.005667    pred/act E change: -0.357D-04 -0.611D-04
Maxdispl :   0.0674   ||displ|| :   0.0901   Lambda : -0.820D-04
Largest |displ|/coords:  0.0674 (   1)  0.0299 (   6)  0.0250 (   3)
................................................................................
.............................. CYCLE   37 ......................................
................................................................................
   1    -41.1270954 -0.411271E+02  0.674E-02    9.17       0.0  T
   2    -41.1270963 -0.903676E-06  0.495E-02    9.17       1.0  T
   3    -41.1270969 -0.634114E-06  0.840E-03    9.17       2.7  T
   4    -41.1270970 -0.862181E-07  0.253E-03    9.17       9.1  T
   5    -41.1270970 -0.663609E-08  0.603E-04    9.17      38.0  T
speedup  0.94
cpu  time for SCC    0.00 s
wall time for SCC    0.00 s
speedup  0.95
cpu  time for grad    0.01 s
wall time for grad    0.01 s
 E :    -40.92155827  G :  0.003063    pred/act E change: -0.606D-04 -0.383D-04
Maxdispl :   0.1030   ||displ|| :   0.1278   Lambda : -0.588D-04
Largest |displ|/coords:  0.1030 (   3)  0.0288 (   8)  0.0274 (   7)
................................................................................
.............................. CYCLE   38 ......................................
................................................................................
   1    -41.1267417 -0.411267E+02  0.937E-02    9.17       0.0  T
   2    -41.1267427 -0.965901E-06  0.704E-02    9.17       1.0  T
   3    -41.1267437 -0.964026E-06  0.738E-03    9.18       3.1  T
   4    -41.1267438 -0.100850E-06  0.263E-03    9.18       8.7  T
   5    -41.1267438 -0.745801E-08  0.915E-04    9.18      25.1  T
   6    -41.1267438 -0.710948E-09  0.512E-04    9.18      44.8  T
speedup  1.05
cpu  time for SCC    0.00 s
wall time for SCC    0.00 s
speedup  0.97
cpu  time for grad    0.01 s
wall time for grad    0.01 s
 E :    -40.92159837  G :  0.004312    pred/act E change: -0.413D-04 -0.401D-04
Maxdispl :   0.1234   ||displ|| :   0.1732   Lambda : -0.858D-04
Largest |displ|/coords:  0.1234 (   3)  0.0542 (   8)  0.0486 (  13)
................................................................................
.............................. CYCLE   39 ......................................
................................................................................
   1    -41.1256787 -0.411257E+02  0.119E-01    9.20       0.0  T
   2    -41.1256801 -0.143661E-05  0.896E-02    9.20       1.0  T
   3    -41.1256817 -0.157811E-05  0.823E-03    9.21       2.8  T
   4    -41.1256818 -0.124589E-06  0.294E-03    9.21       7.8  T
   5    -41.1256818 -0.732598E-08  0.112E-03    9.21      20.6  T
speedup  0.97
cpu  time for SCC    0.00 s
wall time for SCC    0.00 s
speedup  0.96
cpu  time for grad    0.01 s
wall time for grad    0.01 s
 E :    -40.92163283  G :  0.005503    pred/act E change: -0.299D-04 -0.345D-04
Maxdispl :   0.0549   ||displ|| :   0.0746   Lambda : -0.463D-04
Largest |displ|/coords:  0.0549 (   1)  0.0258 (   6)  0.0240 (   4)
................................................................................
.............................. CYCLE   40 ......................................
................................................................................
   1    -41.1265717 -0.411266E+02  0.488E-02    9.21       0.0  T
   2    -41.1265722 -0.484417E-06  0.365E-02    9.21       1.0  T
   3    -41.1265726 -0.375329E-06  0.566E-03    9.21       4.1  T
   4    -41.1265726 -0.583467E-07  0.115E-03    9.21      20.0  T
   5    -41.1265726 -0.176870E-08  0.549E-04    9.21      41.8  T
speedup  0.94
cpu  time for SCC    0.00 s
wall time for SCC    0.00 s
speedup  1.07
cpu  time for grad    0.01 s
wall time for grad    0.01 s
 E :    -40.92165382  G :  0.004385    pred/act E change: -0.442D-04 -0.210D-04
Maxdispl :   0.0439   ||displ|| :   0.0579   Lambda : -0.280D-04
Largest |displ|/coords:  0.0439 (   3)  0.0154 (   2)  0.0136 (   1)
................................................................................
.............................. CYCLE   41 ......................................
................................................................................
   1    -41.1267151 -0.411267E+02  0.406E-02    9.19       0.0  T
   2    -41.1267153 -0.292958E-06  0.306E-02    9.19       1.0  T
   3    -41.1267157 -0.308255E-06  0.379E-03    9.19       6.1  T
   4    -41.1267157 -0.308066E-07  0.122E-03    9.19      18.8  T
   5    -41.1267157 -0.167421E-08  0.539E-04    9.19      42.5  T
speedup  0.94
cpu  time for SCC    0.00 s
wall time for SCC    0.00 s
speedup  0.93
cpu  time for grad    0.01 s
wall time for grad    0.01 s
 E :    -40.92167156  G :  0.002532    pred/act E change: -0.233D-04 -0.177D-04
Maxdispl :   0.0603   ||displ|| :   0.0827   Lambda : -0.258D-04
Largest |displ|/coords:  0.0603 (   3)  0.0379 (   1)  0.0171 (  13)
................................................................................
.............................. CYCLE   42 ......................................
................................................................................
   1    -41.1268558 -0.411269E+02  0.588E-02    9.17       0.0  T
   2    -41.1268563 -0.490507E-06  0.442E-02    9.17       1.0  T
   3    -41.1268569 -0.565269E-06  0.617E-03    9.17       3.7  T
   4    -41.1268569 -0.410451E-07  0.191E-03    9.17      12.0  T
   5    -41.1268569 -0.439486E-08  0.701E-04    9.17      32.8  T
   6    -41.1268569 -0.419888E-09  0.427E-04    9.17      53.8  T
speedup  1.08
cpu  time for SCC    0.00 s
wall time for SCC    0.00 s
speedup  0.98
cpu  time for grad    0.01 s
wall time for grad    0.01 s
 E :    -40.92168739  G :  0.002247    pred/act E change: -0.140D-04 -0.158D-04
Maxdispl :   0.0948   ||displ|| :   0.1135   Lambda : -0.207D-04
Largest |displ|/coords:  0.0948 (   3)  0.0269 (   1)  0.0258 (   7)
................................................................................
.............................. CYCLE   43 ......................................
................................................................................
   1    -41.1263476 -0.411263E+02  0.792E-02    9.15       0.0  T
   2    -41.1263482 -0.589127E-06  0.596E-02    9.15       1.0  T
   3    -41.1263490 -0.750593E-06  0.627E-03    9.15       3.7  T
   4    -41.1263490 -0.359355E-07  0.227E-03    9.15      10.1  T
   5    -41.1263490 -0.532995E-08  0.790E-04    9.15      29.0  T
   6    -41.1263490 -0.476064E-09  0.488E-04    9.15      47.0  T
speedup  1.08
cpu  time for SCC    0.00 s
wall time for SCC    0.00 s
speedup  1.09
cpu  time for grad    0.01 s
wall time for grad    0.01 s
 E :    -40.92169634  G :  0.002622    pred/act E change: -0.130D-04 -0.895D-05
Maxdispl :   0.0335   ||displ|| :   0.0450   Lambda : -0.146D-04
Largest |displ|/coords:  0.0335 (   1)  0.0173 (   3)  0.0121 (  10)
................................................................................
.............................. CYCLE   44 ......................................
................................................................................
   1    -41.1272904 -0.411273E+02  0.310E-02    9.17       0.0  T
   2    -41.1272906 -0.164819E-06  0.225E-02    9.16       1.0  T
   3    -41.1272907 -0.107208E-06  0.429E-03    9.16       5.3  T
   4    -41.1272907 -0.157439E-07  0.126E-03    9.16      18.2  T
   5    -41.1272907 -0.138490E-08  0.267E-04    9.16      85.9  T
   6    -41.1272907 -0.564171E-10  0.164E-04    9.16     140.0  T
speedup  0.81
cpu  time for SCC    0.00 s
wall time for SCC    0.00 s
speedup  0.98
cpu  time for grad    0.01 s
wall time for grad    0.01 s
 E :    -40.92170262  G :  0.001382    pred/act E change: -0.105D-04 -0.628D-05
Maxdispl :   0.0325   ||displ|| :   0.0511   Lambda : -0.145D-04
Largest |displ|/coords:  0.0325 (   3)  0.0251 (   4)  0.0177 (   7)
................................................................................
.............................. CYCLE   45 ......................................
................................................................................
   1    -41.1273604 -0.411274E+02  0.484E-02    9.16       0.0  T
   2    -41.1273607 -0.227336E-06  0.366E-02    9.16       1.0  T
   3    -41.1273610 -0.290498E-06  0.321E-03    9.16       7.1  T
   4    -41.1273610 -0.129044E-07  0.112E-03    9.16      20.5  T
   5    -41.1273610 -0.125944E-08  0.433E-04    9.16      53.0  T
   6    -41.1273610 -0.160597E-09  0.224E-04    9.16     102.5  T
speedup  1.08
cpu  time for SCC    0.00 s
wall time for SCC    0.00 s
speedup  0.98
cpu  time for grad    0.01 s
wall time for grad    0.01 s
 E :    -40.92171035  G :  0.002024    pred/act E change: -0.733D-05 -0.773D-05
Maxdispl :   0.0263   ||displ|| :   0.0356   Lambda : -0.969D-05
Largest |displ|/coords:  0.0263 (   3)  0.0141 (   4)  0.0082 (   8)
................................................................................
.............................. CYCLE   46 ......................................
................................................................................
   1    -41.1273190 -0.411273E+02  0.317E-02    9.17       0.0  T
   2    -41.1273191 -0.122622E-06  0.240E-02    9.17       1.0  T
   3    -41.1273192 -0.124172E-06  0.229E-03    9.17      10.0  T
   4    -41.1273192 -0.125729E-07  0.852E-04    9.17      26.9  T
   5    -41.1273192 -0.787729E-09  0.302E-04    9.17      76.1  T
speedup  0.97
cpu  time for SCC    0.00 s
wall time for SCC    0.00 s
speedup  1.03
cpu  time for grad    0.01 s
wall time for grad    0.01 s
 E :    -40.92171736  G :  0.001412    pred/act E change: -0.727D-05 -0.702D-05
Maxdispl :   0.0448   ||displ|| :   0.0681   Lambda : -0.124D-04
Largest |displ|/coords:  0.0448 (   3)  0.0261 (   4)  0.0239 (   2)
................................................................................
.............................. CYCLE   47 ......................................
................................................................................
   1    -41.1274688 -0.411275E+02  0.631E-02    9.18       0.0  T
   2    -41.1274692 -0.372636E-06  0.476E-02    9.18       1.0  T
   3    -41.1274696 -0.435823E-06  0.382E-03    9.18       6.0  T
   4    -41.1274697 -0.286841E-07  0.142E-03    9.18      16.2  T
   5    -41.1274697 -0.172304E-08  0.568E-04    9.18      40.4  T
   6    -41.1274697 -0.313889E-09  0.295E-04    9.18      77.7  T
speedup  1.03
cpu  time for SCC    0.00 s
wall time for SCC    0.00 s
speedup  0.96
cpu  time for grad    0.01 s
wall time for grad    0.01 s
 E :    -40.92172414  G :  0.001716    pred/act E change: -0.485D-05 -0.678D-05
Maxdispl :   0.0224   ||displ|| :   0.0530   Lambda : -0.939D-05
Largest |displ|/coords:  0.0224 (   4)  0.0217 (   3)  0.0192 (   1)
................................................................................
.............................. CYCLE   48 ......................................
................................................................................
   1    -41.1273635 -0.411274E+02  0.478E-02    9.18       0.0  T
   2    -41.1273638 -0.237407E-06  0.361E-02    9.18       1.0  T
   3    -41.1273640 -0.205427E-06  0.292E-03    9.18       7.9  T
   4    -41.1273640 -0.288766E-07  0.113E-03    9.18      20.3  T
   5    -41.1273640 -0.171621E-08  0.380E-04    9.18      60.4  T
   6    -41.1273640 -0.923208E-10  0.216E-04    9.18     106.0  T
speedup  0.81
cpu  time for SCC    0.00 s
wall time for SCC    0.00 s
speedup  0.98
cpu  time for grad    0.01 s
wall time for grad    0.01 s
 E :    -40.92172826  G :  0.001434    pred/act E change: -0.624D-05 -0.412D-05
Maxdispl :   0.0159   ||displ|| :   0.0257   Lambda : -0.552D-05
Largest |displ|/coords:  0.0159 (   1)  0.0147 (   2)  0.0080 (   4)
................................................................................
.............................. CYCLE   49 ......................................
................................................................................
   1    -41.1275025 -0.411275E+02  0.195E-02    9.18       0.0  T
   2    -41.1275026 -0.311731E-07  0.146E-02    9.18       1.6  T
   3    -41.1275026 -0.314437E-07  0.143E-03    9.18      16.1  T
   4    -41.1275026 -0.277495E-08  0.462E-04    9.18      49.6  T
   5    -41.1275026 -0.157101E-09  0.135E-04    9.18     169.5  T
speedup  0.97
cpu  time for SCC    0.00 s
wall time for SCC    0.00 s
speedup  1.03
cpu  time for grad    0.01 s
wall time for grad    0.01 s
 E :    -40.92173222  G :  0.001041    pred/act E change: -0.471D-05 -0.396D-05
Maxdispl :   0.0217   ||displ|| :   0.0384   Lambda : -0.499D-05
Largest |displ|/coords:  0.0217 (   2)  0.0171 (   1)  0.0119 (   3)
................................................................................
.............................. CYCLE   50 ......................................
................................................................................
   1    -41.1273531 -0.411274E+02  0.317E-02    9.17       0.0  T
   2    -41.1273532 -0.780820E-07  0.237E-02    9.17       1.0  T
   3    -41.1273533 -0.821756E-07  0.252E-03    9.17       9.1  T
   4    -41.1273533 -0.593490E-08  0.670E-04    9.17      34.2  T
   5    -41.1273533 -0.395751E-09  0.230E-04    9.17      99.9  T
speedup  0.94
cpu  time for SCC    0.00 s
wall time for SCC    0.00 s
speedup  0.92
cpu  time for grad    0.01 s
wall time for grad    0.01 s
 E :    -40.92173512  G :  0.000882    pred/act E change: -0.276D-05 -0.290D-05
Maxdispl :   0.0139   ||displ|| :   0.0216   Lambda : -0.183D-05
Largest |displ|/coords:  0.0139 (   2)  0.0101 (   3)  0.0061 (   1)
................................................................................
.............................. CYCLE   51 ......................................
................................................................................
   1    -41.1273748 -0.411274E+02  0.149E-02    9.17       0.0  T
   2    -41.1273749 -0.194295E-07  0.110E-02    9.17       2.1  T
   3    -41.1273749 -0.190547E-07  0.168E-03    9.17      13.7  T
   4    -41.1273749 -0.157831E-08  0.427E-04    9.17      53.8  T
   5    -41.1273749 -0.264677E-09  0.121E-04    9.17     188.9  T
speedup  0.94
cpu  time for SCC    0.00 s
wall time for SCC    0.00 s
speedup  0.91
cpu  time for grad    0.01 s
wall time for grad    0.01 s
 E :    -40.92173638  G :  0.000712    pred/act E change: -0.250D-05 -0.126D-05
Maxdispl :   0.0183   ||displ|| :   0.0243   Lambda : -0.181D-05
Largest |displ|/coords:  0.0183 (   2)  0.0078 (   4)  0.0067 (   8)
................................................................................
.............................. CYCLE   52 ......................................
................................................................................
   1    -41.1271877 -0.411272E+02  0.189E-02    9.16       0.0  T
   2    -41.1271877 -0.298264E-07  0.142E-02    9.16       1.6  T
   3    -41.1271878 -0.310921E-07  0.130E-03    9.17      17.7  T
   4    -41.1271878 -0.245124E-08  0.431E-04    9.17      53.2  T
   5    -41.1271878 -0.149250E-09  0.123E-04    9.17     186.1  T
speedup  1.29
cpu  time for SCC    0.00 s
wall time for SCC    0.00 s
speedup  1.03
cpu  time for grad    0.01 s
wall time for grad    0.01 s
 E :    -40.92173752  G :  0.000565    pred/act E change: -0.916D-06 -0.114D-05
Maxdispl :   0.0091   ||displ|| :   0.0164   Lambda : -0.915D-06
Largest |displ|/coords:  0.0091 (   2)  0.0089 (   3)  0.0056 (   1)

generating ANC from model Hessian ...
 Shifting diagonal of input Hessian by   4.707983469685542E-003
 Lowest  eigenvalues of input Hessian
   -0.000000   -0.000000   -0.000000    0.000000    0.000000    0.000000
    0.005000    0.005042    0.005899    0.006280    0.006709    0.007635
    0.008983    0.009795    0.013131    0.015992    0.016909    0.017534
 Highest eigenvalues
    1.406011    1.414283    1.415907    2.750777    3.299848    3.715576
 
cpu  time for ANC gen    0.01 s
wall time for ANC gen    0.01 s
................................................................................
.............................. CYCLE   53 ......................................
................................................................................
   1    -41.1271728 -0.411272E+02  0.897E-03    9.17       0.0  T
   2    -41.1271728 -0.130179E-07  0.671E-03    9.17       3.4  T
   3    -41.1271728 -0.109055E-07  0.957E-04    9.17      24.0  T
   4    -41.1271728 -0.160411E-08  0.372E-04    9.17      61.7  T
speedup  0.80
cpu  time for SCC    0.00 s
wall time for SCC    0.00 s
speedup  0.99
cpu  time for grad    0.01 s
wall time for grad    0.01 s
 E :    -40.92173812  G :  0.000423    pred/act E change:  0.000D+00 -0.597D-06
Maxdispl :   0.0036   ||displ|| :   0.0075   Lambda : -0.909D-06
Largest |displ|/coords:  0.0036 (   2)  0.0026 (   8)  0.0024 (   1)
................................................................................
.............................. CYCLE   54 ......................................
................................................................................
   1    -41.1271625 -0.411272E+02  0.101E-02    9.17       0.0  T
   2    -41.1271625 -0.968717E-08  0.765E-03    9.17       3.0  T
   3    -41.1271626 -0.115383E-07  0.573E-04    9.17      40.0  T
   4    -41.1271626 -0.640874E-09  0.219E-04    9.17     104.8  T
speedup  0.80
cpu  time for SCC    0.00 s
wall time for SCC    0.00 s
speedup  1.00
cpu  time for grad    0.01 s
wall time for grad    0.01 s
 E :    -40.92173877  G :  0.000286    pred/act E change:  0.000D+00 -0.658D-06
Maxdispl :   0.0104   ||displ|| :   0.0149   Lambda : -0.948D-06
Largest |displ|/coords:  0.0104 (   2)  0.0047 (   1)  0.0044 (   8)
................................................................................
.............................. CYCLE   55 ......................................
................................................................................
   1    -41.1271618 -0.411272E+02  0.157E-02    9.17       0.0  T
   2    -41.1271618 -0.188723E-07  0.119E-02    9.17       1.9  T
   3    -41.1271619 -0.227553E-07  0.920E-04    9.17      24.9  T
   4    -41.1271619 -0.119896E-08  0.349E-04    9.17      65.8  T
speedup  1.20
cpu  time for SCC    0.00 s
wall time for SCC    0.00 s
speedup  1.00
cpu  time for grad    0.01 s
wall time for grad    0.01 s
 E :    -40.92173943  G :  0.000227    pred/act E change: -0.455D-06 -0.653D-06
Maxdispl :   0.0100   ||displ|| :   0.0145   Lambda : -0.534D-06
Largest |displ|/coords:  0.0100 (   2)  0.0059 (   4)  0.0049 (   1)
................................................................................
.............................. CYCLE   56 ......................................
................................................................................
   1    -41.1271757 -0.411272E+02  0.130E-02    9.17       0.0  T
   2    -41.1271757 -0.142967E-07  0.981E-03    9.17       2.3  T
   3    -41.1271757 -0.136737E-07  0.886E-04    9.17      25.9  T
   4    -41.1271757 -0.160945E-08  0.311E-04    9.17      73.7  T
speedup  1.20
cpu  time for SCC    0.00 s
wall time for SCC    0.00 s
speedup  1.00
cpu  time for grad    0.01 s
wall time for grad    0.01 s
 E :    -40.92173984  G :  0.000240    pred/act E change: -0.474D-06 -0.410D-06
Maxdispl :   0.0132   ||displ|| :   0.0182   Lambda : -0.521D-06
Largest |displ|/coords:  0.0132 (   2)  0.0070 (   4)  0.0063 (   1)
................................................................................
.............................. CYCLE   57 ......................................
................................................................................
   1    -41.1272022 -0.411272E+02  0.143E-02    9.17       0.0  T
   2    -41.1272022 -0.209270E-07  0.108E-02    9.17       2.1  T
   3    -41.1272023 -0.175779E-07  0.104E-03    9.17      22.1  T
   4    -41.1272023 -0.282511E-08  0.368E-04    9.17      62.4  T
   5    -41.1272023 -0.119535E-09  0.114E-04    9.17     201.7  T
speedup  0.97
cpu  time for SCC    0.00 s
wall time for SCC    0.00 s
speedup  1.03
cpu  time for grad    0.01 s
wall time for grad    0.01 s
 E :    -40.92174020  G :  0.000227    pred/act E change: -0.267D-06 -0.361D-06
Maxdispl :   0.0084   ||displ|| :   0.0119   Lambda : -0.270D-06
Largest |displ|/coords:  0.0084 (   2)  0.0048 (   1)  0.0047 (   4)
................................................................................
.............................. CYCLE   58 ......................................
................................................................................
   1    -41.1272183 -0.411272E+02  0.793E-03    9.17       0.0  T
   2    -41.1272183 -0.992743E-08  0.598E-03    9.17       3.8  T
   3    -41.1272184 -0.663411E-08  0.686E-04    9.17      33.4  T
   4    -41.1272184 -0.161948E-08  0.233E-04    9.17      98.5  T
speedup  0.80
cpu  time for SCC    0.00 s
wall time for SCC    0.00 s
speedup  1.00
cpu  time for grad    0.01 s
wall time for grad    0.01 s
 E :    -40.92174039  G :  0.000177    pred/act E change: -0.261D-06 -0.188D-06
Maxdispl :   0.0043   ||displ|| :   0.0063   Lambda : -0.147D-06
Largest |displ|/coords:  0.0043 (   2)  0.0030 (   1)  0.0016 (   4)
................................................................................
.............................. CYCLE   59 ......................................
................................................................................
   1    -41.1272200 -0.411272E+02  0.316E-03    9.17       0.0  T
   2    -41.1272200 -0.276597E-08  0.239E-03    9.17       9.6  T
   3    -41.1272200 -0.142111E-08  0.334E-04    9.17      68.7  T
   4    -41.1272200 -0.502517E-09  0.118E-04    9.17     195.1  T
speedup  1.20
cpu  time for SCC    0.00 s
wall time for SCC    0.00 s
speedup  1.00
cpu  time for grad    0.01 s
wall time for grad    0.01 s
 E :    -40.92174049  G :  0.000145    pred/act E change: -0.135D-06 -0.103D-06
Maxdispl :   0.0045   ||displ|| :   0.0072   Lambda : -0.140D-06
Largest |displ|/coords:  0.0045 (   2)  0.0040 (   1)  0.0014 (   9)
................................................................................
.............................. CYCLE   60 ......................................
................................................................................
   1    -41.1272056 -0.411272E+02  0.334E-03    9.17       0.0  T
   2    -41.1272056 -0.259570E-08  0.253E-03    9.17       9.1  T
   3    -41.1272056 -0.170597E-08  0.327E-04    9.17      70.2  T
   4    -41.1272056 -0.444182E-09  0.121E-04    9.17     188.9  T
speedup  1.20
cpu  time for SCC    0.00 s
wall time for SCC    0.00 s
speedup  0.98
cpu  time for grad    0.01 s
wall time for grad    0.01 s
 E :    -40.92174059  G :  0.000136    pred/act E change: -0.733D-07 -0.983D-07
Maxdispl :   0.0030   ||displ|| :   0.0052   Lambda : -0.113D-06
Largest |displ|/coords:  0.0030 (   1)  0.0018 (   2)  0.0017 (   3)

   *** GEOMETRY OPTIMIZATION CONVERGED AFTER 60 ITERATIONS ***

------------------------------------------------------------------------
 total energy gain (kcal):     -0.0016
------------------------------------------------------------------------
================
 final structure:
================
$coord
       -0.67521451207651       -1.51855675283037       -0.31268960053679      S 
        1.78145014483644       -2.14768548434599       -1.33917528808760      O 
       -0.41710847724987       -0.65818679265435        2.41076663710904      O 
       -2.06827682004324        0.29969147119839       -1.75928725841082      O 
       -2.25220446649187       -3.96480936713524       -0.10488668919780      O 
       -1.05286455253433       -5.30241163794529        0.43110806720844      H 
        2.91359147586199        2.78334423007820       -2.09712838784930      O 
        2.90319630099820        0.94957469250805       -2.01504962953530      H 
        1.60627973780506        3.23324703148781       -3.27416119324038      H 
       -3.40597178815329        4.83703117329674        0.10841303679285      O 
       -3.13537362995498        3.25979569811705       -0.80874706201742      H 
       -5.03201827406145        4.70134587229573        0.89507771997311      H 
        1.72721027785779       -6.72434300198746        0.68035885214237      O 
        2.45608154633283       -5.17487803335182       -0.00052126055749      H 
        2.07538913133796       -8.04282338648182       -0.51760790502924      H 
        0.94431586801792        3.80740203597137        2.40405426614350      O 
        2.03821105043007        3.75922209518147        0.89573202479400      H 
       -0.63082458289694        4.61507658912433        1.82791806898995      H 
        0.22413153218881        1.28796351077441        2.57582562020487      H 
$end
 
 Bond Distances (Angstroems)
 ---------------------------
S1-O2=1.4477         S1-O3=1.5176         S1-O4=1.4336         S1-O5=1.5441         O2-S1=1.4477         O3-S1=1.5176         
O3-H19=1.0878        O4-S1=1.4336         O5-S1=1.5441         O5-H6=0.9921         H6-O5=0.9921         O7-H8=0.9714         
O7-H9=0.9608         H8-O7=0.9714         H9-O7=0.9608         O10-H11=0.9761       O10-H12=0.9586       H11-O10=0.9761       
H12-O10=0.9586       O13-H14=0.9751       O13-H15=0.9605       H14-O13=0.9751       H15-O13=0.9605       O16-H17=0.9863       
O16-H18=0.9851       H17-O16=0.9863       H18-O16=0.9851       H19-O3=1.0878        
 O  H  Rav=0.9854 sigma=0.0359  Rmin=0.9586  Rmax=1.0878    10
 S  O  Rav=1.4857 sigma=0.0463  Rmin=1.4336  Rmax=1.5441     4
 
 selected bond angles (degree)
 --------------------
O3-S1-O2=110.15                O4-S1-O2=114.57                O4-S1-O3=110.61                O5-S1-O2=108.62                
O5-S1-O3=103.45                O5-S1-O4=108.83                H19-O3-S1=112.85               H6-O5-S1=105.83                
H9-O7-H8=105.81                H12-O10-H11=106.47             
 
 selected dihedral angles (degree)
 ---------------------------------
H19-O3-S1-O2= 78.93           H19-O3-S1-O4=311.26           H19-O3-S1-O5=194.87           H6-O5-S1-O2= 38.01            
H6-O5-S1-O3=280.99            H6-O5-S1-O4=163.35            
 
 CMA Distance (Angstroems)
 ---------------------------
R(CMA):  1.6239

========================================================================
 FINAL SINGLEPOINT CALCULATION ON OPTIMIZED GEOMETRY
========================================================================

 Ncao       : 52
 Nao        : 51
 Nshell     : 29
 Nel        : 64
 T(el)      :   300.0
 intcut     :    25.0
 scfconv/Eh :  0.100E-05
   qconv/e  :  0.100E-03
 intneglect :  0.100E-07
 broydamp   :      0.250
 iter      E             dE          RMSdq      gap      omega  full diag
   1    -41.1272056 -0.411272E+02  0.363E-05    9.17       0.0  T
   2    -41.1272056 -0.145661E-11  0.235E-05    9.17     975.0  T
   3    -41.1272056 -0.738964E-12  0.721E-06    9.17    3181.9  T
speedup  1.11
cpu  time for SCC    0.00 s
wall time for SCC    0.00 s

   *** convergence criteria satisfied after 3 iterations ***

          eigenvalues
 #    :          20         21         22         23         24         25         26         27
 occ. :        2.000      2.000      2.000      2.000      2.000      2.000      2.000      2.000
 eps  :       -14.503    -14.244    -14.153    -13.989    -13.444    -13.113    -13.008    -12.893
 #    :          28         29         30         31         32         33         34         35
 occ. :        2.000      2.000      2.000      2.000      2.000      0.000      0.000      0.000
 eps  :       -12.858    -12.656    -12.597    -12.368    -12.307     -3.135     -1.007     -0.688
 #    :          36         37         38         39         40         41         42         43
 occ. :        0.000      0.000      0.000      0.000      0.000      0.000      0.000      0.000
 eps  :         0.403      0.766      1.335      2.644      3.772      4.814      5.399      6.602


   #   Z            q   n(s)   n(p)   n(d)      C6AA      α(0)
   1  16 S      1.729  1.578  1.758  0.936    88.124    15.800
   2   8 O     -0.738  1.771  4.967  0.000    29.757     7.314
   3   8 O     -0.648  1.767  4.881  0.000    26.358     6.929
   4   8 O     -0.699  1.751  4.947  0.000    28.669     7.179
   5   8 O     -0.592  1.749  4.843  0.000    24.971     6.746
   6   1 H      0.389  0.611  0.000  0.000     0.501     1.109
   7   8 O     -0.601  1.737  4.863  0.000    25.204     6.776
   8   1 H      0.312  0.688  0.000  0.000     0.685     1.300
   9   1 H      0.302  0.698  0.000  0.000     0.714     1.328
  10   8 O     -0.603  1.740  4.863  0.000    25.253     6.782
  11   1 H      0.324  0.676  0.000  0.000     0.653     1.270
  12   1 H      0.290  0.710  0.000  0.000     0.751     1.361
  13   8 O     -0.594  1.743  4.851  0.000    25.050     6.755
  14   1 H      0.324  0.676  0.000  0.000     0.652     1.269
  15   1 H      0.304  0.696  0.000  0.000     0.710     1.324
  16   8 O     -0.588  1.760  4.828  0.000    24.858     6.732
  17   1 H      0.342  0.658  0.000  0.000     0.607     1.224
  18   1 H      0.346  0.654  0.000  0.000     0.599     1.216
  19   1 H      0.401  0.599  0.000  0.000     0.477     1.080

 Mol. C6AA /au·bohr⁶  :       3366.941270
 Mol. C8AA /au·bohr⁸  :      76105.507702
 Mol. α(0) /au        :         83.491725

 
 Wiberg/Mayer (AO) data. WBOs > 0.1 written file <wbo>
 largest (>0.05) Wiberg bond orders for each atom
           total WBO             WBO to atom ...
     1  S   4.813    O    4 1.401    O    2 1.314    O    3 1.055    O    5 0.999
     2  O   1.729    S    1 1.314    O    4 0.114    O    3 0.094    O    5 0.087
     3  O   1.934    S    1 1.055    H   19 0.557    O    4 0.100    O    2 0.094    O   16 0.069    O    5 0.056
     4  O   1.760    S    1 1.401    O    2 0.114    O    3 0.100    O    5 0.072
     5  O   2.000    S    1 0.999    H    6 0.738    O    2 0.087    O    4 0.072    O    3 0.056
     6  H   0.849    O    5 0.738    O   13 0.093
     7  O   1.882    H    9 0.905    H    8 0.859    H   17 0.063
     8  H   0.902    O    7 0.859
     9  H   0.909    O    7 0.905
    10  O   1.873    H   12 0.912    H   11 0.848    H   18 0.060
    11  H   0.895    O   10 0.848
    12  H   0.916    O   10 0.912
    13  O   1.907    H   15 0.905    H   14 0.851    H    6 0.093
    14  H   0.895    O   13 0.851
    15  H   0.908    O   13 0.905
    16  O   2.042    H   18 0.818    H   17 0.818    H   19 0.263    O    3 0.069
    17  H   0.883    O   16 0.818    O    7 0.063
    18  H   0.881    O   16 0.818    O   10 0.060
    19  H   0.840    O    3 0.557    O   16 0.263
 MOs/occ written to file <molden.input>
 
molecular dipole:
                 x           y           z       tot (Debye)
 q only:       -0.209      -0.396      -0.089
   full:       -0.459      -0.868      -0.463       2.760
molecular quadrupole (traceless):
                xx          xy          yy          xz          yz          zz
 q only:       -1.807      -5.445       5.710      -2.993       4.073      -3.903
  q+dip:       -0.260      -8.279       4.389      -4.265       5.163      -4.129
   full:       -0.537      -8.205       5.056      -4.353       5.277      -4.519

SCC energy    :     -41.1272056
rep           :       0.2054237
ES            :       0.1851419
AES           :      -0.0448333
AXC           :      -0.0107698
disp          :      -0.0133762
XB            :       0.0000000
fix           :       0.0000000
total E       :     -40.9217406
atomizationE  :       3.7159278     2331.78
(atE without considering molecular charge,
 total energy contains solvation terms)
H-L gap (eV)  :          9.1719
optimized geometry written to: xtbopt.xyz


------------------------------------------------------------------------
 * finished run on 2019/09/03 at 07:05:59.610     
------------------------------------------------------------------------
 total:
 * wall-time:     0 d,  0 h,  0 min,  1.002 sec
 *  cpu-time:     0 d,  0 h,  0 min,  0.987 sec
 * ratio c/w:     0.985 speedup
 SCF:
 * wall-time:     0 d,  0 h,  0 min,  0.096 sec
 *  cpu-time:     0 d,  0 h,  0 min,  0.092 sec
 * ratio c/w:     0.961 speedup
 ANC optimizer:
 * wall-time:     0 d,  0 h,  0 min,  0.884 sec
 *  cpu-time:     0 d,  0 h,  0 min,  0.876 sec
 * ratio c/w:     0.991 speedup

