      -----------------------------------------------------------      
     |                   =====================                   |     
     |                           x T B                           |     
     |                   =====================                   |     
     |                         S. Grimme                         |     
     |          Mulliken Center for Theoretical Chemistry        |     
     |                    University of Bonn                     |     
     |                 Version 6.0.1 (SAW181210)                 |     
      -----------------------------------------------------------      

   This program is distributed in the hope that it will be useful,
   but WITHOUT ANY WARRANTY; without even the implied warranty of
   MERCHANTABILITY or FITNESS FOR A PARTICULAR PURPOSE.
   
   FOR NON-COMMERCIAL, ACADEMIA USE ONLY.
   
   Cite this work as:
   S. Grimme, C. Bannwarth, P. Shushkov, J. Comput. Theory Chem., 2017,
   13, 1989-2009.
   C. Bannwarth, S. Ehlert and S. Grimme., ChemRxiv, 2018, preprint.
   http://doi.org/10.26434/chemrxiv.7246238.v1
   
   for sTDA-xTB:
   S. Grimme and C. Bannwarth, J. Chem. Phys., 2016, 145, 054103.
   
   in the mass-spec context:
   V. Asgeirsson, C. Bauer and S. Grimme, Chem. Sci., 2017, 8, 4879.
   
   if GBSA is used:
   P. Shushkov, F. März and S. Grimme, unpublished.
   
   for ANC optimizer:
   S. Grimme, unpublished.
   Rational Function algorithm used in ANCopt:
   F. Eckert, P. Pulay, H.-J. Werner, J. Comput. Chem., 1997, 18, 1473.
   
   with help from (in alphabetical order)
   C. Bannwarth, F. Bohle, G. Brandenburg, E. Caldeweyher, M. Checinski,
   S. Dohm, S. Ehlert, S. Ehrlich, F. März, H. Neugebauer, J. Pisarek,
   P. Pracht, P. Shushkov, and S. Spicher.
   
 * started run on 2019/09/03 at 07:23:58.896     
========================================================================
 # omp threads = 1
========================================================================
number of atoms            : 19
number of electrons        : 64
charge                     : 0
spin                       : .0
first test random number   : .3440

########################################################################
# WARNING! Please study the warnings concerning your input carefully
#  - XTBPATH is not set, using XTBHOME instead
#  - the use of '-opt' is discouraged, please use '--opt' next time
#  - the use of '-chrg' is discouraged, please use '--chrg' next time
#  - the use of '-uhf' is discouraged, please use '--uhf' next time
########################################################################

           ------------------------------------------------- 
          |                 G F N 2 - x T B                 |
          | Geometry, Frequencies, Noncovalent interactions |
          |            JCTC 2018 parametrisation            |
           ------------------------------------------------- 
      method parameters     
 k(s)        :  1.8500
 k(p)        :  2.2300
 k(d)        :  2.2300
 k(f)        :  2.0000
 kEN (H0ij)  : -2.0000
 D4 a1       :  0.5200
 D4 a2       :  5.0000
 D4 s6       :  1.0000
 D4 s8       :  2.7000
 D4 s9       :  5.0000
 alphaj      :  2.0000


            Z     q(EN)     CN     RAES       Cart. coordinates
     1  S   6.0    0.64    4.26    4.17    -0.37738     1.98959    -2.29113
     2  O   6.0   -0.30    1.18    1.80    -1.64768     0.00641    -3.83433
     3  O   6.0   -0.30    1.19    1.80    -2.07229     2.76575    -0.18092
     4  O   6.0   -0.31    1.17    1.80     2.02398     0.96414    -1.23754
     5  O   6.0   -0.25    2.08    1.84     0.17875     4.19148    -3.88954
     6  H   1.0    0.15    1.21    1.47    -1.36797     4.85282    -4.56880
     7  O   6.0   -0.28    2.06    1.83     0.39841    -3.44188     1.12929
     8  H   1.0    0.17    1.02    1.43    -0.88757    -4.22428     0.10522
     9  H   1.0    0.17    1.01    1.43     1.45784    -2.53302    -0.03955
    10  O   6.0   -0.28    2.00    1.83    -3.14876    -4.66537    -2.33760
    11  H   1.0    0.17    1.02    1.43    -2.72473    -3.16426    -3.27648
    12  H   1.0    0.15    0.97    1.43    -4.23793    -5.62752    -3.43423
    13  O   6.0   -0.28    1.99    1.82     4.13123     2.43638     3.64978
    14  H   1.0    0.16    0.99    1.43     4.05057     2.27991     1.83770
    15  H   1.0    0.15    0.97    1.43     5.90198     2.59836     4.04069
    16  O   6.0   -0.21    2.89    2.52    -0.59521     0.37051     3.94671
    17  H   1.0    0.15    1.02    1.43    -1.72779     1.38810     2.86430
    18  H   1.0    0.14    1.05    1.44    -0.41904    -1.38187     3.32369
    19  H   1.0    0.14    1.01    1.43     1.06359     1.19475     4.19273

  Z AO/shell   Hii/eV     exponent
  1     Wed Apr 25 08:07:45 CEST 2018   EN: 2.200 GM2: 0.406  GM3: 0.0800  RAES: 1.40
     1s    -10.707211    1.230000
  8     Wed Apr 25 08:07:45 CEST 2018   EN: 3.440 GM2: 0.452  GM3:-0.0517  RAES: 1.80
     2s    -20.229985    2.439742
     2p    -15.503117    2.137023
 16     Tue Apr 24 11:44:34 CEST 2018   EN: 2.580 GM2: 0.340  GM3:-0.0502  RAES: 3.10
     3s    -20.029654    1.981333
     3p    -11.377694    2.025643
     3d     -0.420282    1.702555
 no old-style atom pair restraining (fixing) potential

molecular fragmentation (1/2 indicates fragments):
1111112222222222222
# atoms in fragment 1/2:     6    13
 fragment masses (1/2) :       97.07       73.07
CMA distance (Bohr)    :   5.103
constraining FC (au)   :  0.0500
           ------------------------------------------------- 
          |        Self-Consistent Charge Iterations        |
           ------------------------------------------------- 

 Ncao       : 52
 Nao        : 51
 Nshell     : 29
 Nel        : 64
 T(el)      :   300.0
 intcut     :    25.0
 scfconv/Eh :  0.100E-05
   qconv/e  :  0.100E-03
 intneglect :  0.100E-07
 broydamp   :      0.250
 iter      E             dE          RMSdq      gap      omega  full diag
   1    -41.0191967 -0.410192E+02  0.767E+00   10.57       0.0  T
   2    -41.0587625 -0.395658E-01  0.555E+00   10.04       1.0  T
   3    -41.0892422 -0.304797E-01  0.146E+00    8.79       1.0  T
   4    -41.0935202 -0.427801E-02  0.610E-01    8.82       1.0  T
   5    -41.0941733 -0.653118E-03  0.334E-01    8.76       1.0  T
   6    -41.0945298 -0.356456E-03  0.143E-01    8.77       1.0  T
   7    -41.0946095 -0.797001E-04  0.517E-02    8.81       1.0  T
   8    -41.0946194 -0.994969E-05  0.300E-02    8.80       1.0  T
   9    -41.0946233 -0.384999E-05  0.122E-02    8.80       1.9  T
  10    -41.0946240 -0.677814E-06  0.262E-03    8.79       8.8  T
  11    -41.0946240 -0.178495E-07  0.990E-04    8.79      23.2  T
  12    -41.0946240 -0.340057E-08  0.467E-04    8.79      49.1  T
speedup  0.95
cpu  time for SCC    0.01 s
wall time for SCC    0.01 s

   *** convergence criteria satisfied after 12 iterations ***

          eigenvalues
 #    :          20         21         22         23         24         25         26         27
 occ. :        2.000      2.000      2.000      2.000      2.000      2.000      2.000      2.000
 eps  :       -13.811    -13.149    -12.898    -12.683    -12.632    -11.981    -11.684    -11.471
 #    :          28         29         30         31         32         33         34         35
 occ. :        2.000      2.000      2.000      2.000      2.000      0.000      0.000      0.000
 eps  :       -11.451    -11.268    -10.947    -10.743    -10.560     -1.767     -0.814      0.166
 #    :          36         37         38         39         40         41         42         43
 occ. :        0.000      0.000      0.000      0.000      0.000      0.000      0.000      0.000
 eps  :         1.206      1.567      1.878      2.790      3.989      4.957      6.495      7.165


   #   Z            q   n(s)   n(p)   n(d)      C6AA      α(0)
   1  16 S      1.569  1.586  1.858  0.987    91.808    16.127
   2   8 O     -0.754  1.779  4.976  0.000    30.234     7.372
   3   8 O     -0.768  1.773  4.995  0.000    30.633     7.421
   4   8 O     -0.745  1.767  4.978  0.000    29.968     7.340
   5   8 O     -0.544  1.718  4.826  0.000    23.856     6.594
   6   1 H      0.358  0.642  0.000  0.000     0.562     1.173
   7   8 O     -0.622  1.732  4.890  0.000    25.710     6.844
   8   1 H      0.337  0.663  0.000  0.000     0.621     1.237
   9   1 H      0.319  0.681  0.000  0.000     0.666     1.282
  10   8 O     -0.612  1.738  4.875  0.000    25.485     6.813
  11   1 H      0.328  0.672  0.000  0.000     0.643     1.259
  12   1 H      0.278  0.722  0.000  0.000     0.791     1.397
  13   8 O     -0.600  1.727  4.873  0.000    25.181     6.773
  14   1 H      0.325  0.675  0.000  0.000     0.651     1.268
  15   1 H      0.296  0.704  0.000  0.000     0.734     1.345
  16   8 O     -0.409  1.636  4.773  0.000    20.971     6.185
  17   1 H      0.415  0.585  0.000  0.000     0.459     1.064
  18   1 H      0.417  0.583  0.000  0.000     0.455     1.059
  19   1 H      0.415  0.585  0.000  0.000     0.459     1.064

 Mol. C6AA /au·bohr⁶  :       3379.907337
 Mol. C8AA /au·bohr⁸  :      76765.642837
 Mol. α(0) /au        :         83.617261

 
 Wiberg/Mayer (AO) data. WBOs > 0.1 written file <wbo>
 largest (>0.05) Wiberg bond orders for each atom
           total WBO             WBO to atom ...
     1  S   4.945    O    4 1.329    O    2 1.315    O    3 1.280    O    5 0.993
     2  O   1.673    S    1 1.315    O    4 0.113    O    3 0.113    O    5 0.074
     3  O   1.671    S    1 1.280    O    4 0.114    O    2 0.113    O    5 0.071    H   17 0.066
     4  O   1.688    S    1 1.329    O    3 0.114    O    2 0.113    O    5 0.054
     5  O   2.046    S    1 0.993    H    6 0.848    O    2 0.074    O    3 0.071    O    4 0.054
     6  H   0.872    O    5 0.848
     7  O   1.897    H    9 0.872    H    8 0.848    H   18 0.104
     8  H   0.887    O    7 0.848
     9  H   0.898    O    7 0.872
    10  O   1.831    H   12 0.912    H   11 0.850
    11  H   0.892    O   10 0.850
    12  H   0.923    O   10 0.912
    13  O   1.856    H   15 0.903    H   14 0.873    H   19 0.050
    14  H   0.895    O   13 0.873
    15  H   0.912    O   13 0.903
    16  O   2.337    H   19 0.771    H   17 0.755    H   18 0.719
    17  H   0.828    O   16 0.755    O    3 0.066
    18  H   0.826    O   16 0.719    O    7 0.104
    19  H   0.828    O   16 0.771    O   13 0.050
 MOs/occ written to file <molden.input>
 
molecular dipole:
                 x           y           z       tot (Debye)
 q only:        0.300       0.284       1.865
   full:        0.426       0.842       0.701       2.988
molecular quadrupole (traceless):
                xx          xy          yy          xz          yz          zz
 q only:       -0.766       2.631      -3.016       5.282      -0.273       3.781
  q+dip:        0.966       3.653      -2.944       8.298      -0.947       1.978
   full:        0.930       3.947      -2.925       8.557      -1.339       1.995

SCC energy    :     -41.0946240
rep           :       0.2163879
ES            :       0.2401921
AES           :      -0.0551103
AXC           :      -0.0109530
disp          :      -0.0126832
XB            :       0.0000000
fix           :       0.0000000
total E       :     -40.8781456
atomizationE  :       3.6723328     2304.42
(atE without considering molecular charge,
 total energy contains solvation terms)
H-L gap (eV)  :          8.7933
           ------------------------------------------------- 
          |                 ===============                 |
          |                   A N C O P T                   |
          |                 ===============                 |
          |          Approximate Normal Coordinate          |
          |           Rational Function Optimizer           |
           ------------------------------------------------- 
dumping coords to <xtbopt.coord> and <xtbopt.log>
 optlevel               2
 Maxcycle             380
 Maxmicro              25
 Econv         1.000000000000000E-007
 Gconv         2.000000000000000E-004
 Maxdispl       1.00000000000000     
 Hlow          5.000000000000000E-003
 S6             20.0000000000000     
 Nvar               51

generating ANC from model Hessian ...
 Shifting diagonal of input Hessian by   4.914608585913820E-003
 Lowest  eigenvalues of input Hessian
   -0.000000   -0.000000   -0.000000    0.000000    0.000000    0.000000
    0.005000    0.005038    0.005646    0.006000    0.006633    0.007582
    0.008041    0.008666    0.010093    0.010488    0.010898    0.013008
 Highest eigenvalues
    1.450968    1.549602    1.557938    3.135313    3.208997    3.309413
 
cpu  time for ANC gen    0.01 s
wall time for ANC gen    0.01 s
................................................................................
.............................. CYCLE    1 ......................................
................................................................................
   1    -41.0946240 -0.410946E+02  0.105E-04    8.79       0.0  T
   2    -41.0946240 -0.133227E-10  0.794E-05    8.79     289.1  T
   3    -41.0946240 -0.889600E-11  0.294E-05    8.79     779.5  T
speedup  0.95
cpu  time for SCC    0.00 s
wall time for SCC    0.00 s
speedup  0.93
cpu  time for grad    0.01 s
wall time for grad    0.01 s
 E :    -40.87814557  G :  0.169031    pred/act E change:  0.000D+00  0.264D-07
Maxdispl :   0.3145   ||displ|| :   0.4721   Lambda : -0.239D-01
Largest |displ|/coords:  0.3145 (  20)  0.1573 (  12)  0.1543 (  22)
................................................................................
.............................. CYCLE    2 ......................................
................................................................................
   1    -41.1053881 -0.411054E+02  0.443E-01    8.96       0.0  T
   2    -41.1055438 -0.155671E-03  0.338E-01    9.01       1.0  T
   3    -41.1056027 -0.588852E-04  0.932E-02    9.10       1.0  T
   4    -41.1056238 -0.211231E-04  0.261E-02    9.09       1.0  T
   5    -41.1056252 -0.141222E-05  0.810E-03    9.08       2.8  T
   6    -41.1056253 -0.721393E-07  0.404E-03    9.08       5.7  T
   7    -41.1056253 -0.387875E-07  0.212E-03    9.08      10.8  T
speedup  1.16
cpu  time for SCC    0.01 s
wall time for SCC    0.00 s
speedup  1.06
cpu  time for grad    0.01 s
wall time for grad    0.01 s
 E :    -40.89846936  G :  0.111398    pred/act E change:  0.000D+00 -0.203D-01
Maxdispl :   0.3045   ||displ|| :   0.4868   Lambda : -0.164D-01
Largest |displ|/coords:  0.3045 (  20)  0.1702 (  22)  0.1223 (  10)
................................................................................
.............................. CYCLE    3 ......................................
................................................................................
   1    -41.1128877 -0.411129E+02  0.356E-01    9.16       0.0  T
   2    -41.1131868 -0.299085E-03  0.269E-01    9.20       1.0  T
   3    -41.1133112 -0.124372E-03  0.122E-01    9.26       1.0  T
   4    -41.1133231 -0.119314E-04  0.321E-02    9.26       1.0  T
   5    -41.1133249 -0.179927E-05  0.102E-02    9.26       2.3  T
   6    -41.1133251 -0.125767E-06  0.480E-03    9.26       4.8  T
   7    -41.1133251 -0.573943E-07  0.241E-03    9.26       9.5  T
speedup  0.91
cpu  time for SCC    0.00 s
wall time for SCC    0.00 s
speedup  0.94
cpu  time for grad    0.01 s
wall time for grad    0.01 s
 E :    -40.91127874  G :  0.066222    pred/act E change: -0.146D-01 -0.128D-01
Maxdispl :   0.1920   ||displ|| :   0.4154   Lambda : -0.658D-02
Largest |displ|/coords:  0.1920 (  20)  0.1454 (   7)  0.1302 (   5)
................................................................................
.............................. CYCLE    4 ......................................
................................................................................
   1    -41.1148093 -0.411148E+02  0.283E-01    9.29       0.0  T
   2    -41.1150188 -0.209461E-03  0.211E-01    9.29       1.0  T
   3    -41.1151099 -0.910783E-04  0.955E-02    9.26       1.0  T
   4    -41.1151179 -0.804960E-05  0.256E-02    9.24       1.0  T
   5    -41.1151189 -0.972769E-06  0.820E-03    9.25       2.8  T
   6    -41.1151190 -0.862037E-07  0.389E-03    9.25       5.9  T
   7    -41.1151190 -0.384417E-07  0.195E-03    9.25      11.8  T
speedup  1.14
cpu  time for SCC    0.00 s
wall time for SCC    0.00 s
speedup  1.04
cpu  time for grad    0.01 s
wall time for grad    0.01 s
 E :    -40.91554344  G :  0.038612    pred/act E change: -0.101D-01 -0.426D-02
Maxdispl :   0.1816   ||displ|| :   0.4001   Lambda : -0.271D-02
Largest |displ|/coords:  0.1816 (   5)  0.1745 (   7)  0.1704 (   6)
................................................................................
.............................. CYCLE    5 ......................................
................................................................................
   1    -41.1167819 -0.411168E+02  0.257E-01    9.24       0.0  T
   2    -41.1168183 -0.363480E-04  0.197E-01    9.24       1.0  T
   3    -41.1168318 -0.135240E-04  0.455E-02    9.24       1.0  T
   4    -41.1168381 -0.631834E-05  0.169E-02    9.24       1.4  T
   5    -41.1168383 -0.250716E-06  0.333E-03    9.24       6.9  T
   6    -41.1168384 -0.142940E-07  0.177E-03    9.24      12.9  T
speedup  1.08
cpu  time for SCC    0.00 s
wall time for SCC    0.00 s
speedup  1.01
cpu  time for grad    0.01 s
wall time for grad    0.01 s
 E :    -40.91733406  G :  0.018580    pred/act E change: -0.385D-02 -0.179D-02
Maxdispl :   0.2548   ||displ|| :   0.4639   Lambda : -0.197D-02
Largest |displ|/coords:  0.2548 (   5)  0.2391 (   7)  0.1490 (  13)
................................................................................
.............................. CYCLE    6 ......................................
................................................................................
   1    -41.1194966 -0.411195E+02  0.294E-01    9.18       0.0  T
   2    -41.1195445 -0.478411E-04  0.223E-01    9.18       1.0  T
   3    -41.1195597 -0.152107E-04  0.560E-02    9.18       1.0  T
   4    -41.1195673 -0.766063E-05  0.178E-02    9.18       1.3  T
   5    -41.1195676 -0.297355E-06  0.360E-03    9.18       6.4  T
   6    -41.1195676 -0.139657E-07  0.196E-03    9.18      11.7  T
   7    -41.1195676 -0.608801E-08  0.889E-04    9.18      25.8  T
speedup  0.89
cpu  time for SCC    0.00 s
wall time for SCC    0.00 s
speedup  0.92
cpu  time for grad    0.01 s
wall time for grad    0.01 s
 E :    -40.91817493  G :  0.015557    pred/act E change: -0.157D-02 -0.841D-03
Maxdispl :   0.2451   ||displ|| :   0.3833   Lambda : -0.139D-02
Largest |displ|/coords:  0.2451 (   6)  0.1394 (   7)  0.1242 (  10)
................................................................................
.............................. CYCLE    7 ......................................
................................................................................
   1    -41.1178558 -0.411179E+02  0.439E-01    9.08       0.0  T
   2    -41.1178884 -0.325733E-04  0.335E-01    9.12       1.0  T
   3    -41.1179202 -0.317693E-04  0.305E-02    9.20       1.0  T
   4    -41.1179236 -0.338598E-05  0.133E-02    9.18       1.7  T
   5    -41.1179237 -0.155951E-06  0.379E-03    9.17       6.0  T
   6    -41.1179237 -0.635935E-08  0.187E-03    9.17      12.3  T
   7    -41.1179237 -0.538805E-08  0.533E-04    9.17      43.0  T
speedup  1.14
cpu  time for SCC    0.00 s
wall time for SCC    0.00 s
speedup  1.03
cpu  time for grad    0.01 s
wall time for grad    0.01 s
 E :    -40.91840110  G :  0.032313    pred/act E change: -0.120D-02 -0.226D-03
Maxdispl :   0.1203   ||displ|| :   0.3232   Lambda : -0.200D-02
Largest |displ|/coords:  0.1203 (   6)  0.1141 (   1)  0.1132 (   4)
................................................................................
.............................. CYCLE    8 ......................................
................................................................................
   1    -41.1196915 -0.411197E+02  0.338E-01    9.19       0.0  T
   2    -41.1197358 -0.443175E-04  0.254E-01    9.18       1.0  T
   3    -41.1197667 -0.308385E-04  0.434E-02    9.13       1.0  T
   4    -41.1197729 -0.626242E-05  0.962E-03    9.16       2.4  T
   5    -41.1197730 -0.862967E-07  0.507E-03    9.16       4.5  T
   6    -41.1197730 -0.194283E-07  0.195E-03    9.16      11.7  T
speedup  1.08
cpu  time for SCC    0.00 s
wall time for SCC    0.00 s
speedup  1.00
cpu  time for grad    0.01 s
wall time for grad    0.01 s
 E :    -40.91874785  G :  0.027233    pred/act E change: -0.796D-03 -0.347D-03
Maxdispl :   0.0763   ||displ|| :   0.1781   Lambda : -0.111D-02
Largest |displ|/coords:  0.0763 (   8)  0.0723 (   3)  0.0718 (  13)
................................................................................
.............................. CYCLE    9 ......................................
................................................................................
   1    -41.1211411 -0.411211E+02  0.184E-01    9.16       0.0  T
   2    -41.1211582 -0.171371E-04  0.137E-01    9.16       1.0  T
   3    -41.1211681 -0.990137E-05  0.279E-02    9.15       1.0  T
   4    -41.1211703 -0.212461E-05  0.775E-03    9.15       3.0  T
   5    -41.1211703 -0.745582E-07  0.275E-03    9.15       8.3  T
   6    -41.1211703 -0.306337E-08  0.149E-03    9.15      15.4  T
speedup  1.08
cpu  time for SCC    0.00 s
wall time for SCC    0.00 s
speedup  1.00
cpu  time for grad    0.01 s
wall time for grad    0.01 s
 E :    -40.91917467  G :  0.018696    pred/act E change: -0.111D-02 -0.427D-03
Maxdispl :   0.2301   ||displ|| :   0.3814   Lambda : -0.186D-02
Largest |displ|/coords:  0.2301 (   7)  0.1147 (  10)  0.1003 (  12)
................................................................................
.............................. CYCLE   10 ......................................
................................................................................
   1    -41.1052605 -0.411053E+02  0.493E-01    9.08       0.0  T
   2    -41.1053434 -0.829394E-04  0.370E-01    9.09       1.0  T
   3    -41.1053949 -0.514551E-04  0.643E-02    9.11       1.0  T
   4    -41.1054067 -0.118218E-04  0.162E-02    9.10       1.4  T
   5    -41.1054071 -0.381865E-06  0.546E-03    9.09       4.2  T
   6    -41.1054071 -0.254956E-07  0.324E-03    9.09       7.1  T
   7    -41.1054071 -0.185814E-07  0.862E-04    9.10      26.6  T
   8    -41.1054071 -0.189124E-08  0.392E-04    9.10      58.5  T
speedup  1.00
cpu  time for SCC    0.01 s
wall time for SCC    0.01 s
speedup  0.97
cpu  time for grad    0.01 s
wall time for grad    0.01 s
 E :    -40.91730116  G :  0.048726    pred/act E change: -0.572D-03  0.187D-02
Maxdispl :   0.1464   ||displ|| :   0.2669   Lambda : -0.539D-02
Largest |displ|/coords:  0.1464 (  10)  0.1412 (   3)  0.0858 (  12)
................................................................................
.............................. CYCLE   11 ......................................
................................................................................
   1    -41.1179343 -0.411179E+02  0.361E-01    9.16       0.0  T
   2    -41.1179748 -0.404665E-04  0.272E-01    9.16       1.0  T
   3    -41.1180025 -0.277264E-04  0.434E-02    9.17       1.0  T
   4    -41.1180081 -0.562548E-05  0.104E-02    9.18       2.2  T
   5    -41.1180082 -0.115806E-06  0.477E-03    9.18       4.8  T
   6    -41.1180082 -0.877537E-08  0.222E-03    9.18      10.3  T
speedup  1.08
cpu  time for SCC    0.00 s
wall time for SCC    0.00 s
speedup  1.00
cpu  time for grad    0.01 s
wall time for grad    0.01 s
 E :    -40.91965866  G :  0.013447    pred/act E change: -0.106D-02 -0.236D-02
Maxdispl :   0.1298   ||displ|| :   0.3275   Lambda : -0.104D-02
Largest |displ|/coords:  0.1298 (   3)  0.1241 (   5)  0.1073 (   8)
................................................................................
.............................. CYCLE   12 ......................................
................................................................................
   1    -41.1190957 -0.411191E+02  0.229E-01    9.19       0.0  T
   2    -41.1191135 -0.177824E-04  0.172E-01    9.19       1.0  T
   3    -41.1191272 -0.136534E-04  0.281E-02    9.20       1.0  T
   4    -41.1191297 -0.252258E-05  0.921E-03    9.20       2.5  T
   5    -41.1191298 -0.721028E-07  0.375E-03    9.20       6.1  T
   6    -41.1191298 -0.150537E-07  0.165E-03    9.20      13.9  T
   7    -41.1191298 -0.582170E-08  0.504E-04    9.20      45.5  T
speedup  1.14
cpu  time for SCC    0.00 s
wall time for SCC    0.00 s
speedup  1.03
cpu  time for grad    0.01 s
wall time for grad    0.01 s
 E :    -40.91934183  G :  0.024513    pred/act E change: -0.289D-02  0.317D-03
Maxdispl :   0.1433   ||displ|| :   0.2285   Lambda : -0.137D-02
Largest |displ|/coords:  0.1433 (   3)  0.1085 (   7)  0.0716 (   2)
................................................................................
.............................. CYCLE   13 ......................................
................................................................................
   1    -41.1164465 -0.411164E+02  0.192E-01    9.20       0.0  T
   2    -41.1164564 -0.990190E-05  0.143E-01    9.20       1.0  T
   3    -41.1164654 -0.895860E-05  0.213E-02    9.21       1.1  T
   4    -41.1164665 -0.117219E-05  0.746E-03    9.20       3.1  T
   5    -41.1164666 -0.579715E-07  0.314E-03    9.20       7.3  T
   6    -41.1164666 -0.107978E-07  0.155E-03    9.20      14.8  T
speedup  1.08
cpu  time for SCC    0.00 s
wall time for SCC    0.00 s
speedup  1.00
cpu  time for grad    0.01 s
wall time for grad    0.01 s
 E :    -40.92008214  G :  0.012119    pred/act E change: -0.573D-03 -0.740D-03
Maxdispl :   0.1110   ||displ|| :   0.1784   Lambda : -0.387D-03
Largest |displ|/coords:  0.1110 (   7)  0.0717 (   1)  0.0503 (  21)
................................................................................
.............................. CYCLE   14 ......................................
................................................................................
   1    -41.1180555 -0.411181E+02  0.126E-01    9.23       0.0  T
   2    -41.1180610 -0.547990E-05  0.947E-02    9.23       1.0  T
   3    -41.1180645 -0.349418E-05  0.167E-02    9.23       1.4  T
   4    -41.1180653 -0.787487E-06  0.567E-03    9.23       4.0  T
   5    -41.1180653 -0.388148E-07  0.162E-03    9.23      14.1  T
   6    -41.1180653 -0.261990E-08  0.913E-04    9.23      25.1  T
speedup  1.08
cpu  time for SCC    0.00 s
wall time for SCC    0.00 s
speedup  1.00
cpu  time for grad    0.01 s
wall time for grad    0.01 s
 E :    -40.92016607  G :  0.010953    pred/act E change: -0.718D-03 -0.839D-04
Maxdispl :   0.0788   ||displ|| :   0.1774   Lambda : -0.308D-03
Largest |displ|/coords:  0.0788 (   7)  0.0620 (   5)  0.0553 (  10)
................................................................................
.............................. CYCLE   15 ......................................
................................................................................
   1    -41.1169914 -0.411170E+02  0.112E-01    9.27       0.0  T
   2    -41.1169944 -0.306206E-05  0.846E-02    9.27       1.0  T
   3    -41.1169967 -0.225269E-05  0.126E-02    9.27       1.8  T
   4    -41.1169971 -0.422517E-06  0.351E-03    9.27       6.5  T
   5    -41.1169971 -0.173648E-07  0.116E-03    9.27      19.8  T
   6    -41.1169971 -0.693973E-09  0.673E-04    9.27      34.1  T
speedup  0.95
cpu  time for SCC    0.00 s
wall time for SCC    0.00 s
speedup  1.01
cpu  time for grad    0.01 s
wall time for grad    0.01 s
 E :    -40.92038188  G :  0.008711    pred/act E change: -0.200D-03 -0.216D-03
Maxdispl :   0.0806   ||displ|| :   0.1880   Lambda : -0.183D-03
Largest |displ|/coords:  0.0806 (   7)  0.0669 (  10)  0.0624 (   1)
................................................................................
.............................. CYCLE   16 ......................................
................................................................................
   1    -41.1173135 -0.411173E+02  0.108E-01    9.32       0.0  T
   2    -41.1173162 -0.273389E-05  0.812E-02    9.32       1.0  T
   3    -41.1173181 -0.191436E-05  0.134E-02    9.32       1.7  T
   4    -41.1173185 -0.378949E-06  0.425E-03    9.32       5.4  T
   5    -41.1173185 -0.187052E-07  0.106E-03    9.32      21.6  T
   6    -41.1173185 -0.751136E-09  0.622E-04    9.32      36.9  T
speedup  1.05
cpu  time for SCC    0.00 s
wall time for SCC    0.00 s
speedup  0.99
cpu  time for grad    0.01 s
wall time for grad    0.01 s
 E :    -40.92049208  G :  0.005686    pred/act E change: -0.159D-03 -0.110D-03
Maxdispl :   0.0824   ||displ|| :   0.1578   Lambda : -0.103D-03
Largest |displ|/coords:  0.0824 (   7)  0.0634 (   5)  0.0630 (   4)
................................................................................
.............................. CYCLE   17 ......................................
................................................................................
   1    -41.1176183 -0.411176E+02  0.111E-01    9.35       0.0  T
   2    -41.1176200 -0.167451E-05  0.830E-02    9.35       1.0  T
   3    -41.1176218 -0.180777E-05  0.110E-02    9.35       2.1  T
   4    -41.1176219 -0.132358E-06  0.346E-03    9.35       6.6  T
   5    -41.1176219 -0.965267E-08  0.936E-04    9.35      24.5  T
   6    -41.1176219 -0.709775E-09  0.592E-04    9.35      38.8  T
speedup  1.00
cpu  time for SCC    0.00 s
wall time for SCC    0.00 s
speedup  0.95
cpu  time for grad    0.01 s
wall time for grad    0.01 s
 E :    -40.92052834  G :  0.006036    pred/act E change: -0.950D-04 -0.363D-04
Maxdispl :   0.0304   ||displ|| :   0.0651   Lambda : -0.870D-04
Largest |displ|/coords:  0.0304 (  10)  0.0291 (   7)  0.0257 (  14)
................................................................................
.............................. CYCLE   18 ......................................
................................................................................
   1    -41.1184872 -0.411185E+02  0.554E-02    9.38       0.0  T
   2    -41.1184878 -0.547513E-06  0.413E-02    9.38       1.0  T
   3    -41.1184881 -0.359128E-06  0.584E-03    9.38       3.9  T
   4    -41.1184882 -0.717408E-07  0.202E-03    9.38      11.4  T
   5    -41.1184882 -0.390013E-08  0.489E-04    9.38      47.0  T
speedup  0.91
cpu  time for SCC    0.00 s
wall time for SCC    0.00 s
speedup  1.03
cpu  time for grad    0.01 s
wall time for grad    0.01 s
 E :    -40.92058146  G :  0.003237    pred/act E change: -0.528D-04 -0.531D-04
Maxdispl :   0.0440   ||displ|| :   0.0751   Lambda : -0.614D-04
Largest |displ|/coords:  0.0440 (   1)  0.0321 (  14)  0.0228 (   9)
................................................................................
.............................. CYCLE   19 ......................................
................................................................................
   1    -41.1198917 -0.411199E+02  0.460E-02    9.40       0.0  T
   2    -41.1198923 -0.571605E-06  0.341E-02    9.40       1.0  T
   3    -41.1198927 -0.427909E-06  0.578E-03    9.40       4.0  T
   4    -41.1198928 -0.661547E-07  0.156E-03    9.40      14.7  T
   5    -41.1198928 -0.346565E-08  0.539E-04    9.40      42.6  T
   6    -41.1198928 -0.267669E-09  0.316E-04    9.40      72.6  T
speedup  0.81
cpu  time for SCC    0.00 s
wall time for SCC    0.00 s
speedup  0.97
cpu  time for grad    0.01 s
wall time for grad    0.01 s
 E :    -40.92060825  G :  0.003880    pred/act E change: -0.437D-04 -0.268D-04
Maxdispl :   0.0995   ||displ|| :   0.1279   Lambda : -0.789D-04
Largest |displ|/coords:  0.0995 (   1)  0.0388 (  14)  0.0339 (   7)
................................................................................
.............................. CYCLE   20 ......................................
................................................................................
   1    -41.1192434 -0.411192E+02  0.995E-02    9.38       0.0  T
   2    -41.1192447 -0.130217E-05  0.746E-02    9.38       1.0  T
   3    -41.1192459 -0.112345E-05  0.860E-03    9.38       2.7  T
   4    -41.1192460 -0.146067E-06  0.375E-03    9.38       6.1  T
   5    -41.1192460 -0.765989E-08  0.792E-04    9.38      29.0  T
   6    -41.1192460 -0.413266E-09  0.498E-04    9.38      46.0  T
speedup  1.08
cpu  time for SCC    0.00 s
wall time for SCC    0.00 s
speedup  1.06
cpu  time for grad    0.01 s
wall time for grad    0.01 s
 E :    -40.92064804  G :  0.006216    pred/act E change: -0.309D-04 -0.398D-04
Maxdispl :   0.0940   ||displ|| :   0.1123   Lambda : -0.700D-04
Largest |displ|/coords:  0.0940 (   1)  0.0289 (   4)  0.0264 (  18)
................................................................................
.............................. CYCLE   21 ......................................
................................................................................
   1    -41.1197287 -0.411197E+02  0.483E-02    9.40       0.0  T
   2    -41.1197297 -0.938823E-06  0.350E-02    9.40       1.0  T
   3    -41.1197301 -0.484802E-06  0.828E-03    9.40       2.8  T
   4    -41.1197302 -0.937829E-07  0.231E-03    9.40       9.9  T
   5    -41.1197302 -0.710070E-08  0.548E-04    9.40      41.9  T
speedup  0.91
cpu  time for SCC    0.00 s
wall time for SCC    0.00 s
speedup  0.93
cpu  time for grad    0.01 s
wall time for grad    0.01 s
 E :    -40.92067648  G :  0.004137    pred/act E change: -0.401D-04 -0.284D-04
Maxdispl :   0.0347   ||displ|| :   0.0699   Lambda : -0.481D-04
Largest |displ|/coords:  0.0347 (   5)  0.0291 (   1)  0.0212 (   8)
................................................................................
.............................. CYCLE   22 ......................................
................................................................................
   1    -41.1190612 -0.411191E+02  0.592E-02    9.38       0.0  T
   2    -41.1190619 -0.667815E-06  0.445E-02    9.38       1.0  T
   3    -41.1190625 -0.609716E-06  0.621E-03    9.38       3.7  T
   4    -41.1190626 -0.722000E-07  0.254E-03    9.38       9.0  T
   5    -41.1190626 -0.456215E-08  0.524E-04    9.38      43.7  T
speedup  0.97
cpu  time for SCC    0.00 s
wall time for SCC    0.00 s
speedup  1.07
cpu  time for grad    0.01 s
wall time for grad    0.01 s
 E :    -40.92070282  G :  0.003367    pred/act E change: -0.355D-04 -0.263D-04
Maxdispl :   0.0423   ||displ|| :   0.0603   Lambda : -0.289D-04
Largest |displ|/coords:  0.0423 (   1)  0.0192 (   2)  0.0191 (   8)
................................................................................
.............................. CYCLE   23 ......................................
................................................................................
   1    -41.1189245 -0.411189E+02  0.402E-02    9.37       0.0  T
   2    -41.1189249 -0.382752E-06  0.302E-02    9.37       1.0  T
   3    -41.1189251 -0.257314E-06  0.457E-03    9.37       5.0  T
   4    -41.1189252 -0.551548E-07  0.188E-03    9.37      12.2  T
   5    -41.1189252 -0.338427E-08  0.466E-04    9.37      49.3  T
   6    -41.1189252 -0.242721E-09  0.269E-04    9.37      85.2  T
speedup  0.81
cpu  time for SCC    0.00 s
wall time for SCC    0.00 s
speedup  0.97
cpu  time for grad    0.01 s
wall time for grad    0.01 s
 E :    -40.92071683  G :  0.001799    pred/act E change: -0.242D-04 -0.140D-04
Maxdispl :   0.0299   ||displ|| :   0.0451   Lambda : -0.146D-04
Largest |displ|/coords:  0.0299 (   1)  0.0152 (  11)  0.0126 (   8)
................................................................................
.............................. CYCLE   24 ......................................
................................................................................
   1    -41.1188745 -0.411189E+02  0.347E-02    9.37       0.0  T
   2    -41.1188748 -0.301230E-06  0.261E-02    9.37       1.0  T
   3    -41.1188750 -0.190739E-06  0.407E-03    9.37       5.6  T
   4    -41.1188750 -0.472714E-07  0.140E-03    9.37      16.4  T
   5    -41.1188750 -0.275701E-08  0.407E-04    9.37      56.4  T
   6    -41.1188750 -0.132800E-09  0.230E-04    9.37      99.8  T
speedup  1.05
cpu  time for SCC    0.00 s
wall time for SCC    0.00 s
speedup  0.96
cpu  time for grad    0.01 s
wall time for grad    0.01 s
 E :    -40.92072683  G :  0.001765    pred/act E change: -0.145D-04 -0.100D-04
Maxdispl :   0.0415   ||displ|| :   0.0554   Lambda : -0.124D-04
Largest |displ|/coords:  0.0415 (   1)  0.0175 (   5)  0.0139 (   4)
................................................................................
.............................. CYCLE   25 ......................................
................................................................................
   1    -41.1191443 -0.411191E+02  0.378E-02    9.37       0.0  T
   2    -41.1191445 -0.196762E-06  0.285E-02    9.37       1.0  T
   3    -41.1191447 -0.204368E-06  0.307E-03    9.38       7.5  T
   4    -41.1191448 -0.205912E-07  0.137E-03    9.38      16.8  T
   5    -41.1191448 -0.136729E-08  0.394E-04    9.38      58.2  T
   6    -41.1191448 -0.150379E-09  0.222E-04    9.38     103.3  T
speedup  1.05
cpu  time for SCC    0.00 s
wall time for SCC    0.00 s
speedup  0.96
cpu  time for grad    0.01 s
wall time for grad    0.01 s
 E :    -40.92073405  G :  0.001327    pred/act E change: -0.730D-05 -0.722D-05
Maxdispl :   0.0302   ||displ|| :   0.0419   Lambda : -0.735D-05
Largest |displ|/coords:  0.0302 (   1)  0.0142 (   5)  0.0129 (   7)

generating ANC from model Hessian ...
 Shifting diagonal of input Hessian by   4.719130600592862E-003
 Lowest  eigenvalues of input Hessian
   -0.000000   -0.000000   -0.000000    0.000000    0.000000    0.000000
    0.005000    0.005309    0.006601    0.008279    0.008807    0.009243
    0.012948    0.014246    0.014718    0.017404    0.022972    0.025518
 Highest eigenvalues
    1.406852    1.407622    1.412074    2.590587    3.471069    3.664416
 
cpu  time for ANC gen    0.01 s
wall time for ANC gen    0.01 s
................................................................................
.............................. CYCLE   26 ......................................
................................................................................
   1    -41.1189668 -0.411190E+02  0.295E-02    9.37       0.0  T
   2    -41.1189670 -0.120330E-06  0.223E-02    9.37       1.0  T
   3    -41.1189671 -0.124652E-06  0.238E-03    9.37       9.7  T
   4    -41.1189671 -0.121951E-07  0.715E-04    9.37      32.1  T
   5    -41.1189671 -0.476433E-09  0.295E-04    9.37      77.7  T
speedup  0.88
cpu  time for SCC    0.00 s
wall time for SCC    0.00 s
speedup  1.00
cpu  time for grad    0.01 s
wall time for grad    0.01 s
 E :    -40.92073848  G :  0.001421    pred/act E change:  0.000D+00 -0.442D-05
Maxdispl :   0.0205   ||displ|| :   0.0266   Lambda : -0.893D-05
Largest |displ|/coords:  0.0205 (   1)  0.0089 (   8)  0.0071 (   3)
................................................................................
.............................. CYCLE   27 ......................................
................................................................................
   1    -41.1191236 -0.411191E+02  0.242E-02    9.37       0.0  T
   2    -41.1191237 -0.421958E-07  0.183E-02    9.37       1.3  T
   3    -41.1191237 -0.331223E-07  0.128E-03    9.37      18.0  T
   4    -41.1191237 -0.592004E-08  0.477E-04    9.37      48.1  T
   5    -41.1191237 -0.190603E-09  0.160E-04    9.37     143.1  T
speedup  0.94
cpu  time for SCC    0.00 s
wall time for SCC    0.00 s
speedup  1.02
cpu  time for grad    0.01 s
wall time for grad    0.01 s
 E :    -40.92074570  G :  0.000781    pred/act E change:  0.000D+00 -0.722D-05
Maxdispl :   0.0695   ||displ|| :   0.0874   Lambda : -0.194D-04
Largest |displ|/coords:  0.0695 (   1)  0.0307 (   8)  0.0210 (   2)
................................................................................
.............................. CYCLE   28 ......................................
................................................................................
   1    -41.1192300 -0.411192E+02  0.807E-02    9.37       0.0  T
   2    -41.1192305 -0.490529E-06  0.609E-02    9.37       1.0  T
   3    -41.1192309 -0.436123E-06  0.443E-03    9.37       5.2  T
   4    -41.1192310 -0.611788E-07  0.175E-03    9.37      13.1  T
   5    -41.1192310 -0.192131E-08  0.578E-04    9.37      39.7  T
   6    -41.1192310 -0.122604E-09  0.273E-04    9.37      84.0  T
speedup  1.08
cpu  time for SCC    0.00 s
wall time for SCC    0.00 s
speedup  0.97
cpu  time for grad    0.01 s
wall time for grad    0.01 s
 E :    -40.92075848  G :  0.000886    pred/act E change: -0.447D-05 -0.128D-04
Maxdispl :   0.0645   ||displ|| :   0.0856   Lambda : -0.111D-04
Largest |displ|/coords:  0.0645 (   1)  0.0309 (   3)  0.0219 (   8)
................................................................................
.............................. CYCLE   29 ......................................
................................................................................
   1    -41.1190117 -0.411190E+02  0.735E-02    9.37       0.0  T
   2    -41.1190121 -0.395394E-06  0.554E-02    9.37       1.0  T
   3    -41.1190124 -0.366500E-06  0.399E-03    9.37       5.8  T
   4    -41.1190125 -0.471935E-07  0.158E-03    9.37      14.5  T
   5    -41.1190125 -0.191309E-08  0.528E-04    9.37      43.4  T
   6    -41.1190125 -0.123769E-09  0.250E-04    9.37      91.7  T
speedup  1.05
cpu  time for SCC    0.00 s
wall time for SCC    0.00 s
speedup  1.06
cpu  time for grad    0.01 s
wall time for grad    0.01 s
 E :    -40.92076503  G :  0.001513    pred/act E change: -0.976D-05 -0.656D-05
Maxdispl :   0.0568   ||displ|| :   0.0693   Lambda : -0.902D-05
Largest |displ|/coords:  0.0568 (   1)  0.0162 (   5)  0.0160 (   2)
................................................................................
.............................. CYCLE   30 ......................................
................................................................................
   1    -41.1188215 -0.411188E+02  0.539E-02    9.37       0.0  T
   2    -41.1188218 -0.248238E-06  0.406E-02    9.37       1.0  T
   3    -41.1188220 -0.208942E-06  0.315E-03    9.37       7.3  T
   4    -41.1188220 -0.333286E-07  0.123E-03    9.37      18.6  T
   5    -41.1188220 -0.136745E-08  0.404E-04    9.37      56.7  T
   6    -41.1188220 -0.605738E-10  0.200E-04    9.37     114.6  T
speedup  1.05
cpu  time for SCC    0.00 s
wall time for SCC    0.00 s
speedup  0.96
cpu  time for grad    0.01 s
wall time for grad    0.01 s
 E :    -40.92077118  G :  0.001684    pred/act E change: -0.557D-05 -0.615D-05
Maxdispl :   0.0452   ||displ|| :   0.0643   Lambda : -0.113D-04
Largest |displ|/coords:  0.0452 (   1)  0.0284 (   5)  0.0179 (   2)
................................................................................
.............................. CYCLE   31 ......................................
................................................................................
   1    -41.1188473 -0.411188E+02  0.418E-02    9.38       0.0  T
   2    -41.1188476 -0.213300E-06  0.313E-02    9.37       1.0  T
   3    -41.1188477 -0.152890E-06  0.326E-03    9.37       7.0  T
   4    -41.1188477 -0.310889E-07  0.117E-03    9.37      19.6  T
   5    -41.1188477 -0.119684E-08  0.354E-04    9.37      64.8  T
   6    -41.1188477 -0.952056E-10  0.198E-04    9.37     115.9  T
speedup  0.81
cpu  time for SCC    0.00 s
wall time for SCC    0.00 s
speedup  0.97
cpu  time for grad    0.01 s
wall time for grad    0.01 s
 E :    -40.92077775  G :  0.000846    pred/act E change: -0.453D-05 -0.657D-05
Maxdispl :   0.0529   ||displ|| :   0.0686   Lambda : -0.527D-05
Largest |displ|/coords:  0.0529 (   1)  0.0251 (   5)  0.0219 (   6)
................................................................................
.............................. CYCLE   32 ......................................
................................................................................
   1    -41.1185840 -0.411186E+02  0.509E-02    9.38       0.0  T
   2    -41.1185842 -0.250996E-06  0.383E-02    9.38       1.0  T
   3    -41.1185845 -0.255564E-06  0.340E-03    9.38       6.7  T
   4    -41.1185845 -0.252813E-07  0.124E-03    9.38      18.5  T
   5    -41.1185845 -0.130159E-08  0.432E-04    9.38      53.2  T
   6    -41.1185845 -0.156021E-09  0.240E-04    9.38      95.8  T
speedup  1.05
cpu  time for SCC    0.00 s
wall time for SCC    0.00 s
speedup  1.06
cpu  time for grad    0.01 s
wall time for grad    0.01 s
 E :    -40.92078106  G :  0.001099    pred/act E change: -0.570D-05 -0.331D-05
Maxdispl :   0.0196   ||displ|| :   0.0343   Lambda : -0.419D-05
Largest |displ|/coords:  0.0196 (   5)  0.0169 (   6)  0.0169 (   1)
................................................................................
.............................. CYCLE   33 ......................................
................................................................................
   1    -41.1187035 -0.411187E+02  0.205E-02    9.38       0.0  T
   2    -41.1187036 -0.426949E-07  0.152E-02    9.38       1.5  T
   3    -41.1187036 -0.481077E-07  0.198E-03    9.38      11.6  T
   4    -41.1187036 -0.276265E-08  0.589E-04    9.38      39.0  T
   5    -41.1187036 -0.420108E-09  0.176E-04    9.38     130.0  T
speedup  0.97
cpu  time for SCC    0.00 s
wall time for SCC    0.00 s
speedup  1.03
cpu  time for grad    0.01 s
wall time for grad    0.01 s
 E :    -40.92078373  G :  0.000597    pred/act E change: -0.265D-05 -0.267D-05
Maxdispl :   0.0187   ||displ|| :   0.0334   Lambda : -0.216D-05
Largest |displ|/coords:  0.0187 (   5)  0.0159 (   1)  0.0154 (   6)
................................................................................
.............................. CYCLE   34 ......................................
................................................................................
   1    -41.1186984 -0.411187E+02  0.233E-02    9.38       0.0  T
   2    -41.1186985 -0.634777E-07  0.175E-02    9.38       1.3  T
   3    -41.1186986 -0.555875E-07  0.196E-03    9.38      11.7  T
   4    -41.1186986 -0.785798E-08  0.684E-04    9.38      33.5  T
   5    -41.1186986 -0.394159E-09  0.196E-04    9.38     117.0  T
speedup  0.97
cpu  time for SCC    0.00 s
wall time for SCC    0.00 s
speedup  0.92
cpu  time for grad    0.01 s
wall time for grad    0.01 s
 E :    -40.92078519  G :  0.000573    pred/act E change: -0.210D-05 -0.146D-05
Maxdispl :   0.0135   ||displ|| :   0.0212   Lambda : -0.156D-05
Largest |displ|/coords:  0.0135 (   6)  0.0108 (   5)  0.0076 (   4)
................................................................................
.............................. CYCLE   35 ......................................
................................................................................
   1    -41.1187872 -0.411188E+02  0.133E-02    9.38       0.0  T
   2    -41.1187873 -0.382258E-07  0.992E-03    9.38       2.3  T
   3    -41.1187873 -0.193219E-07  0.160E-03    9.38      14.3  T
   4    -41.1187873 -0.642799E-08  0.461E-04    9.38      49.7  T
   5    -41.1187873 -0.282817E-09  0.132E-04    9.38     173.8  T
speedup  1.29
cpu  time for SCC    0.00 s
wall time for SCC    0.00 s
speedup  1.00
cpu  time for grad    0.01 s
wall time for grad    0.01 s
 E :    -40.92078624  G :  0.000495    pred/act E change: -0.108D-05 -0.104D-05
Maxdispl :   0.0128   ||displ|| :   0.0202   Lambda : -0.103D-05
Largest |displ|/coords:  0.0128 (   6)  0.0092 (   5)  0.0066 (   4)
................................................................................
.............................. CYCLE   36 ......................................
................................................................................
   1    -41.1187930 -0.411188E+02  0.146E-02    9.38       0.0  T
   2    -41.1187930 -0.407107E-07  0.110E-02    9.38       2.1  T
   3    -41.1187931 -0.230572E-07  0.150E-03    9.38      15.3  T
   4    -41.1187931 -0.695108E-08  0.488E-04    9.38      47.0  T
   5    -41.1187931 -0.298705E-09  0.129E-04    9.38     177.6  T
speedup  0.94
cpu  time for SCC    0.00 s
wall time for SCC    0.00 s
speedup  0.92
cpu  time for grad    0.01 s
wall time for grad    0.01 s
 E :    -40.92078695  G :  0.000389    pred/act E change: -0.779D-06 -0.715D-06
Maxdispl :   0.0088   ||displ|| :   0.0144   Lambda : -0.730D-06
Largest |displ|/coords:  0.0088 (   6)  0.0079 (   1)  0.0036 (   4)
................................................................................
.............................. CYCLE   37 ......................................
................................................................................
   1    -41.1188054 -0.411188E+02  0.860E-03    9.38       0.0  T
   2    -41.1188054 -0.160075E-07  0.644E-03    9.38       3.6  T
   3    -41.1188054 -0.821201E-08  0.101E-03    9.38      22.8  T
   4    -41.1188054 -0.277440E-08  0.362E-04    9.38      63.3  T
   5    -41.1188054 -0.107953E-09  0.743E-05    9.38     308.8  T
speedup  1.25
cpu  time for SCC    0.00 s
wall time for SCC    0.00 s
speedup  1.02
cpu  time for grad    0.01 s
wall time for grad    0.01 s
 E :    -40.92078746  G :  0.000401    pred/act E change: -0.518D-06 -0.511D-06
Maxdispl :   0.0078   ||displ|| :   0.0125   Lambda : -0.525D-06
Largest |displ|/coords:  0.0078 (   1)  0.0068 (   6)  0.0032 (   8)
................................................................................
.............................. CYCLE   38 ......................................
................................................................................
   1    -41.1187707 -0.411188E+02  0.793E-03    9.38       0.0  T
   2    -41.1187707 -0.152502E-07  0.595E-03    9.38       3.9  T
   3    -41.1187707 -0.697787E-08  0.943E-04    9.38      24.3  T
   4    -41.1187707 -0.275924E-08  0.342E-04    9.38      67.0  T
speedup  1.20
cpu  time for SCC    0.00 s
wall time for SCC    0.00 s
speedup  0.99
cpu  time for grad    0.01 s
wall time for grad    0.01 s
 E :    -40.92078784  G :  0.000325    pred/act E change: -0.365D-06 -0.376D-06
Maxdispl :   0.0113   ||displ|| :   0.0132   Lambda : -0.441D-06
Largest |displ|/coords:  0.0113 (   1)  0.0032 (   6)  0.0026 (   5)
................................................................................
.............................. CYCLE   39 ......................................
................................................................................
   1    -41.1187417 -0.411187E+02  0.827E-03    9.38       0.0  T
   2    -41.1187417 -0.106004E-07  0.622E-03    9.38       3.7  T
   3    -41.1187417 -0.598075E-08  0.816E-04    9.38      28.1  T
   4    -41.1187417 -0.188965E-08  0.315E-04    9.38      72.9  T
speedup  0.77
cpu  time for SCC    0.00 s
wall time for SCC    0.00 s
speedup  0.98
cpu  time for grad    0.01 s
wall time for grad    0.01 s
 E :    -40.92078817  G :  0.000295    pred/act E change: -0.263D-06 -0.332D-06
Maxdispl :   0.0092   ||displ|| :   0.0126   Lambda : -0.454D-06
Largest |displ|/coords:  0.0092 (   1)  0.0038 (   6)  0.0030 (  14)
................................................................................
.............................. CYCLE   40 ......................................
................................................................................
   1    -41.1186863 -0.411187E+02  0.906E-03    9.38       0.0  T
   2    -41.1186863 -0.153355E-07  0.678E-03    9.38       3.4  T
   3    -41.1186863 -0.631577E-08  0.106E-03    9.38      21.5  T
   4    -41.1186863 -0.293999E-08  0.310E-04    9.38      74.0  T
   5    -41.1186863 -0.651852E-10  0.667E-05    9.38     344.0  T
speedup  0.97
cpu  time for SCC    0.00 s
wall time for SCC    0.00 s
speedup  0.92
cpu  time for grad    0.01 s
wall time for grad    0.01 s
 E :    -40.92078850  G :  0.000303    pred/act E change: -0.220D-06 -0.328D-06
Maxdispl :   0.0105   ||displ|| :   0.0133   Lambda : -0.451D-06
Largest |displ|/coords:  0.0105 (   1)  0.0033 (  14)  0.0028 (   5)
................................................................................
.............................. CYCLE   41 ......................................
................................................................................
   1    -41.1186645 -0.411187E+02  0.107E-02    9.38       0.0  T
   2    -41.1186646 -0.150931E-07  0.798E-03    9.38       2.9  T
   3    -41.1186646 -0.909558E-08  0.110E-03    9.38      20.8  T
   4    -41.1186646 -0.248718E-08  0.338E-04    9.38      67.9  T
   5    -41.1186646 -0.675655E-10  0.704E-05    9.38     326.0  T
speedup  1.29
cpu  time for SCC    0.00 s
wall time for SCC    0.00 s
speedup  1.14
cpu  time for grad    0.01 s
wall time for grad    0.01 s
 E :    -40.92078883  G :  0.000385    pred/act E change: -0.227D-06 -0.329D-06
Maxdispl :   0.0057   ||displ|| :   0.0110   Lambda : -0.483D-06
Largest |displ|/coords:  0.0057 (   1)  0.0034 (  14)  0.0032 (  17)
................................................................................
.............................. CYCLE   42 ......................................
................................................................................
   1    -41.1186491 -0.411186E+02  0.105E-02    9.38       0.0  T
   2    -41.1186491 -0.157032E-07  0.780E-03    9.38       2.9  T
   3    -41.1186492 -0.802839E-08  0.124E-03    9.38      18.5  T
   4    -41.1186492 -0.249986E-08  0.340E-04    9.38      67.4  T
   5    -41.1186492 -0.899121E-10  0.630E-05    9.38     364.2  T
speedup  0.94
cpu  time for SCC    0.00 s
wall time for SCC    0.00 s
speedup  1.02
cpu  time for grad    0.01 s
wall time for grad    0.01 s
 E :    -40.92078919  G :  0.000379    pred/act E change: -0.225D-06 -0.359D-06
Maxdispl :   0.0041   ||displ|| :   0.0114   Lambda : -0.527D-06
Largest |displ|/coords:  0.0041 (   2)  0.0038 (  17)  0.0035 (  12)
................................................................................
.............................. CYCLE   43 ......................................
................................................................................
   1    -41.1186610 -0.411187E+02  0.122E-02    9.38       0.0  T
   2    -41.1186610 -0.214778E-07  0.902E-03    9.38       2.5  T
   3    -41.1186610 -0.116483E-07  0.150E-03    9.38      15.3  T
   4    -41.1186610 -0.308729E-08  0.425E-04    9.38      53.9  T
   5    -41.1186610 -0.150948E-09  0.733E-05    9.38     313.1  T
speedup  0.94
cpu  time for SCC    0.00 s
wall time for SCC    0.00 s
speedup  1.01
cpu  time for grad    0.01 s
wall time for grad    0.01 s
 E :    -40.92078956  G :  0.000302    pred/act E change: -0.242D-06 -0.379D-06
Maxdispl :   0.0040   ||displ|| :   0.0101   Lambda : -0.436D-06
Largest |displ|/coords:  0.0040 (   2)  0.0034 (  17)  0.0032 (  25)
................................................................................
.............................. CYCLE   44 ......................................
................................................................................
   1    -41.1186882 -0.411187E+02  0.112E-02    9.38       0.0  T
   2    -41.1186882 -0.178547E-07  0.826E-03    9.38       2.8  T
   3    -41.1186882 -0.101171E-07  0.144E-03    9.38      16.0  T
   4    -41.1186882 -0.242353E-08  0.443E-04    9.38      51.8  T
   5    -41.1186882 -0.132680E-09  0.649E-05    9.38     353.5  T
speedup  0.97
cpu  time for SCC    0.00 s
wall time for SCC    0.00 s
speedup  0.92
cpu  time for grad    0.01 s
wall time for grad    0.01 s
 E :    -40.92078988  G :  0.000259    pred/act E change: -0.264D-06 -0.320D-06
Maxdispl :   0.0040   ||displ|| :   0.0104   Lambda : -0.419D-06
Largest |displ|/coords:  0.0040 (   2)  0.0035 (  25)  0.0035 (  17)
................................................................................
.............................. CYCLE   45 ......................................
................................................................................
   1    -41.1187180 -0.411187E+02  0.117E-02    9.38       0.0  T
   2    -41.1187180 -0.193679E-07  0.865E-03    9.38       2.7  T
   3    -41.1187180 -0.121288E-07  0.153E-03    9.38      15.0  T
   4    -41.1187180 -0.245961E-08  0.530E-04    9.38      43.3  T
   5    -41.1187180 -0.158330E-09  0.692E-05    9.38     331.6  T
speedup  0.94
cpu  time for SCC    0.00 s
wall time for SCC    0.00 s
speedup  0.89
cpu  time for grad    0.01 s
wall time for grad    0.01 s
 E :    -40.92079019  G :  0.000303    pred/act E change: -0.218D-06 -0.305D-06
Maxdispl :   0.0037   ||displ|| :   0.0099   Lambda : -0.393D-06
Largest |displ|/coords:  0.0037 (  25)  0.0033 (  17)  0.0031 (  20)
................................................................................
.............................. CYCLE   46 ......................................
................................................................................
   1    -41.1187476 -0.411187E+02  0.117E-02    9.38       0.0  T
   2    -41.1187476 -0.217792E-07  0.866E-03    9.38       2.7  T
   3    -41.1187476 -0.142348E-07  0.159E-03    9.38      14.4  T
   4    -41.1187476 -0.262607E-08  0.605E-04    9.38      37.9  T
   5    -41.1187476 -0.189075E-09  0.694E-05    9.38     330.3  T
speedup  0.94
cpu  time for SCC    0.00 s
wall time for SCC    0.00 s
speedup  0.91
cpu  time for grad    0.01 s
wall time for grad    0.01 s
 E :    -40.92079048  G :  0.000336    pred/act E change: -0.209D-06 -0.290D-06
Maxdispl :   0.0039   ||displ|| :   0.0098   Lambda : -0.380D-06
Largest |displ|/coords:  0.0039 (  25)  0.0034 (  17)  0.0033 (  20)
................................................................................
.............................. CYCLE   47 ......................................
................................................................................
   1    -41.1187593 -0.411188E+02  0.120E-02    9.38       0.0  T
   2    -41.1187593 -0.267507E-07  0.890E-03    9.38       2.6  T
   3    -41.1187593 -0.170303E-07  0.168E-03    9.38      13.6  T
   4    -41.1187593 -0.329578E-08  0.674E-04    9.38      34.0  T
   5    -41.1187593 -0.223189E-09  0.737E-05    9.38     311.3  T
speedup  1.29
cpu  time for SCC    0.00 s
wall time for SCC    0.00 s
speedup  1.03
cpu  time for grad    0.01 s
wall time for grad    0.01 s
 E :    -40.92079075  G :  0.000292    pred/act E change: -0.197D-06 -0.273D-06
Maxdispl :   0.0031   ||displ|| :   0.0077   Lambda : -0.292D-06
Largest |displ|/coords:  0.0031 (  25)  0.0027 (  20)  0.0026 (   8)
................................................................................
.............................. CYCLE   48 ......................................
................................................................................
   1    -41.1187682 -0.411188E+02  0.946E-03    9.38       0.0  T
   2    -41.1187682 -0.200661E-07  0.700E-03    9.38       3.3  T
   3    -41.1187682 -0.120801E-07  0.138E-03    9.38      16.7  T
   4    -41.1187682 -0.257815E-08  0.569E-04    9.38      40.3  T
   5    -41.1187682 -0.148248E-09  0.576E-05    9.38     398.6  T
speedup  1.25
cpu  time for SCC    0.00 s
wall time for SCC    0.00 s
speedup  1.02
cpu  time for grad    0.01 s
wall time for grad    0.01 s
 E :    -40.92079096  G :  0.000213    pred/act E change: -0.190D-06 -0.206D-06
Maxdispl :   0.0021   ||displ|| :   0.0050   Lambda : -0.180D-06
Largest |displ|/coords:  0.0021 (  25)  0.0016 (  20)  0.0016 (  17)
................................................................................
.............................. CYCLE   49 ......................................
................................................................................
   1    -41.1187561 -0.411188E+02  0.611E-03    9.38       0.0  T
   2    -41.1187561 -0.850554E-08  0.455E-03    9.38       5.0  T
   3    -41.1187561 -0.500064E-08  0.865E-04    9.38      26.5  T
   4    -41.1187561 -0.118433E-08  0.342E-04    9.38      67.1  T
speedup  1.15
cpu  time for SCC    0.00 s
wall time for SCC    0.00 s
speedup  0.98
cpu  time for grad    0.01 s
wall time for grad    0.01 s
 E :    -40.92079108  G :  0.000173    pred/act E change: -0.146D-06 -0.123D-06
Maxdispl :   0.0018   ||displ|| :   0.0032   Lambda : -0.987D-07
Largest |displ|/coords:  0.0018 (   2)  0.0013 (  10)  0.0010 (   5)
................................................................................
.............................. CYCLE   50 ......................................
................................................................................
   1    -41.1187593 -0.411188E+02  0.256E-03    9.38       0.0  T
   2    -41.1187593 -0.150440E-08  0.193E-03    9.38      11.9  T
   3    -41.1187593 -0.110094E-08  0.308E-04    9.38      74.5  T
   4    -41.1187593 -0.213532E-09  0.110E-04    9.38     207.9  T
speedup  1.20
cpu  time for SCC    0.00 s
wall time for SCC    0.00 s
speedup  0.99
cpu  time for grad    0.01 s
wall time for grad    0.01 s
 E :    -40.92079115  G :  0.000156    pred/act E change: -0.899D-07 -0.732D-07
Maxdispl :   0.0018   ||displ|| :   0.0042   Lambda : -0.858D-07
Largest |displ|/coords:  0.0018 (  25)  0.0016 (   5)  0.0011 (  17)

   *** GEOMETRY OPTIMIZATION CONVERGED AFTER 50 ITERATIONS ***

------------------------------------------------------------------------
 total energy gain (kcal):     -0.0331
------------------------------------------------------------------------
================
 final structure:
================
$coord
       -0.36473227729622        1.64389708066400       -2.24719859339400      S 
       -1.50014117067915        0.18260376552600       -4.24271069331485      O 
       -2.12242115363298        2.15343755238097       -0.17200251034975      O 
        2.00873043462630        0.61768207494619       -1.30461695600799      O 
        0.34502353129826        4.31243950980211       -3.39629523584500      O 
       -1.17484580406158        4.83332004074941       -4.20608779277108      H 
        0.70605918250309       -3.42125686721804        1.40804281557687      O 
       -0.78169895297947       -3.97874379612763        0.43468989220766      H 
        1.59745912951595       -2.29382721968754        0.24383915844806      H 
       -3.06624009352922       -3.88918079276507       -1.81110881516692      O 
       -2.66992872329423       -2.35721217503230       -2.77964042983346      H 
       -3.30981234343123       -5.20779594654637       -3.03055680880065      H 
        3.54366779547991        2.43874523596775        3.04254470647446      O 
        3.20116118341002        2.03081001477342        1.25639224453985      H 
        5.12592869454095        1.65667173685119        3.45649767747802      H 
       -0.71828005997040        0.31639313335921        3.89450043288828      O 
       -1.55690451250332        1.18340028815360        2.30968725579077      H 
       -0.21311006999713       -1.47579129459824        3.12208163021174      H 
        0.95008521000143        1.25440765880313        4.02194200297241      H 
$end
 
 Bond Distances (Angstroems)
 ---------------------------
S1-O2=1.4402         S1-O3=1.4642         S1-O4=1.4564         S1-O5=1.5827         O2-S1=1.4402         O3-S1=1.4642         
O4-S1=1.4564         O5-S1=1.5827         O5-H6=0.9521         H6-O5=0.9521         O7-H8=0.9860         O7-H9=0.9788         
H8-O7=0.9860         H9-O7=0.9788         O10-H11=0.9818       O10-H12=0.9591       H11-O10=0.9818       H12-O10=0.9591       
O13-H14=0.9863       O13-H15=0.9593       H14-O13=0.9863       H15-O13=0.9593       O16-H17=1.0539       O16-H18=1.0668       
O16-H19=1.0151       H17-O16=1.0539       H18-O16=1.0668       H19-O16=1.0151       
 O  H  Rav=0.9939 sigma=0.0374  Rmin=0.9521  Rmax=1.0668    10
 S  O  Rav=1.4859 sigma=0.0566  Rmin=1.4402  Rmax=1.5827     4
 
 selected bond angles (degree)
 --------------------
O3-S1-O2=112.57                O4-S1-O2=114.25                O4-S1-O3=111.08                O5-S1-O2=107.24                
O5-S1-O3=105.94                O5-S1-O4=105.05                H6-O5-S1=103.34                H9-O7-H8=103.79                
H12-O10-H11=106.15             
 
 selected dihedral angles (degree)
 ---------------------------------
H6-O5-S1-O2= 50.16            H6-O5-S1-O3=289.72            H6-O5-S1-O4=172.07            
 
 CMA Distance (Angstroems)
 ---------------------------
R(CMA):  2.5652

========================================================================
 FINAL SINGLEPOINT CALCULATION ON OPTIMIZED GEOMETRY
========================================================================

 Ncao       : 52
 Nao        : 51
 Nshell     : 29
 Nel        : 64
 T(el)      :   300.0
 intcut     :    25.0
 scfconv/Eh :  0.100E-05
   qconv/e  :  0.100E-03
 intneglect :  0.100E-07
 broydamp   :      0.250
 iter      E             dE          RMSdq      gap      omega  full diag
   1    -41.1187593 -0.411188E+02  0.435E-05    9.38       0.0  T
   2    -41.1187593 -0.873968E-12  0.271E-05    9.38     846.8  T
   3    -41.1187593 -0.419220E-12  0.507E-06    9.38    4529.0  T
speedup  0.53
cpu  time for SCC    0.00 s
wall time for SCC    0.00 s

   *** convergence criteria satisfied after 3 iterations ***

          eigenvalues
 #    :          20         21         22         23         24         25         26         27
 occ. :        2.000      2.000      2.000      2.000      2.000      2.000      2.000      2.000
 eps  :       -14.480    -14.156    -13.916    -13.668    -12.884    -12.767    -12.691    -12.640
 #    :          28         29         30         31         32         33         34         35
 occ. :        2.000      2.000      2.000      2.000      2.000      0.000      0.000      0.000
 eps  :       -12.545    -12.390    -12.246    -12.122    -12.063     -2.681     -0.749     -0.196
 #    :          36         37         38         39         40         41         42         43
 occ. :        0.000      0.000      0.000      0.000      0.000      0.000      0.000      0.000
 eps  :         0.443      1.114      1.621      3.070      3.782      4.590      5.909      6.663


   #   Z            q   n(s)   n(p)   n(d)      C6AA      α(0)
   1  16 S      1.678  1.581  1.787  0.954    89.258    15.901
   2   8 O     -0.720  1.770  4.950  0.000    29.268     7.253
   3   8 O     -0.734  1.771  4.963  0.000    29.605     7.297
   4   8 O     -0.736  1.763  4.973  0.000    29.713     7.308
   5   8 O     -0.582  1.748  4.834  0.000    24.729     6.713
   6   1 H      0.348  0.652  0.000  0.000     0.586     1.199
   7   8 O     -0.606  1.754  4.852  0.000    25.311     6.791
   8   1 H      0.341  0.659  0.000  0.000     0.611     1.228
   9   1 H      0.325  0.675  0.000  0.000     0.651     1.267
  10   8 O     -0.616  1.742  4.873  0.000    25.566     6.824
  11   1 H      0.322  0.678  0.000  0.000     0.659     1.275
  12   1 H      0.292  0.708  0.000  0.000     0.745     1.356
  13   8 O     -0.604  1.744  4.860  0.000    25.281     6.786
  14   1 H      0.334  0.666  0.000  0.000     0.629     1.246
  15   1 H      0.298  0.702  0.000  0.000     0.725     1.338
  16   8 O     -0.499  1.730  4.769  0.000    22.815     6.451
  17   1 H      0.392  0.608  0.000  0.000     0.495     1.103
  18   1 H      0.387  0.613  0.000  0.000     0.508     1.119
  19   1 H      0.381  0.619  0.000  0.000     0.523     1.136

 Mol. C6AA /au·bohr⁶  :       3380.010666
 Mol. C8AA /au·bohr⁸  :      76541.735758
 Mol. α(0) /au        :         83.591770

 
 Wiberg/Mayer (AO) data. WBOs > 0.1 written file <wbo>
 largest (>0.05) Wiberg bond orders for each atom
           total WBO             WBO to atom ...
     1  S   4.863    O    2 1.357    O    4 1.302    O    3 1.261    O    5 0.902
     2  O   1.747    S    1 1.357    O    4 0.108    O    3 0.107    O    5 0.079    H   11 0.062
     3  O   1.760    S    1 1.261    H   17 0.162    O    4 0.109    O    2 0.107    O    5 0.071
     4  O   1.742    S    1 1.302    O    3 0.109    O    2 0.108    H   14 0.065    O    5 0.060
     5  O   1.980    S    1 0.902    H    6 0.862    O    2 0.079    O    3 0.071    O    4 0.060
     6  H   0.879    O    5 0.862
     7  O   1.986    H    9 0.844    H    8 0.816    H   18 0.197    O   16 0.069
     8  H   0.884    O    7 0.816    O   10 0.065
     9  H   0.894    O    7 0.844
    10  O   1.866    H   12 0.910    H   11 0.830    H    8 0.065
    11  H   0.896    O   10 0.830    O    2 0.062
    12  H   0.915    O   10 0.910
    13  O   1.911    H   15 0.906    H   14 0.821    H   19 0.107
    14  H   0.889    O   13 0.821    O    4 0.065
    15  H   0.911    O   13 0.906
    16  O   2.248    H   19 0.744    H   17 0.674    H   18 0.650    O    7 0.069
    17  H   0.846    O   16 0.674    O    3 0.162
    18  H   0.850    O   16 0.650    O    7 0.197
    19  H   0.855    O   16 0.744    O   13 0.107
 MOs/occ written to file <molden.input>
 
molecular dipole:
                 x           y           z       tot (Debye)
 q only:        0.309      -0.237       0.909
   full:        0.429       0.011      -0.070       1.106
molecular quadrupole (traceless):
                xx          xy          yy          xz          yz          zz
 q only:       -0.954      -1.063       0.792       5.188      -0.172       0.162
  q+dip:        0.123      -1.678       0.670       7.603      -0.356      -0.793
   full:       -0.119      -1.588       0.900       7.881      -0.690      -0.781

SCC energy    :     -41.1187593
rep           :       0.1978863
ES            :       0.1984590
AES           :      -0.0539792
AXC           :      -0.0102596
disp          :      -0.0138934
XB            :       0.0000000
fix           :       0.0000000
total E       :     -40.9207912
atomizationE  :       3.7149784     2331.18
(atE without considering molecular charge,
 total energy contains solvation terms)
H-L gap (eV)  :          9.3822
optimized geometry written to: xtbopt.xyz


------------------------------------------------------------------------
 * finished run on 2019/09/03 at 07:23:59.788     
------------------------------------------------------------------------
 total:
 * wall-time:     0 d,  0 h,  0 min,  0.890 sec
 *  cpu-time:     0 d,  0 h,  0 min,  0.876 sec
 * ratio c/w:     0.984 speedup
 SCF:
 * wall-time:     0 d,  0 h,  0 min,  0.103 sec
 *  cpu-time:     0 d,  0 h,  0 min,  0.101 sec
 * ratio c/w:     0.977 speedup
 ANC optimizer:
 * wall-time:     0 d,  0 h,  0 min,  0.761 sec
 *  cpu-time:     0 d,  0 h,  0 min,  0.752 sec
 * ratio c/w:     0.988 speedup

