      -----------------------------------------------------------      
     |                   =====================                   |     
     |                           x T B                           |     
     |                   =====================                   |     
     |                         S. Grimme                         |     
     |          Mulliken Center for Theoretical Chemistry        |     
     |                    University of Bonn                     |     
     |                 Version 6.0.1 (SAW181210)                 |     
      -----------------------------------------------------------      

   This program is distributed in the hope that it will be useful,
   but WITHOUT ANY WARRANTY; without even the implied warranty of
   MERCHANTABILITY or FITNESS FOR A PARTICULAR PURPOSE.
   
   FOR NON-COMMERCIAL, ACADEMIA USE ONLY.
   
   Cite this work as:
   S. Grimme, C. Bannwarth, P. Shushkov, J. Comput. Theory Chem., 2017,
   13, 1989-2009.
   C. Bannwarth, S. Ehlert and S. Grimme., ChemRxiv, 2018, preprint.
   http://doi.org/10.26434/chemrxiv.7246238.v1
   
   for sTDA-xTB:
   S. Grimme and C. Bannwarth, J. Chem. Phys., 2016, 145, 054103.
   
   in the mass-spec context:
   V. Asgeirsson, C. Bauer and S. Grimme, Chem. Sci., 2017, 8, 4879.
   
   if GBSA is used:
   P. Shushkov, F. März and S. Grimme, unpublished.
   
   for ANC optimizer:
   S. Grimme, unpublished.
   Rational Function algorithm used in ANCopt:
   F. Eckert, P. Pulay, H.-J. Werner, J. Comput. Chem., 1997, 18, 1473.
   
   with help from (in alphabetical order)
   C. Bannwarth, F. Bohle, G. Brandenburg, E. Caldeweyher, M. Checinski,
   S. Dohm, S. Ehlert, S. Ehrlich, F. März, H. Neugebauer, J. Pisarek,
   P. Pracht, P. Shushkov, and S. Spicher.
   
 * started run on 2019/09/03 at 08:28:14.376     
========================================================================
 # omp threads = 1
========================================================================
number of atoms            : 19
number of electrons        : 64
charge                     : 0
spin                       : .0
first test random number   : .4236

########################################################################
# WARNING! Please study the warnings concerning your input carefully
#  - XTBPATH is not set, using XTBHOME instead
#  - the use of '-opt' is discouraged, please use '--opt' next time
#  - the use of '-chrg' is discouraged, please use '--chrg' next time
#  - the use of '-uhf' is discouraged, please use '--uhf' next time
########################################################################

           ------------------------------------------------- 
          |                 G F N 2 - x T B                 |
          | Geometry, Frequencies, Noncovalent interactions |
          |            JCTC 2018 parametrisation            |
           ------------------------------------------------- 
      method parameters     
 k(s)        :  1.8500
 k(p)        :  2.2300
 k(d)        :  2.2300
 k(f)        :  2.0000
 kEN (H0ij)  : -2.0000
 D4 a1       :  0.5200
 D4 a2       :  5.0000
 D4 s6       :  1.0000
 D4 s8       :  2.7000
 D4 s9       :  5.0000
 alphaj      :  2.0000


            Z     q(EN)     CN     RAES       Cart. coordinates
     1  S   6.0    0.64    4.31    4.25    -3.82824     1.05232    -1.87670
     2  O   6.0   -0.31    1.17    1.80    -2.00767     2.16117    -0.03711
     3  O   6.0   -0.29    1.16    1.80    -2.62897     0.92075    -4.42083
     4  O   6.0   -0.28    1.15    1.80    -4.54492    -1.53946    -1.04175
     5  O   6.0   -0.24    2.08    1.84    -6.09985     2.64472    -2.00533
     6  H   1.0    0.15    1.21    1.47    -5.63897     4.31485    -2.54324
     7  O   6.0   -0.28    1.99    1.83     6.02045     0.66392     2.70242
     8  H   1.0    0.16    1.01    1.43     4.73047     0.67319     3.98713
     9  H   1.0    0.15    0.97    1.43     7.56620     1.08099     3.56922
    10  O   6.0   -0.28    2.04    1.83     2.23452    -0.79416    -0.47392
    11  H   1.0    0.17    1.03    1.43     3.67624    -0.27919     0.51140
    12  H   1.0    0.17    1.04    1.43     0.98427     0.50313    -0.21216
    13  O   6.0   -0.28    1.96    1.82     1.37238     0.74229     5.19548
    14  H   1.0    0.15    0.97    1.43     0.25289    -0.42478     6.03172
    15  H   1.0    0.16    0.97    1.43     0.47884     1.28157     3.70372
    16  O   6.0   -0.21    2.91    2.56    -0.51760    -3.58579    -3.46346
    17  H   1.0    0.14    0.99    1.43    -1.98635    -4.07343    -2.41713
    18  H   1.0    0.15    1.00    1.43    -0.97957    -2.35071    -4.78679
    19  H   1.0    0.14    1.03    1.43     0.91589    -2.99137    -2.42265

  Z AO/shell   Hii/eV     exponent
  1     Wed Apr 25 08:07:45 CEST 2018   EN: 2.200 GM2: 0.406  GM3: 0.0800  RAES: 1.40
     1s    -10.707211    1.230000
  8     Wed Apr 25 08:07:45 CEST 2018   EN: 3.440 GM2: 0.452  GM3:-0.0517  RAES: 1.80
     2s    -20.229985    2.439742
     2p    -15.503117    2.137023
 16     Tue Apr 24 11:44:34 CEST 2018   EN: 2.580 GM2: 0.340  GM3:-0.0502  RAES: 3.10
     3s    -20.029654    1.981333
     3p    -11.377694    2.025643
     3d     -0.420282    1.702555
 no old-style atom pair restraining (fixing) potential

molecular fragmentation (1/2 indicates fragments):
1111112222222222222
# atoms in fragment 1/2:     6    13
 fragment masses (1/2) :       97.07       73.07
CMA distance (Bohr)    :   6.938
constraining FC (au)   :  0.0500
           ------------------------------------------------- 
          |        Self-Consistent Charge Iterations        |
           ------------------------------------------------- 

 Ncao       : 52
 Nao        : 51
 Nshell     : 29
 Nel        : 64
 T(el)      :   300.0
 intcut     :    25.0
 scfconv/Eh :  0.100E-05
   qconv/e  :  0.100E-03
 intneglect :  0.100E-07
 broydamp   :      0.250
 iter      E             dE          RMSdq      gap      omega  full diag
   1    -40.9933424 -0.409933E+02  0.771E+00   10.65       0.0  T
   2    -41.0341149 -0.407725E-01  0.557E+00   10.11       1.0  T
   3    -41.0657580 -0.316431E-01  0.147E+00    8.52       1.0  T
   4    -41.0699119 -0.415397E-02  0.613E-01    8.46       1.0  T
   5    -41.0705432 -0.631260E-03  0.331E-01    8.37       1.0  T
   6    -41.0708812 -0.338003E-03  0.145E-01    8.39       1.0  T
   7    -41.0709631 -0.819114E-04  0.507E-02    8.45       1.0  T
   8    -41.0709722 -0.907829E-05  0.303E-02    8.44       1.0  T
   9    -41.0709765 -0.431534E-05  0.744E-03    8.44       3.1  T
  10    -41.0709767 -0.187034E-06  0.218E-03    8.44      10.5  T
  11    -41.0709767 -0.130685E-07  0.889E-04    8.44      25.8  T
  12    -41.0709767 -0.258405E-08  0.443E-04    8.44      51.7  T
speedup  1.02
cpu  time for SCC    0.01 s
wall time for SCC    0.01 s

   *** convergence criteria satisfied after 12 iterations ***

          eigenvalues
 #    :          20         21         22         23         24         25         26         27
 occ. :        2.000      2.000      2.000      2.000      2.000      2.000      2.000      2.000
 eps  :       -13.682    -13.442    -12.872    -12.613    -12.080    -11.980    -11.701    -11.681
 #    :          28         29         30         31         32         33         34         35
 occ. :        2.000      2.000      2.000      2.000      2.000      0.000      0.000      0.000
 eps  :       -11.412    -11.352    -10.875    -10.790    -10.591     -2.154     -0.923      0.108
 #    :          36         37         38         39         40         41         42         43
 occ. :        0.000      0.000      0.000      0.000      0.000      0.000      0.000      0.000
 eps  :         0.870      1.342      1.746      3.104      4.008      4.251      4.857      6.479


   #   Z            q   n(s)   n(p)   n(d)      C6AA      α(0)
   1  16 S      1.547  1.589  1.872  0.992    92.316    16.171
   2   8 O     -0.765  1.778  4.986  0.000    30.533     7.408
   3   8 O     -0.770  1.777  4.994  0.000    30.694     7.428
   4   8 O     -0.742  1.769  4.972  0.000    29.869     7.328
   5   8 O     -0.535  1.715  4.820  0.000    23.655     6.566
   6   1 H      0.358  0.642  0.000  0.000     0.561     1.172
   7   8 O     -0.602  1.740  4.862  0.000    25.227     6.779
   8   1 H      0.320  0.680  0.000  0.000     0.663     1.279
   9   1 H      0.281  0.719  0.000  0.000     0.781     1.388
  10   8 O     -0.656  1.733  4.922  0.000    26.555     6.955
  11   1 H      0.338  0.662  0.000  0.000     0.617     1.233
  12   1 H      0.319  0.681  0.000  0.000     0.667     1.283
  13   8 O     -0.588  1.736  4.852  0.000    24.907     6.736
  14   1 H      0.286  0.714  0.000  0.000     0.763     1.372
  15   1 H      0.318  0.682  0.000  0.000     0.669     1.285
  16   8 O     -0.381  1.624  4.757  0.000    20.428     6.104
  17   1 H      0.417  0.583  0.000  0.000     0.455     1.060
  18   1 H      0.421  0.579  0.000  0.000     0.448     1.052
  19   1 H      0.432  0.568  0.000  0.000     0.430     1.031

 Mol. C6AA /au·bohr⁶  :       3380.135975
 Mol. C8AA /au·bohr⁸  :      76805.320651
 Mol. α(0) /au        :         83.629634

 
 Wiberg/Mayer (AO) data. WBOs > 0.1 written file <wbo>
 largest (>0.05) Wiberg bond orders for each atom
           total WBO             WBO to atom ...
     1  S   4.958    O    4 1.343    O    3 1.296    O    2 1.295    O    5 1.002
     2  O   1.666    S    1 1.295    O    4 0.115    O    3 0.114    O    5 0.074
     3  O   1.659    S    1 1.296    O    4 0.116    O    2 0.114    O    5 0.073
     4  O   1.685    S    1 1.343    O    3 0.116    O    2 0.115    O    5 0.055
     5  O   2.054    S    1 1.002    H    6 0.848    O    2 0.074    O    3 0.073    O    4 0.055
     6  H   0.872    O    5 0.848
     7  O   1.834    H    9 0.909    H    8 0.867
     8  H   0.897    O    7 0.867
     9  H   0.921    O    7 0.909
    10  O   1.837    H   12 0.850    H   11 0.841    H   19 0.074
    11  H   0.886    O   10 0.841
    12  H   0.898    O   10 0.850
    13  O   1.851    H   14 0.913    H   15 0.889
    14  H   0.918    O   13 0.913
    15  H   0.899    O   13 0.889
    16  O   2.363    H   17 0.792    H   18 0.776    H   19 0.733
    17  H   0.826    O   16 0.792
    18  H   0.823    O   16 0.776
    19  H   0.813    O   16 0.733    O   10 0.074
 MOs/occ written to file <molden.input>
 
molecular dipole:
                 x           y           z       tot (Debye)
 q only:        1.131      -1.519      -0.367
   full:        0.502      -0.760      -0.039       2.318
molecular quadrupole (traceless):
                xx          xy          yy          xz          yz          zz
 q only:      -10.208      -3.630       8.159       2.150       6.213       2.049
  q+dip:       -7.022      -5.754       6.250       5.070       2.681       0.772
   full:       -6.573      -5.916       6.085       5.226       2.490       0.487

SCC energy    :     -41.0709767
rep           :       0.2164050
ES            :       0.2553931
AES           :      -0.0525244
AXC           :      -0.0107093
disp          :      -0.0115411
XB            :       0.0000000
fix           :       0.0000000
total E       :     -40.8544989
atomizationE  :       3.6486861     2289.59
(atE without considering molecular charge,
 total energy contains solvation terms)
H-L gap (eV)  :          8.4372
           ------------------------------------------------- 
          |                 ===============                 |
          |                   A N C O P T                   |
          |                 ===============                 |
          |          Approximate Normal Coordinate          |
          |           Rational Function Optimizer           |
           ------------------------------------------------- 
dumping coords to <xtbopt.coord> and <xtbopt.log>
 optlevel               2
 Maxcycle             380
 Maxmicro              25
 Econv         1.000000000000000E-007
 Gconv         2.000000000000000E-004
 Maxdispl       1.00000000000000     
 Hlow          5.000000000000000E-003
 S6             20.0000000000000     
 Nvar               51

generating ANC from model Hessian ...
 Shifting diagonal of input Hessian by   5.310702402445225E-003
 Lowest  eigenvalues of input Hessian
    0.005000    0.005134   -0.000000   -0.000000   -0.000000    0.000000
    0.000000    0.000000    0.005403    0.005622    0.005791    0.005876
    0.006424    0.007399    0.007599    0.008332    0.009007    0.009450
 Highest eigenvalues
    1.450714    1.542058    1.550332    3.131378    3.204547    3.306621
 
cpu  time for ANC gen    0.00 s
wall time for ANC gen    0.00 s
................................................................................
.............................. CYCLE    1 ......................................
................................................................................
   1    -41.0709767 -0.410710E+02  0.107E-04    8.44       0.0  T
   2    -41.0709767 -0.145590E-10  0.804E-05    8.44     285.5  T
   3    -41.0709767 -0.101750E-10  0.297E-05    8.44     772.9  T
speedup  1.00
cpu  time for SCC    0.00 s
wall time for SCC    0.00 s
speedup  0.92
cpu  time for grad    0.01 s
wall time for grad    0.01 s
 E :    -40.85449888  G :  0.156048    pred/act E change:  0.000D+00  0.154D-07
Maxdispl :   0.2206   ||displ|| :   0.5173   Lambda : -0.252D-01
Largest |displ|/coords:  0.2206 (  18)  0.2150 (  17)  0.2139 (  21)
................................................................................
.............................. CYCLE    2 ......................................
................................................................................
   1    -41.0865627 -0.410866E+02  0.367E-01    8.93       0.0  T
   2    -41.0866735 -0.110803E-03  0.281E-01    8.98       1.0  T
   3    -41.0867200 -0.465653E-04  0.877E-02    9.07       1.0  T
   4    -41.0867335 -0.134690E-04  0.202E-02    9.07       1.1  T
   5    -41.0867344 -0.950175E-06  0.736E-03    9.06       3.1  T
   6    -41.0867345 -0.919975E-07  0.438E-03    9.06       5.2  T
   7    -41.0867346 -0.670174E-07  0.219E-03    9.06      10.5  T
speedup  1.14
cpu  time for SCC    0.01 s
wall time for SCC    0.00 s
speedup  0.98
cpu  time for grad    0.01 s
wall time for grad    0.01 s
 E :    -40.87676373  G :  0.104534    pred/act E change:  0.000D+00 -0.223D-01
Maxdispl :   0.2283   ||displ|| :   0.5631   Lambda : -0.189D-01
Largest |displ|/coords:  0.2283 (  17)  0.2267 (  21)  0.2230 (  20)
................................................................................
.............................. CYCLE    3 ......................................
................................................................................
   1    -41.0952466 -0.410952E+02  0.408E-01    9.19       0.0  T
   2    -41.0955969 -0.350319E-03  0.300E-01    9.22       1.0  T
   3    -41.0957528 -0.155885E-03  0.121E-01    9.28       1.0  T
   4    -41.0957701 -0.172738E-04  0.256E-02    9.28       1.0  T
   5    -41.0957712 -0.112948E-05  0.110E-02    9.28       2.1  T
   6    -41.0957714 -0.224776E-06  0.591E-03    9.27       3.9  T
   7    -41.0957715 -0.121996E-06  0.302E-03    9.27       7.6  T
speedup  0.93
cpu  time for SCC    0.00 s
wall time for SCC    0.00 s
speedup  0.99
cpu  time for grad    0.01 s
wall time for grad    0.01 s
 E :    -40.89152157  G :  0.061068    pred/act E change: -0.160D-01 -0.148D-01
Maxdispl :   0.1989   ||displ|| :   0.4675   Lambda : -0.730D-02
Largest |displ|/coords:  0.1989 (   3)  0.1843 (  20)  0.1803 (  16)
................................................................................
.............................. CYCLE    4 ......................................
................................................................................
   1    -41.0947310 -0.410947E+02  0.375E-01    9.31       0.0  T
   2    -41.0951403 -0.409273E-03  0.270E-01    9.33       1.0  T
   3    -41.0953173 -0.177016E-03  0.116E-01    9.28       1.0  T
   4    -41.0953314 -0.140823E-04  0.238E-02    9.26       1.0  T
   5    -41.0953321 -0.734409E-06  0.102E-02    9.26       2.2  T
   6    -41.0953323 -0.172142E-06  0.530E-03    9.26       4.3  T
   7    -41.0953324 -0.893835E-07  0.259E-03    9.26       8.9  T
speedup  0.93
cpu  time for SCC    0.00 s
wall time for SCC    0.00 s
speedup  0.99
cpu  time for grad    0.01 s
wall time for grad    0.01 s
 E :    -40.89559261  G :  0.038969    pred/act E change: -0.125D-01 -0.407D-02
Maxdispl :   0.3194   ||displ|| :   0.4548   Lambda : -0.351D-02
Largest |displ|/coords:  0.3194 (   3)  0.1645 (  10)  0.1269 (  13)
................................................................................
.............................. CYCLE    5 ......................................
................................................................................
   1    -41.0958617 -0.410959E+02  0.229E-01    9.21       0.0  T
   2    -41.0959127 -0.509786E-04  0.170E-01    9.22       1.0  T
   3    -41.0959291 -0.163516E-04  0.496E-02    9.23       1.0  T
   4    -41.0959344 -0.537082E-05  0.155E-02    9.23       1.5  T
   5    -41.0959347 -0.302943E-06  0.352E-03    9.23       6.5  T
   6    -41.0959347 -0.162999E-07  0.161E-03    9.23      14.3  T
speedup  0.83
cpu  time for SCC    0.00 s
wall time for SCC    0.00 s
speedup  0.93
cpu  time for grad    0.01 s
wall time for grad    0.01 s
 E :    -40.89762606  G :  0.028280    pred/act E change: -0.445D-02 -0.203D-02
Maxdispl :   0.4170   ||displ|| :   0.5854   Lambda : -0.342D-02
Largest |displ|/coords:  0.4170 (   3)  0.2690 (  10)  0.1382 (   1)
................................................................................
.............................. CYCLE    6 ......................................
................................................................................
   1    -41.0996482 -0.410996E+02  0.252E-01    9.11       0.0  T
   2    -41.0996906 -0.423661E-04  0.192E-01    9.12       1.0  T
   3    -41.0997042 -0.136149E-04  0.509E-02    9.14       1.0  T
   4    -41.0997105 -0.627861E-05  0.143E-02    9.13       1.6  T
   5    -41.0997107 -0.279519E-06  0.388E-03    9.13       5.9  T
   6    -41.0997108 -0.121203E-07  0.167E-03    9.13      13.7  T
speedup  1.08
cpu  time for SCC    0.00 s
wall time for SCC    0.00 s
speedup  1.03
cpu  time for grad    0.01 s
wall time for grad    0.01 s
 E :    -40.89988121  G :  0.018740    pred/act E change: -0.212D-02 -0.226D-02
Maxdispl :   0.3601   ||displ|| :   0.5554   Lambda : -0.234D-02
Largest |displ|/coords:  0.3601 (   3)  0.2606 (   4)  0.1418 (  10)
................................................................................
.............................. CYCLE    7 ......................................
................................................................................
   1    -41.1077085 -0.411077E+02  0.338E-01    9.10       0.0  T
   2    -41.1077649 -0.564115E-04  0.256E-01    9.06       1.0  T
   3    -41.1077951 -0.301936E-04  0.517E-02    8.99       1.0  T
   4    -41.1078034 -0.829412E-05  0.191E-02    9.01       1.2  T
   5    -41.1078040 -0.576759E-06  0.471E-03    9.02       4.9  T
   6    -41.1078040 -0.130281E-07  0.247E-03    9.02       9.3  T
   7    -41.1078040 -0.706640E-08  0.934E-04    9.02      24.6  T
speedup  0.89
cpu  time for SCC    0.00 s
wall time for SCC    0.00 s
speedup  0.95
cpu  time for grad    0.01 s
wall time for grad    0.01 s
 E :    -40.90031438  G :  0.025465    pred/act E change: -0.230D-02 -0.433D-03
Maxdispl :   0.3555   ||displ|| :   0.4585   Lambda : -0.283D-02
Largest |displ|/coords:  0.3555 (   3)  0.1475 (  15)  0.1393 (   5)
................................................................................
.............................. CYCLE    8 ......................................
................................................................................
   1    -41.1000630 -0.411001E+02  0.596E-01    8.81       0.0  T
   2    -41.1001308 -0.677141E-04  0.454E-01    8.84       1.0  T
   3    -41.1001880 -0.572797E-04  0.501E-02    8.90       1.0  T
   4    -41.1001968 -0.876520E-05  0.130E-02    8.87       1.8  T
   5    -41.1001970 -0.198017E-06  0.522E-03    8.87       4.4  T
   6    -41.1001970 -0.174454E-07  0.289E-03    8.87       7.9  T
speedup  1.05
cpu  time for SCC    0.00 s
wall time for SCC    0.00 s
speedup  1.02
cpu  time for grad    0.01 s
wall time for grad    0.01 s
 E :    -40.90084900  G :  0.038237    pred/act E change: -0.153D-02 -0.535D-03
Maxdispl :   0.1713   ||displ|| :   0.3014   Lambda : -0.324D-02
Largest |displ|/coords:  0.1713 (   7)  0.1271 (   4)  0.1164 (   8)
................................................................................
.............................. CYCLE    9 ......................................
................................................................................
   1    -41.1046152 -0.411046E+02  0.410E-01    8.97       0.0  T
   2    -41.1046704 -0.551720E-04  0.310E-01    8.93       1.0  T
   3    -41.1047027 -0.323333E-04  0.487E-02    8.85       1.0  T
   4    -41.1047119 -0.920122E-05  0.113E-02    8.90       2.0  T
   5    -41.1047121 -0.177612E-06  0.426E-03    8.90       5.4  T
   6    -41.1047121 -0.551460E-08  0.218E-03    8.90      10.5  T
speedup  0.81
cpu  time for SCC    0.00 s
wall time for SCC    0.00 s
speedup  0.92
cpu  time for grad    0.01 s
wall time for grad    0.01 s
 E :    -40.90185782  G :  0.014156    pred/act E change: -0.171D-02 -0.101D-02
Maxdispl :   0.2378   ||displ|| :   0.3507   Lambda : -0.174D-02
Largest |displ|/coords:  0.2378 (  14)  0.1587 (   3)  0.1435 (  12)
................................................................................
.............................. CYCLE   10 ......................................
................................................................................
   1    -41.1007803 -0.411008E+02  0.307E-01    8.86       0.0  T
   2    -41.1008188 -0.384742E-04  0.228E-01    8.86       1.0  T
   3    -41.1008365 -0.177369E-04  0.639E-02    8.85       1.0  T
   4    -41.1008414 -0.486030E-05  0.130E-02    8.85       1.8  T
   5    -41.1008416 -0.216623E-06  0.318E-03    8.85       7.2  T
   6    -41.1008416 -0.459868E-08  0.193E-03    8.85      11.9  T
   7    -41.1008416 -0.500884E-08  0.508E-04    8.85      45.2  T
speedup  1.16
cpu  time for SCC    0.00 s
wall time for SCC    0.00 s
speedup  1.06
cpu  time for grad    0.01 s
wall time for grad    0.01 s
 E :    -40.90196631  G :  0.020637    pred/act E change: -0.177D-02 -0.108D-03
Maxdispl :   0.2327   ||displ|| :   0.3039   Lambda : -0.178D-02
Largest |displ|/coords:  0.2327 (   3)  0.0684 (   9)  0.0625 (   5)
................................................................................
.............................. CYCLE   11 ......................................
................................................................................
   1    -41.1043600 -0.411044E+02  0.289E-01    8.76       0.0  T
   2    -41.1043837 -0.236173E-04  0.217E-01    8.75       1.0  T
   3    -41.1044002 -0.165601E-04  0.363E-02    8.74       1.0  T
   4    -41.1044035 -0.324891E-05  0.865E-03    8.73       2.7  T
   5    -41.1044036 -0.102916E-06  0.341E-03    8.73       6.7  T
   6    -41.1044036 -0.798624E-08  0.184E-03    8.73      12.4  T
speedup  1.05
cpu  time for SCC    0.00 s
wall time for SCC    0.00 s
speedup  1.02
cpu  time for grad    0.01 s
wall time for grad    0.01 s
 E :    -40.90295907  G :  0.017447    pred/act E change: -0.978D-03 -0.993D-03
Maxdispl :   0.3276   ||displ|| :   0.4802   Lambda : -0.164D-02
Largest |displ|/coords:  0.3276 (   3)  0.1461 (  13)  0.1352 (  20)
................................................................................
.............................. CYCLE   12 ......................................
................................................................................
   1    -41.0977348 -0.410977E+02  0.455E-01    8.69       0.0  T
   2    -41.0978094 -0.745667E-04  0.343E-01    8.68       1.0  T
   3    -41.0978586 -0.491798E-04  0.584E-02    8.62       1.0  T
   4    -41.0978704 -0.117943E-04  0.178E-02    8.63       1.3  T
   5    -41.0978707 -0.309730E-06  0.657E-03    8.63       3.5  T
   6    -41.0978707 -0.367422E-07  0.360E-03    8.63       6.4  T
   7    -41.0978707 -0.139891E-07  0.923E-04    8.63      24.8  T
   8    -41.0978707 -0.150718E-08  0.177E-04    8.63     129.4  T
speedup  1.02
cpu  time for SCC    0.00 s
wall time for SCC    0.00 s
speedup  1.01
cpu  time for grad    0.01 s
wall time for grad    0.01 s
 E :    -40.90247825  G :  0.038681    pred/act E change: -0.971D-03  0.481D-03
Maxdispl :   0.1080   ||displ|| :   0.2254   Lambda : -0.268D-02
Largest |displ|/coords:  0.1080 (  14)  0.0977 (   5)  0.0794 (  13)
................................................................................
.............................. CYCLE   13 ......................................
................................................................................
   1    -41.1038957 -0.411039E+02  0.274E-01    8.67       0.0  T
   2    -41.1039264 -0.307332E-04  0.206E-01    8.66       1.0  T
   3    -41.1039464 -0.199519E-04  0.439E-02    8.63       1.0  T
   4    -41.1039501 -0.373179E-05  0.132E-02    8.63       1.7  T
   5    -41.1039505 -0.353147E-06  0.382E-03    8.64       6.0  T
   6    -41.1039505 -0.741725E-08  0.218E-03    8.64      10.5  T
speedup  0.81
cpu  time for SCC    0.00 s
wall time for SCC    0.00 s
speedup  0.92
cpu  time for grad    0.01 s
wall time for grad    0.01 s
 E :    -40.90386101  G :  0.021198    pred/act E change: -0.101D-02 -0.138D-02
Maxdispl :   0.1698   ||displ|| :   0.3763   Lambda : -0.159D-02
Largest |displ|/coords:  0.1698 (   7)  0.1384 (   5)  0.1231 (   6)
................................................................................
.............................. CYCLE   14 ......................................
................................................................................
   1    -41.1065218 -0.411065E+02  0.401E-01    8.62       0.0  T
   2    -41.1065682 -0.464179E-04  0.304E-01    8.63       1.0  T
   3    -41.1066011 -0.328984E-04  0.425E-02    8.66       1.0  T
   4    -41.1066080 -0.690946E-05  0.167E-02    8.65       1.4  T
   5    -41.1066084 -0.347841E-06  0.501E-03    8.65       4.6  T
   6    -41.1066084 -0.192483E-07  0.296E-03    8.65       7.7  T
speedup  1.08
cpu  time for SCC    0.00 s
wall time for SCC    0.00 s
speedup  1.03
cpu  time for grad    0.01 s
wall time for grad    0.01 s
 E :    -40.90361741  G :  0.038351    pred/act E change: -0.141D-02  0.244D-03
Maxdispl :   0.1687   ||displ|| :   0.3032   Lambda : -0.227D-02
Largest |displ|/coords:  0.1687 (   6)  0.1489 (   3)  0.0772 (   8)
................................................................................
.............................. CYCLE   15 ......................................
................................................................................
   1    -41.1108677 -0.411109E+02  0.299E-01    8.69       0.0  T
   2    -41.1109303 -0.626294E-04  0.226E-01    8.65       1.0  T
   3    -41.1109598 -0.295027E-04  0.520E-02    8.54       1.0  T
   4    -41.1109690 -0.911441E-05  0.195E-02    8.56       1.2  T
   5    -41.1109697 -0.717175E-06  0.529E-03    8.57       4.3  T
   6    -41.1109697 -0.206257E-07  0.290E-03    8.57       7.9  T
speedup  0.81
cpu  time for SCC    0.00 s
wall time for SCC    0.00 s
speedup  0.92
cpu  time for grad    0.01 s
wall time for grad    0.01 s
 E :    -40.90499327  G :  0.021608    pred/act E change: -0.910D-03 -0.138D-02
Maxdispl :   0.3629   ||displ|| :   0.5830   Lambda : -0.292D-02
Largest |displ|/coords:  0.3629 (   3)  0.2336 (   8)  0.2017 (  17)
................................................................................
.............................. CYCLE   16 ......................................
................................................................................
   1    -41.0986846 -0.410987E+02  0.733E-01    8.66       0.0  T
   2    -41.0989902 -0.305566E-03  0.553E-01    8.65       1.0  T
   3    -41.0991224 -0.132209E-03  0.116E-01    8.60       1.0  T
   4    -41.0991711 -0.487788E-04  0.384E-02    8.59       1.0  T
   5    -41.0991739 -0.275179E-05  0.102E-02    8.59       2.2  T
   6    -41.0991740 -0.585639E-07  0.583E-03    8.59       3.9  T
   7    -41.0991740 -0.391360E-07  0.142E-03    8.59      16.2  T
speedup  0.93
cpu  time for SCC    0.00 s
wall time for SCC    0.00 s
speedup  1.08
cpu  time for grad    0.01 s
wall time for grad    0.01 s
 E :    -40.90238890  G :  0.070455    pred/act E change: -0.124D-02  0.260D-02
Maxdispl :   0.2068   ||displ|| :   0.5394   Lambda : -0.188D-01
Largest |displ|/coords:  0.2068 (   6)  0.1960 (  16)  0.1729 (  17)
................................................................................
.............................. CYCLE   17 ......................................
................................................................................
   1    -41.1224075 -0.411224E+02  0.979E-01    8.56       0.0  T
   2    -41.1227415 -0.333999E-03  0.740E-01    8.52       1.0  T
   3    -41.1229693 -0.227766E-03  0.123E-01    8.43       1.0  T
   4    -41.1230165 -0.472149E-04  0.355E-02    8.48       1.0  T
   5    -41.1230187 -0.216160E-05  0.129E-02    8.49       1.8  T
   6    -41.1230187 -0.405943E-07  0.681E-03    8.49       3.4  T
   7    -41.1230188 -0.657523E-07  0.114E-03    8.49      20.1  T
   8    -41.1230188 -0.319653E-08  0.383E-04    8.49      59.8  T
speedup  0.98
cpu  time for SCC    0.00 s
wall time for SCC    0.01 s
speedup  0.98
cpu  time for grad    0.01 s
wall time for grad    0.01 s
 E :    -40.90285676  G :  0.070010    pred/act E change: -0.196D-02 -0.468D-03
Maxdispl :   0.1603   ||displ|| :   0.3479   Lambda : -0.825D-02
Largest |displ|/coords:  0.1603 (  11)  0.1316 (   6)  0.1089 (   4)
................................................................................
.............................. CYCLE   18 ......................................
................................................................................
   1    -41.1113961 -0.411114E+02  0.548E-01    8.31       0.0  T
   2    -41.1115311 -0.134999E-03  0.414E-01    8.33       1.0  T
   3    -41.1116044 -0.732649E-04  0.796E-02    8.38       1.0  T
   4    -41.1116252 -0.207507E-04  0.249E-02    8.35       1.0  T
   5    -41.1116263 -0.117618E-05  0.726E-03    8.34       3.2  T
   6    -41.1116264 -0.345754E-07  0.438E-03    8.34       5.2  T
   7    -41.1116264 -0.243472E-07  0.930E-04    8.34      24.7  T
speedup  1.14
cpu  time for SCC    0.01 s
wall time for SCC    0.00 s
speedup  1.05
cpu  time for grad    0.01 s
wall time for grad    0.01 s
 E :    -40.90661052  G :  0.030023    pred/act E change: -0.121D-01 -0.375D-02
Maxdispl :   0.0894   ||displ|| :   0.2212   Lambda : -0.132D-02
Largest |displ|/coords:  0.0894 (  17)  0.0862 (   2)  0.0844 (   1)
................................................................................
.............................. CYCLE   19 ......................................
................................................................................
   1    -41.1191677 -0.411192E+02  0.172E-01    8.59       0.0  T
   2    -41.1191922 -0.244721E-04  0.128E-01    8.58       1.0  T
   3    -41.1192035 -0.112809E-04  0.401E-02    8.54       1.0  T
   4    -41.1192060 -0.250177E-05  0.117E-02    8.54       2.0  T
   5    -41.1192062 -0.231660E-06  0.328E-03    8.55       7.0  T
   6    -41.1192062 -0.101702E-07  0.174E-03    8.55      13.2  T
speedup  0.79
cpu  time for SCC    0.00 s
wall time for SCC    0.00 s
speedup  0.91
cpu  time for grad    0.01 s
wall time for grad    0.01 s
 E :    -40.90735540  G :  0.019991    pred/act E change: -0.462D-02 -0.745D-03
Maxdispl :   0.1619   ||displ|| :   0.3426   Lambda : -0.132D-02
Largest |displ|/coords:  0.1619 (   7)  0.1313 (   3)  0.1057 (  17)
................................................................................
.............................. CYCLE   20 ......................................
................................................................................
   1    -41.1193600 -0.411194E+02  0.273E-01    8.33       0.0  T
   2    -41.1193990 -0.389971E-04  0.205E-01    8.31       1.0  T
   3    -41.1194213 -0.222534E-04  0.413E-02    8.25       1.0  T
   4    -41.1194267 -0.536604E-05  0.150E-02    8.26       1.5  T
   5    -41.1194270 -0.319516E-06  0.395E-03    8.27       5.8  T
   6    -41.1194270 -0.150200E-07  0.245E-03    8.27       9.4  T
   7    -41.1194270 -0.632832E-08  0.664E-04    8.27      34.6  T
speedup  1.16
cpu  time for SCC    0.01 s
wall time for SCC    0.00 s
speedup  1.06
cpu  time for grad    0.01 s
wall time for grad    0.01 s
 E :    -40.90806867  G :  0.022528    pred/act E change: -0.690D-03 -0.713D-03
Maxdispl :   0.1462   ||displ|| :   0.2952   Lambda : -0.115D-02
Largest |displ|/coords:  0.1462 (   3)  0.1072 (  17)  0.1028 (   9)
................................................................................
.............................. CYCLE   21 ......................................
................................................................................
   1    -41.1207478 -0.411207E+02  0.261E-01    8.17       0.0  T
   2    -41.1207665 -0.187406E-04  0.195E-01    8.19       1.0  T
   3    -41.1207777 -0.111563E-04  0.332E-02    8.21       1.0  T
   4    -41.1207801 -0.247126E-05  0.115E-02    8.20       2.0  T
   5    -41.1207803 -0.160001E-06  0.266E-03    8.20       8.6  T
   6    -41.1207803 -0.480240E-08  0.155E-03    8.20      14.8  T
speedup  1.03
cpu  time for SCC    0.00 s
wall time for SCC    0.00 s
speedup  1.00
cpu  time for grad    0.01 s
wall time for grad    0.01 s
 E :    -40.90860075  G :  0.017509    pred/act E change: -0.739D-03 -0.532D-03
Maxdispl :   0.1958   ||displ|| :   0.4013   Lambda : -0.151D-02
Largest |displ|/coords:  0.1958 (   3)  0.1512 (  20)  0.1241 (  17)
................................................................................
.............................. CYCLE   22 ......................................
................................................................................
   1    -41.1273217 -0.411273E+02  0.395E-01    8.17       0.0  T
   2    -41.1274587 -0.137028E-03  0.296E-01    8.16       1.0  T
   3    -41.1275432 -0.844800E-04  0.805E-02    8.09       1.0  T
   4    -41.1275594 -0.162399E-04  0.230E-02    8.09       1.0  T
   5    -41.1275600 -0.615535E-06  0.940E-03    8.09       2.4  T
   6    -41.1275601 -0.485731E-07  0.487E-03    8.09       4.7  T
   7    -41.1275601 -0.279712E-07  0.126E-03    8.09      18.3  T
   8    -41.1275601 -0.187762E-08  0.345E-04    8.09      66.6  T
speedup  1.04
cpu  time for SCC    0.00 s
wall time for SCC    0.00 s
speedup  1.01
cpu  time for grad    0.01 s
wall time for grad    0.01 s
 E :    -40.90749829  G :  0.045095    pred/act E change: -0.625D-03  0.110D-02
Maxdispl :   0.1134   ||displ|| :   0.1990   Lambda : -0.390D-02
Largest |displ|/coords:  0.1134 (  20)  0.0689 (  17)  0.0595 (   9)
................................................................................
.............................. CYCLE   23 ......................................
................................................................................
   1    -41.1228868 -0.411229E+02  0.241E-01    8.11       0.0  T
   2    -41.1229667 -0.799473E-04  0.178E-01    8.14       1.0  T
   3    -41.1230128 -0.461053E-04  0.610E-02    8.15       1.0  T
   4    -41.1230196 -0.676652E-05  0.170E-02    8.17       1.4  T
   5    -41.1230200 -0.409057E-06  0.633E-03    8.17       3.6  T
   6    -41.1230200 -0.437307E-07  0.351E-03    8.17       6.5  T
   7    -41.1230201 -0.945086E-08  0.104E-03    8.17      22.1  T
speedup  0.93
cpu  time for SCC    0.00 s
wall time for SCC    0.00 s
speedup  0.97
cpu  time for grad    0.01 s
wall time for grad    0.01 s
 E :    -40.90908060  G :  0.012427    pred/act E change: -0.874D-03 -0.158D-02
Maxdispl :   0.1039   ||displ|| :   0.1755   Lambda : -0.476D-03
Largest |displ|/coords:  0.1039 (   5)  0.0919 (   1)  0.0613 (  12)
................................................................................
.............................. CYCLE   24 ......................................
................................................................................
   1    -41.1229526 -0.411230E+02  0.154E-01    8.09       0.0  T
   2    -41.1229563 -0.369751E-05  0.116E-01    8.09       1.0  T
   3    -41.1229594 -0.312981E-05  0.142E-02    8.08       1.6  T
   4    -41.1229599 -0.486338E-06  0.543E-03    8.08       4.2  T
   5    -41.1229599 -0.244906E-07  0.160E-03    8.08      14.3  T
   6    -41.1229599 -0.213489E-08  0.903E-04    8.09      25.4  T
speedup  1.05
cpu  time for SCC    0.00 s
wall time for SCC    0.00 s
speedup  1.01
cpu  time for grad    0.01 s
wall time for grad    0.01 s
 E :    -40.90919279  G :  0.013791    pred/act E change: -0.203D-02 -0.112D-03
Maxdispl :   0.1034   ||displ|| :   0.1538   Lambda : -0.429D-03
Largest |displ|/coords:  0.1034 (   1)  0.0730 (   9)  0.0514 (  10)
................................................................................
.............................. CYCLE   25 ......................................
................................................................................
   1    -41.1246803 -0.411247E+02  0.946E-02    8.10       0.0  T
   2    -41.1246831 -0.278527E-05  0.709E-02    8.10       1.0  T
   3    -41.1246848 -0.167533E-05  0.123E-02    8.10       1.9  T
   4    -41.1246852 -0.405091E-06  0.502E-03    8.10       4.6  T
   5    -41.1246852 -0.320933E-07  0.121E-03    8.10      18.9  T
   6    -41.1246852 -0.180099E-08  0.700E-04    8.10      32.8  T
speedup  0.81
cpu  time for SCC    0.00 s
wall time for SCC    0.00 s
speedup  0.91
cpu  time for grad    0.01 s
wall time for grad    0.01 s
 E :    -40.90950560  G :  0.008974    pred/act E change: -0.246D-03 -0.313D-03
Maxdispl :   0.2401   ||displ|| :   0.3892   Lambda : -0.761D-03
Largest |displ|/coords:  0.2401 (   1)  0.1460 (   3)  0.1126 (   7)

generating ANC from model Hessian ...
 Shifting diagonal of input Hessian by   5.198316565456804E-003
 Lowest  eigenvalues of input Hessian
    0.005000   -0.000000   -0.000000   -0.000000    0.000000    0.000000
    0.000000    0.005376    0.005646    0.006198    0.006626    0.006859
    0.007962    0.009589    0.010589    0.011628    0.013386    0.014159
 Highest eigenvalues
    1.405283    1.407177    1.431369    2.506192    3.269717    3.847322
 
cpu  time for ANC gen    0.01 s
wall time for ANC gen    0.01 s
................................................................................
.............................. CYCLE   26 ......................................
................................................................................
   1    -41.1228146 -0.411228E+02  0.267E-01    8.10       0.0  T
   2    -41.1228235 -0.882762E-05  0.200E-01    8.10       1.0  T
   3    -41.1228305 -0.702628E-05  0.227E-02    8.11       1.0  T
   4    -41.1228316 -0.111423E-05  0.105E-02    8.11       2.2  T
   5    -41.1228317 -0.804615E-07  0.250E-03    8.11       9.2  T
   6    -41.1228317 -0.456261E-08  0.165E-03    8.11      13.9  T
   7    -41.1228317 -0.249952E-08  0.358E-04    8.11      64.1  T
   8    -41.1228317 -0.381995E-09  0.103E-04    8.11     223.3  T
speedup  0.96
cpu  time for SCC    0.00 s
wall time for SCC    0.01 s
speedup  1.04
cpu  time for grad    0.01 s
wall time for grad    0.01 s
 E :    -40.90994468  G :  0.016114    pred/act E change:  0.000D+00 -0.439D-03
Maxdispl :   0.1332   ||displ|| :   0.2433   Lambda : -0.825D-03
Largest |displ|/coords:  0.1332 (   7)  0.1116 (  10)  0.1078 (   5)
................................................................................
.............................. CYCLE   27 ......................................
................................................................................
   1    -41.1250423 -0.411250E+02  0.197E-01    8.11       0.0  T
   2    -41.1250480 -0.569477E-05  0.149E-01    8.11       1.0  T
   3    -41.1250527 -0.472733E-05  0.179E-02    8.12       1.3  T
   4    -41.1250534 -0.742853E-06  0.582E-03    8.12       3.9  T
   5    -41.1250535 -0.365635E-07  0.195E-03    8.12      11.8  T
   6    -41.1250535 -0.219918E-08  0.108E-03    8.12      21.2  T
speedup  1.05
cpu  time for SCC    0.00 s
wall time for SCC    0.00 s
speedup  1.01
cpu  time for grad    0.01 s
wall time for grad    0.01 s
 E :    -40.91055846  G :  0.007346    pred/act E change:  0.000D+00 -0.614D-03
Maxdispl :   0.2482   ||displ|| :   0.4825   Lambda : -0.100D-02
Largest |displ|/coords:  0.2482 (   5)  0.1876 (   6)  0.1782 (  10)
................................................................................
.............................. CYCLE   28 ......................................
................................................................................
   1    -41.1261760 -0.411262E+02  0.294E-01    8.08       0.0  T
   2    -41.1261915 -0.154398E-04  0.223E-01    8.10       1.0  T
   3    -41.1262052 -0.136937E-04  0.245E-02    8.13       1.0  T
   4    -41.1262072 -0.198875E-05  0.101E-02    8.13       2.3  T
   5    -41.1262073 -0.129016E-06  0.328E-03    8.12       7.0  T
   6    -41.1262073 -0.718897E-08  0.195E-03    8.12      11.7  T
   7    -41.1262073 -0.610316E-08  0.502E-04    8.12      45.7  T
speedup  0.93
cpu  time for SCC    0.00 s
wall time for SCC    0.00 s
speedup  0.96
cpu  time for grad    0.01 s
wall time for grad    0.01 s
 E :    -40.91120318  G :  0.010824    pred/act E change: -0.437D-03 -0.645D-03
Maxdispl :   0.2575   ||displ|| :   0.5439   Lambda : -0.864D-03
Largest |displ|/coords:  0.2575 (   5)  0.2266 (   4)  0.2188 (   6)
................................................................................
.............................. CYCLE   29 ......................................
................................................................................
   1    -41.1217834 -0.411218E+02  0.377E-01    8.00       0.0  T
   2    -41.1218050 -0.216065E-04  0.284E-01    8.01       1.0  T
   3    -41.1218242 -0.192309E-04  0.351E-02    8.04       1.0  T
   4    -41.1218268 -0.258372E-05  0.145E-02    8.04       1.6  T
   5    -41.1218270 -0.180117E-06  0.387E-03    8.03       5.9  T
   6    -41.1218270 -0.113968E-07  0.248E-03    8.03       9.2  T
   7    -41.1218270 -0.846531E-08  0.694E-04    8.03      33.1  T
speedup  1.16
cpu  time for SCC    0.00 s
wall time for SCC    0.00 s
speedup  1.05
cpu  time for grad    0.01 s
wall time for grad    0.01 s
 E :    -40.91180672  G :  0.015806    pred/act E change: -0.616D-03 -0.604D-03
Maxdispl :   0.2276   ||displ|| :   0.4638   Lambda : -0.778D-03
Largest |displ|/coords:  0.2276 (   4)  0.2176 (   6)  0.1916 (   2)
................................................................................
.............................. CYCLE   30 ......................................
................................................................................
   1    -41.1214153 -0.411214E+02  0.245E-01    8.02       0.0  T
   2    -41.1214246 -0.936709E-05  0.184E-01    8.02       1.0  T
   3    -41.1214336 -0.894345E-05  0.260E-02    8.02       1.0  T
   4    -41.1214346 -0.998508E-06  0.101E-02    8.02       2.3  T
   5    -41.1214347 -0.935497E-07  0.275E-03    8.02       8.4  T
   6    -41.1214347 -0.668091E-08  0.178E-03    8.02      12.9  T
speedup  1.05
cpu  time for SCC    0.00 s
wall time for SCC    0.00 s
speedup  1.00
cpu  time for grad    0.01 s
wall time for grad    0.01 s
 E :    -40.91232180  G :  0.016891    pred/act E change: -0.560D-03 -0.515D-03
Maxdispl :   0.2038   ||displ|| :   0.3497   Lambda : -0.804D-03
Largest |displ|/coords:  0.2038 (   2)  0.1350 (   6)  0.1265 (   4)
................................................................................
.............................. CYCLE   31 ......................................
................................................................................
   1    -41.1256348 -0.411256E+02  0.164E-01    8.20       0.0  T
   2    -41.1256399 -0.510113E-05  0.122E-01    8.21       1.0  T
   3    -41.1256445 -0.452984E-05  0.181E-02    8.22       1.3  T
   4    -41.1256450 -0.498715E-06  0.470E-03    8.22       4.9  T
   5    -41.1256450 -0.281762E-07  0.177E-03    8.22      13.0  T
   6    -41.1256450 -0.244061E-08  0.101E-03    8.22      22.7  T
speedup  0.81
cpu  time for SCC    0.00 s
wall time for SCC    0.00 s
speedup  1.01
cpu  time for grad    0.01 s
wall time for grad    0.01 s
 E :    -40.91276157  G :  0.009223    pred/act E change: -0.472D-03 -0.440D-03
Maxdispl :   0.1452   ||displ|| :   0.2708   Lambda : -0.344D-03
Largest |displ|/coords:  0.1452 (   2)  0.1265 (   6)  0.1220 (   1)
................................................................................
.............................. CYCLE   32 ......................................
................................................................................
   1    -41.1252807 -0.411253E+02  0.143E-01    8.29       0.0  T
   2    -41.1252856 -0.481811E-05  0.108E-01    8.28       1.0  T
   3    -41.1252895 -0.393397E-05  0.155E-02    8.28       1.5  T
   4    -41.1252901 -0.635613E-06  0.515E-03    8.28       4.5  T
   5    -41.1252902 -0.382838E-07  0.188E-03    8.28      12.2  T
   6    -41.1252902 -0.249821E-08  0.996E-04    8.28      23.0  T
speedup  0.79
cpu  time for SCC    0.00 s
wall time for SCC    0.00 s
speedup  0.89
cpu  time for grad    0.01 s
wall time for grad    0.01 s
 E :    -40.91290218  G :  0.014244    pred/act E change: -0.451D-03 -0.141D-03
Maxdispl :   0.1003   ||displ|| :   0.1460   Lambda : -0.377D-03
Largest |displ|/coords:  0.1003 (   1)  0.0636 (   5)  0.0327 (  13)
................................................................................
.............................. CYCLE   33 ......................................
................................................................................
   1    -41.1282610 -0.411283E+02  0.128E-01    8.39       0.0  T
   2    -41.1282642 -0.311684E-05  0.964E-02    8.39       1.0  T
   3    -41.1282673 -0.318038E-05  0.135E-02    8.40       1.7  T
   4    -41.1282676 -0.280428E-06  0.321E-03    8.40       7.2  T
   5    -41.1282676 -0.132038E-07  0.160E-03    8.40      14.3  T
   6    -41.1282676 -0.277233E-08  0.809E-04    8.40      28.4  T
speedup  1.05
cpu  time for SCC    0.00 s
wall time for SCC    0.00 s
speedup  1.00
cpu  time for grad    0.01 s
wall time for grad    0.01 s
 E :    -40.91299712  G :  0.011587    pred/act E change: -0.185D-03 -0.949D-04
Maxdispl :   0.0833   ||displ|| :   0.1502   Lambda : -0.280D-03
Largest |displ|/coords:  0.0833 (   4)  0.0643 (   6)  0.0572 (   5)
................................................................................
.............................. CYCLE   34 ......................................
................................................................................
   1    -41.1238213 -0.411238E+02  0.123E-01    8.28       0.0  T
   2    -41.1238251 -0.377720E-05  0.921E-02    8.29       1.0  T
   3    -41.1238282 -0.311144E-05  0.144E-02    8.32       1.6  T
   4    -41.1238287 -0.440916E-06  0.399E-03    8.31       5.8  T
   5    -41.1238287 -0.183772E-07  0.153E-03    8.31      15.0  T
   6    -41.1238287 -0.195858E-08  0.888E-04    8.31      25.8  T
speedup  1.05
cpu  time for SCC    0.00 s
wall time for SCC    0.00 s
speedup  1.00
cpu  time for grad    0.01 s
wall time for grad    0.01 s
 E :    -40.91313484  G :  0.006042    pred/act E change: -0.192D-03 -0.138D-03
Maxdispl :   0.1125   ||displ|| :   0.1781   Lambda : -0.282D-03
Largest |displ|/coords:  0.1125 (   7)  0.0760 (   3)  0.0607 (  11)
................................................................................
.............................. CYCLE   35 ......................................
................................................................................
   1    -41.1254811 -0.411255E+02  0.164E-01    8.35       0.0  T
   2    -41.1254852 -0.409240E-05  0.123E-01    8.35       1.0  T
   3    -41.1254894 -0.417831E-05  0.152E-02    8.35       1.5  T
   4    -41.1254898 -0.426966E-06  0.420E-03    8.35       5.5  T
   5    -41.1254898 -0.168612E-07  0.193E-03    8.35      11.9  T
   6    -41.1254898 -0.379024E-08  0.913E-04    8.35      25.1  T
speedup  1.08
cpu  time for SCC    0.00 s
wall time for SCC    0.00 s
speedup  0.99
cpu  time for grad    0.01 s
wall time for grad    0.01 s
 E :    -40.91319426  G :  0.010409    pred/act E change: -0.143D-03 -0.594D-04
Maxdispl :   0.1122   ||displ|| :   0.1609   Lambda : -0.206D-03
Largest |displ|/coords:  0.1122 (   1)  0.0669 (   6)  0.0625 (   4)
................................................................................
.............................. CYCLE   36 ......................................
................................................................................
   1    -41.1246077 -0.411246E+02  0.965E-02    8.33       0.0  T
   2    -41.1246094 -0.177428E-05  0.729E-02    8.33       1.0  T
   3    -41.1246110 -0.150887E-05  0.856E-03    8.33       2.7  T
   4    -41.1246112 -0.232986E-06  0.200E-03    8.33      11.4  T
   5    -41.1246112 -0.299296E-08  0.105E-03    8.33      21.9  T
speedup  0.97
cpu  time for SCC    0.00 s
wall time for SCC    0.00 s
speedup  1.08
cpu  time for grad    0.01 s
wall time for grad    0.01 s
 E :    -40.91334565  G :  0.005862    pred/act E change: -0.145D-03 -0.151D-03
Maxdispl :   0.2009   ||displ|| :   0.2741   Lambda : -0.205D-03
Largest |displ|/coords:  0.2009 (   1)  0.1025 (   6)  0.0645 (   4)
................................................................................
.............................. CYCLE   37 ......................................
................................................................................
   1    -41.1228345 -0.411228E+02  0.191E-01    8.30       0.0  T
   2    -41.1228392 -0.471654E-05  0.145E-01    8.31       1.0  T
   3    -41.1228437 -0.450306E-05  0.145E-02    8.31       1.6  T
   4    -41.1228442 -0.500725E-06  0.373E-03    8.31       6.2  T
   5    -41.1228442 -0.122551E-07  0.182E-03    8.31      12.6  T
   6    -41.1228442 -0.202565E-08  0.845E-04    8.31      27.2  T
speedup  1.08
cpu  time for SCC    0.00 s
wall time for SCC    0.00 s
speedup  1.01
cpu  time for grad    0.01 s
wall time for grad    0.01 s
 E :    -40.91346946  G :  0.005306    pred/act E change: -0.106D-03 -0.124D-03
Maxdispl :   0.1002   ||displ|| :   0.1782   Lambda : -0.106D-03
Largest |displ|/coords:  0.1002 (   1)  0.0920 (   3)  0.0577 (   4)
................................................................................
.............................. CYCLE   38 ......................................
................................................................................
   1    -41.1217291 -0.411217E+02  0.138E-01    8.35       0.0  T
   2    -41.1217310 -0.192447E-05  0.104E-01    8.36       1.0  T
   3    -41.1217331 -0.208487E-05  0.101E-02    8.37       2.3  T
   4    -41.1217332 -0.167688E-06  0.340E-03    8.36       6.7  T
   5    -41.1217333 -0.125452E-07  0.139E-03    8.36      16.5  T
   6    -41.1217333 -0.115929E-08  0.708E-04    8.36      32.4  T
speedup  1.05
cpu  time for SCC    0.00 s
wall time for SCC    0.00 s
speedup  1.00
cpu  time for grad    0.01 s
wall time for grad    0.01 s
 E :    -40.91350136  G :  0.009592    pred/act E change: -0.110D-03 -0.319D-04
Maxdispl :   0.0680   ||displ|| :   0.1179   Lambda : -0.139D-03
Largest |displ|/coords:  0.0680 (   1)  0.0564 (   3)  0.0421 (   5)
................................................................................
.............................. CYCLE   39 ......................................
................................................................................
   1    -41.1234127 -0.411234E+02  0.723E-02    8.36       0.0  T
   2    -41.1234140 -0.130323E-05  0.544E-02    8.35       1.0  T
   3    -41.1234150 -0.987613E-06  0.797E-03    8.35       2.9  T
   4    -41.1234151 -0.183036E-06  0.240E-03    8.35       9.5  T
   5    -41.1234151 -0.681332E-08  0.863E-04    8.35      26.6  T
speedup  0.97
cpu  time for SCC    0.00 s
wall time for SCC    0.00 s
speedup  1.07
cpu  time for grad    0.01 s
wall time for grad    0.01 s
 E :    -40.91357664  G :  0.006906    pred/act E change: -0.549D-04 -0.753D-04
Maxdispl :   0.0526   ||displ|| :   0.1047   Lambda : -0.111D-03
Largest |displ|/coords:  0.0526 (   1)  0.0443 (  11)  0.0414 (   5)
................................................................................
.............................. CYCLE   40 ......................................
................................................................................
   1    -41.1238200 -0.411238E+02  0.584E-02    8.41       0.0  T
   2    -41.1238211 -0.114672E-05  0.438E-02    8.41       1.0  T
   3    -41.1238219 -0.737118E-06  0.761E-03    8.40       3.0  T
   4    -41.1238220 -0.166222E-06  0.285E-03    8.41       8.0  T
   5    -41.1238220 -0.106195E-07  0.809E-04    8.41      28.4  T
speedup  1.25
cpu  time for SCC    0.00 s
wall time for SCC    0.00 s
speedup  1.06
cpu  time for grad    0.01 s
wall time for grad    0.01 s
 E :    -40.91361262  G :  0.004721    pred/act E change: -0.707D-04 -0.360D-04
Maxdispl :   0.0643   ||displ|| :   0.1074   Lambda : -0.635D-04
Largest |displ|/coords:  0.0643 (   1)  0.0544 (   3)  0.0293 (   4)
................................................................................
.............................. CYCLE   41 ......................................
................................................................................
   1    -41.1234116 -0.411234E+02  0.786E-02    8.40       0.0  T
   2    -41.1234121 -0.526667E-06  0.594E-02    8.40       1.0  T
   3    -41.1234126 -0.516936E-06  0.452E-03    8.40       5.1  T
   4    -41.1234127 -0.543114E-07  0.204E-03    8.40      11.2  T
   5    -41.1234127 -0.271829E-08  0.564E-04    8.40      40.7  T
speedup  0.97
cpu  time for SCC    0.00 s
wall time for SCC    0.00 s
speedup  0.95
cpu  time for grad    0.01 s
wall time for grad    0.01 s
 E :    -40.91365881  G :  0.002744    pred/act E change: -0.561D-04 -0.462D-04
Maxdispl :   0.1078   ||displ|| :   0.1743   Lambda : -0.515D-04
Largest |displ|/coords:  0.1078 (   1)  0.0812 (   3)  0.0559 (   4)
................................................................................
.............................. CYCLE   42 ......................................
................................................................................
   1    -41.1224867 -0.411225E+02  0.123E-01    8.40       0.0  T
   2    -41.1224882 -0.155593E-05  0.933E-02    8.40       1.0  T
   3    -41.1224898 -0.155720E-05  0.818E-03    8.40       2.8  T
   4    -41.1224899 -0.163676E-06  0.364E-03    8.40       6.3  T
   5    -41.1224900 -0.856313E-08  0.100E-03    8.40      22.9  T
   6    -41.1224900 -0.636803E-09  0.575E-04    8.40      39.9  T
   7    -41.1224900 -0.338240E-09  0.155E-04    8.40     148.5  T
speedup  1.11
cpu  time for SCC    0.01 s
wall time for SCC    0.00 s
speedup  1.00
cpu  time for grad    0.01 s
wall time for grad    0.01 s
 E :    -40.91368818  G :  0.004022    pred/act E change: -0.321D-04 -0.294D-04
Maxdispl :   0.0338   ||displ|| :   0.0737   Lambda : -0.394D-04
Largest |displ|/coords:  0.0338 (   2)  0.0318 (   6)  0.0303 (   1)
................................................................................
.............................. CYCLE   43 ......................................
................................................................................
   1    -41.1244257 -0.411244E+02  0.507E-02    8.44       0.0  T
   2    -41.1244263 -0.568526E-06  0.382E-02    8.44       1.0  T
   3    -41.1244267 -0.425350E-06  0.530E-03    8.44       4.3  T
   4    -41.1244268 -0.733133E-07  0.211E-03    8.44      10.9  T
   5    -41.1244268 -0.428066E-08  0.594E-04    8.44      38.7  T
speedup  1.29
cpu  time for SCC    0.00 s
wall time for SCC    0.00 s
speedup  1.08
cpu  time for grad    0.01 s
wall time for grad    0.01 s
 E :    -40.91369272  G :  0.004248    pred/act E change: -0.266D-04 -0.454D-05
Maxdispl :   0.0649   ||displ|| :   0.1001   Lambda : -0.389D-04
Largest |displ|/coords:  0.0649 (   1)  0.0312 (   4)  0.0282 (   6)
................................................................................
.............................. CYCLE   44 ......................................
................................................................................
   1    -41.1232327 -0.411232E+02  0.686E-02    8.43       0.0  T
   2    -41.1232334 -0.649633E-06  0.518E-02    8.43       1.0  T
   3    -41.1232340 -0.648093E-06  0.545E-03    8.43       4.2  T
   4    -41.1232341 -0.650302E-07  0.212E-03    8.43      10.8  T
   5    -41.1232341 -0.327995E-08  0.629E-04    8.43      36.5  T
speedup  0.97
cpu  time for SCC    0.00 s
wall time for SCC    0.00 s
speedup  0.95
cpu  time for grad    0.01 s
wall time for grad    0.01 s
 E :    -40.91371433  G :  0.002556    pred/act E change: -0.198D-04 -0.216D-04
Maxdispl :   0.0141   ||displ|| :   0.0314   Lambda : -0.157D-04
Largest |displ|/coords:  0.0141 (   8)  0.0132 (   6)  0.0120 (   4)
................................................................................
.............................. CYCLE   45 ......................................
................................................................................
   1    -41.1233919 -0.411234E+02  0.328E-02    8.43       0.0  T
   2    -41.1233923 -0.326525E-06  0.247E-02    8.43       1.0  T
   3    -41.1233925 -0.271471E-06  0.399E-03    8.42       5.7  T
   4    -41.1233926 -0.397041E-07  0.150E-03    8.42      15.3  T
   5    -41.1233926 -0.244567E-08  0.441E-04    8.42      52.0  T
   6    -41.1233926 -0.239488E-09  0.235E-04    8.42      97.6  T
speedup  1.08
cpu  time for SCC    0.00 s
wall time for SCC    0.00 s
speedup  1.06
cpu  time for grad    0.01 s
wall time for grad    0.01 s
 E :    -40.91371535  G :  0.002996    pred/act E change: -0.197D-04 -0.102D-05
Maxdispl :   0.0203   ||displ|| :   0.0321   Lambda : -0.164D-04
Largest |displ|/coords:  0.0203 (   1)  0.0148 (   7)  0.0095 (   3)
................................................................................
.............................. CYCLE   46 ......................................
................................................................................
   1    -41.1236767 -0.411237E+02  0.328E-02    8.43       0.0  T
   2    -41.1236769 -0.198849E-06  0.248E-02    8.43       1.0  T
   3    -41.1236771 -0.177249E-06  0.354E-03    8.43       6.5  T
   4    -41.1236771 -0.228938E-07  0.106E-03    8.43      21.6  T
   5    -41.1236771 -0.127167E-08  0.364E-04    8.43      63.1  T
   6    -41.1236771 -0.985452E-10  0.197E-04    8.43     116.4  T
speedup  0.81
cpu  time for SCC    0.00 s
wall time for SCC    0.00 s
speedup  0.97
cpu  time for grad    0.01 s
wall time for grad    0.01 s
 E :    -40.91372462  G :  0.001667    pred/act E change: -0.785D-05 -0.927D-05
Maxdispl :   0.0202   ||displ|| :   0.0420   Lambda : -0.903D-05
Largest |displ|/coords:  0.0202 (   3)  0.0193 (   1)  0.0165 (   7)
................................................................................
.............................. CYCLE   47 ......................................
................................................................................
   1    -41.1238890 -0.411239E+02  0.349E-02    8.44       0.0  T
   2    -41.1238892 -0.180760E-06  0.262E-02    8.44       1.0  T
   3    -41.1238893 -0.122840E-06  0.402E-03    8.44       5.7  T
   4    -41.1238894 -0.258954E-07  0.103E-03    8.44      22.3  T
   5    -41.1238894 -0.119280E-08  0.352E-04    8.44      65.2  T
   6    -41.1238894 -0.109459E-09  0.205E-04    8.44     112.1  T
speedup  1.05
cpu  time for SCC    0.00 s
wall time for SCC    0.00 s
speedup  0.97
cpu  time for grad    0.01 s
wall time for grad    0.01 s
 E :    -40.91372688  G :  0.001915    pred/act E change: -0.820D-05 -0.226D-05
Maxdispl :   0.0103   ||displ|| :   0.0187   Lambda : -0.664D-05
Largest |displ|/coords:  0.0103 (   1)  0.0074 (   7)  0.0071 (   4)
................................................................................
.............................. CYCLE   48 ......................................
................................................................................
   1    -41.1239915 -0.411240E+02  0.173E-02    8.43       0.0  T
   2    -41.1239916 -0.102561E-06  0.127E-02    8.43       1.8  T
   3    -41.1239916 -0.669716E-07  0.254E-03    8.42       9.0  T
   4    -41.1239916 -0.110774E-07  0.627E-04    8.43      36.6  T
   5    -41.1239916 -0.447059E-09  0.209E-04    8.43     110.0  T
speedup  0.94
cpu  time for SCC    0.00 s
wall time for SCC    0.00 s
speedup  1.03
cpu  time for grad    0.01 s
wall time for grad    0.01 s
 E :    -40.91373078  G :  0.001047    pred/act E change: -0.452D-05 -0.391D-05
Maxdispl :   0.0068   ||displ|| :   0.0133   Lambda : -0.270D-05
Largest |displ|/coords:  0.0068 (   3)  0.0063 (   1)  0.0042 (   8)
................................................................................
.............................. CYCLE   49 ......................................
................................................................................
   1    -41.1241199 -0.411241E+02  0.121E-02    8.43       0.0  T
   2    -41.1241200 -0.391699E-07  0.903E-03    8.43       2.5  T
   3    -41.1241200 -0.293409E-07  0.169E-03    8.42      13.5  T
   4    -41.1241200 -0.479174E-08  0.542E-04    8.42      42.3  T
   5    -41.1241200 -0.278831E-09  0.152E-04    8.42     150.5  T
speedup  0.97
cpu  time for SCC    0.00 s
wall time for SCC    0.00 s
speedup  1.03
cpu  time for grad    0.01 s
wall time for grad    0.01 s
 E :    -40.91373222  G :  0.000613    pred/act E change: -0.332D-05 -0.144D-05
Maxdispl :   0.0092   ||displ|| :   0.0146   Lambda : -0.126D-05
Largest |displ|/coords:  0.0092 (   1)  0.0056 (   3)  0.0056 (   4)
................................................................................
.............................. CYCLE   50 ......................................
................................................................................
   1    -41.1241376 -0.411241E+02  0.112E-02    8.42       0.0  T
   2    -41.1241376 -0.500405E-07  0.832E-03    8.42       2.8  T
   3    -41.1241377 -0.274853E-07  0.170E-03    8.42      13.5  T
   4    -41.1241377 -0.665672E-08  0.514E-04    8.42      44.6  T
   5    -41.1241377 -0.318003E-09  0.146E-04    8.42     157.5  T
speedup  0.97
cpu  time for SCC    0.00 s
wall time for SCC    0.00 s
speedup  0.92
cpu  time for grad    0.01 s
wall time for grad    0.01 s
 E :    -40.91373306  G :  0.000462    pred/act E change: -0.135D-05 -0.832D-06
Maxdispl :   0.0061   ||displ|| :   0.0088   Lambda : -0.878D-06
Largest |displ|/coords:  0.0061 (   1)  0.0039 (   5)  0.0020 (   3)
................................................................................
.............................. CYCLE   51 ......................................
................................................................................
   1    -41.1242330 -0.411242E+02  0.704E-03    8.42       0.0  T
   2    -41.1242330 -0.201791E-07  0.531E-03    8.42       4.3  T
   3    -41.1242331 -0.125327E-07  0.964E-04    8.41      23.8  T
   4    -41.1242331 -0.297583E-08  0.383E-04    8.41      59.8  T
speedup  1.15
cpu  time for SCC    0.00 s
wall time for SCC    0.00 s
speedup  1.11
cpu  time for grad    0.01 s
wall time for grad    0.01 s
 E :    -40.91373361  G :  0.000452    pred/act E change: -0.631D-06 -0.553D-06
Maxdispl :   0.0038   ||displ|| :   0.0069   Lambda : -0.445D-06
Largest |displ|/coords:  0.0038 (   1)  0.0030 (   6)  0.0021 (   7)
................................................................................
.............................. CYCLE   52 ......................................
................................................................................
   1    -41.1242356 -0.411242E+02  0.524E-03    8.41       0.0  T
   2    -41.1242356 -0.638261E-08  0.386E-03    8.41       5.9  T
   3    -41.1242356 -0.480206E-08  0.668E-04    8.41      34.3  T
   4    -41.1242356 -0.673076E-09  0.140E-04    8.41     164.4  T
speedup  0.80
cpu  time for SCC    0.00 s
wall time for SCC    0.00 s
speedup  1.00
cpu  time for grad    0.01 s
wall time for grad    0.01 s
 E :    -40.91373392  G :  0.000401    pred/act E change: -0.439D-06 -0.314D-06
Maxdispl :   0.0043   ||displ|| :   0.0072   Lambda : -0.351D-06
Largest |displ|/coords:  0.0043 (   1)  0.0027 (   2)  0.0024 (   6)

generating ANC from model Hessian ...
 Shifting diagonal of input Hessian by   5.101111174284719E-003
 Lowest  eigenvalues of input Hessian
    0.005000   -0.000000   -0.000000   -0.000000    0.000000    0.000000
    0.000000    0.005462    0.005824    0.006271    0.006739    0.008517
    0.009644    0.011650    0.012547    0.014593    0.015265    0.017256
 Highest eigenvalues
    1.387652    1.407177    1.433939    2.591757    3.312329    3.814721
 
cpu  time for ANC gen    0.01 s
wall time for ANC gen    0.01 s
................................................................................
.............................. CYCLE   53 ......................................
................................................................................
   1    -41.1242813 -0.411243E+02  0.494E-03    8.41       0.0  T
   2    -41.1242813 -0.637127E-08  0.359E-03    8.41       6.4  T
   3    -41.1242813 -0.444283E-08  0.720E-04    8.41      31.8  T
   4    -41.1242813 -0.561684E-09  0.215E-04    8.41     106.8  T
speedup  0.80
cpu  time for SCC    0.00 s
wall time for SCC    0.00 s
speedup  0.99
cpu  time for grad    0.01 s
wall time for grad    0.01 s
 E :    -40.91373416  G :  0.000312    pred/act E change:  0.000D+00 -0.238D-06
Maxdispl :   0.0019   ||displ|| :   0.0039   Lambda : -0.259D-06
Largest |displ|/coords:  0.0019 (   2)  0.0017 (   5)  0.0015 (   4)
................................................................................
.............................. CYCLE   54 ......................................
................................................................................
   1    -41.1243070 -0.411243E+02  0.377E-03    8.41       0.0  T
   2    -41.1243070 -0.192059E-08  0.285E-03    8.41       8.0  T
   3    -41.1243070 -0.204952E-08  0.321E-04    8.41      71.6  T
   4    -41.1243070 -0.192870E-09  0.127E-04    8.41     180.8  T
speedup  0.80
cpu  time for SCC    0.00 s
wall time for SCC    0.00 s
speedup  1.00
cpu  time for grad    0.01 s
wall time for grad    0.01 s
 E :    -40.91373433  G :  0.000162    pred/act E change:  0.000D+00 -0.166D-06
Maxdispl :   0.0055   ||displ|| :   0.0067   Lambda : -0.234D-06
Largest |displ|/coords:  0.0055 (   1)  0.0020 (   3)  0.0013 (  10)
................................................................................
.............................. CYCLE   55 ......................................
................................................................................
   1    -41.1243346 -0.411243E+02  0.582E-03    8.41       0.0  T
   2    -41.1243346 -0.367596E-08  0.439E-03    8.41       5.2  T
   3    -41.1243346 -0.363586E-08  0.442E-04    8.41      51.9  T
   4    -41.1243346 -0.396156E-09  0.187E-04    8.41     122.4  T
speedup  0.80
cpu  time for SCC    0.00 s
wall time for SCC    0.00 s
speedup  1.00
cpu  time for grad    0.01 s
wall time for grad    0.01 s
 E :    -40.91373449  G :  0.000140    pred/act E change: -0.130D-06 -0.167D-06
Maxdispl :   0.0075   ||displ|| :   0.0086   Lambda : -0.169D-06
Largest |displ|/coords:  0.0075 (   1)  0.0018 (  10)  0.0017 (   2)
................................................................................
.............................. CYCLE   56 ......................................
................................................................................
   1    -41.1243388 -0.411243E+02  0.684E-03    8.41       0.0  T
   2    -41.1243388 -0.429762E-08  0.516E-03    8.41       4.4  T
   3    -41.1243388 -0.457801E-08  0.473E-04    8.41      48.5  T
   4    -41.1243388 -0.403993E-09  0.192E-04    8.41     119.2  T
speedup  1.15
cpu  time for SCC    0.00 s
wall time for SCC    0.00 s
speedup  0.99
cpu  time for grad    0.01 s
wall time for grad    0.01 s
 E :    -40.91373462  G :  0.000165    pred/act E change: -0.117D-06 -0.124D-06
Maxdispl :   0.0082   ||displ|| :   0.0094   Lambda : -0.125D-06
Largest |displ|/coords:  0.0082 (   1)  0.0023 (   2)  0.0018 (   3)
................................................................................
.............................. CYCLE   57 ......................................
................................................................................
   1    -41.1243306 -0.411243E+02  0.698E-03    8.41       0.0  T
   2    -41.1243306 -0.359021E-08  0.525E-03    8.41       4.4  T
   3    -41.1243306 -0.392605E-08  0.460E-04    8.41      49.9  T
   4    -41.1243306 -0.325159E-09  0.158E-04    8.41     145.0  T
speedup  1.15
cpu  time for SCC    0.00 s
wall time for SCC    0.00 s
speedup  0.99
cpu  time for grad    0.01 s
wall time for grad    0.01 s
 E :    -40.91373470  G :  0.000134    pred/act E change: -0.845D-07 -0.858D-07
Maxdispl :   0.0055   ||displ|| :   0.0062   Lambda : -0.652D-07
Largest |displ|/coords:  0.0055 (   1)  0.0015 (   2)  0.0011 (   4)

   *** GEOMETRY OPTIMIZATION CONVERGED AFTER 57 ITERATIONS ***

------------------------------------------------------------------------
 total energy gain (kcal):     -0.0003
------------------------------------------------------------------------
================
 final structure:
================
$coord
       -2.88038740071332        0.92825271308906       -0.87779217384067      S 
       -1.02662039779450        2.89281872385013       -0.57021260208724      O 
       -2.98198653902087        0.03913159054339       -3.60905913466054      O 
       -2.69000444709116       -1.16002015469673        0.81449327789675      O 
       -5.55118115392969        2.16921522895156       -0.51198420063496      O 
       -5.61570840032653        3.68386740987409       -1.49426735106988      H 
        4.54411481426981       -0.94006961266438        2.95569272229136      O 
        3.04305070331770       -0.15366678870385        3.71445626911563      H 
        5.98146223278322       -0.07940197943598        3.64338765202470      H 
        3.09397382789128       -0.14020584228016       -1.84033560665738      O 
        3.82804315481844       -0.56357077476184       -0.18653027866846      H 
        1.96543087183388        1.26555273489168       -1.54705822058131      H 
        0.22008931362862        1.39835621873400        4.27203412154389      O 
       -0.96382754054052        0.06678545619449        3.87589726121343      H 
        0.07748585566106        2.55268779269754        2.86322613828471      H 
       -0.06057648219377       -3.59093275166226       -3.25372690168406      O 
       -0.59745472511717       -4.27295649744296       -1.65280668097286      H 
       -1.82474686646100       -1.60440202661696       -3.71875919055345      H 
        1.43884314118467       -2.49144142167000       -2.87665510092478      H 
$end
 
 Bond Distances (Angstroems)
 ---------------------------
S1-O2=1.4386         S1-O3=1.5209         S1-O4=1.4259         S1-O5=1.5704         O2-S1=1.4386         O3-S1=1.5209         
O3-H18=1.0653        O4-S1=1.4259         O5-S1=1.5704         O5-H6=0.9559         H6-O5=0.9559         O7-H8=0.9825         
O7-H9=0.9583         H8-O7=0.9825         H9-O7=0.9583         O10-H11=0.9834       O10-H12=0.9665       H11-O10=0.9834       
H12-O10=0.9665       O13-H14=0.9659       O13-H15=0.9668       H14-O13=0.9659       H15-O13=0.9668       O16-H17=0.9637       
O16-H19=1.0039       H17-O16=0.9637       H18-O3=1.0653        H19-O16=1.0039       
 O  H  Rav=0.9812 sigma=0.0312  Rmin=0.9559  Rmax=1.0653    10
 S  O  Rav=1.4890 sigma=0.0595  Rmin=1.4259  Rmax=1.5704     4
 
 selected bond angles (degree)
 --------------------
O3-S1-O2=110.80                O4-S1-O2=116.16                O4-S1-O3=111.07                O5-S1-O2=107.31                
O5-S1-O3=102.40                O5-S1-O4=108.07                H18-O3-S1=106.50               H6-O5-S1=108.41                
H9-O7-H8=106.57                H12-O10-H11=106.05             
 
 selected dihedral angles (degree)
 ---------------------------------
H18-O3-S1-O2= 96.62           H18-O3-S1-O4=325.94           H18-O3-S1-O5=210.79           H6-O5-S1-O2= 47.33            
H6-O5-S1-O3=290.62            H6-O5-S1-O4=173.30            
 
 CMA Distance (Angstroems)
 ---------------------------
R(CMA):  2.8739

========================================================================
 FINAL SINGLEPOINT CALCULATION ON OPTIMIZED GEOMETRY
========================================================================

 Ncao       : 52
 Nao        : 51
 Nshell     : 29
 Nel        : 64
 T(el)      :   300.0
 intcut     :    25.0
 scfconv/Eh :  0.100E-05
   qconv/e  :  0.100E-03
 intneglect :  0.100E-07
 broydamp   :      0.250
 iter      E             dE          RMSdq      gap      omega  full diag
   1    -41.1243306 -0.411243E+02  0.521E-05    8.41       0.0  T
   2    -41.1243306 -0.238742E-11  0.346E-05    8.41     663.6  T
   3    -41.1243306 -0.127187E-11  0.900E-06    8.41    2549.6  T
speedup  1.05
cpu  time for SCC    0.00 s
wall time for SCC    0.00 s

   *** convergence criteria satisfied after 3 iterations ***

          eigenvalues
 #    :          20         21         22         23         24         25         26         27
 occ. :        2.000      2.000      2.000      2.000      2.000      2.000      2.000      2.000
 eps  :       -14.529    -14.352    -14.130    -13.823    -13.784    -13.415    -13.189    -13.130
 #    :          28         29         30         31         32         33         34         35
 occ. :        2.000      2.000      2.000      2.000      2.000      0.000      0.000      0.000
 eps  :       -12.993    -12.844    -12.168    -12.093    -12.021     -3.608     -1.649     -0.918
 #    :          36         37         38         39         40         41         42         43
 occ. :        0.000      0.000      0.000      0.000      0.000      0.000      0.000      0.000
 eps  :         0.176      0.704      1.737      2.939      3.517      4.330      5.072      6.250


   #   Z            q   n(s)   n(p)   n(d)      C6AA      α(0)
   1  16 S      1.728  1.577  1.759  0.937    88.135    15.801
   2   8 O     -0.716  1.766  4.951  0.000    29.161     7.240
   3   8 O     -0.632  1.763  4.869  0.000    25.951     6.876
   4   8 O     -0.681  1.753  4.928  0.000    28.193     7.119
   5   8 O     -0.569  1.741  4.828  0.000    24.427     6.672
   6   1 H      0.364  0.636  0.000  0.000     0.553     1.165
   7   8 O     -0.612  1.749  4.863  0.000    25.465     6.811
   8   1 H      0.326  0.674  0.000  0.000     0.648     1.265
   9   1 H      0.284  0.716  0.000  0.000     0.769     1.378
  10   8 O     -0.629  1.752  4.877  0.000    25.888     6.867
  11   1 H      0.335  0.665  0.000  0.000     0.624     1.241
  12   1 H      0.299  0.701  0.000  0.000     0.723     1.335
  13   8 O     -0.596  1.736  4.860  0.000    25.095     6.761
  14   1 H      0.306  0.694  0.000  0.000     0.704     1.318
  15   1 H      0.303  0.697  0.000  0.000     0.713     1.326
  16   8 O     -0.586  1.754  4.831  0.000    24.808     6.724
  17   1 H      0.317  0.683  0.000  0.000     0.672     1.287
  18   1 H      0.403  0.597  0.000  0.000     0.473     1.077
  19   1 H      0.355  0.645  0.000  0.000     0.576     1.193

 Mol. C6AA /au·bohr⁶  :       3362.482427
 Mol. C8AA /au·bohr⁸  :      75974.232033
 Mol. α(0) /au        :         83.456903

 
 Wiberg/Mayer (AO) data. WBOs > 0.1 written file <wbo>
 largest (>0.05) Wiberg bond orders for each atom
           total WBO             WBO to atom ...
     1  S   4.816    O    4 1.437    O    2 1.360    O    3 1.047    O    5 0.938
     2  O   1.743    S    1 1.360    O    4 0.126    O    3 0.094    O    5 0.085
     3  O   1.954    S    1 1.047    H   18 0.591    O    4 0.099    O    2 0.094    O   16 0.065    O    5 0.055
     4  O   1.775    S    1 1.437    O    2 0.126    O    3 0.099    O    5 0.068
     5  O   2.003    S    1 0.938    H    6 0.850    O    2 0.085    O    4 0.068    O    3 0.055
     6  H   0.868    O    5 0.850
     7  O   1.868    H    9 0.916    H    8 0.829    H   11 0.063
     8  H   0.894    O    7 0.829    O   13 0.063
     9  H   0.919    O    7 0.916
    10  O   1.892    H   12 0.879    H   11 0.822    H   19 0.099
    11  H   0.888    O   10 0.822    O    7 0.063
    12  H   0.910    O   10 0.879
    13  O   1.886    H   14 0.885    H   15 0.882    H    8 0.063
    14  H   0.907    O   13 0.885
    15  H   0.908    O   13 0.882
    16  O   2.015    H   17 0.893    H   19 0.773    H   18 0.228    O    3 0.065
    17  H   0.899    O   16 0.893
    18  H   0.838    O    3 0.591    O   16 0.228
    19  H   0.874    O   16 0.773    O   10 0.099
 MOs/occ written to file <molden.input>
 
molecular dipole:
                 x           y           z       tot (Debye)
 q only:       -0.348       0.358      -0.197
   full:       -0.672       0.801      -0.059       2.662
molecular quadrupole (traceless):
                xx          xy          yy          xz          yz          zz
 q only:        3.458      -3.227       2.162       5.998      -1.601      -5.620
  q+dip:        5.617      -3.294       3.064       8.320      -3.918      -8.681
   full:        5.740      -3.609       3.019       8.396      -3.841      -8.759

SCC energy    :     -41.1243306
rep           :       0.2105071
ES            :       0.1861323
AES           :      -0.0406916
AXC           :      -0.0098759
disp          :      -0.0132858
XB            :       0.0000000
fix           :       0.0000000
total E       :     -40.9137347
atomizationE  :       3.7079219     2326.76
(atE without considering molecular charge,
 total energy contains solvation terms)
H-L gap (eV)  :          8.4137
optimized geometry written to: xtbopt.xyz


------------------------------------------------------------------------
 * finished run on 2019/09/03 at 08:28:15.333     
------------------------------------------------------------------------
 total:
 * wall-time:     0 d,  0 h,  0 min,  0.955 sec
 *  cpu-time:     0 d,  0 h,  0 min,  0.942 sec
 * ratio c/w:     0.986 speedup
 SCF:
 * wall-time:     0 d,  0 h,  0 min,  0.094 sec
 *  cpu-time:     0 d,  0 h,  0 min,  0.091 sec
 * ratio c/w:     0.963 speedup
 ANC optimizer:
 * wall-time:     0 d,  0 h,  0 min,  0.838 sec
 *  cpu-time:     0 d,  0 h,  0 min,  0.830 sec
 * ratio c/w:     0.991 speedup

