      -----------------------------------------------------------      
     |                   =====================                   |     
     |                           x T B                           |     
     |                   =====================                   |     
     |                         S. Grimme                         |     
     |          Mulliken Center for Theoretical Chemistry        |     
     |                    University of Bonn                     |     
     |                 Version 6.0.1 (SAW181210)                 |     
      -----------------------------------------------------------      

   This program is distributed in the hope that it will be useful,
   but WITHOUT ANY WARRANTY; without even the implied warranty of
   MERCHANTABILITY or FITNESS FOR A PARTICULAR PURPOSE.
   
   FOR NON-COMMERCIAL, ACADEMIA USE ONLY.
   
   Cite this work as:
   S. Grimme, C. Bannwarth, P. Shushkov, J. Comput. Theory Chem., 2017,
   13, 1989-2009.
   C. Bannwarth, S. Ehlert and S. Grimme., ChemRxiv, 2018, preprint.
   http://doi.org/10.26434/chemrxiv.7246238.v1
   
   for sTDA-xTB:
   S. Grimme and C. Bannwarth, J. Chem. Phys., 2016, 145, 054103.
   
   in the mass-spec context:
   V. Asgeirsson, C. Bauer and S. Grimme, Chem. Sci., 2017, 8, 4879.
   
   if GBSA is used:
   P. Shushkov, F. März and S. Grimme, unpublished.
   
   for ANC optimizer:
   S. Grimme, unpublished.
   Rational Function algorithm used in ANCopt:
   F. Eckert, P. Pulay, H.-J. Werner, J. Comput. Chem., 1997, 18, 1473.
   
   with help from (in alphabetical order)
   C. Bannwarth, F. Bohle, G. Brandenburg, E. Caldeweyher, M. Checinski,
   S. Dohm, S. Ehlert, S. Ehrlich, F. März, H. Neugebauer, J. Pisarek,
   P. Pracht, P. Shushkov, and S. Spicher.
   
 * started run on 2019/09/03 at 09:30:51.736     
========================================================================
 # omp threads = 1
========================================================================
number of atoms            : 19
number of electrons        : 64
charge                     : 0
spin                       : .0
first test random number   : .6335

########################################################################
# WARNING! Please study the warnings concerning your input carefully
#  - XTBPATH is not set, using XTBHOME instead
#  - the use of '-opt' is discouraged, please use '--opt' next time
#  - the use of '-chrg' is discouraged, please use '--chrg' next time
#  - the use of '-uhf' is discouraged, please use '--uhf' next time
########################################################################

           ------------------------------------------------- 
          |                 G F N 2 - x T B                 |
          | Geometry, Frequencies, Noncovalent interactions |
          |            JCTC 2018 parametrisation            |
           ------------------------------------------------- 
      method parameters     
 k(s)        :  1.8500
 k(p)        :  2.2300
 k(d)        :  2.2300
 k(f)        :  2.0000
 kEN (H0ij)  : -2.0000
 D4 a1       :  0.5200
 D4 a2       :  5.0000
 D4 s6       :  1.0000
 D4 s8       :  2.7000
 D4 s9       :  5.0000
 alphaj      :  2.0000


            Z     q(EN)     CN     RAES       Cart. coordinates
     1  S   6.0    0.64    4.32    4.27     1.24474    -1.56706    -3.59079
     2  O   6.0   -0.29    1.12    1.80     0.26191     1.05095    -3.91968
     3  O   6.0   -0.30    1.20    1.80     3.92812    -1.46277    -2.74421
     4  O   6.0   -0.29    1.18    1.80    -0.29777    -2.91268    -1.65737
     5  O   6.0   -0.24    2.08    1.84     1.08886    -2.92490    -6.00833
     6  H   1.0    0.15    1.21    1.47     2.08246    -2.05855    -7.25463
     7  O   6.0   -0.29    2.02    1.83    -3.75812    -2.59562     4.83338
     8  H   1.0    0.15    0.97    1.43    -4.71092    -3.25829     3.43065
     9  H   1.0    0.15    0.97    1.43    -4.98191    -2.29456     6.14728
    10  O   6.0   -0.26    1.93    1.82    -1.50687     5.27124     0.52988
    11  H   1.0    0.15    0.97    1.43    -2.68030     3.89299     0.72512
    12  H   1.0    0.15    0.97    1.43    -1.74950     5.87281    -1.17125
    13  O   6.0   -0.28    2.08    1.84     0.46370    -1.05429     3.05817
    14  H   1.0    0.17    1.05    1.44    -0.93154    -1.27445     4.20684
    15  H   1.0    0.18    1.03    1.43     0.05679    -2.07348     1.60549
    16  O   6.0   -0.21    2.92    2.58     3.15309     2.09356     0.61068
    17  H   1.0    0.15    1.07    1.44     4.05060     0.91519    -0.52763
    18  H   1.0    0.14    0.98    1.43     1.94339     3.17587    -0.31411
    19  H   1.0    0.15    1.05    1.44     2.34327     1.20404     2.04053

  Z AO/shell   Hii/eV     exponent
  1     Wed Apr 25 08:07:45 CEST 2018   EN: 2.200 GM2: 0.406  GM3: 0.0800  RAES: 1.40
     1s    -10.707211    1.230000
  8     Wed Apr 25 08:07:45 CEST 2018   EN: 3.440 GM2: 0.452  GM3:-0.0517  RAES: 1.80
     2s    -20.229985    2.439742
     2p    -15.503117    2.137023
 16     Tue Apr 24 11:44:34 CEST 2018   EN: 2.580 GM2: 0.340  GM3:-0.0502  RAES: 3.10
     3s    -20.029654    1.981333
     3p    -11.377694    2.025643
     3d     -0.420282    1.702555
 no old-style atom pair restraining (fixing) potential

molecular fragmentation (1/2 indicates fragments):
1111112222222222222
# atoms in fragment 1/2:     6    13
 fragment masses (1/2) :       97.07       73.07
CMA distance (Bohr)    :   6.551
constraining FC (au)   :  0.0500
           ------------------------------------------------- 
          |        Self-Consistent Charge Iterations        |
           ------------------------------------------------- 

 Ncao       : 52
 Nao        : 51
 Nshell     : 29
 Nel        : 64
 T(el)      :   300.0
 intcut     :    25.0
 scfconv/Eh :  0.100E-05
   qconv/e  :  0.100E-03
 intneglect :  0.100E-07
 broydamp   :      0.250
 iter      E             dE          RMSdq      gap      omega  full diag
   1    -40.9906136 -0.409906E+02  0.770E+00   10.66       0.0  T
   2    -41.0332021 -0.425886E-01  0.557E+00   10.13       1.0  T
   3    -41.0650166 -0.318144E-01  0.150E+00    8.86       1.0  T
   4    -41.0694622 -0.444567E-02  0.612E-01    8.89       1.0  T
   5    -41.0700453 -0.583103E-03  0.342E-01    8.81       1.0  T
   6    -41.0704090 -0.363639E-03  0.144E-01    8.82       1.0  T
   7    -41.0704887 -0.797268E-04  0.547E-02    8.86       1.0  T
   8    -41.0705001 -0.114465E-04  0.300E-02    8.86       1.0  T
   9    -41.0705039 -0.378319E-05  0.123E-02    8.86       1.9  T
  10    -41.0705046 -0.691767E-06  0.264E-03    8.85       8.7  T
  11    -41.0705046 -0.176338E-07  0.104E-03    8.85      22.0  T
  12    -41.0705046 -0.398172E-08  0.451E-04    8.85      50.9  T
  13    -41.0705046 -0.751918E-09  0.107E-04    8.85     214.9  T
speedup  0.96
cpu  time for SCC    0.01 s
wall time for SCC    0.01 s

   *** convergence criteria satisfied after 13 iterations ***

          eigenvalues
 #    :          20         21         22         23         24         25         26         27
 occ. :        2.000      2.000      2.000      2.000      2.000      2.000      2.000      2.000
 eps  :       -14.237    -13.314    -12.755    -12.658    -12.560    -12.437    -11.594    -11.516
 #    :          28         29         30         31         32         33         34         35
 occ. :        2.000      2.000      2.000      2.000      2.000      0.000      0.000      0.000
 eps  :       -11.220    -11.182    -10.679    -10.620    -10.369     -1.516     -0.636      0.296
 #    :          36         37         38         39         40         41         42         43
 occ. :        0.000      0.000      0.000      0.000      0.000      0.000      0.000      0.000
 eps  :         0.982      1.505      1.881      2.281      4.123      4.727      5.979      6.277


   #   Z            q   n(s)   n(p)   n(d)      C6AA      α(0)
   1  16 S      1.541  1.589  1.874  0.995    92.462    16.184
   2   8 O     -0.768  1.775  4.993  0.000    30.635     7.421
   3   8 O     -0.764  1.777  4.987  0.000    30.513     7.406
   4   8 O     -0.726  1.772  4.954  0.000    29.430     7.274
   5   8 O     -0.534  1.715  4.818  0.000    23.621     6.561
   6   1 H      0.355  0.645  0.000  0.000     0.568     1.179
   7   8 O     -0.565  1.735  4.829  0.000    24.362     6.662
   8   1 H      0.305  0.695  0.000  0.000     0.706     1.320
   9   1 H      0.289  0.711  0.000  0.000     0.756     1.365
  10   8 O     -0.578  1.738  4.840  0.000    24.665     6.703
  11   1 H      0.298  0.702  0.000  0.000     0.726     1.338
  12   1 H      0.295  0.705  0.000  0.000     0.738     1.349
  13   8 O     -0.650  1.733  4.918  0.000    26.426     6.938
  14   1 H      0.326  0.674  0.000  0.000     0.646     1.263
  15   1 H      0.328  0.672  0.000  0.000     0.642     1.259
  16   8 O     -0.401  1.633  4.768  0.000    20.809     6.161
  17   1 H      0.413  0.587  0.000  0.000     0.461     1.066
  18   1 H      0.410  0.590  0.000  0.000     0.467     1.074
  19   1 H      0.425  0.575  0.000  0.000     0.442     1.044

 Mol. C6AA /au·bohr⁶  :       3373.139190
 Mol. C8AA /au·bohr⁸  :      76629.982770
 Mol. α(0) /au        :         83.566305

 
 Wiberg/Mayer (AO) data. WBOs > 0.1 written file <wbo>
 largest (>0.05) Wiberg bond orders for each atom
           total WBO             WBO to atom ...
     1  S   4.965    O    4 1.347    O    2 1.322    O    3 1.271    O    5 1.002
     2  O   1.645    S    1 1.322    O    4 0.118    O    3 0.115    O    5 0.076
     3  O   1.686    S    1 1.271    O    2 0.115    O    4 0.113    H   17 0.083    O    5 0.070
     4  O   1.706    S    1 1.347    O    2 0.118    O    3 0.113    O    5 0.055
     5  O   2.055    S    1 1.002    H    6 0.849    O    2 0.076    O    3 0.070    O    4 0.055
     6  H   0.873    O    5 0.849
     7  O   1.875    H    9 0.909    H    8 0.903
     8  H   0.907    O    7 0.903
     9  H   0.916    O    7 0.909
    10  O   1.854    H   12 0.912    H   11 0.910
    11  H   0.911    O   10 0.910
    12  H   0.913    O   10 0.912
    13  O   1.856    H   15 0.845    H   14 0.838    H   19 0.091
    14  H   0.893    O   13 0.838
    15  H   0.892    O   13 0.845
    16  O   2.344    H   18 0.799    H   17 0.738    H   19 0.723
    17  H   0.829    O   16 0.738    O    3 0.083
    18  H   0.832    O   16 0.799
    19  H   0.820    O   16 0.723    O   13 0.091
 MOs/occ written to file <molden.input>
 
molecular dipole:
                 x           y           z       tot (Debye)
 q only:       -0.491       1.435       1.248
   full:       -1.158       0.855       0.395       3.795
molecular quadrupole (traceless):
                xx          xy          yy          xz          yz          zz
 q only:        5.910       7.385      -8.629      -7.764      -4.235       2.720
  q+dip:        5.887       6.332     -12.006     -12.766      -4.575       6.119
   full:        5.631       6.673     -12.476     -12.995      -4.326       6.846

SCC energy    :     -41.0705046
rep           :       0.2163271
ES            :       0.2459715
AES           :      -0.0466723
AXC           :      -0.0108083
disp          :      -0.0115172
XB            :       0.0000000
fix           :       0.0000000
total E       :     -40.8540792
atomizationE  :       3.6482664     2289.32
(atE without considering molecular charge,
 total energy contains solvation terms)
H-L gap (eV)  :          8.8530
           ------------------------------------------------- 
          |                 ===============                 |
          |                   A N C O P T                   |
          |                 ===============                 |
          |          Approximate Normal Coordinate          |
          |           Rational Function Optimizer           |
           ------------------------------------------------- 
dumping coords to <xtbopt.coord> and <xtbopt.log>
 optlevel               2
 Maxcycle             380
 Maxmicro              25
 Econv         1.000000000000000E-007
 Gconv         2.000000000000000E-004
 Maxdispl       1.00000000000000     
 Hlow          5.000000000000000E-003
 S6             20.0000000000000     
 Nvar               51

generating ANC from model Hessian ...
 Shifting diagonal of input Hessian by   5.179423507329257E-003
 Lowest  eigenvalues of input Hessian
    0.005000    0.005132   -0.000000   -0.000000   -0.000000    0.000000
    0.000000    0.000000    0.005231    0.005375    0.005566    0.005678
    0.005718    0.006410    0.006740    0.006951    0.007601    0.008170
 Highest eigenvalues
    1.452177    1.545354    1.555557    3.132819    3.204749    3.308573
 
cpu  time for ANC gen    0.00 s
wall time for ANC gen    0.00 s
................................................................................
.............................. CYCLE    1 ......................................
................................................................................
   1    -41.0705046 -0.410705E+02  0.828E-05    8.85       0.0  T
   2    -41.0705046 -0.972733E-11  0.643E-05    8.85     356.5  T
   3    -41.0705046 -0.115747E-10  0.286E-05    8.85     801.7  T
speedup  1.00
cpu  time for SCC    0.00 s
wall time for SCC    0.00 s
speedup  1.11
cpu  time for grad    0.01 s
wall time for grad    0.01 s
 E :    -40.85407920  G :  0.163531    pred/act E change:  0.000D+00  0.324D-07
Maxdispl :   0.2618   ||displ|| :   0.4815   Lambda : -0.243D-01
Largest |displ|/coords:  0.2618 (  22)  0.1574 (   5)  0.1371 (  20)
................................................................................
.............................. CYCLE    2 ......................................
................................................................................
   1    -41.0842571 -0.410843E+02  0.451E-01    9.09       0.0  T
   2    -41.0844181 -0.160966E-03  0.344E-01    9.12       1.0  T
   3    -41.0844866 -0.684934E-04  0.106E-01    9.18       1.0  T
   4    -41.0845054 -0.188451E-04  0.257E-02    9.18       1.0  T
   5    -41.0845067 -0.126288E-05  0.737E-03    9.17       3.1  T
   6    -41.0845068 -0.590490E-07  0.423E-03    9.17       5.4  T
   7    -41.0845068 -0.438538E-07  0.177E-03    9.17      13.0  T
speedup  1.16
cpu  time for SCC    0.00 s
wall time for SCC    0.00 s
speedup  0.98
cpu  time for grad    0.01 s
wall time for grad    0.01 s
 E :    -40.87462264  G :  0.109837    pred/act E change:  0.000D+00 -0.205D-01
Maxdispl :   0.2965   ||displ|| :   0.4844   Lambda : -0.155D-01
Largest |displ|/coords:  0.2965 (  22)  0.1808 (   5)  0.1293 (   2)
................................................................................
.............................. CYCLE    3 ......................................
................................................................................
   1    -41.0915181 -0.410915E+02  0.352E-01    9.25       0.0  T
   2    -41.0917707 -0.252573E-03  0.266E-01    9.27       1.0  T
   3    -41.0918812 -0.110501E-03  0.115E-01    9.31       1.0  T
   4    -41.0918938 -0.126123E-04  0.305E-02    9.31       1.0  T
   5    -41.0918950 -0.121041E-05  0.898E-03    9.31       2.6  T
   6    -41.0918952 -0.110111E-06  0.471E-03    9.31       4.9  T
   7    -41.0918952 -0.600208E-07  0.207E-03    9.31      11.1  T
speedup  0.93
cpu  time for SCC    0.00 s
wall time for SCC    0.00 s
speedup  0.98
cpu  time for grad    0.01 s
wall time for grad    0.01 s
 E :    -40.88652357  G :  0.069004    pred/act E change: -0.150D-01 -0.119D-01
Maxdispl :   0.2487   ||displ|| :   0.4945   Lambda : -0.671D-02
Largest |displ|/coords:  0.2487 (   5)  0.2134 (   4)  0.1565 (   2)
................................................................................
.............................. CYCLE    4 ......................................
................................................................................
   1    -41.0952806 -0.410953E+02  0.304E-01    9.30       0.0  T
   2    -41.0954298 -0.149186E-03  0.229E-01    9.32       1.0  T
   3    -41.0954909 -0.611315E-04  0.856E-02    9.36       1.0  T
   4    -41.0955022 -0.112721E-04  0.206E-02    9.35       1.1  T
   5    -41.0955029 -0.683531E-06  0.590E-03    9.35       3.9  T
   6    -41.0955029 -0.399579E-07  0.315E-03    9.35       7.3  T
speedup  1.08
cpu  time for SCC    0.00 s
wall time for SCC    0.00 s
speedup  1.03
cpu  time for grad    0.01 s
wall time for grad    0.01 s
 E :    -40.89174763  G :  0.044075    pred/act E change: -0.955D-02 -0.522D-02
Maxdispl :   0.3433   ||displ|| :   0.6474   Lambda : -0.586D-02
Largest |displ|/coords:  0.3433 (   4)  0.3171 (   5)  0.1864 (   2)
................................................................................
.............................. CYCLE    5 ......................................
................................................................................
   1    -41.0978513 -0.410979E+02  0.333E-01    9.21       0.0  T
   2    -41.0980114 -0.160052E-03  0.250E-01    9.25       1.0  T
   3    -41.0980711 -0.596654E-04  0.938E-02    9.31       1.0  T
   4    -41.0980816 -0.105937E-04  0.242E-02    9.30       1.0  T
   5    -41.0980826 -0.960074E-06  0.592E-03    9.30       3.9  T
   6    -41.0980826 -0.305813E-07  0.272E-03    9.30       8.4  T
speedup  0.83
cpu  time for SCC    0.00 s
wall time for SCC    0.00 s
speedup  0.93
cpu  time for grad    0.01 s
wall time for grad    0.01 s
 E :    -40.89574125  G :  0.019679    pred/act E change: -0.417D-02 -0.399D-02
Maxdispl :   0.4386   ||displ|| :   0.7395   Lambda : -0.537D-02
Largest |displ|/coords:  0.4386 (   4)  0.3271 (  11)  0.2783 (  10)
................................................................................
.............................. CYCLE    6 ......................................
................................................................................
   1    -41.0890897 -0.410891E+02  0.101E+00    9.07       0.0  T
   2    -41.0892480 -0.158365E-03  0.775E-01    9.09       1.0  T
   3    -41.0893889 -0.140866E-03  0.704E-02    9.16       1.0  T
   4    -41.0894094 -0.205390E-04  0.343E-02    9.14       1.0  T
   5    -41.0894105 -0.102648E-05  0.849E-03    9.14       2.7  T
   6    -41.0894105 -0.178697E-07  0.425E-03    9.14       5.4  T
   7    -41.0894105 -0.185049E-07  0.122E-03    9.13      18.8  T
   8    -41.0894105 -0.240622E-08  0.417E-04    9.13      55.0  T
speedup  1.02
cpu  time for SCC    0.00 s
wall time for SCC    0.00 s
speedup  1.02
cpu  time for grad    0.01 s
wall time for grad    0.01 s
 E :    -40.89634165  G :  0.047120    pred/act E change: -0.416D-02 -0.600D-03
Maxdispl :   0.1512   ||displ|| :   0.3350   Lambda : -0.583D-02
Largest |displ|/coords:  0.1512 (   7)  0.1097 (   4)  0.1087 (   2)
................................................................................
.............................. CYCLE    7 ......................................
................................................................................
   1    -41.1029255 -0.411029E+02  0.511E-01    9.09       0.0  T
   2    -41.1030093 -0.838614E-04  0.386E-01    9.10       1.0  T
   3    -41.1030575 -0.482069E-04  0.583E-02    9.10       1.0  T
   4    -41.1030721 -0.145639E-04  0.137E-02    9.09       1.7  T
   5    -41.1030723 -0.223886E-06  0.554E-03    9.09       4.1  T
   6    -41.1030723 -0.914881E-08  0.255E-03    9.09       9.0  T
speedup  0.83
cpu  time for SCC    0.00 s
wall time for SCC    0.00 s
speedup  0.93
cpu  time for grad    0.01 s
wall time for grad    0.01 s
 E :    -40.89883937  G :  0.027184    pred/act E change: -0.416D-02 -0.250D-02
Maxdispl :   0.2357   ||displ|| :   0.4360   Lambda : -0.226D-02
Largest |displ|/coords:  0.2357 (   5)  0.1790 (  10)  0.1648 (   2)
................................................................................
.............................. CYCLE    8 ......................................
................................................................................
   1    -41.0966798 -0.410967E+02  0.302E-01    9.11       0.0  T
   2    -41.0967330 -0.531729E-04  0.225E-01    9.11       1.0  T
   3    -41.0967573 -0.242877E-04  0.485E-02    9.10       1.0  T
   4    -41.0967648 -0.754073E-05  0.104E-02    9.10       2.2  T
   5    -41.0967650 -0.186801E-06  0.451E-03    9.10       5.1  T
   6    -41.0967650 -0.941484E-08  0.227E-03    9.10      10.1  T
speedup  1.11
cpu  time for SCC    0.00 s
wall time for SCC    0.00 s
speedup  1.05
cpu  time for grad    0.01 s
wall time for grad    0.01 s
 E :    -40.89975826  G :  0.026398    pred/act E change: -0.324D-02 -0.919D-03
Maxdispl :   0.1944   ||displ|| :   0.4089   Lambda : -0.260D-02
Largest |displ|/coords:  0.1944 (  10)  0.1855 (   4)  0.1823 (   1)
................................................................................
.............................. CYCLE    9 ......................................
................................................................................
   1    -41.0992897 -0.410993E+02  0.446E-01    9.16       0.0  T
   2    -41.0993595 -0.698564E-04  0.337E-01    9.15       1.0  T
   3    -41.0994067 -0.472280E-04  0.554E-02    9.14       1.0  T
   4    -41.0994170 -0.102712E-04  0.167E-02    9.15       1.4  T
   5    -41.0994174 -0.431786E-06  0.578E-03    9.15       4.0  T
   6    -41.0994175 -0.901522E-08  0.320E-03    9.15       7.2  T
speedup  1.08
cpu  time for SCC    0.00 s
wall time for SCC    0.00 s
speedup  1.03
cpu  time for grad    0.01 s
wall time for grad    0.01 s
 E :    -40.89950821  G :  0.051804    pred/act E change: -0.134D-02  0.250D-03
Maxdispl :   0.1671   ||displ|| :   0.4159   Lambda : -0.729D-02
Largest |displ|/coords:  0.1671 (  15)  0.1646 (  10)  0.1561 (  14)
................................................................................
.............................. CYCLE   10 ......................................
................................................................................
   1    -41.0957764 -0.410958E+02  0.702E-01    9.16       0.0  T
   2    -41.0960054 -0.229023E-03  0.524E-01    9.17       1.0  T
   3    -41.0961296 -0.124145E-03  0.108E-01    9.17       1.0  T
   4    -41.0961598 -0.302286E-04  0.260E-02    9.16       1.0  T
   5    -41.0961613 -0.148800E-05  0.894E-03    9.17       2.6  T
   6    -41.0961613 -0.475060E-07  0.561E-03    9.17       4.1  T
   7    -41.0961614 -0.260651E-07  0.956E-04    9.17      24.0  T
speedup  0.95
cpu  time for SCC    0.00 s
wall time for SCC    0.00 s
speedup  0.97
cpu  time for grad    0.01 s
wall time for grad    0.01 s
 E :    -40.89871642  G :  0.059570    pred/act E change: -0.152D-02  0.792D-03
Maxdispl :   0.1857   ||displ|| :   0.4511   Lambda : -0.115D-01
Largest |displ|/coords:  0.1857 (  15)  0.1793 (   6)  0.1590 (   1)
................................................................................
.............................. CYCLE   11 ......................................
................................................................................
   1    -41.1039932 -0.411040E+02  0.819E-01    9.25       0.0  T
   2    -41.1042789 -0.285662E-03  0.616E-01    9.24       1.0  T
   3    -41.1044407 -0.161803E-03  0.116E-01    9.22       1.0  T
   4    -41.1044816 -0.408558E-04  0.275E-02    9.24       1.0  T
   5    -41.1044832 -0.167425E-05  0.102E-02    9.23       2.3  T
   6    -41.1044833 -0.252421E-07  0.548E-03    9.23       4.2  T
   7    -41.1044833 -0.254296E-07  0.719E-04    9.23      31.9  T
speedup  0.93
cpu  time for SCC    0.00 s
wall time for SCC    0.00 s
speedup  0.97
cpu  time for grad    0.01 s
wall time for grad    0.01 s
 E :    -40.89978246  G :  0.047791    pred/act E change: -0.427D-02 -0.107D-02
Maxdispl :   0.1248   ||displ|| :   0.2575   Lambda : -0.352D-02
Largest |displ|/coords:  0.1248 (  19)  0.1214 (  20)  0.0969 (   1)
................................................................................
.............................. CYCLE   12 ......................................
................................................................................
   1    -41.1052659 -0.411053E+02  0.342E-01    9.24       0.0  T
   2    -41.1053127 -0.467975E-04  0.256E-01    9.24       1.0  T
   3    -41.1053413 -0.286073E-04  0.460E-02    9.24       1.0  T
   4    -41.1053479 -0.656232E-05  0.964E-03    9.24       2.4  T
   5    -41.1053481 -0.190254E-06  0.427E-03    9.24       5.4  T
   6    -41.1053481 -0.616795E-08  0.234E-03    9.24       9.8  T
speedup  1.08
cpu  time for SCC    0.00 s
wall time for SCC    0.00 s
speedup  1.03
cpu  time for grad    0.01 s
wall time for grad    0.01 s
 E :    -40.90120873  G :  0.025956    pred/act E change: -0.694D-02 -0.143D-02
Maxdispl :   0.1263   ||displ|| :   0.2862   Lambda : -0.203D-02
Largest |displ|/coords:  0.1263 (  18)  0.1182 (   4)  0.0958 (  14)
................................................................................
.............................. CYCLE   13 ......................................
................................................................................
   1    -41.1007482 -0.411007E+02  0.309E-01    9.23       0.0  T
   2    -41.1007918 -0.436623E-04  0.229E-01    9.24       1.0  T
   3    -41.1008156 -0.237607E-04  0.470E-02    9.24       1.0  T
   4    -41.1008210 -0.538823E-05  0.100E-02    9.24       2.3  T
   5    -41.1008212 -0.238956E-06  0.373E-03    9.24       6.1  T
   6    -41.1008212 -0.612401E-08  0.227E-03    9.24      10.1  T
speedup  1.08
cpu  time for SCC    0.00 s
wall time for SCC    0.00 s
speedup  1.03
cpu  time for grad    0.01 s
wall time for grad    0.01 s
 E :    -40.90186778  G :  0.024424    pred/act E change: -0.188D-02 -0.659D-03
Maxdispl :   0.1297   ||displ|| :   0.2331   Lambda : -0.121D-02
Largest |displ|/coords:  0.1297 (   5)  0.0902 (  13)  0.0867 (  11)
................................................................................
.............................. CYCLE   14 ......................................
................................................................................
   1    -41.1005614 -0.411006E+02  0.188E-01    9.23       0.0  T
   2    -41.1005740 -0.125886E-04  0.141E-01    9.23       1.0  T
   3    -41.1005824 -0.836880E-05  0.234E-02    9.24       1.0  T
   4    -41.1005843 -0.198525E-05  0.581E-03    9.24       3.9  T
   5    -41.1005844 -0.247009E-07  0.288E-03    9.23       8.0  T
speedup  0.97
cpu  time for SCC    0.00 s
wall time for SCC    0.00 s
speedup  0.99
cpu  time for grad    0.01 s
wall time for grad    0.01 s
 E :    -40.90268252  G :  0.021058    pred/act E change: -0.110D-02 -0.815D-03
Maxdispl :   0.2217   ||displ|| :   0.3982   Lambda : -0.163D-02
Largest |displ|/coords:  0.2217 (   1)  0.1144 (   5)  0.1141 (  10)
................................................................................
.............................. CYCLE   15 ......................................
................................................................................
   1    -41.1056484 -0.411056E+02  0.288E-01    9.23       0.0  T
   2    -41.1056603 -0.119329E-04  0.213E-01    9.24       1.0  T
   3    -41.1056735 -0.132525E-04  0.340E-02    9.24       1.0  T
   4    -41.1056743 -0.745114E-06  0.697E-03    9.24       3.3  T
   5    -41.1056743 -0.608992E-07  0.321E-03    9.24       7.1  T
   6    -41.1056744 -0.823875E-08  0.176E-03    9.24      13.0  T
speedup  1.11
cpu  time for SCC    0.00 s
wall time for SCC    0.00 s
speedup  1.03
cpu  time for grad    0.01 s
wall time for grad    0.01 s
 E :    -40.90350227  G :  0.024710    pred/act E change: -0.638D-03 -0.820D-03
Maxdispl :   0.2730   ||displ|| :   0.5177   Lambda : -0.152D-02
Largest |displ|/coords:  0.2730 (   5)  0.2252 (   1)  0.1962 (   9)
................................................................................
.............................. CYCLE   16 ......................................
................................................................................
   1    -41.1002535 -0.411003E+02  0.347E-01    9.20       0.0  T
   2    -41.1002828 -0.293463E-04  0.258E-01    9.21       1.0  T
   3    -41.1003026 -0.197877E-04  0.488E-02    9.22       1.0  T
   4    -41.1003063 -0.370843E-05  0.142E-02    9.21       1.6  T
   5    -41.1003066 -0.251647E-06  0.423E-03    9.21       5.4  T
   6    -41.1003066 -0.138636E-07  0.263E-03    9.21       8.7  T
speedup  1.08
cpu  time for SCC    0.00 s
wall time for SCC    0.00 s
speedup  1.02
cpu  time for grad    0.01 s
wall time for grad    0.01 s
 E :    -40.90463686  G :  0.029613    pred/act E change: -0.947D-03 -0.113D-02
Maxdispl :   0.2713   ||displ|| :   0.5940   Lambda : -0.260D-02
Largest |displ|/coords:  0.2713 (   1)  0.2663 (   5)  0.2144 (   2)
................................................................................
.............................. CYCLE   17 ......................................
................................................................................
   1    -41.1021083 -0.411021E+02  0.338E-01    9.15       0.0  T
   2    -41.1021497 -0.414315E-04  0.245E-01    9.16       1.0  T
   3    -41.1021671 -0.173568E-04  0.587E-02    9.17       1.0  T
   4    -41.1021716 -0.456334E-05  0.164E-02    9.17       1.4  T
   5    -41.1021719 -0.319748E-06  0.377E-03    9.17       6.1  T
   6    -41.1021720 -0.156818E-07  0.226E-03    9.17      10.1  T
speedup  1.08
cpu  time for SCC    0.00 s
wall time for SCC    0.00 s
speedup  1.02
cpu  time for grad    0.01 s
wall time for grad    0.01 s
 E :    -40.90626508  G :  0.030664    pred/act E change: -0.961D-03 -0.163D-02
Maxdispl :   0.3074   ||displ|| :   0.6020   Lambda : -0.317D-02
Largest |displ|/coords:  0.3074 (   5)  0.2467 (   1)  0.2323 (   2)
................................................................................
.............................. CYCLE   18 ......................................
................................................................................
   1    -41.1068589 -0.411069E+02  0.309E-01    9.30       0.0  T
   2    -41.1069365 -0.776162E-04  0.228E-01    9.30       1.0  T
   3    -41.1069705 -0.339894E-04  0.729E-02    9.30       1.0  T
   4    -41.1069776 -0.708716E-05  0.206E-02    9.30       1.1  T
   5    -41.1069784 -0.795454E-06  0.582E-03    9.30       3.9  T
   6    -41.1069784 -0.301366E-07  0.332E-03    9.30       6.9  T
speedup  1.11
cpu  time for SCC    0.00 s
wall time for SCC    0.00 s
speedup  1.03
cpu  time for grad    0.01 s
wall time for grad    0.01 s
 E :    -40.90844957  G :  0.030397    pred/act E change: -0.176D-02 -0.218D-02
Maxdispl :   0.2353   ||displ|| :   0.5508   Lambda : -0.361D-02
Largest |displ|/coords:  0.2353 (   2)  0.2119 (   1)  0.2084 (   8)
................................................................................
.............................. CYCLE   19 ......................................
................................................................................
   1    -41.1100266 -0.411100E+02  0.360E-01    9.29       0.0  T
   2    -41.1100849 -0.582645E-04  0.265E-01    9.29       1.0  T
   3    -41.1101238 -0.388911E-04  0.581E-02    9.29       1.0  T
   4    -41.1101303 -0.652216E-05  0.148E-02    9.29       1.5  T
   5    -41.1101306 -0.305133E-06  0.594E-03    9.29       3.9  T
   6    -41.1101307 -0.396011E-07  0.311E-03    9.29       7.4  T
speedup  0.81
cpu  time for SCC    0.00 s
wall time for SCC    0.00 s
speedup  0.91
cpu  time for grad    0.01 s
wall time for grad    0.01 s
 E :    -40.90940386  G :  0.037102    pred/act E change: -0.216D-02 -0.954D-03
Maxdispl :   0.3115   ||displ|| :   0.5200   Lambda : -0.358D-02
Largest |displ|/coords:  0.3115 (   5)  0.2337 (   1)  0.1453 (   9)
................................................................................
.............................. CYCLE   20 ......................................
................................................................................
   1    -41.0998215 -0.410998E+02  0.348E-01    9.08       0.0  T
   2    -41.0998978 -0.762979E-04  0.258E-01    9.09       1.0  T
   3    -41.0999452 -0.473979E-04  0.622E-02    9.09       1.0  T
   4    -41.0999537 -0.851776E-05  0.180E-02    9.09       1.3  T
   5    -41.0999542 -0.489854E-06  0.709E-03    9.09       3.2  T
   6    -41.0999542 -0.462423E-07  0.367E-03    9.09       6.3  T
   7    -41.0999542 -0.140162E-07  0.932E-04    9.09      24.6  T
speedup  0.93
cpu  time for SCC    0.00 s
wall time for SCC    0.00 s
speedup  0.96
cpu  time for grad    0.01 s
wall time for grad    0.01 s
 E :    -40.90921608  G :  0.050635    pred/act E change: -0.236D-02  0.188D-03
Maxdispl :   0.2378   ||displ|| :   0.4655   Lambda : -0.785D-02
Largest |displ|/coords:  0.2378 (   4)  0.1910 (  14)  0.1585 (   5)
................................................................................
.............................. CYCLE   21 ......................................
................................................................................
   1    -41.1199443 -0.411199E+02  0.437E-01    9.52       0.0  T
   2    -41.1200697 -0.125454E-03  0.316E-01    9.52       1.0  T
   3    -41.1201525 -0.827568E-04  0.775E-02    9.52       1.0  T
   4    -41.1201626 -0.101187E-04  0.188E-02    9.52       1.2  T
   5    -41.1201630 -0.442431E-06  0.822E-03    9.52       2.8  T
   6    -41.1201631 -0.299635E-07  0.396E-03    9.52       5.8  T
   7    -41.1201631 -0.190998E-07  0.102E-03    9.52      22.4  T
speedup  0.93
cpu  time for SCC    0.00 s
wall time for SCC    0.00 s
speedup  0.96
cpu  time for grad    0.01 s
wall time for grad    0.01 s
 E :    -40.90911861  G :  0.053464    pred/act E change: -0.228D-02  0.975D-04
Maxdispl :   0.1745   ||displ|| :   0.3951   Lambda : -0.779D-02
Largest |displ|/coords:  0.1745 (   4)  0.1198 (  10)  0.1158 (   5)
................................................................................
.............................. CYCLE   22 ......................................
................................................................................
   1    -41.0994593 -0.410995E+02  0.405E-01    9.15       0.0  T
   2    -41.0996142 -0.154905E-03  0.296E-01    9.15       1.0  T
   3    -41.0997024 -0.882027E-04  0.822E-02    9.15       1.0  T
   4    -41.0997166 -0.142159E-04  0.223E-02    9.15       1.0  T
   5    -41.0997173 -0.705981E-06  0.806E-03    9.15       2.8  T
   6    -41.0997174 -0.524965E-07  0.455E-03    9.15       5.0  T
   7    -41.0997174 -0.158033E-07  0.111E-03    9.15      20.7  T
speedup  0.93
cpu  time for SCC    0.00 s
wall time for SCC    0.00 s
speedup  0.95
cpu  time for grad    0.01 s
wall time for grad    0.01 s
 E :    -40.90964826  G :  0.050237    pred/act E change: -0.477D-02 -0.530D-03
Maxdispl :   0.1973   ||displ|| :   0.3987   Lambda : -0.805D-02
Largest |displ|/coords:  0.1973 (   6)  0.1564 (  17)  0.1131 (  15)
................................................................................
.............................. CYCLE   23 ......................................
................................................................................
   1    -41.1185393 -0.411185E+02  0.478E-01    9.48       0.0  T
   2    -41.1187368 -0.197466E-03  0.351E-01    9.47       1.0  T
   3    -41.1188502 -0.113479E-03  0.930E-02    9.46       1.0  T
   4    -41.1188698 -0.195115E-04  0.240E-02    9.46       1.0  T
   5    -41.1188706 -0.849899E-06  0.936E-03    9.46       2.5  T
   6    -41.1188707 -0.707654E-07  0.460E-03    9.46       5.0  T
   7    -41.1188707 -0.338606E-07  0.149E-03    9.47      15.4  T
speedup  1.16
cpu  time for SCC    0.00 s
wall time for SCC    0.00 s
speedup  1.05
cpu  time for grad    0.01 s
wall time for grad    0.01 s
 E :    -40.90938888  G :  0.062465    pred/act E change: -0.450D-02  0.259D-03
Maxdispl :   0.1725   ||displ|| :   0.3677   Lambda : -0.819D-02
Largest |displ|/coords:  0.1725 (   6)  0.1443 (  13)  0.1284 (  18)
................................................................................
.............................. CYCLE   24 ......................................
................................................................................
   1    -41.1024367 -0.411024E+02  0.420E-01    9.29       0.0  T
   2    -41.1025847 -0.148025E-03  0.311E-01    9.30       1.0  T
   3    -41.1026813 -0.966107E-04  0.795E-02    9.31       1.0  T
   4    -41.1026979 -0.165788E-04  0.219E-02    9.30       1.0  T
   5    -41.1026985 -0.573940E-06  0.858E-03    9.30       2.7  T
   6    -41.1026986 -0.802272E-07  0.409E-03    9.30       5.6  T
   7    -41.1026986 -0.270202E-07  0.125E-03    9.30      18.4  T
speedup  0.93
cpu  time for SCC    0.00 s
wall time for SCC    0.00 s
speedup  1.00
cpu  time for grad    0.01 s
wall time for grad    0.01 s
 E :    -40.91066015  G :  0.047119    pred/act E change: -0.466D-02 -0.127D-02
Maxdispl :   0.1086   ||displ|| :   0.2377   Lambda : -0.336D-02
Largest |displ|/coords:  0.1086 (  13)  0.1052 (   8)  0.0909 (   9)
................................................................................
.............................. CYCLE   25 ......................................
................................................................................
   1    -41.1109509 -0.411110E+02  0.260E-01    9.32       0.0  T
   2    -41.1109855 -0.345923E-04  0.195E-01    9.32       1.0  T
   3    -41.1110100 -0.244764E-04  0.412E-02    9.32       1.0  T
   4    -41.1110141 -0.406715E-05  0.124E-02    9.32       1.8  T
   5    -41.1110143 -0.216699E-06  0.464E-03    9.32       4.9  T
   6    -41.1110143 -0.159409E-07  0.234E-03    9.32       9.8  T
speedup  1.08
cpu  time for SCC    0.00 s
wall time for SCC    0.00 s
speedup  1.01
cpu  time for grad    0.01 s
wall time for grad    0.01 s
 E :    -40.91208521  G :  0.018563    pred/act E change: -0.465D-02 -0.143D-02
Maxdispl :   0.2025   ||displ|| :   0.3462   Lambda : -0.137D-02
Largest |displ|/coords:  0.2025 (   1)  0.1419 (   2)  0.1321 (   9)

generating ANC from model Hessian ...
 Shifting diagonal of input Hessian by   4.836511212087461E-003
 Lowest  eigenvalues of input Hessian
   -0.000000   -0.000000   -0.000000   -0.000000    0.000000    0.000000
    0.005000    0.005370    0.005659    0.006087    0.006965    0.007734
    0.008476    0.009261    0.011083    0.012377    0.014508    0.018068
 Highest eigenvalues
    1.389028    1.409746    1.462794    2.642087    3.407070    3.632584
 
cpu  time for ANC gen    0.01 s
wall time for ANC gen    0.01 s
................................................................................
.............................. CYCLE   26 ......................................
................................................................................
   1    -41.1115775 -0.411116E+02  0.197E-01    9.37       0.0  T
   2    -41.1116182 -0.406070E-04  0.139E-01    9.37       1.0  T
   3    -41.1116357 -0.175274E-04  0.442E-02    9.37       1.0  T
   4    -41.1116379 -0.222784E-05  0.105E-02    9.37       2.2  T
   5    -41.1116382 -0.324990E-06  0.311E-03    9.37       7.4  T
   6    -41.1116382 -0.571839E-08  0.182E-03    9.37      12.6  T
   7    -41.1116382 -0.406813E-08  0.497E-04    9.37      46.2  T
   8    -41.1116382 -0.410722E-09  0.133E-04    9.37     173.0  T
speedup  0.94
cpu  time for SCC    0.00 s
wall time for SCC    0.01 s
speedup  0.92
cpu  time for grad    0.01 s
wall time for grad    0.01 s
 E :    -40.91243730  G :  0.020155    pred/act E change:  0.000D+00 -0.352D-03
Maxdispl :   0.2308   ||displ|| :   0.3227   Lambda : -0.144D-02
Largest |displ|/coords:  0.2308 (   2)  0.1184 (   5)  0.1151 (   7)
................................................................................
.............................. CYCLE   27 ......................................
................................................................................
   1    -41.1122243 -0.411122E+02  0.230E-01    9.36       0.0  T
   2    -41.1122354 -0.111316E-04  0.175E-01    9.36       1.0  T
   3    -41.1122470 -0.115642E-04  0.202E-02    9.36       1.1  T
   4    -41.1122482 -0.126576E-05  0.612E-03    9.36       3.7  T
   5    -41.1122482 -0.272080E-07  0.307E-03    9.36       7.5  T
   6    -41.1122483 -0.112377E-07  0.115E-03    9.36      20.0  T
speedup  1.05
cpu  time for SCC    0.00 s
wall time for SCC    0.00 s
speedup  1.00
cpu  time for grad    0.01 s
wall time for grad    0.01 s
 E :    -40.91360816  G :  0.009311    pred/act E change:  0.000D+00 -0.117D-02
Maxdispl :   0.5783   ||displ|| :   0.6808   Lambda : -0.196D-02
Largest |displ|/coords:  0.5783 (   2)  0.1816 (   7)  0.1616 (   5)
................................................................................
.............................. CYCLE   28 ......................................
................................................................................
   1    -41.1103417 -0.411103E+02  0.313E-01    9.32       0.0  T
   2    -41.1103637 -0.219370E-04  0.237E-01    9.32       1.0  T
   3    -41.1103873 -0.236417E-04  0.297E-02    9.32       1.0  T
   4    -41.1103897 -0.237856E-05  0.947E-03    9.32       2.4  T
   5    -41.1103897 -0.756573E-07  0.456E-03    9.32       5.0  T
   6    -41.1103898 -0.282396E-07  0.184E-03    9.32      12.5  T
   7    -41.1103898 -0.687487E-08  0.467E-04    9.32      49.1  T
speedup  1.14
cpu  time for SCC    0.00 s
wall time for SCC    0.00 s
speedup  1.04
cpu  time for grad    0.01 s
wall time for grad    0.01 s
 E :    -40.91497934  G :  0.026951    pred/act E change: -0.794D-03 -0.137D-02
Maxdispl :   0.5277   ||displ|| :   0.6699   Lambda : -0.208D-02
Largest |displ|/coords:  0.5277 (   2)  0.2356 (   3)  0.1799 (   4)
................................................................................
.............................. CYCLE   29 ......................................
................................................................................
   1    -41.1139032 -0.411139E+02  0.261E-01    9.26       0.0  T
   2    -41.1139168 -0.136074E-04  0.195E-01    9.26       1.0  T
   3    -41.1139250 -0.814431E-05  0.266E-02    9.26       1.0  T
   4    -41.1139269 -0.194045E-05  0.722E-03    9.26       3.2  T
   5    -41.1139270 -0.101019E-06  0.249E-03    9.26       9.2  T
   6    -41.1139270 -0.188941E-08  0.143E-03    9.26      16.0  T
speedup  1.05
cpu  time for SCC    0.00 s
wall time for SCC    0.00 s
speedup  0.99
cpu  time for grad    0.01 s
wall time for grad    0.01 s
 E :    -40.91653590  G :  0.027969    pred/act E change: -0.143D-02 -0.156D-02
Maxdispl :   0.5239   ||displ|| :   0.6898   Lambda : -0.241D-02
Largest |displ|/coords:  0.5239 (   2)  0.2515 (   3)  0.2007 (   4)
................................................................................
.............................. CYCLE   30 ......................................
................................................................................
   1    -41.1129870 -0.411130E+02  0.310E-01    9.20       0.0  T
   2    -41.1130011 -0.141459E-04  0.232E-01    9.20       1.0  T
   3    -41.1130096 -0.845890E-05  0.251E-02    9.20       1.0  T
   4    -41.1130119 -0.231558E-05  0.616E-03    9.20       3.7  T
   5    -41.1130119 -0.335665E-07  0.322E-03    9.20       7.1  T
   6    -41.1130119 -0.750433E-08  0.153E-03    9.20      15.0  T
speedup  1.08
cpu  time for SCC    0.00 s
wall time for SCC    0.00 s
speedup  1.00
cpu  time for grad    0.01 s
wall time for grad    0.01 s
 E :    -40.91846433  G :  0.024098    pred/act E change: -0.151D-02 -0.193D-02
Maxdispl :   0.4470   ||displ|| :   0.5336   Lambda : -0.325D-02
Largest |displ|/coords:  0.4470 (   2)  0.1124 (  17)  0.1108 (   4)
................................................................................
.............................. CYCLE   31 ......................................
................................................................................
   1    -41.1145156 -0.411145E+02  0.418E-01    9.29       0.0  T
   2    -41.1145780 -0.623997E-04  0.316E-01    9.29       1.0  T
   3    -41.1146177 -0.397133E-04  0.542E-02    9.29       1.0  T
   4    -41.1146276 -0.990341E-05  0.127E-02    9.29       1.8  T
   5    -41.1146278 -0.214855E-06  0.522E-03    9.29       4.4  T
   6    -41.1146278 -0.197249E-07  0.284E-03    9.29       8.1  T
speedup  1.05
cpu  time for SCC    0.00 s
wall time for SCC    0.00 s
speedup  0.99
cpu  time for grad    0.01 s
wall time for grad    0.01 s
 E :    -40.91972709  G :  0.021216    pred/act E change: -0.178D-02 -0.126D-02
Maxdispl :   0.3693   ||displ|| :   0.4862   Lambda : -0.156D-02
Largest |displ|/coords:  0.3693 (   2)  0.1783 (   1)  0.1721 (   4)
................................................................................
.............................. CYCLE   32 ......................................
................................................................................
   1    -41.1142997 -0.411143E+02  0.220E-01    9.27       0.0  T
   2    -41.1143113 -0.116262E-04  0.166E-01    9.27       1.0  T
   3    -41.1143192 -0.784029E-05  0.219E-02    9.28       1.0  T
   4    -41.1143210 -0.182588E-05  0.677E-03    9.28       3.4  T
   5    -41.1143210 -0.530126E-07  0.269E-03    9.27       8.5  T
   6    -41.1143210 -0.474581E-08  0.155E-03    9.27      14.8  T
speedup  1.08
cpu  time for SCC    0.00 s
wall time for SCC    0.00 s
speedup  0.99
cpu  time for grad    0.01 s
wall time for grad    0.01 s
 E :    -40.92051923  G :  0.017075    pred/act E change: -0.209D-02 -0.792D-03
Maxdispl :   0.1209   ||displ|| :   0.3050   Lambda : -0.120D-02
Largest |displ|/coords:  0.1209 (   3)  0.1208 (   2)  0.1086 (   5)
................................................................................
.............................. CYCLE   33 ......................................
................................................................................
   1    -41.1187713 -0.411188E+02  0.240E-01    9.32       0.0  T
   2    -41.1188038 -0.324832E-04  0.181E-01    9.32       1.0  T
   3    -41.1188230 -0.192365E-04  0.372E-02    9.32       1.0  T
   4    -41.1188279 -0.483757E-05  0.943E-03    9.32       2.4  T
   5    -41.1188280 -0.126755E-06  0.370E-03    9.32       6.2  T
   6    -41.1188280 -0.861493E-08  0.195E-03    9.32      11.7  T
   7    -41.1188280 -0.457145E-08  0.502E-04    9.32      45.7  T
speedup  1.09
cpu  time for SCC    0.01 s
wall time for SCC    0.00 s
speedup  1.01
cpu  time for grad    0.01 s
wall time for grad    0.01 s
 E :    -40.92054342  G :  0.027140    pred/act E change: -0.962D-03 -0.242D-04
Maxdispl :   0.2705   ||displ|| :   0.3751   Lambda : -0.208D-02
Largest |displ|/coords:  0.2705 (   2)  0.1128 (   9)  0.1038 (   5)
................................................................................
.............................. CYCLE   34 ......................................
................................................................................
   1    -41.1132059 -0.411132E+02  0.293E-01    9.24       0.0  T
   2    -41.1132341 -0.281678E-04  0.222E-01    9.23       1.0  T
   3    -41.1132560 -0.219239E-04  0.366E-02    9.23       1.0  T
   4    -41.1132600 -0.401558E-05  0.130E-02    9.23       1.8  T
   5    -41.1132603 -0.273488E-06  0.426E-03    9.23       5.4  T
   6    -41.1132603 -0.129936E-07  0.238E-03    9.23       9.6  T
speedup  1.05
cpu  time for SCC    0.00 s
wall time for SCC    0.00 s
speedup  0.99
cpu  time for grad    0.01 s
wall time for grad    0.01 s
 E :    -40.92122649  G :  0.024651    pred/act E change: -0.657D-03 -0.683D-03
Maxdispl :   0.1235   ||displ|| :   0.2354   Lambda : -0.147D-02
Largest |displ|/coords:  0.1235 (   8)  0.1189 (   2)  0.1012 (   6)
................................................................................
.............................. CYCLE   35 ......................................
................................................................................
   1    -41.1199747 -0.411200E+02  0.186E-01    9.33       0.0  T
   2    -41.1199881 -0.133529E-04  0.139E-01    9.33       1.0  T
   3    -41.1199971 -0.902076E-05  0.253E-02    9.33       1.0  T
   4    -41.1199989 -0.180830E-05  0.611E-03    9.33       3.8  T
   5    -41.1199990 -0.353438E-07  0.268E-03    9.33       8.5  T
   6    -41.1199990 -0.371963E-08  0.112E-03    9.33      20.4  T
speedup  1.08
cpu  time for SCC    0.00 s
wall time for SCC    0.00 s
speedup  0.99
cpu  time for grad    0.01 s
wall time for grad    0.01 s
 E :    -40.92139093  G :  0.016190    pred/act E change: -0.119D-02 -0.164D-03
Maxdispl :   0.1472   ||displ|| :   0.2948   Lambda : -0.147D-02
Largest |displ|/coords:  0.1472 (   7)  0.1385 (   4)  0.1347 (   1)
................................................................................
.............................. CYCLE   36 ......................................
................................................................................
   1    -41.1165247 -0.411165E+02  0.283E-01    9.40       0.0  T
   2    -41.1165346 -0.987965E-05  0.211E-01    9.40       1.0  T
   3    -41.1165402 -0.565960E-05  0.247E-02    9.41       1.0  T
   4    -41.1165417 -0.151441E-05  0.612E-03    9.40       3.7  T
   5    -41.1165418 -0.447158E-07  0.292E-03    9.40       7.9  T
   6    -41.1165418 -0.256672E-08  0.125E-03    9.40      18.4  T
speedup  1.03
cpu  time for SCC    0.00 s
wall time for SCC    0.00 s
speedup  0.97
cpu  time for grad    0.01 s
wall time for grad    0.01 s
 E :    -40.92184427  G :  0.018759    pred/act E change: -0.777D-03 -0.453D-03
Maxdispl :   0.1439   ||displ|| :   0.2132   Lambda : -0.896D-03
Largest |displ|/coords:  0.1439 (   6)  0.0894 (   2)  0.0722 (   9)
................................................................................
.............................. CYCLE   37 ......................................
................................................................................
   1    -41.1166058 -0.411166E+02  0.196E-01    9.31       0.0  T
   2    -41.1166163 -0.105682E-04  0.149E-01    9.31       1.0  T
   3    -41.1166239 -0.756412E-05  0.220E-02    9.30       1.0  T
   4    -41.1166255 -0.160000E-05  0.708E-03    9.31       3.2  T
   5    -41.1166256 -0.773430E-07  0.249E-03    9.31       9.2  T
   6    -41.1166256 -0.401284E-08  0.121E-03    9.31      18.9  T
speedup  1.08
cpu  time for SCC    0.00 s
wall time for SCC    0.00 s
speedup  0.99
cpu  time for grad    0.01 s
wall time for grad    0.01 s
 E :    -40.92217108  G :  0.012708    pred/act E change: -0.796D-03 -0.327D-03
Maxdispl :   0.0606   ||displ|| :   0.1302   Lambda : -0.412D-03
Largest |displ|/coords:  0.0606 (   2)  0.0496 (   1)  0.0470 (   6)
................................................................................
.............................. CYCLE   38 ......................................
................................................................................
   1    -41.1181962 -0.411182E+02  0.107E-01    9.35       0.0  T
   2    -41.1182002 -0.402731E-05  0.811E-02    9.35       1.0  T
   3    -41.1182032 -0.305916E-05  0.143E-02    9.34       1.6  T
   4    -41.1182038 -0.534301E-06  0.517E-03    9.34       4.4  T
   5    -41.1182038 -0.333140E-07  0.147E-03    9.34      15.7  T
   6    -41.1182038 -0.155822E-08  0.815E-04    9.34      28.2  T
speedup  1.05
cpu  time for SCC    0.00 s
wall time for SCC    0.00 s
speedup  1.09
cpu  time for grad    0.01 s
wall time for grad    0.01 s
 E :    -40.92239773  G :  0.008940    pred/act E change: -0.468D-03 -0.227D-03
Maxdispl :   0.1165   ||displ|| :   0.2116   Lambda : -0.327D-03
Largest |displ|/coords:  0.1165 (   2)  0.0742 (   3)  0.0580 (   9)
................................................................................
.............................. CYCLE   39 ......................................
................................................................................
   1    -41.1169658 -0.411170E+02  0.175E-01    9.35       0.0  T
   2    -41.1169689 -0.308654E-05  0.131E-01    9.35       1.0  T
   3    -41.1169720 -0.314315E-05  0.133E-02    9.34       1.7  T
   4    -41.1169723 -0.320719E-06  0.514E-03    9.34       4.5  T
   5    -41.1169723 -0.207319E-07  0.153E-03    9.34      15.0  T
   6    -41.1169723 -0.154124E-08  0.894E-04    9.34      25.7  T
speedup  0.81
cpu  time for SCC    0.00 s
wall time for SCC    0.00 s
speedup  0.99
cpu  time for grad    0.01 s
wall time for grad    0.01 s
 E :    -40.92258631  G :  0.011269    pred/act E change: -0.209D-03 -0.189D-03
Maxdispl :   0.0903   ||displ|| :   0.1810   Lambda : -0.313D-03
Largest |displ|/coords:  0.0903 (   1)  0.0745 (   2)  0.0670 (   4)
................................................................................
.............................. CYCLE   40 ......................................
................................................................................
   1    -41.1192004 -0.411192E+02  0.143E-01    9.43       0.0  T
   2    -41.1192047 -0.427994E-05  0.106E-01    9.43       1.0  T
   3    -41.1192066 -0.196439E-05  0.163E-02    9.42       1.4  T
   4    -41.1192073 -0.658563E-06  0.486E-03    9.42       4.7  T
   5    -41.1192073 -0.246750E-07  0.120E-03    9.42      19.1  T
   6    -41.1192073 -0.113043E-08  0.746E-04    9.42      30.8  T
speedup  0.81
cpu  time for SCC    0.00 s
wall time for SCC    0.00 s
speedup  0.87
cpu  time for grad    0.01 s
wall time for grad    0.01 s
 E :    -40.92275081  G :  0.008037    pred/act E change: -0.171D-03 -0.164D-03
Maxdispl :   0.1053   ||displ|| :   0.1861   Lambda : -0.201D-03
Largest |displ|/coords:  0.1053 (   2)  0.0762 (   1)  0.0542 (  10)
................................................................................
.............................. CYCLE   41 ......................................
................................................................................
   1    -41.1179636 -0.411180E+02  0.137E-01    9.37       0.0  T
   2    -41.1179676 -0.405769E-05  0.103E-01    9.37       1.0  T
   3    -41.1179699 -0.223177E-05  0.129E-02    9.36       1.8  T
   4    -41.1179706 -0.713697E-06  0.439E-03    9.36       5.2  T
   5    -41.1179706 -0.398554E-07  0.139E-03    9.36      16.5  T
   6    -41.1179706 -0.139342E-08  0.794E-04    9.36      28.9  T
speedup  1.08
cpu  time for SCC    0.00 s
wall time for SCC    0.00 s
speedup  0.99
cpu  time for grad    0.01 s
wall time for grad    0.01 s
 E :    -40.92286146  G :  0.005575    pred/act E change: -0.161D-03 -0.111D-03
Maxdispl :   0.0648   ||displ|| :   0.1186   Lambda : -0.104D-03
Largest |displ|/coords:  0.0648 (   2)  0.0519 (   5)  0.0359 (   1)
................................................................................
.............................. CYCLE   42 ......................................
................................................................................
   1    -41.1188634 -0.411189E+02  0.856E-02    9.39       0.0  T
   2    -41.1188650 -0.156805E-05  0.646E-02    9.39       1.0  T
   3    -41.1188660 -0.102269E-05  0.825E-03    9.39       2.8  T
   4    -41.1188662 -0.254311E-06  0.359E-03    9.39       6.4  T
   5    -41.1188663 -0.166398E-07  0.922E-04    9.39      24.9  T
   6    -41.1188663 -0.766441E-09  0.553E-04    9.39      41.5  T
speedup  1.08
cpu  time for SCC    0.00 s
wall time for SCC    0.00 s
speedup  0.97
cpu  time for grad    0.01 s
wall time for grad    0.01 s
 E :    -40.92291349  G :  0.007111    pred/act E change: -0.104D-03 -0.520D-04
Maxdispl :   0.0469   ||displ|| :   0.0929   Lambda : -0.118D-03
Largest |displ|/coords:  0.0469 (   4)  0.0385 (   1)  0.0306 (   9)
................................................................................
.............................. CYCLE   43 ......................................
................................................................................
   1    -41.1205905 -0.411206E+02  0.539E-02    9.45       0.0  T
   2    -41.1205912 -0.708194E-06  0.402E-02    9.45       1.0  T
   3    -41.1205918 -0.647360E-06  0.697E-03    9.45       3.3  T
   4    -41.1205919 -0.684296E-07  0.170E-03    9.45      13.5  T
   5    -41.1205919 -0.350970E-08  0.669E-04    9.45      34.3  T
speedup  0.97
cpu  time for SCC    0.00 s
wall time for SCC    0.00 s
speedup  0.94
cpu  time for grad    0.01 s
wall time for grad    0.01 s
 E :    -40.92297335  G :  0.005763    pred/act E change: -0.525D-04 -0.599D-04
Maxdispl :   0.0981   ||displ|| :   0.1720   Lambda : -0.140D-03
Largest |displ|/coords:  0.0981 (   1)  0.0807 (   2)  0.0729 (   8)
................................................................................
.............................. CYCLE   44 ......................................
................................................................................
   1    -41.1185358 -0.411185E+02  0.144E-01    9.46       0.0  T
   2    -41.1185382 -0.244487E-05  0.109E-01    9.46       1.0  T
   3    -41.1185407 -0.246192E-05  0.103E-02    9.46       2.2  T
   4    -41.1185409 -0.246217E-06  0.404E-03    9.46       5.7  T
   5    -41.1185409 -0.126362E-07  0.130E-03    9.46      17.7  T
   6    -41.1185409 -0.101401E-08  0.716E-04    9.46      32.0  T
speedup  1.05
cpu  time for SCC    0.00 s
wall time for SCC    0.00 s
speedup  0.98
cpu  time for grad    0.01 s
wall time for grad    0.01 s
 E :    -40.92301992  G :  0.009029    pred/act E change: -0.597D-04 -0.466D-04
Maxdispl :   0.0366   ||displ|| :   0.0555   Lambda : -0.117D-03
Largest |displ|/coords:  0.0366 (   2)  0.0206 (  18)  0.0179 (  19)
................................................................................
.............................. CYCLE   45 ......................................
................................................................................
   1    -41.1198092 -0.411198E+02  0.425E-02    9.46       0.0  T
   2    -41.1198106 -0.140082E-05  0.317E-02    9.46       1.0  T
   3    -41.1198115 -0.897257E-06  0.839E-03    9.46       2.7  T
   4    -41.1198117 -0.160128E-06  0.266E-03    9.46       8.6  T
   5    -41.1198117 -0.116228E-07  0.851E-04    9.46      27.0  T
speedup  0.97
cpu  time for SCC    0.00 s
wall time for SCC    0.00 s
speedup  1.06
cpu  time for grad    0.01 s
wall time for grad    0.01 s
 E :    -40.92308248  G :  0.004684    pred/act E change: -0.721D-04 -0.626D-04
Maxdispl :   0.0311   ||displ|| :   0.0647   Lambda : -0.841D-04
Largest |displ|/coords:  0.0311 (   3)  0.0299 (   1)  0.0199 (  19)
................................................................................
.............................. CYCLE   46 ......................................
................................................................................
   1    -41.1206211 -0.411206E+02  0.590E-02    9.46       0.0  T
   2    -41.1206228 -0.173980E-05  0.443E-02    9.46       1.0  T
   3    -41.1206236 -0.825814E-06  0.993E-03    9.46       2.3  T
   4    -41.1206239 -0.244939E-06  0.285E-03    9.46       8.0  T
   5    -41.1206239 -0.134859E-07  0.761E-04    9.46      30.1  T
speedup  0.94
cpu  time for SCC    0.00 s
wall time for SCC    0.00 s
speedup  0.93
cpu  time for grad    0.01 s
wall time for grad    0.01 s
 E :    -40.92313964  G :  0.004333    pred/act E change: -0.585D-04 -0.572D-04
Maxdispl :   0.0738   ||displ|| :   0.1391   Lambda : -0.119D-03
Largest |displ|/coords:  0.0738 (   2)  0.0587 (   3)  0.0457 (   5)
................................................................................
.............................. CYCLE   47 ......................................
................................................................................
   1    -41.1198756 -0.411199E+02  0.127E-01    9.41       0.0  T
   2    -41.1198781 -0.247485E-05  0.963E-02    9.41       1.0  T
   3    -41.1198803 -0.216250E-05  0.109E-02    9.41       2.1  T
   4    -41.1198806 -0.316647E-06  0.380E-03    9.41       6.0  T
   5    -41.1198806 -0.142499E-07  0.122E-03    9.41      18.8  T
   6    -41.1198806 -0.825821E-09  0.666E-04    9.41      34.5  T
speedup  1.05
cpu  time for SCC    0.00 s
wall time for SCC    0.00 s
speedup  0.98
cpu  time for grad    0.01 s
wall time for grad    0.01 s
 E :    -40.92320890  G :  0.006509    pred/act E change: -0.422D-04 -0.693D-04
Maxdispl :   0.0459   ||displ|| :   0.0915   Lambda : -0.733D-04
Largest |displ|/coords:  0.0459 (   8)  0.0380 (   3)  0.0291 (  33)
................................................................................
.............................. CYCLE   48 ......................................
................................................................................
   1    -41.1199134 -0.411199E+02  0.986E-02    9.42       0.0  T
   2    -41.1199147 -0.128294E-05  0.744E-02    9.42       1.0  T
   3    -41.1199159 -0.118766E-05  0.794E-03    9.42       2.9  T
   4    -41.1199161 -0.151940E-06  0.270E-03    9.42       8.5  T
   5    -41.1199161 -0.652805E-08  0.101E-03    9.42      22.8  T
speedup  1.25
cpu  time for SCC    0.00 s
wall time for SCC    0.00 s
speedup  1.05
cpu  time for grad    0.01 s
wall time for grad    0.01 s
 E :    -40.92324834  G :  0.008375    pred/act E change: -0.609D-04 -0.394D-04
Maxdispl :   0.0426   ||displ|| :   0.0724   Lambda : -0.921D-04
Largest |displ|/coords:  0.0426 (   4)  0.0333 (   2)  0.0196 (   9)
................................................................................
.............................. CYCLE   49 ......................................
................................................................................
   1    -41.1205096 -0.411205E+02  0.468E-02    9.40       0.0  T
   2    -41.1205107 -0.114003E-05  0.343E-02    9.40       1.0  T
   3    -41.1205112 -0.507006E-06  0.891E-03    9.41       2.6  T
   4    -41.1205114 -0.118573E-06  0.227E-03    9.40      10.1  T
   5    -41.1205114 -0.907699E-08  0.629E-04    9.40      36.5  T
speedup  0.94
cpu  time for SCC    0.00 s
wall time for SCC    0.00 s
speedup  0.93
cpu  time for grad    0.01 s
wall time for grad    0.01 s
 E :    -40.92329040  G :  0.004402    pred/act E change: -0.370D-04 -0.421D-04
Maxdispl :   0.0657   ||displ|| :   0.1253   Lambda : -0.658D-04
Largest |displ|/coords:  0.0657 (   2)  0.0557 (   3)  0.0449 (   4)
................................................................................
.............................. CYCLE   50 ......................................
................................................................................
   1    -41.1195552 -0.411196E+02  0.105E-01    9.39       0.0  T
   2    -41.1195561 -0.899031E-06  0.793E-02    9.39       1.0  T
   3    -41.1195571 -0.101067E-05  0.692E-03    9.39       3.3  T
   4    -41.1195572 -0.688840E-07  0.275E-03    9.39       8.3  T
   5    -41.1195572 -0.458099E-08  0.790E-04    9.39      29.0  T
speedup  1.25
cpu  time for SCC    0.00 s
wall time for SCC    0.00 s
speedup  1.05
cpu  time for grad    0.01 s
wall time for grad    0.01 s
 E :    -40.92332726  G :  0.004777    pred/act E change: -0.463D-04 -0.369D-04
Maxdispl :   0.0211   ||displ|| :   0.0451   Lambda : -0.397D-04
Largest |displ|/coords:  0.0211 (   3)  0.0190 (   6)  0.0152 (   5)
................................................................................
.............................. CYCLE   51 ......................................
................................................................................
   1    -41.1202851 -0.411203E+02  0.420E-02    9.40       0.0  T
   2    -41.1202855 -0.363915E-06  0.311E-02    9.40       1.0  T
   3    -41.1202858 -0.280839E-06  0.630E-03    9.40       3.6  T
   4    -41.1202858 -0.421352E-07  0.163E-03    9.40      14.1  T
   5    -41.1202858 -0.259524E-08  0.440E-04    9.40      52.1  T
speedup  0.97
cpu  time for SCC    0.00 s
wall time for SCC    0.00 s
speedup  1.06
cpu  time for grad    0.01 s
wall time for grad    0.01 s
 E :    -40.92335249  G :  0.003663    pred/act E change: -0.334D-04 -0.252D-04
Maxdispl :   0.0270   ||displ|| :   0.0591   Lambda : -0.344D-04
Largest |displ|/coords:  0.0270 (   3)  0.0216 (   8)  0.0201 (   2)
................................................................................
.............................. CYCLE   52 ......................................
................................................................................
   1    -41.1207901 -0.411208E+02  0.604E-02    9.43       0.0  T
   2    -41.1207906 -0.482827E-06  0.454E-02    9.43       1.0  T
   3    -41.1207910 -0.455959E-06  0.599E-03    9.43       3.8  T
   4    -41.1207911 -0.477712E-07  0.143E-03    9.43      16.1  T
   5    -41.1207911 -0.187023E-08  0.547E-04    9.43      41.9  T
   6    -41.1207911 -0.221924E-09  0.280E-04    9.43      81.8  T
speedup  0.81
cpu  time for SCC    0.00 s
wall time for SCC    0.00 s
speedup  0.95
cpu  time for grad    0.01 s
wall time for grad    0.01 s
 E :    -40.92337545  G :  0.003657    pred/act E change: -0.199D-04 -0.230D-04
Maxdispl :   0.0275   ||displ|| :   0.0546   Lambda : -0.221D-04
Largest |displ|/coords:  0.0275 (   3)  0.0205 (   8)  0.0167 (   2)

generating ANC from model Hessian ...
 Shifting diagonal of input Hessian by   4.447564151416874E-003
 Lowest  eigenvalues of input Hessian
   -0.000000   -0.000000   -0.000000    0.000000    0.000000    0.000000
    0.005000    0.005120    0.006881    0.007994    0.009295    0.010356
    0.012121    0.014541    0.016539    0.017340    0.019857    0.020230
 Highest eigenvalues
    1.382350    1.405402    1.415297    2.678263    3.474527    3.585791
 
cpu  time for ANC gen    0.01 s
wall time for ANC gen    0.01 s
................................................................................
.............................. CYCLE   53 ......................................
................................................................................
   1    -41.1206275 -0.411206E+02  0.565E-02    9.43       0.0  T
   2    -41.1206278 -0.323068E-06  0.424E-02    9.43       1.0  T
   3    -41.1206281 -0.342157E-06  0.523E-03    9.43       4.4  T
   4    -41.1206281 -0.241795E-07  0.155E-03    9.43      14.8  T
   5    -41.1206281 -0.213064E-08  0.457E-04    9.43      50.2  T
   6    -41.1206281 -0.107789E-09  0.271E-04    9.43      84.6  T
speedup  1.05
cpu  time for SCC    0.00 s
wall time for SCC    0.00 s
speedup  0.95
cpu  time for grad    0.01 s
wall time for grad    0.01 s
 E :    -40.92339021  G :  0.002823    pred/act E change:  0.000D+00 -0.148D-04
Maxdispl :   0.0191   ||displ|| :   0.0333   Lambda : -0.195D-04
Largest |displ|/coords:  0.0191 (   7)  0.0154 (   3)  0.0100 (   5)
................................................................................
.............................. CYCLE   54 ......................................
................................................................................
   1    -41.1205269 -0.411205E+02  0.380E-02    9.43       0.0  T
   2    -41.1205270 -0.168796E-06  0.289E-02    9.43       1.0  T
   3    -41.1205272 -0.161691E-06  0.251E-03    9.43       9.1  T
   4    -41.1205272 -0.189032E-07  0.103E-03    9.43      22.2  T
   5    -41.1205272 -0.719005E-09  0.286E-04    9.43      80.1  T
   6    -41.1205272 -0.364793E-10  0.156E-04    9.43     146.8  T
speedup  0.81
cpu  time for SCC    0.00 s
wall time for SCC    0.00 s
speedup  0.96
cpu  time for grad    0.01 s
wall time for grad    0.01 s
 E :    -40.92340531  G :  0.001862    pred/act E change:  0.000D+00 -0.151D-04
Maxdispl :   0.0578   ||displ|| :   0.0848   Lambda : -0.323D-04
Largest |displ|/coords:  0.0578 (   7)  0.0411 (   1)  0.0233 (   2)
................................................................................
.............................. CYCLE   55 ......................................
................................................................................
   1    -41.1200666 -0.411201E+02  0.813E-02    9.41       0.0  T
   2    -41.1200672 -0.567377E-06  0.612E-02    9.41       1.0  T
   3    -41.1200677 -0.527285E-06  0.517E-03    9.41       4.4  T
   4    -41.1200678 -0.674809E-07  0.210E-03    9.41      10.9  T
   5    -41.1200678 -0.344439E-08  0.661E-04    9.41      34.7  T
   6    -41.1200678 -0.292658E-09  0.360E-04    9.41      63.8  T
speedup  1.05
cpu  time for SCC    0.00 s
wall time for SCC    0.00 s
speedup  1.05
cpu  time for grad    0.01 s
wall time for grad    0.01 s
 E :    -40.92342037  G :  0.001150    pred/act E change: -0.975D-05 -0.151D-04
Maxdispl :   0.0237   ||displ|| :   0.0394   Lambda : -0.106D-04
Largest |displ|/coords:  0.0237 (   1)  0.0143 (   4)  0.0113 (   3)
................................................................................
.............................. CYCLE   56 ......................................
................................................................................
   1    -41.1199777 -0.411200E+02  0.364E-02    9.41       0.0  T
   2    -41.1199779 -0.230283E-06  0.277E-02    9.41       1.0  T
   3    -41.1199781 -0.236313E-06  0.278E-03    9.41       8.2  T
   4    -41.1199781 -0.255390E-07  0.123E-03    9.41      18.6  T
   5    -41.1199781 -0.131776E-08  0.325E-04    9.41      70.5  T
   6    -41.1199781 -0.861888E-10  0.186E-04    9.41     123.3  T
speedup  1.05
cpu  time for SCC    0.00 s
wall time for SCC    0.00 s
speedup  0.95
cpu  time for grad    0.01 s
wall time for grad    0.01 s
 E :    -40.92342601  G :  0.001253    pred/act E change: -0.163D-04 -0.564D-05
Maxdispl :   0.0128   ||displ|| :   0.0194   Lambda : -0.496D-05
Largest |displ|/coords:  0.0128 (   1)  0.0075 (   2)  0.0055 (   5)
................................................................................
.............................. CYCLE   57 ......................................
................................................................................
   1    -41.1201618 -0.411202E+02  0.103E-02    9.41       0.0  T
   2    -41.1201619 -0.292898E-07  0.782E-03    9.41       2.9  T
   3    -41.1201619 -0.247798E-07  0.107E-03    9.41      21.5  T
   4    -41.1201619 -0.388584E-08  0.515E-04    9.41      44.5  T
   5    -41.1201619 -0.328178E-09  0.141E-04    9.41     162.2  T
speedup  0.94
cpu  time for SCC    0.00 s
wall time for SCC    0.00 s
speedup  1.01
cpu  time for grad    0.01 s
wall time for grad    0.01 s
 E :    -40.92342956  G :  0.000836    pred/act E change: -0.533D-05 -0.355D-05
Maxdispl :   0.0261   ||displ|| :   0.0358   Lambda : -0.457D-05
Largest |displ|/coords:  0.0261 (   1)  0.0149 (   2)  0.0099 (   7)
................................................................................
.............................. CYCLE   58 ......................................
................................................................................
   1    -41.1202288 -0.411202E+02  0.253E-02    9.41       0.0  T
   2    -41.1202289 -0.828098E-07  0.191E-02    9.41       1.2  T
   3    -41.1202290 -0.890482E-07  0.176E-03    9.41      13.0  T
   4    -41.1202290 -0.842157E-08  0.868E-04    9.41      26.4  T
   5    -41.1202290 -0.694250E-09  0.270E-04    9.41      84.8  T
speedup  0.97
cpu  time for SCC    0.00 s
wall time for SCC    0.00 s
speedup  1.02
cpu  time for grad    0.01 s
wall time for grad    0.01 s
 E :    -40.92343213  G :  0.000768    pred/act E change: -0.248D-05 -0.257D-05
Maxdispl :   0.0107   ||displ|| :   0.0173   Lambda : -0.192D-05
Largest |displ|/coords:  0.0107 (   1)  0.0054 (   8)  0.0051 (   2)
................................................................................
.............................. CYCLE   59 ......................................
................................................................................
   1    -41.1202152 -0.411202E+02  0.131E-02    9.42       0.0  T
   2    -41.1202153 -0.592936E-07  0.994E-03    9.42       2.3  T
   3    -41.1202153 -0.412959E-07  0.156E-03    9.42      14.7  T
   4    -41.1202153 -0.916170E-08  0.554E-04    9.42      41.4  T
   5    -41.1202153 -0.460361E-09  0.196E-04    9.42     116.9  T
speedup  0.94
cpu  time for SCC    0.00 s
wall time for SCC    0.00 s
speedup  1.01
cpu  time for grad    0.01 s
wall time for grad    0.01 s
 E :    -40.92343301  G :  0.000546    pred/act E change: -0.229D-05 -0.885D-06
Maxdispl :   0.0034   ||displ|| :   0.0073   Lambda : -0.117D-05
Largest |displ|/coords:  0.0034 (   3)  0.0026 (   5)  0.0021 (   6)
................................................................................
.............................. CYCLE   60 ......................................
................................................................................
   1    -41.1202386 -0.411202E+02  0.646E-03    9.42       0.0  T
   2    -41.1202386 -0.222865E-07  0.486E-03    9.42       4.7  T
   3    -41.1202386 -0.992942E-08  0.931E-04    9.42      24.6  T
   4    -41.1202386 -0.375451E-08  0.168E-04    9.42     136.4  T
speedup  1.20
cpu  time for SCC    0.00 s
wall time for SCC    0.00 s
speedup  0.98
cpu  time for grad    0.01 s
wall time for grad    0.01 s
 E :    -40.92343387  G :  0.000443    pred/act E change: -0.958D-06 -0.854D-06
Maxdispl :   0.0040   ||displ|| :   0.0081   Lambda : -0.839D-06
Largest |displ|/coords:  0.0040 (   3)  0.0039 (   5)  0.0023 (   4)
................................................................................
.............................. CYCLE   61 ......................................
................................................................................
   1    -41.1201867 -0.411202E+02  0.615E-03    9.42       0.0  T
   2    -41.1201867 -0.293682E-07  0.457E-03    9.42       5.0  T
   3    -41.1201867 -0.133509E-07  0.107E-03    9.42      21.5  T
   4    -41.1201868 -0.391100E-08  0.153E-04    9.42     150.2  T
   5    -41.1201868 -0.256080E-10  0.653E-05    9.42     351.5  T
speedup  0.94
cpu  time for SCC    0.00 s
wall time for SCC    0.00 s
speedup  1.01
cpu  time for grad    0.01 s
wall time for grad    0.01 s
 E :    -40.92343439  G :  0.000307    pred/act E change: -0.583D-06 -0.526D-06
Maxdispl :   0.0028   ||displ|| :   0.0047   Lambda : -0.264D-06
Largest |displ|/coords:  0.0028 (   5)  0.0019 (   4)  0.0015 (   7)
................................................................................
.............................. CYCLE   62 ......................................
................................................................................
   1    -41.1201523 -0.411202E+02  0.352E-03    9.42       0.0  T
   2    -41.1201523 -0.556472E-08  0.263E-03    9.42       8.7  T
   3    -41.1201523 -0.311771E-08  0.490E-04    9.42      46.8  T
   4    -41.1201523 -0.847074E-09  0.970E-05    9.42     236.4  T
speedup  0.77
cpu  time for SCC    0.00 s
wall time for SCC    0.00 s
speedup  1.08
cpu  time for grad    0.01 s
wall time for grad    0.01 s
 E :    -40.92343459  G :  0.000250    pred/act E change: -0.420D-06 -0.200D-06
Maxdispl :   0.0039   ||displ|| :   0.0065   Lambda : -0.330D-06
Largest |displ|/coords:  0.0039 (   5)  0.0030 (   4)  0.0018 (  22)
................................................................................
.............................. CYCLE   63 ......................................
................................................................................
   1    -41.1200966 -0.411201E+02  0.490E-03    9.41       0.0  T
   2    -41.1200966 -0.657423E-08  0.366E-03    9.41       6.3  T
   3    -41.1200966 -0.444787E-08  0.603E-04    9.41      38.0  T
   4    -41.1200966 -0.943992E-09  0.167E-04    9.41     137.5  T
speedup  1.20
cpu  time for SCC    0.00 s
wall time for SCC    0.00 s
speedup  0.98
cpu  time for grad    0.01 s
wall time for grad    0.01 s
 E :    -40.92343481  G :  0.000193    pred/act E change: -0.132D-06 -0.221D-06
Maxdispl :   0.0022   ||displ|| :   0.0041   Lambda : -0.160D-06
Largest |displ|/coords:  0.0022 (   5)  0.0016 (   4)  0.0014 (  18)
................................................................................
.............................. CYCLE   64 ......................................
................................................................................
   1    -41.1200773 -0.411201E+02  0.336E-03    9.41       0.0  T
   2    -41.1200773 -0.217592E-08  0.249E-03    9.41       9.2  T
   3    -41.1200773 -0.123190E-08  0.400E-04    9.41      57.3  T
   4    -41.1200773 -0.350411E-09  0.118E-04    9.41     194.2  T
speedup  0.77
cpu  time for SCC    0.00 s
wall time for SCC    0.00 s
speedup  0.96
cpu  time for grad    0.01 s
wall time for grad    0.01 s
 E :    -40.92343493  G :  0.000169    pred/act E change: -0.165D-06 -0.121D-06
Maxdispl :   0.0016   ||displ|| :   0.0042   Lambda : -0.143D-06
Largest |displ|/coords:  0.0016 (   5)  0.0014 (  18)  0.0013 (  25)
................................................................................
.............................. CYCLE   65 ......................................
................................................................................
   1    -41.1200763 -0.411201E+02  0.375E-03    9.41       0.0  T
   2    -41.1200763 -0.284179E-08  0.278E-03    9.41       8.2  T
   3    -41.1200763 -0.130429E-08  0.459E-04    9.41      50.0  T
   4    -41.1200763 -0.469676E-09  0.144E-04    9.41     159.0  T
speedup  1.15
cpu  time for SCC    0.00 s
wall time for SCC    0.00 s
speedup  0.98
cpu  time for grad    0.01 s
wall time for grad    0.01 s
 E :    -40.92343504  G :  0.000156    pred/act E change: -0.799D-07 -0.107D-06
Maxdispl :   0.0016   ||displ|| :   0.0045   Lambda : -0.137D-06
Largest |displ|/coords:  0.0016 (  25)  0.0015 (   1)  0.0014 (  14)
................................................................................
.............................. CYCLE   66 ......................................
................................................................................
   1    -41.1200912 -0.411201E+02  0.413E-03    9.41       0.0  T
   2    -41.1200912 -0.351693E-08  0.306E-03    9.41       7.5  T
   3    -41.1200912 -0.127748E-08  0.532E-04    9.41      43.2  T
   4    -41.1200912 -0.586965E-09  0.171E-04    9.41     134.5  T
speedup  1.20
cpu  time for SCC    0.00 s
wall time for SCC    0.00 s
speedup  1.10
cpu  time for grad    0.01 s
wall time for grad    0.01 s
 E :    -40.92343515  G :  0.000169    pred/act E change: -0.718D-07 -0.107D-06
Maxdispl :   0.0025   ||displ|| :   0.0061   Lambda : -0.176D-06
Largest |displ|/coords:  0.0025 (  25)  0.0024 (   1)  0.0019 (  21)
................................................................................
.............................. CYCLE   67 ......................................
................................................................................
   1    -41.1201145 -0.411201E+02  0.568E-03    9.42       0.0  T
   2    -41.1201145 -0.632652E-08  0.420E-03    9.42       5.5  T
   3    -41.1201145 -0.228547E-08  0.756E-04    9.42      30.4  T
   4    -41.1201145 -0.104995E-08  0.248E-04    9.42      92.6  T
speedup  0.77
cpu  time for SCC    0.00 s
wall time for SCC    0.00 s
speedup  0.98
cpu  time for grad    0.01 s
wall time for grad    0.01 s
 E :    -40.92343528  G :  0.000222    pred/act E change: -0.686D-07 -0.135D-06
Maxdispl :   0.0034   ||displ|| :   0.0075   Lambda : -0.213D-06
Largest |displ|/coords:  0.0034 (  25)  0.0028 (   1)  0.0025 (  21)
................................................................................
.............................. CYCLE   68 ......................................
................................................................................
   1    -41.1201356 -0.411201E+02  0.726E-03    9.42       0.0  T
   2    -41.1201356 -0.999943E-08  0.536E-03    9.42       4.3  T
   3    -41.1201356 -0.345216E-08  0.101E-03    9.42      22.7  T
   4    -41.1201356 -0.164385E-08  0.323E-04    9.42      70.9  T
   5    -41.1201356 -0.515215E-10  0.374E-05    9.42     612.6  T
speedup  0.97
cpu  time for SCC    0.00 s
wall time for SCC    0.00 s
speedup  1.02
cpu  time for grad    0.01 s
wall time for grad    0.01 s
 E :    -40.92343545  G :  0.000281    pred/act E change: -0.881D-07 -0.165D-06
Maxdispl :   0.0058   ||displ|| :   0.0115   Lambda : -0.326D-06
Largest |displ|/coords:  0.0058 (  25)  0.0038 (  21)  0.0037 (   1)
................................................................................
.............................. CYCLE   69 ......................................
................................................................................
   1    -41.1201453 -0.411201E+02  0.118E-02    9.42       0.0  T
   2    -41.1201454 -0.248938E-07  0.870E-03    9.42       2.6  T
   3    -41.1201454 -0.905659E-08  0.164E-03    9.42      14.0  T
   4    -41.1201454 -0.410213E-08  0.504E-04    9.42      45.5  T
   5    -41.1201454 -0.118924E-09  0.538E-05    9.42     426.1  T
speedup  0.94
cpu  time for SCC    0.00 s
wall time for SCC    0.00 s
speedup  1.01
cpu  time for grad    0.01 s
wall time for grad    0.01 s
 E :    -40.92343568  G :  0.000331    pred/act E change: -0.107D-06 -0.238D-06
Maxdispl :   0.0065   ||displ|| :   0.0116   Lambda : -0.352D-06
Largest |displ|/coords:  0.0065 (  25)  0.0039 (  21)  0.0033 (  20)
................................................................................
.............................. CYCLE   70 ......................................
................................................................................
   1    -41.1201321 -0.411201E+02  0.128E-02    9.42       0.0  T
   2    -41.1201322 -0.286865E-07  0.945E-03    9.42       2.4  T
   3    -41.1201322 -0.114048E-07  0.180E-03    9.42      12.8  T
   4    -41.1201322 -0.459526E-08  0.541E-04    9.42      42.4  T
   5    -41.1201322 -0.139494E-09  0.542E-05    9.42     423.0  T
speedup  0.97
cpu  time for SCC    0.00 s
wall time for SCC    0.00 s
speedup  1.02
cpu  time for grad    0.01 s
wall time for grad    0.01 s
 E :    -40.92343595  G :  0.000312    pred/act E change: -0.163D-06 -0.269D-06
Maxdispl :   0.0081   ||displ|| :   0.0133   Lambda : -0.450D-06
Largest |displ|/coords:  0.0081 (  25)  0.0044 (  21)  0.0036 (  20)
................................................................................
.............................. CYCLE   71 ......................................
................................................................................
   1    -41.1200985 -0.411201E+02  0.157E-02    9.42       0.0  T
   2    -41.1200986 -0.419197E-07  0.116E-02    9.42       2.0  T
   3    -41.1200986 -0.193716E-07  0.217E-03    9.42      10.5  T
   4    -41.1200986 -0.644285E-08  0.653E-04    9.42      35.2  T
   5    -41.1200986 -0.229001E-09  0.717E-05    9.42     320.1  T
speedup  1.25
cpu  time for SCC    0.00 s
wall time for SCC    0.00 s
speedup  1.01
cpu  time for grad    0.01 s
wall time for grad    0.01 s
 E :    -40.92343627  G :  0.000234    pred/act E change: -0.176D-06 -0.315D-06
Maxdispl :   0.0050   ||displ|| :   0.0079   Lambda : -0.289D-06
Largest |displ|/coords:  0.0050 (  25)  0.0023 (  21)  0.0020 (   1)
................................................................................
.............................. CYCLE   72 ......................................
................................................................................
   1    -41.1200812 -0.411201E+02  0.944E-03    9.42       0.0  T
   2    -41.1200812 -0.158237E-07  0.703E-03    9.42       3.3  T
   3    -41.1200812 -0.882794E-08  0.129E-03    9.42      17.8  T
   4    -41.1200812 -0.226085E-08  0.385E-04    9.42      59.6  T
   5    -41.1200812 -0.101586E-09  0.534E-05    9.42     429.8  T
speedup  0.94
cpu  time for SCC    0.00 s
wall time for SCC    0.00 s
speedup  1.02
cpu  time for grad    0.01 s
wall time for grad    0.01 s
 E :    -40.92343647  G :  0.000173    pred/act E change: -0.225D-06 -0.205D-06
Maxdispl :   0.0031   ||displ|| :   0.0058   Lambda : -0.175D-06
Largest |displ|/coords:  0.0031 (  25)  0.0025 (   1)  0.0018 (   4)
................................................................................
.............................. CYCLE   73 ......................................
................................................................................
   1    -41.1200859 -0.411201E+02  0.600E-03    9.41       0.0  T
   2    -41.1200859 -0.664154E-08  0.448E-03    9.41       5.1  T
   3    -41.1200859 -0.412677E-08  0.771E-04    9.41      29.8  T
   4    -41.1200859 -0.930143E-09  0.227E-04    9.41     101.1  T
speedup  0.77
cpu  time for SCC    0.00 s
wall time for SCC    0.00 s
speedup  0.96
cpu  time for grad    0.01 s
wall time for grad    0.01 s
 E :    -40.92343659  G :  0.000157    pred/act E change: -0.144D-06 -0.118D-06
Maxdispl :   0.0016   ||displ|| :   0.0035   Lambda : -0.790D-07
Largest |displ|/coords:  0.0016 (   1)  0.0015 (   4)  0.0014 (   8)
................................................................................
.............................. CYCLE   74 ......................................
................................................................................
   1    -41.1201066 -0.411201E+02  0.292E-03    9.42       0.0  T
   2    -41.1201066 -0.180040E-08  0.219E-03    9.41      10.5  T
   3    -41.1201066 -0.108337E-08  0.348E-04    9.41      66.0  T
   4    -41.1201066 -0.274540E-09  0.998E-05    9.41     229.8  T
speedup  1.15
cpu  time for SCC    0.00 s
wall time for SCC    0.00 s
speedup  0.96
cpu  time for grad    0.01 s
wall time for grad    0.01 s
 E :    -40.92343665  G :  0.000122    pred/act E change: -0.873D-07 -0.607D-07
Maxdispl :   0.0015   ||displ|| :   0.0035   Lambda : -0.495D-07
Largest |displ|/coords:  0.0015 (  25)  0.0014 (   4)  0.0013 (   8)

   *** GEOMETRY OPTIMIZATION CONVERGED AFTER 74 ITERATIONS ***

------------------------------------------------------------------------
 total energy gain (kcal):     -0.0291
------------------------------------------------------------------------
================
 final structure:
================
$coord
        0.34148520239416       -1.15313712085193       -2.95244111386872      S 
       -1.50056862519079        0.80249817265533       -3.46572665688989      O 
        2.90289746038445       -0.12966845270135       -2.74684449162282      O 
       -0.32205640117109       -2.67880963729955       -0.76471098698171      O 
        0.36798292677726       -3.00468002290000       -5.28370861765056      O 
        0.84977580493664       -1.92527206591149       -6.64013518550057      H 
       -3.45859616501017       -0.52373072702041        2.50425221576590      O 
       -2.52284213146442       -1.46213978870764        1.20323512271688      H 
       -5.21418627470247       -0.83607085784855        2.18959838068890      H 
       -1.35515376382155        3.66737073451309        0.55986022622081      O 
       -2.34631335029131        2.51922360902114        1.62274664655096      H 
       -1.54708503067720        2.95916594594249       -1.15483309476924      H 
        1.81511682191066       -1.72600023235211        3.70232089426950      O 
        0.26831605990612       -1.44193139315800        4.62011719456151      H 
        1.29488025247549       -2.54566621580278        2.12552434996827      H 
        3.07270668603526        2.24555058791900        1.29802373838712      O 
        3.28405509506142        1.35380004164295       -0.45253134045316      H 
        1.25947341320875        3.11826496451279        1.11266058020299      H 
        2.81011201923343        0.76123247724644        2.52259215731238      H 
$end
 
 Bond Distances (Angstroems)
 ---------------------------
S1-O2=1.4474         S1-O3=1.4637         S1-O4=1.4544         S1-O5=1.5755         O2-S1=1.4474         O3-S1=1.4637         
O4-S1=1.4544         O5-S1=1.5755         O5-H6=0.9521         H6-O5=0.9521         O7-H8=0.9827         O7-H9=0.9582         
H8-O7=0.9827         H9-O7=0.9582         O10-H11=0.9801       O10-H12=0.9870       H11-O10=0.9801       H12-O10=0.9870       
O13-H14=0.9636       O13-H15=0.9799       H14-O13=0.9636       H15-O13=0.9799       O16-H17=1.0456       O16-H18=1.0694       
O16-H19=1.0277       H17-O16=1.0456       H18-O16=1.0694       H19-O16=1.0277       
 O  H  Rav=0.9946 sigma=0.0374  Rmin=0.9521  Rmax=1.0694    10
 S  O  Rav=1.4852 sigma=0.0524  Rmin=1.4474  Rmax=1.5755     4
 
 selected bond angles (degree)
 --------------------
O3-S1-O2=111.90                O4-S1-O2=112.56                O4-S1-O3=111.70                O5-S1-O2=107.68                
O5-S1-O3=106.27                O5-S1-O4=106.27                H6-O5-S1=102.69                H9-O7-H8=106.24                
H12-O10-H11=103.72             
 
 selected dihedral angles (degree)
 ---------------------------------
H6-O5-S1-O2= 60.57            H6-O5-S1-O3=300.51            H6-O5-S1-O4=181.40            
 
 CMA Distance (Angstroems)
 ---------------------------
R(CMA):  2.8851

========================================================================
 FINAL SINGLEPOINT CALCULATION ON OPTIMIZED GEOMETRY
========================================================================

 Ncao       : 52
 Nao        : 51
 Nshell     : 29
 Nel        : 64
 T(el)      :   300.0
 intcut     :    25.0
 scfconv/Eh :  0.100E-05
   qconv/e  :  0.100E-03
 intneglect :  0.100E-07
 broydamp   :      0.250
 iter      E             dE          RMSdq      gap      omega  full diag
   1    -41.1201066 -0.411201E+02  0.443E-05    9.41       0.0  T
   2    -41.1201066 -0.103739E-11  0.274E-05    9.41     837.7  T
   3    -41.1201066 -0.532907E-12  0.402E-06    9.41    5700.1  T
speedup  0.53
cpu  time for SCC    0.00 s
wall time for SCC    0.00 s

   *** convergence criteria satisfied after 3 iterations ***

          eigenvalues
 #    :          20         21         22         23         24         25         26         27
 occ. :        2.000      2.000      2.000      2.000      2.000      2.000      2.000      2.000
 eps  :       -14.503    -14.456    -14.219    -13.734    -12.917    -12.786    -12.753    -12.707
 #    :          28         29         30         31         32         33         34         35
 occ. :        2.000      2.000      2.000      2.000      2.000      0.000      0.000      0.000
 eps  :       -12.636    -12.559    -12.429    -12.275    -12.112     -2.697     -0.810     -0.392
 #    :          36         37         38         39         40         41         42         43
 occ. :        0.000      0.000      0.000      0.000      0.000      0.000      0.000      0.000
 eps  :         0.424      0.889      2.065      2.319      3.604      4.827      6.169      6.647


   #   Z            q   n(s)   n(p)   n(d)      C6AA      α(0)
   1  16 S      1.671  1.580  1.792  0.957    89.435    15.917
   2   8 O     -0.734  1.771  4.963  0.000    29.652     7.301
   3   8 O     -0.737  1.774  4.963  0.000    29.691     7.307
   4   8 O     -0.733  1.762  4.970  0.000    29.613     7.296
   5   8 O     -0.574  1.747  4.827  0.000    24.538     6.687
   6   1 H      0.349  0.651  0.000  0.000     0.582     1.194
   7   8 O     -0.621  1.743  4.878  0.000    25.691     6.841
   8   1 H      0.327  0.673  0.000  0.000     0.645     1.262
   9   1 H      0.289  0.711  0.000  0.000     0.753     1.363
  10   8 O     -0.607  1.756  4.851  0.000    25.323     6.793
  11   1 H      0.333  0.667  0.000  0.000     0.630     1.247
  12   1 H      0.335  0.665  0.000  0.000     0.624     1.241
  13   8 O     -0.593  1.745  4.847  0.000    25.008     6.750
  14   1 H      0.318  0.682  0.000  0.000     0.670     1.286
  15   1 H      0.335  0.665  0.000  0.000     0.625     1.242
  16   8 O     -0.509  1.731  4.778  0.000    23.026     6.481
  17   1 H      0.385  0.615  0.000  0.000     0.511     1.122
  18   1 H      0.384  0.616  0.000  0.000     0.512     1.122
  19   1 H      0.380  0.620  0.000  0.000     0.523     1.136

 Mol. C6AA /au·bohr⁶  :       3380.107916
 Mol. C8AA /au·bohr⁸  :      76574.405755
 Mol. α(0) /au        :         83.588030

 
 Wiberg/Mayer (AO) data. WBOs > 0.1 written file <wbo>
 largest (>0.05) Wiberg bond orders for each atom
           total WBO             WBO to atom ...
     1  S   4.871    O    2 1.337    O    4 1.313    O    3 1.262    O    5 0.915
     2  O   1.729    S    1 1.337    O    4 0.111    O    3 0.111    O    5 0.077    H   12 0.063
     3  O   1.755    S    1 1.262    H   17 0.153    O    2 0.111    O    4 0.107    O    5 0.069
     4  O   1.744    S    1 1.313    O    2 0.111    O    3 0.107    O    5 0.060    H    8 0.059
     5  O   1.991    S    1 0.915    H    6 0.861    O    2 0.077    O    3 0.069    O    4 0.060
     6  H   0.878    O    5 0.861
     7  O   1.857    H    9 0.912    H    8 0.829    H   11 0.052
     8  H   0.893    O    7 0.829    O    4 0.059
     9  H   0.916    O    7 0.912
    10  O   1.990    H   11 0.834    H   12 0.819    H   18 0.204    O   16 0.070
    11  H   0.889    O   10 0.834    O    7 0.052
    12  H   0.888    O   10 0.819    O    2 0.063
    13  O   1.947    H   14 0.890    H   15 0.838    H   19 0.134    O   16 0.051
    14  H   0.899    O   13 0.890
    15  H   0.888    O   13 0.838
    16  O   2.240    H   19 0.718    H   17 0.689    H   18 0.645    O   10 0.070    O   13 0.051
    17  H   0.852    O   16 0.689    O    3 0.153
    18  H   0.852    O   16 0.645    O   10 0.204
    19  H   0.855    O   16 0.718    O   13 0.134
 MOs/occ written to file <molden.input>
 
molecular dipole:
                 x           y           z       tot (Debye)
 q only:       -0.114       0.383       0.732
   full:       -0.626      -0.231      -0.025       1.697
molecular quadrupole (traceless):
                xx          xy          yy          xz          yz          zz
 q only:        1.123       2.914      -5.924      -2.739       0.303       4.801
  q+dip:        1.028       2.867      -8.373      -5.070       0.189       7.344
   full:        0.833       2.961      -8.756      -5.339       0.607       7.923

SCC energy    :     -41.1201066
rep           :       0.1965792
ES            :       0.1988780
AES           :      -0.0545035
AXC           :      -0.0103421
disp          :      -0.0142336
XB            :       0.0000000
fix           :       0.0000000
total E       :     -40.9234367
atomizationE  :       3.7176239     2332.84
(atE without considering molecular charge,
 total energy contains solvation terms)
H-L gap (eV)  :          9.4150
optimized geometry written to: xtbopt.xyz


------------------------------------------------------------------------
 * finished run on 2019/09/03 at 09:30:52.931     
------------------------------------------------------------------------
 total:
 * wall-time:     0 d,  0 h,  0 min,  1.192 sec
 *  cpu-time:     0 d,  0 h,  0 min,  1.171 sec
 * ratio c/w:     0.982 speedup
 SCF:
 * wall-time:     0 d,  0 h,  0 min,  0.092 sec
 *  cpu-time:     0 d,  0 h,  0 min,  0.088 sec
 * ratio c/w:     0.960 speedup
 ANC optimizer:
 * wall-time:     0 d,  0 h,  0 min,  1.077 sec
 *  cpu-time:     0 d,  0 h,  0 min,  1.061 sec
 * ratio c/w:     0.985 speedup

