      -----------------------------------------------------------      
     |                   =====================                   |     
     |                           x T B                           |     
     |                   =====================                   |     
     |                         S. Grimme                         |     
     |          Mulliken Center for Theoretical Chemistry        |     
     |                    University of Bonn                     |     
     |                 Version 6.0.1 (SAW181210)                 |     
      -----------------------------------------------------------      

   This program is distributed in the hope that it will be useful,
   but WITHOUT ANY WARRANTY; without even the implied warranty of
   MERCHANTABILITY or FITNESS FOR A PARTICULAR PURPOSE.
   
   FOR NON-COMMERCIAL, ACADEMIA USE ONLY.
   
   Cite this work as:
   S. Grimme, C. Bannwarth, P. Shushkov, J. Comput. Theory Chem., 2017,
   13, 1989-2009.
   C. Bannwarth, S. Ehlert and S. Grimme., ChemRxiv, 2018, preprint.
   http://doi.org/10.26434/chemrxiv.7246238.v1
   
   for sTDA-xTB:
   S. Grimme and C. Bannwarth, J. Chem. Phys., 2016, 145, 054103.
   
   in the mass-spec context:
   V. Asgeirsson, C. Bauer and S. Grimme, Chem. Sci., 2017, 8, 4879.
   
   if GBSA is used:
   P. Shushkov, F. März and S. Grimme, unpublished.
   
   for ANC optimizer:
   S. Grimme, unpublished.
   Rational Function algorithm used in ANCopt:
   F. Eckert, P. Pulay, H.-J. Werner, J. Comput. Chem., 1997, 18, 1473.
   
   with help from (in alphabetical order)
   C. Bannwarth, F. Bohle, G. Brandenburg, E. Caldeweyher, M. Checinski,
   S. Dohm, S. Ehlert, S. Ehrlich, F. März, H. Neugebauer, J. Pisarek,
   P. Pracht, P. Shushkov, and S. Spicher.
   
 * started run on 2019/09/03 at 11:01:15.732     
========================================================================
 # omp threads = 1
========================================================================
number of atoms            : 19
number of electrons        : 64
charge                     : 0
spin                       : .0
first test random number   : .4570

########################################################################
# WARNING! Please study the warnings concerning your input carefully
#  - XTBPATH is not set, using XTBHOME instead
#  - the use of '-opt' is discouraged, please use '--opt' next time
#  - the use of '-chrg' is discouraged, please use '--chrg' next time
#  - the use of '-uhf' is discouraged, please use '--uhf' next time
########################################################################

           ------------------------------------------------- 
          |                 G F N 2 - x T B                 |
          | Geometry, Frequencies, Noncovalent interactions |
          |            JCTC 2018 parametrisation            |
           ------------------------------------------------- 
      method parameters     
 k(s)        :  1.8500
 k(p)        :  2.2300
 k(d)        :  2.2300
 k(f)        :  2.0000
 kEN (H0ij)  : -2.0000
 D4 a1       :  0.5200
 D4 a2       :  5.0000
 D4 s6       :  1.0000
 D4 s8       :  2.7000
 D4 s9       :  5.0000
 alphaj      :  2.0000


            Z     q(EN)     CN     RAES       Cart. coordinates
     1  S   6.0    0.64    4.32    4.28     0.78774    -4.40226     2.14826
     2  O   6.0   -0.29    1.15    1.80     2.45226    -2.86846     3.82306
     3  O   6.0   -0.30    1.17    1.80    -1.53811    -2.93661     1.53965
     4  O   6.0   -0.29    1.17    1.80     2.16051    -5.01547    -0.23242
     5  O   6.0   -0.24    2.08    1.84     0.08605    -6.75583     3.44473
     6  H   1.0    0.15    1.21    1.47    -0.79850    -6.36163     4.97877
     7  O   6.0   -0.28    2.04    1.83    -1.32865     4.68592     0.77721
     8  H   1.0    0.15    0.97    1.43    -1.59134     5.66320     2.29066
     9  H   1.0    0.16    1.01    1.43    -2.38714     5.46017    -0.48563
    10  O   6.0   -0.28    1.97    1.82    -3.54227     4.91605    -3.80909
    11  H   1.0    0.16    1.00    1.43    -3.01157     3.17771    -3.70344
    12  H   1.0    0.15    0.97    1.43    -4.50922     5.03160    -5.34736
    13  O   6.0   -0.28    2.01    1.83    -0.68539     0.69735    -2.06183
    14  H   1.0    0.17    1.06    1.44    -0.78029     2.08239    -0.88401
    15  H   1.0    0.18    1.04    1.43    -1.00917    -0.79748    -1.07427
    16  O   6.0   -0.21    2.90    2.54     4.29668    -0.52090    -0.45207
    17  H   1.0    0.14    1.00    1.43     4.19374    -0.45719     1.41212
    18  H   1.0    0.15    1.02    1.43     4.10765    -2.26104    -1.10488
    19  H   1.0    0.13    0.98    1.43     3.09701     0.66249    -1.25947

  Z AO/shell   Hii/eV     exponent
  1     Wed Apr 25 08:07:45 CEST 2018   EN: 2.200 GM2: 0.406  GM3: 0.0800  RAES: 1.40
     1s    -10.707211    1.230000
  8     Wed Apr 25 08:07:45 CEST 2018   EN: 3.440 GM2: 0.452  GM3:-0.0517  RAES: 1.80
     2s    -20.229985    2.439742
     2p    -15.503117    2.137023
 16     Tue Apr 24 11:44:34 CEST 2018   EN: 2.580 GM2: 0.340  GM3:-0.0502  RAES: 3.10
     3s    -20.029654    1.981333
     3p    -11.377694    2.025643
     3d     -0.420282    1.702555
 no old-style atom pair restraining (fixing) potential

molecular fragmentation (1/2 indicates fragments):
1111112222222222222
# atoms in fragment 1/2:     6    13
 fragment masses (1/2) :       97.07       73.07
CMA distance (Bohr)    :   7.749
constraining FC (au)   :  0.0500
           ------------------------------------------------- 
          |        Self-Consistent Charge Iterations        |
           ------------------------------------------------- 

 Ncao       : 52
 Nao        : 51
 Nshell     : 29
 Nel        : 64
 T(el)      :   300.0
 intcut     :    25.0
 scfconv/Eh :  0.100E-05
   qconv/e  :  0.100E-03
 intneglect :  0.100E-07
 broydamp   :      0.250
 iter      E             dE          RMSdq      gap      omega  full diag
   1    -40.9782346 -0.409782E+02  0.771E+00   10.67       0.0  T
   2    -41.0200959 -0.418614E-01  0.557E+00   10.09       1.0  T
   3    -41.0528953 -0.327994E-01  0.148E+00    8.18       1.0  T
   4    -41.0569923 -0.409692E-02  0.619E-01    8.13       1.0  T
   5    -41.0576136 -0.621379E-03  0.331E-01    8.03       1.0  T
   6    -41.0579551 -0.341417E-03  0.145E-01    8.05       1.0  T
   7    -41.0580397 -0.846060E-04  0.500E-02    8.12       1.0  T
   8    -41.0580486 -0.894239E-05  0.297E-02    8.11       1.0  T
   9    -41.0580523 -0.372991E-05  0.109E-02    8.11       2.1  T
  10    -41.0580529 -0.515552E-06  0.245E-03    8.11       9.4  T
  11    -41.0580529 -0.134305E-07  0.102E-03    8.11      22.5  T
  12    -41.0580529 -0.360233E-08  0.429E-04    8.11      53.5  T
  13    -41.0580529 -0.640426E-09  0.104E-04    8.11     220.4  T
speedup  0.97
cpu  time for SCC    0.01 s
wall time for SCC    0.01 s

   *** convergence criteria satisfied after 13 iterations ***

          eigenvalues
 #    :          20         21         22         23         24         25         26         27
 occ. :        2.000      2.000      2.000      2.000      2.000      2.000      2.000      2.000
 eps  :       -13.806    -13.163    -12.845    -12.576    -12.278    -12.018    -11.816    -11.723
 #    :          28         29         30         31         32         33         34         35
 occ. :        2.000      2.000      2.000      2.000      2.000      0.000      0.000      0.000
 eps  :       -11.414    -11.237    -10.886    -10.727    -10.504     -2.399     -0.957      0.135
 #    :          36         37         38         39         40         41         42         43
 occ. :        0.000      0.000      0.000      0.000      0.000      0.000      0.000      0.000
 eps  :         0.649      1.360      1.801      3.408      4.063      4.150      4.968      5.750


   #   Z            q   n(s)   n(p)   n(d)      C6AA      α(0)
   1  16 S      1.539  1.588  1.877  0.996    92.519    16.189
   2   8 O     -0.770  1.777  4.993  0.000    30.677     7.426
   3   8 O     -0.750  1.782  4.968  0.000    30.096     7.355
   4   8 O     -0.740  1.770  4.970  0.000    29.819     7.321
   5   8 O     -0.531  1.713  4.818  0.000    23.569     6.554
   6   1 H      0.360  0.640  0.000  0.000     0.558     1.168
   7   8 O     -0.600  1.739  4.861  0.000    25.183     6.773
   8   1 H      0.285  0.715  0.000  0.000     0.766     1.375
   9   1 H      0.329  0.671  0.000  0.000     0.641     1.257
  10   8 O     -0.601  1.740  4.861  0.000    25.216     6.777
  11   1 H      0.322  0.678  0.000  0.000     0.657     1.273
  12   1 H      0.278  0.722  0.000  0.000     0.792     1.398
  13   8 O     -0.659  1.750  4.909  0.000    26.654     6.968
  14   1 H      0.327  0.673  0.000  0.000     0.644     1.260
  15   1 H      0.317  0.683  0.000  0.000     0.671     1.287
  16   8 O     -0.374  1.624  4.750  0.000    20.293     6.084
  17   1 H      0.420  0.580  0.000  0.000     0.449     1.053
  18   1 H      0.427  0.573  0.000  0.000     0.438     1.040
  19   1 H      0.419  0.581  0.000  0.000     0.451     1.055

 Mol. C6AA /au·bohr⁶  :       3378.311693
 Mol. C8AA /au·bohr⁸  :      76776.819782
 Mol. α(0) /au        :         83.614205

 
 Wiberg/Mayer (AO) data. WBOs > 0.1 written file <wbo>
 largest (>0.05) Wiberg bond orders for each atom
           total WBO             WBO to atom ...
     1  S   4.969    O    4 1.322    O    3 1.315    O    2 1.301    O    5 1.006
     2  O   1.658    S    1 1.301    O    3 0.116    O    4 0.115    O    5 0.074
     3  O   1.682    S    1 1.315    O    2 0.116    O    4 0.114    O    5 0.076
     4  O   1.701    S    1 1.322    O    2 0.115    O    3 0.114    H   18 0.060    O    5 0.053
     5  O   2.058    S    1 1.006    H    6 0.847    O    3 0.076    O    2 0.074    O    4 0.053
     6  H   0.871    O    5 0.847
     7  O   1.848    H    8 0.904    H    9 0.867
     8  H   0.919    O    7 0.904
     9  H   0.892    O    7 0.867
    10  O   1.831    H   12 0.915    H   11 0.871
    11  H   0.896    O   10 0.871
    12  H   0.923    O   10 0.915
    13  O   1.839    H   15 0.853    H   14 0.841
    14  H   0.893    O   13 0.841
    15  H   0.899    O   13 0.853
    16  O   2.370    H   17 0.782    H   19 0.779    H   18 0.751
    17  H   0.823    O   16 0.782
    18  H   0.818    O   16 0.751    O    4 0.060
    19  H   0.824    O   16 0.779
 MOs/occ written to file <molden.input>
 
molecular dipole:
                 x           y           z       tot (Debye)
 q only:        1.098       1.995      -0.527
   full:        0.475       1.527      -0.016       4.064
molecular quadrupole (traceless):
                xx          xy          yy          xz          yz          zz
 q only:        8.229       2.651      -9.627      -3.945      -1.510       1.398
  q+dip:        3.826       2.119      -6.403      -2.834      -4.767       2.577
   full:        3.099       1.986      -6.039      -2.812      -4.887       2.940

SCC energy    :     -41.0580529
rep           :       0.2164776
ES            :       0.2621425
AES           :      -0.0507299
AXC           :      -0.0106707
disp          :      -0.0112411
XB            :       0.0000000
fix           :       0.0000000
total E       :     -40.8415275
atomizationE  :       3.6357147     2281.45
(atE without considering molecular charge,
 total energy contains solvation terms)
H-L gap (eV)  :          8.1058
           ------------------------------------------------- 
          |                 ===============                 |
          |                   A N C O P T                   |
          |                 ===============                 |
          |          Approximate Normal Coordinate          |
          |           Rational Function Optimizer           |
           ------------------------------------------------- 
dumping coords to <xtbopt.coord> and <xtbopt.log>
 optlevel               2
 Maxcycle             380
 Maxmicro              25
 Econv         1.000000000000000E-007
 Gconv         2.000000000000000E-004
 Maxdispl       1.00000000000000     
 Hlow          5.000000000000000E-003
 S6             20.0000000000000     
 Nvar               51

generating ANC from model Hessian ...
 Shifting diagonal of input Hessian by   5.194161357054883E-003
 Lowest  eigenvalues of input Hessian
    0.005000    0.005164   -0.000000   -0.000000   -0.000000    0.000000
    0.000000    0.000000    0.005332    0.005828    0.006660    0.006737
    0.006850    0.007908    0.008622    0.009255    0.010147    0.010301
 Highest eigenvalues
    1.451061    1.543584    1.544312    3.131184    3.204816    3.307264
 
cpu  time for ANC gen    0.00 s
wall time for ANC gen    0.00 s
................................................................................
.............................. CYCLE    1 ......................................
................................................................................
   1    -41.0580529 -0.410581E+02  0.783E-05    8.11       0.0  T
   2    -41.0580529 -0.824940E-11  0.607E-05    8.11     377.7  T
   3    -41.0580529 -0.102460E-10  0.262E-05    8.11     877.3  T
speedup  1.00
cpu  time for SCC    0.00 s
wall time for SCC    0.00 s
speedup  1.00
cpu  time for grad    0.01 s
wall time for grad    0.01 s
 E :    -40.84152747  G :  0.155414    pred/act E change:  0.000D+00  0.283D-07
Maxdispl :   0.2620   ||displ|| :   0.5881   Lambda : -0.304D-01
Largest |displ|/coords:  0.2620 (  17)  0.2382 (  22)  0.1907 (  24)
................................................................................
.............................. CYCLE    2 ......................................
................................................................................
   1    -41.0713583 -0.410714E+02  0.655E-01    8.82       0.0  T
   2    -41.0715695 -0.211195E-03  0.498E-01    8.88       1.0  T
   3    -41.0716687 -0.992051E-04  0.107E-01    9.00       1.0  T
   4    -41.0717028 -0.341440E-04  0.251E-02    8.98       1.0  T
   5    -41.0717041 -0.124550E-05  0.898E-03    8.98       2.6  T
   6    -41.0717042 -0.901009E-07  0.535E-03    8.98       4.3  T
   7    -41.0717042 -0.852508E-07  0.215E-03    8.98      10.7  T
speedup  0.93
cpu  time for SCC    0.00 s
wall time for SCC    0.00 s
speedup  1.00
cpu  time for grad    0.01 s
wall time for grad    0.01 s
 E :    -40.86710506  G :  0.108147    pred/act E change:  0.000D+00 -0.256D-01
Maxdispl :   0.2632   ||displ|| :   0.5888   Lambda : -0.219D-01
Largest |displ|/coords:  0.2632 (  15)  0.2507 (  22)  0.2409 (  16)
................................................................................
.............................. CYCLE    3 ......................................
................................................................................
   1    -41.0854048 -0.410854E+02  0.434E-01    9.12       0.0  T
   2    -41.0858020 -0.397279E-03  0.322E-01    9.16       1.0  T
   3    -41.0859725 -0.170507E-03  0.130E-01    9.22       1.0  T
   4    -41.0859935 -0.209941E-04  0.260E-02    9.22       1.0  T
   5    -41.0859951 -0.153539E-05  0.104E-02    9.21       2.2  T
   6    -41.0859953 -0.212760E-06  0.576E-03    9.21       4.0  T
   7    -41.0859954 -0.117294E-06  0.283E-03    9.21       8.1  T
speedup  1.16
cpu  time for SCC    0.00 s
wall time for SCC    0.00 s
speedup  1.00
cpu  time for grad    0.01 s
wall time for grad    0.01 s
 E :    -40.88425970  G :  0.065148    pred/act E change: -0.205D-01 -0.172D-01
Maxdispl :   0.1923   ||displ|| :   0.5068   Lambda : -0.105D-01
Largest |displ|/coords:  0.1923 (  16)  0.1496 (  11)  0.1412 (  13)
................................................................................
.............................. CYCLE    4 ......................................
................................................................................
   1    -41.0805088 -0.410805E+02  0.498E-01    9.19       0.0  T
   2    -41.0812787 -0.769868E-03  0.359E-01    9.21       1.0  T
   3    -41.0815867 -0.308037E-03  0.154E-01    9.24       1.0  T
   4    -41.0816122 -0.254678E-04  0.216E-02    9.23       1.1  T
   5    -41.0816127 -0.512758E-06  0.101E-02    9.23       2.3  T
   6    -41.0816129 -0.197447E-06  0.512E-03    9.23       4.5  T
   7    -41.0816130 -0.727685E-07  0.211E-03    9.23      10.8  T
speedup  0.95
cpu  time for SCC    0.00 s
wall time for SCC    0.00 s
speedup  1.00
cpu  time for grad    0.01 s
wall time for grad    0.01 s
 E :    -40.88920787  G :  0.047425    pred/act E change: -0.147D-01 -0.495D-02
Maxdispl :   0.2159   ||displ|| :   0.4114   Lambda : -0.800D-02
Largest |displ|/coords:  0.2159 (  15)  0.1479 (   9)  0.1432 (  20)
................................................................................
.............................. CYCLE    5 ......................................
................................................................................
   1    -41.0866181 -0.410866E+02  0.483E-01    9.14       0.0  T
   2    -41.0867013 -0.832845E-04  0.365E-01    9.17       1.0  T
   3    -41.0867485 -0.471116E-04  0.751E-02    9.21       1.0  T
   4    -41.0867597 -0.112857E-04  0.213E-02    9.20       1.1  T
   5    -41.0867604 -0.643693E-06  0.560E-03    9.19       4.1  T
   6    -41.0867604 -0.319485E-07  0.283E-03    9.19       8.1  T
speedup  1.11
cpu  time for SCC    0.00 s
wall time for SCC    0.00 s
speedup  0.95
cpu  time for grad    0.01 s
wall time for grad    0.01 s
 E :    -40.88970863  G :  0.041608    pred/act E change: -0.657D-02 -0.501D-03
Maxdispl :   0.1526   ||displ|| :   0.3351   Lambda : -0.543D-02
Largest |displ|/coords:  0.1526 (   7)  0.1439 (  15)  0.1103 (  13)
................................................................................
.............................. CYCLE    6 ......................................
................................................................................
   1    -41.0847849 -0.410848E+02  0.317E-01    9.13       0.0  T
   2    -41.0848718 -0.868575E-04  0.238E-01    9.12       1.0  T
   3    -41.0849089 -0.371204E-04  0.563E-02    9.12       1.0  T
   4    -41.0849223 -0.134290E-04  0.105E-02    9.12       2.2  T
   5    -41.0849224 -0.119476E-06  0.477E-03    9.12       4.8  T
   6    -41.0849224 -0.222452E-07  0.183E-03    9.12      12.5  T
speedup  1.08
cpu  time for SCC    0.00 s
wall time for SCC    0.00 s
speedup  0.95
cpu  time for grad    0.01 s
wall time for grad    0.01 s
 E :    -40.89228160  G :  0.024921    pred/act E change: -0.468D-02 -0.257D-02
Maxdispl :   0.2006   ||displ|| :   0.3722   Lambda : -0.283D-02
Largest |displ|/coords:  0.2006 (   4)  0.1332 (  13)  0.1228 (   9)
................................................................................
.............................. CYCLE    7 ......................................
................................................................................
   1    -41.0904329 -0.410904E+02  0.586E-01    9.19       0.0  T
   2    -41.0905163 -0.834724E-04  0.446E-01    9.19       1.0  T
   3    -41.0905783 -0.619741E-04  0.555E-02    9.19       1.0  T
   4    -41.0905914 -0.131150E-04  0.106E-02    9.19       2.2  T
   5    -41.0905915 -0.920831E-07  0.630E-03    9.19       3.6  T
   6    -41.0905915 -0.126556E-07  0.208E-03    9.19      11.0  T
   7    -41.0905915 -0.594630E-08  0.521E-04    9.19      44.0  T
speedup  0.95
cpu  time for SCC    0.00 s
wall time for SCC    0.00 s
speedup  1.00
cpu  time for grad    0.01 s
wall time for grad    0.01 s
 E :    -40.89168099  G :  0.036171    pred/act E change: -0.302D-02  0.601D-03
Maxdispl :   0.0703   ||displ|| :   0.1783   Lambda : -0.195D-02
Largest |displ|/coords:  0.0703 (   4)  0.0694 (   3)  0.0633 (   9)
................................................................................
.............................. CYCLE    8 ......................................
................................................................................
   1    -41.0925586 -0.410926E+02  0.285E-01    9.22       0.0  T
   2    -41.0925747 -0.161066E-04  0.218E-01    9.23       1.0  T
   3    -41.0925878 -0.130601E-04  0.246E-02    9.24       1.0  T
   4    -41.0925899 -0.211966E-05  0.794E-03    9.24       2.9  T
   5    -41.0925900 -0.122620E-06  0.252E-03    9.24       9.1  T
   6    -41.0925900 -0.412271E-09  0.131E-03    9.23      17.5  T
speedup  0.81
cpu  time for SCC    0.00 s
wall time for SCC    0.00 s
speedup  0.95
cpu  time for grad    0.01 s
wall time for grad    0.01 s
 E :    -40.89302013  G :  0.014737    pred/act E change: -0.161D-02 -0.134D-02
Maxdispl :   0.2423   ||displ|| :   0.4367   Lambda : -0.206D-02
Largest |displ|/coords:  0.2423 (   9)  0.1665 (   4)  0.1352 (   1)
................................................................................
.............................. CYCLE    9 ......................................
................................................................................
   1    -41.0731826 -0.410732E+02  0.768E-01    9.28       0.0  T
   2    -41.0733427 -0.160116E-03  0.581E-01    9.29       1.0  T
   3    -41.0734499 -0.107151E-03  0.810E-02    9.30       1.0  T
   4    -41.0734739 -0.240577E-04  0.166E-02    9.29       1.4  T
   5    -41.0734742 -0.277132E-06  0.752E-03    9.29       3.1  T
   6    -41.0734743 -0.431494E-07  0.369E-03    9.29       6.2  T
   7    -41.0734743 -0.148992E-07  0.714E-04    9.29      32.1  T
   8    -41.0734743 -0.778364E-09  0.233E-04    9.29      98.6  T
speedup  1.04
cpu  time for SCC    0.00 s
wall time for SCC    0.00 s
speedup  0.94
cpu  time for grad    0.01 s
wall time for grad    0.01 s
 E :    -40.88965668  G :  0.073594    pred/act E change: -0.101D-02  0.336D-02
Maxdispl :   0.2434   ||displ|| :   0.5576   Lambda : -0.184D-01
Largest |displ|/coords:  0.2434 (   9)  0.2305 (   4)  0.2095 (   1)
................................................................................
.............................. CYCLE   10 ......................................
................................................................................
   1    -41.0984800 -0.410985E+02  0.105E+00    9.23       0.0  T
   2    -41.0988580 -0.378089E-03  0.798E-01    9.23       1.0  T
   3    -41.0991268 -0.268705E-03  0.127E-01    9.22       1.0  T
   4    -41.0991824 -0.556091E-04  0.231E-02    9.22       1.0  T
   5    -41.0991828 -0.418691E-06  0.140E-02    9.22       1.6  T
   6    -41.0991828 -0.585793E-07  0.518E-03    9.22       4.4  T
   7    -41.0991829 -0.376390E-07  0.931E-04    9.22      24.6  T
speedup  0.95
cpu  time for SCC    0.00 s
wall time for SCC    0.00 s
speedup  1.00
cpu  time for grad    0.01 s
wall time for grad    0.01 s
 E :    -40.89109104  G :  0.057810    pred/act E change: -0.123D-02 -0.143D-02
Maxdispl :   0.1005   ||displ|| :   0.2655   Lambda : -0.482D-02
Largest |displ|/coords:  0.1005 (   6)  0.0962 (  16)  0.0935 (  13)
................................................................................
.............................. CYCLE   11 ......................................
................................................................................
   1    -41.0886430 -0.410886E+02  0.446E-01    9.30       0.0  T
   2    -41.0887198 -0.767879E-04  0.336E-01    9.30       1.0  T
   3    -41.0887740 -0.542459E-04  0.569E-02    9.30       1.0  T
   4    -41.0887847 -0.106433E-04  0.119E-02    9.30       1.9  T
   5    -41.0887848 -0.134902E-06  0.608E-03    9.30       3.8  T
   6    -41.0887848 -0.393933E-07  0.261E-03    9.30       8.8  T
   7    -41.0887848 -0.985134E-08  0.568E-04    9.30      40.4  T
speedup  0.95
cpu  time for SCC    0.00 s
wall time for SCC    0.00 s
speedup  1.00
cpu  time for grad    0.01 s
wall time for grad    0.01 s
 E :    -40.89263682  G :  0.032251    pred/act E change: -0.121D-01 -0.155D-02
Maxdispl :   0.0913   ||displ|| :   0.2245   Lambda : -0.187D-02
Largest |displ|/coords:  0.0913 (   4)  0.0846 (   6)  0.0828 (   8)
................................................................................
.............................. CYCLE   12 ......................................
................................................................................
   1    -41.0921806 -0.410922E+02  0.342E-01    9.30       0.0  T
   2    -41.0922138 -0.331663E-04  0.260E-01    9.30       1.0  T
   3    -41.0922366 -0.228320E-04  0.375E-02    9.30       1.0  T
   4    -41.0922417 -0.513770E-05  0.861E-03    9.30       2.7  T
   5    -41.0922419 -0.137274E-06  0.368E-03    9.30       6.2  T
   6    -41.0922419 -0.412048E-08  0.194E-03    9.30      11.8  T
speedup  1.08
cpu  time for SCC    0.00 s
wall time for SCC    0.00 s
speedup  1.07
cpu  time for grad    0.01 s
wall time for grad    0.01 s
 E :    -40.89342887  G :  0.011066    pred/act E change: -0.258D-02 -0.792D-03
Maxdispl :   0.0648   ||displ|| :   0.1432   Lambda : -0.424D-03
Largest |displ|/coords:  0.0648 (  14)  0.0638 (   7)  0.0441 (   3)
................................................................................
.............................. CYCLE   13 ......................................
................................................................................
   1    -41.0914717 -0.410915E+02  0.135E-01    9.30       0.0  T
   2    -41.0914751 -0.345171E-05  0.102E-01    9.30       1.0  T
   3    -41.0914782 -0.310741E-05  0.138E-02    9.31       1.7  T
   4    -41.0914786 -0.390781E-06  0.469E-03    9.30       4.9  T
   5    -41.0914786 -0.214296E-07  0.127E-03    9.30      18.1  T
   6    -41.0914786 -0.103572E-08  0.762E-04    9.30      30.1  T
speedup  1.08
cpu  time for SCC    0.00 s
wall time for SCC    0.00 s
speedup  1.06
cpu  time for grad    0.01 s
wall time for grad    0.01 s
 E :    -40.89363851  G :  0.009457    pred/act E change: -0.983D-03 -0.210D-03
Maxdispl :   0.0933   ||displ|| :   0.1734   Lambda : -0.405D-03
Largest |displ|/coords:  0.0933 (   7)  0.0620 (   3)  0.0455 (  11)
................................................................................
.............................. CYCLE   14 ......................................
................................................................................
   1    -41.0902184 -0.410902E+02  0.185E-01    9.32       0.0  T
   2    -41.0902246 -0.617192E-05  0.140E-01    9.32       1.0  T
   3    -41.0902294 -0.478102E-05  0.175E-02    9.32       1.3  T
   4    -41.0902302 -0.868620E-06  0.433E-03    9.32       5.3  T
   5    -41.0902303 -0.295353E-07  0.168E-03    9.32      13.6  T
   6    -41.0902303 -0.469321E-09  0.845E-04    9.32      27.2  T
speedup  1.11
cpu  time for SCC    0.00 s
wall time for SCC    0.00 s
speedup  1.07
cpu  time for grad    0.01 s
wall time for grad    0.01 s
 E :    -40.89385016  G :  0.012848    pred/act E change: -0.216D-03 -0.212D-03
Maxdispl :   0.0833   ||displ|| :   0.1535   Lambda : -0.304D-03
Largest |displ|/coords:  0.0833 (   7)  0.0491 (  18)  0.0488 (   3)
................................................................................
.............................. CYCLE   15 ......................................
................................................................................
   1    -41.0895974 -0.410896E+02  0.120E-01    9.30       0.0  T
   2    -41.0896026 -0.513638E-05  0.913E-02    9.30       1.0  T
   3    -41.0896063 -0.370625E-05  0.142E-02    9.29       1.6  T
   4    -41.0896071 -0.818388E-06  0.345E-03    9.30       6.7  T
   5    -41.0896071 -0.956228E-08  0.154E-03    9.30      14.9  T
   6    -41.0896071 -0.182659E-08  0.653E-04    9.30      35.1  T
speedup  0.81
cpu  time for SCC    0.00 s
wall time for SCC    0.00 s
speedup  0.95
cpu  time for grad    0.01 s
wall time for grad    0.01 s
 E :    -40.89400701  G :  0.014422    pred/act E change: -0.209D-03 -0.157D-03
Maxdispl :   0.0826   ||displ|| :   0.1346   Lambda : -0.256D-03
Largest |displ|/coords:  0.0826 (   7)  0.0487 (   3)  0.0465 (  12)
................................................................................
.............................. CYCLE   16 ......................................
................................................................................
   1    -41.0916284 -0.410916E+02  0.949E-02    9.35       0.0  T
   2    -41.0916299 -0.153264E-05  0.717E-02    9.35       1.0  T
   3    -41.0916311 -0.120374E-05  0.896E-03    9.35       2.6  T
   4    -41.0916313 -0.202888E-06  0.342E-03    9.35       6.7  T
   5    -41.0916314 -0.121308E-07  0.107E-03    9.35      21.4  T
   6    -41.0916314 -0.661501E-09  0.602E-04    9.35      38.1  T
speedup  0.81
cpu  time for SCC    0.00 s
wall time for SCC    0.00 s
speedup  0.94
cpu  time for grad    0.01 s
wall time for grad    0.01 s
 E :    -40.89420415  G :  0.009897    pred/act E change: -0.156D-03 -0.197D-03
Maxdispl :   0.2058   ||displ|| :   0.3374   Lambda : -0.468D-03
Largest |displ|/coords:  0.2058 (   7)  0.1232 (  12)  0.1174 (   3)
................................................................................
.............................. CYCLE   17 ......................................
................................................................................
   1    -41.0923255 -0.410923E+02  0.249E-01    9.38       0.0  T
   2    -41.0923339 -0.840284E-05  0.189E-01    9.38       1.0  T
   3    -41.0923430 -0.910500E-05  0.208E-02    9.38       1.1  T
   4    -41.0923438 -0.713027E-06  0.754E-03    9.38       3.0  T
   5    -41.0923438 -0.415069E-07  0.268E-03    9.38       8.6  T
   6    -41.0923438 -0.783429E-08  0.157E-03    9.38      14.6  T
speedup  0.83
cpu  time for SCC    0.00 s
wall time for SCC    0.00 s
speedup  0.95
cpu  time for grad    0.01 s
wall time for grad    0.01 s
 E :    -40.89449678  G :  0.007532    pred/act E change: -0.130D-03 -0.293D-03
Maxdispl :   0.1949   ||displ|| :   0.3203   Lambda : -0.368D-03
Largest |displ|/coords:  0.1949 (   7)  0.1097 (  17)  0.0816 (   3)
................................................................................
.............................. CYCLE   18 ......................................
................................................................................
   1    -41.0944387 -0.410944E+02  0.238E-01    9.43       0.0  T
   2    -41.0944625 -0.238006E-04  0.181E-01    9.43       1.0  T
   3    -41.0944776 -0.151205E-04  0.323E-02    9.43       1.0  T
   4    -41.0944816 -0.396159E-05  0.119E-02    9.43       1.9  T
   5    -41.0944817 -0.158587E-06  0.376E-03    9.43       6.1  T
   6    -41.0944817 -0.111960E-07  0.203E-03    9.43      11.3  T
   7    -41.0944817 -0.486352E-08  0.493E-04    9.43      46.5  T
speedup  0.95
cpu  time for SCC    0.00 s
wall time for SCC    0.00 s
speedup  1.00
cpu  time for grad    0.01 s
wall time for grad    0.01 s
 E :    -40.89464312  G :  0.011722    pred/act E change: -0.260D-03 -0.146D-03
Maxdispl :   0.1175   ||displ|| :   0.2407   Lambda : -0.302D-03
Largest |displ|/coords:  0.1175 (   7)  0.1069 (   3)  0.0787 (  17)
................................................................................
.............................. CYCLE   19 ......................................
................................................................................
   1    -41.0921794 -0.410922E+02  0.201E-01    9.43       0.0  T
   2    -41.0921890 -0.967033E-05  0.154E-01    9.43       1.0  T
   3    -41.0921972 -0.817247E-05  0.207E-02    9.44       1.1  T
   4    -41.0921985 -0.127653E-05  0.807E-03    9.43       2.8  T
   5    -41.0921986 -0.656666E-07  0.237E-03    9.43       9.7  T
   6    -41.0921986 -0.472200E-08  0.141E-03    9.43      16.2  T
speedup  1.11
cpu  time for SCC    0.00 s
wall time for SCC    0.00 s
speedup  1.07
cpu  time for grad    0.01 s
wall time for grad    0.01 s
 E :    -40.89475583  G :  0.011016    pred/act E change: -0.203D-03 -0.113D-03
Maxdispl :   0.0840   ||displ|| :   0.1906   Lambda : -0.518D-03
Largest |displ|/coords:  0.0840 (   4)  0.0803 (   1)  0.0667 (  10)
................................................................................
.............................. CYCLE   20 ......................................
................................................................................
   1    -41.0953674 -0.410954E+02  0.126E-01    9.41       0.0  T
   2    -41.0953789 -0.115261E-04  0.927E-02    9.41       1.0  T
   3    -41.0953850 -0.606525E-05  0.229E-02    9.41       1.0  T
   4    -41.0953862 -0.119910E-05  0.464E-03    9.41       4.9  T
   5    -41.0953862 -0.290010E-07  0.209E-03    9.41      11.0  T
   6    -41.0953862 -0.384334E-08  0.105E-03    9.41      21.8  T
speedup  1.05
cpu  time for SCC    0.00 s
wall time for SCC    0.00 s
speedup  1.05
cpu  time for grad    0.01 s
wall time for grad    0.01 s
 E :    -40.89490321  G :  0.014591    pred/act E change: -0.160D-03 -0.147D-03
Maxdispl :   0.1495   ||displ|| :   0.3260   Lambda : -0.727D-03
Largest |displ|/coords:  0.1495 (  17)  0.1321 (   3)  0.1170 (   1)
................................................................................
.............................. CYCLE   21 ......................................
................................................................................
   1    -41.0940599 -0.410941E+02  0.312E-01    9.42       0.0  T
   2    -41.0941446 -0.846328E-04  0.236E-01    9.42       1.0  T
   3    -41.0941831 -0.385857E-04  0.615E-02    9.42       1.0  T
   4    -41.0941954 -0.122740E-04  0.216E-02    9.42       1.1  T
   5    -41.0941961 -0.659965E-06  0.598E-03    9.42       3.8  T
   6    -41.0941961 -0.302664E-07  0.315E-03    9.42       7.3  T
   7    -41.0941961 -0.110432E-07  0.840E-04    9.42      27.3  T
   8    -41.0941961 -0.193253E-08  0.255E-04    9.42      89.9  T
speedup  0.82
cpu  time for SCC    0.00 s
wall time for SCC    0.00 s
speedup  0.93
cpu  time for grad    0.01 s
wall time for grad    0.01 s
 E :    -40.89527709  G :  0.020405    pred/act E change: -0.268D-03 -0.374D-03
Maxdispl :   0.1646   ||displ|| :   0.4036   Lambda : -0.105D-02
Largest |displ|/coords:  0.1646 (  17)  0.1638 (   1)  0.1346 (  22)
................................................................................
.............................. CYCLE   22 ......................................
................................................................................
   1    -41.0950951 -0.410951E+02  0.392E-01    9.38       0.0  T
   2    -41.0952986 -0.203483E-03  0.298E-01    9.38       1.0  T
   3    -41.0953859 -0.873404E-04  0.966E-02    9.36       1.0  T
   4    -41.0954089 -0.230319E-04  0.323E-02    9.35       1.0  T
   5    -41.0954107 -0.172623E-05  0.854E-03    9.34       2.7  T
   6    -41.0954107 -0.508781E-07  0.444E-03    9.35       5.2  T
   7    -41.0954107 -0.204049E-07  0.118E-03    9.35      19.5  T
speedup  0.95
cpu  time for SCC    0.00 s
wall time for SCC    0.00 s
speedup  1.00
cpu  time for grad    0.01 s
wall time for grad    0.01 s
 E :    -40.89578334  G :  0.027391    pred/act E change: -0.402D-03 -0.506D-03
Maxdispl :   0.1799   ||displ|| :   0.3655   Lambda : -0.148D-02
Largest |displ|/coords:  0.1799 (   1)  0.1549 (  22)  0.1187 (   2)
................................................................................
.............................. CYCLE   23 ......................................
................................................................................
   1    -41.0974626 -0.410975E+02  0.250E-01    9.26       0.0  T
   2    -41.0975214 -0.587691E-04  0.189E-01    9.24       1.0  T
   3    -41.0975487 -0.273732E-04  0.505E-02    9.19       1.0  T
   4    -41.0975562 -0.749309E-05  0.161E-02    9.19       1.4  T
   5    -41.0975567 -0.447693E-06  0.477E-03    9.20       4.8  T
   6    -41.0975567 -0.229234E-07  0.260E-03    9.20       8.8  T
speedup  1.11
cpu  time for SCC    0.00 s
wall time for SCC    0.00 s
speedup  1.07
cpu  time for grad    0.01 s
wall time for grad    0.01 s
 E :    -40.89676894  G :  0.030365    pred/act E change: -0.612D-03 -0.986D-03
Maxdispl :   0.2216   ||displ|| :   0.4899   Lambda : -0.244D-02
Largest |displ|/coords:  0.2216 (  22)  0.1877 (   5)  0.1755 (   1)
................................................................................
.............................. CYCLE   24 ......................................
................................................................................
   1    -41.1017321 -0.411017E+02  0.409E-01    8.96       0.0  T
   2    -41.1019791 -0.246928E-03  0.305E-01    8.92       1.0  T
   3    -41.1020944 -0.115323E-03  0.103E-01    8.83       1.0  T
   4    -41.1021157 -0.213475E-04  0.302E-02    8.82       1.0  T
   5    -41.1021173 -0.152191E-05  0.971E-03    8.82       2.4  T
   6    -41.1021173 -0.768296E-07  0.516E-03    8.82       4.4  T
   7    -41.1021174 -0.252579E-07  0.130E-03    8.82      17.6  T
speedup  1.19
cpu  time for SCC    0.00 s
wall time for SCC    0.00 s
speedup  1.00
cpu  time for grad    0.01 s
wall time for grad    0.01 s
 E :    -40.89843485  G :  0.031206    pred/act E change: -0.838D-03 -0.167D-02
Maxdispl :   0.1662   ||displ|| :   0.3865   Lambda : -0.374D-02
Largest |displ|/coords:  0.1662 (  22)  0.1368 (  11)  0.1354 (  15)
................................................................................
.............................. CYCLE   25 ......................................
................................................................................
   1    -41.1218089 -0.411218E+02  0.338E-01    8.91       0.0  T
   2    -41.1219185 -0.109570E-03  0.246E-01    8.85       1.0  T
   3    -41.1219865 -0.680925E-04  0.701E-02    8.73       1.0  T
   4    -41.1219937 -0.716455E-05  0.239E-02    8.74       1.0  T
   5    -41.1219946 -0.848873E-06  0.673E-03    8.75       3.4  T
   6    -41.1219946 -0.349115E-07  0.364E-03    8.75       6.3  T
   7    -41.1219946 -0.117669E-07  0.126E-03    8.75      18.2  T
speedup  0.93
cpu  time for SCC    0.00 s
wall time for SCC    0.00 s
speedup  1.00
cpu  time for grad    0.01 s
wall time for grad    0.01 s
 E :    -40.89712721  G :  0.079479    pred/act E change: -0.151D-02  0.131D-02
Maxdispl :   0.1454   ||displ|| :   0.3718   Lambda : -0.142D-01
Largest |displ|/coords:  0.1454 (  17)  0.1362 (  12)  0.1082 (  21)

generating ANC from model Hessian ...
 Shifting diagonal of input Hessian by   5.202757918614279E-003
 Lowest  eigenvalues of input Hessian
    0.005000   -0.000000   -0.000000   -0.000000    0.000000    0.000000
    0.000000    0.005206    0.005302    0.005771    0.006388    0.006844
    0.007097    0.007635    0.008137    0.009027    0.010060    0.011548
 Highest eigenvalues
    1.358005    1.364162    1.417723    2.537880    3.160480    3.760162
 
cpu  time for ANC gen    0.00 s
wall time for ANC gen    0.00 s
................................................................................
.............................. CYCLE   26 ......................................
................................................................................
   1    -41.0897014 -0.410897E+02  0.583E-01    8.49       0.0  T
   2    -41.0901549 -0.453471E-03  0.420E-01    8.57       1.0  T
   3    -41.0903945 -0.239649E-03  0.134E-01    8.65       1.0  T
   4    -41.0904255 -0.309441E-04  0.391E-02    8.62       1.0  T
   5    -41.0904279 -0.236797E-05  0.134E-02    8.61       1.7  T
   6    -41.0904281 -0.284802E-06  0.800E-03    8.61       2.9  T
   7    -41.0904282 -0.465288E-07  0.187E-03    8.61      12.3  T
   8    -41.0904282 -0.447827E-08  0.508E-04    8.61      45.2  T
   9    -41.0904282 -0.561776E-09  0.171E-04    8.61     134.1  T
speedup  0.93
cpu  time for SCC    0.00 s
wall time for SCC    0.01 s
speedup  1.04
cpu  time for grad    0.01 s
wall time for grad    0.01 s
 E :    -40.89463076  G :  0.086820    pred/act E change:  0.000D+00  0.250D-02
Maxdispl :   0.0700   ||displ|| :   0.1901   Lambda : -0.796D-02
Largest |displ|/coords:  0.0700 (  19)  0.0635 (  38)  0.0617 (  20)
................................................................................
.............................. CYCLE   27 ......................................
................................................................................
   1    -41.1051874 -0.411052E+02  0.181E-01    8.73       0.0  T
   2    -41.1052537 -0.662264E-04  0.125E-01    8.71       1.0  T
   3    -41.1052920 -0.383024E-04  0.451E-02    8.66       1.0  T
   4    -41.1052949 -0.294803E-05  0.152E-02    8.66       1.5  T
   5    -41.1052953 -0.382346E-06  0.531E-03    8.66       4.3  T
   6    -41.1052953 -0.196074E-07  0.247E-03    8.67       9.3  T
speedup  1.05
cpu  time for SCC    0.00 s
wall time for SCC    0.00 s
speedup  1.05
cpu  time for grad    0.01 s
wall time for grad    0.01 s
 E :    -40.90019667  G :  0.034550    pred/act E change:  0.000D+00 -0.557D-02
Maxdispl :   0.0764   ||displ|| :   0.1534   Lambda : -0.220D-02
Largest |displ|/coords:  0.0764 (   1)  0.0490 (  10)  0.0468 (   3)
................................................................................
.............................. CYCLE   28 ......................................
................................................................................
   1    -41.1152219 -0.411152E+02  0.164E-01    8.74       0.0  T
   2    -41.1152554 -0.334607E-04  0.117E-01    8.72       1.0  T
   3    -41.1152750 -0.196332E-04  0.359E-02    8.69       1.0  T
   4    -41.1152769 -0.182309E-05  0.112E-02    8.69       2.0  T
   5    -41.1152771 -0.216102E-06  0.367E-03    8.69       6.2  T
   6    -41.1152771 -0.913538E-08  0.184E-03    8.69      12.5  T
speedup  1.08
cpu  time for SCC    0.00 s
wall time for SCC    0.00 s
speedup  1.06
cpu  time for grad    0.01 s
wall time for grad    0.01 s
 E :    -40.90121068  G :  0.014180    pred/act E change: -0.412D-02 -0.101D-02
Maxdispl :   0.0883   ||displ|| :   0.1293   Lambda : -0.287D-03
Largest |displ|/coords:  0.0883 (   1)  0.0548 (   3)  0.0450 (  10)
................................................................................
.............................. CYCLE   29 ......................................
................................................................................
   1    -41.1144914 -0.411145E+02  0.103E-01    8.69       0.0  T
   2    -41.1144936 -0.219092E-05  0.782E-02    8.69       1.0  T
   3    -41.1144955 -0.185769E-05  0.106E-02    8.69       2.2  T
   4    -41.1144957 -0.253031E-06  0.309E-03    8.69       7.4  T
   5    -41.1144957 -0.120788E-07  0.104E-03    8.69      22.1  T
   6    -41.1144957 -0.784155E-09  0.547E-04    8.69      42.0  T
speedup  0.70
cpu  time for SCC    0.00 s
wall time for SCC    0.00 s
speedup  0.86
cpu  time for grad    0.01 s
wall time for grad    0.01 s
 E :    -40.90141783  G :  0.007756    pred/act E change: -0.113D-02 -0.207D-03
Maxdispl :   0.1421   ||displ|| :   0.2544   Lambda : -0.346D-03
Largest |displ|/coords:  0.1421 (   1)  0.1345 (   3)  0.0960 (  10)
................................................................................
.............................. CYCLE   30 ......................................
................................................................................
   1    -41.1142527 -0.411143E+02  0.178E-01    8.68       0.0  T
   2    -41.1142588 -0.614351E-05  0.132E-01    8.68       1.0  T
   3    -41.1142633 -0.448449E-05  0.205E-02    8.67       1.1  T
   4    -41.1142640 -0.688051E-06  0.646E-03    8.67       3.6  T
   5    -41.1142640 -0.446127E-07  0.182E-03    8.67      12.6  T
   6    -41.1142640 -0.337846E-08  0.109E-03    8.67      21.1  T
speedup  0.81
cpu  time for SCC    0.00 s
wall time for SCC    0.00 s
speedup  0.94
cpu  time for grad    0.01 s
wall time for grad    0.01 s
 E :    -40.90161770  G :  0.007912    pred/act E change: -0.146D-03 -0.200D-03
Maxdispl :   0.1473   ||displ|| :   0.2390   Lambda : -0.202D-03
Largest |displ|/coords:  0.1473 (   3)  0.1449 (   1)  0.0720 (   2)
................................................................................
.............................. CYCLE   31 ......................................
................................................................................
   1    -41.1149543 -0.411150E+02  0.179E-01    8.66       0.0  T
   2    -41.1149603 -0.593441E-05  0.134E-01    8.66       1.0  T
   3    -41.1149650 -0.474715E-05  0.203E-02    8.65       1.1  T
   4    -41.1149657 -0.633283E-06  0.562E-03    8.65       4.1  T
   5    -41.1149657 -0.311908E-07  0.153E-03    8.65      15.0  T
   6    -41.1149657 -0.207501E-08  0.857E-04    8.65      26.8  T
speedup  0.81
cpu  time for SCC    0.00 s
wall time for SCC    0.00 s
speedup  0.94
cpu  time for grad    0.01 s
wall time for grad    0.01 s
 E :    -40.90174404  G :  0.008011    pred/act E change: -0.184D-03 -0.126D-03
Maxdispl :   0.1652   ||displ|| :   0.2295   Lambda : -0.189D-03
Largest |displ|/coords:  0.1652 (   3)  0.1216 (   1)  0.0681 (   2)
................................................................................
.............................. CYCLE   32 ......................................
................................................................................
   1    -41.1173606 -0.411174E+02  0.124E-01    8.62       0.0  T
   2    -41.1173647 -0.408209E-05  0.915E-02    8.61       1.0  T
   3    -41.1173675 -0.279480E-05  0.157E-02    8.59       1.5  T
   4    -41.1173680 -0.442675E-06  0.378E-03    8.60       6.1  T
   5    -41.1173680 -0.169941E-07  0.124E-03    8.60      18.6  T
   6    -41.1173680 -0.176835E-08  0.708E-04    8.60      32.4  T
speedup  1.08
cpu  time for SCC    0.00 s
wall time for SCC    0.00 s
speedup  1.06
cpu  time for grad    0.01 s
wall time for grad    0.01 s
 E :    -40.90185499  G :  0.004481    pred/act E change: -0.107D-03 -0.111D-03
Maxdispl :   0.1614   ||displ|| :   0.2431   Lambda : -0.146D-03
Largest |displ|/coords:  0.1614 (   3)  0.1091 (   1)  0.0952 (   2)
................................................................................
.............................. CYCLE   33 ......................................
................................................................................
   1    -41.1173985 -0.411174E+02  0.178E-01    8.55       0.0  T
   2    -41.1174041 -0.556249E-05  0.134E-01    8.55       1.0  T
   3    -41.1174091 -0.501402E-05  0.160E-02    8.56       1.4  T
   4    -41.1174097 -0.620809E-06  0.474E-03    8.55       4.8  T
   5    -41.1174097 -0.197154E-07  0.171E-03    8.55      13.5  T
   6    -41.1174097 -0.208404E-08  0.939E-04    8.55      24.4  T
speedup  1.05
cpu  time for SCC    0.00 s
wall time for SCC    0.00 s
speedup  1.05
cpu  time for grad    0.01 s
wall time for grad    0.01 s
 E :    -40.90190340  G :  0.008540    pred/act E change: -0.994D-04 -0.484D-04
Maxdispl :   0.0386   ||displ|| :   0.0711   Lambda : -0.102D-03
Largest |displ|/coords:  0.0386 (  10)  0.0384 (   4)  0.0255 (   3)
................................................................................
.............................. CYCLE   34 ......................................
................................................................................
   1    -41.1182801 -0.411183E+02  0.744E-02    8.59       0.0  T
   2    -41.1182818 -0.161651E-05  0.557E-02    8.59       1.0  T
   3    -41.1182828 -0.100924E-05  0.970E-03    8.59       2.4  T
   4    -41.1182830 -0.217697E-06  0.275E-03    8.59       8.3  T
   5    -41.1182830 -0.134012E-07  0.852E-04    8.59      26.9  T
speedup  0.94
cpu  time for SCC    0.00 s
wall time for SCC    0.00 s
speedup  1.01
cpu  time for grad    0.01 s
wall time for grad    0.01 s
 E :    -40.90196168  G :  0.003103    pred/act E change: -0.774D-04 -0.583D-04
Maxdispl :   0.0754   ||displ|| :   0.1048   Lambda : -0.477D-04
Largest |displ|/coords:  0.0754 (   3)  0.0400 (   2)  0.0349 (   4)
................................................................................
.............................. CYCLE   35 ......................................
................................................................................
   1    -41.1183416 -0.411183E+02  0.723E-02    8.59       0.0  T
   2    -41.1183421 -0.460675E-06  0.545E-02    8.59       1.0  T
   3    -41.1183426 -0.509239E-06  0.428E-03    8.59       5.4  T
   4    -41.1183426 -0.434529E-07  0.218E-03    8.59      10.5  T
   5    -41.1183426 -0.428072E-08  0.681E-04    8.59      33.7  T
   6    -41.1183426 -0.420386E-09  0.365E-04    8.59      62.8  T
speedup  1.11
cpu  time for SCC    0.00 s
wall time for SCC    0.00 s
speedup  1.03
cpu  time for grad    0.01 s
wall time for grad    0.01 s
 E :    -40.90199759  G :  0.002463    pred/act E change: -0.514D-04 -0.359D-04
Maxdispl :   0.1645   ||displ|| :   0.2154   Lambda : -0.693D-04
Largest |displ|/coords:  0.1645 (   3)  0.0891 (   2)  0.0570 (  12)
................................................................................
.............................. CYCLE   36 ......................................
................................................................................
   1    -41.1178565 -0.411179E+02  0.143E-01    8.56       0.0  T
   2    -41.1178587 -0.226064E-05  0.109E-01    8.56       1.0  T
   3    -41.1178615 -0.280945E-05  0.797E-03    8.56       2.9  T
   4    -41.1178617 -0.137761E-06  0.432E-03    8.56       5.3  T
   5    -41.1178617 -0.132705E-07  0.126E-03    8.56      18.2  T
   6    -41.1178617 -0.150460E-08  0.710E-04    8.56      32.3  T
   7    -41.1178617 -0.664265E-09  0.150E-04    8.56     152.8  T
speedup  0.93
cpu  time for SCC    0.00 s
wall time for SCC    0.00 s
speedup  0.96
cpu  time for grad    0.01 s
wall time for grad    0.01 s
 E :    -40.90203844  G :  0.004470    pred/act E change: -0.241D-04 -0.408D-04
Maxdispl :   0.0871   ||displ|| :   0.1136   Lambda : -0.488D-04
Largest |displ|/coords:  0.0871 (   3)  0.0451 (   2)  0.0262 (  12)
................................................................................
.............................. CYCLE   37 ......................................
................................................................................
   1    -41.1184041 -0.411184E+02  0.628E-02    8.55       0.0  T
   2    -41.1184050 -0.859595E-06  0.472E-02    8.54       1.0  T
   3    -41.1184058 -0.826834E-06  0.630E-03    8.54       3.6  T
   4    -41.1184059 -0.921040E-07  0.186E-03    8.54      12.3  T
   5    -41.1184059 -0.354011E-08  0.752E-04    8.54      30.5  T
speedup  0.94
cpu  time for SCC    0.00 s
wall time for SCC    0.00 s
speedup  1.00
cpu  time for grad    0.01 s
wall time for grad    0.01 s
 E :    -40.90206384  G :  0.003923    pred/act E change: -0.363D-04 -0.254D-04
Maxdispl :   0.1507   ||displ|| :   0.1934   Lambda : -0.506D-04
Largest |displ|/coords:  0.1507 (   3)  0.0821 (   2)  0.0558 (   1)
................................................................................
.............................. CYCLE   38 ......................................
................................................................................
   1    -41.1172362 -0.411172E+02  0.125E-01    8.51       0.0  T
   2    -41.1172379 -0.176215E-05  0.947E-02    8.51       1.0  T
   3    -41.1172403 -0.238401E-05  0.754E-03    8.51       3.0  T
   4    -41.1172404 -0.690702E-07  0.288E-03    8.51       8.0  T
   5    -41.1172404 -0.749764E-08  0.108E-03    8.51      21.3  T
   6    -41.1172404 -0.121896E-08  0.567E-04    8.51      40.5  T
   7    -41.1172404 -0.437815E-09  0.135E-04    8.51     169.4  T
speedup  0.93
cpu  time for SCC    0.00 s
wall time for SCC    0.00 s
speedup  0.96
cpu  time for grad    0.01 s
wall time for grad    0.01 s
 E :    -40.90209114  G :  0.004597    pred/act E change: -0.247D-04 -0.273D-04
Maxdispl :   0.0552   ||displ|| :   0.0994   Lambda : -0.602D-04
Largest |displ|/coords:  0.0552 (   3)  0.0531 (   2)  0.0298 (  11)
................................................................................
.............................. CYCLE   39 ......................................
................................................................................
   1    -41.1185285 -0.411185E+02  0.675E-02    8.54       0.0  T
   2    -41.1185292 -0.736035E-06  0.506E-02    8.54       1.0  T
   3    -41.1185300 -0.773409E-06  0.681E-03    8.55       3.4  T
   4    -41.1185300 -0.628960E-07  0.193E-03    8.55      11.9  T
   5    -41.1185300 -0.483971E-08  0.730E-04    8.55      31.4  T
speedup  0.97
cpu  time for SCC    0.00 s
wall time for SCC    0.00 s
speedup  0.99
cpu  time for grad    0.01 s
wall time for grad    0.01 s
 E :    -40.90211605  G :  0.004388    pred/act E change: -0.262D-04 -0.249D-04
Maxdispl :   0.0421   ||displ|| :   0.0740   Lambda : -0.381D-04
Largest |displ|/coords:  0.0421 (   3)  0.0352 (   2)  0.0215 (   7)
................................................................................
.............................. CYCLE   40 ......................................
................................................................................
   1    -41.1182822 -0.411183E+02  0.565E-02    8.58       0.0  T
   2    -41.1182829 -0.627538E-06  0.428E-02    8.58       1.0  T
   3    -41.1182835 -0.612075E-06  0.501E-03    8.59       4.6  T
   4    -41.1182836 -0.669097E-07  0.209E-03    8.59      11.0  T
   5    -41.1182836 -0.522934E-08  0.649E-04    8.59      35.4  T
speedup  0.94
cpu  time for SCC    0.00 s
wall time for SCC    0.00 s
speedup  1.00
cpu  time for grad    0.01 s
wall time for grad    0.01 s
 E :    -40.90213661  G :  0.003655    pred/act E change: -0.304D-04 -0.206D-04
Maxdispl :   0.0563   ||displ|| :   0.0741   Lambda : -0.255D-04
Largest |displ|/coords:  0.0563 (   3)  0.0311 (   2)  0.0130 (  14)
................................................................................
.............................. CYCLE   41 ......................................
................................................................................
   1    -41.1180064 -0.411180E+02  0.441E-02    8.58       0.0  T
   2    -41.1180068 -0.386918E-06  0.331E-02    8.58       1.0  T
   3    -41.1180071 -0.386936E-06  0.440E-03    8.59       5.2  T
   4    -41.1180072 -0.411025E-07  0.171E-03    8.59      13.4  T
   5    -41.1180072 -0.367277E-08  0.565E-04    8.59      40.6  T
   6    -41.1180072 -0.343078E-09  0.307E-04    8.59      74.7  T
speedup  0.81
cpu  time for SCC    0.00 s
wall time for SCC    0.00 s
speedup  0.91
cpu  time for grad    0.01 s
wall time for grad    0.01 s
 E :    -40.90215149  G :  0.002074    pred/act E change: -0.192D-04 -0.149D-04
Maxdispl :   0.1356   ||displ|| :   0.1738   Lambda : -0.316D-04
Largest |displ|/coords:  0.1356 (   3)  0.0792 (   2)  0.0291 (  10)
................................................................................
.............................. CYCLE   42 ......................................
................................................................................
   1    -41.1169296 -0.411169E+02  0.113E-01    8.57       0.0  T
   2    -41.1169313 -0.172662E-05  0.854E-02    8.57       1.0  T
   3    -41.1169332 -0.183083E-05  0.807E-03    8.58       2.8  T
   4    -41.1169334 -0.169402E-06  0.352E-03    8.58       6.5  T
   5    -41.1169334 -0.134067E-07  0.122E-03    8.58      18.9  T
   6    -41.1169334 -0.141385E-08  0.647E-04    8.58      35.5  T
   7    -41.1169334 -0.746233E-09  0.163E-04    8.58     140.6  T
speedup  1.14
cpu  time for SCC    0.00 s
wall time for SCC    0.00 s
speedup  1.05
cpu  time for grad    0.01 s
wall time for grad    0.01 s
 E :    -40.90215017  G :  0.005494    pred/act E change: -0.128D-04  0.133D-05
Maxdispl :   0.0707   ||displ|| :   0.0905   Lambda : -0.365D-04
Largest |displ|/coords:  0.0707 (   3)  0.0368 (   2)  0.0232 (   1)
................................................................................
.............................. CYCLE   43 ......................................
................................................................................
   1    -41.1181672 -0.411182E+02  0.577E-02    8.61       0.0  T
   2    -41.1181678 -0.552670E-06  0.434E-02    8.61       1.0  T
   3    -41.1181683 -0.569234E-06  0.513E-03    8.61       4.5  T
   4    -41.1181684 -0.547902E-07  0.160E-03    8.61      14.4  T
   5    -41.1181684 -0.261645E-08  0.695E-04    8.61      33.0  T
speedup  0.94
cpu  time for SCC    0.00 s
wall time for SCC    0.00 s
speedup  0.87
cpu  time for grad    0.01 s
wall time for grad    0.01 s
 E :    -40.90216638  G :  0.001609    pred/act E change: -0.163D-04 -0.162D-04
Maxdispl :   0.0313   ||displ|| :   0.0419   Lambda : -0.730D-05
Largest |displ|/coords:  0.0313 (   3)  0.0204 (   2)  0.0084 (  10)
................................................................................
.............................. CYCLE   44 ......................................
................................................................................
   1    -41.1177225 -0.411177E+02  0.292E-02    8.60       0.0  T
   2    -41.1177226 -0.154494E-06  0.220E-02    8.60       1.0  T
   3    -41.1177227 -0.135439E-06  0.259E-03    8.60       8.8  T
   4    -41.1177228 -0.189158E-07  0.883E-04    8.60      26.0  T
   5    -41.1177228 -0.104624E-08  0.322E-04    8.60      71.3  T
speedup  0.97
cpu  time for SCC    0.00 s
wall time for SCC    0.00 s
speedup  1.10
cpu  time for grad    0.01 s
wall time for grad    0.01 s
 E :    -40.90216946  G :  0.001136    pred/act E change: -0.184D-04 -0.308D-05
Maxdispl :   0.0164   ||displ|| :   0.0294   Lambda : -0.570D-05
Largest |displ|/coords:  0.0164 (   3)  0.0115 (   2)  0.0114 (   6)
................................................................................
.............................. CYCLE   45 ......................................
................................................................................
   1    -41.1177579 -0.411178E+02  0.242E-02    8.61       0.0  T
   2    -41.1177580 -0.595567E-07  0.183E-02    8.61       1.3  T
   3    -41.1177580 -0.625872E-07  0.147E-03    8.61      15.6  T
   4    -41.1177580 -0.638816E-08  0.700E-04    8.61      32.8  T
   5    -41.1177580 -0.548852E-09  0.226E-04    8.61     101.5  T
speedup  1.25
cpu  time for SCC    0.00 s
wall time for SCC    0.00 s
speedup  1.08
cpu  time for grad    0.01 s
wall time for grad    0.01 s
 E :    -40.90217417  G :  0.001309    pred/act E change: -0.366D-05 -0.471D-05
Maxdispl :   0.0374   ||displ|| :   0.0757   Lambda : -0.130D-04
Largest |displ|/coords:  0.0374 (   3)  0.0297 (   6)  0.0296 (   1)
................................................................................
.............................. CYCLE   46 ......................................
................................................................................
   1    -41.1178721 -0.411179E+02  0.645E-02    8.61       0.0  T
   2    -41.1178725 -0.422021E-06  0.486E-02    8.61       1.0  T
   3    -41.1178729 -0.431683E-06  0.395E-03    8.62       5.8  T
   4    -41.1178730 -0.464423E-07  0.187E-03    8.62      12.3  T
   5    -41.1178730 -0.356045E-08  0.627E-04    8.62      36.6  T
   6    -41.1178730 -0.356344E-09  0.325E-04    8.62      70.5  T
speedup  1.05
cpu  time for SCC    0.00 s
wall time for SCC    0.00 s
speedup  1.01
cpu  time for grad    0.01 s
wall time for grad    0.01 s
 E :    -40.90218252  G :  0.002425    pred/act E change: -0.285D-05 -0.835D-05
Maxdispl :   0.0314   ||displ|| :   0.0465   Lambda : -0.743D-05
Largest |displ|/coords:  0.0314 (   1)  0.0199 (   6)  0.0155 (   5)
................................................................................
.............................. CYCLE   47 ......................................
................................................................................
   1    -41.1180582 -0.411181E+02  0.398E-02    8.62       0.0  T
   2    -41.1180583 -0.112846E-06  0.300E-02    8.62       1.0  T
   3    -41.1180584 -0.132842E-06  0.198E-03    8.62      11.6  T
   4    -41.1180584 -0.897338E-08  0.102E-03    8.62      22.4  T
   5    -41.1180584 -0.859451E-09  0.324E-04    8.62      70.9  T
   6    -41.1180584 -0.105267E-09  0.176E-04    8.62     130.2  T
speedup  1.08
cpu  time for SCC    0.00 s
wall time for SCC    0.00 s
speedup  1.02
cpu  time for grad    0.01 s
wall time for grad    0.01 s
 E :    -40.90218833  G :  0.002190    pred/act E change: -0.652D-05 -0.581D-05
Maxdispl :   0.0707   ||displ|| :   0.1038   Lambda : -0.155D-04
Largest |displ|/coords:  0.0707 (   1)  0.0402 (   6)  0.0317 (   5)
................................................................................
.............................. CYCLE   48 ......................................
................................................................................
   1    -41.1181063 -0.411181E+02  0.851E-02    8.63       0.0  T
   2    -41.1181068 -0.537802E-06  0.642E-02    8.63       1.0  T
   3    -41.1181075 -0.679860E-06  0.448E-03    8.63       5.1  T
   4    -41.1181075 -0.332999E-07  0.190E-03    8.63      12.1  T
   5    -41.1181075 -0.273460E-08  0.727E-04    8.63      31.6  T
   6    -41.1181075 -0.664599E-09  0.395E-04    8.63      58.1  T
speedup  0.79
cpu  time for SCC    0.00 s
wall time for SCC    0.00 s
speedup  1.01
cpu  time for grad    0.01 s
wall time for grad    0.01 s
 E :    -40.90219826  G :  0.002559    pred/act E change: -0.373D-05 -0.992D-05
Maxdispl :   0.0791   ||displ|| :   0.0979   Lambda : -0.138D-04
Largest |displ|/coords:  0.0791 (   1)  0.0280 (   6)  0.0229 (   5)
................................................................................
.............................. CYCLE   49 ......................................
................................................................................
   1    -41.1179718 -0.411180E+02  0.749E-02    8.63       0.0  T
   2    -41.1179721 -0.310420E-06  0.561E-02    8.63       1.0  T
   3    -41.1179726 -0.412175E-06  0.475E-03    8.63       4.8  T
   4    -41.1179726 -0.144892E-07  0.103E-03    8.63      22.3  T
   5    -41.1179726 -0.823924E-09  0.660E-04    8.63      34.8  T
   6    -41.1179726 -0.450115E-09  0.185E-04    8.63     123.8  T
speedup  1.05
cpu  time for SCC    0.00 s
wall time for SCC    0.00 s
speedup  1.10
cpu  time for grad    0.01 s
wall time for grad    0.01 s
 E :    -40.90220683  G :  0.001957    pred/act E change: -0.782D-05 -0.857D-05
Maxdispl :   0.0519   ||displ|| :   0.0753   Lambda : -0.113D-04
Largest |displ|/coords:  0.0519 (   1)  0.0292 (   3)  0.0181 (   4)
................................................................................
.............................. CYCLE   50 ......................................
................................................................................
   1    -41.1177258 -0.411177E+02  0.587E-02    8.62       0.0  T
   2    -41.1177261 -0.307270E-06  0.436E-02    8.62       1.0  T
   3    -41.1177264 -0.325615E-06  0.588E-03    8.62       3.9  T
   4    -41.1177265 -0.241189E-07  0.118E-03    8.62      19.4  T
   5    -41.1177265 -0.164057E-08  0.521E-04    8.62      44.0  T
   6    -41.1177265 -0.221924E-09  0.283E-04    8.62      81.1  T
speedup  1.08
cpu  time for SCC    0.00 s
wall time for SCC    0.00 s
speedup  1.02
cpu  time for grad    0.01 s
wall time for grad    0.01 s
 E :    -40.90221469  G :  0.001589    pred/act E change: -0.697D-05 -0.786D-05
Maxdispl :   0.0463   ||displ|| :   0.0594   Lambda : -0.952D-05
Largest |displ|/coords:  0.0463 (   1)  0.0176 (  11)  0.0155 (   3)
................................................................................
.............................. CYCLE   51 ......................................
................................................................................
   1    -41.1178211 -0.411178E+02  0.431E-02    8.64       0.0  T
   2    -41.1178213 -0.214963E-06  0.313E-02    8.63       1.0  T
   3    -41.1178215 -0.177276E-06  0.547E-03    8.63       4.2  T
   4    -41.1178215 -0.151406E-07  0.121E-03    8.63      19.0  T
   5    -41.1178215 -0.164451E-08  0.308E-04    8.63      74.5  T
   6    -41.1178215 -0.676934E-10  0.186E-04    8.63     123.2  T
speedup  1.05
cpu  time for SCC    0.00 s
wall time for SCC    0.00 s
speedup  1.01
cpu  time for grad    0.01 s
wall time for grad    0.01 s
 E :    -40.90222037  G :  0.001412    pred/act E change: -0.571D-05 -0.568D-05
Maxdispl :   0.0370   ||displ|| :   0.0558   Lambda : -0.458D-05
Largest |displ|/coords:  0.0370 (   1)  0.0276 (   3)  0.0128 (  10)
................................................................................
.............................. CYCLE   52 ......................................
................................................................................
   1    -41.1175572 -0.411176E+02  0.432E-02    8.63       0.0  T
   2    -41.1175574 -0.153534E-06  0.324E-02    8.63       1.0  T
   3    -41.1175575 -0.173591E-06  0.332E-03    8.63       6.9  T
   4    -41.1175575 -0.113676E-07  0.913E-04    8.63      25.1  T
   5    -41.1175575 -0.835016E-09  0.383E-04    8.63      59.9  T
speedup  0.97
cpu  time for SCC    0.00 s
wall time for SCC    0.00 s
speedup  0.98
cpu  time for grad    0.01 s
wall time for grad    0.01 s
 E :    -40.90222298  G :  0.001813    pred/act E change: -0.478D-05 -0.260D-05
Maxdispl :   0.0273   ||displ|| :   0.0466   Lambda : -0.839D-05
Largest |displ|/coords:  0.0273 (   1)  0.0191 (   2)  0.0168 (   9)

generating ANC from model Hessian ...
 Shifting diagonal of input Hessian by   5.168396159829997E-003
 Lowest  eigenvalues of input Hessian
    0.005000    0.005164   -0.000000   -0.000000    0.000000    0.000000
    0.000000    0.000000    0.005190    0.005664    0.005810    0.006058
    0.006627    0.007086    0.007999    0.009290    0.010884    0.012504
 Highest eigenvalues
    1.409224    1.419799    1.437718    2.518963    3.244632    3.871997
 
cpu  time for ANC gen    0.00 s
wall time for ANC gen    0.00 s
................................................................................
.............................. CYCLE   53 ......................................
................................................................................
   1    -41.1181490 -0.411181E+02  0.324E-02    8.62       0.0  T
   2    -41.1181491 -0.197090E-06  0.243E-02    8.62       1.0  T
   3    -41.1181493 -0.164793E-06  0.305E-03    8.61       7.5  T
   4    -41.1181493 -0.250342E-07  0.842E-04    8.62      27.2  T
   5    -41.1181493 -0.568463E-09  0.378E-04    8.62      60.7  T
speedup  0.94
cpu  time for SCC    0.00 s
wall time for SCC    0.00 s
speedup  0.96
cpu  time for grad    0.01 s
wall time for grad    0.01 s
 E :    -40.90222403  G :  0.001845    pred/act E change:  0.000D+00 -0.105D-05
Maxdispl :   0.0161   ||displ|| :   0.0253   Lambda : -0.775D-05
Largest |displ|/coords:  0.0161 (   7)  0.0122 (   5)  0.0087 (   3)
................................................................................
.............................. CYCLE   54 ......................................
................................................................................
   1    -41.1180001 -0.411180E+02  0.240E-02    8.61       0.0  T
   2    -41.1180001 -0.643346E-07  0.180E-02    8.62       1.3  T
   3    -41.1180002 -0.769518E-07  0.190E-03    8.62      12.1  T
   4    -41.1180002 -0.531529E-08  0.808E-04    8.62      28.4  T
   5    -41.1180002 -0.727695E-09  0.268E-04    8.61      85.6  T
speedup  0.97
cpu  time for SCC    0.00 s
wall time for SCC    0.00 s
speedup  0.98
cpu  time for grad    0.01 s
wall time for grad    0.01 s
 E :    -40.90222878  G :  0.000943    pred/act E change:  0.000D+00 -0.475D-05
Maxdispl :   0.0145   ||displ|| :   0.0290   Lambda : -0.525D-05
Largest |displ|/coords:  0.0145 (  11)  0.0127 (   3)  0.0113 (   2)
................................................................................
.............................. CYCLE   55 ......................................
................................................................................
   1    -41.1178776 -0.411179E+02  0.327E-02    8.62       0.0  T
   2    -41.1178777 -0.988379E-07  0.246E-02    8.62       1.0  T
   3    -41.1178778 -0.110482E-06  0.259E-03    8.62       8.9  T
   4    -41.1178778 -0.735680E-08  0.782E-04    8.62      29.3  T
   5    -41.1178778 -0.529226E-09  0.298E-04    8.62      77.0  T
speedup  0.97
cpu  time for SCC    0.00 s
wall time for SCC    0.00 s
speedup  0.98
cpu  time for grad    0.01 s
wall time for grad    0.01 s
 E :    -40.90223218  G :  0.000784    pred/act E change: -0.388D-05 -0.340D-05
Maxdispl :   0.0179   ||displ|| :   0.0362   Lambda : -0.381D-05
Largest |displ|/coords:  0.0179 (   2)  0.0172 (  11)  0.0157 (   3)
................................................................................
.............................. CYCLE   56 ......................................
................................................................................
   1    -41.1178549 -0.411179E+02  0.370E-02    8.62       0.0  T
   2    -41.1178550 -0.981781E-07  0.279E-02    8.62       1.0  T
   3    -41.1178551 -0.115651E-06  0.257E-03    8.62       8.9  T
   4    -41.1178551 -0.643735E-08  0.715E-04    8.62      32.1  T
   5    -41.1178551 -0.446917E-09  0.316E-04    8.62      72.5  T
speedup  0.97
cpu  time for SCC    0.00 s
wall time for SCC    0.00 s
speedup  0.94
cpu  time for grad    0.01 s
wall time for grad    0.01 s
 E :    -40.90223490  G :  0.001173    pred/act E change: -0.263D-05 -0.272D-05
Maxdispl :   0.0281   ||displ|| :   0.0513   Lambda : -0.448D-05
Largest |displ|/coords:  0.0281 (   2)  0.0231 (   3)  0.0228 (  11)
................................................................................
.............................. CYCLE   57 ......................................
................................................................................
   1    -41.1178804 -0.411179E+02  0.477E-02    8.62       0.0  T
   2    -41.1178805 -0.152508E-06  0.360E-02    8.62       1.0  T
   3    -41.1178807 -0.183281E-06  0.294E-03    8.62       7.8  T
   4    -41.1178807 -0.890255E-08  0.934E-04    8.62      24.6  T
   5    -41.1178807 -0.691713E-09  0.374E-04    8.62      61.4  T
speedup  0.97
cpu  time for SCC    0.00 s
wall time for SCC    0.00 s
speedup  0.98
cpu  time for grad    0.01 s
wall time for grad    0.01 s
 E :    -40.90223791  G :  0.001302    pred/act E change: -0.191D-05 -0.301D-05
Maxdispl :   0.0286   ||displ|| :   0.0431   Lambda : -0.359D-05
Largest |displ|/coords:  0.0286 (   2)  0.0196 (   3)  0.0149 (   1)
................................................................................
.............................. CYCLE   58 ......................................
................................................................................
   1    -41.1179590 -0.411180E+02  0.326E-02    8.62       0.0  T
   2    -41.1179590 -0.574683E-07  0.245E-02    8.62       1.0  T
   3    -41.1179591 -0.650239E-07  0.195E-03    8.62      11.8  T
   4    -41.1179591 -0.387453E-08  0.570E-04    8.62      40.2  T
   5    -41.1179591 -0.323773E-09  0.247E-04    8.62      92.7  T
speedup  1.29
cpu  time for SCC    0.00 s
wall time for SCC    0.00 s
speedup  1.10
cpu  time for grad    0.01 s
wall time for grad    0.01 s
 E :    -40.90224038  G :  0.000873    pred/act E change: -0.225D-05 -0.247D-05
Maxdispl :   0.0375   ||displ|| :   0.0543   Lambda : -0.277D-05
Largest |displ|/coords:  0.0375 (   2)  0.0259 (   3)  0.0183 (   1)
................................................................................
.............................. CYCLE   59 ......................................
................................................................................
   1    -41.1178966 -0.411179E+02  0.409E-02    8.62       0.0  T
   2    -41.1178967 -0.968831E-07  0.308E-02    8.61       1.0  T
   3    -41.1178968 -0.108093E-06  0.239E-03    8.61       9.6  T
   4    -41.1178968 -0.729215E-08  0.751E-04    8.61      30.5  T
   5    -41.1178968 -0.417302E-09  0.321E-04    8.61      71.5  T
speedup  0.97
cpu  time for SCC    0.00 s
wall time for SCC    0.00 s
speedup  0.95
cpu  time for grad    0.01 s
wall time for grad    0.01 s
 E :    -40.90224248  G :  0.000791    pred/act E change: -0.180D-05 -0.210D-05
Maxdispl :   0.0511   ||displ|| :   0.0676   Lambda : -0.298D-05
Largest |displ|/coords:  0.0511 (   2)  0.0320 (   3)  0.0204 (   1)
................................................................................
.............................. CYCLE   60 ......................................
................................................................................
   1    -41.1178121 -0.411178E+02  0.454E-02    8.61       0.0  T
   2    -41.1178122 -0.115567E-06  0.340E-02    8.61       1.0  T
   3    -41.1178123 -0.108237E-06  0.295E-03    8.61       7.8  T
   4    -41.1178124 -0.129422E-07  0.842E-04    8.61      27.2  T
   5    -41.1178124 -0.584862E-09  0.360E-04    8.61      63.7  T
speedup  0.97
cpu  time for SCC    0.00 s
wall time for SCC    0.00 s
speedup  0.98
cpu  time for grad    0.01 s
wall time for grad    0.01 s
 E :    -40.90224459  G :  0.000616    pred/act E change: -0.139D-05 -0.212D-05
Maxdispl :   0.0427   ||displ|| :   0.0527   Lambda : -0.173D-05
Largest |displ|/coords:  0.0427 (   2)  0.0238 (   3)  0.0131 (   1)
................................................................................
.............................. CYCLE   61 ......................................
................................................................................
   1    -41.1177924 -0.411178E+02  0.317E-02    8.61       0.0  T
   2    -41.1177925 -0.623188E-07  0.237E-02    8.61       1.0  T
   3    -41.1177925 -0.488694E-07  0.231E-03    8.61       9.9  T
   4    -41.1177925 -0.877882E-08  0.582E-04    8.61      39.4  T
   5    -41.1177925 -0.320554E-09  0.256E-04    8.61      89.5  T
speedup  0.94
cpu  time for SCC    0.00 s
wall time for SCC    0.00 s
speedup  0.96
cpu  time for grad    0.01 s
wall time for grad    0.01 s
 E :    -40.90224586  G :  0.000521    pred/act E change: -0.150D-05 -0.126D-05
Maxdispl :   0.0380   ||displ|| :   0.0442   Lambda : -0.135D-05
Largest |displ|/coords:  0.0380 (   2)  0.0172 (   3)  0.0075 (   8)
................................................................................
.............................. CYCLE   62 ......................................
................................................................................
   1    -41.1178625 -0.411179E+02  0.232E-02    8.61       0.0  T
   2    -41.1178625 -0.371780E-07  0.173E-02    8.61       1.3  T
   3    -41.1178626 -0.256117E-07  0.185E-03    8.61      12.4  T
   4    -41.1178626 -0.582322E-08  0.436E-04    8.61      52.6  T
   5    -41.1178626 -0.248697E-09  0.173E-04    8.61     132.6  T
speedup  0.97
cpu  time for SCC    0.00 s
wall time for SCC    0.00 s
speedup  0.98
cpu  time for grad    0.01 s
wall time for grad    0.01 s
 E :    -40.90224684  G :  0.000585    pred/act E change: -0.868D-06 -0.980D-06
Maxdispl :   0.0430   ||displ|| :   0.0488   Lambda : -0.127D-05
Largest |displ|/coords:  0.0430 (   2)  0.0172 (   3)  0.0081 (   8)
................................................................................
.............................. CYCLE   63 ......................................
................................................................................
   1    -41.1178930 -0.411179E+02  0.265E-02    8.62       0.0  T
   2    -41.1178931 -0.445653E-07  0.198E-02    8.62       1.2  T
   3    -41.1178931 -0.364875E-07  0.183E-03    8.62      12.6  T
   4    -41.1178931 -0.632087E-08  0.528E-04    8.62      43.4  T
   5    -41.1178931 -0.336811E-09  0.201E-04    8.62     114.1  T
speedup  0.97
cpu  time for SCC    0.00 s
wall time for SCC    0.00 s
speedup  0.98
cpu  time for grad    0.01 s
wall time for grad    0.01 s
 E :    -40.90224762  G :  0.000484    pred/act E change: -0.677D-06 -0.783D-06
Maxdispl :   0.0272   ||displ|| :   0.0399   Lambda : -0.169D-05
Largest |displ|/coords:  0.0272 (   2)  0.0149 (  11)  0.0121 (   9)
................................................................................
.............................. CYCLE   64 ......................................
................................................................................
   1    -41.1181983 -0.411182E+02  0.302E-02    8.62       0.0  T
   2    -41.1181984 -0.118236E-06  0.228E-02    8.62       1.0  T
   3    -41.1181985 -0.116589E-06  0.239E-03    8.62       9.6  T
   4    -41.1181985 -0.125629E-07  0.752E-04    8.62      30.5  T
   5    -41.1181985 -0.529724E-09  0.290E-04    8.62      79.1  T
speedup  0.91
cpu  time for SCC    0.00 s
wall time for SCC    0.00 s
speedup  1.01
cpu  time for grad    0.01 s
wall time for grad    0.01 s
 E :    -40.90224788  G :  0.001092    pred/act E change: -0.636D-06 -0.256D-06
Maxdispl :   0.0040   ||displ|| :   0.0083   Lambda : -0.113D-05
Largest |displ|/coords:  0.0040 (   5)  0.0035 (  11)  0.0034 (   7)
................................................................................
.............................. CYCLE   65 ......................................
................................................................................
   1    -41.1180692 -0.411181E+02  0.748E-03    8.62       0.0  T
   2    -41.1180692 -0.133706E-07  0.557E-03    8.62       4.1  T
   3    -41.1180692 -0.987806E-08  0.957E-04    8.62      24.0  T
   4    -41.1180692 -0.166470E-08  0.263E-04    8.62      87.1  T
speedup  0.80
cpu  time for SCC    0.00 s
wall time for SCC    0.00 s
speedup  0.92
cpu  time for grad    0.01 s
wall time for grad    0.01 s
 E :    -40.90224860  G :  0.000453    pred/act E change: -0.846D-06 -0.719D-06
Maxdispl :   0.0064   ||displ|| :   0.0081   Lambda : -0.418D-06
Largest |displ|/coords:  0.0064 (   2)  0.0031 (   1)  0.0019 (   6)
................................................................................
.............................. CYCLE   66 ......................................
................................................................................
   1    -41.1179954 -0.411180E+02  0.591E-03    8.62       0.0  T
   2    -41.1179954 -0.489302E-08  0.449E-03    8.62       5.1  T
   3    -41.1179954 -0.548778E-08  0.416E-04    8.62      55.1  T
   4    -41.1179954 -0.412690E-09  0.177E-04    8.62     129.4  T
speedup  1.20
cpu  time for SCC    0.00 s
wall time for SCC    0.00 s
speedup  1.05
cpu  time for grad    0.01 s
wall time for grad    0.01 s
 E :    -40.90224891  G :  0.000250    pred/act E change: -0.565D-06 -0.313D-06
Maxdispl :   0.0162   ||displ|| :   0.0184   Lambda : -0.431D-06
Largest |displ|/coords:  0.0162 (   2)  0.0050 (   1)  0.0035 (  10)
................................................................................
.............................. CYCLE   67 ......................................
................................................................................
   1    -41.1179166 -0.411179E+02  0.118E-02    8.62       0.0  T
   2    -41.1179166 -0.146246E-07  0.897E-03    8.62       2.6  T
   3    -41.1179166 -0.201439E-07  0.667E-04    8.62      34.4  T
   4    -41.1179166 -0.438185E-09  0.233E-04    8.62      98.3  T
speedup  0.77
cpu  time for SCC    0.00 s
wall time for SCC    0.00 s
speedup  0.91
cpu  time for grad    0.01 s
wall time for grad    0.01 s
 E :    -40.90224922  G :  0.000228    pred/act E change: -0.209D-06 -0.308D-06
Maxdispl :   0.0171   ||displ|| :   0.0192   Lambda : -0.264D-06
Largest |displ|/coords:  0.0171 (   2)  0.0047 (   1)  0.0034 (  10)
................................................................................
.............................. CYCLE   68 ......................................
................................................................................
   1    -41.1178808 -0.411179E+02  0.123E-02    8.62       0.0  T
   2    -41.1178808 -0.163079E-07  0.929E-03    8.62       2.5  T
   3    -41.1178809 -0.211209E-07  0.838E-04    8.62      27.4  T
   4    -41.1178809 -0.781455E-09  0.245E-04    8.62      93.8  T
speedup  1.15
cpu  time for SCC    0.00 s
wall time for SCC    0.00 s
speedup  1.04
cpu  time for grad    0.01 s
wall time for grad    0.01 s
 E :    -40.90224941  G :  0.000229    pred/act E change: -0.216D-06 -0.192D-06
Maxdispl :   0.0125   ||displ|| :   0.0147   Lambda : -0.166D-06
Largest |displ|/coords:  0.0125 (   2)  0.0043 (   1)  0.0027 (   4)
................................................................................
.............................. CYCLE   69 ......................................
................................................................................
   1    -41.1178901 -0.411179E+02  0.959E-03    8.62       0.0  T
   2    -41.1178901 -0.106150E-07  0.724E-03    8.62       3.2  T
   3    -41.1178901 -0.126382E-07  0.792E-04    8.62      29.0  T
   4    -41.1178901 -0.728896E-09  0.195E-04    8.62     117.8  T
speedup  0.80
cpu  time for SCC    0.00 s
wall time for SCC    0.00 s
speedup  0.92
cpu  time for grad    0.01 s
wall time for grad    0.01 s
 E :    -40.90224953  G :  0.000179    pred/act E change: -0.132D-06 -0.126D-06
Maxdispl :   0.0061   ||displ|| :   0.0089   Lambda : -0.113D-06
Largest |displ|/coords:  0.0061 (   2)  0.0038 (   1)  0.0031 (   3)
................................................................................
.............................. CYCLE   70 ......................................
................................................................................
   1    -41.1179180 -0.411179E+02  0.702E-03    8.62       0.0  T
   2    -41.1179180 -0.608755E-08  0.528E-03    8.62       4.3  T
   3    -41.1179180 -0.672502E-08  0.666E-04    8.62      34.5  T
   4    -41.1179180 -0.471758E-09  0.164E-04    8.62     140.3  T
speedup  1.20
cpu  time for SCC    0.00 s
wall time for SCC    0.00 s
speedup  1.05
cpu  time for grad    0.01 s
wall time for grad    0.01 s
 E :    -40.90224962  G :  0.000123    pred/act E change: -0.832D-07 -0.841D-07
Maxdispl :   0.0034   ||displ|| :   0.0053   Lambda : -0.627D-07
Largest |displ|/coords:  0.0034 (   3)  0.0029 (   1)  0.0019 (   4)

   *** GEOMETRY OPTIMIZATION CONVERGED AFTER 70 ITERATIONS ***

------------------------------------------------------------------------
 total energy gain (kcal):     -0.0161
------------------------------------------------------------------------
================
 final structure:
================
$coord
        0.59964336063943       -4.09839153470091        1.75932715367659      S 
        2.82188930976495       -2.65998682413961        2.98231607496459      O 
       -1.66341823723357       -2.61923868186860        1.96672440579689      O 
        1.28827241810584       -4.98541913845778       -0.67816687892956      O 
        0.31830726173648       -6.41885708849691        3.59165217290037      O 
       -0.49464843889055       -5.83541553280880        5.09582032249082      H 
       -1.90481238299252        5.46614287127854        0.92278017033201      O 
       -3.18527525294502        5.12745597669590        2.15924290004759      H 
       -2.76647133274439        5.55788930267299       -0.70181125065581      H 
       -3.57195669322760        4.14714882723221       -3.83313158244934      O 
       -2.53630392562005        2.69662307083863       -3.38953167500177      H 
       -2.90610084117708        4.80115190130105       -5.38495054444931      H 
       -0.14048054791754        1.11941660525670       -1.15609687609612      O 
       -0.33798773998909        2.67868402404253       -0.17148735831012      H 
       -0.96809135517842       -0.19280259295812       -0.17153524589046      H 
        4.47989481009268       -0.82153132083590       -1.08269485202854      O 
        3.78415196784549       -1.81747457275534        1.52135020522059      H 
        4.23780986856360       -2.34431312616841       -2.05410707168955      H 
        2.94557773226754        0.19891783387795       -1.37570006993458      H 
$end
 
 Bond Distances (Angstroems)
 ---------------------------
S1-O2=1.5431         S1-O3=1.4349         S1-O4=1.4202         S1-O5=1.5717         O2-S1=1.5431         O2-H17=1.0275        
O3-S1=1.4349         O4-S1=1.4202         O5-S1=1.5717         O5-H6=0.9560         H6-O5=0.9560         O7-H8=0.9588         
O7-H9=0.9743         H8-O7=0.9588         H9-O7=0.9743         O10-H11=0.9719       O10-H12=0.9583       H11-O10=0.9719       
H12-O10=0.9583       O13-H14=0.9814       O13-H15=0.9723       H14-O13=0.9814       H15-O13=0.9723       O16-H18=0.9644       
O16-H19=0.9874       H17-O2=1.0275        H18-O16=0.9644       H19-O16=0.9874       
 O  H  Rav=0.9752 sigma=0.0200  Rmin=0.9560  Rmax=1.0275    10
 S  O  Rav=1.4925 sigma=0.0659  Rmin=1.4202  Rmax=1.5717     4
 
 selected bond angles (degree)
 --------------------
O3-S1-O2=109.57                O4-S1-O2=110.39                O4-S1-O3=117.64                O5-S1-O2=101.47                
O5-S1-O3=107.45                O5-S1-O4=109.05                H17-O2-S1=106.03               H6-O5-S1=107.70                
H9-O7-H8=106.30                H12-O10-H11=106.55             
 
 selected dihedral angles (degree)
 ---------------------------------
H17-O2-S1-O3=260.98           H17-O2-S1-O4= 32.08           H17-O2-S1-O5=147.59           H6-O5-S1-O2= 75.99            
H6-O5-S1-O3=321.03            H6-O5-S1-O4=192.49            
 
 CMA Distance (Angstroems)
 ---------------------------
R(CMA):  3.8929

========================================================================
 FINAL SINGLEPOINT CALCULATION ON OPTIMIZED GEOMETRY
========================================================================

 Ncao       : 52
 Nao        : 51
 Nshell     : 29
 Nel        : 64
 T(el)      :   300.0
 intcut     :    25.0
 scfconv/Eh :  0.100E-05
   qconv/e  :  0.100E-03
 intneglect :  0.100E-07
 broydamp   :      0.250
 iter      E             dE          RMSdq      gap      omega  full diag
   1    -41.1179180 -0.411179E+02  0.639E-05    8.62       0.0  T
   2    -41.1179180 -0.174794E-11  0.413E-05    8.62     555.2  T
   3    -41.1179180 -0.101608E-11  0.686E-06    8.62    3346.5  T
speedup  1.11
cpu  time for SCC    0.00 s
wall time for SCC    0.00 s

   *** convergence criteria satisfied after 3 iterations ***

          eigenvalues
 #    :          20         21         22         23         24         25         26         27
 occ. :        2.000      2.000      2.000      2.000      2.000      2.000      2.000      2.000
 eps  :       -14.287    -14.215    -14.130    -13.846    -13.629    -13.163    -13.063    -12.932
 #    :          28         29         30         31         32         33         34         35
 occ. :        2.000      2.000      2.000      2.000      2.000      0.000      0.000      0.000
 eps  :       -12.710    -12.648    -12.338    -12.171    -12.113     -3.493     -1.490     -0.739
 #    :          36         37         38         39         40         41         42         43
 occ. :        0.000      0.000      0.000      0.000      0.000      0.000      0.000      0.000
 eps  :         0.201      0.581      1.907      3.234      3.433      4.114      5.180      6.443


   #   Z            q   n(s)   n(p)   n(d)      C6AA      α(0)
   1  16 S      1.688  1.581  1.782  0.949    89.032    15.881
   2   8 O     -0.617  1.759  4.859  0.000    25.580     6.827
   3   8 O     -0.693  1.761  4.932  0.000    28.525     7.161
   4   8 O     -0.654  1.751  4.903  0.000    27.487     7.029
   5   8 O     -0.559  1.739  4.821  0.000    24.204     6.642
   6   1 H      0.363  0.637  0.000  0.000     0.554     1.166
   7   8 O     -0.598  1.747  4.851  0.000    25.137     6.767
   8   1 H      0.285  0.715  0.000  0.000     0.766     1.375
   9   1 H      0.324  0.676  0.000  0.000     0.653     1.269
  10   8 O     -0.597  1.743  4.854  0.000    25.124     6.765
  11   1 H      0.319  0.681  0.000  0.000     0.668     1.284
  12   1 H      0.282  0.718  0.000  0.000     0.776     1.384
  13   8 O     -0.644  1.755  4.889  0.000    26.258     6.916
  14   1 H      0.336  0.664  0.000  0.000     0.624     1.241
  15   1 H      0.309  0.691  0.000  0.000     0.696     1.310
  16   8 O     -0.594  1.752  4.842  0.000    25.032     6.753
  17   1 H      0.397  0.603  0.000  0.000     0.487     1.093
  18   1 H      0.315  0.685  0.000  0.000     0.678     1.294
  19   1 H      0.339  0.661  0.000  0.000     0.614     1.231

 Mol. C6AA /au·bohr⁶  :       3354.237372
 Mol. C8AA /au·bohr⁸  :      75842.573294
 Mol. α(0) /au        :         83.387275

 
 Wiberg/Mayer (AO) data. WBOs > 0.1 written file <wbo>
 largest (>0.05) Wiberg bond orders for each atom
           total WBO             WBO to atom ...
     1  S   4.850    O    4 1.478    O    3 1.390    O    2 1.006    O    5 0.947
     2  O   1.967    S    1 1.006    H   17 0.661    O    4 0.099    O    3 0.093    O   16 0.054    O    5 0.053
     3  O   1.765    S    1 1.390    O    4 0.129    O    2 0.093    O    5 0.086
     4  O   1.799    S    1 1.478    O    3 0.129    O    2 0.099    O    5 0.070
     5  O   2.014    S    1 0.947    H    6 0.850    O    3 0.086    O    4 0.070    O    2 0.053
     6  H   0.868    O    5 0.850
     7  O   1.871    H    8 0.917    H    9 0.856    H   14 0.052
     8  H   0.919    O    7 0.917
     9  H   0.895    O    7 0.856
    10  O   1.856    H   12 0.918    H   11 0.865
    11  H   0.898    O   10 0.865
    12  H   0.920    O   10 0.918
    13  O   1.885    H   15 0.857    H   14 0.831    H   19 0.068
    14  H   0.887    O   13 0.831    O    7 0.052
    15  H   0.905    O   13 0.857
    16  O   1.967    H   18 0.891    H   19 0.815    H   17 0.163    O    2 0.054
    17  H   0.843    O    2 0.661    O   16 0.163
    18  H   0.901    O   16 0.891
    19  H   0.885    O   16 0.815    O   13 0.068
 MOs/occ written to file <molden.input>
 
molecular dipole:
                 x           y           z       tot (Debye)
 q only:       -0.087       0.222       0.343
   full:       -0.371      -0.004       0.514       1.612
molecular quadrupole (traceless):
                xx          xy          yy          xz          yz          zz
 q only:       -4.153      -0.675      -5.129      -3.627      -7.753       9.282
  q+dip:       -6.872      -1.541      -6.023      -4.926      -9.779      12.894
   full:       -7.136      -1.320      -5.929      -5.242     -10.191      13.065

SCC energy    :     -41.1179180
rep           :       0.2156102
ES            :       0.1884854
AES           :      -0.0350572
AXC           :      -0.0094256
disp          :      -0.0113646
XB            :       0.0000000
fix           :       0.0000000
total E       :     -40.9022496
atomizationE  :       3.6964368     2319.55
(atE without considering molecular charge,
 total energy contains solvation terms)
H-L gap (eV)  :          8.6193
optimized geometry written to: xtbopt.xyz


------------------------------------------------------------------------
 * finished run on 2019/09/03 at 11:01:16.817     
------------------------------------------------------------------------
 total:
 * wall-time:     0 d,  0 h,  0 min,  1.083 sec
 *  cpu-time:     0 d,  0 h,  0 min,  1.068 sec
 * ratio c/w:     0.986 speedup
 SCF:
 * wall-time:     0 d,  0 h,  0 min,  0.094 sec
 *  cpu-time:     0 d,  0 h,  0 min,  0.091 sec
 * ratio c/w:     0.965 speedup
 ANC optimizer:
 * wall-time:     0 d,  0 h,  0 min,  0.967 sec
 *  cpu-time:     0 d,  0 h,  0 min,  0.956 sec
 * ratio c/w:     0.989 speedup

