      -----------------------------------------------------------      
     |                   =====================                   |     
     |                           x T B                           |     
     |                   =====================                   |     
     |                         S. Grimme                         |     
     |          Mulliken Center for Theoretical Chemistry        |     
     |                    University of Bonn                     |     
     |                 Version 6.0.1 (SAW181210)                 |     
      -----------------------------------------------------------      

   This program is distributed in the hope that it will be useful,
   but WITHOUT ANY WARRANTY; without even the implied warranty of
   MERCHANTABILITY or FITNESS FOR A PARTICULAR PURPOSE.
   
   FOR NON-COMMERCIAL, ACADEMIA USE ONLY.
   
   Cite this work as:
   S. Grimme, C. Bannwarth, P. Shushkov, J. Comput. Theory Chem., 2017,
   13, 1989-2009.
   C. Bannwarth, S. Ehlert and S. Grimme., ChemRxiv, 2018, preprint.
   http://doi.org/10.26434/chemrxiv.7246238.v1
   
   for sTDA-xTB:
   S. Grimme and C. Bannwarth, J. Chem. Phys., 2016, 145, 054103.
   
   in the mass-spec context:
   V. Asgeirsson, C. Bauer and S. Grimme, Chem. Sci., 2017, 8, 4879.
   
   if GBSA is used:
   P. Shushkov, F. März and S. Grimme, unpublished.
   
   for ANC optimizer:
   S. Grimme, unpublished.
   Rational Function algorithm used in ANCopt:
   F. Eckert, P. Pulay, H.-J. Werner, J. Comput. Chem., 1997, 18, 1473.
   
   with help from (in alphabetical order)
   C. Bannwarth, F. Bohle, G. Brandenburg, E. Caldeweyher, M. Checinski,
   S. Dohm, S. Ehlert, S. Ehrlich, F. März, H. Neugebauer, J. Pisarek,
   P. Pracht, P. Shushkov, and S. Spicher.
   
 * started run on 2019/09/16 at 11:32:28.714     
========================================================================
 # omp threads = 1
========================================================================
number of atoms            : 23
number of electrons        : 72
charge                     : 0
spin                       : .0
first test random number   : .9787

########################################################################
# WARNING! Please study the warnings concerning your input carefully
#  - XTBPATH is not set, using XTBHOME instead
#  - the use of '-opt' is discouraged, please use '--opt' next time
#  - the use of '-chrg' is discouraged, please use '--chrg' next time
#  - the use of '-uhf' is discouraged, please use '--uhf' next time
########################################################################

           ------------------------------------------------- 
          |                 G F N 2 - x T B                 |
          | Geometry, Frequencies, Noncovalent interactions |
          |            JCTC 2018 parametrisation            |
           ------------------------------------------------- 
      method parameters     
 k(s)        :  1.8500
 k(p)        :  2.2300
 k(d)        :  2.2300
 k(f)        :  2.0000
 kEN (H0ij)  : -2.0000
 D4 a1       :  0.5200
 D4 a2       :  5.0000
 D4 s6       :  1.0000
 D4 s8       :  2.7000
 D4 s9       :  5.0000
 alphaj      :  2.0000


            Z     q(EN)     CN     RAES       Cart. coordinates
     1  S   6.0    0.64    4.32    4.27     1.13393     1.15610    -1.67978
     2  O   6.0   -0.32    1.21    1.80    -1.44436     1.01948    -2.80310
     3  O   6.0   -0.32    1.21    1.80     0.94989     2.03767     0.98801
     4  O   6.0   -0.31    1.19    1.80     2.32262    -1.39554    -1.74518
     5  O   6.0   -0.25    2.10    1.84     2.68604     2.93805    -3.13859
     6  H   1.0    0.15    1.28    1.49     1.92085     4.58239    -3.09697
     7  O   6.0   -0.36    1.57    1.80    -3.31765    -3.78440     2.75466
     8  H   1.0    0.17    0.94    1.42    -4.68043    -4.54251     3.78027
     9  O   6.0   -0.29    2.03    1.83     4.15658    -3.82778     2.29739
    10  H   1.0    0.15    0.97    1.43     5.69756    -4.75641     2.01877
    11  H   1.0    0.17    1.04    1.43     3.73427    -3.10024     0.68278
    12  O   6.0   -0.22    2.91    2.57    -2.93342    -3.55777    -1.72495
    13  H   1.0    0.13    0.96    1.43    -1.35498    -4.44061    -2.19286
    14  H   1.0    0.17    1.23    1.47    -3.31662    -3.72587     0.09574
    15  H   1.0    0.15    1.06    1.44    -2.92545    -1.77215    -2.27541
    16  O   6.0   -0.22    2.92    2.59     0.27875    -1.54340     4.31703
    17  H   1.0    0.17    1.22    1.47    -1.29505    -2.45784     3.89654
    18  H   1.0    0.14    1.04    1.43     1.79821    -2.58505     4.00689
    19  H   1.0    0.15    1.05    1.44     0.37784     0.11118     3.45445
    20  N   5.0   -0.22    3.01    1.93    -0.46966     7.16790    -2.58425
    21  H   1.0    0.11    0.99    1.43    -0.52938     7.41709    -0.67496
    22  H   1.0    0.11    0.99    1.43    -2.04109     6.14568    -3.02780
    23  H   1.0    0.10    0.99    1.43    -0.74847     8.91403    -3.34868

  Z AO/shell   Hii/eV     exponent
  1     Wed Apr 25 08:07:45 CEST 2018   EN: 2.200 GM2: 0.406  GM3: 0.0800  RAES: 1.40
     1s    -10.707211    1.230000
  7     Wed Apr 25 08:07:45 CEST 2018   EN: 3.040 GM2: 0.461  GM3:-0.0640  RAES: 1.90
     2s    -16.686243    2.339881
     2p    -12.523956    2.014332
  8     Wed Apr 25 08:07:45 CEST 2018   EN: 3.440 GM2: 0.452  GM3:-0.0517  RAES: 1.80
     2s    -20.229985    2.439742
     2p    -15.503117    2.137023
 16     Tue Apr 24 11:44:34 CEST 2018   EN: 2.580 GM2: 0.340  GM3:-0.0502  RAES: 3.10
     3s    -20.029654    1.981333
     3p    -11.377694    2.025643
     3d     -0.420282    1.702555
 no old-style atom pair restraining (fixing) potential

molecular fragmentation (1/2 indicates fragments):
11111122222222222222222
# atoms in fragment 1/2:     6    17
 fragment masses (1/2) :       97.07       90.10
CMA distance (Bohr)    :   3.952
constraining FC (au)   :  0.0500
           ------------------------------------------------- 
          |        Self-Consistent Charge Iterations        |
           ------------------------------------------------- 

 Ncao       : 59
 Nao        : 58
 Nshell     : 34
 Nel        : 72
 T(el)      :   300.0
 intcut     :    25.0
 scfconv/Eh :  0.100E-05
   qconv/e  :  0.100E-03
 intneglect :  0.100E-07
 broydamp   :      0.250
 iter      E             dE          RMSdq      gap      omega  full diag
   1    -45.4596463 -0.454596E+02  0.718E+00   10.20       0.0  T
   2    -45.5029644 -0.433181E-01  0.517E+00    9.85       1.0  T
   3    -45.5359933 -0.330289E-01  0.132E+00    7.07       1.0  T
   4    -45.5410996 -0.510628E-02  0.566E-01    7.54       1.0  T
   5    -45.5417601 -0.660482E-03  0.302E-01    7.58       1.0  T
   6    -45.5421300 -0.369932E-03  0.138E-01    7.68       1.0  T
   7    -45.5422257 -0.957230E-04  0.489E-02    7.67       1.0  T
   8    -45.5422354 -0.972865E-05  0.293E-02    7.66       1.0  T
   9    -45.5422400 -0.455526E-05  0.123E-02    7.68       1.7  T
  10    -45.5422408 -0.844638E-06  0.228E-03    7.68       9.2  T
  11    -45.5422409 -0.138386E-07  0.121E-03    7.68      17.2  T
  12    -45.5422409 -0.599550E-08  0.501E-04    7.68      41.6  T
  13    -45.5422409 -0.121680E-08  0.157E-04    7.68     132.6  T
speedup  0.99
cpu  time for SCC    0.01 s
wall time for SCC    0.01 s

   *** convergence criteria satisfied after 13 iterations ***

          eigenvalues
 #    :          24         25         26         27         28         29         30         31
 occ. :        2.000      2.000      2.000      2.000      2.000      2.000      2.000      2.000
 eps  :       -12.948    -12.639    -12.143    -12.057    -11.758    -11.597    -11.522    -11.253
 #    :          32         33         34         35         36         37         38         39
 occ. :        2.000      2.000      2.000      2.000      2.000      0.000      0.000      0.000
 eps  :       -11.046    -10.961    -10.773     -9.900     -9.284     -1.602     -0.267      0.229
 #    :          40         41         42         43         44         45         46         47
 occ. :        0.000      0.000      0.000      0.000      0.000      0.000      0.000      0.000
 eps  :         0.511      1.235      1.375      1.622      3.361      4.875      4.895      5.120


   #   Z            q   n(s)   n(p)   n(d)      C6AA      α(0)
   1  16 S      1.587  1.590  1.848  0.976    91.375    16.088
   2   8 O     -0.768  1.777  4.991  0.000    30.620     7.419
   3   8 O     -0.763  1.774  4.989  0.000    30.478     7.402
   4   8 O     -0.752  1.767  4.985  0.000    30.157     7.363
   5   8 O     -0.556  1.715  4.841  0.000    24.132     6.632
   6   1 H      0.375  0.625  0.000  0.000     0.526     1.135
   7   8 O     -0.876  1.820  5.056  0.000    33.875     7.807
   8   1 H      0.196  0.804  0.000  0.000     1.140     1.678
   9   8 O     -0.616  1.729  4.887  0.000    25.566     6.824
  10   1 H      0.287  0.713  0.000  0.000     0.763     1.372
  11   1 H      0.332  0.668  0.000  0.000     0.632     1.248
  12   8 O     -0.422  1.650  4.772  0.000    21.230     6.223
  13   1 H      0.376  0.624  0.000  0.000     0.532     1.146
  14   1 H      0.414  0.586  0.000  0.000     0.453     1.053
  15   1 H      0.400  0.600  0.000  0.000     0.484     1.093
  16   8 O     -0.451  1.656  4.795  0.000    21.815     6.308
  17   1 H      0.406  0.594  0.000  0.000     0.466     1.068
  18   1 H      0.398  0.602  0.000  0.000     0.489     1.098
  19   1 H      0.395  0.605  0.000  0.000     0.495     1.105
  20   7 N     -0.449  1.394  4.056  0.000    31.803     8.375
  21   1 H      0.163  0.837  0.000  0.000     1.315     1.797
  22   1 H      0.168  0.832  0.000  0.000     1.283     1.775
  23   1 H      0.157  0.843  0.000  0.000     1.357     1.825

 Mol. C6AA /au·bohr⁶  :       4567.127152
 Mol. C8AA /au·bohr⁸  :     100629.654667
 Mol. α(0) /au        :         97.834294

 
 Wiberg/Mayer (AO) data. WBOs > 0.1 written file <wbo>
 largest (>0.05) Wiberg bond orders for each atom
           total WBO             WBO to atom ...
     1  S   4.918    O    4 1.316    O    3 1.274    O    2 1.266    O    5 1.029
     2  O   1.680    S    1 1.266    O    3 0.110    O    4 0.110    H   15 0.082    O    5 0.074
     3  O   1.679    S    1 1.274    O    4 0.114    O    2 0.110    H   19 0.077    O    5 0.075
     4  O   1.684    S    1 1.316    O    3 0.114    O    2 0.110    O    5 0.058
     5  O   2.047    S    1 1.029    H    6 0.782    O    3 0.075    O    2 0.074    O    4 0.058
     6  H   0.859    O    5 0.782    N   20 0.056
     7  O   1.521    H    8 0.948    H   14 0.221    H   17 0.206    O   12 0.065    O   16 0.062
     8  H   0.962    O    7 0.948
     9  O   1.846    H   10 0.904    H   11 0.837    H   18 0.059
    10  H   0.918    O    9 0.904
    11  H   0.890    O    9 0.837
    12  O   2.305    H   13 0.848    H   15 0.749    H   14 0.601    O    7 0.065
    13  H   0.859    O   12 0.848
    14  H   0.829    O   12 0.601    O    7 0.221
    15  H   0.840    O   12 0.749    O    2 0.082
    16  O   2.288    H   18 0.775    H   19 0.759    H   17 0.623    O    7 0.062
    17  H   0.835    O   16 0.623    O    7 0.206
    18  H   0.842    O   16 0.775    O    9 0.059
    19  H   0.844    O   16 0.759    O    3 0.077
    20  N   2.991    H   21 0.971    H   23 0.971    H   22 0.968    H    6 0.056
    21  H   0.973    N   20 0.971
    22  H   0.972    N   20 0.968
    23  H   0.975    N   20 0.971
 MOs/occ written to file <molden.input>
 
molecular dipole:
                 x           y           z       tot (Debye)
 q only:        0.031      -0.266      -0.009
   full:        0.064       0.297      -0.367       1.211
molecular quadrupole (traceless):
                xx          xy          yy          xz          yz          zz
 q only:       -5.877      -4.739      10.505       7.066       1.001      -4.628
  q+dip:       -5.172      -8.755      14.882       4.865      -0.333      -9.710
   full:       -5.280      -8.534      14.972       4.693      -0.806      -9.692

SCC energy    :     -45.5422409
rep           :       0.2561293
ES            :       0.2709363
AES           :      -0.0570903
AXC           :      -0.0067352
disp          :      -0.0156516
XB            :       0.0000000
fix           :       0.0000000
total E       :     -45.2859896
atomizationE  :       4.3690521     2741.62
(atE without considering molecular charge,
 total energy contains solvation terms)
H-L gap (eV)  :          7.6814
           ------------------------------------------------- 
          |                 ===============                 |
          |                   A N C O P T                   |
          |                 ===============                 |
          |          Approximate Normal Coordinate          |
          |           Rational Function Optimizer           |
           ------------------------------------------------- 
dumping coords to <xtbopt.coord> and <xtbopt.log>
 optlevel               2
 Maxcycle             460
 Maxmicro              25
 Econv         1.000000000000000E-007
 Gconv         2.000000000000000E-004
 Maxdispl       1.00000000000000     
 Hlow          5.000000000000000E-003
 S6             20.0000000000000     
 Nvar               63

generating ANC from model Hessian ...
 Shifting diagonal of input Hessian by   5.036934865981745E-003
 Lowest  eigenvalues of input Hessian
    0.005000    0.005012   -0.000000   -0.000000   -0.000000   -0.000000
   -0.000000    0.000000    0.005254    0.005637    0.005771    0.006137
    0.006742    0.007042    0.007381    0.007850    0.009094    0.009766
 Highest eigenvalues
    1.556970    1.588489    1.589925    3.139151    3.217511    3.311966
 
cpu  time for ANC gen    0.01 s
wall time for ANC gen    0.01 s
................................................................................
.............................. CYCLE    1 ......................................
................................................................................
   1    -45.5422409 -0.455422E+02  0.703E-05    7.68       0.0  T
   2    -45.5422409 -0.940759E-11  0.547E-05    7.68     381.0  T
   3    -45.5422409 -0.930100E-11  0.268E-05    7.68     779.3  T
speedup  0.83
cpu  time for SCC    0.00 s
wall time for SCC    0.00 s
speedup  0.98
cpu  time for grad    0.01 s
wall time for grad    0.01 s
 E :    -45.28598956  G :  0.201685    pred/act E change:  0.000D+00  0.434D-07
Maxdispl :   0.1441   ||displ|| :   0.3192   Lambda : -0.345D-01
Largest |displ|/coords:  0.1441 (  23)  0.1119 (  47)  0.0850 (  11)
................................................................................
.............................. CYCLE    2 ......................................
................................................................................
   1    -45.5573710 -0.455574E+02  0.334E-01    7.76       0.0  T
   2    -45.5576797 -0.308736E-03  0.251E-01    7.89       1.0  T
   3    -45.5578224 -0.142705E-03  0.988E-02    8.11       1.0  T
   4    -45.5578369 -0.144840E-04  0.227E-02    8.10       1.0  T
   5    -45.5578384 -0.154079E-05  0.711E-03    8.09       2.9  T
   6    -45.5578385 -0.665197E-07  0.407E-03    8.09       5.1  T
   7    -45.5578385 -0.344407E-07  0.130E-03    8.08      16.1  T
speedup  0.96
cpu  time for SCC    0.00 s
wall time for SCC    0.01 s
speedup  0.95
cpu  time for grad    0.01 s
wall time for grad    0.01 s
 E :    -45.31432644  G :  0.127897    pred/act E change:  0.000D+00 -0.283D-01
Maxdispl :   0.1637   ||displ|| :   0.3562   Lambda : -0.205D-01
Largest |displ|/coords:  0.1637 (  23)  0.1052 (  25)  0.1013 (  47)
................................................................................
.............................. CYCLE    3 ......................................
................................................................................
   1    -45.5661185 -0.455661E+02  0.325E-01    8.20       0.0  T
   2    -45.5665778 -0.459351E-03  0.237E-01    8.35       1.0  T
   3    -45.5667824 -0.204532E-03  0.108E-01    8.58       1.0  T
   4    -45.5667918 -0.945904E-05  0.243E-02    8.58       1.0  T
   5    -45.5667933 -0.153294E-05  0.728E-03    8.57       2.9  T
   6    -45.5667934 -0.730087E-07  0.428E-03    8.57       4.9  T
   7    -45.5667935 -0.424254E-07  0.140E-03    8.57      14.9  T
speedup  0.96
cpu  time for SCC    0.01 s
wall time for SCC    0.01 s
speedup  0.95
cpu  time for grad    0.01 s
wall time for grad    0.01 s
 E :    -45.33103223  G :  0.084128    pred/act E change: -0.190D-01 -0.167D-01
Maxdispl :   0.1972   ||displ|| :   0.3871   Lambda : -0.115D-01
Largest |displ|/coords:  0.1972 (   7)  0.1878 (  14)  0.1258 (  23)
................................................................................
.............................. CYCLE    4 ......................................
................................................................................
   1    -45.5700869 -0.455701E+02  0.408E-01    8.68       0.0  T
   2    -45.5706508 -0.563932E-03  0.289E-01    8.87       1.0  T
   3    -45.5708930 -0.242170E-03  0.113E-01    9.16       1.0  T
   4    -45.5709125 -0.195810E-04  0.211E-02    9.15       1.0  T
   5    -45.5709139 -0.132263E-05  0.748E-03    9.14       2.8  T
   6    -45.5709139 -0.694177E-07  0.435E-03    9.14       4.8  T
   7    -45.5709140 -0.388493E-07  0.130E-03    9.13      16.1  T
speedup  0.96
cpu  time for SCC    0.01 s
wall time for SCC    0.01 s
speedup  1.03
cpu  time for grad    0.01 s
wall time for grad    0.01 s
 E :    -45.34035953  G :  0.059842    pred/act E change: -0.115D-01 -0.933D-02
Maxdispl :   0.2215   ||displ|| :   0.3561   Lambda : -0.680D-02
Largest |displ|/coords:  0.2215 (   7)  0.1218 (  11)  0.1035 (   8)
................................................................................
.............................. CYCLE    5 ......................................
................................................................................
   1    -45.5758144 -0.455758E+02  0.258E-01    9.28       0.0  T
   2    -45.5761566 -0.342138E-03  0.178E-01    9.41       1.0  T
   3    -45.5763068 -0.150230E-03  0.781E-02    9.43       1.0  T
   4    -45.5763129 -0.612062E-05  0.144E-02    9.44       1.4  T
   5    -45.5763135 -0.574631E-06  0.517E-03    9.44       4.0  T
   6    -45.5763135 -0.323190E-07  0.306E-03    9.44       6.8  T
speedup  1.09
cpu  time for SCC    0.00 s
wall time for SCC    0.00 s
speedup  0.99
cpu  time for grad    0.01 s
wall time for grad    0.01 s
 E :    -45.34596866  G :  0.042222    pred/act E change: -0.660D-02 -0.561D-02
Maxdispl :   0.3815   ||displ|| :   0.6266   Lambda : -0.103D-01
Largest |displ|/coords:  0.3815 (  14)  0.2991 (   7)  0.1792 (   8)
................................................................................
.............................. CYCLE    6 ......................................
................................................................................
   1    -45.5672823 -0.455673E+02  0.822E-01    9.33       0.0  T
   2    -45.5701598 -0.287745E-02  0.542E-01    9.31       1.0  T
   3    -45.5711838 -0.102400E-02  0.224E-01    9.28       1.0  T
   4    -45.5712458 -0.619794E-04  0.430E-02    9.28       1.0  T
   5    -45.5712515 -0.573468E-05  0.214E-02    9.29       1.0  T
   6    -45.5712531 -0.164731E-05  0.873E-03    9.28       2.4  T
   7    -45.5712532 -0.110758E-06  0.205E-03    9.28      10.2  T
   8    -45.5712533 -0.709394E-08  0.835E-04    9.28      25.0  T
speedup  1.02
cpu  time for SCC    0.01 s
wall time for SCC    0.01 s
speedup  0.97
cpu  time for grad    0.01 s
wall time for grad    0.01 s
 E :    -45.34644556  G :  0.086689    pred/act E change: -0.383D-02 -0.477D-03
Maxdispl :   0.2393   ||displ|| :   0.5912   Lambda : -0.308D-01
Largest |displ|/coords:  0.2393 (  11)  0.2375 (  10)  0.2363 (   9)
................................................................................
.............................. CYCLE    7 ......................................
................................................................................
   1    -45.5986688 -0.455987E+02  0.941E-01    9.37       0.0  T
   2    -45.5991481 -0.479256E-03  0.700E-01    9.38       1.0  T
   3    -45.5995077 -0.359636E-03  0.130E-01    9.40       1.0  T
   4    -45.5995570 -0.492757E-04  0.261E-02    9.40       1.0  T
   5    -45.5995582 -0.122392E-05  0.137E-02    9.40       1.5  T
   6    -45.5995583 -0.696121E-07  0.587E-03    9.40       3.6  T
   7    -45.5995584 -0.137629E-06  0.106E-03    9.40      19.7  T
speedup  0.98
cpu  time for SCC    0.00 s
wall time for SCC    0.01 s
speedup  1.03
cpu  time for grad    0.01 s
wall time for grad    0.01 s
 E :    -45.34304777  G :  0.138927    pred/act E change: -0.717D-02  0.340D-02
Maxdispl :   0.1246   ||displ|| :   0.3070   Lambda : -0.177D-01
Largest |displ|/coords:  0.1246 (  28)  0.1135 (   7)  0.1019 (  10)
................................................................................
.............................. CYCLE    8 ......................................
................................................................................
   1    -45.5834834 -0.455835E+02  0.422E-01    9.34       0.0  T
   2    -45.5836355 -0.152105E-03  0.315E-01    9.33       1.0  T
   3    -45.5837199 -0.844120E-04  0.642E-02    9.31       1.0  T
   4    -45.5837382 -0.183638E-04  0.163E-02    9.31       1.3  T
   5    -45.5837387 -0.451834E-06  0.644E-03    9.31       3.2  T
   6    -45.5837388 -0.658585E-07  0.294E-03    9.31       7.1  T
   7    -45.5837388 -0.144016E-07  0.788E-04    9.31      26.5  T
speedup  0.98
cpu  time for SCC    0.00 s
wall time for SCC    0.01 s
speedup  1.03
cpu  time for grad    0.01 s
wall time for grad    0.01 s
 E :    -45.35164749  G :  0.030633    pred/act E change: -0.208D-01 -0.860D-02
Maxdispl :   0.2804   ||displ|| :   0.4241   Lambda : -0.400D-02
Largest |displ|/coords:  0.2804 (   5)  0.1693 (   7)  0.1468 (   4)
................................................................................
.............................. CYCLE    9 ......................................
................................................................................
   1    -45.5846314 -0.455846E+02  0.627E-01    9.24       0.0  T
   2    -45.5849819 -0.350569E-03  0.468E-01    9.23       1.0  T
   3    -45.5851431 -0.161134E-03  0.109E-01    9.20       1.0  T
   4    -45.5851931 -0.500558E-04  0.179E-02    9.21       1.2  T
   5    -45.5851937 -0.561365E-06  0.839E-03    9.21       2.5  T
   6    -45.5851938 -0.780606E-07  0.408E-03    9.21       5.1  T
   7    -45.5851938 -0.163916E-07  0.876E-04    9.21      23.8  T
speedup  0.93
cpu  time for SCC    0.00 s
wall time for SCC    0.01 s
speedup  1.01
cpu  time for grad    0.01 s
wall time for grad    0.01 s
 E :    -45.35161290  G :  0.058263    pred/act E change: -0.967D-02  0.346D-04
Maxdispl :   0.2357   ||displ|| :   0.3555   Lambda : -0.589D-02
Largest |displ|/coords:  0.2357 (   5)  0.1282 (   7)  0.1226 (   3)
................................................................................
.............................. CYCLE   10 ......................................
................................................................................
   1    -45.5918335 -0.455918E+02  0.507E-01    9.27       0.0  T
   2    -45.5919071 -0.736103E-04  0.385E-01    9.26       1.0  T
   3    -45.5919734 -0.663707E-04  0.481E-02    9.24       1.0  T
   4    -45.5919821 -0.870590E-05  0.125E-02    9.25       1.7  T
   5    -45.5919823 -0.163777E-06  0.562E-03    9.25       3.7  T
   6    -45.5919823 -0.264381E-07  0.250E-03    9.25       8.3  T
speedup  1.11
cpu  time for SCC    0.00 s
wall time for SCC    0.00 s
speedup  1.00
cpu  time for grad    0.01 s
wall time for grad    0.01 s
 E :    -45.35340267  G :  0.024729    pred/act E change: -0.236D-02 -0.179D-02
Maxdispl :   0.1208   ||displ|| :   0.2104   Lambda : -0.174D-02
Largest |displ|/coords:  0.1208 (   4)  0.0991 (   7)  0.0523 (   8)
................................................................................
.............................. CYCLE   11 ......................................
................................................................................
   1    -45.5900647 -0.455901E+02  0.197E-01    9.22       0.0  T
   2    -45.5901084 -0.437511E-04  0.143E-01    9.22       1.0  T
   3    -45.5901292 -0.207691E-04  0.356E-02    9.21       1.0  T
   4    -45.5901336 -0.443748E-05  0.778E-03    9.21       2.7  T
   5    -45.5901337 -0.885288E-07  0.319E-03    9.21       6.5  T
   6    -45.5901337 -0.117719E-07  0.172E-03    9.21      12.1  T
speedup  0.91
cpu  time for SCC    0.00 s
wall time for SCC    0.00 s
speedup  1.00
cpu  time for grad    0.01 s
wall time for grad    0.01 s
 E :    -45.35468042  G :  0.026460    pred/act E change: -0.332D-02 -0.128D-02
Maxdispl :   0.2375   ||displ|| :   0.3669   Lambda : -0.192D-02
Largest |displ|/coords:  0.2375 (   4)  0.1670 (   7)  0.0868 (   1)
................................................................................
.............................. CYCLE   12 ......................................
................................................................................
   1    -45.5906239 -0.455906E+02  0.271E-01    9.16       0.0  T
   2    -45.5906547 -0.307524E-04  0.202E-01    9.15       1.0  T
   3    -45.5906742 -0.195320E-04  0.352E-02    9.13       1.0  T
   4    -45.5906784 -0.417729E-05  0.101E-02    9.14       2.1  T
   5    -45.5906785 -0.130871E-06  0.406E-03    9.14       5.1  T
   6    -45.5906785 -0.163019E-07  0.207E-03    9.14      10.1  T
speedup  1.14
cpu  time for SCC    0.00 s
wall time for SCC    0.00 s
speedup  1.00
cpu  time for grad    0.01 s
wall time for grad    0.01 s
 E :    -45.35595914  G :  0.032790    pred/act E change: -0.907D-03 -0.128D-02
Maxdispl :   0.2544   ||displ|| :   0.3872   Lambda : -0.180D-02
Largest |displ|/coords:  0.2544 (   4)  0.1300 (   7)  0.1070 (   1)
................................................................................
.............................. CYCLE   13 ......................................
................................................................................
   1    -45.5906018 -0.455906E+02  0.270E-01    9.11       0.0  T
   2    -45.5906381 -0.362757E-04  0.200E-01    9.09       1.0  T
   3    -45.5906611 -0.229909E-04  0.356E-02    9.04       1.0  T
   4    -45.5906657 -0.465149E-05  0.102E-02    9.05       2.0  T
   5    -45.5906659 -0.132672E-06  0.450E-03    9.05       4.6  T
   6    -45.5906659 -0.274644E-07  0.207E-03    9.05      10.1  T
speedup  1.11
cpu  time for SCC    0.00 s
wall time for SCC    0.00 s
speedup  0.99
cpu  time for grad    0.01 s
wall time for grad    0.01 s
 E :    -45.35732501  G :  0.037644    pred/act E change: -0.109D-02 -0.137D-02
Maxdispl :   0.2368   ||displ|| :   0.4066   Lambda : -0.339D-02
Largest |displ|/coords:  0.2368 (   4)  0.1293 (   1)  0.1124 (   8)
................................................................................
.............................. CYCLE   14 ......................................
................................................................................
   1    -45.6013013 -0.456013E+02  0.286E-01    9.13       0.0  T
   2    -45.6014679 -0.166588E-03  0.207E-01    9.10       1.0  T
   3    -45.6015499 -0.819659E-04  0.710E-02    9.05       1.0  T
   4    -45.6015618 -0.119426E-04  0.190E-02    9.05       1.1  T
   5    -45.6015625 -0.689327E-06  0.727E-03    9.05       2.9  T
   6    -45.6015626 -0.629089E-07  0.361E-03    9.05       5.8  T
   7    -45.6015626 -0.252645E-07  0.104E-03    9.05      20.0  T
speedup  0.93
cpu  time for SCC    0.00 s
wall time for SCC    0.01 s
speedup  1.00
cpu  time for grad    0.01 s
wall time for grad    0.01 s
 E :    -45.35952667  G :  0.029367    pred/act E change: -0.103D-02 -0.220D-02
Maxdispl :   0.1561   ||displ|| :   0.3065   Lambda : -0.273D-02
Largest |displ|/coords:  0.1561 (   3)  0.1124 (   5)  0.0886 (   1)
................................................................................
.............................. CYCLE   15 ......................................
................................................................................
   1    -45.6101557 -0.456102E+02  0.306E-01    9.21       0.0  T
   2    -45.6102832 -0.127506E-03  0.227E-01    9.20       1.0  T
   3    -45.6103534 -0.701532E-04  0.659E-02    9.17       1.0  T
   4    -45.6103665 -0.131339E-04  0.155E-02    9.17       1.3  T
   5    -45.6103669 -0.386300E-06  0.581E-03    9.17       3.6  T
   6    -45.6103669 -0.186847E-07  0.297E-03    9.17       7.0  T
speedup  1.11
cpu  time for SCC    0.01 s
wall time for SCC    0.00 s
speedup  1.08
cpu  time for grad    0.01 s
wall time for grad    0.01 s
 E :    -45.36052931  G :  0.038558    pred/act E change: -0.198D-02 -0.100D-02
Maxdispl :   0.0855   ||displ|| :   0.2064   Lambda : -0.225D-02
Largest |displ|/coords:  0.0855 (   5)  0.0641 (   6)  0.0594 (  13)
................................................................................
.............................. CYCLE   16 ......................................
................................................................................
   1    -45.6114012 -0.456114E+02  0.204E-01    9.15       0.0  T
   2    -45.6114298 -0.286055E-04  0.151E-01    9.15       1.0  T
   3    -45.6114504 -0.206277E-04  0.325E-02    9.12       1.0  T
   4    -45.6114534 -0.294334E-05  0.105E-02    9.12       2.0  T
   5    -45.6114535 -0.177622E-06  0.386E-03    9.12       5.4  T
   6    -45.6114536 -0.119084E-07  0.181E-03    9.12      11.5  T
speedup  1.11
cpu  time for SCC    0.01 s
wall time for SCC    0.00 s
speedup  0.99
cpu  time for grad    0.01 s
wall time for grad    0.01 s
 E :    -45.36128820  G :  0.027355    pred/act E change: -0.149D-02 -0.759D-03
Maxdispl :   0.1580   ||displ|| :   0.2388   Lambda : -0.169D-02
Largest |displ|/coords:  0.1580 (   3)  0.1104 (   8)  0.0601 (   6)
................................................................................
.............................. CYCLE   17 ......................................
................................................................................
   1    -45.6064674 -0.456065E+02  0.181E-01    9.02       0.0  T
   2    -45.6064829 -0.155381E-04  0.135E-01    9.03       1.0  T
   3    -45.6064911 -0.816618E-05  0.289E-02    9.05       1.0  T
   4    -45.6064933 -0.220187E-05  0.976E-03    9.04       2.1  T
   5    -45.6064934 -0.112000E-06  0.252E-03    9.04       8.3  T
   6    -45.6064934 -0.884721E-08  0.152E-03    9.04      13.7  T
speedup  0.89
cpu  time for SCC    0.00 s
wall time for SCC    0.00 s
speedup  0.99
cpu  time for grad    0.01 s
wall time for grad    0.01 s
 E :    -45.36180504  G :  0.022237    pred/act E change: -0.117D-02 -0.517D-03
Maxdispl :   0.1073   ||displ|| :   0.1835   Lambda : -0.113D-02
Largest |displ|/coords:  0.1073 (   2)  0.0685 (   1)  0.0620 (   3)
................................................................................
.............................. CYCLE   18 ......................................
................................................................................
   1    -45.6073371 -0.456073E+02  0.157E-01    9.09       0.0  T
   2    -45.6073496 -0.125580E-04  0.118E-01    9.10       1.0  T
   3    -45.6073593 -0.970350E-05  0.226E-02    9.12       1.0  T
   4    -45.6073609 -0.157266E-05  0.825E-03    9.12       2.5  T
   5    -45.6073610 -0.913562E-07  0.235E-03    9.11       8.9  T
   6    -45.6073610 -0.469132E-08  0.133E-03    9.11      15.7  T
speedup  1.11
cpu  time for SCC    0.00 s
wall time for SCC    0.00 s
speedup  1.00
cpu  time for grad    0.01 s
wall time for grad    0.01 s
 E :    -45.36242644  G :  0.017941    pred/act E change: -0.891D-03 -0.621D-03
Maxdispl :   0.0681   ||displ|| :   0.1690   Lambda : -0.741D-03
Largest |displ|/coords:  0.0681 (   3)  0.0674 (   1)  0.0514 (   2)
................................................................................
.............................. CYCLE   19 ......................................
................................................................................
   1    -45.6121788 -0.456122E+02  0.114E-01    9.14       0.0  T
   2    -45.6121925 -0.137519E-04  0.844E-02    9.15       1.0  T
   3    -45.6122021 -0.951636E-05  0.223E-02    9.15       1.0  T
   4    -45.6122035 -0.139510E-05  0.577E-03    9.15       3.6  T
   5    -45.6122035 -0.444887E-07  0.243E-03    9.15       8.6  T
   6    -45.6122035 -0.457838E-08  0.112E-03    9.15      18.6  T
speedup  0.89
cpu  time for SCC    0.00 s
wall time for SCC    0.00 s
speedup  0.99
cpu  time for grad    0.01 s
wall time for grad    0.01 s
 E :    -45.36278424  G :  0.014087    pred/act E change: -0.583D-03 -0.358D-03
Maxdispl :   0.0593   ||displ|| :   0.1359   Lambda : -0.479D-03
Largest |displ|/coords:  0.0593 (   2)  0.0426 (   1)  0.0401 (   7)
................................................................................
.............................. CYCLE   20 ......................................
................................................................................
   1    -45.6118056 -0.456118E+02  0.839E-02    9.08       0.0  T
   2    -45.6118099 -0.431388E-05  0.633E-02    9.08       1.0  T
   3    -45.6118122 -0.227726E-05  0.132E-02    9.08       1.6  T
   4    -45.6118128 -0.652603E-06  0.520E-03    9.08       4.0  T
   5    -45.6118128 -0.297310E-07  0.117E-03    9.08      17.8  T
   6    -45.6118128 -0.152399E-08  0.700E-04    9.08      29.8  T
speedup  1.11
cpu  time for SCC    0.01 s
wall time for SCC    0.00 s
speedup  1.08
cpu  time for grad    0.01 s
wall time for grad    0.01 s
 E :    -45.36310018  G :  0.009517    pred/act E change: -0.381D-03 -0.316D-03
Maxdispl :   0.1232   ||displ|| :   0.2182   Lambda : -0.397D-03
Largest |displ|/coords:  0.1232 (   2)  0.1078 (   3)  0.0594 (   8)
................................................................................
.............................. CYCLE   21 ......................................
................................................................................
   1    -45.6083247 -0.456083E+02  0.119E-01    8.98       0.0  T
   2    -45.6083296 -0.492978E-05  0.886E-02    8.98       1.0  T
   3    -45.6083327 -0.305916E-05  0.146E-02    8.97       1.4  T
   4    -45.6083334 -0.675728E-06  0.528E-03    8.97       4.0  T
   5    -45.6083334 -0.319922E-07  0.134E-03    8.97      15.5  T
   6    -45.6083334 -0.250005E-08  0.833E-04    8.97      25.0  T
speedup  1.09
cpu  time for SCC    0.00 s
wall time for SCC    0.00 s
speedup  0.98
cpu  time for grad    0.01 s
wall time for grad    0.01 s
 E :    -45.36329863  G :  0.012365    pred/act E change: -0.244D-03 -0.198D-03
Maxdispl :   0.0738   ||displ|| :   0.1305   Lambda : -0.249D-03
Largest |displ|/coords:  0.0738 (   2)  0.0492 (   8)  0.0461 (   3)
................................................................................
.............................. CYCLE   22 ......................................
................................................................................
   1    -45.6113722 -0.456114E+02  0.806E-02    8.94       0.0  T
   2    -45.6113761 -0.392694E-05  0.592E-02    8.94       1.0  T
   3    -45.6113780 -0.191744E-05  0.142E-02    8.93       1.5  T
   4    -45.6113784 -0.405535E-06  0.398E-03    8.94       5.2  T
   5    -45.6113785 -0.327003E-07  0.117E-03    8.94      17.8  T
   6    -45.6113785 -0.150024E-08  0.645E-04    8.94      32.3  T
speedup  1.11
cpu  time for SCC    0.00 s
wall time for SCC    0.00 s
speedup  1.00
cpu  time for grad    0.01 s
wall time for grad    0.01 s
 E :    -45.36344294  G :  0.008363    pred/act E change: -0.208D-03 -0.144D-03
Maxdispl :   0.1121   ||displ|| :   0.1827   Lambda : -0.306D-03
Largest |displ|/coords:  0.1121 (   2)  0.0619 (   8)  0.0606 (  17)
................................................................................
.............................. CYCLE   23 ......................................
................................................................................
   1    -45.6124131 -0.456124E+02  0.132E-01    8.92       0.0  T
   2    -45.6124202 -0.702262E-05  0.987E-02    8.91       1.0  T
   3    -45.6124247 -0.452736E-05  0.201E-02    8.90       1.0  T
   4    -45.6124256 -0.890662E-06  0.606E-03    8.90       3.4  T
   5    -45.6124257 -0.611336E-07  0.181E-03    8.90      11.5  T
   6    -45.6124257 -0.322878E-08  0.102E-03    8.90      20.5  T
speedup  0.89
cpu  time for SCC    0.00 s
wall time for SCC    0.00 s
speedup  1.00
cpu  time for grad    0.01 s
wall time for grad    0.01 s
 E :    -45.36361327  G :  0.010851    pred/act E change: -0.127D-03 -0.170D-03
Maxdispl :   0.1676   ||displ|| :   0.2610   Lambda : -0.392D-03
Largest |displ|/coords:  0.1676 (   2)  0.1073 (   1)  0.0914 (   8)
................................................................................
.............................. CYCLE   24 ......................................
................................................................................
   1    -45.6128511 -0.456129E+02  0.150E-01    8.91       0.0  T
   2    -45.6128579 -0.670567E-05  0.112E-01    8.91       1.0  T
   3    -45.6128618 -0.398197E-05  0.192E-02    8.91       1.1  T
   4    -45.6128628 -0.979610E-06  0.590E-03    8.91       3.5  T
   5    -45.6128628 -0.279253E-07  0.167E-03    8.91      12.5  T
   6    -45.6128628 -0.191566E-08  0.817E-04    8.91      25.5  T
speedup  1.11
cpu  time for SCC    0.01 s
wall time for SCC    0.00 s
speedup  1.00
cpu  time for grad    0.01 s
wall time for grad    0.01 s
 E :    -45.36379481  G :  0.010317    pred/act E change: -0.158D-03 -0.182D-03
Maxdispl :   0.1289   ||displ|| :   0.2232   Lambda : -0.337D-03
Largest |displ|/coords:  0.1289 (   2)  0.0826 (   3)  0.0742 (   1)
................................................................................
.............................. CYCLE   25 ......................................
................................................................................
   1    -45.6113994 -0.456114E+02  0.154E-01    8.90       0.0  T
   2    -45.6114045 -0.506814E-05  0.115E-01    8.90       1.0  T
   3    -45.6114087 -0.416712E-05  0.134E-02    8.89       1.6  T
   4    -45.6114092 -0.530569E-06  0.527E-03    8.89       4.0  T
   5    -45.6114092 -0.278523E-07  0.169E-03    8.89      12.3  T
   6    -45.6114092 -0.341155E-08  0.888E-04    8.89      23.5  T
speedup  0.89
cpu  time for SCC    0.00 s
wall time for SCC    0.00 s
speedup  0.99
cpu  time for grad    0.01 s
wall time for grad    0.01 s
 E :    -45.36398465  G :  0.011525    pred/act E change: -0.209D-03 -0.190D-03
Maxdispl :   0.0867   ||displ|| :   0.1308   Lambda : -0.209D-03
Largest |displ|/coords:  0.0867 (   1)  0.0476 (   8)  0.0409 (   2)

generating ANC from model Hessian ...
 Shifting diagonal of input Hessian by   5.116686306240356E-003
 Lowest  eigenvalues of input Hessian
    0.005000   -0.000000   -0.000000   -0.000000    0.000000    0.000000
    0.000000    0.005472    0.005618    0.005650    0.006117    0.006876
    0.007299    0.008498    0.008543    0.009521    0.012551    0.015143
 Highest eigenvalues
    1.380625    1.401903    1.414157    2.778716    3.319403    3.616295
 
cpu  time for ANC gen    0.01 s
wall time for ANC gen    0.01 s
................................................................................
.............................. CYCLE   26 ......................................
................................................................................
   1    -45.6122942 -0.456123E+02  0.811E-02    8.92       0.0  T
   2    -45.6122967 -0.246485E-05  0.598E-02    8.93       1.0  T
   3    -45.6122980 -0.132678E-05  0.989E-03    8.94       2.1  T
   4    -45.6122983 -0.316471E-06  0.313E-03    8.93       6.7  T
   5    -45.6122984 -0.112826E-07  0.976E-04    8.93      21.4  T
   6    -45.6122984 -0.112055E-08  0.479E-04    8.93      43.5  T
speedup  1.09
cpu  time for SCC    0.00 s
wall time for SCC    0.00 s
speedup  1.04
cpu  time for grad    0.01 s
wall time for grad    0.01 s
 E :    -45.36412772  G :  0.007170    pred/act E change:  0.000D+00 -0.143D-03
Maxdispl :   0.0506   ||displ|| :   0.1395   Lambda : -0.317D-03
Largest |displ|/coords:  0.0506 (  17)  0.0501 (   1)  0.0483 (   6)
................................................................................
.............................. CYCLE   27 ......................................
................................................................................
   1    -45.6126342 -0.456126E+02  0.143E-01    8.94       0.0  T
   2    -45.6126374 -0.319783E-05  0.109E-01    8.95       1.0  T
   3    -45.6126411 -0.375804E-05  0.834E-03    8.96       2.5  T
   4    -45.6126413 -0.210099E-06  0.315E-03    8.95       6.6  T
   5    -45.6126414 -0.596958E-08  0.124E-03    8.95      16.9  T
   6    -45.6126414 -0.186548E-08  0.527E-04    8.95      39.6  T
speedup  1.11
cpu  time for SCC    0.01 s
wall time for SCC    0.00 s
speedup  0.99
cpu  time for grad    0.01 s
wall time for grad    0.01 s
 E :    -45.36437709  G :  0.004883    pred/act E change:  0.000D+00 -0.249D-03
Maxdispl :   0.1924   ||displ|| :   0.3503   Lambda : -0.496D-03
Largest |displ|/coords:  0.1924 (   1)  0.1391 (   2)  0.1288 (   5)
................................................................................
.............................. CYCLE   28 ......................................
................................................................................
   1    -45.6094704 -0.456095E+02  0.311E-01    8.96       0.0  T
   2    -45.6094873 -0.169001E-04  0.235E-01    8.97       1.0  T
   3    -45.6095039 -0.166085E-04  0.219E-02    8.99       1.0  T
   4    -45.6095057 -0.182974E-05  0.736E-03    8.99       2.8  T
   5    -45.6095057 -0.343857E-07  0.339E-03    8.99       6.2  T
   6    -45.6095058 -0.124118E-07  0.133E-03    8.99      15.6  T
   7    -45.6095058 -0.387553E-08  0.280E-04    8.99      74.3  T
speedup  0.93
cpu  time for SCC    0.01 s
wall time for SCC    0.01 s
speedup  1.00
cpu  time for grad    0.01 s
wall time for grad    0.01 s
 E :    -45.36456254  G :  0.018147    pred/act E change: -0.162D-03 -0.185D-03
Maxdispl :   0.0590   ||displ|| :   0.0813   Lambda : -0.328D-03
Largest |displ|/coords:  0.0590 (   2)  0.0248 (   5)  0.0224 (   1)
................................................................................
.............................. CYCLE   29 ......................................
................................................................................
   1    -45.6122915 -0.456123E+02  0.738E-02    8.99       0.0  T
   2    -45.6122949 -0.345840E-05  0.555E-02    8.99       1.0  T
   3    -45.6122978 -0.282941E-05  0.112E-02    8.99       1.9  T
   4    -45.6122982 -0.435416E-06  0.269E-03    8.99       7.8  T
   5    -45.6122982 -0.641872E-08  0.131E-03    8.99      15.9  T
speedup  1.08
cpu  time for SCC    0.00 s
wall time for SCC    0.00 s
speedup  1.07
cpu  time for grad    0.01 s
wall time for grad    0.01 s
 E :    -45.36473507  G :  0.004693    pred/act E change: -0.279D-03 -0.173D-03
Maxdispl :   0.1242   ||displ|| :   0.1690   Lambda : -0.174D-03
Largest |displ|/coords:  0.1242 (   1)  0.0576 (   6)  0.0490 (  17)
................................................................................
.............................. CYCLE   30 ......................................
................................................................................
   1    -45.6120422 -0.456120E+02  0.119E-01    9.00       0.0  T
   2    -45.6120441 -0.190673E-05  0.896E-02    9.00       1.0  T
   3    -45.6120462 -0.212567E-05  0.784E-03    9.01       2.7  T
   4    -45.6120464 -0.153356E-06  0.251E-03    9.00       8.3  T
   5    -45.6120464 -0.546888E-08  0.112E-03    9.00      18.6  T
speedup  1.05
cpu  time for SCC    0.00 s
wall time for SCC    0.00 s
speedup  1.07
cpu  time for grad    0.01 s
wall time for grad    0.01 s
 E :    -45.36487746  G :  0.004019    pred/act E change: -0.165D-03 -0.142D-03
Maxdispl :   0.3576   ||displ|| :   0.4402   Lambda : -0.352D-03
Largest |displ|/coords:  0.3576 (   1)  0.1484 (  17)  0.1001 (   5)
................................................................................
.............................. CYCLE   31 ......................................
................................................................................
   1    -45.6084731 -0.456085E+02  0.321E-01    9.00       0.0  T
   2    -45.6084947 -0.215534E-04  0.242E-01    9.01       1.0  T
   3    -45.6085130 -0.183128E-04  0.269E-02    9.02       1.0  T
   4    -45.6085158 -0.285617E-05  0.765E-03    9.02       2.7  T
   5    -45.6085159 -0.399256E-07  0.365E-03    9.02       5.7  T
   6    -45.6085159 -0.151231E-07  0.169E-03    9.02      12.4  T
   7    -45.6085159 -0.525430E-08  0.347E-04    9.02      60.1  T
speedup  0.94
cpu  time for SCC    0.01 s
wall time for SCC    0.01 s
speedup  1.01
cpu  time for grad    0.01 s
wall time for grad    0.01 s
 E :    -45.36496506  G :  0.016192    pred/act E change: -0.893D-04 -0.876D-04
Maxdispl :   0.0365   ||displ|| :   0.0862   Lambda : -0.324D-03
Largest |displ|/coords:  0.0365 (  17)  0.0331 (   1)  0.0315 (   2)
................................................................................
.............................. CYCLE   32 ......................................
................................................................................
   1    -45.6111932 -0.456112E+02  0.911E-02    9.02       0.0  T
   2    -45.6111994 -0.621856E-05  0.677E-02    9.02       1.0  T
   3    -45.6112028 -0.344252E-05  0.151E-02    9.02       1.4  T
   4    -45.6112036 -0.753306E-06  0.364E-03    9.02       5.7  T
   5    -45.6112036 -0.210760E-07  0.136E-03    9.02      15.3  T
   6    -45.6112036 -0.111731E-08  0.721E-04    9.02      28.9  T
speedup  0.91
cpu  time for SCC    0.00 s
wall time for SCC    0.00 s
speedup  1.00
cpu  time for grad    0.01 s
wall time for grad    0.01 s
 E :    -45.36508023  G :  0.005916    pred/act E change: -0.210D-03 -0.115D-03
Maxdispl :   0.0478   ||displ|| :   0.0733   Lambda : -0.961D-04
Largest |displ|/coords:  0.0478 (   6)  0.0248 (   1)  0.0178 (   9)
................................................................................
.............................. CYCLE   33 ......................................
................................................................................
   1    -45.6118700 -0.456119E+02  0.595E-02    9.02       0.0  T
   2    -45.6118716 -0.160077E-05  0.449E-02    9.02       1.0  T
   3    -45.6118729 -0.125806E-05  0.763E-03    9.02       2.7  T
   4    -45.6118731 -0.206705E-06  0.289E-03    9.02       7.2  T
   5    -45.6118731 -0.113416E-07  0.867E-04    9.02      24.1  T
speedup  1.08
cpu  time for SCC    0.00 s
wall time for SCC    0.00 s
speedup  1.07
cpu  time for grad    0.01 s
wall time for grad    0.01 s
 E :    -45.36510224  G :  0.006030    pred/act E change: -0.163D-03 -0.220D-04
Maxdispl :   0.1467   ||displ|| :   0.2013   Lambda : -0.151D-03
Largest |displ|/coords:  0.1467 (   1)  0.0669 (   3)  0.0634 (  17)
................................................................................
.............................. CYCLE   34 ......................................
................................................................................
   1    -45.6095336 -0.456095E+02  0.160E-01    9.02       0.0  T
   2    -45.6095393 -0.567056E-05  0.121E-01    9.02       1.0  T
   3    -45.6095443 -0.506603E-05  0.138E-02    9.02       1.5  T
   4    -45.6095451 -0.711870E-06  0.542E-03    9.02       3.8  T
   5    -45.6095451 -0.380269E-07  0.179E-03    9.02      11.6  T
   6    -45.6095451 -0.309904E-08  0.104E-03    9.02      20.0  T
speedup  1.11
cpu  time for SCC    0.00 s
wall time for SCC    0.00 s
speedup  0.99
cpu  time for grad    0.01 s
wall time for grad    0.01 s
 E :    -45.36515732  G :  0.007881    pred/act E change: -0.483D-04 -0.551D-04
Maxdispl :   0.0298   ||displ|| :   0.0439   Lambda : -0.762D-04
Largest |displ|/coords:  0.0298 (   6)  0.0207 (   8)  0.0103 (   4)
................................................................................
.............................. CYCLE   35 ......................................
................................................................................
   1    -45.6109527 -0.456110E+02  0.286E-02    9.02       0.0  T
   2    -45.6109533 -0.610367E-06  0.211E-02    9.02       1.0  T
   3    -45.6109536 -0.304221E-06  0.493E-03    9.02       4.2  T
   4    -45.6109537 -0.714275E-07  0.126E-03    9.02      16.5  T
   5    -45.6109537 -0.301751E-08  0.402E-04    9.02      51.9  T
speedup  0.79
cpu  time for SCC    0.00 s
wall time for SCC    0.00 s
speedup  0.96
cpu  time for grad    0.01 s
wall time for grad    0.01 s
 E :    -45.36519955  G :  0.003111    pred/act E change: -0.783D-04 -0.422D-04
Maxdispl :   0.0507   ||displ|| :   0.0743   Lambda : -0.304D-04
Largest |displ|/coords:  0.0507 (   1)  0.0236 (   6)  0.0198 (   8)
................................................................................
.............................. CYCLE   36 ......................................
................................................................................
   1    -45.6112036 -0.456112E+02  0.529E-02    9.03       0.0  T
   2    -45.6112044 -0.852516E-06  0.401E-02    9.03       1.0  T
   3    -45.6112050 -0.621531E-06  0.564E-03    9.02       3.7  T
   4    -45.6112052 -0.128457E-06  0.240E-03    9.02       8.7  T
   5    -45.6112052 -0.607369E-08  0.642E-04    9.02      32.5  T
   6    -45.6112052 -0.627715E-09  0.366E-04    9.02      57.0  T
speedup  1.06
cpu  time for SCC    0.00 s
wall time for SCC    0.00 s
speedup  1.03
cpu  time for grad    0.01 s
wall time for grad    0.01 s
 E :    -45.36522197  G :  0.002302    pred/act E change: -0.382D-04 -0.224D-04
Maxdispl :   0.0693   ||displ|| :   0.1047   Lambda : -0.319D-04
Largest |displ|/coords:  0.0693 (   1)  0.0348 (   3)  0.0309 (  17)
................................................................................
.............................. CYCLE   37 ......................................
................................................................................
   1    -45.6115241 -0.456115E+02  0.811E-02    9.03       0.0  T
   2    -45.6115262 -0.212534E-05  0.615E-02    9.03       1.0  T
   3    -45.6115277 -0.151961E-05  0.897E-03    9.02       2.3  T
   4    -45.6115280 -0.321201E-06  0.365E-03    9.02       5.7  T
   5    -45.6115281 -0.159638E-07  0.103E-03    9.02      20.2  T
   6    -45.6115281 -0.148994E-08  0.590E-04    9.02      35.3  T
   7    -45.6115281 -0.681595E-09  0.166E-04    9.02     125.6  T
speedup  1.13
cpu  time for SCC    0.01 s
wall time for SCC    0.01 s
speedup  1.06
cpu  time for grad    0.01 s
wall time for grad    0.01 s
 E :    -45.36523869  G :  0.001868    pred/act E change: -0.153D-04 -0.167D-04
Maxdispl :   0.0158   ||displ|| :   0.0324   Lambda : -0.932D-05
Largest |displ|/coords:  0.0158 (   6)  0.0141 (   1)  0.0122 (   2)
................................................................................
.............................. CYCLE   38 ......................................
................................................................................
   1    -45.6115292 -0.456115E+02  0.264E-02    9.02       0.0  T
   2    -45.6115294 -0.191322E-06  0.199E-02    9.02       1.0  T
   3    -45.6115295 -0.154199E-06  0.264E-03    9.02       7.9  T
   4    -45.6115296 -0.261312E-07  0.805E-04    9.02      25.9  T
   5    -45.6115296 -0.738943E-09  0.345E-04    9.02      60.5  T
speedup  1.08
cpu  time for SCC    0.00 s
wall time for SCC    0.00 s
speedup  1.03
cpu  time for grad    0.01 s
wall time for grad    0.01 s
 E :    -45.36524456  G :  0.001929    pred/act E change: -0.161D-04 -0.587D-05
Maxdispl :   0.0158   ||displ|| :   0.0285   Lambda : -0.883D-05
Largest |displ|/coords:  0.0158 (   2)  0.0102 (   4)  0.0082 (   8)
................................................................................
.............................. CYCLE   39 ......................................
................................................................................
   1    -45.6116783 -0.456117E+02  0.178E-02    9.02       0.0  T
   2    -45.6116784 -0.781180E-07  0.133E-02    9.02       1.6  T
   3    -45.6116785 -0.762877E-07  0.169E-03    9.02      12.3  T
   4    -45.6116785 -0.792458E-08  0.742E-04    9.02      28.1  T
   5    -45.6116785 -0.586766E-09  0.200E-04    9.02     104.0  T
speedup  1.05
cpu  time for SCC    0.00 s
wall time for SCC    0.00 s
speedup  1.02
cpu  time for grad    0.01 s
wall time for grad    0.01 s
 E :    -45.36525086  G :  0.001384    pred/act E change: -0.467D-05 -0.631D-05
Maxdispl :   0.0276   ||displ|| :   0.0585   Lambda : -0.128D-04
Largest |displ|/coords:  0.0276 (   2)  0.0191 (   4)  0.0173 (   5)
................................................................................
.............................. CYCLE   40 ......................................
................................................................................
   1    -45.6113882 -0.456114E+02  0.460E-02    9.01       0.0  T
   2    -45.6113887 -0.462110E-06  0.347E-02    9.01       1.0  T
   3    -45.6113891 -0.443256E-06  0.378E-03    9.01       5.5  T
   4    -45.6113892 -0.510986E-07  0.144E-03    9.01      14.4  T
   5    -45.6113892 -0.186508E-08  0.534E-04    9.01      39.0  T
   6    -45.6113892 -0.307288E-09  0.220E-04    9.01      94.8  T
speedup  1.14
cpu  time for SCC    0.00 s
wall time for SCC    0.00 s
speedup  1.05
cpu  time for grad    0.01 s
wall time for grad    0.01 s
 E :    -45.36525726  G :  0.001818    pred/act E change: -0.442D-05 -0.639D-05
Maxdispl :   0.0244   ||displ|| :   0.0385   Lambda : -0.579D-05
Largest |displ|/coords:  0.0244 (   1)  0.0161 (  10)  0.0101 (   7)
................................................................................
.............................. CYCLE   41 ......................................
................................................................................
   1    -45.6115340 -0.456115E+02  0.239E-02    9.01       0.0  T
   2    -45.6115341 -0.140987E-06  0.181E-02    9.01       1.2  T
   3    -45.6115343 -0.134363E-06  0.211E-03    9.01       9.9  T
   4    -45.6115343 -0.150929E-07  0.873E-04    9.01      23.9  T
   5    -45.6115343 -0.804938E-09  0.265E-04    9.01      78.7  T
speedup  0.81
cpu  time for SCC    0.00 s
wall time for SCC    0.00 s
speedup  0.93
cpu  time for grad    0.01 s
wall time for grad    0.01 s
 E :    -45.36526058  G :  0.001460    pred/act E change: -0.642D-05 -0.332D-05
Maxdispl :   0.0120   ||displ|| :   0.0252   Lambda : -0.440D-05
Largest |displ|/coords:  0.0120 (   4)  0.0114 (   2)  0.0095 (  10)
................................................................................
.............................. CYCLE   42 ......................................
................................................................................
   1    -45.6112707 -0.456113E+02  0.145E-02    9.01       0.0  T
   2    -45.6112708 -0.423275E-07  0.108E-02    9.01       1.9  T
   3    -45.6112708 -0.448442E-07  0.151E-03    9.01      13.8  T
   4    -45.6112708 -0.311164E-08  0.364E-04    9.01      57.4  T
   5    -45.6112708 -0.188265E-09  0.142E-04    9.01     146.6  T
speedup  1.08
cpu  time for SCC    0.00 s
wall time for SCC    0.00 s
speedup  1.03
cpu  time for grad    0.01 s
wall time for grad    0.01 s
 E :    -45.36526341  G :  0.000973    pred/act E change: -0.290D-05 -0.283D-05
Maxdispl :   0.0181   ||displ|| :   0.0349   Lambda : -0.455D-05
Largest |displ|/coords:  0.0181 (   4)  0.0149 (  10)  0.0129 (   9)
................................................................................
.............................. CYCLE   43 ......................................
................................................................................
   1    -45.6111189 -0.456111E+02  0.224E-02    9.01       0.0  T
   2    -45.6111190 -0.952869E-07  0.168E-02    9.01       1.2  T
   3    -45.6111191 -0.911671E-07  0.230E-03    9.01       9.0  T
   4    -45.6111191 -0.859568E-08  0.802E-04    9.01      26.0  T
   5    -45.6111191 -0.577920E-09  0.198E-04    9.01     105.2  T
speedup  1.08
cpu  time for SCC    0.00 s
wall time for SCC    0.00 s
speedup  0.93
cpu  time for grad    0.01 s
wall time for grad    0.01 s
 E :    -45.36526609  G :  0.000733    pred/act E change: -0.220D-05 -0.269D-05
Maxdispl :   0.0117   ||displ|| :   0.0214   Lambda : -0.174D-05
Largest |displ|/coords:  0.0117 (   4)  0.0100 (   1)  0.0084 (   9)
................................................................................
.............................. CYCLE   44 ......................................
................................................................................
   1    -45.6110974 -0.456111E+02  0.134E-02    9.01       0.0  T
   2    -45.6110974 -0.339789E-07  0.100E-02    9.01       2.1  T
   3    -45.6110974 -0.269100E-07  0.138E-03    9.01      15.2  T
   4    -45.6110974 -0.386421E-08  0.549E-04    9.01      37.9  T
   5    -45.6110974 -0.209234E-09  0.113E-04    9.01     183.8  T
speedup  1.08
cpu  time for SCC    0.00 s
wall time for SCC    0.00 s
speedup  1.03
cpu  time for grad    0.01 s
wall time for grad    0.01 s
 E :    -45.36526740  G :  0.000654    pred/act E change: -0.228D-05 -0.130D-05
Maxdispl :   0.0241   ||displ|| :   0.0368   Lambda : -0.238D-05
Largest |displ|/coords:  0.0241 (   4)  0.0169 (   1)  0.0130 (   9)
................................................................................
.............................. CYCLE   45 ......................................
................................................................................
   1    -45.6111248 -0.456111E+02  0.225E-02    9.02       0.0  T
   2    -45.6111249 -0.798431E-07  0.168E-02    9.02       1.2  T
   3    -45.6111250 -0.708372E-07  0.216E-03    9.02       9.6  T
   4    -45.6111250 -0.733461E-08  0.741E-04    9.02      28.2  T
   5    -45.6111250 -0.526576E-09  0.184E-04    9.02     113.1  T
speedup  1.08
cpu  time for SCC    0.00 s
wall time for SCC    0.00 s
speedup  1.03
cpu  time for grad    0.01 s
wall time for grad    0.01 s
 E :    -45.36526903  G :  0.000676    pred/act E change: -0.869D-06 -0.164D-05
Maxdispl :   0.0234   ||displ|| :   0.0340   Lambda : -0.187D-05
Largest |displ|/coords:  0.0234 (   4)  0.0145 (   1)  0.0123 (   9)
................................................................................
.............................. CYCLE   46 ......................................
................................................................................
   1    -45.6111649 -0.456112E+02  0.197E-02    9.02       0.0  T
   2    -45.6111650 -0.574030E-07  0.146E-02    9.02       1.4  T
   3    -45.6111651 -0.540702E-07  0.190E-03    9.02      11.0  T
   4    -45.6111651 -0.412090E-08  0.609E-04    9.02      34.2  T
   5    -45.6111651 -0.357190E-09  0.153E-04    9.02     136.3  T
speedup  1.08
cpu  time for SCC    0.00 s
wall time for SCC    0.00 s
speedup  1.03
cpu  time for grad    0.01 s
wall time for grad    0.01 s
 E :    -45.36527044  G :  0.000591    pred/act E change: -0.119D-05 -0.140D-05
Maxdispl :   0.0403   ||displ|| :   0.0549   Lambda : -0.264D-05
Largest |displ|/coords:  0.0403 (   4)  0.0206 (   1)  0.0162 (   9)
................................................................................
.............................. CYCLE   47 ......................................
................................................................................
   1    -45.6111570 -0.456112E+02  0.315E-02    9.02       0.0  T
   2    -45.6111571 -0.139030E-06  0.234E-02    9.02       1.0  T
   3    -45.6111572 -0.138802E-06  0.284E-03    9.03       7.4  T
   4    -45.6111573 -0.103951E-07  0.976E-04    9.03      21.4  T
   5    -45.6111573 -0.855948E-09  0.269E-04    9.03      77.6  T
speedup  1.08
cpu  time for SCC    0.00 s
wall time for SCC    0.00 s
speedup  1.03
cpu  time for grad    0.01 s
wall time for grad    0.01 s
 E :    -45.36527235  G :  0.000824    pred/act E change: -0.938D-06 -0.191D-05
Maxdispl :   0.0439   ||displ|| :   0.0599   Lambda : -0.293D-05
Largest |displ|/coords:  0.0439 (   4)  0.0208 (   2)  0.0202 (   1)
................................................................................
.............................. CYCLE   48 ......................................
................................................................................
   1    -45.6111379 -0.456111E+02  0.322E-02    9.03       0.0  T
   2    -45.6111381 -0.171466E-06  0.240E-02    9.03       1.0  T
   3    -45.6111382 -0.162261E-06  0.294E-03    9.03       7.1  T
   4    -45.6111382 -0.159043E-07  0.109E-03    9.03      19.1  T
   5    -45.6111382 -0.996202E-09  0.294E-04    9.03      71.0  T
   6    -45.6111382 -0.669473E-10  0.172E-04    9.03     121.1  T
speedup  0.87
cpu  time for SCC    0.00 s
wall time for SCC    0.00 s
speedup  0.86
cpu  time for grad    0.01 s
wall time for grad    0.01 s
 E :    -45.36527451  G :  0.000862    pred/act E change: -0.132D-05 -0.216D-05
Maxdispl :   0.0553   ||displ|| :   0.0754   Lambda : -0.331D-05
Largest |displ|/coords:  0.0553 (   4)  0.0279 (   2)  0.0269 (   1)
................................................................................
.............................. CYCLE   49 ......................................
................................................................................
   1    -45.6110256 -0.456110E+02  0.404E-02    9.03       0.0  T
   2    -45.6110258 -0.249368E-06  0.302E-02    9.03       1.0  T
   3    -45.6110261 -0.265630E-06  0.310E-03    9.03       6.7  T
   4    -45.6110261 -0.194260E-07  0.136E-03    9.03      15.3  T
   5    -45.6110261 -0.152638E-08  0.346E-04    9.03      60.3  T
   6    -45.6110261 -0.103071E-09  0.202E-04    9.03     103.3  T
speedup  0.89
cpu  time for SCC    0.00 s
wall time for SCC    0.00 s
speedup  0.96
cpu  time for grad    0.01 s
wall time for grad    0.01 s
 E :    -45.36527691  G :  0.000937    pred/act E change: -0.147D-05 -0.240D-05
Maxdispl :   0.0446   ||displ|| :   0.0661   Lambda : -0.331D-05
Largest |displ|/coords:  0.0446 (   4)  0.0309 (   2)  0.0228 (   1)
................................................................................
.............................. CYCLE   50 ......................................
................................................................................
   1    -45.6110281 -0.456110E+02  0.328E-02    9.02       0.0  T
   2    -45.6110283 -0.203996E-06  0.246E-02    9.02       1.0  T
   3    -45.6110285 -0.214312E-06  0.255E-03    9.02       8.2  T
   4    -45.6110286 -0.163384E-07  0.124E-03    9.02      16.8  T
   5    -45.6110286 -0.145952E-08  0.300E-04    9.02      69.5  T
   6    -45.6110286 -0.133355E-09  0.181E-04    9.02     115.3  T
speedup  1.11
cpu  time for SCC    0.00 s
wall time for SCC    0.00 s
speedup  1.04
cpu  time for grad    0.01 s
wall time for grad    0.01 s
 E :    -45.36527925  G :  0.000786    pred/act E change: -0.167D-05 -0.234D-05
Maxdispl :   0.0385   ||displ|| :   0.0602   Lambda : -0.273D-05
Largest |displ|/coords:  0.0385 (   4)  0.0269 (   1)  0.0255 (   2)
................................................................................
.............................. CYCLE   51 ......................................
................................................................................
   1    -45.6109871 -0.456110E+02  0.308E-02    9.02       0.0  T
   2    -45.6109873 -0.164578E-06  0.230E-02    9.02       1.0  T
   3    -45.6109875 -0.169520E-06  0.236E-03    9.02       8.8  T
   4    -45.6109875 -0.127785E-07  0.100E-03    9.02      20.8  T
   5    -45.6109875 -0.101693E-08  0.253E-04    9.02      82.4  T
   6    -45.6109875 -0.100208E-09  0.133E-04    9.02     156.2  T
speedup  0.89
cpu  time for SCC    0.00 s
wall time for SCC    0.00 s
speedup  0.96
cpu  time for grad    0.01 s
wall time for grad    0.01 s
 E :    -45.36528119  G :  0.000768    pred/act E change: -0.166D-05 -0.194D-05
Maxdispl :   0.0193   ||displ|| :   0.0391   Lambda : -0.224D-05
Largest |displ|/coords:  0.0193 (   2)  0.0182 (   4)  0.0181 (   1)
................................................................................
.............................. CYCLE   52 ......................................
................................................................................
   1    -45.6111245 -0.456111E+02  0.191E-02    9.02       0.0  T
   2    -45.6111246 -0.963837E-07  0.141E-02    9.02       1.5  T
   3    -45.6111247 -0.733196E-07  0.210E-03    9.02       9.9  T
   4    -45.6111247 -0.982300E-08  0.636E-04    9.02      32.8  T
   5    -45.6111247 -0.479432E-09  0.181E-04    9.02     115.2  T
speedup  1.05
cpu  time for SCC    0.00 s
wall time for SCC    0.00 s
speedup  1.02
cpu  time for grad    0.01 s
wall time for grad    0.01 s
 E :    -45.36528265  G :  0.000581    pred/act E change: -0.137D-05 -0.145D-05
Maxdispl :   0.0239   ||displ|| :   0.0402   Lambda : -0.124D-05
Largest |displ|/coords:  0.0239 (   4)  0.0222 (   1)  0.0136 (   2)

generating ANC from model Hessian ...
 Shifting diagonal of input Hessian by   5.098113643442204E-003
 Lowest  eigenvalues of input Hessian
    0.005000   -0.000000   -0.000000   -0.000000   -0.000000    0.000000
    0.000000    0.005444    0.005534    0.005638    0.006290    0.006893
    0.007252    0.008292    0.009266    0.010138    0.012862    0.015144
 Highest eigenvalues
    1.385546    1.389015    1.400488    2.797520    3.338700    3.581524
 
cpu  time for ANC gen    0.01 s
wall time for ANC gen    0.01 s
................................................................................
.............................. CYCLE   53 ......................................
................................................................................
   1    -45.6110571 -0.456111E+02  0.231E-02    9.02       0.0  T
   2    -45.6110572 -0.920763E-07  0.171E-02    9.02       1.2  T
   3    -45.6110573 -0.777769E-07  0.231E-03    9.01       9.0  T
   4    -45.6110573 -0.941326E-08  0.789E-04    9.01      26.4  T
   5    -45.6110573 -0.522711E-09  0.195E-04    9.01     107.1  T
speedup  1.05
cpu  time for SCC    0.00 s
wall time for SCC    0.00 s
speedup  1.02
cpu  time for grad    0.01 s
wall time for grad    0.01 s
 E :    -45.36528347  G :  0.000626    pred/act E change:  0.000D+00 -0.816D-06
Maxdispl :   0.0038   ||displ|| :   0.0055   Lambda : -0.702D-06
Largest |displ|/coords:  0.0038 (   2)  0.0017 (   3)  0.0017 (  10)
................................................................................
.............................. CYCLE   54 ......................................
................................................................................
   1    -45.6111405 -0.456111E+02  0.486E-03    9.02       0.0  T
   2    -45.6111405 -0.382084E-08  0.359E-03    9.02       5.8  T
   3    -45.6111405 -0.338997E-08  0.566E-04    9.02      36.9  T
   4    -45.6111405 -0.341970E-09  0.112E-04    9.02     186.9  T
speedup  0.97
cpu  time for SCC    0.00 s
wall time for SCC    0.00 s
speedup  0.99
cpu  time for grad    0.01 s
wall time for grad    0.01 s
 E :    -45.36528399  G :  0.000337    pred/act E change:  0.000D+00 -0.522D-06
Maxdispl :   0.0068   ||displ|| :   0.0104   Lambda : -0.877D-06
Largest |displ|/coords:  0.0068 (   2)  0.0039 (  10)  0.0032 (   1)
................................................................................
.............................. CYCLE   55 ......................................
................................................................................
   1    -45.6112545 -0.456113E+02  0.890E-03    9.02       0.0  T
   2    -45.6112545 -0.109732E-07  0.650E-03    9.02       3.2  T
   3    -45.6112545 -0.923731E-08  0.109E-03    9.02      19.1  T
   4    -45.6112545 -0.764395E-09  0.226E-04    9.02      92.3  T
   5    -45.6112545 -0.878799E-10  0.547E-05    9.02     381.2  T
speedup  0.81
cpu  time for SCC    0.00 s
wall time for SCC    0.00 s
speedup  0.93
cpu  time for grad    0.01 s
wall time for grad    0.01 s
 E :    -45.36528444  G :  0.000344    pred/act E change: -0.351D-06 -0.454D-06
Maxdispl :   0.0051   ||displ|| :   0.0084   Lambda : -0.352D-06
Largest |displ|/coords:  0.0051 (   2)  0.0040 (   1)  0.0026 (   6)
................................................................................
.............................. CYCLE   56 ......................................
................................................................................
   1    -45.6112529 -0.456113E+02  0.608E-03    9.02       0.0  T
   2    -45.6112529 -0.455520E-08  0.450E-03    9.02       4.6  T
   3    -45.6112529 -0.471611E-08  0.640E-04    9.02      32.6  T
   4    -45.6112529 -0.321094E-09  0.170E-04    9.02     122.4  T
speedup  1.00
cpu  time for SCC    0.00 s
wall time for SCC    0.00 s
speedup  0.99
cpu  time for grad    0.01 s
wall time for grad    0.01 s
 E :    -45.36528464  G :  0.000302    pred/act E change: -0.438D-06 -0.197D-06
Maxdispl :   0.0052   ||displ|| :   0.0079   Lambda : -0.257D-06
Largest |displ|/coords:  0.0052 (   2)  0.0036 (   1)  0.0027 (   3)
................................................................................
.............................. CYCLE   57 ......................................
................................................................................
   1    -45.6112156 -0.456112E+02  0.510E-03    9.02       0.0  T
   2    -45.6112156 -0.461900E-08  0.376E-03    9.02       5.6  T
   3    -45.6112156 -0.424904E-08  0.564E-04    9.02      36.9  T
   4    -45.6112156 -0.418559E-09  0.181E-04    9.02     115.2  T
speedup  1.00
cpu  time for SCC    0.00 s
wall time for SCC    0.00 s
speedup  1.00
cpu  time for grad    0.01 s
wall time for grad    0.01 s
 E :    -45.36528483  G :  0.000172    pred/act E change: -0.176D-06 -0.197D-06
Maxdispl :   0.0088   ||displ|| :   0.0142   Lambda : -0.310D-06
Largest |displ|/coords:  0.0088 (   2)  0.0067 (   1)  0.0047 (  10)
................................................................................
.............................. CYCLE   58 ......................................
................................................................................
   1    -45.6111621 -0.456112E+02  0.780E-03    9.02       0.0  T
   2    -45.6111621 -0.111451E-07  0.578E-03    9.02       3.6  T
   3    -45.6111621 -0.985382E-08  0.828E-04    9.02      25.2  T
   4    -45.6111621 -0.112338E-08  0.278E-04    9.02      74.9  T
speedup  1.00
cpu  time for SCC    0.00 s
wall time for SCC    0.00 s
speedup  1.00
cpu  time for grad    0.01 s
wall time for grad    0.01 s
 E :    -45.36528504  G :  0.000209    pred/act E change: -0.129D-06 -0.205D-06
Maxdispl :   0.0074   ||displ|| :   0.0113   Lambda : -0.155D-06
Largest |displ|/coords:  0.0074 (   2)  0.0050 (   1)  0.0039 (   3)
................................................................................
.............................. CYCLE   59 ......................................
................................................................................
   1    -45.6111450 -0.456111E+02  0.568E-03    9.02       0.0  T
   2    -45.6111450 -0.488612E-08  0.423E-03    9.02       4.9  T
   3    -45.6111450 -0.530500E-08  0.483E-04    9.02      43.1  T
   4    -45.6111450 -0.366640E-09  0.177E-04    9.02     117.9  T
speedup  0.97
cpu  time for SCC    0.00 s
wall time for SCC    0.00 s
speedup  0.98
cpu  time for grad    0.01 s
wall time for grad    0.01 s
 E :    -45.36528517  G :  0.000230    pred/act E change: -0.155D-06 -0.131D-06
Maxdispl :   0.0136   ||displ|| :   0.0207   Lambda : -0.247D-06
Largest |displ|/coords:  0.0136 (   2)  0.0087 (   1)  0.0081 (   3)
................................................................................
.............................. CYCLE   60 ......................................
................................................................................
   1    -45.6111384 -0.456111E+02  0.978E-03    9.02       0.0  T
   2    -45.6111384 -0.122056E-07  0.732E-03    9.02       2.8  T
   3    -45.6111385 -0.150005E-07  0.697E-04    9.02      29.9  T
   4    -45.6111385 -0.655355E-09  0.260E-04    9.02      80.1  T
speedup  1.00
cpu  time for SCC    0.00 s
wall time for SCC    0.00 s
speedup  1.00
cpu  time for grad    0.01 s
wall time for grad    0.01 s
 E :    -45.36528534  G :  0.000210    pred/act E change: -0.775D-07 -0.172D-06
Maxdispl :   0.0079   ||displ|| :   0.0116   Lambda : -0.127D-06
Largest |displ|/coords:  0.0079 (   2)  0.0049 (   3)  0.0047 (   1)
................................................................................
.............................. CYCLE   61 ......................................
................................................................................
   1    -45.6111553 -0.456112E+02  0.511E-03    9.02       0.0  T
   2    -45.6111553 -0.347240E-08  0.382E-03    9.02       5.5  T
   3    -45.6111553 -0.398571E-08  0.354E-04    9.02      58.9  T
   4    -45.6111553 -0.205674E-09  0.114E-04    9.02     182.9  T
speedup  0.97
cpu  time for SCC    0.00 s
wall time for SCC    0.00 s
speedup  0.99
cpu  time for grad    0.01 s
wall time for grad    0.01 s
 E :    -45.36528545  G :  0.000162    pred/act E change: -0.123D-06 -0.107D-06
Maxdispl :   0.0123   ||displ|| :   0.0183   Lambda : -0.163D-06
Largest |displ|/coords:  0.0123 (   2)  0.0084 (   3)  0.0071 (   1)
................................................................................
.............................. CYCLE   62 ......................................
................................................................................
   1    -45.6111760 -0.456112E+02  0.812E-03    9.02       0.0  T
   2    -45.6111760 -0.853425E-08  0.608E-03    9.02       3.4  T
   3    -45.6111760 -0.951898E-08  0.565E-04    9.02      36.9  T
   4    -45.6111760 -0.562586E-09  0.221E-04    9.02      94.3  T
speedup  1.00
cpu  time for SCC    0.00 s
wall time for SCC    0.00 s
speedup  1.00
cpu  time for grad    0.01 s
wall time for grad    0.01 s
 E :    -45.36528555  G :  0.000133    pred/act E change: -0.637D-07 -0.102D-06
Maxdispl :   0.0007   ||displ|| :   0.0017   Lambda : -0.448D-07
Largest |displ|/coords:  0.0007 (  10)  0.0007 (   3)  0.0006 (   8)
................................................................................
.............................. CYCLE   63 ......................................
................................................................................
   1    -45.6111847 -0.456112E+02  0.123E-03    9.02       0.0  T
   2    -45.6111847 -0.772282E-09  0.869E-04    9.02      24.0  T
   3    -45.6111847 -0.413777E-09  0.217E-04    9.02      96.1  T
speedup  0.87
cpu  time for SCC    0.00 s
wall time for SCC    0.00 s
speedup  0.97
cpu  time for grad    0.01 s
wall time for grad    0.01 s
 E :    -45.36528558  G :  0.000091    pred/act E change: -0.815D-07 -0.339D-07
Maxdispl :   0.0046   ||displ|| :   0.0070   Lambda : -0.372D-07
Largest |displ|/coords:  0.0046 (   2)  0.0037 (   3)  0.0025 (   1)

   *** GEOMETRY OPTIMIZATION CONVERGED AFTER 63 ITERATIONS ***

------------------------------------------------------------------------
 total energy gain (kcal):     -0.0013
------------------------------------------------------------------------
================
 final structure:
================
$coord
        0.94231196064798        1.02604058851146       -1.60717189330558      S 
       -1.52948724174972        1.20013775935646       -2.77980780969350      O 
        0.82164831972165        1.88678499585161        1.05451463306531      O 
        2.03340720175222       -1.48733705826030       -1.75944396703126      O 
        2.78697061599245        2.85679676473182       -2.96918670826972      O 
        1.87575238385570        4.50326527380077       -2.85760637836353      H 
       -3.50928975181688       -3.50813754036395        2.75734315981311      O 
       -4.98782321053851       -2.48499272847708        2.97999658320418      H 
        4.02627436190423       -3.92069900240576        2.00462534474290      O 
        5.73814221974073       -3.35700728869424        2.19353746493822      H 
        3.40275811633555       -3.17125966378457        0.40532155731866      H 
       -2.78475341605565       -3.58283872632085       -2.11792809199564      O 
       -1.12528066178863       -4.24899148899503       -2.44996680487414      H 
       -3.28883923900502       -3.70676861167284        0.89118600900551      H 
       -2.62661179302062       -1.78407976112916       -2.53970651331629      H 
        0.55859584128539       -1.45352294615495        4.25643004936672      O 
       -1.10946662837596       -2.35477018508665        3.80214996325624      H 
        1.98064041005749       -2.61144236242388        3.65527487432446      H 
        0.66852884916185        0.12212066353910        2.92919434368937      H 
       -0.51246864598512        6.41083738270565       -2.13916878607847      N 
       -0.46534397697657        6.68021622968023       -0.24647961475791      H 
       -1.74355795460322        4.97765594532550       -2.48886471928791      H 
       -1.15210777944414        8.00799172247024       -2.97424265793855      H 
$end
 
 Bond Distances (Angstroems)
 ---------------------------
S1-O2=1.4507         S1-O3=1.4817         S1-O4=1.4522         S1-O5=1.5527         O2-S1=1.4507         O3-S1=1.4817         
O4-S1=1.4522         O5-S1=1.5527         O5-H6=0.9976         H6-O5=0.9976         O7-H8=0.9587         O7-H14=0.9999        
H8-O7=0.9587         O9-H10=0.9590        O9-H11=0.9912        H10-O9=0.9590        H11-O9=0.9912        O12-H13=0.9624       
O12-H15=0.9813       H13-O12=0.9624       H14-O7=0.9999        H15-O12=0.9813       O16-H17=1.0317       O16-H18=1.0212       
O16-H19=1.0917       H17-O16=1.0317       H18-O16=1.0212       H19-O16=1.0917       N20-H21=1.0120       N20-H22=1.0168       
N20-H23=1.0120       H21-N20=1.0120       H22-N20=1.0168       H23-N20=1.0120       
 N  H  Rav=1.0136 sigma=0.0023  Rmin=1.0120  Rmax=1.0168     3
 O  H  Rav=0.9995 sigma=0.0389  Rmin=0.9587  Rmax=1.0917    10
 S  O  Rav=1.4843 sigma=0.0414  Rmin=1.4507  Rmax=1.5527     4
 
 selected bond angles (degree)
 --------------------
O3-S1-O2=110.38                O4-S1-O2=113.14                O4-S1-O3=110.57                O5-S1-O2=109.19                
O5-S1-O3=106.05                O5-S1-O4=107.20                H6-O5-S1=102.33                H14-O7-H8=106.02               
H11-O9-H10=106.20              
 
 selected dihedral angles (degree)
 ---------------------------------
H6-O5-S1-O2= 54.47            H6-O5-S1-O3=295.53            H6-O5-S1-O4=177.37            
 
 CMA Distance (Angstroems)
 ---------------------------
R(CMA):  2.0111

========================================================================
 FINAL SINGLEPOINT CALCULATION ON OPTIMIZED GEOMETRY
========================================================================

 Ncao       : 59
 Nao        : 58
 Nshell     : 34
 Nel        : 72
 T(el)      :   300.0
 intcut     :    25.0
 scfconv/Eh :  0.100E-05
   qconv/e  :  0.100E-03
 intneglect :  0.100E-07
 broydamp   :      0.250
 iter      E             dE          RMSdq      gap      omega  full diag
   1    -45.6111847 -0.456112E+02  0.854E-05    9.02       0.0  T
   2    -45.6111847 -0.352429E-11  0.517E-05    9.02     403.7  T
   3    -45.6111847 -0.148503E-11  0.822E-06    9.02    2536.8  T
speedup  1.30
cpu  time for SCC    0.00 s
wall time for SCC    0.00 s

   *** convergence criteria satisfied after 3 iterations ***

          eigenvalues
 #    :          24         25         26         27         28         29         30         31
 occ. :        2.000      2.000      2.000      2.000      2.000      2.000      2.000      2.000
 eps  :       -13.857    -13.731    -13.074    -12.642    -12.541    -12.508    -12.352    -12.196
 #    :          32         33         34         35         36         37         38         39
 occ. :        2.000      2.000      2.000      2.000      2.000      0.000      0.000      0.000
 eps  :       -12.028    -11.980    -11.888    -11.732    -11.232     -2.217     -0.249     -0.094
 #    :          40         41         42         43         44         45         46         47
 occ. :        0.000      0.000      0.000      0.000      0.000      0.000      0.000      0.000
 eps  :         0.611      1.009      1.370      1.707      3.169      4.502      5.150      5.683


   #   Z            q   n(s)   n(p)   n(d)      C6AA      α(0)
   1  16 S      1.675  1.587  1.786  0.951    89.335    15.908
   2   8 O     -0.746  1.775  4.971  0.000    29.992     7.343
   3   8 O     -0.748  1.773  4.974  0.000    29.916     7.338
   4   8 O     -0.734  1.755  4.978  0.000    29.643     7.300
   5   8 O     -0.604  1.753  4.850  0.000    25.242     6.782
   6   1 H      0.361  0.639  0.000  0.000     0.554     1.165
   7   8 O     -0.607  1.747  4.860  0.000    25.339     6.794
   8   1 H      0.295  0.705  0.000  0.000     0.736     1.348
   9   8 O     -0.601  1.744  4.857  0.000    25.202     6.776
  10   1 H      0.296  0.704  0.000  0.000     0.734     1.345
  11   1 H      0.342  0.658  0.000  0.000     0.607     1.223
  12   8 O     -0.607  1.742  4.865  0.000    25.344     6.795
  13   1 H      0.304  0.696  0.000  0.000     0.709     1.323
  14   1 H      0.346  0.654  0.000  0.000     0.599     1.216
  15   1 H      0.322  0.678  0.000  0.000     0.660     1.276
  16   8 O     -0.514  1.731  4.783  0.000    23.140     6.497
  17   1 H      0.383  0.617  0.000  0.000     0.517     1.130
  18   1 H      0.379  0.621  0.000  0.000     0.525     1.138
  19   1 H      0.391  0.609  0.000  0.000     0.493     1.098
  20   7 N     -0.456  1.363  4.093  0.000    31.995     8.401
  21   1 H      0.169  0.831  0.000  0.000     1.281     1.773
  22   1 H      0.186  0.814  0.000  0.000     1.180     1.702
  23   1 H      0.167  0.833  0.000  0.000     1.292     1.781

 Mol. C6AA /au·bohr⁶  :       4525.449302
 Mol. C8AA /au·bohr⁸  :      99536.473341
 Mol. α(0) /au        :         97.450727

 
 Wiberg/Mayer (AO) data. WBOs > 0.1 written file <wbo>
 largest (>0.05) Wiberg bond orders for each atom
           total WBO             WBO to atom ...
     1  S   4.851    O    4 1.336    O    2 1.310    O    3 1.195    O    5 0.967
     2  O   1.720    S    1 1.310    O    4 0.106    O    3 0.101    O    5 0.084    H   15 0.058
     3  O   1.759    S    1 1.195    H   19 0.222    O    4 0.105    O    2 0.101    O    5 0.071    O   16 0.061
     4  O   1.732    S    1 1.336    O    2 0.106    O    3 0.105    H   11 0.073    O    5 0.066
     5  O   1.982    S    1 0.967    H    6 0.738    O    2 0.084    O    3 0.071    O    4 0.066
     6  H   0.869    O    5 0.738    N   20 0.115
     7  O   1.936    H    8 0.909    H   14 0.781    H   17 0.146    O   16 0.053
     8  H   0.913    O    7 0.909
     9  O   1.929    H   10 0.908    H   11 0.806    H   18 0.126
    10  H   0.913    O    9 0.908
    11  H   0.883    O    9 0.806    O    4 0.073
    12  O   1.906    H   13 0.897    H   15 0.833    H   14 0.098
    13  H   0.908    O   12 0.897
    14  H   0.881    O    7 0.781    O   12 0.098
    15  H   0.897    O   12 0.833    O    2 0.058
    16  O   2.232    H   18 0.726    H   17 0.705    H   19 0.614    O    3 0.061    O    7 0.053
    17  H   0.854    O   16 0.705    O    7 0.146
    18  H   0.856    O   16 0.726    O    9 0.126
    19  H   0.847    O   16 0.614    O    3 0.222
    20  N   3.054    H   21 0.970    H   23 0.967    H   22 0.945    H    6 0.115
    21  H   0.972    N   20 0.970
    22  H   0.965    N   20 0.945
    23  H   0.972    N   20 0.967
 MOs/occ written to file <molden.input>
 
molecular dipole:
                 x           y           z       tot (Debye)
 q only:        0.016       0.474       1.237
   full:       -0.038       1.174       0.706       3.484
molecular quadrupole (traceless):
                xx          xy          yy          xz          yz          zz
 q only:        1.585      -4.499       3.026       0.188      -3.867      -4.610
  q+dip:        4.788      -8.518       2.816       0.052      -1.655      -7.604
   full:        4.638      -8.530       3.169       0.047      -2.006      -7.807

SCC energy    :     -45.6111847
rep           :       0.2457444
ES            :       0.2153686
AES           :      -0.0597146
AXC           :      -0.0073056
disp          :      -0.0165228
XB            :       0.0000000
fix           :       0.0000000
total E       :     -45.3652856
atomizationE  :       4.4483481     2791.38
(atE without considering molecular charge,
 total energy contains solvation terms)
H-L gap (eV)  :          9.0156
optimized geometry written to: xtbopt.xyz


------------------------------------------------------------------------
 * finished run on 2019/09/16 at 11:32:29.979     
------------------------------------------------------------------------
 total:
 * wall-time:     0 d,  0 h,  0 min,  1.264 sec
 *  cpu-time:     0 d,  0 h,  0 min,  1.248 sec
 * ratio c/w:     0.987 speedup
 SCF:
 * wall-time:     0 d,  0 h,  0 min,  0.115 sec
 *  cpu-time:     0 d,  0 h,  0 min,  0.111 sec
 * ratio c/w:     0.966 speedup
 ANC optimizer:
 * wall-time:     0 d,  0 h,  0 min,  1.126 sec
 *  cpu-time:     0 d,  0 h,  0 min,  1.118 sec
 * ratio c/w:     0.992 speedup

