      -----------------------------------------------------------      
     |                   =====================                   |     
     |                           x T B                           |     
     |                   =====================                   |     
     |                         S. Grimme                         |     
     |          Mulliken Center for Theoretical Chemistry        |     
     |                    University of Bonn                     |     
     |                 Version 6.0.1 (SAW181210)                 |     
      -----------------------------------------------------------      

   This program is distributed in the hope that it will be useful,
   but WITHOUT ANY WARRANTY; without even the implied warranty of
   MERCHANTABILITY or FITNESS FOR A PARTICULAR PURPOSE.
   
   FOR NON-COMMERCIAL, ACADEMIA USE ONLY.
   
   Cite this work as:
   S. Grimme, C. Bannwarth, P. Shushkov, J. Comput. Theory Chem., 2017,
   13, 1989-2009.
   C. Bannwarth, S. Ehlert and S. Grimme., ChemRxiv, 2018, preprint.
   http://doi.org/10.26434/chemrxiv.7246238.v1
   
   for sTDA-xTB:
   S. Grimme and C. Bannwarth, J. Chem. Phys., 2016, 145, 054103.
   
   in the mass-spec context:
   V. Asgeirsson, C. Bauer and S. Grimme, Chem. Sci., 2017, 8, 4879.
   
   if GBSA is used:
   P. Shushkov, F. März and S. Grimme, unpublished.
   
   for ANC optimizer:
   S. Grimme, unpublished.
   Rational Function algorithm used in ANCopt:
   F. Eckert, P. Pulay, H.-J. Werner, J. Comput. Chem., 1997, 18, 1473.
   
   with help from (in alphabetical order)
   C. Bannwarth, F. Bohle, G. Brandenburg, E. Caldeweyher, M. Checinski,
   S. Dohm, S. Ehlert, S. Ehrlich, F. März, H. Neugebauer, J. Pisarek,
   P. Pracht, P. Shushkov, and S. Spicher.
   
 * started run on 2019/09/16 at 12:16:46.649     
========================================================================
 # omp threads = 1
========================================================================
number of atoms            : 23
number of electrons        : 72
charge                     : 0
spin                       : .0
first test random number   : .7958

########################################################################
# WARNING! Please study the warnings concerning your input carefully
#  - XTBPATH is not set, using XTBHOME instead
#  - the use of '-opt' is discouraged, please use '--opt' next time
#  - the use of '-chrg' is discouraged, please use '--chrg' next time
#  - the use of '-uhf' is discouraged, please use '--uhf' next time
########################################################################

           ------------------------------------------------- 
          |                 G F N 2 - x T B                 |
          | Geometry, Frequencies, Noncovalent interactions |
          |            JCTC 2018 parametrisation            |
           ------------------------------------------------- 
      method parameters     
 k(s)        :  1.8500
 k(p)        :  2.2300
 k(d)        :  2.2300
 k(f)        :  2.0000
 kEN (H0ij)  : -2.0000
 D4 a1       :  0.5200
 D4 a2       :  5.0000
 D4 s6       :  1.0000
 D4 s8       :  2.7000
 D4 s9       :  5.0000
 alphaj      :  2.0000


            Z     q(EN)     CN     RAES       Cart. coordinates
     1  S   6.0    0.68    4.13    3.92    -2.07056    -0.59386    -1.12980
     2  O   6.0   -0.30    1.20    1.80    -3.21638    -0.98963     1.41157
     3  O   6.0   -0.29    1.19    1.80    -4.10905    -0.45537    -3.06720
     4  O   6.0   -0.34    1.28    1.80    -0.60598     1.81095    -1.13485
     5  O   6.0   -0.33    1.22    1.80    -0.35082    -2.74140    -1.72874
     6  O   6.0   -0.29    2.01    1.83    -0.10996     5.24078     2.53863
     7  H   1.0    0.17    1.05    1.44    -0.34639     4.18363     1.07537
     8  H   1.0    0.15    0.97    1.43    -0.74323     6.87832     2.05692
     9  O   6.0   -0.28    2.03    1.83     3.64263    -1.94523     1.52660
    10  H   1.0    0.16    1.02    1.43     4.45552    -0.64412     0.54631
    11  H   1.0    0.17    1.03    1.43     2.43904    -2.71642     0.39910
    12  O   6.0   -0.28    2.00    1.83     4.44214     2.08261    -1.43877
    13  H   1.0    0.17    1.05    1.44     2.62175     2.05490    -1.44341
    14  H   1.0    0.15    0.97    1.43     4.90830     3.30327    -2.70656
    15  O   6.0   -0.21    2.90    2.54    -3.13679    -4.61420    -5.41033
    16  H   1.0    0.14    1.01    1.43    -1.53318    -4.66486    -4.45341
    17  H   1.0    0.12    0.96    1.43    -4.24461    -6.06075    -4.99770
    18  H   1.0    0.15    1.04    1.43    -4.01897    -2.97917    -5.21050
    19  N   5.0   -0.14    3.95    2.75     0.39531     0.57011     4.63335
    20  H   1.0    0.12    1.08    1.44    -1.23918    -0.14099     3.85409
    21  H   1.0    0.10    1.05    1.44     1.93119    -0.34240     3.86339
    22  H   1.0    0.10    1.05    1.44     0.51742     2.47497     4.25779
    23  H   1.0    0.09    0.99    1.43     0.37179     0.28887     6.55814

  Z AO/shell   Hii/eV     exponent
  1     Wed Apr 25 08:07:45 CEST 2018   EN: 2.200 GM2: 0.406  GM3: 0.0800  RAES: 1.40
     1s    -10.707211    1.230000
  7     Wed Apr 25 08:07:45 CEST 2018   EN: 3.040 GM2: 0.461  GM3:-0.0640  RAES: 1.90
     2s    -16.686243    2.339881
     2p    -12.523956    2.014332
  8     Wed Apr 25 08:07:45 CEST 2018   EN: 3.440 GM2: 0.452  GM3:-0.0517  RAES: 1.80
     2s    -20.229985    2.439742
     2p    -15.503117    2.137023
 16     Tue Apr 24 11:44:34 CEST 2018   EN: 2.580 GM2: 0.340  GM3:-0.0502  RAES: 3.10
     3s    -20.029654    1.981333
     3p    -11.377694    2.025643
     3d     -0.420282    1.702555
 no old-style atom pair restraining (fixing) potential

molecular fragmentation (1/2 indicates fragments):
11111222222222222222222
# atoms in fragment 1/2:     5    18
 fragment masses (1/2) :       96.06       91.11
CMA distance (Bohr)    :   3.445
constraining FC (au)   :  0.0500
           ------------------------------------------------- 
          |        Self-Consistent Charge Iterations        |
           ------------------------------------------------- 

 Ncao       : 59
 Nao        : 58
 Nshell     : 34
 Nel        : 72
 T(el)      :   300.0
 intcut     :    25.0
 scfconv/Eh :  0.100E-05
   qconv/e  :  0.100E-03
 intneglect :  0.100E-07
 broydamp   :      0.250
 iter      E             dE          RMSdq      gap      omega  full diag
   1    -45.4828219 -0.454828E+02  0.712E+00   10.39       0.0  T
   2    -45.5197364 -0.369145E-01  0.512E+00    9.95       1.0  T
   3    -45.5517536 -0.320172E-01  0.110E+00    7.06       1.0  T
   4    -45.5552992 -0.354559E-02  0.549E-01    7.05       1.0  T
   5    -45.5560948 -0.795593E-03  0.231E-01    6.92       1.0  T
   6    -45.5563051 -0.210331E-03  0.128E-01    6.98       1.0  T
   7    -45.5563903 -0.851494E-04  0.462E-02    7.06       1.0  T
   8    -45.5563982 -0.797021E-05  0.267E-02    7.06       1.0  T
   9    -45.5564022 -0.395159E-05  0.789E-03    7.05       2.6  T
  10    -45.5564024 -0.197338E-06  0.162E-03    7.05      12.8  T
  11    -45.5564024 -0.126208E-07  0.725E-04    7.05      28.8  T
  12    -45.5564024 -0.210242E-08  0.353E-04    7.05      59.1  T
speedup  1.02
cpu  time for SCC    0.01 s
wall time for SCC    0.01 s

   *** convergence criteria satisfied after 12 iterations ***

          eigenvalues
 #    :          24         25         26         27         28         29         30         31
 occ. :        2.000      2.000      2.000      2.000      2.000      2.000      2.000      2.000
 eps  :       -12.103    -12.042    -11.475    -11.155    -11.062    -10.757    -10.555     -9.983
 #    :          32         33         34         35         36         37         38         39
 occ. :        2.000      2.000      2.000      2.000      2.000      0.000      0.000      0.000
 eps  :        -9.885     -9.819     -9.699     -9.481     -9.460     -2.412     -0.701      0.447
 #    :          40         41         42         43         44         45         46         47
 occ. :        0.000      0.000      0.000      0.000      0.000      0.000      0.000      0.000
 eps  :         2.290      2.487      2.567      2.849      3.088      4.223      4.646      5.822


   #   Z            q   n(s)   n(p)   n(d)      C6AA      α(0)
   1  16 S      1.485  1.607  1.910  0.998    93.814    16.302
   2   8 O     -0.778  1.781  4.997  0.000    30.935     7.457
   3   8 O     -0.785  1.778  5.007  0.000    31.130     7.481
   4   8 O     -0.791  1.780  5.011  0.000    31.303     7.501
   5   8 O     -0.810  1.778  5.032  0.000    31.889     7.571
   6   8 O     -0.625  1.733  4.892  0.000    25.781     6.853
   7   1 H      0.335  0.665  0.000  0.000     0.624     1.241
   8   1 H      0.279  0.721  0.000  0.000     0.789     1.395
   9   8 O     -0.630  1.740  4.890  0.000    25.911     6.870
  10   1 H      0.325  0.675  0.000  0.000     0.652     1.268
  11   1 H      0.316  0.684  0.000  0.000     0.674     1.290
  12   8 O     -0.624  1.742  4.882  0.000    25.770     6.851
  13   1 H      0.329  0.671  0.000  0.000     0.639     1.255
  14   1 H      0.269  0.731  0.000  0.000     0.820     1.423
  15   8 O     -0.366  1.629  4.738  0.000    20.157     6.064
  16   1 H      0.423  0.577  0.000  0.000     0.444     1.047
  17   1 H      0.383  0.617  0.000  0.000     0.517     1.129
  18   1 H      0.427  0.573  0.000  0.000     0.439     1.041
  19   7 N     -0.295  1.250  4.045  0.000    27.583     7.800
  20   1 H      0.305  0.695  0.000  0.000     0.700     1.310
  21   1 H      0.297  0.703  0.000  0.000     0.721     1.330
  22   1 H      0.300  0.700  0.000  0.000     0.712     1.322
  23   1 H      0.229  0.771  0.000  0.000     0.969     1.542

 Mol. C6AA /au·bohr⁶  :       4530.381934
 Mol. C8AA /au·bohr⁸  :     100331.337890
 Mol. α(0) /au        :         97.343321

 
 Wiberg/Mayer (AO) data. WBOs > 0.1 written file <wbo>
 largest (>0.05) Wiberg bond orders for each atom
           total WBO             WBO to atom ...
     1  S   5.008    O    2 1.262    O    3 1.255    O    4 1.232    O    5 1.221
     2  O   1.678    S    1 1.262    O    4 0.100    O    5 0.095    O    3 0.091    H   20 0.085
     3  O   1.678    S    1 1.255    H   18 0.099    O    5 0.098    O    2 0.091    O    4 0.087
     4  O   1.674    S    1 1.232    O    2 0.100    O    5 0.089    O    3 0.087    H   13 0.058    H    7 0.058
     5  O   1.653    S    1 1.221    O    3 0.098    O    2 0.095    O    4 0.089    H   16 0.066
     6  O   1.831    H    8 0.910    H    7 0.825
     7  H   0.888    O    6 0.825    O    4 0.058
     8  H   0.922    O    6 0.910
     9  O   1.878    H   10 0.861    H   11 0.860    H   21 0.076
    10  H   0.895    O    9 0.861
    11  H   0.900    O    9 0.860
    12  O   1.817    H   14 0.916    H   13 0.829
    13  H   0.892    O   12 0.829    O    4 0.058
    14  H   0.927    O   12 0.916
    15  O   2.369    H   17 0.845    H   16 0.747    H   18 0.711
    16  H   0.821    O   15 0.747    O    5 0.066
    17  H   0.853    O   15 0.845
    18  H   0.818    O   15 0.711    O    3 0.099
    19  N   3.561    H   23 0.943    H   22 0.857    H   21 0.831    H   20 0.815
    20  H   0.907    N   19 0.815    O    2 0.085
    21  H   0.912    N   19 0.831    O    9 0.076
    22  H   0.910    N   19 0.857
    23  H   0.947    N   19 0.943
 MOs/occ written to file <molden.input>
 
molecular dipole:
                 x           y           z       tot (Debye)
 q only:       -0.021      -1.875       0.010
   full:       -0.380      -1.541      -0.386       4.151
molecular quadrupole (traceless):
                xx          xy          yy          xz          yz          zz
 q only:      -25.641      16.674       6.625      11.463      23.928      19.016
  q+dip:      -26.321      17.483      10.339       8.841      21.382      15.982
   full:      -26.343      17.602      10.444       8.939      21.157      15.899

SCC energy    :     -45.5564024
rep           :       0.2624148
ES            :       0.3455316
AES           :      -0.0764700
AXC           :      -0.0100098
disp          :      -0.0166233
XB            :       0.0000000
fix           :       0.0000000
total E       :     -45.2938479
atomizationE  :       4.3769104     2746.55
(atE without considering molecular charge,
 total energy contains solvation terms)
H-L gap (eV)  :          7.0484
           ------------------------------------------------- 
          |                 ===============                 |
          |                   A N C O P T                   |
          |                 ===============                 |
          |          Approximate Normal Coordinate          |
          |           Rational Function Optimizer           |
           ------------------------------------------------- 
dumping coords to <xtbopt.coord> and <xtbopt.log>
 optlevel               2
 Maxcycle             460
 Maxmicro              25
 Econv         1.000000000000000E-007
 Gconv         2.000000000000000E-004
 Maxdispl       1.00000000000000     
 Hlow          5.000000000000000E-003
 S6             20.0000000000000     
 Nvar               63

generating ANC from model Hessian ...
 Shifting diagonal of input Hessian by   4.761698540849863E-003
 Lowest  eigenvalues of input Hessian
   -0.000000   -0.000000   -0.000000   -0.000000    0.000000    0.000000
    0.005000    0.005056    0.005394    0.006167    0.006701    0.007301
    0.007789    0.008433    0.009006    0.009428    0.009710    0.010659
 Highest eigenvalues
    1.427749    1.546313    1.546644    3.079412    3.084064    3.085580
 
cpu  time for ANC gen    0.01 s
wall time for ANC gen    0.01 s
................................................................................
.............................. CYCLE    1 ......................................
................................................................................
   1    -45.5564024 -0.455564E+02  0.561E-05    7.05       0.0  T
   2    -45.5564024 -0.956391E-11  0.391E-05    7.05     533.5  T
   3    -45.5564024 -0.463274E-11  0.175E-05    7.05    1192.0  T
speedup  1.20
cpu  time for SCC    0.00 s
wall time for SCC    0.00 s
speedup  1.05
cpu  time for grad    0.01 s
wall time for grad    0.01 s
 E :    -45.29384786  G :  0.126586    pred/act E change:  0.000D+00  0.202D-07
Maxdispl :   0.2390   ||displ|| :   0.5705   Lambda : -0.329D-01
Largest |displ|/coords:  0.2390 (  19)  0.2341 (  22)  0.2170 (  24)
................................................................................
.............................. CYCLE    2 ......................................
................................................................................
   1    -45.5673163 -0.455673E+02  0.407E-01    7.89       0.0  T
   2    -45.5677010 -0.384786E-03  0.294E-01    8.03       1.0  T
   3    -45.5678800 -0.178936E-03  0.964E-02    8.29       1.0  T
   4    -45.5679026 -0.225920E-04  0.299E-02    8.30       1.0  T
   5    -45.5679039 -0.128209E-05  0.980E-03    8.29       2.1  T
   6    -45.5679040 -0.177882E-06  0.505E-03    8.29       4.1  T
   7    -45.5679041 -0.862036E-07  0.232E-03    8.29       9.0  T
speedup  1.11
cpu  time for SCC    0.01 s
wall time for SCC    0.01 s
speedup  1.00
cpu  time for grad    0.01 s
wall time for grad    0.01 s
 E :    -45.32360542  G :  0.091250    pred/act E change:  0.000D+00 -0.298D-01
Maxdispl :   0.2791   ||displ|| :   0.6055   Lambda : -0.271D-01
Largest |displ|/coords:  0.2791 (  19)  0.2486 (  24)  0.2440 (  22)
................................................................................
.............................. CYCLE    3 ......................................
................................................................................
   1    -45.5785244 -0.455785E+02  0.462E-01    8.72       0.0  T
   2    -45.5795098 -0.985401E-03  0.322E-01    8.81       1.0  T
   3    -45.5799705 -0.460674E-03  0.132E-01    8.93       1.0  T
   4    -45.5799948 -0.243365E-04  0.375E-02    8.94       1.0  T
   5    -45.5799969 -0.208038E-05  0.153E-02    8.94       1.4  T
   6    -45.5799973 -0.434319E-06  0.752E-03    8.94       2.8  T
   7    -45.5799975 -0.180874E-06  0.315E-03    8.94       6.6  T
   8    -45.5799975 -0.455817E-07  0.104E-03    8.94      20.0  T
speedup  0.97
cpu  time for SCC    0.01 s
wall time for SCC    0.01 s
speedup  1.02
cpu  time for grad    0.01 s
wall time for grad    0.01 s
 E :    -45.34597320  G :  0.070383    pred/act E change: -0.218D-01 -0.224D-01
Maxdispl :   0.2258   ||displ|| :   0.4935   Lambda : -0.144D-01
Largest |displ|/coords:  0.2258 (  19)  0.1846 (  22)  0.1807 (  24)
................................................................................
.............................. CYCLE    4 ......................................
................................................................................
   1    -45.5850382 -0.455850E+02  0.418E-01    9.09       0.0  T
   2    -45.5861361 -0.109784E-02  0.285E-01    9.12       1.0  T
   3    -45.5866272 -0.491176E-03  0.131E-01    9.17       1.0  T
   4    -45.5866461 -0.189042E-04  0.398E-02    9.18       1.0  T
   5    -45.5866485 -0.233286E-05  0.148E-02    9.18       1.4  T
   6    -45.5866489 -0.407531E-06  0.734E-03    9.18       2.8  T
   7    -45.5866490 -0.150719E-06  0.278E-03    9.18       7.5  T
   8    -45.5866491 -0.333982E-07  0.984E-04    9.18      21.2  T
speedup  0.98
cpu  time for SCC    0.01 s
wall time for SCC    0.01 s
speedup  0.94
cpu  time for grad    0.01 s
wall time for grad    0.01 s
 E :    -45.35578892  G :  0.052801    pred/act E change: -0.185D-01 -0.982D-02
Maxdispl :   0.1870   ||displ|| :   0.3323   Lambda : -0.534D-02
Largest |displ|/coords:  0.1870 (   3)  0.1011 (   2)  0.0972 (   8)
................................................................................
.............................. CYCLE    5 ......................................
................................................................................
   1    -45.5929466 -0.455929E+02  0.217E-01    9.28       0.0  T
   2    -45.5930675 -0.120829E-03  0.155E-01    9.29       1.0  T
   3    -45.5931173 -0.498553E-04  0.676E-02    9.31       1.0  T
   4    -45.5931211 -0.377625E-05  0.187E-02    9.31       1.1  T
   5    -45.5931219 -0.816694E-06  0.519E-03    9.31       4.0  T
   6    -45.5931220 -0.404292E-07  0.282E-03    9.31       7.4  T
speedup  1.09
cpu  time for SCC    0.00 s
wall time for SCC    0.00 s
speedup  1.06
cpu  time for grad    0.01 s
wall time for grad    0.01 s
 E :    -45.35946259  G :  0.040092    pred/act E change: -0.895D-02 -0.367D-02
Maxdispl :   0.2139   ||displ|| :   0.4784   Lambda : -0.609D-02
Largest |displ|/coords:  0.2139 (   3)  0.1566 (   6)  0.1534 (  23)
................................................................................
.............................. CYCLE    6 ......................................
................................................................................
   1    -45.6019325 -0.456019E+02  0.348E-01    9.59       0.0  T
   2    -45.6025675 -0.634975E-03  0.254E-01    9.59       1.0  T
   3    -45.6028190 -0.251530E-03  0.137E-01    9.58       1.0  T
   4    -45.6028339 -0.148771E-04  0.449E-02    9.59       1.0  T
   5    -45.6028366 -0.275259E-05  0.110E-02    9.59       1.9  T
   6    -45.6028368 -0.146778E-06  0.554E-03    9.59       3.8  T
   7    -45.6028368 -0.543706E-07  0.190E-03    9.59      11.0  T
speedup  1.11
cpu  time for SCC    0.01 s
wall time for SCC    0.01 s
speedup  1.00
cpu  time for grad    0.01 s
wall time for grad    0.01 s
 E :    -45.36273225  G :  0.044646    pred/act E change: -0.297D-02 -0.327D-02
Maxdispl :   0.1760   ||displ|| :   0.3809   Lambda : -0.468D-02
Largest |displ|/coords:  0.1760 (   7)  0.1434 (   3)  0.1298 (  30)
................................................................................
.............................. CYCLE    7 ......................................
................................................................................
   1    -45.6190774 -0.456191E+02  0.328E-01    9.77       0.0  T
   2    -45.6192992 -0.221789E-03  0.257E-01    9.76       1.0  T
   3    -45.6194219 -0.122708E-03  0.108E-01    9.75       1.0  T
   4    -45.6194438 -0.219601E-04  0.395E-02    9.76       1.0  T
   5    -45.6194457 -0.190479E-05  0.984E-03    9.76       2.1  T
   6    -45.6194458 -0.838869E-07  0.463E-03    9.76       4.5  T
   7    -45.6194458 -0.263440E-07  0.127E-03    9.76      16.4  T
speedup  0.96
cpu  time for SCC    0.00 s
wall time for SCC    0.01 s
speedup  1.02
cpu  time for grad    0.01 s
wall time for grad    0.01 s
 E :    -45.36401780  G :  0.071645    pred/act E change: -0.374D-02 -0.129D-02
Maxdispl :   0.1299   ||displ|| :   0.3800   Lambda : -0.149D-01
Largest |displ|/coords:  0.1299 (  28)  0.1273 (  26)  0.1236 (  19)
................................................................................
.............................. CYCLE    8 ......................................
................................................................................
   1    -45.6065362 -0.456065E+02  0.390E-01    9.62       0.0  T
   2    -45.6071727 -0.636445E-03  0.267E-01    9.61       1.0  T
   3    -45.6074746 -0.301946E-03  0.117E-01    9.60       1.0  T
   4    -45.6074997 -0.251143E-04  0.343E-02    9.59       1.0  T
   5    -45.6075015 -0.180417E-05  0.140E-02    9.59       1.5  T
   6    -45.6075021 -0.577585E-06  0.712E-03    9.59       2.9  T
   7    -45.6075022 -0.828748E-07  0.199E-03    9.59      10.5  T
   8    -45.6075022 -0.996121E-08  0.560E-04    9.59      37.2  T
speedup  1.02
cpu  time for SCC    0.01 s
wall time for SCC    0.01 s
speedup  0.95
cpu  time for grad    0.01 s
wall time for grad    0.01 s
 E :    -45.36433944  G :  0.061365    pred/act E change: -0.268D-02 -0.322D-03
Maxdispl :   0.1008   ||displ|| :   0.3172   Lambda : -0.105D-01
Largest |displ|/coords:  0.1008 (   7)  0.0932 (  24)  0.0918 (  22)
................................................................................
.............................. CYCLE    9 ......................................
................................................................................
   1    -45.6267142 -0.456267E+02  0.348E-01    9.75       0.0  T
   2    -45.6270785 -0.364301E-03  0.256E-01    9.75       1.0  T
   3    -45.6272938 -0.215272E-03  0.114E-01    9.75       1.0  T
   4    -45.6273167 -0.229147E-04  0.334E-02    9.76       1.0  T
   5    -45.6273188 -0.210556E-05  0.130E-02    9.76       1.6  T
   6    -45.6273189 -0.698556E-07  0.578E-03    9.76       3.6  T
   7    -45.6273189 -0.691557E-07  0.145E-03    9.76      14.4  T
speedup  0.98
cpu  time for SCC    0.00 s
wall time for SCC    0.01 s
speedup  1.02
cpu  time for grad    0.01 s
wall time for grad    0.01 s
 E :    -45.37044284  G :  0.043237    pred/act E change: -0.854D-02 -0.610D-02
Maxdispl :   0.1435   ||displ|| :   0.2697   Lambda : -0.266D-02
Largest |displ|/coords:  0.1435 (   3)  0.1037 (   4)  0.0980 (   2)
................................................................................
.............................. CYCLE   10 ......................................
................................................................................
   1    -45.6314623 -0.456315E+02  0.160E-01    9.70       0.0  T
   2    -45.6314744 -0.120799E-04  0.119E-01    9.70       1.0  T
   3    -45.6314824 -0.801245E-05  0.292E-02    9.69       1.0  T
   4    -45.6314840 -0.161231E-05  0.863E-03    9.70       2.4  T
   5    -45.6314841 -0.732266E-07  0.221E-03    9.70       9.4  T
   6    -45.6314841 -0.557668E-08  0.139E-03    9.70      15.0  T
speedup  0.91
cpu  time for SCC    0.00 s
wall time for SCC    0.00 s
speedup  0.99
cpu  time for grad    0.01 s
wall time for grad    0.01 s
 E :    -45.37257996  G :  0.031754    pred/act E change: -0.580D-02 -0.214D-02
Maxdispl :   0.3077   ||displ|| :   0.5065   Lambda : -0.468D-02
Largest |displ|/coords:  0.3077 (   3)  0.1508 (   5)  0.1259 (  19)
................................................................................
.............................. CYCLE   11 ......................................
................................................................................
   1    -45.6285095 -0.456285E+02  0.439E-01    9.52       0.0  T
   2    -45.6285817 -0.722421E-04  0.330E-01    9.52       1.0  T
   3    -45.6286238 -0.420667E-04  0.597E-02    9.54       1.0  T
   4    -45.6286344 -0.106086E-04  0.199E-02    9.54       1.0  T
   5    -45.6286350 -0.566942E-06  0.470E-03    9.54       4.4  T
   6    -45.6286350 -0.178076E-07  0.300E-03    9.54       7.0  T
speedup  1.09
cpu  time for SCC    0.00 s
wall time for SCC    0.00 s
speedup  1.07
cpu  time for grad    0.01 s
wall time for grad    0.01 s
 E :    -45.37367534  G :  0.036073    pred/act E change: -0.142D-02 -0.110D-02
Maxdispl :   0.1260   ||displ|| :   0.3000   Lambda : -0.364D-02
Largest |displ|/coords:  0.1260 (  11)  0.1235 (   8)  0.0922 (  16)
................................................................................
.............................. CYCLE   12 ......................................
................................................................................
   1    -45.6375593 -0.456376E+02  0.422E-01    9.46       0.0  T
   2    -45.6376222 -0.629242E-04  0.320E-01    9.46       1.0  T
   3    -45.6376630 -0.408445E-04  0.486E-02    9.46       1.0  T
   4    -45.6376729 -0.989448E-05  0.136E-02    9.46       1.5  T
   5    -45.6376733 -0.426697E-06  0.489E-03    9.46       4.3  T
   6    -45.6376734 -0.422332E-08  0.274E-03    9.46       7.6  T
speedup  1.11
cpu  time for SCC    0.01 s
wall time for SCC    0.00 s
speedup  1.07
cpu  time for grad    0.01 s
wall time for grad    0.01 s
 E :    -45.37487442  G :  0.023184    pred/act E change: -0.294D-02 -0.120D-02
Maxdispl :   0.0984   ||displ|| :   0.1763   Lambda : -0.106D-02
Largest |displ|/coords:  0.0984 (   7)  0.0678 (   5)  0.0634 (   2)
................................................................................
.............................. CYCLE   13 ......................................
................................................................................
   1    -45.6323516 -0.456324E+02  0.180E-01    9.51       0.0  T
   2    -45.6323654 -0.138064E-04  0.136E-01    9.51       1.0  T
   3    -45.6323789 -0.135034E-04  0.248E-02    9.51       1.0  T
   4    -45.6323804 -0.149698E-05  0.938E-03    9.51       2.2  T
   5    -45.6323805 -0.110351E-06  0.280E-03    9.51       7.5  T
   6    -45.6323805 -0.621142E-08  0.150E-03    9.51      13.9  T
speedup  1.11
cpu  time for SCC    0.00 s
wall time for SCC    0.00 s
speedup  0.99
cpu  time for grad    0.01 s
wall time for grad    0.01 s
 E :    -45.37520383  G :  0.017261    pred/act E change: -0.198D-02 -0.329D-03
Maxdispl :   0.0786   ||displ|| :   0.1560   Lambda : -0.712D-03
Largest |displ|/coords:  0.0786 (   8)  0.0525 (   3)  0.0508 (   6)
................................................................................
.............................. CYCLE   14 ......................................
................................................................................
   1    -45.6346535 -0.456347E+02  0.149E-01    9.53       0.0  T
   2    -45.6346609 -0.742395E-05  0.114E-01    9.53       1.0  T
   3    -45.6346669 -0.603216E-05  0.175E-02    9.53       1.2  T
   4    -45.6346680 -0.104675E-05  0.617E-03    9.53       3.4  T
   5    -45.6346680 -0.515382E-07  0.185E-03    9.53      11.3  T
   6    -45.6346680 -0.266825E-08  0.112E-03    9.53      18.6  T
speedup  0.89
cpu  time for SCC    0.00 s
wall time for SCC    0.00 s
speedup  0.99
cpu  time for grad    0.01 s
wall time for grad    0.01 s
 E :    -45.37558328  G :  0.012157    pred/act E change: -0.546D-03 -0.379D-03
Maxdispl :   0.1194   ||displ|| :   0.2257   Lambda : -0.657D-03
Largest |displ|/coords:  0.1194 (   3)  0.0840 (   4)  0.0813 (   6)
................................................................................
.............................. CYCLE   15 ......................................
................................................................................
   1    -45.6337273 -0.456337E+02  0.136E-01    9.45       0.0  T
   2    -45.6337336 -0.631883E-05  0.101E-01    9.45       1.0  T
   3    -45.6337392 -0.558505E-05  0.177E-02    9.45       1.2  T
   4    -45.6337399 -0.682893E-06  0.655E-03    9.45       3.2  T
   5    -45.6337399 -0.623257E-07  0.190E-03    9.45      11.0  T
   6    -45.6337399 -0.353573E-08  0.107E-03    9.45      19.4  T
speedup  0.87
cpu  time for SCC    0.00 s
wall time for SCC    0.00 s
speedup  0.98
cpu  time for grad    0.01 s
wall time for grad    0.01 s
 E :    -45.37578499  G :  0.014553    pred/act E change: -0.365D-03 -0.202D-03
Maxdispl :   0.0856   ||displ|| :   0.1706   Lambda : -0.458D-03
Largest |displ|/coords:  0.0856 (   6)  0.0826 (   2)  0.0655 (   5)
................................................................................
.............................. CYCLE   16 ......................................
................................................................................
   1    -45.6331871 -0.456332E+02  0.121E-01    9.43       0.0  T
   2    -45.6331896 -0.252877E-05  0.908E-02    9.43       1.0  T
   3    -45.6331919 -0.234987E-05  0.102E-02    9.43       2.0  T
   4    -45.6331922 -0.269471E-06  0.318E-03    9.43       6.6  T
   5    -45.6331922 -0.121366E-07  0.144E-03    9.43      14.5  T
   6    -45.6331922 -0.296686E-08  0.778E-04    9.43      26.8  T
speedup  0.89
cpu  time for SCC    0.00 s
wall time for SCC    0.00 s
speedup  0.99
cpu  time for grad    0.01 s
wall time for grad    0.01 s
 E :    -45.37610260  G :  0.010315    pred/act E change: -0.345D-03 -0.318D-03
Maxdispl :   0.1639   ||displ|| :   0.2949   Lambda : -0.576D-03
Largest |displ|/coords:  0.1639 (   6)  0.1143 (   2)  0.0976 (   7)
................................................................................
.............................. CYCLE   17 ......................................
................................................................................
   1    -45.6342915 -0.456343E+02  0.213E-01    9.43       0.0  T
   2    -45.6343038 -0.123077E-04  0.160E-01    9.43       1.0  T
   3    -45.6343144 -0.105848E-04  0.246E-02    9.43       1.0  T
   4    -45.6343159 -0.148081E-05  0.840E-03    9.43       2.5  T
   5    -45.6343160 -0.107132E-06  0.290E-03    9.43       7.2  T
   6    -45.6343160 -0.493207E-08  0.156E-03    9.43      13.4  T
speedup  1.11
cpu  time for SCC    0.00 s
wall time for SCC    0.00 s
speedup  1.08
cpu  time for grad    0.01 s
wall time for grad    0.01 s
 E :    -45.37626070  G :  0.018090    pred/act E change: -0.236D-03 -0.158D-03
Maxdispl :   0.1045   ||displ|| :   0.2151   Lambda : -0.458D-03
Largest |displ|/coords:  0.1045 (   4)  0.0817 (   2)  0.0806 (   6)
................................................................................
.............................. CYCLE   18 ......................................
................................................................................
   1    -45.6344475 -0.456344E+02  0.170E-01    9.44       0.0  T
   2    -45.6344538 -0.637145E-05  0.129E-01    9.43       1.0  T
   3    -45.6344593 -0.545849E-05  0.143E-02    9.43       1.5  T
   4    -45.6344601 -0.774089E-06  0.447E-03    9.43       4.7  T
   5    -45.6344601 -0.245842E-07  0.147E-03    9.43      14.2  T
   6    -45.6344601 -0.698016E-09  0.792E-04    9.43      26.3  T
speedup  1.11
cpu  time for SCC    0.00 s
wall time for SCC    0.00 s
speedup  0.99
cpu  time for grad    0.01 s
wall time for grad    0.01 s
 E :    -45.37648753  G :  0.013096    pred/act E change: -0.313D-03 -0.227D-03
Maxdispl :   0.1139   ||displ|| :   0.1844   Lambda : -0.346D-03
Largest |displ|/coords:  0.1139 (   6)  0.0704 (   1)  0.0632 (   2)
................................................................................
.............................. CYCLE   19 ......................................
................................................................................
   1    -45.6319320 -0.456319E+02  0.124E-01    9.41       0.0  T
   2    -45.6319366 -0.460078E-05  0.934E-02    9.41       1.0  T
   3    -45.6319402 -0.354377E-05  0.163E-02    9.41       1.3  T
   4    -45.6319408 -0.579648E-06  0.568E-03    9.41       3.7  T
   5    -45.6319408 -0.353626E-07  0.139E-03    9.41      15.0  T
   6    -45.6319408 -0.170113E-08  0.862E-04    9.41      24.2  T
speedup  1.09
cpu  time for SCC    0.00 s
wall time for SCC    0.00 s
speedup  0.98
cpu  time for grad    0.01 s
wall time for grad    0.01 s
 E :    -45.37655856  G :  0.014489    pred/act E change: -0.240D-03 -0.710D-04
Maxdispl :   0.0605   ||displ|| :   0.1313   Lambda : -0.370D-03
Largest |displ|/coords:  0.0605 (   6)  0.0562 (   4)  0.0436 (  11)
................................................................................
.............................. CYCLE   20 ......................................
................................................................................
   1    -45.6352409 -0.456352E+02  0.819E-02    9.44       0.0  T
   2    -45.6352440 -0.307480E-05  0.604E-02    9.44       1.0  T
   3    -45.6352459 -0.187400E-05  0.126E-02    9.44       1.7  T
   4    -45.6352462 -0.336518E-06  0.510E-03    9.44       4.1  T
   5    -45.6352462 -0.222269E-07  0.106E-03    9.44      19.7  T
   6    -45.6352462 -0.114948E-08  0.637E-04    9.44      32.8  T
speedup  0.89
cpu  time for SCC    0.00 s
wall time for SCC    0.00 s
speedup  0.97
cpu  time for grad    0.01 s
wall time for grad    0.01 s
 E :    -45.37673160  G :  0.008027    pred/act E change: -0.179D-03 -0.173D-03
Maxdispl :   0.1019   ||displ|| :   0.2126   Lambda : -0.305D-03
Largest |displ|/coords:  0.1019 (   1)  0.0939 (   6)  0.0777 (   7)
................................................................................
.............................. CYCLE   21 ......................................
................................................................................
   1    -45.6362731 -0.456363E+02  0.134E-01    9.45       0.0  T
   2    -45.6362774 -0.425336E-05  0.101E-01    9.45       1.0  T
   3    -45.6362822 -0.485812E-05  0.132E-02    9.44       1.6  T
   4    -45.6362826 -0.350904E-06  0.361E-03    9.44       5.8  T
   5    -45.6362826 -0.138746E-07  0.189E-03    9.44      11.0  T
   6    -45.6362826 -0.424519E-08  0.703E-04    9.44      29.7  T
speedup  0.89
cpu  time for SCC    0.00 s
wall time for SCC    0.00 s
speedup  0.99
cpu  time for grad    0.01 s
wall time for grad    0.01 s
 E :    -45.37683896  G :  0.009789    pred/act E change: -0.188D-03 -0.107D-03
Maxdispl :   0.1256   ||displ|| :   0.2087   Lambda : -0.198D-03
Largest |displ|/coords:  0.1256 (   6)  0.1159 (   2)  0.0682 (   5)
................................................................................
.............................. CYCLE   22 ......................................
................................................................................
   1    -45.6330468 -0.456330E+02  0.147E-01    9.41       0.0  T
   2    -45.6330513 -0.458732E-05  0.110E-01    9.41       1.0  T
   3    -45.6330544 -0.310871E-05  0.136E-02    9.42       1.5  T
   4    -45.6330551 -0.662351E-06  0.474E-03    9.42       4.4  T
   5    -45.6330551 -0.328323E-07  0.150E-03    9.42      13.9  T
   6    -45.6330551 -0.216488E-08  0.909E-04    9.42      22.9  T
speedup  0.89
cpu  time for SCC    0.00 s
wall time for SCC    0.00 s
speedup  0.99
cpu  time for grad    0.01 s
wall time for grad    0.01 s
 E :    -45.37690894  G :  0.013069    pred/act E change: -0.159D-03 -0.700D-04
Maxdispl :   0.0568   ||displ|| :   0.0926   Lambda : -0.221D-03
Largest |displ|/coords:  0.0568 (   6)  0.0361 (   1)  0.0312 (   2)
................................................................................
.............................. CYCLE   23 ......................................
................................................................................
   1    -45.6347833 -0.456348E+02  0.582E-02    9.45       0.0  T
   2    -45.6347854 -0.214853E-05  0.429E-02    9.45       1.0  T
   3    -45.6347871 -0.166012E-05  0.995E-03    9.44       2.1  T
   4    -45.6347873 -0.206591E-06  0.359E-03    9.44       5.8  T
   5    -45.6347873 -0.144453E-07  0.916E-04    9.44      22.8  T
   6    -45.6347873 -0.865334E-09  0.523E-04    9.44      39.9  T
speedup  0.89
cpu  time for SCC    0.00 s
wall time for SCC    0.00 s
speedup  0.99
cpu  time for grad    0.01 s
wall time for grad    0.01 s
 E :    -45.37699530  G :  0.006402    pred/act E change: -0.103D-03 -0.864D-04
Maxdispl :   0.0502   ||displ|| :   0.0998   Lambda : -0.910D-04
Largest |displ|/coords:  0.0502 (   2)  0.0456 (   6)  0.0436 (   1)
................................................................................
.............................. CYCLE   24 ......................................
................................................................................
   1    -45.6348686 -0.456349E+02  0.670E-02    9.45       0.0  T
   2    -45.6348694 -0.772606E-06  0.506E-02    9.45       1.0  T
   3    -45.6348703 -0.881531E-06  0.531E-03    9.45       3.9  T
   4    -45.6348703 -0.636954E-07  0.182E-03    9.45      11.5  T
   5    -45.6348703 -0.437223E-08  0.741E-04    9.45      28.1  T
speedup  1.05
cpu  time for SCC    0.00 s
wall time for SCC    0.00 s
speedup  1.06
cpu  time for grad    0.01 s
wall time for grad    0.01 s
 E :    -45.37705974  G :  0.004271    pred/act E change: -0.111D-03 -0.644D-04
Maxdispl :   0.1078   ||displ|| :   0.1992   Lambda : -0.110D-03
Largest |displ|/coords:  0.1078 (   2)  0.1044 (   6)  0.0643 (   1)
................................................................................
.............................. CYCLE   25 ......................................
................................................................................
   1    -45.6344967 -0.456345E+02  0.128E-01    9.45       0.0  T
   2    -45.6344994 -0.269261E-05  0.970E-02    9.45       1.0  T
   3    -45.6345020 -0.258772E-05  0.926E-03    9.45       2.3  T
   4    -45.6345023 -0.300752E-06  0.353E-03    9.45       5.9  T
   5    -45.6345023 -0.137687E-07  0.127E-03    9.45      16.5  T
   6    -45.6345023 -0.148265E-08  0.708E-04    9.45      29.4  T
speedup  0.89
cpu  time for SCC    0.00 s
wall time for SCC    0.00 s
speedup  0.99
cpu  time for grad    0.01 s
wall time for grad    0.01 s
 E :    -45.37712479  G :  0.006405    pred/act E change: -0.459D-04 -0.651D-04
Maxdispl :   0.0960   ||displ|| :   0.1376   Lambda : -0.826D-04
Largest |displ|/coords:  0.0960 (   2)  0.0522 (   6)  0.0447 (   1)

generating ANC from model Hessian ...
 Shifting diagonal of input Hessian by   4.739244766289683E-003
 Lowest  eigenvalues of input Hessian
   -0.000000   -0.000000    0.000000    0.000000    0.000000    0.000000
    0.005000    0.005082    0.005205    0.006430    0.006954    0.007251
    0.008464    0.009030    0.009804    0.010918    0.011722    0.012546
 Highest eigenvalues
    1.403028    1.410865    1.464869    2.791569    3.418247    3.498163
 
cpu  time for ANC gen    0.01 s
wall time for ANC gen    0.01 s
................................................................................
.............................. CYCLE   26 ......................................
................................................................................
   1    -45.6347485 -0.456347E+02  0.901E-02    9.46       0.0  T
   2    -45.6347494 -0.927728E-06  0.675E-02    9.46       1.0  T
   3    -45.6347502 -0.812031E-06  0.660E-03    9.47       3.2  T
   4    -45.6347503 -0.105392E-06  0.188E-03    9.46      11.1  T
   5    -45.6347503 -0.495716E-08  0.757E-04    9.46      27.6  T
   6    -45.6347503 -0.796959E-09  0.393E-04    9.46      53.1  T
speedup  1.09
cpu  time for SCC    0.00 s
wall time for SCC    0.00 s
speedup  1.03
cpu  time for grad    0.01 s
wall time for grad    0.01 s
 E :    -45.37717837  G :  0.006913    pred/act E change:  0.000D+00 -0.536D-04
Maxdispl :   0.0812   ||displ|| :   0.1219   Lambda : -0.171D-03
Largest |displ|/coords:  0.0812 (   2)  0.0408 (   1)  0.0398 (   3)
................................................................................
.............................. CYCLE   27 ......................................
................................................................................
   1    -45.6353992 -0.456354E+02  0.998E-02    9.47       0.0  T
   2    -45.6354005 -0.127631E-05  0.756E-02    9.47       1.0  T
   3    -45.6354017 -0.124122E-05  0.671E-03    9.47       3.1  T
   4    -45.6354018 -0.129131E-06  0.235E-03    9.47       8.9  T
   5    -45.6354018 -0.495779E-08  0.799E-04    9.47      26.1  T
speedup  1.05
cpu  time for SCC    0.00 s
wall time for SCC    0.00 s
speedup  0.94
cpu  time for grad    0.01 s
wall time for grad    0.01 s
 E :    -45.37731231  G :  0.003344    pred/act E change:  0.000D+00 -0.134D-03
Maxdispl :   0.2242   ||displ|| :   0.3279   Lambda : -0.317D-03
Largest |displ|/coords:  0.2242 (   2)  0.1233 (   1)  0.1029 (  15)
................................................................................
.............................. CYCLE   28 ......................................
................................................................................
   1    -45.6348248 -0.456348E+02  0.249E-01    9.47       0.0  T
   2    -45.6348336 -0.883834E-05  0.188E-01    9.47       1.0  T
   3    -45.6348410 -0.736835E-05  0.178E-02    9.48       1.2  T
   4    -45.6348421 -0.111749E-05  0.623E-03    9.48       3.3  T
   5    -45.6348422 -0.290501E-07  0.222E-03    9.48       9.4  T
   6    -45.6348422 -0.381256E-08  0.115E-03    9.48      18.1  T
   7    -45.6348422 -0.121979E-08  0.205E-04    9.48     101.8  T
   8    -45.6348422 -0.106752E-09  0.702E-05    9.48     296.8  T
speedup  1.00
cpu  time for SCC    0.01 s
wall time for SCC    0.01 s
speedup  1.00
cpu  time for grad    0.01 s
wall time for grad    0.01 s
 E :    -45.37745623  G :  0.008378    pred/act E change: -0.866D-04 -0.144D-03
Maxdispl :   0.0975   ||displ|| :   0.1768   Lambda : -0.190D-03
Largest |displ|/coords:  0.0975 (   2)  0.0772 (   7)  0.0596 (   1)
................................................................................
.............................. CYCLE   29 ......................................
................................................................................
   1    -45.6339490 -0.456339E+02  0.172E-01    9.48       0.0  T
   2    -45.6339534 -0.440741E-05  0.131E-01    9.48       1.0  T
   3    -45.6339581 -0.472391E-05  0.111E-02    9.49       1.9  T
   4    -45.6339584 -0.357724E-06  0.344E-03    9.49       6.1  T
   5    -45.6339585 -0.129573E-07  0.117E-03    9.49      17.9  T
   6    -45.6339585 -0.373525E-09  0.586E-04    9.49      35.6  T
speedup  0.89
cpu  time for SCC    0.00 s
wall time for SCC    0.00 s
speedup  0.99
cpu  time for grad    0.01 s
wall time for grad    0.01 s
 E :    -45.37753206  G :  0.008294    pred/act E change: -0.175D-03 -0.758D-04
Maxdispl :   0.0557   ||displ|| :   0.0907   Lambda : -0.158D-03
Largest |displ|/coords:  0.0557 (   2)  0.0473 (   1)  0.0241 (   7)
................................................................................
.............................. CYCLE   30 ......................................
................................................................................
   1    -45.6352193 -0.456352E+02  0.598E-02    9.49       0.0  T
   2    -45.6352211 -0.184144E-05  0.446E-02    9.49       1.0  T
   3    -45.6352221 -0.997862E-06  0.830E-03    9.48       2.5  T
   4    -45.6352224 -0.243516E-06  0.278E-03    9.49       7.5  T
   5    -45.6352224 -0.153929E-07  0.722E-04    9.49      28.9  T
speedup  0.81
cpu  time for SCC    0.00 s
wall time for SCC    0.00 s
speedup  0.96
cpu  time for grad    0.01 s
wall time for grad    0.01 s
 E :    -45.37760772  G :  0.005015    pred/act E change: -0.981D-04 -0.757D-04
Maxdispl :   0.1756   ||displ|| :   0.2263   Lambda : -0.147D-03
Largest |displ|/coords:  0.1756 (   2)  0.0862 (   1)  0.0611 (   5)
................................................................................
.............................. CYCLE   31 ......................................
................................................................................
   1    -45.6341187 -0.456341E+02  0.150E-01    9.48       0.0  T
   2    -45.6341218 -0.302904E-05  0.113E-01    9.48       1.0  T
   3    -45.6341245 -0.272604E-05  0.110E-02    9.48       1.9  T
   4    -45.6341248 -0.361997E-06  0.337E-03    9.48       6.2  T
   5    -45.6341249 -0.124279E-07  0.140E-03    9.48      14.9  T
   6    -45.6341249 -0.141633E-08  0.651E-04    9.48      32.0  T
speedup  0.87
cpu  time for SCC    0.00 s
wall time for SCC    0.00 s
speedup  0.98
cpu  time for grad    0.01 s
wall time for grad    0.01 s
 E :    -45.37770719  G :  0.004712    pred/act E change: -0.794D-04 -0.995D-04
Maxdispl :   0.1990   ||displ|| :   0.2775   Lambda : -0.128D-03
Largest |displ|/coords:  0.1990 (   2)  0.1298 (   1)  0.0701 (   7)
................................................................................
.............................. CYCLE   32 ......................................
................................................................................
   1    -45.6332102 -0.456332E+02  0.162E-01    9.48       0.0  T
   2    -45.6332134 -0.324569E-05  0.122E-01    9.48       1.0  T
   3    -45.6332165 -0.312187E-05  0.115E-02    9.48       1.8  T
   4    -45.6332169 -0.336026E-06  0.337E-03    9.48       6.2  T
   5    -45.6332169 -0.116564E-07  0.142E-03    9.48      14.7  T
   6    -45.6332169 -0.120505E-08  0.663E-04    9.48      31.5  T
speedup  0.87
cpu  time for SCC    0.00 s
wall time for SCC    0.00 s
speedup  0.97
cpu  time for grad    0.01 s
wall time for grad    0.01 s
 E :    -45.37778874  G :  0.007500    pred/act E change: -0.774D-04 -0.815D-04
Maxdispl :   0.1345   ||displ|| :   0.1989   Lambda : -0.127D-03
Largest |displ|/coords:  0.1345 (   2)  0.1049 (   1)  0.0587 (   7)
................................................................................
.............................. CYCLE   33 ......................................
................................................................................
   1    -45.6341074 -0.456341E+02  0.101E-01    9.49       0.0  T
   2    -45.6341087 -0.125253E-05  0.760E-02    9.49       1.0  T
   3    -45.6341097 -0.979963E-06  0.778E-03    9.49       2.7  T
   4    -45.6341098 -0.183351E-06  0.253E-03    9.49       8.2  T
   5    -45.6341098 -0.511479E-08  0.778E-04    9.49      26.8  T
speedup  1.03
cpu  time for SCC    0.00 s
wall time for SCC    0.00 s
speedup  0.94
cpu  time for grad    0.01 s
wall time for grad    0.01 s
 E :    -45.37788038  G :  0.004547    pred/act E change: -0.690D-04 -0.916D-04
Maxdispl :   0.2750   ||displ|| :   0.3803   Lambda : -0.153D-03
Largest |displ|/coords:  0.2750 (   2)  0.1958 (   1)  0.1026 (   7)
................................................................................
.............................. CYCLE   34 ......................................
................................................................................
   1    -45.6322182 -0.456322E+02  0.223E-01    9.49       0.0  T
   2    -45.6322244 -0.623075E-05  0.169E-01    9.49       1.0  T
   3    -45.6322308 -0.636451E-05  0.147E-02    9.50       1.4  T
   4    -45.6322314 -0.635953E-06  0.585E-03    9.50       3.6  T
   5    -45.6322315 -0.339519E-07  0.202E-03    9.50      10.3  T
   6    -45.6322315 -0.344548E-08  0.104E-03    9.50      20.0  T
speedup  0.89
cpu  time for SCC    0.00 s
wall time for SCC    0.00 s
speedup  0.98
cpu  time for grad    0.01 s
wall time for grad    0.01 s
 E :    -45.37790992  G :  0.013148    pred/act E change: -0.662D-04 -0.295D-04
Maxdispl :   0.1029   ||displ|| :   0.1890   Lambda : -0.316D-03
Largest |displ|/coords:  0.1029 (   2)  0.0916 (   1)  0.0563 (   9)
................................................................................
.............................. CYCLE   35 ......................................
................................................................................
   1    -45.6366751 -0.456367E+02  0.963E-02    9.51       0.0  T
   2    -45.6366812 -0.611788E-05  0.715E-02    9.51       1.0  T
   3    -45.6366846 -0.342353E-05  0.167E-02    9.51       1.2  T
   4    -45.6366854 -0.712152E-06  0.491E-03    9.51       4.2  T
   5    -45.6366854 -0.539452E-07  0.152E-03    9.51      13.8  T
   6    -45.6366854 -0.163636E-08  0.874E-04    9.51      23.9  T
speedup  1.06
cpu  time for SCC    0.00 s
wall time for SCC    0.00 s
speedup  0.96
cpu  time for grad    0.01 s
wall time for grad    0.01 s
 E :    -45.37800613  G :  0.008454    pred/act E change: -0.874D-04 -0.962D-04
Maxdispl :   0.1249   ||displ|| :   0.1559   Lambda : -0.203D-03
Largest |displ|/coords:  0.1249 (   1)  0.0411 (  12)  0.0338 (   4)
................................................................................
.............................. CYCLE   36 ......................................
................................................................................
   1    -45.6363760 -0.456364E+02  0.109E-01    9.49       0.0  T
   2    -45.6363783 -0.221813E-05  0.821E-02    9.49       1.0  T
   3    -45.6363803 -0.204652E-05  0.861E-03    9.50       2.4  T
   4    -45.6363806 -0.269428E-06  0.288E-03    9.50       7.2  T
   5    -45.6363806 -0.997348E-08  0.130E-03    9.50      16.0  T
speedup  1.05
cpu  time for SCC    0.00 s
wall time for SCC    0.00 s
speedup  0.95
cpu  time for grad    0.01 s
wall time for grad    0.01 s
 E :    -45.37804214  G :  0.010869    pred/act E change: -0.164D-03 -0.360D-04
Maxdispl :   0.1625   ||displ|| :   0.2129   Lambda : -0.211D-03
Largest |displ|/coords:  0.1625 (   2)  0.0835 (   1)  0.0613 (   6)
................................................................................
.............................. CYCLE   37 ......................................
................................................................................
   1    -45.6336389 -0.456336E+02  0.126E-01    9.49       0.0  T
   2    -45.6336430 -0.405553E-05  0.944E-02    9.49       1.0  T
   3    -45.6336463 -0.330455E-05  0.125E-02    9.49       1.7  T
   4    -45.6336468 -0.541572E-06  0.411E-03    9.49       5.1  T
   5    -45.6336468 -0.212114E-07  0.164E-03    9.49      12.7  T
   6    -45.6336468 -0.267860E-08  0.840E-04    9.49      24.8  T
speedup  1.11
cpu  time for SCC    0.00 s
wall time for SCC    0.00 s
speedup  1.06
cpu  time for grad    0.01 s
wall time for grad    0.01 s
 E :    -45.37812835  G :  0.007231    pred/act E change: -0.104D-03 -0.862D-04
Maxdispl :   0.0467   ||displ|| :   0.0858   Lambda : -0.112D-03
Largest |displ|/coords:  0.0467 (   6)  0.0279 (   7)  0.0274 (   4)
................................................................................
.............................. CYCLE   38 ......................................
................................................................................
   1    -45.6361136 -0.456361E+02  0.570E-02    9.50       0.0  T
   2    -45.6361150 -0.144002E-05  0.425E-02    9.50       1.0  T
   3    -45.6361158 -0.805014E-06  0.839E-03    9.50       2.5  T
   4    -45.6361160 -0.176827E-06  0.214E-03    9.50       9.7  T
   5    -45.6361160 -0.130065E-07  0.587E-04    9.50      35.6  T
speedup  1.05
cpu  time for SCC    0.00 s
wall time for SCC    0.00 s
speedup  1.05
cpu  time for grad    0.01 s
wall time for grad    0.01 s
 E :    -45.37817616  G :  0.004282    pred/act E change: -0.110D-03 -0.478D-04
Maxdispl :   0.1718   ||displ|| :   0.2621   Lambda : -0.107D-03
Largest |displ|/coords:  0.1718 (   1)  0.1474 (   2)  0.0573 (   3)
................................................................................
.............................. CYCLE   39 ......................................
................................................................................
   1    -45.6349522 -0.456350E+02  0.132E-01    9.49       0.0  T
   2    -45.6349551 -0.288569E-05  0.100E-01    9.49       1.0  T
   3    -45.6349581 -0.301468E-05  0.989E-03    9.49       2.1  T
   4    -45.6349584 -0.290112E-06  0.417E-03    9.49       5.0  T
   5    -45.6349584 -0.213000E-07  0.134E-03    9.49      15.5  T
   6    -45.6349584 -0.171063E-08  0.782E-04    9.49      26.7  T
speedup  0.87
cpu  time for SCC    0.00 s
wall time for SCC    0.00 s
speedup  0.97
cpu  time for grad    0.01 s
wall time for grad    0.01 s
 E :    -45.37819199  G :  0.008711    pred/act E change: -0.562D-04 -0.158D-04
Maxdispl :   0.0826   ||displ|| :   0.1464   Lambda : -0.138D-03
Largest |displ|/coords:  0.0826 (   1)  0.0534 (   2)  0.0516 (   4)
................................................................................
.............................. CYCLE   40 ......................................
................................................................................
   1    -45.6354395 -0.456354E+02  0.787E-02    9.48       0.0  T
   2    -45.6354409 -0.142932E-05  0.592E-02    9.49       1.0  T
   3    -45.6354418 -0.951907E-06  0.736E-03    9.49       2.8  T
   4    -45.6354421 -0.211247E-06  0.246E-03    9.49       8.5  T
   5    -45.6354421 -0.105033E-07  0.781E-04    9.49      26.7  T
speedup  1.05
cpu  time for SCC    0.00 s
wall time for SCC    0.00 s
speedup  1.05
cpu  time for grad    0.01 s
wall time for grad    0.01 s
 E :    -45.37825535  G :  0.005101    pred/act E change: -0.572D-04 -0.634D-04
Maxdispl :   0.0374   ||displ|| :   0.0644   Lambda : -0.480D-04
Largest |displ|/coords:  0.0374 (   7)  0.0323 (   6)  0.0164 (  11)
................................................................................
.............................. CYCLE   41 ......................................
................................................................................
   1    -45.6360362 -0.456360E+02  0.394E-02    9.49       0.0  T
   2    -45.6360367 -0.528679E-06  0.296E-02    9.49       1.0  T
   3    -45.6360370 -0.330318E-06  0.458E-03    9.49       4.6  T
   4    -45.6360371 -0.805992E-07  0.169E-03    9.49      12.3  T
   5    -45.6360371 -0.373851E-08  0.466E-04    9.49      44.7  T
speedup  1.03
cpu  time for SCC    0.00 s
wall time for SCC    0.00 s
speedup  1.03
cpu  time for grad    0.01 s
wall time for grad    0.01 s
 E :    -45.37827416  G :  0.002848    pred/act E change: -0.706D-04 -0.188D-04
Maxdispl :   0.1116   ||displ|| :   0.1789   Lambda : -0.378D-04
Largest |displ|/coords:  0.1116 (   1)  0.1044 (   2)  0.0414 (   6)
................................................................................
.............................. CYCLE   42 ......................................
................................................................................
   1    -45.6348591 -0.456349E+02  0.966E-02    9.48       0.0  T
   2    -45.6348603 -0.118000E-05  0.731E-02    9.48       1.0  T
   3    -45.6348617 -0.143005E-05  0.576E-03    9.49       3.6  T
   4    -45.6348618 -0.822143E-07  0.268E-03    9.48       7.8  T
   5    -45.6348618 -0.739016E-08  0.883E-04    9.48      23.6  T
   6    -45.6348618 -0.991378E-09  0.512E-04    9.48      40.7  T
speedup  1.09
cpu  time for SCC    0.01 s
wall time for SCC    0.00 s
speedup  1.03
cpu  time for grad    0.01 s
wall time for grad    0.01 s
 E :    -45.37829027  G :  0.004489    pred/act E change: -0.241D-04 -0.161D-04
Maxdispl :   0.0299   ||displ|| :   0.0499   Lambda : -0.289D-04
Largest |displ|/coords:  0.0299 (   1)  0.0217 (   7)  0.0144 (   9)
................................................................................
.............................. CYCLE   43 ......................................
................................................................................
   1    -45.6355827 -0.456356E+02  0.264E-02    9.49       0.0  T
   2    -45.6355829 -0.257447E-06  0.200E-02    9.49       1.0  T
   3    -45.6355832 -0.226731E-06  0.313E-03    9.49       6.7  T
   4    -45.6355832 -0.331170E-07  0.104E-03    9.49      20.1  T
   5    -45.6355832 -0.155185E-08  0.400E-04    9.49      52.1  T
speedup  1.00
cpu  time for SCC    0.00 s
wall time for SCC    0.00 s
speedup  1.03
cpu  time for grad    0.01 s
wall time for grad    0.01 s
 E :    -45.37830645  G :  0.002318    pred/act E change: -0.195D-04 -0.162D-04
Maxdispl :   0.0521   ||displ|| :   0.0707   Lambda : -0.198D-04
Largest |displ|/coords:  0.0521 (   1)  0.0195 (   6)  0.0192 (   4)
................................................................................
.............................. CYCLE   44 ......................................
................................................................................
   1    -45.6359521 -0.456360E+02  0.387E-02    9.50       0.0  T
   2    -45.6359523 -0.210137E-06  0.292E-02    9.50       1.0  T
   3    -45.6359525 -0.185792E-06  0.288E-03    9.50       7.2  T
   4    -45.6359525 -0.247726E-07  0.108E-03    9.50      19.2  T
   5    -45.6359525 -0.134251E-08  0.336E-04    9.50      62.1  T
   6    -45.6359525 -0.844409E-10  0.192E-04    9.50     108.5  T
speedup  1.09
cpu  time for SCC    0.00 s
wall time for SCC    0.00 s
speedup  1.03
cpu  time for grad    0.01 s
wall time for grad    0.01 s
 E :    -45.37831990  G :  0.003180    pred/act E change: -0.145D-04 -0.135D-04
Maxdispl :   0.0973   ||displ|| :   0.1273   Lambda : -0.289D-04
Largest |displ|/coords:  0.0973 (   1)  0.0334 (   2)  0.0312 (   6)
................................................................................
.............................. CYCLE   45 ......................................
................................................................................
   1    -45.6362769 -0.456363E+02  0.685E-02    9.51       0.0  T
   2    -45.6362775 -0.624569E-06  0.514E-02    9.51       1.0  T
   3    -45.6362779 -0.444860E-06  0.571E-03    9.51       3.7  T
   4    -45.6362780 -0.882637E-07  0.190E-03    9.51      11.0  T
   5    -45.6362780 -0.460675E-08  0.568E-04    9.51      36.7  T
   6    -45.6362780 -0.244441E-09  0.336E-04    9.51      62.1  T
speedup  0.87
cpu  time for SCC    0.00 s
wall time for SCC    0.00 s
speedup  0.94
cpu  time for grad    0.01 s
wall time for grad    0.01 s
 E :    -45.37834008  G :  0.003505    pred/act E change: -0.995D-05 -0.202D-04
Maxdispl :   0.1136   ||displ|| :   0.1425   Lambda : -0.259D-04
Largest |displ|/coords:  0.1136 (   1)  0.0398 (   2)  0.0357 (   6)
................................................................................
.............................. CYCLE   46 ......................................
................................................................................
   1    -45.6360855 -0.456361E+02  0.781E-02    9.51       0.0  T
   2    -45.6360861 -0.571810E-06  0.588E-02    9.51       1.0  T
   3    -45.6360867 -0.591975E-06  0.500E-03    9.51       4.2  T
   4    -45.6360867 -0.508835E-07  0.187E-03    9.51      11.1  T
   5    -45.6360867 -0.319042E-08  0.600E-04    9.51      34.8  T
   6    -45.6360867 -0.312497E-09  0.346E-04    9.51      60.3  T
speedup  1.09
cpu  time for SCC    0.00 s
wall time for SCC    0.00 s
speedup  1.10
cpu  time for grad    0.01 s
wall time for grad    0.01 s
 E :    -45.37835852  G :  0.004554    pred/act E change: -0.147D-04 -0.184D-04
Maxdispl :   0.1055   ||displ|| :   0.1406   Lambda : -0.454D-04
Largest |displ|/coords:  0.1055 (   1)  0.0460 (  12)  0.0318 (   4)
................................................................................
.............................. CYCLE   47 ......................................
................................................................................
   1    -45.6367786 -0.456368E+02  0.846E-02    9.51       0.0  T
   2    -45.6367795 -0.885384E-06  0.636E-02    9.51       1.0  T
   3    -45.6367802 -0.717844E-06  0.660E-03    9.51       3.2  T
   4    -45.6367803 -0.109955E-06  0.227E-03    9.51       9.2  T
   5    -45.6367803 -0.557495E-08  0.692E-04    9.51      30.1  T
speedup  1.05
cpu  time for SCC    0.00 s
wall time for SCC    0.00 s
speedup  1.05
cpu  time for grad    0.01 s
wall time for grad    0.01 s
 E :    -45.37838572  G :  0.004235    pred/act E change: -0.132D-04 -0.272D-04
Maxdispl :   0.1463   ||displ|| :   0.1717   Lambda : -0.381D-04
Largest |displ|/coords:  0.1463 (   1)  0.0353 (   8)  0.0350 (   2)
................................................................................
.............................. CYCLE   48 ......................................
................................................................................
   1    -45.6359095 -0.456359E+02  0.957E-02    9.49       0.0  T
   2    -45.6359103 -0.801674E-06  0.720E-02    9.49       1.0  T
   3    -45.6359112 -0.910172E-06  0.600E-03    9.49       3.5  T
   4    -45.6359112 -0.631593E-07  0.222E-03    9.49       9.4  T
   5    -45.6359112 -0.449479E-08  0.720E-04    9.49      29.0  T
speedup  1.03
cpu  time for SCC    0.00 s
wall time for SCC    0.00 s
speedup  0.94
cpu  time for grad    0.01 s
wall time for grad    0.01 s
 E :    -45.37840915  G :  0.004567    pred/act E change: -0.232D-04 -0.234D-04
Maxdispl :   0.0510   ||displ|| :   0.0901   Lambda : -0.650D-04
Largest |displ|/coords:  0.0510 (   1)  0.0339 (   2)  0.0265 (  11)
................................................................................
.............................. CYCLE   49 ......................................
................................................................................
   1    -45.6362305 -0.456362E+02  0.680E-02    9.47       0.0  T
   2    -45.6362313 -0.826117E-06  0.507E-02    9.47       1.0  T
   3    -45.6362319 -0.547196E-06  0.866E-03    9.46       2.4  T
   4    -45.6362320 -0.106813E-06  0.201E-03    9.47      10.4  T
   5    -45.6362320 -0.461496E-08  0.524E-04    9.47      39.8  T
speedup  1.03
cpu  time for SCC    0.00 s
wall time for SCC    0.00 s
speedup  1.04
cpu  time for grad    0.01 s
wall time for grad    0.01 s
 E :    -45.37844112  G :  0.003490    pred/act E change: -0.196D-04 -0.320D-04
Maxdispl :   0.1108   ||displ|| :   0.1348   Lambda : -0.469D-04
Largest |displ|/coords:  0.1108 (   1)  0.0380 (   8)  0.0268 (   4)
................................................................................
.............................. CYCLE   50 ......................................
................................................................................
   1    -45.6355839 -0.456356E+02  0.865E-02    9.44       0.0  T
   2    -45.6355853 -0.140129E-05  0.651E-02    9.45       1.0  T
   3    -45.6355866 -0.131790E-05  0.762E-03    9.45       2.7  T
   4    -45.6355868 -0.162400E-06  0.250E-03    9.45       8.3  T
   5    -45.6355868 -0.905385E-08  0.102E-03    9.45      20.4  T
   6    -45.6355868 -0.945128E-09  0.531E-04    9.45      39.3  T
   7    -45.6355868 -0.569500E-09  0.939E-05    9.45     222.2  T
speedup  0.93
cpu  time for SCC    0.01 s
wall time for SCC    0.01 s
speedup  0.96
cpu  time for grad    0.01 s
wall time for grad    0.01 s
 E :    -45.37846213  G :  0.006687    pred/act E change: -0.328D-04 -0.210D-04
Maxdispl :   0.0634   ||displ|| :   0.0824   Lambda : -0.472D-04
Largest |displ|/coords:  0.0634 (   1)  0.0234 (   5)  0.0230 (   4)
................................................................................
.............................. CYCLE   51 ......................................
................................................................................
   1    -45.6352625 -0.456353E+02  0.467E-02    9.46       0.0  T
   2    -45.6352628 -0.267009E-06  0.351E-02    9.45       1.0  T
   3    -45.6352630 -0.220116E-06  0.328E-03    9.45       6.4  T
   4    -45.6352630 -0.339560E-07  0.112E-03    9.45      18.6  T
   5    -45.6352630 -0.140800E-08  0.396E-04    9.45      52.7  T
speedup  1.03
cpu  time for SCC    0.00 s
wall time for SCC    0.00 s
speedup  1.04
cpu  time for grad    0.01 s
wall time for grad    0.01 s
 E :    -45.37849263  G :  0.004315    pred/act E change: -0.239D-04 -0.305D-04
Maxdispl :   0.0775   ||displ|| :   0.1091   Lambda : -0.614D-04
Largest |displ|/coords:  0.0775 (   1)  0.0275 (   7)  0.0219 (   3)
................................................................................
.............................. CYCLE   52 ......................................
................................................................................
   1    -45.6359219 -0.456359E+02  0.690E-02    9.48       0.0  T
   2    -45.6359226 -0.749245E-06  0.519E-02    9.48       1.0  T
   3    -45.6359233 -0.639598E-06  0.521E-03    9.48       4.0  T
   4    -45.6359234 -0.942135E-07  0.154E-03    9.48      13.5  T
   5    -45.6359234 -0.334747E-08  0.646E-04    9.48      32.3  T
speedup  1.05
cpu  time for SCC    0.00 s
wall time for SCC    0.00 s
speedup  1.05
cpu  time for grad    0.01 s
wall time for grad    0.01 s
 E :    -45.37852817  G :  0.003236    pred/act E change: -0.238D-04 -0.355D-04
Maxdispl :   0.1650   ||displ|| :   0.1970   Lambda : -0.429D-04
Largest |displ|/coords:  0.1650 (   1)  0.0486 (   2)  0.0388 (   4)

generating ANC from model Hessian ...
 Shifting diagonal of input Hessian by   4.590334466189261E-003
 Lowest  eigenvalues of input Hessian
   -0.000000   -0.000000    0.000000    0.000000    0.000000    0.000000
    0.005000    0.005019    0.005140    0.006003    0.006641    0.007135
    0.007950    0.008370    0.009875    0.011905    0.013517    0.013922
 Highest eigenvalues
    1.399906    1.409560    1.461863    2.776304    3.407104    3.537545
 
cpu  time for ANC gen    0.01 s
wall time for ANC gen    0.01 s
................................................................................
.............................. CYCLE   53 ......................................
................................................................................
   1    -45.6350745 -0.456351E+02  0.101E-01    9.48       0.0  T
   2    -45.6350755 -0.106563E-05  0.762E-02    9.48       1.0  T
   3    -45.6350766 -0.110596E-05  0.551E-03    9.49       3.8  T
   4    -45.6350767 -0.108918E-06  0.256E-03    9.48       8.1  T
   5    -45.6350767 -0.734853E-08  0.829E-04    9.48      25.2  T
   6    -45.6350767 -0.656321E-09  0.450E-04    9.48      46.3  T
speedup  0.85
cpu  time for SCC    0.00 s
wall time for SCC    0.00 s
speedup  0.92
cpu  time for grad    0.01 s
wall time for grad    0.01 s
 E :    -45.37855605  G :  0.005182    pred/act E change:  0.000D+00 -0.279D-04
Maxdispl :   0.0356   ||displ|| :   0.0697   Lambda : -0.871D-04
Largest |displ|/coords:  0.0356 (   6)  0.0349 (  14)  0.0234 (   3)
................................................................................
.............................. CYCLE   54 ......................................
................................................................................
   1    -45.6358145 -0.456358E+02  0.852E-02    9.47       0.0  T
   2    -45.6358155 -0.103548E-05  0.649E-02    9.47       1.0  T
   3    -45.6358167 -0.120005E-05  0.474E-03    9.47       4.4  T
   4    -45.6358168 -0.694555E-07  0.172E-03    9.47      12.1  T
   5    -45.6358168 -0.223966E-08  0.605E-04    9.47      34.5  T
speedup  1.05
cpu  time for SCC    0.00 s
wall time for SCC    0.00 s
speedup  1.04
cpu  time for grad    0.01 s
wall time for grad    0.01 s
 E :    -45.37862003  G :  0.002773    pred/act E change:  0.000D+00 -0.640D-04
Maxdispl :   0.1059   ||displ|| :   0.1831   Lambda : -0.122D-03
Largest |displ|/coords:  0.1059 (   3)  0.0846 (   6)  0.0708 (  14)
................................................................................
.............................. CYCLE   55 ......................................
................................................................................
   1    -45.6358663 -0.456359E+02  0.185E-01    9.44       0.0  T
   2    -45.6358699 -0.360305E-05  0.140E-01    9.44       1.0  T
   3    -45.6358738 -0.387647E-05  0.985E-03    9.46       2.1  T
   4    -45.6358741 -0.311929E-06  0.375E-03    9.45       5.6  T
   5    -45.6358741 -0.119095E-07  0.149E-03    9.45      14.0  T
   6    -45.6358741 -0.209425E-08  0.652E-04    9.45      32.0  T
   7    -45.6358741 -0.992522E-09  0.143E-04    9.45     146.0  T
speedup  0.96
cpu  time for SCC    0.00 s
wall time for SCC    0.01 s
speedup  0.97
cpu  time for grad    0.01 s
wall time for grad    0.01 s
 E :    -45.37869043  G :  0.005631    pred/act E change: -0.438D-04 -0.704D-04
Maxdispl :   0.0309   ||displ|| :   0.0695   Lambda : -0.469D-04
Largest |displ|/coords:  0.0309 (   6)  0.0303 (   3)  0.0301 (   2)
................................................................................
.............................. CYCLE   56 ......................................
................................................................................
   1    -45.6362339 -0.456362E+02  0.568E-02    9.45       0.0  T
   2    -45.6362343 -0.408637E-06  0.428E-02    9.45       1.0  T
   3    -45.6362347 -0.315573E-06  0.400E-03    9.45       5.2  T
   4    -45.6362347 -0.622622E-07  0.139E-03    9.45      15.0  T
   5    -45.6362347 -0.184356E-08  0.477E-04    9.45      43.7  T
speedup  1.05
cpu  time for SCC    0.00 s
wall time for SCC    0.00 s
speedup  1.05
cpu  time for grad    0.01 s
wall time for grad    0.01 s
 E :    -45.37872434  G :  0.003645    pred/act E change: -0.632D-04 -0.339D-04
Maxdispl :   0.0679   ||displ|| :   0.1371   Lambda : -0.490D-04
Largest |displ|/coords:  0.0679 (   2)  0.0645 (   3)  0.0608 (   6)
................................................................................
.............................. CYCLE   57 ......................................
................................................................................
   1    -45.6359534 -0.456360E+02  0.117E-01    9.43       0.0  T
   2    -45.6359546 -0.123693E-05  0.881E-02    9.44       1.0  T
   3    -45.6359559 -0.125325E-05  0.595E-03    9.45       3.5  T
   4    -45.6359560 -0.120668E-06  0.255E-03    9.44       8.2  T
   5    -45.6359560 -0.552074E-08  0.840E-04    9.44      24.8  T
   6    -45.6359560 -0.485286E-09  0.432E-04    9.44      48.3  T
speedup  0.89
cpu  time for SCC    0.00 s
wall time for SCC    0.00 s
speedup  0.95
cpu  time for grad    0.01 s
wall time for grad    0.01 s
 E :    -45.37875497  G :  0.003585    pred/act E change: -0.235D-04 -0.306D-04
Maxdispl :   0.0401   ||displ|| :   0.0793   Lambda : -0.338D-04
Largest |displ|/coords:  0.0401 (   2)  0.0396 (   1)  0.0280 (   6)
................................................................................
.............................. CYCLE   58 ......................................
................................................................................
   1    -45.6364279 -0.456364E+02  0.496E-02    9.45       0.0  T
   2    -45.6364283 -0.392102E-06  0.374E-02    9.45       1.0  T
   3    -45.6364286 -0.379831E-06  0.358E-03    9.45       5.8  T
   4    -45.6364287 -0.400022E-07  0.154E-03    9.45      13.5  T
   5    -45.6364287 -0.251220E-08  0.465E-04    9.45      44.9  T
   6    -45.6364287 -0.229164E-09  0.265E-04    9.45      78.8  T
speedup  1.11
cpu  time for SCC    0.00 s
wall time for SCC    0.00 s
speedup  1.03
cpu  time for grad    0.01 s
wall time for grad    0.01 s
 E :    -45.37876838  G :  0.002833    pred/act E change: -0.250D-04 -0.134D-04
Maxdispl :   0.0728   ||displ|| :   0.1396   Lambda : -0.334D-04
Largest |displ|/coords:  0.0728 (   2)  0.0569 (   1)  0.0511 (   3)
................................................................................
.............................. CYCLE   59 ......................................
................................................................................
   1    -45.6354120 -0.456354E+02  0.123E-01    9.43       0.0  T
   2    -45.6354138 -0.183964E-05  0.932E-02    9.44       1.0  T
   3    -45.6354158 -0.191113E-05  0.715E-03    9.45       2.9  T
   4    -45.6354159 -0.177784E-06  0.259E-03    9.45       8.1  T
   5    -45.6354159 -0.698985E-08  0.105E-03    9.45      19.9  T
   6    -45.6354159 -0.794870E-09  0.508E-04    9.45      41.1  T
   7    -45.6354159 -0.621434E-09  0.926E-05    9.45     225.2  T
speedup  0.96
cpu  time for SCC    0.00 s
wall time for SCC    0.01 s
speedup  0.97
cpu  time for grad    0.01 s
wall time for grad    0.01 s
 E :    -45.37877909  G :  0.003658    pred/act E change: -0.170D-04 -0.107D-04
Maxdispl :   0.0228   ||displ|| :   0.0439   Lambda : -0.184D-04
Largest |displ|/coords:  0.0228 (   6)  0.0175 (   3)  0.0164 (  14)
................................................................................
.............................. CYCLE   60 ......................................
................................................................................
   1    -45.6361986 -0.456362E+02  0.398E-02    9.46       0.0  T
   2    -45.6361989 -0.315110E-06  0.300E-02    9.45       1.0  T
   3    -45.6361991 -0.193208E-06  0.336E-03    9.45       6.2  T
   4    -45.6361992 -0.521200E-07  0.988E-04    9.45      21.1  T
   5    -45.6361992 -0.153470E-08  0.358E-04    9.45      58.3  T
speedup  1.05
cpu  time for SCC    0.00 s
wall time for SCC    0.00 s
speedup  1.00
cpu  time for grad    0.01 s
wall time for grad    0.01 s
 E :    -45.37878924  G :  0.001217    pred/act E change: -0.170D-04 -0.101D-04
Maxdispl :   0.0401   ||displ|| :   0.0486   Lambda : -0.816D-05
Largest |displ|/coords:  0.0401 (   1)  0.0218 (   2)  0.0094 (   5)
................................................................................
.............................. CYCLE   61 ......................................
................................................................................
   1    -45.6364125 -0.456364E+02  0.274E-02    9.45       0.0  T
   2    -45.6364126 -0.102007E-06  0.207E-02    9.45       1.0  T
   3    -45.6364128 -0.115273E-06  0.165E-03    9.45      12.7  T
   4    -45.6364128 -0.967405E-08  0.577E-04    9.45      36.2  T
   5    -45.6364128 -0.400036E-09  0.292E-04    9.45      71.3  T
speedup  1.08
cpu  time for SCC    0.00 s
wall time for SCC    0.00 s
speedup  1.01
cpu  time for grad    0.01 s
wall time for grad    0.01 s
 E :    -45.37879559  G :  0.001081    pred/act E change: -0.923D-05 -0.635D-05
Maxdispl :   0.0890   ||displ|| :   0.1127   Lambda : -0.133D-04
Largest |displ|/coords:  0.0890 (   1)  0.0546 (   2)  0.0184 (   5)
................................................................................
.............................. CYCLE   62 ......................................
................................................................................
   1    -45.6365192 -0.456365E+02  0.628E-02    9.45       0.0  T
   2    -45.6365196 -0.424009E-06  0.476E-02    9.45       1.0  T
   3    -45.6365201 -0.524598E-06  0.329E-03    9.45       6.3  T
   4    -45.6365202 -0.275189E-07  0.125E-03    9.45      16.6  T
   5    -45.6365202 -0.150531E-08  0.554E-04    9.45      37.6  T
   6    -45.6365202 -0.411568E-09  0.258E-04    9.45      80.9  T
speedup  0.89
cpu  time for SCC    0.00 s
wall time for SCC    0.00 s
speedup  1.03
cpu  time for grad    0.01 s
wall time for grad    0.01 s
 E :    -45.37880442  G :  0.001484    pred/act E change: -0.409D-05 -0.883D-05
Maxdispl :   0.0732   ||displ|| :   0.0910   Lambda : -0.797D-05
Largest |displ|/coords:  0.0732 (   1)  0.0417 (   2)  0.0152 (   5)
................................................................................
.............................. CYCLE   63 ......................................
................................................................................
   1    -45.6363711 -0.456364E+02  0.479E-02    9.44       0.0  T
   2    -45.6363713 -0.208653E-06  0.361E-02    9.44       1.0  T
   3    -45.6363716 -0.242808E-06  0.255E-03    9.44       8.2  T
   4    -45.6363716 -0.172656E-07  0.113E-03    9.44      18.4  T
   5    -45.6363716 -0.130657E-08  0.380E-04    9.44      54.9  T
   6    -45.6363716 -0.191072E-09  0.203E-04    9.44     102.7  T
speedup  0.87
cpu  time for SCC    0.00 s
wall time for SCC    0.00 s
speedup  0.93
cpu  time for grad    0.01 s
wall time for grad    0.01 s
 E :    -45.37881005  G :  0.001474    pred/act E change: -0.672D-05 -0.563D-05
Maxdispl :   0.0876   ||displ|| :   0.1131   Lambda : -0.108D-04
Largest |displ|/coords:  0.0876 (   1)  0.0444 (   2)  0.0338 (   6)
................................................................................
.............................. CYCLE   64 ......................................
................................................................................
   1    -45.6364604 -0.456365E+02  0.554E-02    9.44       0.0  T
   2    -45.6364608 -0.393271E-06  0.418E-02    9.44       1.0  T
   3    -45.6364611 -0.308742E-06  0.399E-03    9.43       5.2  T
   4    -45.6364612 -0.572916E-07  0.142E-03    9.43      14.7  T
   5    -45.6364612 -0.253705E-08  0.462E-04    9.43      45.1  T
   6    -45.6364612 -0.173813E-09  0.257E-04    9.43      81.1  T
speedup  1.09
cpu  time for SCC    0.00 s
wall time for SCC    0.00 s
speedup  1.02
cpu  time for grad    0.01 s
wall time for grad    0.01 s
 E :    -45.37881675  G :  0.001445    pred/act E change: -0.402D-05 -0.670D-05
Maxdispl :   0.0485   ||displ|| :   0.0663   Lambda : -0.616D-05
Largest |displ|/coords:  0.0485 (   1)  0.0299 (   2)  0.0178 (   6)
................................................................................
.............................. CYCLE   65 ......................................
................................................................................
   1    -45.6363391 -0.456363E+02  0.337E-02    9.43       0.0  T
   2    -45.6363393 -0.143683E-06  0.253E-02    9.43       1.0  T
   3    -45.6363394 -0.110032E-06  0.247E-03    9.42       8.4  T
   4    -45.6363394 -0.217848E-07  0.956E-04    9.42      21.8  T
   5    -45.6363394 -0.111149E-08  0.303E-04    9.42      68.7  T
speedup  1.05
cpu  time for SCC    0.00 s
wall time for SCC    0.00 s
speedup  0.99
cpu  time for grad    0.01 s
wall time for grad    0.01 s
 E :    -45.37882063  G :  0.001288    pred/act E change: -0.544D-05 -0.388D-05
Maxdispl :   0.0219   ||displ|| :   0.0305   Lambda : -0.482D-05
Largest |displ|/coords:  0.0219 (   6)  0.0129 (   4)  0.0065 (  10)
................................................................................
.............................. CYCLE   66 ......................................
................................................................................
   1    -45.6365582 -0.456366E+02  0.183E-02    9.42       0.0  T
   2    -45.6365582 -0.715937E-07  0.137E-02    9.42       1.5  T
   3    -45.6365583 -0.431004E-07  0.193E-03    9.42      10.8  T
   4    -45.6365583 -0.100191E-07  0.687E-04    9.42      30.4  T
   5    -45.6365583 -0.558529E-09  0.169E-04    9.42     123.5  T
speedup  1.05
cpu  time for SCC    0.00 s
wall time for SCC    0.00 s
speedup  1.00
cpu  time for grad    0.01 s
wall time for grad    0.01 s
 E :    -45.37882275  G :  0.001257    pred/act E change: -0.309D-05 -0.211D-05
Maxdispl :   0.0255   ||displ|| :   0.0397   Lambda : -0.368D-05
Largest |displ|/coords:  0.0255 (   1)  0.0213 (   2)  0.0122 (   6)
................................................................................
.............................. CYCLE   67 ......................................
................................................................................
   1    -45.6364921 -0.456365E+02  0.244E-02    9.42       0.0  T
   2    -45.6364922 -0.116561E-06  0.184E-02    9.42       1.1  T
   3    -45.6364923 -0.963714E-07  0.227E-03    9.42       9.2  T
   4    -45.6364923 -0.158023E-07  0.900E-04    9.42      23.2  T
   5    -45.6364923 -0.978751E-09  0.267E-04    9.42      78.1  T
speedup  1.05
cpu  time for SCC    0.00 s
wall time for SCC    0.00 s
speedup  1.01
cpu  time for grad    0.01 s
wall time for grad    0.01 s
 E :    -45.37882456  G :  0.000798    pred/act E change: -0.241D-05 -0.181D-05
Maxdispl :   0.0103   ||displ|| :   0.0171   Lambda : -0.204D-05
Largest |displ|/coords:  0.0103 (   1)  0.0086 (   6)  0.0063 (   2)
................................................................................
.............................. CYCLE   68 ......................................
................................................................................
   1    -45.6365443 -0.456365E+02  0.761E-03    9.42       0.0  T
   2    -45.6365443 -0.206661E-07  0.574E-03    9.42       3.6  T
   3    -45.6365443 -0.132510E-07  0.941E-04    9.42      22.2  T
   4    -45.6365443 -0.336947E-08  0.307E-04    9.42      68.0  T
speedup  0.97
cpu  time for SCC    0.00 s
wall time for SCC    0.00 s
speedup  1.07
cpu  time for grad    0.01 s
wall time for grad    0.01 s
 E :    -45.37882621  G :  0.000607    pred/act E change: -0.184D-05 -0.165D-05
Maxdispl :   0.0402   ||displ|| :   0.0585   Lambda : -0.343D-05
Largest |displ|/coords:  0.0402 (   1)  0.0303 (   6)  0.0232 (   2)
................................................................................
.............................. CYCLE   69 ......................................
................................................................................
   1    -45.6366153 -0.456366E+02  0.218E-02    9.41       0.0  T
   2    -45.6366154 -0.969789E-07  0.164E-02    9.41       1.3  T
   3    -45.6366155 -0.782203E-07  0.194E-03    9.41      10.8  T
   4    -45.6366155 -0.138936E-07  0.625E-04    9.41      33.4  T
   5    -45.6366155 -0.591925E-09  0.221E-04    9.41      94.4  T
speedup  1.03
cpu  time for SCC    0.00 s
wall time for SCC    0.00 s
speedup  0.99
cpu  time for grad    0.01 s
wall time for grad    0.01 s
 E :    -45.37882841  G :  0.000649    pred/act E change: -0.102D-05 -0.220D-05
Maxdispl :   0.0288   ||displ|| :   0.0405   Lambda : -0.128D-05
Largest |displ|/coords:  0.0288 (   1)  0.0209 (   6)  0.0149 (   2)
................................................................................
.............................. CYCLE   70 ......................................
................................................................................
   1    -45.6366583 -0.456367E+02  0.148E-02    9.41       0.0  T
   2    -45.6366583 -0.326068E-07  0.111E-02    9.41       1.9  T
   3    -45.6366583 -0.323226E-07  0.111E-03    9.41      18.9  T
   4    -45.6366583 -0.363980E-08  0.298E-04    9.41      69.9  T
   5    -45.6366583 -0.126846E-09  0.139E-04    9.41     149.9  T
speedup  1.03
cpu  time for SCC    0.00 s
wall time for SCC    0.00 s
speedup  0.99
cpu  time for grad    0.01 s
wall time for grad    0.01 s
 E :    -45.37882941  G :  0.000665    pred/act E change: -0.172D-05 -0.100D-05
Maxdispl :   0.0407   ||displ|| :   0.0558   Lambda : -0.171D-05
Largest |displ|/coords:  0.0407 (   1)  0.0282 (   6)  0.0188 (   2)
................................................................................
.............................. CYCLE   71 ......................................
................................................................................
   1    -45.6366668 -0.456367E+02  0.204E-02    9.40       0.0  T
   2    -45.6366668 -0.640993E-07  0.153E-02    9.40       1.4  T
   3    -45.6366669 -0.615323E-07  0.167E-03    9.40      12.5  T
   4    -45.6366669 -0.728024E-08  0.557E-04    9.40      37.4  T
   5    -45.6366669 -0.461718E-09  0.202E-04    9.40     103.2  T
speedup  1.05
cpu  time for SCC    0.00 s
wall time for SCC    0.00 s
speedup  1.00
cpu  time for grad    0.01 s
wall time for grad    0.01 s
 E :    -45.37883056  G :  0.000509    pred/act E change: -0.641D-06 -0.115D-05
Maxdispl :   0.0155   ||displ|| :   0.0212   Lambda : -0.796D-06
Largest |displ|/coords:  0.0155 (   1)  0.0114 (   6)  0.0040 (  32)
................................................................................
.............................. CYCLE   72 ......................................
................................................................................
   1    -45.6366871 -0.456367E+02  0.822E-03    9.40       0.0  T
   2    -45.6366872 -0.176771E-07  0.611E-03    9.40       3.4  T
   3    -45.6366872 -0.111529E-07  0.108E-03    9.40      19.4  T
   4    -45.6366872 -0.247167E-08  0.369E-04    9.40      56.5  T
   5    -45.6366872 -0.145683E-09  0.760E-05    9.40     274.4  T
speedup  1.05
cpu  time for SCC    0.00 s
wall time for SCC    0.00 s
speedup  1.00
cpu  time for grad    0.01 s
wall time for grad    0.01 s
 E :    -45.37883112  G :  0.000366    pred/act E change: -0.857D-06 -0.561D-06
Maxdispl :   0.0088   ||displ|| :   0.0116   Lambda : -0.516D-06
Largest |displ|/coords:  0.0088 (   1)  0.0046 (   6)  0.0029 (  32)
................................................................................
.............................. CYCLE   73 ......................................
................................................................................
   1    -45.6366679 -0.456367E+02  0.561E-03    9.40       0.0  T
   2    -45.6366679 -0.116153E-07  0.409E-03    9.40       5.1  T
   3    -45.6366679 -0.569266E-08  0.926E-04    9.40      22.5  T
   4    -45.6366679 -0.142635E-08  0.329E-04    9.40      63.3  T
speedup  0.91
cpu  time for SCC    0.00 s
wall time for SCC    0.00 s
speedup  0.95
cpu  time for grad    0.01 s
wall time for grad    0.01 s
 E :    -45.37883147  G :  0.000242    pred/act E change: -0.398D-06 -0.346D-06
Maxdispl :   0.0079   ||displ|| :   0.0112   Lambda : -0.306D-06
Largest |displ|/coords:  0.0079 (   2)  0.0045 (   1)  0.0026 (   6)
................................................................................
.............................. CYCLE   74 ......................................
................................................................................
   1    -45.6366851 -0.456367E+02  0.599E-03    9.40       0.0  T
   2    -45.6366851 -0.599199E-08  0.445E-03    9.40       4.7  T
   3    -45.6366851 -0.392104E-08  0.669E-04    9.40      31.2  T
   4    -45.6366851 -0.788873E-09  0.224E-04    9.40      93.2  T
speedup  1.25
cpu  time for SCC    0.00 s
wall time for SCC    0.00 s
speedup  1.06
cpu  time for grad    0.01 s
wall time for grad    0.01 s
 E :    -45.37883168  G :  0.000245    pred/act E change: -0.258D-06 -0.212D-06
Maxdispl :   0.0053   ||displ|| :   0.0081   Lambda : -0.216D-06
Largest |displ|/coords:  0.0053 (   1)  0.0027 (  10)  0.0026 (  12)
................................................................................
.............................. CYCLE   75 ......................................
................................................................................
   1    -45.6366493 -0.456366E+02  0.383E-03    9.40       0.0  T
   2    -45.6366493 -0.364670E-08  0.282E-03    9.40       7.4  T
   3    -45.6366493 -0.224777E-08  0.519E-04    9.40      40.2  T
   4    -45.6366493 -0.436501E-09  0.201E-04    9.40     103.5  T
speedup  0.64
cpu  time for SCC    0.00 s
wall time for SCC    0.00 s
speedup  0.87
cpu  time for grad    0.01 s
wall time for grad    0.01 s
 E :    -45.37883181  G :  0.000199    pred/act E change: -0.153D-06 -0.132D-06
Maxdispl :   0.0040   ||displ|| :   0.0066   Lambda : -0.128D-06
Largest |displ|/coords:  0.0040 (   2)  0.0035 (   3)  0.0020 (  12)
................................................................................
.............................. CYCLE   76 ......................................
................................................................................
   1    -45.6366660 -0.456367E+02  0.359E-03    9.40       0.0  T
   2    -45.6366660 -0.165591E-08  0.268E-03    9.40       7.8  T
   3    -45.6366660 -0.160487E-08  0.345E-04    9.40      60.5  T
   4    -45.6366660 -0.156916E-09  0.924E-05    9.40     225.6  T
speedup  0.97
cpu  time for SCC    0.00 s
wall time for SCC    0.00 s
speedup  0.97
cpu  time for grad    0.01 s
wall time for grad    0.01 s
 E :    -45.37883190  G :  0.000145    pred/act E change: -0.108D-06 -0.919D-07
Maxdispl :   0.0061   ||displ|| :   0.0080   Lambda : -0.892D-07
Largest |displ|/coords:  0.0061 (   1)  0.0036 (   3)  0.0020 (   6)

   *** GEOMETRY OPTIMIZATION CONVERGED AFTER 76 ITERATIONS ***

------------------------------------------------------------------------
 total energy gain (kcal):     -0.1731
------------------------------------------------------------------------
================
 final structure:
================
$coord
       -2.41399241999040       -0.81859713314343       -0.43984477205857      S 
       -3.45325057013800       -0.63190807481930        2.08811379611522      O 
       -4.67692370998580       -1.16807102203890       -2.31150605437598      O 
       -1.10791802587947        1.50505729240842       -1.16252880285132      O 
       -0.75717975811361       -3.01100528806528       -0.73065048424436      O 
       -0.06803131728427        5.13027181371349        2.12692712434928      O 
       -0.39715902885144        3.98489108570025        0.69977171324796      H 
       -1.56122959715165        6.14055985318706        2.30302957825207      H 
        3.46324857704007       -1.91563190406402        1.77036436594665      O 
        4.12038106312970       -0.84088450470096        0.41219674405092      H 
        2.02643158353229       -2.75771148348650        0.96406369772521      H 
        3.72093435082123        0.83559756125044       -2.48901658678248      O 
        1.95897923872302        1.27066692318928       -2.13669528074387      H 
        3.69378559810331       -0.04247066642377       -4.07411539953178      H 
       -1.17874815768650       -2.75314916508554       -5.62279920752171      O 
       -0.63061196131131       -3.06878523632778       -3.87909253009695      H 
       -1.45822237822923       -4.37951754520922       -6.37509255719324      H 
       -3.83943287677289       -1.49018497758630       -3.92100734953420      H 
        0.53137529283258        0.81237352451678        4.63089658172422      N 
       -1.20524623660839        0.11376732654474        3.92024261231572      H 
        1.97152085336549       -0.24393345022511        3.64718714020660      H 
        0.59424801655850        2.70327441474869        4.04631406965982      H 
        0.66704142610588        0.62539065592102        6.53324154464822      H 
$end
 
 Bond Distances (Angstroems)
 ---------------------------
S1-O2=1.4497         S1-O3=1.5650         S1-O4=1.4615         S1-O5=1.4623         O2-S1=1.4497         O3-S1=1.5650         
O3-H18=0.9751        O4-S1=1.4615         O5-S1=1.4623         O6-H7=0.9839         O6-H8=0.9586         H7-O6=0.9839         
H8-O6=0.9586         O9-H10=0.9803        O9-H11=0.9791        H10-O9=0.9803        H11-O9=0.9791        O12-H13=0.9783       
O12-H14=0.9590       H13-O12=0.9783       H14-O12=0.9590       O15-H16=0.9816       O15-H17=0.9597       H16-O15=0.9816       
H17-O15=0.9597       H18-O3=0.9751        N19-H20=1.0595       N19-H21=1.0790       N19-H22=1.0479       N19-H23=1.0141       
H20-N19=1.0595       H21-N19=1.0790       H22-N19=1.0479       H23-N19=1.0141       
 N  H  Rav=1.0501 sigma=0.0236  Rmin=1.0141  Rmax=1.0790     4
 O  H  Rav=0.9728 sigma=0.0100  Rmin=0.9586  Rmax=0.9839     9
 S  O  Rav=1.4846 sigma=0.0467  Rmin=1.4497  Rmax=1.5650     4
 
 selected bond angles (degree)
 --------------------
O3-S1-O2=107.56                O4-S1-O2=111.32                O4-S1-O3=107.20                O5-S1-O2=112.25                
O5-S1-O3=107.36                O5-S1-O4=110.88                H18-O3-S1=103.04               H8-O6-H7=105.80                
H11-O9-H10=102.71              
 
 selected dihedral angles (degree)
 ---------------------------------
H18-O3-S1-O2=186.84           H18-O3-S1-O4= 67.03           H18-O3-S1-O5=307.84           
 
 CMA Distance (Angstroems)
 ---------------------------
R(CMA):  2.0551

========================================================================
 FINAL SINGLEPOINT CALCULATION ON OPTIMIZED GEOMETRY
========================================================================

 Ncao       : 59
 Nao        : 58
 Nshell     : 34
 Nel        : 72
 T(el)      :   300.0
 intcut     :    25.0
 scfconv/Eh :  0.100E-05
   qconv/e  :  0.100E-03
 intneglect :  0.100E-07
 broydamp   :      0.250
 iter      E             dE          RMSdq      gap      omega  full diag
   1    -45.6366660 -0.456367E+02  0.405E-05    9.40       0.0  T
   2    -45.6366660 -0.100187E-11  0.255E-05    9.40     817.2  T
   3    -45.6366660 -0.618172E-12  0.491E-06    9.40    4249.5  T
speedup  0.87
cpu  time for SCC    0.00 s
wall time for SCC    0.00 s

   *** convergence criteria satisfied after 3 iterations ***

          eigenvalues
 #    :          24         25         26         27         28         29         30         31
 occ. :        2.000      2.000      2.000      2.000      2.000      2.000      2.000      2.000
 eps  :       -13.820    -13.570    -13.283    -12.540    -12.378    -12.331    -12.280    -12.254
 #    :          32         33         34         35         36         37         38         39
 occ. :        2.000      2.000      2.000      2.000      2.000      0.000      0.000      0.000
 eps  :       -12.093    -12.017    -11.967    -11.789    -11.703     -2.299     -0.731     -0.123
 #    :          40         41         42         43         44         45         46         47
 occ. :        0.000      0.000      0.000      0.000      0.000      0.000      0.000      0.000
 eps  :         0.805      1.139      1.752      2.279      2.637      4.184      5.191      5.494


   #   Z            q   n(s)   n(p)   n(d)      C6AA      α(0)
   1  16 S      1.696  1.587  1.774  0.943    88.859    15.865
   2   8 O     -0.715  1.758  4.957  0.000    29.127     7.236
   3   8 O     -0.603  1.756  4.846  0.000    25.219     6.779
   4   8 O     -0.767  1.774  4.993  0.000    30.604     7.417
   5   8 O     -0.767  1.779  4.989  0.000    30.611     7.418
   6   8 O     -0.602  1.741  4.862  0.000    25.244     6.781
   7   1 H      0.334  0.666  0.000  0.000     0.627     1.244
   8   1 H      0.289  0.711  0.000  0.000     0.756     1.366
   9   8 O     -0.614  1.753  4.861  0.000    25.523     6.819
  10   1 H      0.333  0.667  0.000  0.000     0.631     1.248
  11   1 H      0.320  0.680  0.000  0.000     0.664     1.280
  12   8 O     -0.612  1.745  4.867  0.000    25.487     6.814
  13   1 H      0.320  0.680  0.000  0.000     0.663     1.279
  14   1 H      0.288  0.712  0.000  0.000     0.758     1.367
  15   8 O     -0.622  1.751  4.871  0.000    25.721     6.845
  16   1 H      0.320  0.680  0.000  0.000     0.664     1.280
  17   1 H      0.291  0.709  0.000  0.000     0.750     1.360
  18   1 H      0.372  0.628  0.000  0.000     0.533     1.143
  19   7 N     -0.357  1.278  4.078  0.000    29.176     8.022
  20   1 H      0.284  0.716  0.000  0.000     0.764     1.370
  21   1 H      0.297  0.703  0.000  0.000     0.722     1.331
  22   1 H      0.287  0.713  0.000  0.000     0.755     1.361
  23   1 H      0.231  0.769  0.000  0.000     0.962     1.536

 Mol. C6AA /au·bohr⁶  :       4506.686794
 Mol. C8AA /au·bohr⁸  :      99212.185600
 Mol. α(0) /au        :         97.161881

 
 Wiberg/Mayer (AO) data. WBOs > 0.1 written file <wbo>
 largest (>0.05) Wiberg bond orders for each atom
           total WBO             WBO to atom ...
     1  S   4.826    O    2 1.331    O    4 1.261    O    5 1.254    O    3 0.937
     2  O   1.765    S    1 1.331    O    4 0.108    O    5 0.105    H   20 0.101    O    3 0.064
     3  O   1.976    S    1 0.937    H   18 0.788    O    5 0.078    O    4 0.076    O    2 0.064
     4  O   1.704    S    1 1.261    O    2 0.108    O    5 0.105    O    3 0.076    H    7 0.058    H   13 0.053
     5  O   1.708    S    1 1.254    O    2 0.105    O    4 0.105    O    3 0.078    H   16 0.063
     6  O   1.895    H    8 0.912    H    7 0.826    H   22 0.083
     7  H   0.888    O    6 0.826    O    4 0.058
     8  H   0.917    O    6 0.912
     9  O   1.950    H   11 0.843    H   10 0.837    H   21 0.146    N   19 0.069
    10  H   0.889    O    9 0.837
    11  H   0.897    O    9 0.843
    12  O   1.857    H   14 0.913    H   13 0.841
    13  H   0.897    O   12 0.841    O    4 0.053
    14  H   0.917    O   12 0.913
    15  O   1.855    H   17 0.913    H   16 0.829    H   18 0.055
    16  H   0.898    O   15 0.829    O    5 0.063
    17  H   0.916    O   15 0.913
    18  H   0.862    O    3 0.788    O   15 0.055
    19  N   3.516    H   23 0.943    H   22 0.830    H   20 0.810    H   21 0.761    O    9 0.069
    20  H   0.920    N   19 0.810    O    2 0.101
    21  H   0.912    N   19 0.761    O    9 0.146
    22  H   0.918    N   19 0.830    O    6 0.083
    23  H   0.947    N   19 0.943
 MOs/occ written to file <molden.input>
 
molecular dipole:
                 x           y           z       tot (Debye)
 q only:        0.448       0.327       1.404
   full:       -0.238      -0.011       0.768       2.045
molecular quadrupole (traceless):
                xx          xy          yy          xz          yz          zz
 q only:      -13.708      -3.411      -1.708       2.965       9.983      15.416
  q+dip:      -15.664      -4.490       0.408       1.776      12.095      15.255
   full:      -15.774      -4.453      -0.037       2.034      12.617      15.811

SCC energy    :     -45.6366660
rep           :       0.2576522
ES            :       0.2345403
AES           :      -0.0696853
AXC           :      -0.0087131
disp          :      -0.0175224
XB            :       0.0000000
fix           :       0.0000000
total E       :     -45.3788319
atomizationE  :       4.4618944     2799.88
(atE without considering molecular charge,
 total energy contains solvation terms)
H-L gap (eV)  :          9.4043
optimized geometry written to: xtbopt.xyz


------------------------------------------------------------------------
 * finished run on 2019/09/16 at 12:16:48.184     
------------------------------------------------------------------------
 total:
 * wall-time:     0 d,  0 h,  0 min,  1.533 sec
 *  cpu-time:     0 d,  0 h,  0 min,  1.515 sec
 * ratio c/w:     0.988 speedup
 SCF:
 * wall-time:     0 d,  0 h,  0 min,  0.128 sec
 *  cpu-time:     0 d,  0 h,  0 min,  0.124 sec
 * ratio c/w:     0.972 speedup
 ANC optimizer:
 * wall-time:     0 d,  0 h,  0 min,  1.382 sec
 *  cpu-time:     0 d,  0 h,  0 min,  1.369 sec
 * ratio c/w:     0.991 speedup

