      -----------------------------------------------------------      
     |                   =====================                   |     
     |                           x T B                           |     
     |                   =====================                   |     
     |                         S. Grimme                         |     
     |          Mulliken Center for Theoretical Chemistry        |     
     |                    University of Bonn                     |     
     |                 Version 6.0.1 (SAW181210)                 |     
      -----------------------------------------------------------      

   This program is distributed in the hope that it will be useful,
   but WITHOUT ANY WARRANTY; without even the implied warranty of
   MERCHANTABILITY or FITNESS FOR A PARTICULAR PURPOSE.
   
   FOR NON-COMMERCIAL, ACADEMIA USE ONLY.
   
   Cite this work as:
   S. Grimme, C. Bannwarth, P. Shushkov, J. Comput. Theory Chem., 2017,
   13, 1989-2009.
   C. Bannwarth, S. Ehlert and S. Grimme., ChemRxiv, 2018, preprint.
   http://doi.org/10.26434/chemrxiv.7246238.v1
   
   for sTDA-xTB:
   S. Grimme and C. Bannwarth, J. Chem. Phys., 2016, 145, 054103.
   
   in the mass-spec context:
   V. Asgeirsson, C. Bauer and S. Grimme, Chem. Sci., 2017, 8, 4879.
   
   if GBSA is used:
   P. Shushkov, F. März and S. Grimme, unpublished.
   
   for ANC optimizer:
   S. Grimme, unpublished.
   Rational Function algorithm used in ANCopt:
   F. Eckert, P. Pulay, H.-J. Werner, J. Comput. Chem., 1997, 18, 1473.
   
   with help from (in alphabetical order)
   C. Bannwarth, F. Bohle, G. Brandenburg, E. Caldeweyher, M. Checinski,
   S. Dohm, S. Ehlert, S. Ehrlich, F. März, H. Neugebauer, J. Pisarek,
   P. Pracht, P. Shushkov, and S. Spicher.
   
 * started run on 2019/09/16 at 12:03:32.431     
========================================================================
 # omp threads = 1
========================================================================
number of atoms            : 26
number of electrons        : 80
charge                     : 0
spin                       : .0
first test random number   : .2100

########################################################################
# WARNING! Please study the warnings concerning your input carefully
#  - XTBPATH is not set, using XTBHOME instead
#  - the use of '-opt' is discouraged, please use '--opt' next time
#  - the use of '-chrg' is discouraged, please use '--chrg' next time
#  - the use of '-uhf' is discouraged, please use '--uhf' next time
########################################################################

           ------------------------------------------------- 
          |                 G F N 2 - x T B                 |
          | Geometry, Frequencies, Noncovalent interactions |
          |            JCTC 2018 parametrisation            |
           ------------------------------------------------- 
      method parameters     
 k(s)        :  1.8500
 k(p)        :  2.2300
 k(d)        :  2.2300
 k(f)        :  2.0000
 kEN (H0ij)  : -2.0000
 D4 a1       :  0.5200
 D4 a2       :  5.0000
 D4 s6       :  1.0000
 D4 s8       :  2.7000
 D4 s9       :  5.0000
 alphaj      :  2.0000


            Z     q(EN)     CN     RAES       Cart. coordinates
     1  S   6.0    0.58    4.29    4.22     2.64112     0.90730     2.22137
     2  O   6.0   -0.34    1.17    1.80    -0.06384     0.56312     1.83910
     3  O   6.0   -0.30    1.11    1.80     4.20968    -0.93926     3.47335
     4  O   6.0   -0.23    2.04    1.83     3.85382     1.64803    -0.52200
     5  O   6.0   -0.23    2.05    1.83     3.19450     3.54700     3.63327
     6  H   1.0    0.16    1.17    1.46     2.07275     4.84230     2.96227
     7  H   1.0    0.16    1.19    1.46     2.86350     0.77921    -1.80682
     8  O   6.0   -0.30    2.03    1.83    -4.70922    -0.25586     0.04879
     9  H   1.0    0.17    1.04    1.43    -3.13383     0.09476     0.89131
    10  H   1.0    0.15    0.97    1.43    -5.99967     0.03857     1.29884
    11  O   6.0   -0.29    2.01    1.83    -2.13965     3.42459    -2.69221
    12  H   1.0    0.16    1.01    1.43    -3.45933     2.33122    -2.07771
    13  H   1.0    0.16    1.01    1.43    -0.97617     2.33065    -3.56642
    14  O   6.0   -0.31    2.07    1.83     1.03762    -0.49188    -4.14023
    15  H   1.0    0.15    0.97    1.43     1.48957    -0.96257    -5.83987
    16  H   1.0    0.16    1.05    1.44     0.01455    -1.86279    -3.51690
    17  O   6.0   -0.28    2.02    1.83    -0.04896     6.33479     0.92029
    18  H   1.0    0.15    0.97    1.43    -0.36443     8.08063     0.51148
    19  H   1.0    0.17    1.04    1.43    -0.86665     5.37708    -0.39454
    20  O   6.0   -0.30    2.04    1.83    -1.69702    -3.97712    -1.92378
    21  H   1.0    0.15    1.03    1.43    -0.93095    -4.73047    -0.45401
    22  H   1.0    0.16    1.02    1.43    -3.10550    -3.01225    -1.29148
    23  N   5.0   -0.22    2.99    1.92     1.19104    -5.75733     2.23763
    24  H   1.0    0.12    1.01    1.43     2.54617    -4.59480     2.96096
    25  H   1.0    0.10    0.99    1.43     2.13726    -7.24909     1.46927
    26  H   1.0    0.10    0.99    1.43     0.24364    -6.46582     3.75801

  Z AO/shell   Hii/eV     exponent
  1     Wed Apr 25 08:07:45 CEST 2018   EN: 2.200 GM2: 0.406  GM3: 0.0800  RAES: 1.40
     1s    -10.707211    1.230000
  7     Wed Apr 25 08:07:45 CEST 2018   EN: 3.040 GM2: 0.461  GM3:-0.0640  RAES: 1.90
     2s    -16.686243    2.339881
     2p    -12.523956    2.014332
  8     Wed Apr 25 08:07:45 CEST 2018   EN: 3.440 GM2: 0.452  GM3:-0.0517  RAES: 1.80
     2s    -20.229985    2.439742
     2p    -15.503117    2.137023
 16     Tue Apr 24 11:44:34 CEST 2018   EN: 2.580 GM2: 0.340  GM3:-0.0502  RAES: 3.10
     3s    -20.029654    1.981333
     3p    -11.377694    2.025643
     3d     -0.420282    1.702555
 no old-style atom pair restraining (fixing) potential

molecular fragmentation (1/2 indicates fragments):
11111112222222222222222222
# atoms in fragment 1/2:     7    19
 fragment masses (1/2) :       98.07      107.11
CMA distance (Bohr)    :   5.046
constraining FC (au)   :  0.0500
           ------------------------------------------------- 
          |        Self-Consistent Charge Iterations        |
           ------------------------------------------------- 

 Ncao       : 65
 Nao        : 64
 Nshell     : 38
 Nel        : 80
 T(el)      :   300.0
 intcut     :    25.0
 scfconv/Eh :  0.100E-05
   qconv/e  :  0.100E-03
 intneglect :  0.100E-07
 broydamp   :      0.250
 iter      E             dE          RMSdq      gap      omega  full diag
   1    -50.6398612 -0.506399E+02  0.703E+00    7.85       0.0  T
   2    -50.6887821 -0.489210E-01  0.492E+00    7.18       1.0  T
   3    -50.7258564 -0.370742E-01  0.118E+00    6.05       1.0  T
   4    -50.7297990 -0.394258E-02  0.612E-01    6.24       1.0  T
   5    -50.7310161 -0.121718E-02  0.275E-01    6.24       1.0  T
   6    -50.7313812 -0.365018E-03  0.159E-01    6.20       1.0  T
   7    -50.7315302 -0.149075E-03  0.543E-02    6.18       1.0  T
   8    -50.7315493 -0.190538E-04  0.244E-02    6.19       1.0  T
   9    -50.7315526 -0.332024E-05  0.112E-02    6.20       1.8  T
  10    -50.7315532 -0.620081E-06  0.248E-03    6.20       7.9  T
  11    -50.7315532 -0.204637E-07  0.124E-03    6.20      15.8  T
  12    -50.7315532 -0.707157E-08  0.345E-04    6.20      56.8  T
  13    -50.7315533 -0.578972E-09  0.175E-04    6.20     112.2  T
speedup  0.95
cpu  time for SCC    0.01 s
wall time for SCC    0.01 s

   *** convergence criteria satisfied after 13 iterations ***

          eigenvalues
 #    :          28         29         30         31         32         33         34         35
 occ. :        2.000      2.000      2.000      2.000      2.000      2.000      2.000      2.000
 eps  :       -13.440    -13.211    -12.947    -12.653    -12.638    -12.537    -12.406    -12.337
 #    :          36         37         38         39         40         41         42         43
 occ. :        2.000      2.000      2.000      2.000      2.000      0.000      0.000      0.000
 eps  :       -12.239    -11.897    -11.668    -11.593    -10.989     -4.788     -2.015     -0.894
 #    :          44         45         46         47         48         49         50         51
 occ. :        0.000      0.000      0.000      0.000      0.000      0.000      0.000      0.000
 eps  :         0.399      0.737      1.416      1.921      2.402      4.061      4.498      5.172


   #   Z            q   n(s)   n(p)   n(d)      C6AA      α(0)
   1  16 S      1.651  1.630  1.797  0.922    89.878    15.956
   2   8 O     -0.672  1.764  4.908  0.000    27.960     7.089
   3   8 O     -0.630  1.767  4.863  0.000    26.874     6.950
   4   8 O     -0.593  1.766  4.827  0.000    24.982     6.747
   5   8 O     -0.572  1.753  4.819  0.000    24.490     6.681
   6   1 H      0.387  0.613  0.000  0.000     0.506     1.116
   7   1 H      0.380  0.620  0.000  0.000     0.520     1.132
   8   8 O     -0.608  1.742  4.866  0.000    25.384     6.800
   9   1 H      0.343  0.657  0.000  0.000     0.606     1.223
  10   1 H      0.286  0.714  0.000  0.000     0.765     1.374
  11   8 O     -0.629  1.748  4.881  0.000    25.880     6.866
  12   1 H      0.314  0.686  0.000  0.000     0.681     1.296
  13   1 H      0.312  0.688  0.000  0.000     0.685     1.300
  14   8 O     -0.627  1.746  4.882  0.000    25.852     6.862
  15   1 H      0.294  0.706  0.000  0.000     0.740     1.351
  16   1 H      0.346  0.654  0.000  0.000     0.596     1.213
  17   8 O     -0.629  1.745  4.884  0.000    25.883     6.866
  18   1 H      0.286  0.714  0.000  0.000     0.764     1.372
  19   1 H      0.337  0.663  0.000  0.000     0.619     1.236
  20   8 O     -0.628  1.744  4.884  0.000    25.864     6.864
  21   1 H      0.310  0.690  0.000  0.000     0.692     1.307
  22   1 H      0.318  0.682  0.000  0.000     0.670     1.286
  23   7 N     -0.453  1.396  4.057  0.000    31.902     8.388
  24   1 H      0.174  0.826  0.000  0.000     1.246     1.749
  25   1 H      0.152  0.848  0.000  0.000     1.389     1.846
  26   1 H      0.149  0.851  0.000  0.000     1.406     1.857

 Mol. C6AA /au·bohr⁶  :       5439.279089
 Mol. C8AA /au·bohr⁸  :     117415.086565
 Mol. α(0) /au        :        106.729613

 
 Wiberg/Mayer (AO) data. WBOs > 0.1 written file <wbo>
 largest (>0.05) Wiberg bond orders for each atom
           total WBO             WBO to atom ...
     1  S   4.759    O    3 1.462    O    2 1.379    O    5 0.966    O    4 0.920
     2  O   1.760    S    1 1.379    O    3 0.139    O    4 0.098    O    5 0.094
     3  O   1.814    S    1 1.462    O    2 0.139    O    4 0.097    O    5 0.082
     4  O   1.976    S    1 0.920    H    7 0.773    O    2 0.098    O    3 0.097    O    5 0.056
     5  O   2.010    S    1 0.966    H    6 0.779    O    2 0.094    O    3 0.082    O    4 0.056
     6  H   0.850    O    5 0.779    O   17 0.052
     7  H   0.855    O    4 0.773    O   14 0.063
     8  O   1.866    H   10 0.910    H    9 0.839
     9  H   0.883    O    8 0.839
    10  H   0.918    O    8 0.910
    11  O   1.854    H   12 0.868    H   13 0.866    H   19 0.056
    12  H   0.902    O   11 0.868
    13  H   0.902    O   11 0.866
    14  O   1.878    H   15 0.905    H   16 0.803    H    7 0.063
    15  H   0.913    O   14 0.905
    16  H   0.880    O   14 0.803    O   20 0.074
    17  O   1.835    H   18 0.912    H   19 0.826    H    6 0.052
    18  H   0.918    O   17 0.912
    19  H   0.886    O   17 0.826    O   11 0.056
    20  O   1.872    H   22 0.864    H   21 0.856    H   16 0.074
    21  H   0.904    O   20 0.856
    22  H   0.899    O   20 0.864
    23  N   2.979    H   26 0.975    H   25 0.975    H   24 0.954
    24  H   0.970    N   23 0.954
    25  H   0.977    N   23 0.975
    26  H   0.978    N   23 0.975
 MOs/occ written to file <molden.input>
 
molecular dipole:
                 x           y           z       tot (Debye)
 q only:       -0.953      -0.276      -0.448
   full:       -1.015      -0.551      -0.206       2.982
molecular quadrupole (traceless):
                xx          xy          yy          xz          yz          zz
 q only:       -7.315      -3.479       7.079     -11.273      -0.985       0.236
  q+dip:       -9.202      -6.738       9.021     -13.461      -4.106       0.181
   full:       -9.508      -6.636       9.142     -13.860      -3.723       0.366

SCC energy    :     -50.7315533
rep           :       0.2982729
ES            :       0.2297261
AES           :      -0.0395672
AXC           :      -0.0041489
disp          :      -0.0181659
XB            :       0.0000000
fix           :       0.0000000
total E       :     -50.4329272
atomizationE  :       4.9632313     3114.47
(atE without considering molecular charge,
 total energy contains solvation terms)
H-L gap (eV)  :          6.2011
           ------------------------------------------------- 
          |                 ===============                 |
          |                   A N C O P T                   |
          |                 ===============                 |
          |          Approximate Normal Coordinate          |
          |           Rational Function Optimizer           |
           ------------------------------------------------- 
dumping coords to <xtbopt.coord> and <xtbopt.log>
 optlevel               2
 Maxcycle             520
 Maxmicro              25
 Econv         1.000000000000000E-007
 Gconv         2.000000000000000E-004
 Maxdispl       1.00000000000000     
 Hlow          5.000000000000000E-003
 S6             20.0000000000000     
 Nvar               72

generating ANC from model Hessian ...
 Shifting diagonal of input Hessian by   5.019265449147017E-003
 Lowest  eigenvalues of input Hessian
    0.005000   -0.000000   -0.000000   -0.000000    0.000000    0.000000
    0.000000    0.005038    0.005332    0.005629    0.005714    0.005827
    0.006101    0.006213    0.006348    0.006541    0.007231    0.008096
 Highest eigenvalues
    1.420640    1.422746    1.426188    1.952049    2.769422    3.593026
 
cpu  time for ANC gen    0.02 s
wall time for ANC gen    0.02 s
................................................................................
.............................. CYCLE    1 ......................................
................................................................................
   1    -50.7315533 -0.507316E+02  0.545E-05    6.20       0.0  T
   2    -50.7315533 -0.459011E-11  0.435E-05    6.20     450.4  T
   3    -50.7315533 -0.515854E-11  0.202E-05    6.20     972.3  T
speedup  1.11
cpu  time for SCC    0.00 s
wall time for SCC    0.00 s
speedup  0.99
cpu  time for grad    0.01 s
wall time for grad    0.01 s
 E :    -50.43292715  G :  0.091550    pred/act E change:  0.000D+00  0.315D-07
Maxdispl :   0.1937   ||displ|| :   0.3617   Lambda : -0.115D-01
Largest |displ|/coords:  0.1937 (  24)  0.1119 (  25)  0.1014 (  13)
................................................................................
.............................. CYCLE    2 ......................................
................................................................................
   1    -50.7339918 -0.507340E+02  0.465E-01    6.70       0.0  T
   2    -50.7340754 -0.836786E-04  0.349E-01    6.67       1.0  T
   3    -50.7341283 -0.528728E-04  0.524E-02    6.63       1.0  T
   4    -50.7341397 -0.114312E-04  0.278E-02    6.64       1.0  T
   5    -50.7341406 -0.889342E-06  0.542E-03    6.64       3.6  T
   6    -50.7341407 -0.353728E-07  0.320E-03    6.64       6.1  T
speedup  0.96
cpu  time for SCC    0.00 s
wall time for SCC    0.01 s
speedup  1.01
cpu  time for grad    0.01 s
wall time for grad    0.01 s
 E :    -50.44148569  G :  0.060291    pred/act E change:  0.000D+00 -0.856D-02
Maxdispl :   0.0997   ||displ|| :   0.2975   Lambda : -0.554D-02
Largest |displ|/coords:  0.0997 (   6)  0.0972 (  25)  0.0922 (  18)
................................................................................
.............................. CYCLE    3 ......................................
................................................................................
   1    -50.7428446 -0.507428E+02  0.263E-01    7.23       0.0  T
   2    -50.7428750 -0.303949E-04  0.192E-01    7.23       1.0  T
   3    -50.7428907 -0.156741E-04  0.306E-02    7.24       1.0  T
   4    -50.7428939 -0.326062E-05  0.146E-02    7.24       1.3  T
   5    -50.7428941 -0.181317E-06  0.245E-03    7.24       8.0  T
   6    -50.7428941 -0.565481E-08  0.167E-03    7.24      11.7  T
speedup  0.96
cpu  time for SCC    0.00 s
wall time for SCC    0.01 s
speedup  1.00
cpu  time for grad    0.01 s
wall time for grad    0.01 s
 E :    -50.44595024  G :  0.043601    pred/act E change: -0.649D-02 -0.446D-02
Maxdispl :   0.1848   ||displ|| :   0.4904   Lambda : -0.667D-02
Largest |displ|/coords:  0.1848 (  24)  0.1697 (   6)  0.1577 (  13)
................................................................................
.............................. CYCLE    4 ......................................
................................................................................
   1    -50.7501073 -0.507501E+02  0.470E-01    8.22       0.0  T
   2    -50.7502023 -0.950792E-04  0.345E-01    8.22       1.0  T
   3    -50.7502593 -0.569344E-04  0.601E-02    8.23       1.0  T
   4    -50.7502696 -0.103490E-04  0.298E-02    8.24       1.0  T
   5    -50.7502704 -0.749179E-06  0.447E-03    8.24       4.4  T
   6    -50.7502704 -0.250457E-07  0.305E-03    8.24       6.4  T
speedup  0.94
cpu  time for SCC    0.00 s
wall time for SCC    0.01 s
speedup  0.99
cpu  time for grad    0.01 s
wall time for grad    0.01 s
 E :    -50.44929089  G :  0.030592    pred/act E change: -0.302D-02 -0.334D-02
Maxdispl :   0.1690   ||displ|| :   0.4963   Lambda : -0.396D-02
Largest |displ|/coords:  0.1690 (   4)  0.1637 (  13)  0.1521 (  10)
................................................................................
.............................. CYCLE    5 ......................................
................................................................................
   1    -50.7511037 -0.507511E+02  0.618E-01    8.52       0.0  T
   2    -50.7512345 -0.130817E-03  0.465E-01    8.53       1.0  T
   3    -50.7513232 -0.887508E-04  0.786E-02    8.55       1.0  T
   4    -50.7513402 -0.169183E-04  0.259E-02    8.55       1.0  T
   5    -50.7513412 -0.102147E-05  0.611E-03    8.55       3.2  T
   6    -50.7513412 -0.111568E-07  0.328E-03    8.55       6.0  T
   7    -50.7513412 -0.175540E-07  0.744E-04    8.55      26.4  T
speedup  1.00
cpu  time for SCC    0.01 s
wall time for SCC    0.01 s
speedup  1.01
cpu  time for grad    0.01 s
wall time for grad    0.01 s
 E :    -50.44937839  G :  0.036842    pred/act E change: -0.414D-02 -0.875D-04
Maxdispl :   0.1237   ||displ|| :   0.2171   Lambda : -0.237D-02
Largest |displ|/coords:  0.1237 (   5)  0.0978 (  13)  0.0611 (   6)
................................................................................
.............................. CYCLE    6 ......................................
................................................................................
   1    -50.7471655 -0.507472E+02  0.236E-01    8.16       0.0  T
   2    -50.7471889 -0.233930E-04  0.178E-01    8.16       1.0  T
   3    -50.7471985 -0.962540E-05  0.340E-02    8.15       1.0  T
   4    -50.7472023 -0.373705E-05  0.111E-02    8.15       1.8  T
   5    -50.7472024 -0.188624E-06  0.200E-03    8.15       9.8  T
   6    -50.7472024 -0.377812E-08  0.117E-03    8.15      16.8  T
speedup  1.15
cpu  time for SCC    0.01 s
wall time for SCC    0.01 s
speedup  1.07
cpu  time for grad    0.01 s
wall time for grad    0.01 s
 E :    -50.45076278  G :  0.020861    pred/act E change: -0.247D-02 -0.138D-02
Maxdispl :   0.1141   ||displ|| :   0.2874   Lambda : -0.165D-02
Largest |displ|/coords:  0.1141 (  12)  0.1059 (  17)  0.0952 (  14)
................................................................................
.............................. CYCLE    7 ......................................
................................................................................
   1    -50.7460915 -0.507461E+02  0.292E-01    7.89       0.0  T
   2    -50.7461278 -0.362269E-04  0.217E-01    7.88       1.0  T
   3    -50.7461472 -0.193913E-04  0.415E-02    7.87       1.0  T
   4    -50.7461520 -0.484588E-05  0.124E-02    7.88       1.6  T
   5    -50.7461522 -0.214639E-06  0.329E-03    7.89       6.0  T
   6    -50.7461522 -0.106877E-07  0.179E-03    7.89      11.0  T
speedup  0.94
cpu  time for SCC    0.00 s
wall time for SCC    0.01 s
speedup  0.99
cpu  time for grad    0.01 s
wall time for grad    0.01 s
 E :    -50.45092956  G :  0.022645    pred/act E change: -0.124D-02 -0.167D-03
Maxdispl :   0.0969   ||displ|| :   0.2325   Lambda : -0.122D-02
Largest |displ|/coords:  0.0969 (   9)  0.0852 (  13)  0.0846 (  18)
................................................................................
.............................. CYCLE    8 ......................................
................................................................................
   1    -50.7400005 -0.507400E+02  0.220E-01    7.95       0.0  T
   2    -50.7400150 -0.144435E-04  0.163E-01    7.97       1.0  T
   3    -50.7400254 -0.104384E-04  0.206E-02    8.00       1.0  T
   4    -50.7400271 -0.166521E-05  0.733E-03    7.99       2.7  T
   5    -50.7400271 -0.465899E-07  0.262E-03    7.99       7.5  T
   6    -50.7400271 -0.103146E-07  0.120E-03    7.99      16.3  T
speedup  1.15
cpu  time for SCC    0.01 s
wall time for SCC    0.01 s
speedup  1.05
cpu  time for grad    0.01 s
wall time for grad    0.01 s
 E :    -50.45156291  G :  0.020493    pred/act E change: -0.894D-03 -0.633D-03
Maxdispl :   0.0793   ||displ|| :   0.2181   Lambda : -0.857D-03
Largest |displ|/coords:  0.0793 (   5)  0.0731 (   8)  0.0722 (  13)
................................................................................
.............................. CYCLE    9 ......................................
................................................................................
   1    -50.7442157 -0.507442E+02  0.238E-01    8.19       0.0  T
   2    -50.7442464 -0.307246E-04  0.178E-01    8.20       1.0  T
   3    -50.7442648 -0.184286E-04  0.346E-02    8.22       1.0  T
   4    -50.7442684 -0.356435E-05  0.122E-02    8.21       1.6  T
   5    -50.7442687 -0.267314E-06  0.294E-03    8.21       6.7  T
   6    -50.7442687 -0.519012E-08  0.171E-03    8.21      11.5  T
speedup  1.13
cpu  time for SCC    0.01 s
wall time for SCC    0.01 s
speedup  0.99
cpu  time for grad    0.01 s
wall time for grad    0.01 s
 E :    -50.45141364  G :  0.020744    pred/act E change: -0.642D-03  0.149D-03
Maxdispl :   0.0783   ||displ|| :   0.1546   Lambda : -0.758D-03
Largest |displ|/coords:  0.0783 (   5)  0.0649 (  13)  0.0524 (   3)
................................................................................
.............................. CYCLE   10 ......................................
................................................................................
   1    -50.7438633 -0.507439E+02  0.161E-01    8.13       0.0  T
   2    -50.7438727 -0.940275E-05  0.120E-01    8.13       1.0  T
   3    -50.7438782 -0.546107E-05  0.198E-02    8.11       1.0  T
   4    -50.7438795 -0.135031E-05  0.614E-03    8.12       3.2  T
   5    -50.7438796 -0.576836E-07  0.179E-03    8.12      11.0  T
   6    -50.7438796 -0.270791E-08  0.958E-04    8.12      20.5  T
speedup  0.98
cpu  time for SCC    0.00 s
wall time for SCC    0.01 s
speedup  0.99
cpu  time for grad    0.01 s
wall time for grad    0.01 s
 E :    -50.45185788  G :  0.008196    pred/act E change: -0.449D-03 -0.444D-03
Maxdispl :   0.2014   ||displ|| :   0.3368   Lambda : -0.876D-03
Largest |displ|/coords:  0.2014 (   5)  0.1376 (  10)  0.1052 (   9)
................................................................................
.............................. CYCLE   11 ......................................
................................................................................
   1    -50.7345935 -0.507346E+02  0.349E-01    7.87       0.0  T
   2    -50.7346475 -0.540512E-04  0.262E-01    7.87       1.0  T
   3    -50.7346798 -0.323182E-04  0.467E-02    7.88       1.0  T
   4    -50.7346874 -0.752322E-05  0.146E-02    7.88       1.3  T
   5    -50.7346878 -0.463586E-06  0.442E-03    7.88       4.4  T
   6    -50.7346879 -0.221992E-07  0.276E-03    7.88       7.1  T
   7    -50.7346879 -0.180070E-07  0.619E-04    7.88      31.7  T
speedup  1.00
cpu  time for SCC    0.01 s
wall time for SCC    0.01 s
speedup  0.93
cpu  time for grad    0.01 s
wall time for grad    0.01 s
 E :    -50.45083487  G :  0.043449    pred/act E change: -0.388D-03  0.102D-02
Maxdispl :   0.1404   ||displ|| :   0.2150   Lambda : -0.282D-02
Largest |displ|/coords:  0.1404 (   5)  0.1087 (  10)  0.0645 (  13)
................................................................................
.............................. CYCLE   12 ......................................
................................................................................
   1    -50.7416813 -0.507417E+02  0.253E-01    8.06       0.0  T
   2    -50.7417222 -0.408548E-04  0.190E-01    8.06       1.0  T
   3    -50.7417479 -0.256964E-04  0.385E-02    8.06       1.0  T
   4    -50.7417530 -0.512604E-05  0.118E-02    8.06       1.7  T
   5    -50.7417533 -0.317444E-06  0.403E-03    8.06       4.9  T
   6    -50.7417533 -0.109618E-07  0.226E-03    8.06       8.7  T
speedup  0.96
cpu  time for SCC    0.00 s
wall time for SCC    0.01 s
speedup  1.00
cpu  time for grad    0.01 s
wall time for grad    0.01 s
 E :    -50.45206523  G :  0.007697    pred/act E change: -0.487D-03 -0.123D-02
Maxdispl :   0.0547   ||displ|| :   0.1361   Lambda : -0.272D-03
Largest |displ|/coords:  0.0547 (  13)  0.0500 (   3)  0.0469 (   6)
................................................................................
.............................. CYCLE   13 ......................................
................................................................................
   1    -50.7431741 -0.507432E+02  0.125E-01    8.15       0.0  T
   2    -50.7431779 -0.387151E-05  0.943E-02    8.15       1.0  T
   3    -50.7431814 -0.342917E-05  0.102E-02    8.15       1.9  T
   4    -50.7431819 -0.482911E-06  0.328E-03    8.15       6.0  T
   5    -50.7431819 -0.121024E-07  0.126E-03    8.15      15.6  T
   6    -50.7431819 -0.157230E-08  0.620E-04    8.15      31.6  T
speedup  1.15
cpu  time for SCC    0.01 s
wall time for SCC    0.01 s
speedup  1.07
cpu  time for grad    0.01 s
wall time for grad    0.01 s
 E :    -50.45209397  G :  0.009049    pred/act E change: -0.148D-02 -0.287D-04
Maxdispl :   0.0383   ||displ|| :   0.1022   Lambda : -0.252D-03
Largest |displ|/coords:  0.0383 (  18)  0.0365 (   9)  0.0340 (  20)
................................................................................
.............................. CYCLE   14 ......................................
................................................................................
   1    -50.7414066 -0.507414E+02  0.103E-01    8.14       0.0  T
   2    -50.7414103 -0.371523E-05  0.775E-02    8.14       1.0  T
   3    -50.7414131 -0.278201E-05  0.111E-02    8.14       1.8  T
   4    -50.7414136 -0.512424E-06  0.353E-03    8.14       5.5  T
   5    -50.7414136 -0.224949E-07  0.130E-03    8.14      15.1  T
   6    -50.7414136 -0.235945E-08  0.726E-04    8.14      27.0  T
speedup  0.96
cpu  time for SCC    0.01 s
wall time for SCC    0.01 s
speedup  0.99
cpu  time for grad    0.01 s
wall time for grad    0.01 s
 E :    -50.45221605  G :  0.012223    pred/act E change: -0.139D-03 -0.122D-03
Maxdispl :   0.0631   ||displ|| :   0.1442   Lambda : -0.385D-03
Largest |displ|/coords:  0.0631 (   9)  0.0599 (   8)  0.0431 (  10)
................................................................................
.............................. CYCLE   15 ......................................
................................................................................
   1    -50.7418758 -0.507419E+02  0.146E-01    8.06       0.0  T
   2    -50.7418838 -0.806322E-05  0.109E-01    8.06       1.0  T
   3    -50.7418895 -0.564725E-05  0.168E-02    8.07       1.2  T
   4    -50.7418905 -0.102693E-05  0.626E-03    8.07       3.1  T
   5    -50.7418905 -0.474048E-07  0.179E-03    8.07      11.0  T
   6    -50.7418905 -0.391592E-08  0.949E-04    8.07      20.7  T
speedup  0.93
cpu  time for SCC    0.00 s
wall time for SCC    0.01 s
speedup  0.90
cpu  time for grad    0.01 s
wall time for grad    0.01 s
 E :    -50.45220645  G :  0.011084    pred/act E change: -0.127D-03  0.960D-05
Maxdispl :   0.0425   ||displ|| :   0.1046   Lambda : -0.352D-03
Largest |displ|/coords:  0.0425 (   5)  0.0335 (  18)  0.0300 (  15)
................................................................................
.............................. CYCLE   16 ......................................
................................................................................
   1    -50.7420554 -0.507421E+02  0.103E-01    8.12       0.0  T
   2    -50.7420579 -0.245930E-05  0.779E-02    8.12       1.0  T
   3    -50.7420599 -0.201948E-05  0.835E-03    8.11       2.3  T
   4    -50.7420603 -0.346647E-06  0.257E-03    8.12       7.6  T
   5    -50.7420603 -0.843907E-08  0.113E-03    8.12      17.3  T
speedup  1.16
cpu  time for SCC    0.01 s
wall time for SCC    0.00 s
speedup  1.07
cpu  time for grad    0.01 s
wall time for grad    0.01 s
 E :    -50.45241296  G :  0.007758    pred/act E change: -0.196D-03 -0.207D-03
Maxdispl :   0.0525   ||displ|| :   0.1142   Lambda : -0.172D-03
Largest |displ|/coords:  0.0525 (  13)  0.0447 (   6)  0.0393 (   3)
................................................................................
.............................. CYCLE   17 ......................................
................................................................................
   1    -50.7423704 -0.507424E+02  0.105E-01    8.17       0.0  T
   2    -50.7423728 -0.239938E-05  0.794E-02    8.17       1.0  T
   3    -50.7423751 -0.225352E-05  0.824E-03    8.17       2.4  T
   4    -50.7423754 -0.285640E-06  0.225E-03    8.17       8.7  T
   5    -50.7423754 -0.595826E-08  0.118E-03    8.17      16.6  T
speedup  1.16
cpu  time for SCC    0.00 s
wall time for SCC    0.00 s
speedup  0.98
cpu  time for grad    0.01 s
wall time for grad    0.01 s
 E :    -50.45246993  G :  0.009749    pred/act E change: -0.178D-03 -0.570D-04
Maxdispl :   0.0373   ||displ|| :   0.1082   Lambda : -0.160D-03
Largest |displ|/coords:  0.0373 (  19)  0.0364 (  11)  0.0317 (   5)
................................................................................
.............................. CYCLE   18 ......................................
................................................................................
   1    -50.7421974 -0.507422E+02  0.971E-02    8.17       0.0  T
   2    -50.7421985 -0.108745E-05  0.725E-02    8.17       1.0  T
   3    -50.7421996 -0.109206E-05  0.718E-03    8.17       2.7  T
   4    -50.7421997 -0.100309E-06  0.268E-03    8.17       7.3  T
   5    -50.7421997 -0.867052E-08  0.758E-04    8.17      25.9  T
speedup  1.14
cpu  time for SCC    0.01 s
wall time for SCC    0.00 s
speedup  0.97
cpu  time for grad    0.01 s
wall time for grad    0.01 s
 E :    -50.45258071  G :  0.008386    pred/act E change: -0.869D-04 -0.111D-03
Maxdispl :   0.0644   ||displ|| :   0.1374   Lambda : -0.198D-03
Largest |displ|/coords:  0.0644 (   5)  0.0468 (  19)  0.0418 (   2)
................................................................................
.............................. CYCLE   19 ......................................
................................................................................
   1    -50.7445757 -0.507446E+02  0.129E-01    8.17       0.0  T
   2    -50.7445784 -0.270907E-05  0.964E-02    8.16       1.0  T
   3    -50.7445808 -0.238917E-05  0.118E-02    8.16       1.7  T
   4    -50.7445811 -0.296886E-06  0.409E-03    8.16       4.8  T
   5    -50.7445811 -0.202074E-07  0.111E-03    8.17      17.6  T
   6    -50.7445811 -0.158527E-08  0.699E-04    8.17      28.1  T
speedup  0.96
cpu  time for SCC    0.00 s
wall time for SCC    0.01 s
speedup  0.98
cpu  time for grad    0.01 s
wall time for grad    0.01 s
 E :    -50.45268360  G :  0.005813    pred/act E change: -0.811D-04 -0.103D-03
Maxdispl :   0.0704   ||displ|| :   0.1909   Lambda : -0.155D-03
Largest |displ|/coords:  0.0704 (   2)  0.0670 (  13)  0.0665 (  16)
................................................................................
.............................. CYCLE   20 ......................................
................................................................................
   1    -50.7419211 -0.507419E+02  0.194E-01    8.15       0.0  T
   2    -50.7419289 -0.782241E-05  0.145E-01    8.16       1.0  T
   3    -50.7419356 -0.671934E-05  0.177E-02    8.17       1.1  T
   4    -50.7419365 -0.862596E-06  0.611E-03    8.17       3.2  T
   5    -50.7419365 -0.495554E-07  0.215E-03    8.17       9.1  T
   6    -50.7419365 -0.675454E-08  0.117E-03    8.17      16.8  T
speedup  0.98
cpu  time for SCC    0.00 s
wall time for SCC    0.01 s
speedup  0.99
cpu  time for grad    0.01 s
wall time for grad    0.01 s
 E :    -50.45273228  G :  0.009912    pred/act E change: -0.101D-03 -0.487D-04
Maxdispl :   0.0376   ||displ|| :   0.0839   Lambda : -0.177D-03
Largest |displ|/coords:  0.0376 (   5)  0.0299 (   1)  0.0289 (   9)
................................................................................
.............................. CYCLE   21 ......................................
................................................................................
   1    -50.7439912 -0.507440E+02  0.551E-02    8.16       0.0  T
   2    -50.7439936 -0.246669E-05  0.409E-02    8.16       1.0  T
   3    -50.7439951 -0.144848E-05  0.104E-02    8.15       1.9  T
   4    -50.7439954 -0.288640E-06  0.332E-03    8.16       5.9  T
   5    -50.7439954 -0.204249E-07  0.101E-03    8.16      19.4  T
   6    -50.7439954 -0.172751E-08  0.441E-04    8.16      44.5  T
speedup  1.13
cpu  time for SCC    0.01 s
wall time for SCC    0.01 s
speedup  1.05
cpu  time for grad    0.01 s
wall time for grad    0.01 s
 E :    -50.45277601  G :  0.005493    pred/act E change: -0.801D-04 -0.437D-04
Maxdispl :   0.0413   ||displ|| :   0.0705   Lambda : -0.102D-03
Largest |displ|/coords:  0.0413 (   5)  0.0256 (   2)  0.0234 (   1)
................................................................................
.............................. CYCLE   22 ......................................
................................................................................
   1    -50.7443293 -0.507443E+02  0.655E-02    8.16       0.0  T
   2    -50.7443307 -0.142369E-05  0.491E-02    8.16       1.0  T
   3    -50.7443318 -0.108512E-05  0.668E-03    8.15       2.9  T
   4    -50.7443320 -0.208131E-06  0.205E-03    8.16       9.6  T
   5    -50.7443320 -0.665055E-08  0.862E-04    8.16      22.7  T
speedup  1.06
cpu  time for SCC    0.00 s
wall time for SCC    0.00 s
speedup  1.02
cpu  time for grad    0.01 s
wall time for grad    0.01 s
 E :    -50.45281521  G :  0.006441    pred/act E change: -0.889D-04 -0.392D-04
Maxdispl :   0.0273   ||displ|| :   0.0638   Lambda : -0.755D-04
Largest |displ|/coords:  0.0273 (   3)  0.0244 (  16)  0.0228 (   6)
................................................................................
.............................. CYCLE   23 ......................................
................................................................................
   1    -50.7445708 -0.507446E+02  0.579E-02    8.16       0.0  T
   2    -50.7445722 -0.138917E-05  0.429E-02    8.16       1.0  T
   3    -50.7445730 -0.802141E-06  0.686E-03    8.17       2.9  T
   4    -50.7445732 -0.197340E-06  0.183E-03    8.17      10.7  T
   5    -50.7445732 -0.506812E-08  0.682E-04    8.17      28.7  T
speedup  1.11
cpu  time for SCC    0.00 s
wall time for SCC    0.00 s
speedup  1.03
cpu  time for grad    0.01 s
wall time for grad    0.01 s
 E :    -50.45282493  G :  0.005298    pred/act E change: -0.515D-04 -0.972D-05
Maxdispl :   0.0212   ||displ|| :   0.0453   Lambda : -0.537D-04
Largest |displ|/coords:  0.0212 (   2)  0.0146 (  13)  0.0144 (   1)
................................................................................
.............................. CYCLE   24 ......................................
................................................................................
   1    -50.7439648 -0.507440E+02  0.473E-02    8.16       0.0  T
   2    -50.7439656 -0.762208E-06  0.356E-02    8.16       1.0  T
   3    -50.7439661 -0.532044E-06  0.569E-03    8.16       3.4  T
   4    -50.7439662 -0.104967E-06  0.157E-03    8.16      12.5  T
   5    -50.7439662 -0.624573E-08  0.555E-04    8.16      35.4  T
speedup  0.89
cpu  time for SCC    0.00 s
wall time for SCC    0.00 s
speedup  1.03
cpu  time for grad    0.01 s
wall time for grad    0.01 s
 E :    -50.45285928  G :  0.003427    pred/act E change: -0.379D-04 -0.344D-04
Maxdispl :   0.0340   ||displ|| :   0.0568   Lambda : -0.297D-04
Largest |displ|/coords:  0.0340 (   2)  0.0248 (   1)  0.0157 (   9)
................................................................................
.............................. CYCLE   25 ......................................
................................................................................
   1    -50.7436890 -0.507437E+02  0.413E-02    8.15       0.0  T
   2    -50.7436894 -0.313884E-06  0.308E-02    8.15       1.0  T
   3    -50.7436896 -0.225665E-06  0.380E-03    8.15       5.2  T
   4    -50.7436896 -0.393217E-07  0.154E-03    8.15      12.7  T
   5    -50.7436896 -0.223892E-08  0.376E-04    8.15      52.1  T
   6    -50.7436896 -0.185580E-09  0.228E-04    8.15      86.1  T
speedup  0.94
cpu  time for SCC    0.01 s
wall time for SCC    0.01 s
speedup  1.01
cpu  time for grad    0.01 s
wall time for grad    0.01 s
 E :    -50.45288035  G :  0.002966    pred/act E change: -0.269D-04 -0.211D-04
Maxdispl :   0.0648   ||displ|| :   0.1094   Lambda : -0.449D-04
Largest |displ|/coords:  0.0648 (   2)  0.0473 (   1)  0.0271 (   6)

generating ANC from model Hessian ...
 Shifting diagonal of input Hessian by   4.965760236395811E-003
 Lowest  eigenvalues of input Hessian
   -0.000000   -0.000000   -0.000000    0.000000    0.000000    0.000000
    0.005000    0.005026    0.005542    0.005881    0.006029    0.006710
    0.007078    0.007185    0.007849    0.008256    0.009072    0.009938
 Highest eigenvalues
    1.388250    1.390464    1.416485    2.673980    3.292754    3.816883
 
cpu  time for ANC gen    0.02 s
wall time for ANC gen    0.02 s
................................................................................
.............................. CYCLE   26 ......................................
................................................................................
   1    -50.7435216 -0.507435E+02  0.816E-02    8.15       0.0  T
   2    -50.7435227 -0.106147E-05  0.606E-02    8.15       1.0  T
   3    -50.7435237 -0.100031E-05  0.771E-03    8.15       2.5  T
   4    -50.7435238 -0.820450E-07  0.249E-03    8.15       7.9  T
   5    -50.7435238 -0.822558E-08  0.724E-04    8.15      27.1  T
   6    -50.7435238 -0.654019E-09  0.458E-04    8.15      42.8  T
speedup  0.94
cpu  time for SCC    0.00 s
wall time for SCC    0.01 s
speedup  1.01
cpu  time for grad    0.01 s
wall time for grad    0.01 s
 E :    -50.45290982  G :  0.004492    pred/act E change:  0.000D+00 -0.295D-04
Maxdispl :   0.0480   ||displ|| :   0.0792   Lambda : -0.741D-04
Largest |displ|/coords:  0.0480 (   2)  0.0274 (  13)  0.0271 (  10)
................................................................................
.............................. CYCLE   27 ......................................
................................................................................
   1    -50.7433438 -0.507433E+02  0.722E-02    8.15       0.0  T
   2    -50.7433443 -0.492223E-06  0.543E-02    8.15       1.0  T
   3    -50.7433448 -0.473782E-06  0.438E-03    8.15       4.5  T
   4    -50.7433448 -0.531066E-07  0.131E-03    8.15      15.0  T
   5    -50.7433448 -0.202049E-08  0.620E-04    8.15      31.6  T
speedup  0.91
cpu  time for SCC    0.00 s
wall time for SCC    0.00 s
speedup  0.98
cpu  time for grad    0.01 s
wall time for grad    0.01 s
 E :    -50.45296470  G :  0.002003    pred/act E change:  0.000D+00 -0.549D-04
Maxdispl :   0.1228   ||displ|| :   0.1811   Lambda : -0.111D-03
Largest |displ|/coords:  0.1228 (   2)  0.0531 (  13)  0.0411 (   8)
................................................................................
.............................. CYCLE   28 ......................................
................................................................................
   1    -50.7421950 -0.507422E+02  0.169E-01    8.15       0.0  T
   2    -50.7421978 -0.277119E-05  0.128E-01    8.16       1.0  T
   3    -50.7422014 -0.361306E-05  0.856E-03    8.16       2.3  T
   4    -50.7422016 -0.123586E-06  0.306E-03    8.16       6.4  T
   5    -50.7422016 -0.932226E-08  0.141E-03    8.16      13.9  T
   6    -50.7422016 -0.396859E-08  0.454E-04    8.16      43.2  T
   7    -50.7422016 -0.471012E-09  0.155E-04    8.16     126.9  T
speedup  0.97
cpu  time for SCC    0.01 s
wall time for SCC    0.01 s
speedup  0.96
cpu  time for grad    0.01 s
wall time for grad    0.01 s
 E :    -50.45299856  G :  0.005532    pred/act E change: -0.373D-04 -0.339D-04
Maxdispl :   0.0325   ||displ|| :   0.0614   Lambda : -0.655D-04
Largest |displ|/coords:  0.0325 (   9)  0.0311 (   2)  0.0207 (   8)
................................................................................
.............................. CYCLE   29 ......................................
................................................................................
   1    -50.7425998 -0.507426E+02  0.507E-02    8.15       0.0  T
   2    -50.7426002 -0.336951E-06  0.384E-02    8.15       1.0  T
   3    -50.7426006 -0.384458E-06  0.316E-03    8.15       6.2  T
   4    -50.7426006 -0.254524E-07  0.116E-03    8.15      16.9  T
   5    -50.7426006 -0.134329E-08  0.403E-04    8.15      48.7  T
speedup  0.91
cpu  time for SCC    0.00 s
wall time for SCC    0.00 s
speedup  0.98
cpu  time for grad    0.01 s
wall time for grad    0.01 s
 E :    -50.45303109  G :  0.003874    pred/act E change: -0.576D-04 -0.325D-04
Maxdispl :   0.0278   ||displ|| :   0.0430   Lambda : -0.373D-04
Largest |displ|/coords:  0.0278 (   2)  0.0127 (   6)  0.0112 (  15)
................................................................................
.............................. CYCLE   30 ......................................
................................................................................
   1    -50.7434885 -0.507435E+02  0.253E-02    8.16       0.0  T
   2    -50.7434888 -0.298224E-06  0.189E-02    8.16       1.0  T
   3    -50.7434890 -0.219277E-06  0.320E-03    8.16       6.1  T
   4    -50.7434891 -0.392283E-07  0.840E-04    8.16      23.3  T
   5    -50.7434891 -0.125439E-08  0.332E-04    8.16      59.0  T
speedup  1.11
cpu  time for SCC    0.01 s
wall time for SCC    0.00 s
speedup  1.00
cpu  time for grad    0.01 s
wall time for grad    0.01 s
 E :    -50.45305029  G :  0.001258    pred/act E change: -0.329D-04 -0.192D-04
Maxdispl :   0.1159   ||displ|| :   0.1347   Lambda : -0.344D-04
Largest |displ|/coords:  0.1159 (   2)  0.0314 (   1)  0.0247 (  13)
................................................................................
.............................. CYCLE   31 ......................................
................................................................................
   1    -50.7431222 -0.507431E+02  0.937E-02    8.16       0.0  T
   2    -50.7431229 -0.693681E-06  0.707E-02    8.16       1.0  T
   3    -50.7431238 -0.905974E-06  0.430E-03    8.16       4.6  T
   4    -50.7431239 -0.343882E-07  0.170E-03    8.16      11.5  T
   5    -50.7431239 -0.314785E-08  0.689E-04    8.16      28.5  T
   6    -50.7431239 -0.108167E-08  0.302E-04    8.16      64.9  T
speedup  0.94
cpu  time for SCC    0.00 s
wall time for SCC    0.01 s
speedup  1.01
cpu  time for grad    0.01 s
wall time for grad    0.01 s
 E :    -50.45307734  G :  0.001630    pred/act E change: -0.187D-04 -0.270D-04
Maxdispl :   0.2141   ||displ|| :   0.2502   Lambda : -0.472D-04
Largest |displ|/coords:  0.2141 (   2)  0.0618 (   1)  0.0453 (   5)
................................................................................
.............................. CYCLE   32 ......................................
................................................................................
   1    -50.7420231 -0.507420E+02  0.152E-01    8.15       0.0  T
   2    -50.7420252 -0.205771E-05  0.115E-01    8.15       1.0  T
   3    -50.7420279 -0.274555E-05  0.756E-03    8.16       2.6  T
   4    -50.7420280 -0.923069E-07  0.287E-03    8.16       6.8  T
   5    -50.7420280 -0.980815E-08  0.116E-03    8.16      16.9  T
   6    -50.7420280 -0.310170E-08  0.592E-04    8.16      33.1  T
   7    -50.7420280 -0.720682E-09  0.146E-04    8.16     134.3  T
speedup  1.13
cpu  time for SCC    0.01 s
wall time for SCC    0.01 s
speedup  1.02
cpu  time for grad    0.01 s
wall time for grad    0.01 s
 E :    -50.45309801  G :  0.004595    pred/act E change: -0.175D-04 -0.207D-04
Maxdispl :   0.0202   ||displ|| :   0.0392   Lambda : -0.293D-04
Largest |displ|/coords:  0.0202 (   5)  0.0198 (   2)  0.0100 (  22)
................................................................................
.............................. CYCLE   33 ......................................
................................................................................
   1    -50.7427416 -0.507427E+02  0.258E-02    8.16       0.0  T
   2    -50.7427420 -0.327963E-06  0.192E-02    8.16       1.0  T
   3    -50.7427422 -0.206131E-06  0.330E-03    8.16       5.9  T
   4    -50.7427422 -0.436953E-07  0.811E-04    8.16      24.2  T
   5    -50.7427422 -0.867480E-09  0.333E-04    8.16      59.0  T
speedup  0.89
cpu  time for SCC    0.00 s
wall time for SCC    0.00 s
speedup  0.97
cpu  time for grad    0.01 s
wall time for grad    0.01 s
 E :    -50.45311370  G :  0.001700    pred/act E change: -0.251D-04 -0.157D-04
Maxdispl :   0.0970   ||displ|| :   0.1142   Lambda : -0.217D-04
Largest |displ|/coords:  0.0970 (   2)  0.0317 (   6)  0.0224 (   1)
................................................................................
.............................. CYCLE   34 ......................................
................................................................................
   1    -50.7427288 -0.507427E+02  0.595E-02    8.16       0.0  T
   2    -50.7427291 -0.258425E-06  0.446E-02    8.16       1.0  T
   3    -50.7427294 -0.318984E-06  0.336E-03    8.16       5.8  T
   4    -50.7427294 -0.135991E-07  0.101E-03    8.16      19.5  T
   5    -50.7427294 -0.149447E-08  0.447E-04    8.16      43.9  T
   6    -50.7427294 -0.294179E-09  0.255E-04    8.16      77.0  T
speedup  0.93
cpu  time for SCC    0.00 s
wall time for SCC    0.01 s
speedup  1.01
cpu  time for grad    0.01 s
wall time for grad    0.01 s
 E :    -50.45312832  G :  0.001522    pred/act E change: -0.147D-04 -0.146D-04
Maxdispl :   0.1538   ||displ|| :   0.1771   Lambda : -0.214D-04
Largest |displ|/coords:  0.1538 (   2)  0.0403 (   1)  0.0357 (   5)
................................................................................
.............................. CYCLE   35 ......................................
................................................................................
   1    -50.7425482 -0.507425E+02  0.934E-02    8.16       0.0  T
   2    -50.7425489 -0.652241E-06  0.701E-02    8.16       1.0  T
   3    -50.7425497 -0.832746E-06  0.529E-03    8.16       3.7  T
   4    -50.7425497 -0.336406E-07  0.214E-03    8.16       9.2  T
   5    -50.7425497 -0.523971E-08  0.710E-04    8.16      27.6  T
   6    -50.7425497 -0.602618E-09  0.442E-04    8.16      44.3  T
speedup  1.11
cpu  time for SCC    0.01 s
wall time for SCC    0.01 s
speedup  1.01
cpu  time for grad    0.01 s
wall time for grad    0.01 s
 E :    -50.45314088  G :  0.002346    pred/act E change: -0.110D-04 -0.126D-04
Maxdispl :   0.0402   ||displ|| :   0.0515   Lambda : -0.128D-04
Largest |displ|/coords:  0.0402 (   2)  0.0130 (  10)  0.0110 (   5)
................................................................................
.............................. CYCLE   36 ......................................
................................................................................
   1    -50.7432213 -0.507432E+02  0.290E-02    8.16       0.0  T
   2    -50.7432214 -0.118002E-06  0.217E-02    8.16       1.0  T
   3    -50.7432216 -0.119294E-06  0.270E-03    8.16       7.3  T
   4    -50.7432216 -0.112814E-07  0.769E-04    8.16      25.5  T
   5    -50.7432216 -0.755087E-09  0.261E-04    8.16      75.2  T
speedup  0.91
cpu  time for SCC    0.00 s
wall time for SCC    0.00 s
speedup  1.02
cpu  time for grad    0.01 s
wall time for grad    0.01 s
 E :    -50.45314916  G :  0.001405    pred/act E change: -0.110D-04 -0.829D-05
Maxdispl :   0.0673   ||displ|| :   0.0798   Lambda : -0.879D-05
Largest |displ|/coords:  0.0673 (   2)  0.0194 (   5)  0.0157 (   4)
................................................................................
.............................. CYCLE   37 ......................................
................................................................................
   1    -50.7432330 -0.507432E+02  0.431E-02    8.16       0.0  T
   2    -50.7432332 -0.167384E-06  0.323E-02    8.16       1.0  T
   3    -50.7432334 -0.158911E-06  0.290E-03    8.16       6.8  T
   4    -50.7432334 -0.182236E-07  0.112E-03    8.16      17.5  T
   5    -50.7432334 -0.108163E-08  0.319E-04    8.16      61.4  T
   6    -50.7432334 -0.108628E-09  0.192E-04    8.16     102.1  T
speedup  1.15
cpu  time for SCC    0.01 s
wall time for SCC    0.01 s
speedup  1.03
cpu  time for grad    0.01 s
wall time for grad    0.01 s
 E :    -50.45315517  G :  0.001061    pred/act E change: -0.641D-05 -0.601D-05
Maxdispl :   0.0452   ||displ|| :   0.0573   Lambda : -0.703D-05
Largest |displ|/coords:  0.0452 (   2)  0.0138 (  10)  0.0136 (   3)
................................................................................
.............................. CYCLE   38 ......................................
................................................................................
   1    -50.7435074 -0.507435E+02  0.339E-02    8.16       0.0  T
   2    -50.7435076 -0.146486E-06  0.255E-02    8.16       1.0  T
   3    -50.7435077 -0.114876E-06  0.256E-03    8.16       7.7  T
   4    -50.7435077 -0.222597E-07  0.907E-04    8.16      21.6  T
   5    -50.7435077 -0.848104E-09  0.280E-04    8.16      70.0  T
speedup  0.91
cpu  time for SCC    0.00 s
wall time for SCC    0.00 s
speedup  1.02
cpu  time for grad    0.01 s
wall time for grad    0.01 s
 E :    -50.45316010  G :  0.001021    pred/act E change: -0.442D-05 -0.493D-05
Maxdispl :   0.0562   ||displ|| :   0.0681   Lambda : -0.588D-05
Largest |displ|/coords:  0.0562 (   2)  0.0159 (   3)  0.0131 (   5)
................................................................................
.............................. CYCLE   39 ......................................
................................................................................
   1    -50.7433622 -0.507434E+02  0.391E-02    8.16       0.0  T
   2    -50.7433623 -0.145655E-06  0.294E-02    8.16       1.0  T
   3    -50.7433625 -0.140554E-06  0.254E-03    8.16       7.7  T
   4    -50.7433625 -0.162243E-07  0.948E-04    8.16      20.7  T
   5    -50.7433625 -0.806239E-09  0.275E-04    8.16      71.2  T
speedup  1.11
cpu  time for SCC    0.00 s
wall time for SCC    0.00 s
speedup  1.01
cpu  time for grad    0.01 s
wall time for grad    0.01 s
 E :    -50.45316381  G :  0.001422    pred/act E change: -0.353D-05 -0.371D-05
Maxdispl :   0.0170   ||displ|| :   0.0346   Lambda : -0.526D-05
Largest |displ|/coords:  0.0170 (   6)  0.0109 (  17)  0.0098 (  16)
................................................................................
.............................. CYCLE   40 ......................................
................................................................................
   1    -50.7436933 -0.507437E+02  0.253E-02    8.16       0.0  T
   2    -50.7436934 -0.135522E-06  0.187E-02    8.16       1.0  T
   3    -50.7436936 -0.127637E-06  0.297E-03    8.16       6.6  T
   4    -50.7436936 -0.134468E-07  0.793E-04    8.16      24.7  T
   5    -50.7436936 -0.110541E-08  0.268E-04    8.16      73.1  T
speedup  0.91
cpu  time for SCC    0.00 s
wall time for SCC    0.00 s
speedup  1.01
cpu  time for grad    0.01 s
wall time for grad    0.01 s
 E :    -50.45316598  G :  0.001091    pred/act E change: -0.295D-05 -0.217D-05
Maxdispl :   0.0379   ||displ|| :   0.0423   Lambda : -0.364D-05
Largest |displ|/coords:  0.0379 (   2)  0.0079 (  16)  0.0062 (  12)
................................................................................
.............................. CYCLE   41 ......................................
................................................................................
   1    -50.7434608 -0.507435E+02  0.250E-02    8.16       0.0  T
   2    -50.7434608 -0.567388E-07  0.188E-02    8.16       1.0  T
   3    -50.7434609 -0.673064E-07  0.147E-03    8.16      13.4  T
   4    -50.7434609 -0.395702E-08  0.535E-04    8.16      36.6  T
   5    -50.7434609 -0.377732E-09  0.197E-04    8.16      99.6  T
speedup  0.91
cpu  time for SCC    0.00 s
wall time for SCC    0.00 s
speedup  0.93
cpu  time for grad    0.01 s
wall time for grad    0.01 s
 E :    -50.45316830  G :  0.000992    pred/act E change: -0.263D-05 -0.232D-05
Maxdispl :   0.0152   ||displ|| :   0.0221   Lambda : -0.291D-05
Largest |displ|/coords:  0.0152 (   2)  0.0075 (  12)  0.0051 (  16)
................................................................................
.............................. CYCLE   42 ......................................
................................................................................
   1    -50.7432886 -0.507433E+02  0.135E-02    8.16       0.0  T
   2    -50.7432886 -0.401972E-07  0.100E-02    8.16       2.0  T
   3    -50.7432887 -0.322087E-07  0.161E-03    8.16      12.2  T
   4    -50.7432887 -0.487055E-08  0.482E-04    8.16      40.7  T
   5    -50.7432887 -0.298627E-09  0.131E-04    8.16     149.9  T
speedup  1.14
cpu  time for SCC    0.00 s
wall time for SCC    0.00 s
speedup  1.01
cpu  time for grad    0.01 s
wall time for grad    0.01 s
 E :    -50.45317023  G :  0.000841    pred/act E change: -0.182D-05 -0.194D-05
Maxdispl :   0.0271   ||displ|| :   0.0332   Lambda : -0.230D-05
Largest |displ|/coords:  0.0271 (   2)  0.0092 (  12)  0.0081 (  16)
................................................................................
.............................. CYCLE   43 ......................................
................................................................................
   1    -50.7432224 -0.507432E+02  0.201E-02    8.16       0.0  T
   2    -50.7432224 -0.351474E-07  0.150E-02    8.16       1.3  T
   3    -50.7432224 -0.381891E-07  0.155E-03    8.16      12.7  T
   4    -50.7432224 -0.269634E-08  0.478E-04    8.16      41.1  T
   5    -50.7432224 -0.352863E-09  0.152E-04    8.16     128.8  T
speedup  0.93
cpu  time for SCC    0.00 s
wall time for SCC    0.00 s
speedup  1.02
cpu  time for grad    0.01 s
wall time for grad    0.01 s
 E :    -50.45317179  G :  0.000809    pred/act E change: -0.146D-05 -0.155D-05
Maxdispl :   0.0233   ||displ|| :   0.0284   Lambda : -0.154D-05
Largest |displ|/coords:  0.0233 (   2)  0.0080 (  12)  0.0061 (  16)
................................................................................
.............................. CYCLE   44 ......................................
................................................................................
   1    -50.7432338 -0.507432E+02  0.168E-02    8.16       0.0  T
   2    -50.7432339 -0.254079E-07  0.126E-02    8.16       1.6  T
   3    -50.7432339 -0.269005E-07  0.120E-03    8.16      16.4  T
   4    -50.7432339 -0.206696E-08  0.417E-04    8.16      47.1  T
   5    -50.7432339 -0.228162E-09  0.117E-04    8.16     167.2  T
speedup  1.14
cpu  time for SCC    0.00 s
wall time for SCC    0.00 s
speedup  1.02
cpu  time for grad    0.01 s
wall time for grad    0.01 s
 E :    -50.45317286  G :  0.000595    pred/act E change: -0.115D-05 -0.107D-05
Maxdispl :   0.0304   ||displ|| :   0.0346   Lambda : -0.107D-05
Largest |displ|/coords:  0.0304 (   2)  0.0077 (  12)  0.0054 (  16)
................................................................................
.............................. CYCLE   45 ......................................
................................................................................
   1    -50.7432304 -0.507432E+02  0.207E-02    8.16       0.0  T
   2    -50.7432304 -0.369192E-07  0.156E-02    8.16       1.3  T
   3    -50.7432305 -0.363321E-07  0.114E-03    8.16      17.2  T
   4    -50.7432305 -0.400568E-08  0.554E-04    8.16      35.4  T
   5    -50.7432305 -0.227288E-09  0.137E-04    8.16     143.1  T
speedup  0.91
cpu  time for SCC    0.00 s
wall time for SCC    0.00 s
speedup  1.02
cpu  time for grad    0.01 s
wall time for grad    0.01 s
 E :    -50.45317359  G :  0.000530    pred/act E change: -0.768D-06 -0.732D-06
Maxdispl :   0.0135   ||displ|| :   0.0171   Lambda : -0.723D-06
Largest |displ|/coords:  0.0135 (   2)  0.0051 (  12)  0.0035 (   5)
................................................................................
.............................. CYCLE   46 ......................................
................................................................................
   1    -50.7433012 -0.507433E+02  0.113E-02    8.16       0.0  T
   2    -50.7433012 -0.146457E-07  0.848E-03    8.16       2.3  T
   3    -50.7433012 -0.131179E-07  0.777E-04    8.16      25.3  T
   4    -50.7433012 -0.165606E-08  0.376E-04    8.16      52.2  T
speedup  1.08
cpu  time for SCC    0.00 s
wall time for SCC    0.00 s
speedup  0.99
cpu  time for grad    0.01 s
wall time for grad    0.01 s
 E :    -50.45317411  G :  0.000360    pred/act E change: -0.534D-06 -0.523D-06
Maxdispl :   0.0161   ||displ|| :   0.0199   Lambda : -0.635D-06
Largest |displ|/coords:  0.0161 (   2)  0.0053 (  12)  0.0045 (   5)
................................................................................
.............................. CYCLE   47 ......................................
................................................................................
   1    -50.7433076 -0.507433E+02  0.142E-02    8.16       0.0  T
   2    -50.7433076 -0.196297E-07  0.106E-02    8.16       1.8  T
   3    -50.7433076 -0.211217E-07  0.864E-04    8.16      22.7  T
   4    -50.7433076 -0.152955E-08  0.406E-04    8.16      48.3  T
speedup  1.11
cpu  time for SCC    0.00 s
wall time for SCC    0.00 s
speedup  0.98
cpu  time for grad    0.01 s
wall time for grad    0.01 s
 E :    -50.45317460  G :  0.000298    pred/act E change: -0.362D-06 -0.489D-06
Maxdispl :   0.0106   ||displ|| :   0.0172   Lambda : -0.781D-06
Largest |displ|/coords:  0.0106 (   5)  0.0050 (  12)  0.0048 (  13)
................................................................................
.............................. CYCLE   48 ......................................
................................................................................
   1    -50.7433688 -0.507434E+02  0.132E-02    8.16       0.0  T
   2    -50.7433688 -0.211209E-07  0.989E-03    8.16       2.0  T
   3    -50.7433688 -0.254386E-07  0.105E-03    8.16      18.7  T
   4    -50.7433688 -0.105575E-08  0.306E-04    8.16      64.0  T
   5    -50.7433688 -0.124970E-09  0.971E-05    8.16     202.0  T
speedup  1.14
cpu  time for SCC    0.00 s
wall time for SCC    0.00 s
speedup  1.01
cpu  time for grad    0.01 s
wall time for grad    0.01 s
 E :    -50.45317517  G :  0.000391    pred/act E change: -0.318D-06 -0.564D-06
Maxdispl :   0.0135   ||displ|| :   0.0249   Lambda : -0.797D-06
Largest |displ|/coords:  0.0135 (   2)  0.0117 (   5)  0.0068 (  12)
................................................................................
.............................. CYCLE   49 ......................................
................................................................................
   1    -50.7433242 -0.507433E+02  0.193E-02    8.16       0.0  T
   2    -50.7433242 -0.403197E-07  0.145E-02    8.16       1.3  T
   3    -50.7433243 -0.505015E-07  0.121E-03    8.16      16.2  T
   4    -50.7433243 -0.181274E-08  0.289E-04    8.16      67.9  T
   5    -50.7433243 -0.141824E-09  0.140E-04    8.16     140.0  T
speedup  0.93
cpu  time for SCC    0.00 s
wall time for SCC    0.00 s
speedup  1.02
cpu  time for grad    0.01 s
wall time for grad    0.01 s
 E :    -50.45317571  G :  0.000515    pred/act E change: -0.391D-06 -0.542D-06
Maxdispl :   0.0145   ||displ|| :   0.0216   Lambda : -0.835D-06
Largest |displ|/coords:  0.0145 (   5)  0.0069 (  10)  0.0054 (   2)
................................................................................
.............................. CYCLE   50 ......................................
................................................................................
   1    -50.7433456 -0.507433E+02  0.135E-02    8.15       0.0  T
   2    -50.7433456 -0.289032E-07  0.102E-02    8.15       1.9  T
   3    -50.7433456 -0.324576E-07  0.114E-03    8.15      17.2  T
   4    -50.7433456 -0.217468E-08  0.277E-04    8.15      70.8  T
   5    -50.7433456 -0.105643E-09  0.897E-05    8.15     218.6  T
speedup  1.14
cpu  time for SCC    0.00 s
wall time for SCC    0.00 s
speedup  1.01
cpu  time for grad    0.01 s
wall time for grad    0.01 s
 E :    -50.45317633  G :  0.000561    pred/act E change: -0.399D-06 -0.622D-06
Maxdispl :   0.0174   ||displ|| :   0.0278   Lambda : -0.104D-05
Largest |displ|/coords:  0.0174 (   5)  0.0122 (  10)  0.0087 (   7)
................................................................................
.............................. CYCLE   51 ......................................
................................................................................
   1    -50.7433137 -0.507433E+02  0.204E-02    8.15       0.0  T
   2    -50.7433138 -0.567535E-07  0.154E-02    8.15       1.3  T
   3    -50.7433139 -0.676583E-07  0.141E-03    8.15      13.9  T
   4    -50.7433139 -0.335211E-08  0.390E-04    8.15      50.3  T
   5    -50.7433139 -0.168477E-09  0.131E-04    8.15     149.7  T
speedup  0.91
cpu  time for SCC    0.00 s
wall time for SCC    0.00 s
speedup  1.01
cpu  time for grad    0.01 s
wall time for grad    0.01 s
 E :    -50.45317706  G :  0.000517    pred/act E change: -0.417D-06 -0.732D-06
Maxdispl :   0.0133   ||displ|| :   0.0215   Lambda : -0.789D-06
Largest |displ|/coords:  0.0133 (   5)  0.0103 (  10)  0.0076 (   7)
................................................................................
.............................. CYCLE   52 ......................................
................................................................................
   1    -50.7433278 -0.507433E+02  0.148E-02    8.15       0.0  T
   2    -50.7433278 -0.324280E-07  0.112E-02    8.15       1.8  T
   3    -50.7433279 -0.386662E-07  0.107E-03    8.15      18.4  T
   4    -50.7433279 -0.196997E-08  0.342E-04    8.15      57.4  T
   5    -50.7433279 -0.116501E-09  0.877E-05    8.15     223.7  T
speedup  0.91
cpu  time for SCC    0.00 s
wall time for SCC    0.00 s
speedup  1.01
cpu  time for grad    0.01 s
wall time for grad    0.01 s
 E :    -50.45317765  G :  0.000445    pred/act E change: -0.519D-06 -0.584D-06
Maxdispl :   0.0175   ||displ|| :   0.0302   Lambda : -0.848D-06
Largest |displ|/coords:  0.0175 (   5)  0.0145 (  10)  0.0096 (   7)

generating ANC from model Hessian ...
 Shifting diagonal of input Hessian by   4.935128296802758E-003
 Lowest  eigenvalues of input Hessian
   -0.000000   -0.000000   -0.000000    0.000000    0.000000    0.000000
    0.005000    0.005101    0.005557    0.005814    0.006215    0.006446
    0.007133    0.007536    0.007779    0.008388    0.008939    0.010247
 Highest eigenvalues
    1.387360    1.391075    1.418759    2.671563    3.300742    3.812149
 
cpu  time for ANC gen    0.02 s
wall time for ANC gen    0.02 s
................................................................................
.............................. CYCLE   53 ......................................
................................................................................
   1    -50.7433277 -0.507433E+02  0.227E-02    8.15       0.0  T
   2    -50.7433278 -0.646990E-07  0.171E-02    8.15       1.1  T
   3    -50.7433279 -0.840283E-07  0.155E-03    8.15      12.7  T
   4    -50.7433279 -0.246119E-08  0.378E-04    8.15      51.8  T
   5    -50.7433279 -0.174595E-09  0.162E-04    8.15     121.1  T
speedup  0.91
cpu  time for SCC    0.00 s
wall time for SCC    0.00 s
speedup  1.00
cpu  time for grad    0.01 s
wall time for grad    0.01 s
 E :    -50.45317826  G :  0.000413    pred/act E change:  0.000D+00 -0.617D-06
Maxdispl :   0.0030   ||displ|| :   0.0057   Lambda : -0.599D-06
Largest |displ|/coords:  0.0030 (   2)  0.0025 (  10)  0.0021 (  13)
................................................................................
.............................. CYCLE   54 ......................................
................................................................................
   1    -50.7433424 -0.507433E+02  0.528E-03    8.15       0.0  T
   2    -50.7433424 -0.345719E-08  0.397E-03    8.15       4.9  T
   3    -50.7433424 -0.254533E-08  0.393E-04    8.15      49.9  T
   4    -50.7433424 -0.520799E-09  0.137E-04    8.15     143.2  T
speedup  0.83
cpu  time for SCC    0.00 s
wall time for SCC    0.00 s
speedup  0.99
cpu  time for grad    0.01 s
wall time for grad    0.01 s
 E :    -50.45317877  G :  0.000274    pred/act E change:  0.000D+00 -0.508D-06
Maxdispl :   0.0100   ||displ|| :   0.0172   Lambda : -0.124D-05
Largest |displ|/coords:  0.0100 (   2)  0.0068 (  10)  0.0059 (  13)
................................................................................
.............................. CYCLE   55 ......................................
................................................................................
   1    -50.7433638 -0.507434E+02  0.151E-02    8.15       0.0  T
   2    -50.7433638 -0.276049E-07  0.114E-02    8.15       1.7  T
   3    -50.7433638 -0.220804E-07  0.111E-03    8.15      17.6  T
   4    -50.7433638 -0.390892E-08  0.420E-04    8.15      46.7  T
   5    -50.7433638 -0.174026E-09  0.100E-04    8.15     195.4  T
speedup  1.16
cpu  time for SCC    0.00 s
wall time for SCC    0.00 s
speedup  1.02
cpu  time for grad    0.01 s
wall time for grad    0.01 s
 E :    -50.45317947  G :  0.000308    pred/act E change: -0.299D-06 -0.696D-06
Maxdispl :   0.0059   ||displ|| :   0.0095   Lambda : -0.368D-06
Largest |displ|/coords:  0.0059 (   2)  0.0039 (   4)  0.0033 (  13)
................................................................................
.............................. CYCLE   56 ......................................
................................................................................
   1    -50.7433621 -0.507434E+02  0.736E-03    8.15       0.0  T
   2    -50.7433621 -0.852825E-08  0.554E-03    8.15       3.5  T
   3    -50.7433621 -0.818383E-08  0.625E-04    8.15      31.4  T
   4    -50.7433621 -0.968157E-09  0.233E-04    8.15      84.1  T
speedup  0.83
cpu  time for SCC    0.00 s
wall time for SCC    0.00 s
speedup  1.00
cpu  time for grad    0.01 s
wall time for grad    0.01 s
 E :    -50.45317965  G :  0.000262    pred/act E change: -0.623D-06 -0.181D-06
Maxdispl :   0.0073   ||displ|| :   0.0109   Lambda : -0.417D-06
Largest |displ|/coords:  0.0073 (   2)  0.0031 (   4)  0.0029 (  13)
................................................................................
.............................. CYCLE   57 ......................................
................................................................................
   1    -50.7433507 -0.507434E+02  0.739E-03    8.15       0.0  T
   2    -50.7433507 -0.607762E-08  0.551E-03    8.15       3.6  T
   3    -50.7433507 -0.604621E-08  0.603E-04    8.15      32.5  T
   4    -50.7433507 -0.587761E-09  0.207E-04    8.15      94.7  T
speedup  0.86
cpu  time for SCC    0.00 s
wall time for SCC    0.00 s
speedup  1.00
cpu  time for grad    0.01 s
wall time for grad    0.01 s
 E :    -50.45317989  G :  0.000185    pred/act E change: -0.184D-06 -0.240D-06
Maxdispl :   0.0091   ||displ|| :   0.0136   Lambda : -0.483D-06
Largest |displ|/coords:  0.0091 (   2)  0.0044 (   3)  0.0037 (   1)
................................................................................
.............................. CYCLE   58 ......................................
................................................................................
   1    -50.7433251 -0.507433E+02  0.841E-03    8.15       0.0  T
   2    -50.7433251 -0.100690E-07  0.624E-03    8.15       3.1  T
   3    -50.7433251 -0.106532E-07  0.825E-04    8.15      23.8  T
   4    -50.7433251 -0.783793E-09  0.244E-04    8.15      80.2  T
speedup  1.14
cpu  time for SCC    0.00 s
wall time for SCC    0.00 s
speedup  1.00
cpu  time for grad    0.01 s
wall time for grad    0.01 s
 E :    -50.45318019  G :  0.000241    pred/act E change: -0.209D-06 -0.301D-06
Maxdispl :   0.0098   ||displ|| :   0.0147   Lambda : -0.375D-06
Largest |displ|/coords:  0.0098 (   2)  0.0044 (   4)  0.0041 (   1)
................................................................................
.............................. CYCLE   59 ......................................
................................................................................
   1    -50.7432992 -0.507433E+02  0.887E-03    8.15       0.0  T
   2    -50.7432993 -0.116340E-07  0.658E-03    8.15       3.0  T
   3    -50.7432993 -0.136395E-07  0.867E-04    8.15      22.6  T
   4    -50.7432993 -0.664464E-09  0.214E-04    8.15      91.8  T
speedup  0.86
cpu  time for SCC    0.00 s
wall time for SCC    0.00 s
speedup  1.00
cpu  time for grad    0.01 s
wall time for grad    0.01 s
 E :    -50.45318048  G :  0.000305    pred/act E change: -0.241D-06 -0.289D-06
Maxdispl :   0.0190   ||displ|| :   0.0280   Lambda : -0.565D-06
Largest |displ|/coords:  0.0190 (   2)  0.0093 (   4)  0.0075 (   1)
................................................................................
.............................. CYCLE   60 ......................................
................................................................................
   1    -50.7432591 -0.507433E+02  0.166E-02    8.15       0.0  T
   2    -50.7432592 -0.393457E-07  0.123E-02    8.15       1.6  T
   3    -50.7432592 -0.451167E-07  0.160E-03    8.15      12.3  T
   4    -50.7432592 -0.224082E-08  0.391E-04    8.15      50.1  T
   5    -50.7432592 -0.302244E-09  0.138E-04    8.15     142.0  T
speedup  0.91
cpu  time for SCC    0.00 s
wall time for SCC    0.00 s
speedup  1.00
cpu  time for grad    0.01 s
wall time for grad    0.01 s
 E :    -50.45318087  G :  0.000354    pred/act E change: -0.187D-06 -0.393D-06
Maxdispl :   0.0172   ||displ|| :   0.0255   Lambda : -0.444D-06
Largest |displ|/coords:  0.0172 (   2)  0.0080 (   4)  0.0075 (   1)
................................................................................
.............................. CYCLE   61 ......................................
................................................................................
   1    -50.7432535 -0.507433E+02  0.144E-02    8.15       0.0  T
   2    -50.7432535 -0.302114E-07  0.107E-02    8.15       1.8  T
   3    -50.7432536 -0.334139E-07  0.134E-03    8.15      14.6  T
   4    -50.7432536 -0.189856E-08  0.401E-04    8.15      48.9  T
   5    -50.7432536 -0.260414E-09  0.117E-04    8.15     168.2  T
speedup  1.14
cpu  time for SCC    0.01 s
wall time for SCC    0.00 s
speedup  1.01
cpu  time for grad    0.01 s
wall time for grad    0.01 s
 E :    -50.45318121  G :  0.000346    pred/act E change: -0.283D-06 -0.337D-06
Maxdispl :   0.0205   ||displ|| :   0.0315   Lambda : -0.574D-06
Largest |displ|/coords:  0.0205 (   2)  0.0110 (   4)  0.0096 (   8)
................................................................................
.............................. CYCLE   62 ......................................
................................................................................
   1    -50.7432834 -0.507433E+02  0.173E-02    8.15       0.0  T
   2    -50.7432834 -0.443159E-07  0.129E-02    8.15       1.5  T
   3    -50.7432835 -0.480737E-07  0.162E-03    8.15      12.1  T
   4    -50.7432835 -0.287591E-08  0.499E-04    8.15      39.3  T
   5    -50.7432835 -0.367862E-09  0.132E-04    8.15     148.1  T
speedup  0.91
cpu  time for SCC    0.00 s
wall time for SCC    0.00 s
speedup  1.01
cpu  time for grad    0.01 s
wall time for grad    0.01 s
 E :    -50.45318164  G :  0.000355    pred/act E change: -0.222D-06 -0.429D-06
Maxdispl :   0.0196   ||displ|| :   0.0314   Lambda : -0.593D-06
Largest |displ|/coords:  0.0196 (   2)  0.0113 (   4)  0.0101 (   8)
................................................................................
.............................. CYCLE   63 ......................................
................................................................................
   1    -50.7433346 -0.507433E+02  0.172E-02    8.15       0.0  T
   2    -50.7433346 -0.432720E-07  0.128E-02    8.15       1.5  T
   3    -50.7433347 -0.474264E-07  0.160E-03    8.15      12.3  T
   4    -50.7433347 -0.276656E-08  0.502E-04    8.15      39.0  T
   5    -50.7433347 -0.358725E-09  0.124E-04    8.15     157.7  T
speedup  0.91
cpu  time for SCC    0.00 s
wall time for SCC    0.00 s
speedup  1.01
cpu  time for grad    0.01 s
wall time for grad    0.01 s
 E :    -50.45318208  G :  0.000352    pred/act E change: -0.287D-06 -0.446D-06
Maxdispl :   0.0192   ||displ|| :   0.0324   Lambda : -0.618D-06
Largest |displ|/coords:  0.0192 (   2)  0.0124 (   4)  0.0109 (   6)
................................................................................
.............................. CYCLE   64 ......................................
................................................................................
   1    -50.7433838 -0.507434E+02  0.183E-02    8.15       0.0  T
   2    -50.7433838 -0.490382E-07  0.136E-02    8.15       1.4  T
   3    -50.7433839 -0.548963E-07  0.172E-03    8.15      11.4  T
   4    -50.7433839 -0.303793E-08  0.508E-04    8.15      38.6  T
   5    -50.7433839 -0.407134E-09  0.129E-04    8.15     151.5  T
speedup  1.14
cpu  time for SCC    0.00 s
wall time for SCC    0.00 s
speedup  1.01
cpu  time for grad    0.01 s
wall time for grad    0.01 s
 E :    -50.45318255  G :  0.000335    pred/act E change: -0.297D-06 -0.464D-06
Maxdispl :   0.0183   ||displ|| :   0.0328   Lambda : -0.634D-06
Largest |displ|/coords:  0.0183 (   2)  0.0126 (   4)  0.0112 (   6)
................................................................................
.............................. CYCLE   65 ......................................
................................................................................
   1    -50.7434132 -0.507434E+02  0.193E-02    8.15       0.0  T
   2    -50.7434133 -0.566007E-07  0.144E-02    8.15       1.4  T
   3    -50.7434133 -0.632144E-07  0.186E-03    8.15      10.5  T
   4    -50.7434134 -0.365243E-08  0.523E-04    8.15      37.5  T
   5    -50.7434134 -0.457746E-09  0.136E-04    8.15     143.8  T
speedup  0.91
cpu  time for SCC    0.00 s
wall time for SCC    0.00 s
speedup  1.01
cpu  time for grad    0.01 s
wall time for grad    0.01 s
 E :    -50.45318303  G :  0.000334    pred/act E change: -0.309D-06 -0.478D-06
Maxdispl :   0.0163   ||displ|| :   0.0319   Lambda : -0.634D-06
Largest |displ|/coords:  0.0163 (   2)  0.0118 (   4)  0.0109 (   6)
................................................................................
.............................. CYCLE   66 ......................................
................................................................................
   1    -50.7434150 -0.507434E+02  0.197E-02    8.14       0.0  T
   2    -50.7434151 -0.615449E-07  0.147E-02    8.14       1.3  T
   3    -50.7434152 -0.671049E-07  0.195E-03    8.14      10.0  T
   4    -50.7434152 -0.438523E-08  0.530E-04    8.14      37.0  T
   5    -50.7434152 -0.471672E-09  0.138E-04    8.14     141.8  T
speedup  0.91
cpu  time for SCC    0.00 s
wall time for SCC    0.00 s
speedup  0.93
cpu  time for grad    0.01 s
wall time for grad    0.01 s
 E :    -50.45318349  G :  0.000341    pred/act E change: -0.317D-06 -0.468D-06
Maxdispl :   0.0095   ||displ|| :   0.0231   Lambda : -0.514D-06
Largest |displ|/coords:  0.0095 (   2)  0.0093 (   9)  0.0087 (   5)
................................................................................
.............................. CYCLE   67 ......................................
................................................................................
   1    -50.7434050 -0.507434E+02  0.150E-02    8.14       0.0  T
   2    -50.7434050 -0.373069E-07  0.112E-02    8.14       1.8  T
   3    -50.7434050 -0.396106E-07  0.151E-03    8.14      13.0  T
   4    -50.7434050 -0.293444E-08  0.384E-04    8.14      51.0  T
   5    -50.7434050 -0.252122E-09  0.101E-04    8.14     194.2  T
speedup  1.11
cpu  time for SCC    0.00 s
wall time for SCC    0.00 s
speedup  1.00
cpu  time for grad    0.01 s
wall time for grad    0.01 s
 E :    -50.45318387  G :  0.000314    pred/act E change: -0.318D-06 -0.372D-06
Maxdispl :   0.0072   ||displ|| :   0.0156   Lambda : -0.368D-06
Largest |displ|/coords:  0.0072 (   5)  0.0071 (   9)  0.0051 (   6)
................................................................................
.............................. CYCLE   68 ......................................
................................................................................
   1    -50.7433843 -0.507434E+02  0.101E-02    8.14       0.0  T
   2    -50.7433843 -0.182934E-07  0.755E-03    8.14       2.6  T
   3    -50.7433843 -0.184840E-07  0.104E-03    8.14      18.8  T
   4    -50.7433843 -0.163791E-08  0.244E-04    8.14      80.2  T
   5    -50.7433843 -0.105622E-09  0.665E-05    8.14     295.0  T
speedup  0.91
cpu  time for SCC    0.00 s
wall time for SCC    0.00 s
speedup  1.01
cpu  time for grad    0.01 s
wall time for grad    0.01 s
 E :    -50.45318413  G :  0.000253    pred/act E change: -0.257D-06 -0.263D-06
Maxdispl :   0.0065   ||displ|| :   0.0110   Lambda : -0.265D-06
Largest |displ|/coords:  0.0065 (   1)  0.0048 (   5)  0.0046 (   9)
................................................................................
.............................. CYCLE   69 ......................................
................................................................................
   1    -50.7433912 -0.507434E+02  0.579E-03    8.14       0.0  T
   2    -50.7433912 -0.608063E-08  0.435E-03    8.14       4.5  T
   3    -50.7433912 -0.578252E-08  0.542E-04    8.14      36.2  T
   4    -50.7433912 -0.620581E-09  0.121E-04    8.14     161.6  T
speedup  0.83
cpu  time for SCC    0.00 s
wall time for SCC    0.00 s
speedup  0.99
cpu  time for grad    0.01 s
wall time for grad    0.01 s
 E :    -50.45318432  G :  0.000214    pred/act E change: -0.184D-06 -0.194D-06
Maxdispl :   0.0055   ||displ|| :   0.0114   Lambda : -0.231D-06
Largest |displ|/coords:  0.0055 (   5)  0.0053 (   1)  0.0043 (   9)
................................................................................
.............................. CYCLE   70 ......................................
................................................................................
   1    -50.7433608 -0.507434E+02  0.738E-03    8.14       0.0  T
   2    -50.7433609 -0.103269E-07  0.553E-03    8.14       3.5  T
   3    -50.7433609 -0.105852E-07  0.742E-04    8.14      26.4  T
   4    -50.7433609 -0.904926E-09  0.221E-04    8.14      88.8  T
speedup  0.83
cpu  time for SCC    0.00 s
wall time for SCC    0.00 s
speedup  0.98
cpu  time for grad    0.01 s
wall time for grad    0.01 s
 E :    -50.45318449  G :  0.000189    pred/act E change: -0.133D-06 -0.171D-06
Maxdispl :   0.0120   ||displ|| :   0.0179   Lambda : -0.244D-06
Largest |displ|/coords:  0.0120 (   2)  0.0099 (   1)  0.0056 (   4)
................................................................................
.............................. CYCLE   71 ......................................
................................................................................
   1    -50.7434152 -0.507434E+02  0.825E-03    8.14       0.0  T
   2    -50.7434152 -0.613342E-08  0.615E-03    8.14       3.2  T
   3    -50.7434153 -0.615051E-08  0.501E-04    8.14      39.1  T
   4    -50.7434153 -0.413280E-09  0.171E-04    8.14     114.9  T
speedup  0.83
cpu  time for SCC    0.00 s
wall time for SCC    0.00 s
speedup  0.99
cpu  time for grad    0.01 s
wall time for grad    0.01 s
 E :    -50.45318463  G :  0.000222    pred/act E change: -0.116D-06 -0.141D-06
Maxdispl :   0.0067   ||displ|| :   0.0157   Lambda : -0.200D-06
Largest |displ|/coords:  0.0067 (   6)  0.0060 (   8)  0.0059 (   5)
................................................................................
.............................. CYCLE   72 ......................................
................................................................................
   1    -50.7433653 -0.507434E+02  0.115E-02    8.14       0.0  T
   2    -50.7433653 -0.223043E-07  0.860E-03    8.14       2.3  T
   3    -50.7433654 -0.254966E-07  0.117E-03    8.14      16.7  T
   4    -50.7433654 -0.136793E-08  0.351E-04    8.14      55.8  T
   5    -50.7433654 -0.181565E-09  0.719E-05    8.14     272.7  T
speedup  1.14
cpu  time for SCC    0.00 s
wall time for SCC    0.00 s
speedup  1.01
cpu  time for grad    0.01 s
wall time for grad    0.01 s
 E :    -50.45318476  G :  0.000205    pred/act E change: -0.122D-06 -0.131D-06
Maxdispl :   0.0026   ||displ|| :   0.0069   Lambda : -0.127D-06
Largest |displ|/coords:  0.0026 (   2)  0.0024 (   8)  0.0022 (   6)
................................................................................
.............................. CYCLE   73 ......................................
................................................................................
   1    -50.7433706 -0.507434E+02  0.510E-03    8.14       0.0  T
   2    -50.7433706 -0.388319E-08  0.382E-03    8.14       5.1  T
   3    -50.7433706 -0.436018E-08  0.446E-04    8.14      44.0  T
   4    -50.7433706 -0.245343E-09  0.137E-04    8.14     143.4  T
speedup  1.11
cpu  time for SCC    0.00 s
wall time for SCC    0.00 s
speedup  0.99
cpu  time for grad    0.01 s
wall time for grad    0.01 s
 E :    -50.45318486  G :  0.000165    pred/act E change: -0.100D-06 -0.966D-07
Maxdispl :   0.0043   ||displ|| :   0.0065   Lambda : -0.124D-06
Largest |displ|/coords:  0.0043 (   2)  0.0022 (   4)  0.0017 (   3)

   *** GEOMETRY OPTIMIZATION CONVERGED AFTER 73 ITERATIONS ***

------------------------------------------------------------------------
 total energy gain (kcal):     -0.0041
------------------------------------------------------------------------
================
 final structure:
================
$coord
        2.53346171626402        0.91017322448954        2.32540921533344      S 
       -0.10958511062989        0.31400042707646        2.06368381511413      O 
        4.01312375754238       -0.97045093074151        3.55818319992963      O 
        3.62426264918823        1.47175979323758       -0.33824960172737      O 
        2.83763833340704        3.45399775981583        3.67219126999815      O 
        1.70100235096415        4.62890963674841        2.68782893803170      H 
        2.54397363400287        0.74657065318372       -1.73297307085844      H 
       -4.71116013245170       -0.31686345469287        0.28330777518289      O 
       -3.06036954441935       -0.11042311104458        1.09193701098638      H 
       -5.94961411414748       -0.10157539980400        1.58628920911542      H 
       -2.43072384664473        3.46065400418236       -2.58476300753383      O 
       -3.60547059154508        2.32793923398077       -1.74501608375036      H 
       -1.22886915285901        2.35742323537644       -3.41100199231453      H 
        0.97041249115333       -0.32313958941646       -3.95634083181757      O 
        2.03378336718922       -1.00353938604358       -5.25547593590168      H 
       -0.07750736659666       -1.79729512574821       -3.27986427501423      H 
        0.06130412457539        6.14781015247377        0.79182624433283      O 
        1.12060140977909        7.20265976315532       -0.23438047880862      H 
       -0.96826185429567        5.12733561904211       -0.40900895526558      H 
       -1.63104235869169       -3.94069580125343       -2.12437966130030      O 
       -0.62179739391372       -4.54820618654148       -0.66110328415521      H 
       -3.05995424313920       -3.04439459516827       -1.41673884012996      H 
        1.21014195407665       -5.39816918926922        1.84019647272308      N 
        2.14387513800077       -3.83180876122194        2.45666853821088      H 
        2.52432797941479       -6.74624899105435        1.49245640142096      H 
        0.13644674709224       -6.01642299964614        3.29931792819296      H 
$end
 
 Bond Distances (Angstroems)
 ---------------------------
S1-O2=1.4405         S1-O3=1.4244         S1-O4=1.5519         S1-O5=1.5316         O2-S1=1.4405         O3-S1=1.4244         
O4-S1=1.5519         O4-H7=1.0094         O5-S1=1.5316         O5-H6=1.0098         H6-O5=1.0098         H7-O4=1.0094         
O8-H9=0.9789         O8-H10=0.9581        H9-O8=0.9789         H10-O8=0.9581        O11-H12=0.9712       O11-H13=0.9677       
H12-O11=0.9712       H13-O11=0.9677       O14-H15=0.9586       O14-H16=1.0219       H15-O14=0.9586       H16-O14=1.0219       
O17-H18=0.9595       O17-H19=0.9961       H18-O17=0.9595       H19-O17=0.9961       O20-H21=0.9941       O20-H22=0.9680       
H21-O20=0.9941       H22-O20=0.9680       N23-H24=1.0186       N23-H25=1.0131       N23-H26=1.0129       H24-N23=1.0186       
H25-N23=1.0131       H26-N23=1.0129       
 N  H  Rav=1.0149 sigma=0.0026  Rmin=1.0129  Rmax=1.0186     3
 O  H  Rav=0.9828 sigma=0.0216  Rmin=0.9581  Rmax=1.0219    12
 S  O  Rav=1.4871 sigma=0.0554  Rmin=1.4244  Rmax=1.5519     4
 
 selected bond angles (degree)
 --------------------
O3-S1-O2=115.14                O4-S1-O2=108.41                O4-S1-O3=110.20                O5-S1-O2=109.83                
O5-S1-O3=110.07                O5-S1-O4=102.43                H7-O4-S1=112.38                H6-O5-S1=103.80                
H10-O8-H9=106.41               
 
 selected dihedral angles (degree)
 ---------------------------------
H7-O4-S1-O2=339.85            H7-O4-S1-O3=106.68            H7-O4-S1-O5=223.78            H6-O5-S1-O2=308.93            
H6-O5-S1-O3=181.16            H6-O5-S1-O4= 63.97            
 
 CMA Distance (Angstroems)
 ---------------------------
R(CMA):  2.6330

========================================================================
 FINAL SINGLEPOINT CALCULATION ON OPTIMIZED GEOMETRY
========================================================================

 Ncao       : 65
 Nao        : 64
 Nshell     : 38
 Nel        : 80
 T(el)      :   300.0
 intcut     :    25.0
 scfconv/Eh :  0.100E-05
   qconv/e  :  0.100E-03
 intneglect :  0.100E-07
 broydamp   :      0.250
 iter      E             dE          RMSdq      gap      omega  full diag
   1    -50.7433706 -0.507434E+02  0.703E-05    8.14       0.0  T
   2    -50.7433706 -0.164135E-11  0.451E-05    8.14     434.6  T
   3    -50.7433706 -0.124345E-11  0.703E-06    8.14    2789.2  T
speedup  0.77
cpu  time for SCC    0.00 s
wall time for SCC    0.00 s

   *** convergence criteria satisfied after 3 iterations ***

          eigenvalues
 #    :          28         29         30         31         32         33         34         35
 occ. :        2.000      2.000      2.000      2.000      2.000      2.000      2.000      2.000
 eps  :       -13.669    -13.469    -13.037    -12.679    -12.649    -12.594    -12.533    -12.316
 #    :          36         37         38         39         40         41         42         43
 occ. :        2.000      2.000      2.000      2.000      2.000      0.000      0.000      0.000
 eps  :       -12.258    -12.169    -11.950    -11.874    -11.035     -2.896     -0.669     -0.648
 #    :          44         45         46         47         48         49         50         51
 occ. :        0.000      0.000      0.000      0.000      0.000      0.000      0.000      0.000
 eps  :         0.205      0.952      1.230      1.592      2.411      3.822      5.227      5.336


   #   Z            q   n(s)   n(p)   n(d)      C6AA      α(0)
   1  16 S      1.702  1.578  1.773  0.947    88.732    15.854
   2   8 O     -0.727  1.752  4.974  0.000    29.443     7.275
   3   8 O     -0.668  1.753  4.916  0.000    27.859     7.077
   4   8 O     -0.630  1.757  4.873  0.000    25.887     6.868
   5   8 O     -0.597  1.754  4.842  0.000    25.078     6.760
   6   1 H      0.394  0.606  0.000  0.000     0.489     1.095
   7   1 H      0.392  0.608  0.000  0.000     0.497     1.107
   8   8 O     -0.617  1.743  4.874  0.000    25.602     6.829
   9   1 H      0.341  0.659  0.000  0.000     0.610     1.226
  10   1 H      0.287  0.713  0.000  0.000     0.762     1.371
  11   8 O     -0.619  1.753  4.866  0.000    25.640     6.834
  12   1 H      0.322  0.678  0.000  0.000     0.658     1.274
  13   1 H      0.317  0.683  0.000  0.000     0.672     1.287
  14   8 O     -0.640  1.762  4.878  0.000    26.154     6.902
  15   1 H      0.296  0.704  0.000  0.000     0.733     1.345
  16   1 H      0.356  0.644  0.000  0.000     0.575     1.191
  17   8 O     -0.617  1.755  4.862  0.000    25.599     6.829
  18   1 H      0.297  0.703  0.000  0.000     0.730     1.342
  19   1 H      0.348  0.652  0.000  0.000     0.593     1.210
  20   8 O     -0.619  1.755  4.865  0.000    25.650     6.836
  21   1 H      0.318  0.682  0.000  0.000     0.669     1.285
  22   1 H      0.319  0.681  0.000  0.000     0.666     1.282
  23   7 N     -0.456  1.375  4.082  0.000    32.009     8.403
  24   1 H      0.183  0.817  0.000  0.000     1.196     1.713
  25   1 H      0.159  0.841  0.000  0.000     1.341     1.814
  26   1 H      0.159  0.841  0.000  0.000     1.345     1.816

 Mol. C6AA /au·bohr⁶  :       5457.046894
 Mol. C8AA /au·bohr⁸  :     117814.345502
 Mol. α(0) /au        :        106.825418

 
 Wiberg/Mayer (AO) data. WBOs > 0.1 written file <wbo>
 largest (>0.05) Wiberg bond orders for each atom
           total WBO             WBO to atom ...
     1  S   4.845    O    3 1.451    O    2 1.354    O    5 1.022    O    4 0.978
     2  O   1.719    S    1 1.354    O    3 0.120    O    4 0.090    O    5 0.088
     3  O   1.795    S    1 1.451    O    2 0.120    O    4 0.087    O    5 0.079
     4  O   1.955    S    1 0.978    H    7 0.692    O    2 0.090    O    3 0.087    O    5 0.058
     5  O   1.998    S    1 1.022    H    6 0.695    O    2 0.088    O    3 0.079    O    4 0.058
     6  H   0.845    O    5 0.695    O   17 0.132
     7  H   0.846    O    4 0.692    O   14 0.136
     8  O   1.859    H   10 0.911    H    9 0.829
     9  H   0.884    O    8 0.829
    10  H   0.918    O    8 0.911
    11  O   1.892    H   13 0.868    H   12 0.858    H   19 0.089
    12  H   0.896    O   11 0.858
    13  H   0.899    O   11 0.868
    14  O   1.918    H   15 0.904    H   16 0.730    H    7 0.136    O   20 0.056
    15  H   0.912    O   14 0.904
    16  H   0.873    O   14 0.730    O   20 0.141
    17  O   1.915    H   18 0.909    H   19 0.786    H    6 0.132
    18  H   0.912    O   17 0.909
    19  H   0.879    O   17 0.786    O   11 0.089
    20  O   1.936    H   22 0.870    H   21 0.805    H   16 0.141    O   14 0.056
    21  H   0.899    O   20 0.805    N   23 0.092
    22  H   0.898    O   20 0.870
    23  N   3.035    H   26 0.973    H   25 0.972    H   24 0.936    H   21 0.092
    24  H   0.966    N   23 0.936
    25  H   0.975    N   23 0.972
    26  H   0.975    N   23 0.973
 MOs/occ written to file <molden.input>
 
molecular dipole:
                 x           y           z       tot (Debye)
 q only:       -0.479      -0.258      -0.781
   full:       -0.174      -0.407      -0.457       1.617
molecular quadrupole (traceless):
                xx          xy          yy          xz          yz          zz
 q only:       -3.769       1.128       5.903     -13.320      -2.945      -2.134
  q+dip:       -3.009       0.964       4.797     -16.026      -6.095      -1.788
   full:       -3.057       1.083       4.786     -16.512      -5.908      -1.729

SCC energy    :     -50.7433706
rep           :       0.2898275
ES            :       0.2313759
AES           :      -0.0542336
AXC           :      -0.0066732
disp          :      -0.0191967
XB            :       0.0000000
fix           :       0.0000000
total E       :     -50.4531849
atomizationE  :       4.9834890     3127.19
(atE without considering molecular charge,
 total energy contains solvation terms)
H-L gap (eV)  :          8.1391
optimized geometry written to: xtbopt.xyz


------------------------------------------------------------------------
 * finished run on 2019/09/16 at 12:03:34.156     
------------------------------------------------------------------------
 total:
 * wall-time:     0 d,  0 h,  0 min,  1.722 sec
 *  cpu-time:     0 d,  0 h,  0 min,  1.706 sec
 * ratio c/w:     0.991 speedup
 SCF:
 * wall-time:     0 d,  0 h,  0 min,  0.149 sec
 *  cpu-time:     0 d,  0 h,  0 min,  0.146 sec
 * ratio c/w:     0.981 speedup
 ANC optimizer:
 * wall-time:     0 d,  0 h,  0 min,  1.549 sec
 *  cpu-time:     0 d,  0 h,  0 min,  1.538 sec
 * ratio c/w:     0.992 speedup

