      -----------------------------------------------------------      
     |                   =====================                   |     
     |                           x T B                           |     
     |                   =====================                   |     
     |                         S. Grimme                         |     
     |          Mulliken Center for Theoretical Chemistry        |     
     |                    University of Bonn                     |     
     |                 Version 6.0.1 (SAW181210)                 |     
      -----------------------------------------------------------      

   This program is distributed in the hope that it will be useful,
   but WITHOUT ANY WARRANTY; without even the implied warranty of
   MERCHANTABILITY or FITNESS FOR A PARTICULAR PURPOSE.
   
   FOR NON-COMMERCIAL, ACADEMIA USE ONLY.
   
   Cite this work as:
   S. Grimme, C. Bannwarth, P. Shushkov, J. Comput. Theory Chem., 2017,
   13, 1989-2009.
   C. Bannwarth, S. Ehlert and S. Grimme., ChemRxiv, 2018, preprint.
   http://doi.org/10.26434/chemrxiv.7246238.v1
   
   for sTDA-xTB:
   S. Grimme and C. Bannwarth, J. Chem. Phys., 2016, 145, 054103.
   
   in the mass-spec context:
   V. Asgeirsson, C. Bauer and S. Grimme, Chem. Sci., 2017, 8, 4879.
   
   if GBSA is used:
   P. Shushkov, F. März and S. Grimme, unpublished.
   
   for ANC optimizer:
   S. Grimme, unpublished.
   Rational Function algorithm used in ANCopt:
   F. Eckert, P. Pulay, H.-J. Werner, J. Comput. Chem., 1997, 18, 1473.
   
   with help from (in alphabetical order)
   C. Bannwarth, F. Bohle, G. Brandenburg, E. Caldeweyher, M. Checinski,
   S. Dohm, S. Ehlert, S. Ehrlich, F. März, H. Neugebauer, J. Pisarek,
   P. Pracht, P. Shushkov, and S. Spicher.
   
 * started run on 2019/09/16 at 12:10:22.145     
========================================================================
 # omp threads = 1
========================================================================
number of atoms            : 26
number of electrons        : 80
charge                     : 0
spin                       : .0
first test random number   : .5971

########################################################################
# WARNING! Please study the warnings concerning your input carefully
#  - XTBPATH is not set, using XTBHOME instead
#  - the use of '-opt' is discouraged, please use '--opt' next time
#  - the use of '-chrg' is discouraged, please use '--chrg' next time
#  - the use of '-uhf' is discouraged, please use '--uhf' next time
########################################################################

           ------------------------------------------------- 
          |                 G F N 2 - x T B                 |
          | Geometry, Frequencies, Noncovalent interactions |
          |            JCTC 2018 parametrisation            |
           ------------------------------------------------- 
      method parameters     
 k(s)        :  1.8500
 k(p)        :  2.2300
 k(d)        :  2.2300
 k(f)        :  2.0000
 kEN (H0ij)  : -2.0000
 D4 a1       :  0.5200
 D4 a2       :  5.0000
 D4 s6       :  1.0000
 D4 s8       :  2.7000
 D4 s9       :  5.0000
 alphaj      :  2.0000


            Z     q(EN)     CN     RAES       Cart. coordinates
     1  S   6.0    0.58    4.28    4.20    -2.54718    -1.73870     4.10580
     2  O   6.0   -0.32    1.15    1.80    -3.59286    -2.05829     1.57878
     3  O   6.0   -0.27    1.09    1.80    -3.28100    -3.29331     6.22295
     4  O   6.0   -0.24    2.05    1.83     0.52860    -1.72124     3.81483
     5  O   6.0   -0.22    2.05    1.83    -2.88007     1.13782     5.04522
     6  H   1.0    0.16    1.18    1.46    -2.55141     2.27856     3.63914
     7  H   1.0    0.16    1.19    1.46     0.94818    -2.83199     2.40893
     8  O   6.0   -0.31    2.04    1.83     2.93519     3.91862    -1.29454
     9  H   1.0    0.15    0.97    1.43     4.14794     5.24341    -1.59247
    10  H   1.0    0.16    1.04    1.43     3.84126     2.63408    -0.37606
    11  O   6.0   -0.29    2.04    1.83    -1.73296     3.32152     0.65854
    12  H   1.0    0.16    1.02    1.43    -2.71675     2.76777    -0.76979
    13  H   1.0    0.16    1.03    1.43    -0.11363     3.79410    -0.02634
    14  O   6.0   -0.30    2.03    1.83    -4.46309     0.55597    -2.72578
    15  H   1.0    0.17    1.03    1.43    -4.31296    -0.60234    -1.32921
    16  H   1.0    0.15    0.97    1.43    -6.14095     0.30071    -3.38475
    17  O   6.0   -0.29    2.02    1.83     4.97049     0.12985     1.29024
    18  H   1.0    0.15    1.00    1.43     4.58833    -1.48216     0.53525
    19  H   1.0    0.16    0.98    1.43     4.21299     0.07818     2.94497
    20  O   6.0   -0.30    2.05    1.83     2.00975    -3.99074    -0.43349
    21  H   1.0    0.15    1.06    1.44     1.50924    -2.86443    -1.77347
    22  H   1.0    0.15    0.97    1.43     2.24994    -5.61006    -1.23019
    23  N   5.0   -0.23    3.03    1.93     0.77579    -0.46735    -4.08199
    24  H   1.0    0.11    1.01    1.43     1.62151     1.10914    -3.36747
    25  H   1.0    0.12    1.02    1.43    -1.11864    -0.18152    -3.88073
    26  H   1.0    0.10    0.99    1.43     1.11228    -0.42759    -5.97837

  Z AO/shell   Hii/eV     exponent
  1     Wed Apr 25 08:07:45 CEST 2018   EN: 2.200 GM2: 0.406  GM3: 0.0800  RAES: 1.40
     1s    -10.707211    1.230000
  7     Wed Apr 25 08:07:45 CEST 2018   EN: 3.040 GM2: 0.461  GM3:-0.0640  RAES: 1.90
     2s    -16.686243    2.339881
     2p    -12.523956    2.014332
  8     Wed Apr 25 08:07:45 CEST 2018   EN: 3.440 GM2: 0.452  GM3:-0.0517  RAES: 1.80
     2s    -20.229985    2.439742
     2p    -15.503117    2.137023
 16     Tue Apr 24 11:44:34 CEST 2018   EN: 2.580 GM2: 0.340  GM3:-0.0502  RAES: 3.10
     3s    -20.029654    1.981333
     3p    -11.377694    2.025643
     3d     -0.420282    1.702555
 no old-style atom pair restraining (fixing) potential

molecular fragmentation (1/2 indicates fragments):
11111112222222222222222222
# atoms in fragment 1/2:     7    19
 fragment masses (1/2) :       98.07      107.11
CMA distance (Bohr)    :   6.427
constraining FC (au)   :  0.0500
           ------------------------------------------------- 
          |        Self-Consistent Charge Iterations        |
           ------------------------------------------------- 

 Ncao       : 65
 Nao        : 64
 Nshell     : 38
 Nel        : 80
 T(el)      :   300.0
 intcut     :    25.0
 scfconv/Eh :  0.100E-05
   qconv/e  :  0.100E-03
 intneglect :  0.100E-07
 broydamp   :      0.250
 iter      E             dE          RMSdq      gap      omega  full diag
   1    -50.6356860 -0.506357E+02  0.705E+00    7.91       0.0  T
   2    -50.6847111 -0.490251E-01  0.493E+00    7.16       1.0  T
   3    -50.7218871 -0.371760E-01  0.118E+00    5.86       1.0  T
   4    -50.7257424 -0.385536E-02  0.612E-01    6.08       1.0  T
   5    -50.7269401 -0.119763E-02  0.267E-01    6.10       1.0  T
   6    -50.7272714 -0.331328E-03  0.157E-01    6.05       1.0  T
   7    -50.7274142 -0.142865E-03  0.550E-02    6.02       1.0  T
   8    -50.7274340 -0.197473E-04  0.238E-02    6.03       1.0  T
   9    -50.7274369 -0.286388E-05  0.123E-02    6.04       1.6  T
  10    -50.7274377 -0.804926E-06  0.282E-03    6.05       6.9  T
  11    -50.7274377 -0.231822E-07  0.124E-03    6.05      15.8  T
  12    -50.7274377 -0.765463E-08  0.330E-04    6.05      59.5  T
  13    -50.7274377 -0.458790E-09  0.177E-04    6.05     111.1  T
speedup  1.00
cpu  time for SCC    0.01 s
wall time for SCC    0.01 s

   *** convergence criteria satisfied after 13 iterations ***

          eigenvalues
 #    :          28         29         30         31         32         33         34         35
 occ. :        2.000      2.000      2.000      2.000      2.000      2.000      2.000      2.000
 eps  :       -13.324    -13.181    -13.003    -12.682    -12.635    -12.633    -12.430    -12.241
 #    :          36         37         38         39         40         41         42         43
 occ. :        2.000      2.000      2.000      2.000      2.000      0.000      0.000      0.000
 eps  :       -12.230    -12.184    -12.108    -11.529    -10.800     -4.754     -1.972     -1.064
 #    :          44         45         46         47         48         49         50         51
 occ. :        0.000      0.000      0.000      0.000      0.000      0.000      0.000      0.000
 eps  :        -0.083      0.793      1.267      1.784      2.840      3.615      3.929      4.755


   #   Z            q   n(s)   n(p)   n(d)      C6AA      α(0)
   1  16 S      1.634  1.629  1.807  0.929    90.272    15.991
   2   8 O     -0.673  1.768  4.905  0.000    27.972     7.091
   3   8 O     -0.614  1.770  4.844  0.000    26.461     6.897
   4   8 O     -0.601  1.760  4.841  0.000    25.175     6.773
   5   8 O     -0.572  1.754  4.818  0.000    24.492     6.681
   6   1 H      0.390  0.610  0.000  0.000     0.502     1.112
   7   1 H      0.381  0.619  0.000  0.000     0.520     1.131
   8   8 O     -0.616  1.743  4.873  0.000    25.573     6.825
   9   1 H      0.282  0.718  0.000  0.000     0.779     1.386
  10   1 H      0.334  0.666  0.000  0.000     0.627     1.244
  11   8 O     -0.653  1.750  4.903  0.000    26.502     6.948
  12   1 H      0.318  0.682  0.000  0.000     0.668     1.284
  13   1 H      0.326  0.674  0.000  0.000     0.649     1.265
  14   8 O     -0.603  1.738  4.865  0.000    25.261     6.783
  15   1 H      0.334  0.666  0.000  0.000     0.626     1.243
  16   1 H      0.285  0.715  0.000  0.000     0.767     1.376
  17   8 O     -0.600  1.741  4.860  0.000    25.191     6.774
  18   1 H      0.317  0.683  0.000  0.000     0.671     1.287
  19   1 H      0.308  0.692  0.000  0.000     0.696     1.311
  20   8 O     -0.621  1.739  4.882  0.000    25.703     6.843
  21   1 H      0.336  0.664  0.000  0.000     0.623     1.240
  22   1 H      0.291  0.709  0.000  0.000     0.748     1.358
  23   7 N     -0.486  1.401  4.084  0.000    32.889     8.517
  24   1 H      0.183  0.817  0.000  0.000     1.195     1.712
  25   1 H      0.184  0.816  0.000  0.000     1.192     1.710
  26   1 H      0.135  0.865  0.000  0.000     1.505     1.922

 Mol. C6AA /au·bohr⁶  :       5435.651233
 Mol. C8AA /au·bohr⁸  :     117421.194930
 Mol. α(0) /au        :        106.704344

 
 Wiberg/Mayer (AO) data. WBOs > 0.1 written file <wbo>
 largest (>0.05) Wiberg bond orders for each atom
           total WBO             WBO to atom ...
     1  S   4.783    O    3 1.491    O    2 1.384    O    5 0.973    O    4 0.905
     2  O   1.764    S    1 1.384    O    3 0.139    O    5 0.097    O    4 0.095
     3  O   1.826    S    1 1.491    O    2 0.139    O    4 0.096    O    5 0.085
     4  O   1.968    S    1 0.905    H    7 0.779    O    3 0.096    O    2 0.095    O    5 0.055
     5  O   2.011    S    1 0.973    H    6 0.769    O    2 0.097    O    3 0.085    O    4 0.055
     6  H   0.848    O    5 0.769    O   11 0.060
     7  H   0.855    O    4 0.779    O   20 0.056
     8  O   1.859    H    9 0.911    H   10 0.825
     9  H   0.921    O    8 0.911
    10  H   0.888    O    8 0.825    O   17 0.061
    11  O   1.832    H   12 0.860    H   13 0.844    H    6 0.060
    12  H   0.899    O   11 0.860
    13  H   0.894    O   11 0.844
    14  O   1.865    H   16 0.908    H   15 0.847
    15  H   0.888    O   14 0.847
    16  H   0.919    O   14 0.908
    17  O   1.878    H   19 0.895    H   18 0.873    H   10 0.061
    18  H   0.899    O   17 0.873
    19  H   0.905    O   17 0.895
    20  O   1.865    H   22 0.904    H   21 0.819    H    7 0.056
    21  H   0.887    O   20 0.819    N   23 0.065
    22  H   0.915    O   20 0.904
    23  N   2.990    H   26 0.977    H   24 0.942    H   25 0.938    H   21 0.065
    24  H   0.966    N   23 0.942
    25  H   0.966    N   23 0.938
    26  H   0.982    N   23 0.977
 MOs/occ written to file <molden.input>
 
molecular dipole:
                 x           y           z       tot (Debye)
 q only:        0.886      -0.104      -1.778
   full:        0.842      -0.123      -2.344       6.337
molecular quadrupole (traceless):
                xx          xy          yy          xz          yz          zz
 q only:        5.110      -2.786       5.998       8.325       7.218     -11.108
  q+dip:        5.780      -1.584       6.260      10.358       7.058     -12.039
   full:        5.809      -1.449       6.361      10.277       7.211     -12.170

SCC energy    :     -50.7274377
rep           :       0.2983255
ES            :       0.2311499
AES           :      -0.0404518
AXC           :      -0.0041477
disp          :      -0.0178301
XB            :       0.0000000
fix           :       0.0000000
total E       :     -50.4286849
atomizationE  :       4.9589891     3111.81
(atE without considering molecular charge,
 total energy contains solvation terms)
H-L gap (eV)  :          6.0453
           ------------------------------------------------- 
          |                 ===============                 |
          |                   A N C O P T                   |
          |                 ===============                 |
          |          Approximate Normal Coordinate          |
          |           Rational Function Optimizer           |
           ------------------------------------------------- 
dumping coords to <xtbopt.coord> and <xtbopt.log>
 optlevel               2
 Maxcycle             520
 Maxmicro              25
 Econv         1.000000000000000E-007
 Gconv         2.000000000000000E-004
 Maxdispl       1.00000000000000     
 Hlow          5.000000000000000E-003
 S6             20.0000000000000     
 Nvar               72

generating ANC from model Hessian ...
 Shifting diagonal of input Hessian by   5.081682902862987E-003
 Lowest  eigenvalues of input Hessian
    0.005000    0.005039   -0.000000   -0.000000   -0.000000    0.000000
    0.000000    0.000000    0.005417    0.005604    0.005789    0.006299
    0.006611    0.007336    0.007525    0.007886    0.008090    0.008708
 Highest eigenvalues
    1.420594    1.421219    1.427454    1.948565    2.769727    3.591168
 
cpu  time for ANC gen    0.02 s
wall time for ANC gen    0.02 s
................................................................................
.............................. CYCLE    1 ......................................
................................................................................
   1    -50.7274377 -0.507274E+02  0.466E-05    6.05       0.0  T
   2    -50.7274377 -0.316192E-11  0.372E-05    6.05     527.8  T
   3    -50.7274377 -0.331113E-11  0.174E-05    6.05    1124.4  T
speedup  1.07
cpu  time for SCC    0.00 s
wall time for SCC    0.00 s
speedup  0.99
cpu  time for grad    0.01 s
wall time for grad    0.01 s
 E :    -50.42868487  G :  0.086291    pred/act E change:  0.000D+00  0.228D-07
Maxdispl :   0.1400   ||displ|| :   0.3637   Lambda : -0.110D-01
Largest |displ|/coords:  0.1400 (  21)  0.1188 (  15)  0.1149 (  27)
................................................................................
.............................. CYCLE    2 ......................................
................................................................................
   1    -50.7308095 -0.507308E+02  0.480E-01    6.63       0.0  T
   2    -50.7308995 -0.900422E-04  0.364E-01    6.64       1.0  T
   3    -50.7309558 -0.562897E-04  0.551E-02    6.68       1.0  T
   4    -50.7309691 -0.133157E-04  0.282E-02    6.68       1.0  T
   5    -50.7309702 -0.109665E-05  0.529E-03    6.68       3.7  T
   6    -50.7309703 -0.422771E-07  0.316E-03    6.68       6.2  T
speedup  0.93
cpu  time for SCC    0.00 s
wall time for SCC    0.01 s
speedup  1.00
cpu  time for grad    0.01 s
wall time for grad    0.01 s
 E :    -50.43687457  G :  0.055050    pred/act E change:  0.000D+00 -0.819D-02
Maxdispl :   0.1095   ||displ|| :   0.2976   Lambda : -0.505D-02
Largest |displ|/coords:  0.1095 (  15)  0.0890 (  29)  0.0752 (   7)
................................................................................
.............................. CYCLE    3 ......................................
................................................................................
   1    -50.7388963 -0.507389E+02  0.230E-01    7.27       0.0  T
   2    -50.7389318 -0.355127E-04  0.169E-01    7.30       1.0  T
   3    -50.7389487 -0.169226E-04  0.302E-02    7.37       1.0  T
   4    -50.7389531 -0.437826E-05  0.149E-02    7.36       1.3  T
   5    -50.7389534 -0.278493E-06  0.316E-03    7.36       6.2  T
   6    -50.7389534 -0.176948E-07  0.201E-03    7.36       9.8  T
speedup  0.94
cpu  time for SCC    0.00 s
wall time for SCC    0.01 s
speedup  0.98
cpu  time for grad    0.01 s
wall time for grad    0.01 s
 E :    -50.44099153  G :  0.038810    pred/act E change: -0.625D-02 -0.412D-02
Maxdispl :   0.1776   ||displ|| :   0.4523   Lambda : -0.539D-02
Largest |displ|/coords:  0.1776 (  29)  0.1544 (  15)  0.1427 (  12)
................................................................................
.............................. CYCLE    4 ......................................
................................................................................
   1    -50.7440887 -0.507441E+02  0.376E-01    8.18       0.0  T
   2    -50.7441784 -0.897828E-04  0.279E-01    8.24       1.0  T
   3    -50.7442255 -0.470254E-04  0.505E-02    8.35       1.0  T
   4    -50.7442373 -0.118684E-04  0.258E-02    8.34       1.0  T
   5    -50.7442382 -0.842786E-06  0.543E-03    8.34       3.6  T
   6    -50.7442382 -0.500029E-07  0.349E-03    8.34       5.6  T
speedup  0.94
cpu  time for SCC    0.00 s
wall time for SCC    0.01 s
speedup  1.00
cpu  time for grad    0.01 s
wall time for grad    0.01 s
 E :    -50.44423986  G :  0.024784    pred/act E change: -0.275D-02 -0.325D-02
Maxdispl :   0.1146   ||displ|| :   0.3114   Lambda : -0.142D-02
Largest |displ|/coords:  0.1146 (   7)  0.0958 (  15)  0.0908 (   4)
................................................................................
.............................. CYCLE    5 ......................................
................................................................................
   1    -50.7440306 -0.507440E+02  0.205E-01    8.48       0.0  T
   2    -50.7440451 -0.144288E-04  0.153E-01    8.50       1.0  T
   3    -50.7440557 -0.106773E-04  0.239E-02    8.55       1.0  T
   4    -50.7440575 -0.173493E-05  0.103E-02    8.55       1.9  T
   5    -50.7440576 -0.136619E-06  0.289E-03    8.55       6.8  T
   6    -50.7440576 -0.107104E-07  0.174E-03    8.55      11.3  T
speedup  1.13
cpu  time for SCC    0.01 s
wall time for SCC    0.01 s
speedup  1.00
cpu  time for grad    0.01 s
wall time for grad    0.01 s
 E :    -50.44511406  G :  0.017758    pred/act E change: -0.325D-02 -0.874D-03
Maxdispl :   0.1731   ||displ|| :   0.4337   Lambda : -0.163D-02
Largest |displ|/coords:  0.1731 (   7)  0.1482 (  12)  0.1377 (  15)
................................................................................
.............................. CYCLE    6 ......................................
................................................................................
   1    -50.7393084 -0.507393E+02  0.271E-01    8.46       0.0  T
   2    -50.7393319 -0.235525E-04  0.202E-01    8.49       1.0  T
   3    -50.7393525 -0.205596E-04  0.337E-02    8.56       1.0  T
   4    -50.7393550 -0.251829E-05  0.110E-02    8.56       1.8  T
   5    -50.7393552 -0.196617E-06  0.372E-03    8.55       5.3  T
   6    -50.7393552 -0.170176E-07  0.224E-03    8.55       8.7  T
   7    -50.7393552 -0.874535E-08  0.608E-04    8.55      32.2  T
speedup  0.98
cpu  time for SCC    0.01 s
wall time for SCC    0.01 s
speedup  1.01
cpu  time for grad    0.01 s
wall time for grad    0.01 s
 E :    -50.44603057  G :  0.020677    pred/act E change: -0.781D-03 -0.917D-03
Maxdispl :   0.1270   ||displ|| :   0.3312   Lambda : -0.126D-02
Largest |displ|/coords:  0.1270 (   5)  0.1173 (  12)  0.1069 (   7)
................................................................................
.............................. CYCLE    7 ......................................
................................................................................
   1    -50.7383195 -0.507383E+02  0.211E-01    8.37       0.0  T
   2    -50.7383539 -0.344097E-04  0.157E-01    8.38       1.0  T
   3    -50.7383747 -0.208292E-04  0.393E-02    8.41       1.0  T
   4    -50.7383784 -0.369155E-05  0.126E-02    8.41       1.6  T
   5    -50.7383787 -0.328967E-06  0.344E-03    8.41       5.7  T
   6    -50.7383787 -0.106089E-07  0.202E-03    8.41       9.7  T
speedup  0.94
cpu  time for SCC    0.00 s
wall time for SCC    0.01 s
speedup  0.99
cpu  time for grad    0.01 s
wall time for grad    0.01 s
 E :    -50.44582148  G :  0.031541    pred/act E change: -0.966D-03  0.209D-03
Maxdispl :   0.0872   ||displ|| :   0.2168   Lambda : -0.188D-02
Largest |displ|/coords:  0.0872 (  15)  0.0811 (  14)  0.0768 (   7)
................................................................................
.............................. CYCLE    8 ......................................
................................................................................
   1    -50.7331401 -0.507331E+02  0.228E-01    8.29       0.0  T
   2    -50.7331650 -0.249601E-04  0.171E-01    8.29       1.0  T
   3    -50.7331834 -0.183629E-04  0.284E-02    8.30       1.0  T
   4    -50.7331867 -0.332926E-05  0.764E-03    8.29       2.6  T
   5    -50.7331868 -0.680144E-07  0.323E-03    8.29       6.1  T
   6    -50.7331868 -0.129911E-07  0.159E-03    8.29      12.3  T
speedup  0.94
cpu  time for SCC    0.01 s
wall time for SCC    0.01 s
speedup  0.99
cpu  time for grad    0.01 s
wall time for grad    0.01 s
 E :    -50.44666835  G :  0.019090    pred/act E change: -0.699D-03 -0.847D-03
Maxdispl :   0.0815   ||displ|| :   0.1767   Lambda : -0.626D-03
Largest |displ|/coords:  0.0815 (   1)  0.0562 (   2)  0.0501 (   5)
................................................................................
.............................. CYCLE    9 ......................................
................................................................................
   1    -50.7372480 -0.507372E+02  0.179E-01    8.38       0.0  T
   2    -50.7372583 -0.103379E-04  0.135E-01    8.39       1.0  T
   3    -50.7372652 -0.683185E-05  0.200E-02    8.41       1.0  T
   4    -50.7372667 -0.150150E-05  0.750E-03    8.40       2.6  T
   5    -50.7372668 -0.964135E-07  0.214E-03    8.40       9.2  T
   6    -50.7372668 -0.404251E-08  0.122E-03    8.40      16.1  T
speedup  0.93
cpu  time for SCC    0.00 s
wall time for SCC    0.01 s
speedup  0.98
cpu  time for grad    0.01 s
wall time for grad    0.01 s
 E :    -50.44676604  G :  0.017631    pred/act E change: -0.986D-03 -0.977D-04
Maxdispl :   0.0763   ||displ|| :   0.1441   Lambda : -0.510D-03
Largest |displ|/coords:  0.0763 (   7)  0.0466 (   5)  0.0466 (   3)
................................................................................
.............................. CYCLE   10 ......................................
................................................................................
   1    -50.7363626 -0.507364E+02  0.118E-01    8.45       0.0  T
   2    -50.7363681 -0.554149E-05  0.884E-02    8.45       1.0  T
   3    -50.7363716 -0.346151E-05  0.141E-02    8.44       1.4  T
   4    -50.7363724 -0.799972E-06  0.364E-03    8.45       5.4  T
   5    -50.7363724 -0.204556E-07  0.143E-03    8.45      13.7  T
   6    -50.7363724 -0.215289E-08  0.779E-04    8.45      25.2  T
speedup  0.91
cpu  time for SCC    0.01 s
wall time for SCC    0.01 s
speedup  0.97
cpu  time for grad    0.01 s
wall time for grad    0.01 s
 E :    -50.44704953  G :  0.014421    pred/act E change: -0.323D-03 -0.283D-03
Maxdispl :   0.1281   ||displ|| :   0.2346   Lambda : -0.555D-03
Largest |displ|/coords:  0.1281 (   7)  0.1046 (   5)  0.0695 (   8)
................................................................................
.............................. CYCLE   11 ......................................
................................................................................
   1    -50.7365520 -0.507366E+02  0.159E-01    8.43       0.0  T
   2    -50.7365617 -0.976262E-05  0.119E-01    8.44       1.0  T
   3    -50.7365692 -0.750764E-05  0.191E-02    8.45       1.0  T
   4    -50.7365705 -0.128780E-05  0.760E-03    8.45       2.6  T
   5    -50.7365706 -0.844999E-07  0.220E-03    8.45       8.9  T
   6    -50.7365706 -0.553878E-08  0.131E-03    8.45      15.0  T
speedup  0.94
cpu  time for SCC    0.00 s
wall time for SCC    0.01 s
speedup  0.98
cpu  time for grad    0.01 s
wall time for grad    0.01 s
 E :    -50.44716982  G :  0.015102    pred/act E change: -0.260D-03 -0.120D-03
Maxdispl :   0.1010   ||displ|| :   0.2019   Lambda : -0.493D-03
Largest |displ|/coords:  0.1010 (   5)  0.0810 (  12)  0.0615 (   7)
................................................................................
.............................. CYCLE   12 ......................................
................................................................................
   1    -50.7347403 -0.507347E+02  0.148E-01    8.42       0.0  T
   2    -50.7347454 -0.513191E-05  0.111E-01    8.43       1.0  T
   3    -50.7347499 -0.451243E-05  0.150E-02    8.45       1.3  T
   4    -50.7347505 -0.575158E-06  0.474E-03    8.44       4.1  T
   5    -50.7347505 -0.281357E-07  0.159E-03    8.44      12.4  T
   6    -50.7347505 -0.315975E-08  0.934E-04    8.44      21.0  T
speedup  1.11
cpu  time for SCC    0.01 s
wall time for SCC    0.01 s
speedup  1.05
cpu  time for grad    0.01 s
wall time for grad    0.01 s
 E :    -50.44748625  G :  0.012358    pred/act E change: -0.293D-03 -0.316D-03
Maxdispl :   0.0933   ||displ|| :   0.2089   Lambda : -0.461D-03
Largest |displ|/coords:  0.0933 (   5)  0.0684 (   2)  0.0659 (  11)
................................................................................
.............................. CYCLE   13 ......................................
................................................................................
   1    -50.7399437 -0.507399E+02  0.166E-01    8.49       0.0  T
   2    -50.7399489 -0.513193E-05  0.123E-01    8.49       1.0  T
   3    -50.7399536 -0.471763E-05  0.180E-02    8.49       1.1  T
   4    -50.7399540 -0.437663E-06  0.365E-03    8.49       5.4  T
   5    -50.7399541 -0.238844E-07  0.179E-03    8.49      10.9  T
   6    -50.7399541 -0.534330E-08  0.881E-04    8.49      22.3  T
speedup  0.94
cpu  time for SCC    0.00 s
wall time for SCC    0.01 s
speedup  0.99
cpu  time for grad    0.01 s
wall time for grad    0.01 s
 E :    -50.44765300  G :  0.013543    pred/act E change: -0.256D-03 -0.167D-03
Maxdispl :   0.1444   ||displ|| :   0.2632   Lambda : -0.479D-03
Largest |displ|/coords:  0.1444 (   5)  0.1002 (  12)  0.0910 (   7)
................................................................................
.............................. CYCLE   14 ......................................
................................................................................
   1    -50.7375808 -0.507376E+02  0.207E-01    8.48       0.0  T
   2    -50.7375930 -0.122073E-04  0.154E-01    8.49       1.0  T
   3    -50.7376036 -0.105926E-04  0.237E-02    8.52       1.0  T
   4    -50.7376049 -0.123513E-05  0.759E-03    8.51       2.6  T
   5    -50.7376049 -0.616896E-07  0.233E-03    8.51       8.4  T
   6    -50.7376049 -0.626810E-08  0.139E-03    8.51      14.1  T
speedup  0.94
cpu  time for SCC    0.00 s
wall time for SCC    0.01 s
speedup  0.99
cpu  time for grad    0.01 s
wall time for grad    0.01 s
 E :    -50.44774602  G :  0.020092    pred/act E change: -0.241D-03 -0.930D-04
Maxdispl :   0.0647   ||displ|| :   0.1436   Lambda : -0.561D-03
Largest |displ|/coords:  0.0647 (   5)  0.0465 (   7)  0.0435 (   1)
................................................................................
.............................. CYCLE   15 ......................................
................................................................................
   1    -50.7381147 -0.507381E+02  0.114E-01    8.48       0.0  T
   2    -50.7381202 -0.556875E-05  0.855E-02    8.48       1.0  T
   3    -50.7381244 -0.420493E-05  0.141E-02    8.49       1.4  T
   4    -50.7381251 -0.681380E-06  0.417E-03    8.48       4.7  T
   5    -50.7381251 -0.255786E-07  0.165E-03    8.48      11.9  T
speedup  0.91
cpu  time for SCC    0.00 s
wall time for SCC    0.00 s
speedup  0.98
cpu  time for grad    0.01 s
wall time for grad    0.01 s
 E :    -50.44792993  G :  0.012389    pred/act E change: -0.256D-03 -0.184D-03
Maxdispl :   0.0601   ||displ|| :   0.1406   Lambda : -0.398D-03
Largest |displ|/coords:  0.0601 (  10)  0.0468 (  14)  0.0456 (   9)
................................................................................
.............................. CYCLE   16 ......................................
................................................................................
   1    -50.7392556 -0.507393E+02  0.111E-01    8.48       0.0  T
   2    -50.7392592 -0.353897E-05  0.834E-02    8.47       1.0  T
   3    -50.7392610 -0.188109E-05  0.111E-02    8.46       1.8  T
   4    -50.7392616 -0.581662E-06  0.365E-03    8.47       5.4  T
   5    -50.7392616 -0.226343E-07  0.125E-03    8.47      15.7  T
   6    -50.7392617 -0.176093E-08  0.623E-04    8.47      31.5  T
speedup  0.93
cpu  time for SCC    0.00 s
wall time for SCC    0.01 s
speedup  0.98
cpu  time for grad    0.01 s
wall time for grad    0.01 s
 E :    -50.44803450  G :  0.009655    pred/act E change: -0.286D-03 -0.105D-03
Maxdispl :   0.0570   ||displ|| :   0.1355   Lambda : -0.289D-03
Largest |displ|/coords:  0.0570 (   5)  0.0425 (   8)  0.0416 (   2)
................................................................................
.............................. CYCLE   17 ......................................
................................................................................
   1    -50.7396572 -0.507397E+02  0.964E-02    8.47       0.0  T
   2    -50.7396587 -0.145895E-05  0.721E-02    8.47       1.0  T
   3    -50.7396601 -0.137275E-05  0.847E-03    8.48       2.3  T
   4    -50.7396602 -0.137335E-06  0.315E-03    8.48       6.2  T
   5    -50.7396602 -0.960760E-08  0.827E-04    8.48      23.7  T
   6    -50.7396602 -0.613539E-09  0.517E-04    8.48      37.9  T
speedup  1.15
cpu  time for SCC    0.01 s
wall time for SCC    0.01 s
speedup  1.06
cpu  time for grad    0.01 s
wall time for grad    0.01 s
 E :    -50.44816757  G :  0.008208    pred/act E change: -0.203D-03 -0.133D-03
Maxdispl :   0.0810   ||displ|| :   0.1665   Lambda : -0.304D-03
Largest |displ|/coords:  0.0810 (   5)  0.0741 (   2)  0.0521 (   6)
................................................................................
.............................. CYCLE   18 ......................................
................................................................................
   1    -50.7397927 -0.507398E+02  0.133E-01    8.51       0.0  T
   2    -50.7397980 -0.522271E-05  0.988E-02    8.51       1.0  T
   3    -50.7398023 -0.431590E-05  0.163E-02    8.52       1.2  T
   4    -50.7398028 -0.561500E-06  0.467E-03    8.52       4.2  T
   5    -50.7398029 -0.260938E-07  0.146E-03    8.52      13.5  T
   6    -50.7398029 -0.250137E-08  0.790E-04    8.52      24.8  T
speedup  1.13
cpu  time for SCC    0.01 s
wall time for SCC    0.01 s
speedup  0.98
cpu  time for grad    0.01 s
wall time for grad    0.01 s
 E :    -50.44815454  G :  0.012201    pred/act E change: -0.147D-03  0.130D-04
Maxdispl :   0.1007   ||displ|| :   0.2307   Lambda : -0.443D-03
Largest |displ|/coords:  0.1007 (   5)  0.0956 (   2)  0.0769 (  14)
................................................................................
.............................. CYCLE   19 ......................................
................................................................................
   1    -50.7358810 -0.507359E+02  0.167E-01    8.48       0.0  T
   2    -50.7358905 -0.950956E-05  0.125E-01    8.49       1.0  T
   3    -50.7358974 -0.693703E-05  0.185E-02    8.51       1.1  T
   4    -50.7358987 -0.129851E-05  0.556E-03    8.51       3.5  T
   5    -50.7358988 -0.528119E-07  0.232E-03    8.50       8.5  T
   6    -50.7358988 -0.568772E-08  0.125E-03    8.50      15.8  T
speedup  0.94
cpu  time for SCC    0.00 s
wall time for SCC    0.01 s
speedup  0.99
cpu  time for grad    0.01 s
wall time for grad    0.01 s
 E :    -50.44821166  G :  0.020115    pred/act E change: -0.156D-03 -0.571D-04
Maxdispl :   0.1050   ||displ|| :   0.2058   Lambda : -0.696D-03
Largest |displ|/coords:  0.1050 (  12)  0.0813 (  15)  0.0746 (   5)
................................................................................
.............................. CYCLE   20 ......................................
................................................................................
   1    -50.7450021 -0.507450E+02  0.187E-01    8.52       0.0  T
   2    -50.7450203 -0.182670E-04  0.138E-01    8.50       1.0  T
   3    -50.7450327 -0.123951E-04  0.257E-02    8.46       1.0  T
   4    -50.7450348 -0.206039E-05  0.586E-03    8.47       3.3  T
   5    -50.7450348 -0.539164E-07  0.277E-03    8.47       7.1  T
speedup  1.14
cpu  time for SCC    0.01 s
wall time for SCC    0.00 s
speedup  1.06
cpu  time for grad    0.01 s
wall time for grad    0.01 s
 E :    -50.44808963  G :  0.022049    pred/act E change: -0.233D-03  0.122D-03
Maxdispl :   0.0688   ||displ|| :   0.1396   Lambda : -0.826D-03
Largest |displ|/coords:  0.0688 (   9)  0.0464 (  17)  0.0445 (  16)
................................................................................
.............................. CYCLE   21 ......................................
................................................................................
   1    -50.7390800 -0.507391E+02  0.142E-01    8.44       0.0  T
   2    -50.7390905 -0.104606E-04  0.107E-01    8.45       1.0  T
   3    -50.7390989 -0.839869E-05  0.187E-02    8.46       1.1  T
   4    -50.7391002 -0.126909E-05  0.557E-03    8.46       3.5  T
   5    -50.7391002 -0.439555E-07  0.229E-03    8.46       8.6  T
speedup  1.14
cpu  time for SCC    0.00 s
wall time for SCC    0.00 s
speedup  0.98
cpu  time for grad    0.01 s
wall time for grad    0.01 s
 E :    -50.44831240  G :  0.013894    pred/act E change: -0.363D-03 -0.223D-03
Maxdispl :   0.1090   ||displ|| :   0.2139   Lambda : -0.706D-03
Largest |displ|/coords:  0.1090 (  15)  0.1061 (   2)  0.0808 (   5)
................................................................................
.............................. CYCLE   22 ......................................
................................................................................
   1    -50.7366967 -0.507367E+02  0.210E-01    8.50       0.0  T
   2    -50.7367214 -0.247950E-04  0.156E-01    8.51       1.0  T
   3    -50.7367360 -0.145948E-04  0.300E-02    8.54       1.0  T
   4    -50.7367394 -0.333420E-05  0.732E-03    8.53       2.7  T
   5    -50.7367395 -0.838261E-07  0.301E-03    8.53       6.5  T
   6    -50.7367395 -0.720522E-08  0.155E-03    8.53      12.7  T
   7    -50.7367395 -0.451912E-08  0.377E-04    8.53      52.1  T
speedup  0.98
cpu  time for SCC    0.01 s
wall time for SCC    0.01 s
speedup  1.00
cpu  time for grad    0.01 s
wall time for grad    0.01 s
 E :    -50.44808243  G :  0.024660    pred/act E change: -0.421D-03  0.230D-03
Maxdispl :   0.0599   ||displ|| :   0.1465   Lambda : -0.104D-02
Largest |displ|/coords:  0.0599 (  15)  0.0584 (   8)  0.0479 (   6)
................................................................................
.............................. CYCLE   23 ......................................
................................................................................
   1    -50.7404989 -0.507405E+02  0.132E-01    8.55       0.0  T
   2    -50.7405092 -0.103677E-04  0.977E-02    8.54       1.0  T
   3    -50.7405155 -0.626504E-05  0.181E-02    8.52       1.1  T
   4    -50.7405168 -0.132934E-05  0.432E-03    8.53       4.5  T
   5    -50.7405169 -0.282355E-07  0.211E-03    8.53       9.3  T
speedup  1.14
cpu  time for SCC    0.01 s
wall time for SCC    0.00 s
speedup  1.06
cpu  time for grad    0.01 s
wall time for grad    0.01 s
 E :    -50.44849186  G :  0.012172    pred/act E change: -0.369D-03 -0.409D-03
Maxdispl :   0.0727   ||displ|| :   0.1255   Lambda : -0.331D-03
Largest |displ|/coords:  0.0727 (   7)  0.0366 (  12)  0.0304 (  17)
................................................................................
.............................. CYCLE   24 ......................................
................................................................................
   1    -50.7393814 -0.507394E+02  0.102E-01    8.42       0.0  T
   2    -50.7393869 -0.545642E-05  0.751E-02    8.41       1.0  T
   3    -50.7393904 -0.355921E-05  0.181E-02    8.41       1.1  T
   4    -50.7393911 -0.638049E-06  0.500E-03    8.41       3.9  T
   5    -50.7393911 -0.416450E-07  0.154E-03    8.41      12.7  T
   6    -50.7393911 -0.249174E-08  0.810E-04    8.41      24.2  T
speedup  1.11
cpu  time for SCC    0.01 s
wall time for SCC    0.01 s
speedup  1.05
cpu  time for grad    0.01 s
wall time for grad    0.01 s
 E :    -50.44851571  G :  0.010030    pred/act E change: -0.529D-03 -0.239D-04
Maxdispl :   0.0379   ||displ|| :   0.0838   Lambda : -0.223D-03
Largest |displ|/coords:  0.0379 (   2)  0.0314 (   7)  0.0288 (  15)
................................................................................
.............................. CYCLE   25 ......................................
................................................................................
   1    -50.7396027 -0.507396E+02  0.644E-02    8.49       0.0  T
   2    -50.7396047 -0.199860E-05  0.480E-02    8.49       1.0  T
   3    -50.7396058 -0.110859E-05  0.100E-02    8.50       2.0  T
   4    -50.7396061 -0.282760E-06  0.284E-03    8.50       6.9  T
   5    -50.7396061 -0.139494E-07  0.881E-04    8.50      22.3  T
speedup  1.11
cpu  time for SCC    0.00 s
wall time for SCC    0.00 s
speedup  0.97
cpu  time for grad    0.01 s
wall time for grad    0.01 s
 E :    -50.44865033  G :  0.005151    pred/act E change: -0.168D-03 -0.135D-03
Maxdispl :   0.0851   ||displ|| :   0.1579   Lambda : -0.122D-03
Largest |displ|/coords:  0.0851 (   2)  0.0576 (   6)  0.0478 (   5)

generating ANC from model Hessian ...
 Shifting diagonal of input Hessian by   4.824795965307323E-003
 Lowest  eigenvalues of input Hessian
   -0.000000   -0.000000   -0.000000    0.000000    0.000000    0.000000
    0.005000    0.005351    0.005466    0.006033    0.006089    0.006516
    0.006848    0.007034    0.007696    0.008156    0.008491    0.009470
 Highest eigenvalues
    1.394505    1.398453    1.402852    2.601466    3.250729    3.848431
 
cpu  time for ANC gen    0.02 s
wall time for ANC gen    0.02 s
................................................................................
.............................. CYCLE   26 ......................................
................................................................................
   1    -50.7390224 -0.507390E+02  0.112E-01    8.48       0.0  T
   2    -50.7390247 -0.231287E-05  0.847E-02    8.48       1.0  T
   3    -50.7390271 -0.237342E-05  0.881E-03    8.48       2.2  T
   4    -50.7390273 -0.219222E-06  0.271E-03    8.49       7.2  T
   5    -50.7390273 -0.939861E-08  0.112E-03    8.49      17.5  T
   6    -50.7390273 -0.184206E-08  0.608E-04    8.49      32.3  T
   7    -50.7390273 -0.701590E-09  0.160E-04    8.49     122.8  T
speedup  0.97
cpu  time for SCC    0.01 s
wall time for SCC    0.01 s
speedup  1.02
cpu  time for grad    0.01 s
wall time for grad    0.01 s
 E :    -50.44870103  G :  0.009673    pred/act E change:  0.000D+00 -0.507D-04
Maxdispl :   0.0800   ||displ|| :   0.1304   Lambda : -0.261D-03
Largest |displ|/coords:  0.0800 (   6)  0.0558 (  16)  0.0369 (  11)
................................................................................
.............................. CYCLE   27 ......................................
................................................................................
   1    -50.7394326 -0.507394E+02  0.113E-01    8.49       0.0  T
   2    -50.7394337 -0.105653E-05  0.851E-02    8.49       1.0  T
   3    -50.7394349 -0.125859E-05  0.591E-03    8.49       3.3  T
   4    -50.7394350 -0.655663E-07  0.185E-03    8.49      10.6  T
   5    -50.7394350 -0.358176E-08  0.926E-04    8.49      21.2  T
speedup  0.89
cpu  time for SCC    0.00 s
wall time for SCC    0.00 s
speedup  0.97
cpu  time for grad    0.01 s
wall time for grad    0.01 s
 E :    -50.44888171  G :  0.004253    pred/act E change:  0.000D+00 -0.181D-03
Maxdispl :   0.1069   ||displ|| :   0.2179   Lambda : -0.247D-03
Largest |displ|/coords:  0.1069 (   6)  0.0774 (   1)  0.0762 (  11)
................................................................................
.............................. CYCLE   28 ......................................
................................................................................
   1    -50.7389811 -0.507390E+02  0.179E-01    8.47       0.0  T
   2    -50.7389849 -0.379774E-05  0.136E-01    8.47       1.0  T
   3    -50.7389900 -0.512891E-05  0.109E-02    8.47       1.8  T
   4    -50.7389902 -0.156092E-06  0.409E-03    8.47       4.8  T
   5    -50.7389902 -0.178673E-07  0.153E-03    8.47      12.8  T
   6    -50.7389902 -0.338028E-08  0.680E-04    8.47      28.8  T
speedup  0.94
cpu  time for SCC    0.00 s
wall time for SCC    0.01 s
speedup  0.98
cpu  time for grad    0.01 s
wall time for grad    0.01 s
 E :    -50.44903219  G :  0.006604    pred/act E change: -0.133D-03 -0.150D-03
Maxdispl :   0.0903   ||displ|| :   0.1717   Lambda : -0.132D-03
Largest |displ|/coords:  0.0903 (   6)  0.0709 (   1)  0.0579 (  11)
................................................................................
.............................. CYCLE   29 ......................................
................................................................................
   1    -50.7388632 -0.507389E+02  0.105E-01    8.47       0.0  T
   2    -50.7388644 -0.111921E-05  0.796E-02    8.47       1.0  T
   3    -50.7388657 -0.130634E-05  0.595E-03    8.47       3.3  T
   4    -50.7388658 -0.846964E-07  0.259E-03    8.47       7.6  T
   5    -50.7388658 -0.628953E-08  0.832E-04    8.47      23.6  T
speedup  1.09
cpu  time for SCC    0.00 s
wall time for SCC    0.00 s
speedup  1.04
cpu  time for grad    0.01 s
wall time for grad    0.01 s
 E :    -50.44913741  G :  0.006262    pred/act E change: -0.129D-03 -0.105D-03
Maxdispl :   0.1521   ||displ|| :   0.3081   Lambda : -0.228D-03
Largest |displ|/coords:  0.1521 (   1)  0.1420 (   6)  0.1127 (   5)
................................................................................
.............................. CYCLE   30 ......................................
................................................................................
   1    -50.7393208 -0.507393E+02  0.152E-01    8.47       0.0  T
   2    -50.7393239 -0.317312E-05  0.115E-01    8.47       1.0  T
   3    -50.7393271 -0.312260E-05  0.109E-02    8.47       1.8  T
   4    -50.7393274 -0.335458E-06  0.491E-03    8.47       4.0  T
   5    -50.7393274 -0.218736E-07  0.125E-03    8.47      15.7  T
   6    -50.7393274 -0.197402E-08  0.815E-04    8.47      24.1  T
speedup  1.13
cpu  time for SCC    0.01 s
wall time for SCC    0.01 s
speedup  1.06
cpu  time for grad    0.01 s
wall time for grad    0.01 s
 E :    -50.44929067  G :  0.002733    pred/act E change: -0.678D-04 -0.153D-03
Maxdispl :   0.2180   ||displ|| :   0.4057   Lambda : -0.171D-03
Largest |displ|/coords:  0.2180 (   6)  0.1913 (   1)  0.1416 (  11)
................................................................................
.............................. CYCLE   31 ......................................
................................................................................
   1    -50.7363093 -0.507363E+02  0.242E-01    8.44       0.0  T
   2    -50.7363189 -0.954035E-05  0.183E-01    8.44       1.0  T
   3    -50.7363297 -0.108076E-04  0.177E-02    8.44       1.1  T
   4    -50.7363305 -0.862072E-06  0.748E-03    8.44       2.6  T
   5    -50.7363306 -0.576762E-07  0.261E-03    8.44       7.5  T
   6    -50.7363306 -0.110288E-07  0.150E-03    8.44      13.1  T
   7    -50.7363306 -0.458950E-08  0.345E-04    8.44      56.9  T
   8    -50.7363306 -0.361112E-09  0.132E-04    8.44     148.4  T
speedup  1.00
cpu  time for SCC    0.01 s
wall time for SCC    0.01 s
speedup  1.03
cpu  time for grad    0.02 s
wall time for grad    0.02 s
 E :    -50.44925779  G :  0.015546    pred/act E change: -0.125D-03  0.329D-04
Maxdispl :   0.0495   ||displ|| :   0.0944   Lambda : -0.355D-03
Largest |displ|/coords:  0.0495 (  16)  0.0416 (  11)  0.0305 (   6)
................................................................................
.............................. CYCLE   32 ......................................
................................................................................
   1    -50.7394300 -0.507394E+02  0.858E-02    8.47       0.0  T
   2    -50.7394326 -0.258936E-05  0.645E-02    8.47       1.0  T
   3    -50.7394349 -0.229975E-05  0.931E-03    8.46       2.1  T
   4    -50.7394352 -0.308335E-06  0.320E-03    8.47       6.1  T
   5    -50.7394352 -0.120770E-07  0.118E-03    8.47      16.6  T
   6    -50.7394352 -0.159918E-08  0.543E-04    8.47      36.1  T
speedup  1.13
cpu  time for SCC    0.01 s
wall time for SCC    0.01 s
speedup  0.98
cpu  time for grad    0.01 s
wall time for grad    0.01 s
 E :    -50.44940903  G :  0.003737    pred/act E change: -0.994D-04 -0.151D-03
Maxdispl :   0.0697   ||displ|| :   0.1108   Lambda : -0.628D-04
Largest |displ|/coords:  0.0697 (   1)  0.0418 (   6)  0.0310 (  14)
................................................................................
.............................. CYCLE   33 ......................................
................................................................................
   1    -50.7394679 -0.507395E+02  0.675E-02    8.46       0.0  T
   2    -50.7394686 -0.730868E-06  0.511E-02    8.46       1.0  T
   3    -50.7394695 -0.889322E-06  0.525E-03    8.47       3.7  T
   4    -50.7394695 -0.492483E-07  0.205E-03    8.47       9.6  T
   5    -50.7394695 -0.467312E-08  0.631E-04    8.47      31.1  T
   6    -50.7394695 -0.513701E-09  0.401E-04    8.47      48.9  T
speedup  0.94
cpu  time for SCC    0.00 s
wall time for SCC    0.01 s
speedup  1.01
cpu  time for grad    0.01 s
wall time for grad    0.01 s
 E :    -50.44944984  G :  0.002767    pred/act E change: -0.179D-03 -0.408D-04
Maxdispl :   0.1475   ||displ|| :   0.2554   Lambda : -0.746D-04
Largest |displ|/coords:  0.1475 (   1)  0.1345 (   6)  0.0844 (  14)
................................................................................
.............................. CYCLE   34 ......................................
................................................................................
   1    -50.7382098 -0.507382E+02  0.147E-01    8.45       0.0  T
   2    -50.7382133 -0.353198E-05  0.111E-01    8.45       1.0  T
   3    -50.7382175 -0.424068E-05  0.121E-02    8.46       1.6  T
   4    -50.7382178 -0.261779E-06  0.442E-03    8.46       4.4  T
   5    -50.7382178 -0.258346E-07  0.157E-03    8.46      12.5  T
   6    -50.7382178 -0.364639E-08  0.986E-04    8.46      19.9  T
   7    -50.7382178 -0.158379E-08  0.218E-04    8.46      89.8  T
speedup  0.97
cpu  time for SCC    0.01 s
wall time for SCC    0.01 s
speedup  0.95
cpu  time for grad    0.01 s
wall time for grad    0.01 s
 E :    -50.44948711  G :  0.005047    pred/act E change: -0.318D-04 -0.373D-04
Maxdispl :   0.0211   ||displ|| :   0.0308   Lambda : -0.257D-04
Largest |displ|/coords:  0.0211 (   3)  0.0080 (  13)  0.0071 (   6)
................................................................................
.............................. CYCLE   35 ......................................
................................................................................
   1    -50.7389443 -0.507389E+02  0.222E-02    8.47       0.0  T
   2    -50.7389444 -0.141081E-06  0.164E-02    8.47       1.2  T
   3    -50.7389445 -0.987797E-07  0.292E-03    8.47       6.7  T
   4    -50.7389445 -0.162865E-07  0.816E-04    8.47      24.0  T
speedup  0.86
cpu  time for SCC    0.00 s
wall time for SCC    0.00 s
speedup  0.96
cpu  time for grad    0.01 s
wall time for grad    0.01 s
 E :    -50.44950515  G :  0.002411    pred/act E change: -0.397D-04 -0.180D-04
Maxdispl :   0.0436   ||displ|| :   0.0797   Lambda : -0.194D-04
Largest |displ|/coords:  0.0436 (   1)  0.0376 (   6)  0.0247 (   3)
................................................................................
.............................. CYCLE   36 ......................................
................................................................................
   1    -50.7393894 -0.507394E+02  0.516E-02    8.48       0.0  T
   2    -50.7393898 -0.409023E-06  0.385E-02    8.48       1.0  T
   3    -50.7393902 -0.446949E-06  0.522E-03    8.48       3.8  T
   4    -50.7393903 -0.296926E-07  0.140E-03    8.48      14.0  T
   5    -50.7393903 -0.306143E-08  0.474E-04    8.48      41.3  T
   6    -50.7393903 -0.230152E-09  0.290E-04    8.48      67.7  T
speedup  0.94
cpu  time for SCC    0.00 s
wall time for SCC    0.01 s
speedup  1.01
cpu  time for grad    0.01 s
wall time for grad    0.01 s
 E :    -50.44951854  G :  0.001401    pred/act E change: -0.128D-04 -0.134D-04
Maxdispl :   0.0345   ||displ|| :   0.0690   Lambda : -0.122D-04
Largest |displ|/coords:  0.0345 (   1)  0.0312 (   6)  0.0264 (   3)
................................................................................
.............................. CYCLE   37 ......................................
................................................................................
   1    -50.7395617 -0.507396E+02  0.443E-02    8.49       0.0  T
   2    -50.7395620 -0.328106E-06  0.332E-02    8.49       1.0  T
   3    -50.7395624 -0.349734E-06  0.457E-03    8.48       4.3  T
   4    -50.7395624 -0.261750E-07  0.136E-03    8.48      14.4  T
   5    -50.7395624 -0.232036E-08  0.384E-04    8.48      51.1  T
   6    -50.7395624 -0.134712E-09  0.240E-04    8.48      81.7  T
speedup  0.86
cpu  time for SCC    0.00 s
wall time for SCC    0.01 s
speedup  0.98
cpu  time for grad    0.01 s
wall time for grad    0.01 s
 E :    -50.44952719  G :  0.001129    pred/act E change: -0.975D-05 -0.866D-05
Maxdispl :   0.0284   ||displ|| :   0.0693   Lambda : -0.101D-04
Largest |displ|/coords:  0.0284 (   3)  0.0274 (   1)  0.0248 (   6)
................................................................................
.............................. CYCLE   38 ......................................
................................................................................
   1    -50.7396045 -0.507396E+02  0.441E-02    8.49       0.0  T
   2    -50.7396048 -0.318570E-06  0.331E-02    8.48       1.0  T
   3    -50.7396051 -0.350807E-06  0.415E-03    8.48       4.7  T
   4    -50.7396051 -0.243356E-07  0.131E-03    8.48      15.0  T
   5    -50.7396051 -0.202997E-08  0.375E-04    8.48      52.3  T
   6    -50.7396051 -0.132388E-09  0.233E-04    8.48      84.0  T
speedup  1.02
cpu  time for SCC    0.01 s
wall time for SCC    0.01 s
speedup  1.04
cpu  time for grad    0.01 s
wall time for grad    0.01 s
 E :    -50.44953313  G :  0.001326    pred/act E change: -0.611D-05 -0.593D-05
Maxdispl :   0.0204   ||displ|| :   0.0399   Lambda : -0.595D-05
Largest |displ|/coords:  0.0204 (   3)  0.0137 (   6)  0.0119 (  17)
................................................................................
.............................. CYCLE   39 ......................................
................................................................................
   1    -50.7395206 -0.507395E+02  0.260E-02    8.48       0.0  T
   2    -50.7395207 -0.118849E-06  0.195E-02    8.48       1.0  T
   3    -50.7395208 -0.115438E-06  0.251E-03    8.48       7.8  T
   4    -50.7395208 -0.116405E-07  0.946E-04    8.48      20.7  T
   5    -50.7395208 -0.849163E-09  0.215E-04    8.48      91.3  T
speedup  1.11
cpu  time for SCC    0.01 s
wall time for SCC    0.00 s
speedup  1.00
cpu  time for grad    0.01 s
wall time for grad    0.01 s
 E :    -50.44953652  G :  0.001037    pred/act E change: -0.509D-05 -0.339D-05
Maxdispl :   0.0108   ||displ|| :   0.0212   Lambda : -0.344D-05
Largest |displ|/coords:  0.0108 (   1)  0.0087 (   3)  0.0082 (   7)
................................................................................
.............................. CYCLE   40 ......................................
................................................................................
   1    -50.7395386 -0.507395E+02  0.111E-02    8.48       0.0  T
   2    -50.7395387 -0.293351E-07  0.807E-03    8.48       2.4  T
   3    -50.7395387 -0.235243E-07  0.131E-03    8.48      15.0  T
   4    -50.7395387 -0.247677E-08  0.463E-04    8.48      42.4  T
   5    -50.7395387 -0.358888E-09  0.108E-04    8.48     181.4  T
speedup  0.89
cpu  time for SCC    0.00 s
wall time for SCC    0.00 s
speedup  1.00
cpu  time for grad    0.01 s
wall time for grad    0.01 s
 E :    -50.44953895  G :  0.000757    pred/act E change: -0.298D-05 -0.243D-05
Maxdispl :   0.0073   ||displ|| :   0.0185   Lambda : -0.281D-05
Largest |displ|/coords:  0.0073 (   7)  0.0070 (   1)  0.0056 (   2)
................................................................................
.............................. CYCLE   41 ......................................
................................................................................
   1    -50.7394422 -0.507394E+02  0.127E-02    8.47       0.0  T
   2    -50.7394422 -0.323704E-07  0.932E-03    8.47       2.1  T
   3    -50.7394422 -0.247012E-07  0.147E-03    8.48      13.3  T
   4    -50.7394422 -0.289873E-08  0.523E-04    8.47      37.5  T
   5    -50.7394422 -0.229321E-09  0.911E-05    8.47     215.4  T
speedup  0.89
cpu  time for SCC    0.00 s
wall time for SCC    0.00 s
speedup  1.01
cpu  time for grad    0.01 s
wall time for grad    0.01 s
 E :    -50.44954055  G :  0.000550    pred/act E change: -0.172D-05 -0.161D-05
Maxdispl :   0.0073   ||displ|| :   0.0124   Lambda : -0.898D-06
Largest |displ|/coords:  0.0073 (   1)  0.0042 (   7)  0.0040 (   6)
................................................................................
.............................. CYCLE   42 ......................................
................................................................................
   1    -50.7394821 -0.507395E+02  0.738E-03    8.47       0.0  T
   2    -50.7394821 -0.104262E-07  0.544E-03    8.47       3.6  T
   3    -50.7394821 -0.985919E-08  0.878E-04    8.47      22.3  T
   4    -50.7394821 -0.789584E-09  0.302E-04    8.47      64.9  T
speedup  1.11
cpu  time for SCC    0.00 s
wall time for SCC    0.00 s
speedup  1.07
cpu  time for grad    0.01 s
wall time for grad    0.01 s
 E :    -50.44954122  G :  0.000433    pred/act E change: -0.140D-05 -0.674D-06
Maxdispl :   0.0078   ||displ|| :   0.0186   Lambda : -0.121D-05
Largest |displ|/coords:  0.0078 (  11)  0.0075 (   5)  0.0070 (   2)
................................................................................
.............................. CYCLE   43 ......................................
................................................................................
   1    -50.7394605 -0.507395E+02  0.110E-02    8.47       0.0  T
   2    -50.7394605 -0.219157E-07  0.818E-03    8.47       2.4  T
   3    -50.7394605 -0.181514E-07  0.115E-03    8.47      17.0  T
   4    -50.7394605 -0.230649E-08  0.462E-04    8.47      42.5  T
   5    -50.7394605 -0.155033E-09  0.775E-05    8.47     253.0  T
speedup  1.14
cpu  time for SCC    0.00 s
wall time for SCC    0.00 s
speedup  1.01
cpu  time for grad    0.01 s
wall time for grad    0.01 s
 E :    -50.44954204  G :  0.000441    pred/act E change: -0.449D-06 -0.818D-06
Maxdispl :   0.0056   ||displ|| :   0.0129   Lambda : -0.565D-06
Largest |displ|/coords:  0.0056 (   2)  0.0056 (  11)  0.0036 (  12)
................................................................................
.............................. CYCLE   44 ......................................
................................................................................
   1    -50.7394754 -0.507395E+02  0.742E-03    8.47       0.0  T
   2    -50.7394754 -0.105060E-07  0.552E-03    8.47       3.6  T
   3    -50.7394754 -0.919561E-08  0.769E-04    8.47      25.5  T
   4    -50.7394754 -0.101839E-08  0.281E-04    8.47      69.7  T
speedup  0.86
cpu  time for SCC    0.00 s
wall time for SCC    0.00 s
speedup  1.00
cpu  time for grad    0.01 s
wall time for grad    0.01 s
 E :    -50.44954242  G :  0.000409    pred/act E change: -0.604D-06 -0.376D-06
Maxdispl :   0.0036   ||displ|| :   0.0089   Lambda : -0.309D-06
Largest |displ|/coords:  0.0036 (  11)  0.0035 (   2)  0.0033 (   5)
................................................................................
.............................. CYCLE   45 ......................................
................................................................................
   1    -50.7393951 -0.507394E+02  0.509E-03    8.47       0.0  T
   2    -50.7393951 -0.527542E-08  0.382E-03    8.47       5.1  T
   3    -50.7393951 -0.473903E-08  0.450E-04    8.47      43.5  T
   4    -50.7393951 -0.602832E-09  0.192E-04    8.47     102.1  T
speedup  0.81
cpu  time for SCC    0.00 s
wall time for SCC    0.00 s
speedup  0.99
cpu  time for grad    0.01 s
wall time for grad    0.01 s
 E :    -50.44954263  G :  0.000267    pred/act E change: -0.282D-06 -0.208D-06
Maxdispl :   0.0044   ||displ|| :   0.0086   Lambda : -0.242D-06
Largest |displ|/coords:  0.0044 (   6)  0.0036 (  13)  0.0025 (   2)
................................................................................
.............................. CYCLE   46 ......................................
................................................................................
   1    -50.7394126 -0.507394E+02  0.543E-03    8.47       0.0  T
   2    -50.7394126 -0.710314E-08  0.407E-03    8.47       4.8  T
   3    -50.7394126 -0.581532E-08  0.571E-04    8.47      34.4  T
   4    -50.7394126 -0.920508E-09  0.223E-04    8.47      87.8  T
speedup  1.11
cpu  time for SCC    0.00 s
wall time for SCC    0.00 s
speedup  1.08
cpu  time for grad    0.01 s
wall time for grad    0.01 s
 E :    -50.44954277  G :  0.000167    pred/act E change: -0.163D-06 -0.142D-06
Maxdispl :   0.0016   ||displ|| :   0.0034   Lambda : -0.978D-07
Largest |displ|/coords:  0.0016 (  13)  0.0015 (   4)  0.0013 (  14)
................................................................................
.............................. CYCLE   47 ......................................
................................................................................
   1    -50.7393886 -0.507394E+02  0.246E-03    8.47       0.0  T
   2    -50.7393886 -0.103919E-08  0.184E-03    8.47      10.7  T
   3    -50.7393886 -0.792433E-09  0.206E-04    8.47      95.3  T
   4    -50.7393886 -0.150791E-09  0.733E-05    8.47     267.5  T
speedup  1.08
cpu  time for SCC    0.00 s
wall time for SCC    0.00 s
speedup  0.98
cpu  time for grad    0.01 s
wall time for grad    0.01 s
 E :    -50.44954284  G :  0.000128    pred/act E change: -0.121D-06 -0.708D-07
Maxdispl :   0.0026   ||displ|| :   0.0050   Lambda : -0.796D-07
Largest |displ|/coords:  0.0026 (  13)  0.0022 (  14)  0.0019 (   6)

   *** GEOMETRY OPTIMIZATION CONVERGED AFTER 47 ITERATIONS ***

------------------------------------------------------------------------
 total energy gain (kcal):     -0.5282
------------------------------------------------------------------------
================
 final structure:
================
$coord
       -2.17153618610942       -1.60270162693736        3.86968017563930      S 
       -3.20961763487962       -2.56030169253125        1.51982969507694      O 
       -2.53190679129793       -3.12951536919785        6.03583038885471      O 
        0.69779824973023       -1.14838585804646        3.36121051006204      O 
       -3.15112281464450        1.07459665297624        4.36981233540310      O 
       -2.69868978206379        2.19463770662031        2.86485280234067      H 
        1.10884567450645       -2.20837699862542        1.78522176955813      H 
        2.95407510507448        3.59672567363479       -0.90707432377464      O 
        3.73264982793979        5.19284723263602       -0.55112505695853      H 
        3.96073805230371        2.31124644092661       -0.01052956026112      H 
       -2.01796330016990        3.60713120028739        0.46136210644215      O 
       -2.87506430050070        2.63266554014077       -0.85241666946587      H 
       -0.21669572731438        3.58304056399062        0.04119338825558      H 
       -4.39517375038931        0.13852804293717       -2.46198866271405      O 
       -4.02297074240979       -1.00904986502688       -1.04009650453477      H 
       -6.20091904462126        0.21561969722063       -2.58056631655032      H 
        5.47636376812176       -0.02682426267197        1.57404535798078      O 
        5.32863980828985       -1.57016948250692        0.62400151859623      H 
        4.33615471588383       -0.21112370881632        2.98588128491039      H 
        1.54147075742333       -3.72328594382916       -0.55384950456117      O 
        1.37131251409540       -2.48495958746657       -2.02082796993295      H 
       -0.03199897326047       -4.63399730180406       -0.51736503738452      H 
        0.88046419067521       -0.43977759046963       -4.18765434108543      N 
        1.68138059612747        1.20813611927335       -3.62125609280336      H 
       -1.02080734776812       -0.18663643861317       -4.22485898240623      H 
        1.47457315416252       -0.82006918190442       -5.96331234848460      H 
$end
 
 Bond Distances (Angstroems)
 ---------------------------
S1-O2=1.4508         S1-O3=1.4153         S1-O4=1.5607         S1-O5=1.5317         O2-S1=1.4508         O3-S1=1.4153         
O4-S1=1.5607         O4-H7=1.0283         O5-S1=1.5317         O5-H6=1.0212         H6-O5=1.0212         H7-O4=1.0283         
O8-H9=0.9585         O8-H10=0.9857        H9-O8=0.9585         H10-O8=0.9857        O11-H12=0.9772       O11-H13=0.9789       
H12-O11=0.9772       H13-O11=0.9789       O14-H15=0.9868       O14-H16=0.9585       H15-O14=0.9868       H16-O14=0.9585       
O17-H18=0.9622       O17-H19=0.9653       H18-O17=0.9622       H19-O17=0.9653       O20-H21=1.0199       O20-H22=0.9622       
H21-O20=1.0199       H22-O20=0.9622       N23-H24=1.0148       N23-H25=1.0152       N23-H26=1.0111       H24-N23=1.0148       
H25-N23=1.0152       H26-N23=1.0111       
 N  H  Rav=1.0137 sigma=0.0019  Rmin=1.0111  Rmax=1.0152     3
 O  H  Rav=0.9837 sigma=0.0247  Rmin=0.9585  Rmax=1.0283    12
 S  O  Rav=1.4896 sigma=0.0588  Rmin=1.4153  Rmax=1.5607     4
 
 selected bond angles (degree)
 --------------------
O3-S1-O2=116.34                O4-S1-O2=105.93                O4-S1-O3=111.02                O5-S1-O2=110.06                
O5-S1-O3=110.03                O5-S1-O4=102.51                H7-O4-S1=105.16                H6-O5-S1=108.83                
H10-O8-H9=106.34               
 
 selected dihedral angles (degree)
 ---------------------------------
H7-O4-S1-O2=340.96            H7-O4-S1-O3=108.11            H7-O4-S1-O5=225.57            H6-O5-S1-O2=303.26            
H6-O5-S1-O3=173.77            H6-O5-S1-O4= 55.61            
 
 CMA Distance (Angstroems)
 ---------------------------
R(CMA):  3.1187

========================================================================
 FINAL SINGLEPOINT CALCULATION ON OPTIMIZED GEOMETRY
========================================================================

 Ncao       : 65
 Nao        : 64
 Nshell     : 38
 Nel        : 80
 T(el)      :   300.0
 intcut     :    25.0
 scfconv/Eh :  0.100E-05
   qconv/e  :  0.100E-03
 intneglect :  0.100E-07
 broydamp   :      0.250
 iter      E             dE          RMSdq      gap      omega  full diag
   1    -50.7393886 -0.507394E+02  0.157E-05    8.47       0.0  T
   2    -50.7393886 -0.369482E-12  0.108E-05    8.47    1812.8  T
   3    -50.7393886 -0.298428E-12  0.359E-06    8.47    5460.7  T
speedup  0.74
cpu  time for SCC    0.00 s
wall time for SCC    0.00 s

   *** convergence criteria satisfied after 3 iterations ***

          eigenvalues
 #    :          28         29         30         31         32         33         34         35
 occ. :        2.000      2.000      2.000      2.000      2.000      2.000      2.000      2.000
 eps  :       -13.751    -13.627    -12.986    -12.644    -12.572    -12.510    -12.491    -12.481
 #    :          36         37         38         39         40         41         42         43
 occ. :        2.000      2.000      2.000      2.000      2.000      0.000      0.000      0.000
 eps  :       -12.404    -12.355    -12.149    -11.973    -11.357     -2.884     -0.726     -0.642
 #    :          44         45         46         47         48         49         50         51
 occ. :        0.000      0.000      0.000      0.000      0.000      0.000      0.000      0.000
 eps  :        -0.037      1.100      1.364      1.450      2.425      3.396      3.967      5.671


   #   Z            q   n(s)   n(p)   n(d)      C6AA      α(0)
   1  16 S      1.679  1.580  1.791  0.950    89.247    15.900
   2   8 O     -0.734  1.762  4.972  0.000    29.660     7.302
   3   8 O     -0.643  1.753  4.890  0.000    27.192     6.991
   4   8 O     -0.652  1.763  4.890  0.000    26.448     6.942
   5   8 O     -0.604  1.756  4.848  0.000    25.258     6.784
   6   1 H      0.394  0.606  0.000  0.000     0.492     1.099
   7   1 H      0.389  0.611  0.000  0.000     0.500     1.108
   8   8 O     -0.621  1.746  4.875  0.000    25.699     6.842
   9   1 H      0.287  0.713  0.000  0.000     0.761     1.371
  10   1 H      0.333  0.667  0.000  0.000     0.630     1.247
  11   8 O     -0.629  1.762  4.867  0.000    25.879     6.866
  12   1 H      0.327  0.673  0.000  0.000     0.645     1.261
  13   1 H      0.332  0.668  0.000  0.000     0.631     1.248
  14   8 O     -0.622  1.745  4.877  0.000    25.728     6.846
  15   1 H      0.335  0.665  0.000  0.000     0.625     1.242
  16   1 H      0.288  0.712  0.000  0.000     0.758     1.367
  17   8 O     -0.588  1.741  4.847  0.000    24.904     6.735
  18   1 H      0.311  0.689  0.000  0.000     0.688     1.303
  19   1 H      0.318  0.682  0.000  0.000     0.668     1.284
  20   8 O     -0.623  1.759  4.865  0.000    25.741     6.848
  21   1 H      0.333  0.667  0.000  0.000     0.625     1.240
  22   1 H      0.305  0.695  0.000  0.000     0.707     1.320
  23   7 N     -0.455  1.364  4.091  0.000    31.962     8.396
  24   1 H      0.192  0.808  0.000  0.000     1.146     1.677
  25   1 H      0.192  0.808  0.000  0.000     1.148     1.679
  26   1 H      0.155  0.845  0.000  0.000     1.366     1.831

 Mol. C6AA /au·bohr⁶  :       5447.122793
 Mol. C8AA /au·bohr⁸  :     117687.992922
 Mol. α(0) /au        :        106.731240

 
 Wiberg/Mayer (AO) data. WBOs > 0.1 written file <wbo>
 largest (>0.05) Wiberg bond orders for each atom
           total WBO             WBO to atom ...
     1  S   4.867    O    3 1.508    O    2 1.325    O    5 1.034    O    4 0.961
     2  O   1.723    S    1 1.325    O    3 0.119    O    5 0.089    O    4 0.087    H   15 0.066
     3  O   1.815    S    1 1.508    O    2 0.119    O    4 0.089    O    5 0.080
     4  O   1.933    S    1 0.961    H    7 0.658    O    3 0.089    O    2 0.087    O    5 0.059    O   20 0.055
     5  O   1.991    S    1 1.034    H    6 0.671    O    2 0.089    O    3 0.080    O    4 0.059
     6  H   0.845    O    5 0.671    O   11 0.155
     7  H   0.849    O    4 0.658    O   20 0.171
     8  O   1.866    H    9 0.912    H   10 0.816    H   13 0.055
     9  H   0.918    O    8 0.912
    10  H   0.889    O    8 0.816    O   17 0.070
    11  O   1.933    H   12 0.837    H   13 0.830    H    6 0.155
    12  H   0.893    O   11 0.837    O   14 0.053
    13  H   0.889    O   11 0.830    O    8 0.055
    14  O   1.864    H   16 0.910    H   15 0.817    H   12 0.053
    15  H   0.888    O   14 0.817    O    2 0.066
    16  H   0.917    O   14 0.910
    17  O   1.899    H   18 0.896    H   19 0.881    H   10 0.070
    18  H   0.903    O   17 0.896
    19  H   0.899    O   17 0.881
    20  O   1.947    H   22 0.897    H   21 0.745    H    7 0.171    N   23 0.060    O    4 0.055
    21  H   0.889    O   20 0.745    N   23 0.141
    22  H   0.907    O   20 0.897
    23  N   3.091    H   26 0.973    H   25 0.945    H   24 0.945    H   21 0.141    O   20 0.060
    24  H   0.963    N   23 0.945
    25  H   0.963    N   23 0.945
    26  H   0.976    N   23 0.973
 MOs/occ written to file <molden.input>
 
molecular dipole:
                 x           y           z       tot (Debye)
 q only:        0.828       0.563      -2.013
   full:        0.569       0.629      -2.258       6.132
molecular quadrupole (traceless):
                xx          xy          yy          xz          yz          zz
 q only:        5.418      -1.058       2.273       7.798       7.424      -7.691
  q+dip:        5.674       1.182       1.256       9.243       7.392      -6.931
   full:        5.938       1.295       1.240       9.049       7.531      -7.178

SCC energy    :     -50.7393886
rep           :       0.2894355
ES            :       0.2346448
AES           :      -0.0528800
AXC           :      -0.0071454
disp          :      -0.0189296
XB            :       0.0000000
fix           :       0.0000000
total E       :     -50.4495428
atomizationE  :       4.9798470     3124.90
(atE without considering molecular charge,
 total energy contains solvation terms)
H-L gap (eV)  :          8.4724
optimized geometry written to: xtbopt.xyz


------------------------------------------------------------------------
 * finished run on 2019/09/16 at 12:10:23.366     
------------------------------------------------------------------------
 total:
 * wall-time:     0 d,  0 h,  0 min,  1.218 sec
 *  cpu-time:     0 d,  0 h,  0 min,  1.204 sec
 * ratio c/w:     0.988 speedup
 SCF:
 * wall-time:     0 d,  0 h,  0 min,  0.143 sec
 *  cpu-time:     0 d,  0 h,  0 min,  0.140 sec
 * ratio c/w:     0.977 speedup
 ANC optimizer:
 * wall-time:     0 d,  0 h,  0 min,  1.051 sec
 *  cpu-time:     0 d,  0 h,  0 min,  1.043 sec
 * ratio c/w:     0.993 speedup

