      -----------------------------------------------------------      
     |                   =====================                   |     
     |                           x T B                           |     
     |                   =====================                   |     
     |                         S. Grimme                         |     
     |          Mulliken Center for Theoretical Chemistry        |     
     |                    University of Bonn                     |     
     |                 Version 6.0.1 (SAW181210)                 |     
      -----------------------------------------------------------      

   This program is distributed in the hope that it will be useful,
   but WITHOUT ANY WARRANTY; without even the implied warranty of
   MERCHANTABILITY or FITNESS FOR A PARTICULAR PURPOSE.
   
   FOR NON-COMMERCIAL, ACADEMIA USE ONLY.
   
   Cite this work as:
   S. Grimme, C. Bannwarth, P. Shushkov, J. Comput. Theory Chem., 2017,
   13, 1989-2009.
   C. Bannwarth, S. Ehlert and S. Grimme., ChemRxiv, 2018, preprint.
   http://doi.org/10.26434/chemrxiv.7246238.v1
   
   for sTDA-xTB:
   S. Grimme and C. Bannwarth, J. Chem. Phys., 2016, 145, 054103.
   
   in the mass-spec context:
   V. Asgeirsson, C. Bauer and S. Grimme, Chem. Sci., 2017, 8, 4879.
   
   if GBSA is used:
   P. Shushkov, F. März and S. Grimme, unpublished.
   
   for ANC optimizer:
   S. Grimme, unpublished.
   Rational Function algorithm used in ANCopt:
   F. Eckert, P. Pulay, H.-J. Werner, J. Comput. Chem., 1997, 18, 1473.
   
   with help from (in alphabetical order)
   C. Bannwarth, F. Bohle, G. Brandenburg, E. Caldeweyher, M. Checinski,
   S. Dohm, S. Ehlert, S. Ehrlich, F. März, H. Neugebauer, J. Pisarek,
   P. Pracht, P. Shushkov, and S. Spicher.
   
 * started run on 2019/09/16 at 12:25:04.748     
========================================================================
 # omp threads = 1
========================================================================
number of atoms            : 26
number of electrons        : 80
charge                     : 0
spin                       : .0
first test random number   : .6829

########################################################################
# WARNING! Please study the warnings concerning your input carefully
#  - XTBPATH is not set, using XTBHOME instead
#  - the use of '-opt' is discouraged, please use '--opt' next time
#  - the use of '-chrg' is discouraged, please use '--chrg' next time
#  - the use of '-uhf' is discouraged, please use '--uhf' next time
########################################################################

           ------------------------------------------------- 
          |                 G F N 2 - x T B                 |
          | Geometry, Frequencies, Noncovalent interactions |
          |            JCTC 2018 parametrisation            |
           ------------------------------------------------- 
      method parameters     
 k(s)        :  1.8500
 k(p)        :  2.2300
 k(d)        :  2.2300
 k(f)        :  2.0000
 kEN (H0ij)  : -2.0000
 D4 a1       :  0.5200
 D4 a2       :  5.0000
 D4 s6       :  1.0000
 D4 s8       :  2.7000
 D4 s9       :  5.0000
 alphaj      :  2.0000


            Z     q(EN)     CN     RAES       Cart. coordinates
     1  S   6.0    0.61    4.56    4.63     0.29615     2.58111     0.01658
     2  O   6.0   -0.30    1.20    1.80     1.23774     2.94248     2.64545
     3  O   6.0   -0.32    1.19    1.80    -2.13947     1.16968     0.07772
     4  O   6.0   -0.27    2.13    1.84     2.16524     1.13909    -1.44616
     5  O   6.0   -0.25    2.10    1.84    -0.09937     5.05880    -1.17385
     6  H   1.0    0.16    1.26    1.48     0.94902     5.19667    -2.64794
     7  H   1.0    0.18    1.37    1.53     2.42421    -0.47965    -0.66917
     8  O   6.0   -0.39    1.61    1.81     2.62243    -2.83806     0.95623
     9  H   1.0    0.18    0.94    1.42     3.50700    -4.27492     0.15827
    10  O   6.0   -0.29    2.05    1.83    -1.93735    -3.60158     1.92028
    11  H   1.0    0.17    1.02    1.43    -2.60953    -2.05905     1.22500
    12  H   1.0    0.18    1.10    1.44    -0.18996    -3.63816     1.41048
    13  O   6.0   -0.28    2.00    1.83     1.45648     4.49457    -5.95463
    14  H   1.0    0.15    1.03    1.43     0.11467     3.29983    -6.24917
    15  H   1.0    0.14    0.97    1.43     2.27852     4.70220    -7.56577
    16  O   6.0   -0.29    2.05    1.83    -1.54831    -3.52018     6.88936
    17  H   1.0    0.16    1.04    1.43    -2.00560    -3.79696     5.14899
    18  H   1.0    0.15    0.97    1.43    -2.85673    -4.32678     7.86509
    19  O   6.0   -0.22    2.92    2.59     2.39223    -1.15478     5.14428
    20  H   1.0    0.15    1.03    1.43     2.03894     0.65687     4.85626
    21  H   1.0    0.14    1.05    1.44     1.04148    -1.98304     6.13397
    22  H   1.0    0.17    1.20    1.46     2.74500    -2.06072     3.54856
    23  N   5.0   -0.22    3.00    1.93    -2.55376     0.98962    -5.67134
    24  H   1.0    0.12    1.02    1.43    -3.00106     0.84588    -3.80309
    25  H   1.0    0.10    0.99    1.43    -2.13422    -0.79995    -6.24798
    26  H   1.0    0.10    0.99    1.43    -4.19375     1.45702    -6.56744

  Z AO/shell   Hii/eV     exponent
  1     Wed Apr 25 08:07:45 CEST 2018   EN: 2.200 GM2: 0.406  GM3: 0.0800  RAES: 1.40
     1s    -10.707211    1.230000
  7     Wed Apr 25 08:07:45 CEST 2018   EN: 3.040 GM2: 0.461  GM3:-0.0640  RAES: 1.90
     2s    -16.686243    2.339881
     2p    -12.523956    2.014332
  8     Wed Apr 25 08:07:45 CEST 2018   EN: 3.440 GM2: 0.452  GM3:-0.0517  RAES: 1.80
     2s    -20.229985    2.439742
     2p    -15.503117    2.137023
 16     Tue Apr 24 11:44:34 CEST 2018   EN: 2.580 GM2: 0.340  GM3:-0.0502  RAES: 3.10
     3s    -20.029654    1.981333
     3p    -11.377694    2.025643
     3d     -0.420282    1.702555
 no old-style atom pair restraining (fixing) potential

molecular fragmentation (1/2 indicates fragments):
11111112222222222222222222
# atoms in fragment 1/2:     7    19
 fragment masses (1/2) :       98.07      107.11
CMA distance (Bohr)    :   3.607
constraining FC (au)   :  0.0500
           ------------------------------------------------- 
          |        Self-Consistent Charge Iterations        |
           ------------------------------------------------- 

 Ncao       : 65
 Nao        : 64
 Nshell     : 38
 Nel        : 80
 T(el)      :   300.0
 intcut     :    25.0
 scfconv/Eh :  0.100E-05
   qconv/e  :  0.100E-03
 intneglect :  0.100E-07
 broydamp   :      0.250
 iter      E             dE          RMSdq      gap      omega  full diag
   1    -50.5861564 -0.505862E+02  0.705E+00   10.26       0.0  T
   2    -50.6387806 -0.526241E-01  0.508E+00    9.59       1.0  T
   3    -50.6773862 -0.386056E-01  0.137E+00    7.06       1.0  T
   4    -50.6835612 -0.617506E-02  0.587E-01    7.31       1.0  T
   5    -50.6842755 -0.714289E-03  0.351E-01    7.25       1.0  T
   6    -50.6848934 -0.617834E-03  0.156E-01    7.34       1.0  T
   7    -50.6850498 -0.156483E-03  0.562E-02    7.34       1.0  T
   8    -50.6850667 -0.168967E-04  0.347E-02    7.34       1.0  T
   9    -50.6850748 -0.809217E-05  0.121E-02    7.35       1.6  T
  10    -50.6850758 -0.981968E-06  0.245E-03    7.35       8.0  T
  11    -50.6850758 -0.167629E-07  0.122E-03    7.35      16.1  T
  12    -50.6850758 -0.650783E-08  0.383E-04    7.35      51.1  T
  13    -50.6850758 -0.556611E-09  0.156E-04    7.35     125.6  T
speedup  1.01
cpu  time for SCC    0.01 s
wall time for SCC    0.01 s

   *** convergence criteria satisfied after 13 iterations ***

          eigenvalues
 #    :          28         29         30         31         32         33         34         35
 occ. :        2.000      2.000      2.000      2.000      2.000      2.000      2.000      2.000
 eps  :       -12.980    -12.638    -12.379    -12.264    -12.186    -12.077    -11.923    -11.680
 #    :          36         37         38         39         40         41         42         43
 occ. :        2.000      2.000      2.000      2.000      2.000      0.000      0.000      0.000
 eps  :       -11.505    -11.070    -10.753    -10.155     -9.703     -2.352     -0.911     -0.152
 #    :          44         45         46         47         48         49         50         51
 occ. :        0.000      0.000      0.000      0.000      0.000      0.000      0.000      0.000
 eps  :         0.176      0.818      1.288      2.544      2.923      3.919      5.146      5.531


   #   Z            q   n(s)   n(p)   n(d)      C6AA      α(0)
   1  16 S      1.718  1.576  1.770  0.936    88.358    15.821
   2   8 O     -0.734  1.765  4.970  0.000    29.661     7.302
   3   8 O     -0.728  1.773  4.955  0.000    29.488     7.281
   4   8 O     -0.593  1.724  4.869  0.000    24.999     6.750
   5   8 O     -0.552  1.717  4.834  0.000    24.035     6.618
   6   1 H      0.409  0.591  0.000  0.000     0.460     1.062
   7   1 H      0.412  0.588  0.000  0.000     0.456     1.056
   8   8 O     -0.877  1.839  5.037  0.000    33.985     7.817
   9   1 H      0.211  0.789  0.000  0.000     1.062     1.619
  10   8 O     -0.668  1.750  4.918  0.000    26.868     6.996
  11   1 H      0.299  0.701  0.000  0.000     0.724     1.336
  12   1 H      0.322  0.678  0.000  0.000     0.658     1.274
  13   8 O     -0.618  1.740  4.878  0.000    25.612     6.830
  14   1 H      0.317  0.683  0.000  0.000     0.671     1.287
  15   1 H      0.291  0.709  0.000  0.000     0.748     1.358
  16   8 O     -0.628  1.732  4.896  0.000    25.861     6.864
  17   1 H      0.339  0.661  0.000  0.000     0.614     1.231
  18   1 H      0.285  0.715  0.000  0.000     0.767     1.376
  19   8 O     -0.445  1.652  4.793  0.000    21.694     6.291
  20   1 H      0.395  0.605  0.000  0.000     0.493     1.103
  21   1 H      0.409  0.591  0.000  0.000     0.469     1.076
  22   1 H      0.411  0.589  0.000  0.000     0.459     1.061
  23   7 N     -0.460  1.396  4.064  0.000    32.103     8.415
  24   1 H      0.179  0.821  0.000  0.000     1.218     1.729
  25   1 H      0.153  0.847  0.000  0.000     1.378     1.839
  26   1 H      0.150  0.850  0.000  0.000     1.399     1.853

 Mol. C6AA /au·bohr⁶  :       5510.784852
 Mol. C8AA /au·bohr⁸  :     118942.048286
 Mol. α(0) /au        :        107.243316

 
 Wiberg/Mayer (AO) data. WBOs > 0.1 written file <wbo>
 largest (>0.05) Wiberg bond orders for each atom
           total WBO             WBO to atom ...
     1  S   4.801    O    3 1.322    O    2 1.311    O    4 1.072    O    5 1.051
     2  O   1.692    S    1 1.311    O    3 0.130    O    4 0.092    O    5 0.074    H   20 0.057
     3  O   1.695    S    1 1.322    O    2 0.130    O    4 0.094    O    5 0.077
     4  O   2.012    S    1 1.072    H    7 0.649    O    3 0.094    O    2 0.092    O    5 0.052
     5  O   2.052    S    1 1.051    H    6 0.768    O    3 0.077    O    2 0.074    O    4 0.052
     6  H   0.832    O    5 0.768
     7  H   0.830    O    4 0.649    O    8 0.162
     8  O   1.567    H    9 0.943    H   22 0.190    H    7 0.162    H   12 0.103    O   19 0.058
     9  H   0.955    O    8 0.943
    10  O   1.837    H   11 0.877    H   12 0.791    H   17 0.067
    11  H   0.911    O   10 0.877
    12  H   0.897    O   10 0.791    O    8 0.103
    13  O   1.834    H   15 0.906    H   14 0.849
    14  H   0.899    O   13 0.849
    15  H   0.915    O   13 0.906
    16  O   1.841    H   18 0.903    H   17 0.816    H   21 0.067
    17  H   0.885    O   16 0.816    O   10 0.067
    18  H   0.919    O   16 0.903
    19  O   2.296    H   20 0.779    H   21 0.757    H   22 0.635    O    8 0.058
    20  H   0.844    O   19 0.779    O    2 0.057
    21  H   0.833    O   19 0.757    O   16 0.067
    22  H   0.831    O   19 0.635    O    8 0.190
    23  N   2.983    H   26 0.975    H   25 0.974    H   24 0.951
    24  H   0.968    N   23 0.951
    25  H   0.976    N   23 0.974
    26  H   0.977    N   23 0.975
 MOs/occ written to file <molden.input>
 
molecular dipole:
                 x           y           z       tot (Debye)
 q only:        0.460       0.326      -0.363
   full:        0.197       0.060      -1.268       3.266
molecular quadrupole (traceless):
                xx          xy          yy          xz          yz          zz
 q only:       -7.717       2.794     -10.550       1.059     -10.097      18.267
  q+dip:       -6.253       3.449     -11.293      -0.577      -9.539      17.546
   full:       -6.530       3.058     -11.092      -1.086      -9.749      17.622

SCC energy    :     -50.6850758
rep           :       0.3023109
ES            :       0.2748442
AES           :      -0.0614967
AXC           :      -0.0066975
disp          :      -0.0185723
XB            :       0.0000000
fix           :       0.0000000
total E       :     -50.3826120
atomizationE  :       4.9129161     3082.90
(atE without considering molecular charge,
 total energy contains solvation terms)
H-L gap (eV)  :          7.3517
           ------------------------------------------------- 
          |                 ===============                 |
          |                   A N C O P T                   |
          |                 ===============                 |
          |          Approximate Normal Coordinate          |
          |           Rational Function Optimizer           |
           ------------------------------------------------- 
dumping coords to <xtbopt.coord> and <xtbopt.log>
 optlevel               2
 Maxcycle             520
 Maxmicro              25
 Econv         1.000000000000000E-007
 Gconv         2.000000000000000E-004
 Maxdispl       1.00000000000000     
 Hlow          5.000000000000000E-003
 S6             20.0000000000000     
 Nvar               72

generating ANC from model Hessian ...
 Shifting diagonal of input Hessian by   5.042913148666468E-003
 Lowest  eigenvalues of input Hessian
    0.005000   -0.000000    0.000000    0.000000    0.000000    0.000000
    0.000000    0.005056    0.005142    0.005290    0.005545    0.005668
    0.005811    0.006195    0.006353    0.006775    0.007705    0.007832
 Highest eigenvalues
    1.560643    1.570768    1.586942    3.212860    3.414174    3.464480
 
cpu  time for ANC gen    0.01 s
wall time for ANC gen    0.01 s
................................................................................
.............................. CYCLE    1 ......................................
................................................................................
   1    -50.6850758 -0.506851E+02  0.591E-05    7.35       0.0  T
   2    -50.6850758 -0.775913E-11  0.451E-05    7.35     434.7  T
   3    -50.6850758 -0.690648E-11  0.224E-05    7.35     876.8  T
speedup  1.07
cpu  time for SCC    0.00 s
wall time for SCC    0.00 s
speedup  1.00
cpu  time for grad    0.01 s
wall time for grad    0.01 s
 E :    -50.38261193  G :  0.214818    pred/act E change:  0.000D+00  0.345D-07
Maxdispl :   0.0913   ||displ|| :   0.2915   Lambda : -0.304D-01
Largest |displ|/coords:  0.0913 (  21)  0.0900 (  22)  0.0867 (  25)
................................................................................
.............................. CYCLE    2 ......................................
................................................................................
   1    -50.6896668 -0.506897E+02  0.326E-01    7.56       0.0  T
   2    -50.6899300 -0.263149E-03  0.250E-01    7.66       1.0  T
   3    -50.6900323 -0.102321E-03  0.104E-01    7.84       1.0  T
   4    -50.6900475 -0.151712E-04  0.288E-02    7.86       1.0  T
   5    -50.6900489 -0.141854E-05  0.552E-03    7.84       3.6  T
   6    -50.6900489 -0.485980E-07  0.336E-03    7.84       5.8  T
speedup  0.96
cpu  time for SCC    0.00 s
wall time for SCC    0.01 s
speedup  1.02
cpu  time for grad    0.01 s
wall time for grad    0.01 s
 E :    -50.40627577  G :  0.129635    pred/act E change:  0.000D+00 -0.237D-01
Maxdispl :   0.1219   ||displ|| :   0.3251   Lambda : -0.145D-01
Largest |displ|/coords:  0.1219 (  21)  0.1103 (  25)  0.0962 (  13)
................................................................................
.............................. CYCLE    3 ......................................
................................................................................
   1    -50.6937859 -0.506938E+02  0.271E-01    7.99       0.0  T
   2    -50.6940821 -0.296206E-03  0.205E-01    8.11       1.0  T
   3    -50.6941913 -0.109236E-03  0.105E-01    8.28       1.0  T
   4    -50.6941984 -0.703362E-05  0.258E-02    8.32       1.0  T
   5    -50.6941998 -0.144180E-05  0.541E-03    8.30       3.6  T
   6    -50.6941999 -0.465879E-07  0.321E-03    8.30       6.1  T
speedup  0.96
cpu  time for SCC    0.00 s
wall time for SCC    0.01 s
speedup  1.02
cpu  time for grad    0.01 s
wall time for grad    0.01 s
 E :    -50.41815073  G :  0.079862    pred/act E change: -0.165D-01 -0.119D-01
Maxdispl :   0.1366   ||displ|| :   0.3518   Lambda : -0.817D-02
Largest |displ|/coords:  0.1366 (  21)  0.1294 (  13)  0.1276 (  10)
................................................................................
.............................. CYCLE    4 ......................................
................................................................................
   1    -50.6965242 -0.506965E+02  0.258E-01    8.38       0.0  T
   2    -50.6967861 -0.261942E-03  0.191E-01    8.46       1.0  T
   3    -50.6968862 -0.100060E-03  0.894E-02    8.47       1.0  T
   4    -50.6968935 -0.732914E-05  0.240E-02    8.48       1.0  T
   5    -50.6968950 -0.146454E-05  0.534E-03    8.48       3.7  T
   6    -50.6968950 -0.444004E-07  0.310E-03    8.48       6.3  T
speedup  1.07
cpu  time for SCC    0.01 s
wall time for SCC    0.01 s
speedup  0.98
cpu  time for grad    0.01 s
wall time for grad    0.01 s
 E :    -50.42487982  G :  0.049448    pred/act E change: -0.801D-02 -0.673D-02
Maxdispl :   0.1715   ||displ|| :   0.4711   Lambda : -0.881D-02
Largest |displ|/coords:  0.1715 (  25)  0.1543 (  21)  0.1397 (  13)
................................................................................
.............................. CYCLE    5 ......................................
................................................................................
   1    -50.6980429 -0.506980E+02  0.390E-01    8.28       0.0  T
   2    -50.6987776 -0.734746E-03  0.284E-01    8.28       1.0  T
   3    -50.6990594 -0.281838E-03  0.135E-01    8.30       1.0  T
   4    -50.6990776 -0.181831E-04  0.376E-02    8.32       1.0  T
   5    -50.6990811 -0.346429E-05  0.906E-03    8.31       2.2  T
   6    -50.6990812 -0.140746E-06  0.533E-03    8.31       3.7  T
   7    -50.6990813 -0.433401E-07  0.150E-03    8.31      13.1  T
speedup  0.98
cpu  time for SCC    0.01 s
wall time for SCC    0.01 s
speedup  1.01
cpu  time for grad    0.01 s
wall time for grad    0.01 s
 E :    -50.43072311  G :  0.032411    pred/act E change: -0.459D-02 -0.584D-02
Maxdispl :   0.1912   ||displ|| :   0.4443   Lambda : -0.357D-02
Largest |displ|/coords:  0.1912 (  13)  0.1680 (  12)  0.1444 (  10)
................................................................................
.............................. CYCLE    6 ......................................
................................................................................
   1    -50.6985825 -0.506986E+02  0.303E-01    8.13       0.0  T
   2    -50.6988165 -0.234049E-03  0.220E-01    8.13       1.0  T
   3    -50.6989078 -0.913021E-04  0.733E-02    8.13       1.0  T
   4    -50.6989239 -0.160548E-04  0.203E-02    8.14       1.0  T
   5    -50.6989251 -0.117203E-05  0.615E-03    8.14       3.2  T
   6    -50.6989251 -0.544769E-07  0.358E-03    8.14       5.5  T
   7    -50.6989251 -0.167500E-07  0.903E-04    8.14      21.7  T
speedup  0.98
cpu  time for SCC    0.01 s
wall time for SCC    0.01 s
speedup  1.01
cpu  time for grad    0.01 s
wall time for grad    0.01 s
 E :    -50.43308158  G :  0.036440    pred/act E change: -0.538D-02 -0.236D-02
Maxdispl :   0.1897   ||displ|| :   0.5079   Lambda : -0.374D-02
Largest |displ|/coords:  0.1897 (  12)  0.1633 (   4)  0.1476 (   3)
................................................................................
.............................. CYCLE    7 ......................................
................................................................................
   1    -50.6974527 -0.506975E+02  0.530E-01    7.99       0.0  T
   2    -50.6977515 -0.298717E-03  0.398E-01    7.99       1.0  T
   3    -50.6978693 -0.117831E-03  0.892E-02    8.01       1.0  T
   4    -50.6979168 -0.475673E-04  0.199E-02    8.01       1.0  T
   5    -50.6979183 -0.148595E-05  0.720E-03    8.01       2.7  T
   6    -50.6979184 -0.472046E-07  0.435E-03    8.01       4.5  T
   7    -50.6979184 -0.201891E-07  0.885E-04    8.01      22.2  T
speedup  0.98
cpu  time for SCC    0.01 s
wall time for SCC    0.01 s
speedup  1.01
cpu  time for grad    0.01 s
wall time for grad    0.01 s
 E :    -50.43414982  G :  0.052894    pred/act E change: -0.214D-02 -0.107D-02
Maxdispl :   0.2241   ||displ|| :   0.4404   Lambda : -0.788D-02
Largest |displ|/coords:  0.2241 (   8)  0.1983 (   9)  0.1775 (   3)
................................................................................
.............................. CYCLE    8 ......................................
................................................................................
   1    -50.7074783 -0.507075E+02  0.701E-01    8.19       0.0  T
   2    -50.7077006 -0.222261E-03  0.532E-01    8.18       1.0  T
   3    -50.7078461 -0.145454E-03  0.901E-02    8.17       1.0  T
   4    -50.7078793 -0.332812E-04  0.242E-02    8.17       1.0  T
   5    -50.7078812 -0.185071E-05  0.804E-03    8.18       2.4  T
   6    -50.7078812 -0.198691E-07  0.438E-03    8.18       4.5  T
   7    -50.7078812 -0.292691E-07  0.666E-04    8.18      29.4  T
speedup  0.98
cpu  time for SCC    0.01 s
wall time for SCC    0.01 s
speedup  1.01
cpu  time for grad    0.01 s
wall time for grad    0.01 s
 E :    -50.43464789  G :  0.049865    pred/act E change: -0.235D-02 -0.498D-03
Maxdispl :   0.1572   ||displ|| :   0.2876   Lambda : -0.278D-02
Largest |displ|/coords:  0.1572 (   6)  0.1323 (  15)  0.0825 (  13)
................................................................................
.............................. CYCLE    9 ......................................
................................................................................
   1    -50.7102452 -0.507102E+02  0.286E-01    8.22       0.0  T
   2    -50.7102764 -0.311328E-04  0.214E-01    8.23       1.0  T
   3    -50.7102955 -0.191745E-04  0.303E-02    8.24       1.0  T
   4    -50.7103001 -0.457998E-05  0.120E-02    8.24       1.6  T
   5    -50.7103004 -0.236092E-06  0.382E-03    8.23       5.1  T
   6    -50.7103004 -0.127253E-07  0.203E-03    8.23       9.6  T
speedup  1.13
cpu  time for SCC    0.01 s
wall time for SCC    0.01 s
speedup  1.00
cpu  time for grad    0.01 s
wall time for grad    0.01 s
 E :    -50.43595761  G :  0.031197    pred/act E change: -0.470D-02 -0.131D-02
Maxdispl :   0.2688   ||displ|| :   0.4481   Lambda : -0.318D-02
Largest |displ|/coords:  0.2688 (   6)  0.1433 (   7)  0.1317 (  15)
................................................................................
.............................. CYCLE   10 ......................................
................................................................................
   1    -50.7004754 -0.507005E+02  0.446E-01    8.26       0.0  T
   2    -50.7005672 -0.918526E-04  0.333E-01    8.26       1.0  T
   3    -50.7006083 -0.410677E-04  0.518E-02    8.26       1.0  T
   4    -50.7006245 -0.162219E-04  0.157E-02    8.26       1.3  T
   5    -50.7006249 -0.442725E-06  0.553E-03    8.26       3.5  T
   6    -50.7006250 -0.361571E-07  0.315E-03    8.26       6.2  T
speedup  0.96
cpu  time for SCC    0.00 s
wall time for SCC    0.01 s
speedup  1.00
cpu  time for grad    0.01 s
wall time for grad    0.01 s
 E :    -50.43634426  G :  0.036685    pred/act E change: -0.151D-02 -0.387D-03
Maxdispl :   0.1984   ||displ|| :   0.3106   Lambda : -0.309D-02
Largest |displ|/coords:  0.1984 (   6)  0.1321 (  15)  0.0950 (  16)
................................................................................
.............................. CYCLE   11 ......................................
................................................................................
   1    -50.7103935 -0.507104E+02  0.277E-01    8.33       0.0  T
   2    -50.7104310 -0.374929E-04  0.206E-01    8.33       1.0  T
   3    -50.7104469 -0.159455E-04  0.315E-02    8.33       1.0  T
   4    -50.7104534 -0.650852E-05  0.687E-03    8.34       2.9  T
   5    -50.7104535 -0.852929E-07  0.365E-03    8.34       5.4  T
   6    -50.7104535 -0.127963E-07  0.154E-03    8.34      12.7  T
speedup  1.11
cpu  time for SCC    0.01 s
wall time for SCC    0.01 s
speedup  0.99
cpu  time for grad    0.01 s
wall time for grad    0.01 s
 E :    -50.43797405  G :  0.026111    pred/act E change: -0.191D-02 -0.163D-02
Maxdispl :   0.0638   ||displ|| :   0.1838   Lambda : -0.116D-02
Largest |displ|/coords:  0.0638 (   5)  0.0607 (  10)  0.0539 (  14)
................................................................................
.............................. CYCLE   12 ......................................
................................................................................
   1    -50.7127150 -0.507127E+02  0.149E-01    8.40       0.0  T
   2    -50.7127319 -0.169000E-04  0.113E-01    8.40       1.0  T
   3    -50.7127398 -0.787718E-05  0.245E-02    8.40       1.0  T
   4    -50.7127425 -0.269267E-05  0.939E-03    8.39       2.1  T
   5    -50.7127426 -0.150469E-06  0.217E-03    8.39       9.0  T
   6    -50.7127426 -0.515306E-08  0.127E-03    8.39      15.4  T
speedup  0.96
cpu  time for SCC    0.01 s
wall time for SCC    0.01 s
speedup  1.01
cpu  time for grad    0.01 s
wall time for grad    0.01 s
 E :    -50.43884422  G :  0.022118    pred/act E change: -0.169D-02 -0.870D-03
Maxdispl :   0.1787   ||displ|| :   0.4541   Lambda : -0.247D-02
Largest |displ|/coords:  0.1787 (  10)  0.1529 (   4)  0.1391 (   7)
................................................................................
.............................. CYCLE   13 ......................................
................................................................................
   1    -50.7223121 -0.507223E+02  0.336E-01    8.52       0.0  T
   2    -50.7224227 -0.110526E-03  0.256E-01    8.52       1.0  T
   3    -50.7224753 -0.526549E-04  0.624E-02    8.51       1.0  T
   4    -50.7224922 -0.168656E-04  0.247E-02    8.50       1.0  T
   5    -50.7224933 -0.114420E-05  0.556E-03    8.51       3.5  T
   6    -50.7224934 -0.296365E-07  0.317E-03    8.51       6.2  T
speedup  0.94
cpu  time for SCC    0.00 s
wall time for SCC    0.01 s
speedup  1.00
cpu  time for grad    0.01 s
wall time for grad    0.01 s
 E :    -50.44012045  G :  0.038330    pred/act E change: -0.600D-03 -0.128D-02
Maxdispl :   0.2178   ||displ|| :   0.5742   Lambda : -0.378D-02
Largest |displ|/coords:  0.2178 (   5)  0.2065 (  10)  0.1580 (   4)
................................................................................
.............................. CYCLE   14 ......................................
................................................................................
   1    -50.7208883 -0.507209E+02  0.606E-01    8.65       0.0  T
   2    -50.7210637 -0.175437E-03  0.460E-01    8.63       1.0  T
   3    -50.7211923 -0.128556E-03  0.758E-02    8.59       1.0  T
   4    -50.7212180 -0.256640E-04  0.311E-02    8.59       1.0  T
   5    -50.7212192 -0.126168E-05  0.823E-03    8.60       2.4  T
   6    -50.7212193 -0.729508E-07  0.478E-03    8.60       4.1  T
   7    -50.7212193 -0.378716E-07  0.119E-03    8.60      16.5  T
speedup  1.00
cpu  time for SCC    0.01 s
wall time for SCC    0.01 s
speedup  1.02
cpu  time for grad    0.01 s
wall time for grad    0.01 s
 E :    -50.43995152  G :  0.062653    pred/act E change: -0.149D-02  0.169D-03
Maxdispl :   0.2040   ||displ|| :   0.4517   Lambda : -0.947D-02
Largest |displ|/coords:  0.2040 (   5)  0.1677 (   7)  0.1291 (   6)
................................................................................
.............................. CYCLE   15 ......................................
................................................................................
   1    -50.7320321 -0.507320E+02  0.627E-01    8.44       0.0  T
   2    -50.7322440 -0.211924E-03  0.472E-01    8.45       1.0  T
   3    -50.7323899 -0.145851E-03  0.838E-02    8.47       1.0  T
   4    -50.7324197 -0.298481E-04  0.204E-02    8.47       1.0  T
   5    -50.7324204 -0.639512E-06  0.894E-03    8.47       2.2  T
   6    -50.7324204 -0.576783E-07  0.457E-03    8.47       4.3  T
   7    -50.7324204 -0.380164E-07  0.107E-03    8.47      18.3  T
speedup  1.00
cpu  time for SCC    0.01 s
wall time for SCC    0.01 s
speedup  1.02
cpu  time for grad    0.01 s
wall time for grad    0.01 s
 E :    -50.43997666  G :  0.076506    pred/act E change: -0.252D-02 -0.251D-04
Maxdispl :   0.1664   ||displ|| :   0.3953   Lambda : -0.104D-01
Largest |displ|/coords:  0.1664 (   6)  0.1225 (   8)  0.1124 (  11)
................................................................................
.............................. CYCLE   16 ......................................
................................................................................
   1    -50.7220673 -0.507221E+02  0.510E-01    8.46       0.0  T
   2    -50.7222385 -0.171204E-03  0.381E-01    8.45       1.0  T
   3    -50.7223467 -0.108196E-03  0.778E-02    8.42       1.0  T
   4    -50.7223682 -0.215031E-04  0.205E-02    8.42       1.0  T
   5    -50.7223692 -0.944843E-06  0.762E-03    8.42       2.6  T
   6    -50.7223692 -0.636461E-07  0.427E-03    8.42       4.6  T
   7    -50.7223693 -0.347003E-07  0.896E-04    8.42      21.9  T
speedup  1.00
cpu  time for SCC    0.01 s
wall time for SCC    0.01 s
speedup  1.02
cpu  time for grad    0.01 s
wall time for grad    0.01 s
 E :    -50.44135688  G :  0.055836    pred/act E change: -0.570D-02 -0.138D-02
Maxdispl :   0.0903   ||displ|| :   0.2537   Lambda : -0.489D-02
Largest |displ|/coords:  0.0903 (   8)  0.0810 (   3)  0.0701 (  15)
................................................................................
.............................. CYCLE   17 ......................................
................................................................................
   1    -50.7352497 -0.507352E+02  0.292E-01    8.47       0.0  T
   2    -50.7353204 -0.707332E-04  0.217E-01    8.48       1.0  T
   3    -50.7353642 -0.438343E-04  0.490E-02    8.49       1.0  T
   4    -50.7353723 -0.811835E-05  0.140E-02    8.49       1.4  T
   5    -50.7353728 -0.426689E-06  0.541E-03    8.49       3.6  T
   6    -50.7353728 -0.187784E-07  0.289E-03    8.49       6.8  T
speedup  1.15
cpu  time for SCC    0.01 s
wall time for SCC    0.01 s
speedup  0.99
cpu  time for grad    0.01 s
wall time for grad    0.01 s
 E :    -50.44321500  G :  0.030263    pred/act E change: -0.598D-02 -0.186D-02
Maxdispl :   0.0753   ||displ|| :   0.1674   Lambda : -0.110D-02
Largest |displ|/coords:  0.0753 (  10)  0.0623 (  15)  0.0541 (  13)
................................................................................
.............................. CYCLE   18 ......................................
................................................................................
   1    -50.7312086 -0.507312E+02  0.100E-01    8.44       0.0  T
   2    -50.7312150 -0.641315E-05  0.750E-02    8.43       1.0  T
   3    -50.7312197 -0.467771E-05  0.132E-02    8.42       1.5  T
   4    -50.7312203 -0.681927E-06  0.510E-03    8.42       3.8  T
   5    -50.7312204 -0.405747E-07  0.162E-03    8.42      12.1  T
speedup  0.89
cpu  time for SCC    0.00 s
wall time for SCC    0.00 s
speedup  0.98
cpu  time for grad    0.01 s
wall time for grad    0.01 s
 E :    -50.44387955  G :  0.020656    pred/act E change: -0.260D-02 -0.665D-03
Maxdispl :   0.1002   ||displ|| :   0.1902   Lambda : -0.982D-03
Largest |displ|/coords:  0.1002 (  10)  0.0693 (  11)  0.0572 (  29)
................................................................................
.............................. CYCLE   19 ......................................
................................................................................
   1    -50.7295351 -0.507295E+02  0.146E-01    8.26       0.0  T
   2    -50.7295500 -0.149684E-04  0.110E-01    8.26       1.0  T
   3    -50.7295578 -0.770630E-05  0.229E-02    8.24       1.0  T
   4    -50.7295598 -0.206691E-05  0.929E-03    8.24       2.1  T
   5    -50.7295599 -0.128270E-06  0.207E-03    8.24       9.5  T
   6    -50.7295600 -0.575350E-08  0.125E-03    8.24      15.7  T
speedup  1.13
cpu  time for SCC    0.01 s
wall time for SCC    0.01 s
speedup  1.00
cpu  time for grad    0.01 s
wall time for grad    0.01 s
 E :    -50.44445283  G :  0.016399    pred/act E change: -0.566D-03 -0.573D-03
Maxdispl :   0.1401   ||displ|| :   0.2558   Lambda : -0.800D-03
Largest |displ|/coords:  0.1401 (  10)  0.0963 (   3)  0.0744 (  12)
................................................................................
.............................. CYCLE   20 ......................................
................................................................................
   1    -50.7334578 -0.507335E+02  0.160E-01    8.24       0.0  T
   2    -50.7334740 -0.162188E-04  0.121E-01    8.24       1.0  T
   3    -50.7334858 -0.117497E-04  0.249E-02    8.24       1.0  T
   4    -50.7334880 -0.220243E-05  0.777E-03    8.24       2.5  T
   5    -50.7334881 -0.113507E-06  0.325E-03    8.24       6.0  T
   6    -50.7334881 -0.118801E-07  0.188E-03    8.24      10.4  T
   7    -50.7334881 -0.674678E-08  0.323E-04    8.24      60.8  T
speedup  0.98
cpu  time for SCC    0.01 s
wall time for SCC    0.01 s
speedup  0.94
cpu  time for grad    0.01 s
wall time for grad    0.01 s
 E :    -50.44490821  G :  0.015882    pred/act E change: -0.509D-03 -0.455D-03
Maxdispl :   0.0714   ||displ|| :   0.1747   Lambda : -0.566D-03
Largest |displ|/coords:  0.0714 (   3)  0.0671 (  12)  0.0653 (  10)
................................................................................
.............................. CYCLE   21 ......................................
................................................................................
   1    -50.7365178 -0.507365E+02  0.125E-01    8.14       0.0  T
   2    -50.7365274 -0.964661E-05  0.928E-02    8.14       1.0  T
   3    -50.7365324 -0.498200E-05  0.202E-02    8.14       1.0  T
   4    -50.7365336 -0.120512E-05  0.888E-03    8.14       2.2  T
   5    -50.7365337 -0.699160E-07  0.147E-03    8.14      13.4  T
   6    -50.7365337 -0.249483E-08  0.995E-04    8.14      19.7  T
speedup  0.96
cpu  time for SCC    0.00 s
wall time for SCC    0.01 s
speedup  0.94
cpu  time for grad    0.01 s
wall time for grad    0.01 s
 E :    -50.44512368  G :  0.012725    pred/act E change: -0.426D-03 -0.215D-03
Maxdispl :   0.0713   ||displ|| :   0.1289   Lambda : -0.325D-03
Largest |displ|/coords:  0.0713 (   3)  0.0568 (   2)  0.0428 (  10)
................................................................................
.............................. CYCLE   22 ......................................
................................................................................
   1    -50.7394717 -0.507395E+02  0.845E-02    8.17       0.0  T
   2    -50.7394740 -0.236692E-05  0.641E-02    8.17       1.0  T
   3    -50.7394762 -0.215682E-05  0.908E-03    8.18       2.2  T
   4    -50.7394765 -0.272103E-06  0.306E-03    8.18       6.4  T
   5    -50.7394765 -0.153444E-07  0.105E-03    8.18      18.6  T
   6    -50.7394765 -0.955858E-09  0.594E-04    8.18      33.0  T
speedup  0.96
cpu  time for SCC    0.01 s
wall time for SCC    0.01 s
speedup  0.94
cpu  time for grad    0.01 s
wall time for grad    0.01 s
 E :    -50.44530977  G :  0.010197    pred/act E change: -0.292D-03 -0.186D-03
Maxdispl :   0.0961   ||displ|| :   0.1536   Lambda : -0.245D-03
Largest |displ|/coords:  0.0961 (   3)  0.0593 (   1)  0.0492 (  10)
................................................................................
.............................. CYCLE   23 ......................................
................................................................................
   1    -50.7382164 -0.507382E+02  0.883E-02    8.22       0.0  T
   2    -50.7382192 -0.289192E-05  0.671E-02    8.23       1.0  T
   3    -50.7382213 -0.201809E-05  0.978E-03    8.23       2.0  T
   4    -50.7382217 -0.443387E-06  0.363E-03    8.23       5.4  T
   5    -50.7382217 -0.252401E-07  0.961E-04    8.23      20.4  T
   6    -50.7382217 -0.661259E-09  0.578E-04    8.23      33.9  T
speedup  0.96
cpu  time for SCC    0.00 s
wall time for SCC    0.01 s
speedup  1.02
cpu  time for grad    0.01 s
wall time for grad    0.01 s
 E :    -50.44547578  G :  0.011892    pred/act E change: -0.165D-03 -0.166D-03
Maxdispl :   0.1780   ||displ|| :   0.2976   Lambda : -0.375D-03
Largest |displ|/coords:  0.1780 (   3)  0.1308 (   1)  0.1085 (   2)
................................................................................
.............................. CYCLE   24 ......................................
................................................................................
   1    -50.7377834 -0.507378E+02  0.127E-01    8.29       0.0  T
   2    -50.7377882 -0.482292E-05  0.958E-02    8.30       1.0  T
   3    -50.7377916 -0.333190E-05  0.139E-02    8.31       1.4  T
   4    -50.7377923 -0.706873E-06  0.504E-03    8.31       3.9  T
   5    -50.7377923 -0.287021E-07  0.141E-03    8.31      13.9  T
   6    -50.7377923 -0.156089E-08  0.795E-04    8.31      24.7  T
speedup  0.96
cpu  time for SCC    0.00 s
wall time for SCC    0.01 s
speedup  1.00
cpu  time for grad    0.01 s
wall time for grad    0.01 s
 E :    -50.44574103  G :  0.012683    pred/act E change: -0.126D-03 -0.265D-03
Maxdispl :   0.2785   ||displ|| :   0.4325   Lambda : -0.516D-03
Largest |displ|/coords:  0.2785 (   3)  0.1742 (   1)  0.1592 (   2)
................................................................................
.............................. CYCLE   25 ......................................
................................................................................
   1    -50.7352418 -0.507352E+02  0.206E-01    8.26       0.0  T
   2    -50.7352516 -0.978096E-05  0.155E-01    8.26       1.0  T
   3    -50.7352598 -0.820568E-05  0.198E-02    8.26       1.0  T
   4    -50.7352610 -0.121477E-05  0.736E-03    8.26       2.7  T
   5    -50.7352611 -0.599460E-07  0.217E-03    8.26       9.0  T
   6    -50.7352611 -0.283823E-08  0.121E-03    8.26      16.2  T
speedup  0.98
cpu  time for SCC    0.00 s
wall time for SCC    0.01 s
speedup  1.02
cpu  time for grad    0.01 s
wall time for grad    0.01 s
 E :    -50.44600005  G :  0.020796    pred/act E change: -0.204D-03 -0.259D-03
Maxdispl :   0.1928   ||displ|| :   0.3496   Lambda : -0.730D-03
Largest |displ|/coords:  0.1928 (   3)  0.1495 (   1)  0.1332 (   2)

generating ANC from model Hessian ...
 Shifting diagonal of input Hessian by   5.079323932044947E-003
 Lowest  eigenvalues of input Hessian
    0.005000    0.005045   -0.000000   -0.000000    0.000000    0.000000
    0.000000    0.000000    0.005222    0.005538    0.005909    0.005932
    0.006298    0.006720    0.007171    0.008201    0.008886    0.009819
 Highest eigenvalues
    1.386730    1.423114    1.452207    2.732208    3.362025    3.740067
 
cpu  time for ANC gen    0.01 s
wall time for ANC gen    0.01 s
................................................................................
.............................. CYCLE   26 ......................................
................................................................................
   1    -50.7382341 -0.507382E+02  0.134E-01    8.34       0.0  T
   2    -50.7382456 -0.115383E-04  0.987E-02    8.34       1.0  T
   3    -50.7382533 -0.771657E-05  0.189E-02    8.36       1.0  T
   4    -50.7382545 -0.123614E-05  0.511E-03    8.36       3.8  T
   5    -50.7382546 -0.375635E-07  0.216E-03    8.36       9.1  T
   6    -50.7382546 -0.474414E-08  0.102E-03    8.36      19.2  T
   7    -50.7382546 -0.238568E-08  0.282E-04    8.36      69.4  T
   8    -50.7382546 -0.172712E-09  0.100E-04    8.36     195.6  T
speedup  1.01
cpu  time for SCC    0.01 s
wall time for SCC    0.01 s
speedup  0.99
cpu  time for grad    0.01 s
wall time for grad    0.02 s
 E :    -50.44616664  G :  0.021259    pred/act E change:  0.000D+00 -0.167D-03
Maxdispl :   0.0881   ||displ|| :   0.1790   Lambda : -0.865D-03
Largest |displ|/coords:  0.0881 (   5)  0.0704 (  24)  0.0595 (   7)
................................................................................
.............................. CYCLE   27 ......................................
................................................................................
   1    -50.7375981 -0.507376E+02  0.215E-01    8.34       0.0  T
   2    -50.7376123 -0.141973E-04  0.162E-01    8.34       1.0  T
   3    -50.7376230 -0.107020E-04  0.253E-02    8.35       1.0  T
   4    -50.7376249 -0.196610E-05  0.605E-03    8.35       3.2  T
   5    -50.7376250 -0.685242E-07  0.227E-03    8.35       8.6  T
   6    -50.7376250 -0.301859E-08  0.120E-03    8.35      16.3  T
speedup  0.96
cpu  time for SCC    0.00 s
wall time for SCC    0.01 s
speedup  1.01
cpu  time for grad    0.01 s
wall time for grad    0.01 s
 E :    -50.44684409  G :  0.010277    pred/act E change:  0.000D+00 -0.677D-03
Maxdispl :   0.3251   ||displ|| :   0.4215   Lambda : -0.967D-03
Largest |displ|/coords:  0.3251 (   5)  0.1035 (  24)  0.0942 (  18)
................................................................................
.............................. CYCLE   28 ......................................
................................................................................
   1    -50.7309005 -0.507309E+02  0.427E-01    8.31       0.0  T
   2    -50.7309653 -0.648377E-04  0.320E-01    8.31       1.0  T
   3    -50.7310094 -0.440631E-04  0.506E-02    8.32       1.0  T
   4    -50.7310191 -0.966266E-05  0.135E-02    8.32       1.5  T
   5    -50.7310194 -0.310284E-06  0.565E-03    8.32       3.5  T
   6    -50.7310194 -0.428865E-07  0.313E-03    8.32       6.3  T
   7    -50.7310194 -0.292248E-07  0.611E-04    8.32      32.1  T
   8    -50.7310194 -0.113568E-08  0.240E-04    8.32      81.8  T
speedup  1.14
cpu  time for SCC    0.01 s
wall time for SCC    0.01 s
speedup  1.03
cpu  time for grad    0.01 s
wall time for grad    0.01 s
 E :    -50.44594814  G :  0.049644    pred/act E change: -0.447D-03  0.896D-03
Maxdispl :   0.1731   ||displ|| :   0.2335   Lambda : -0.320D-02
Largest |displ|/coords:  0.1731 (   5)  0.0873 (  24)  0.0613 (  18)
................................................................................
.............................. CYCLE   29 ......................................
................................................................................
   1    -50.7375350 -0.507375E+02  0.282E-01    8.34       0.0  T
   2    -50.7375924 -0.574090E-04  0.211E-01    8.34       1.0  T
   3    -50.7376295 -0.370983E-04  0.440E-02    8.34       1.0  T
   4    -50.7376371 -0.756851E-05  0.980E-03    8.33       2.0  T
   5    -50.7376372 -0.184015E-06  0.502E-03    8.33       3.9  T
   6    -50.7376373 -0.225051E-07  0.237E-03    8.33       8.3  T
speedup  1.13
cpu  time for SCC    0.01 s
wall time for SCC    0.01 s
speedup  1.01
cpu  time for grad    0.01 s
wall time for grad    0.01 s
 E :    -50.44722528  G :  0.008952    pred/act E change: -0.569D-03 -0.128D-02
Maxdispl :   0.0691   ||displ|| :   0.1381   Lambda : -0.277D-03
Largest |displ|/coords:  0.0691 (   2)  0.0490 (   3)  0.0488 (   5)
................................................................................
.............................. CYCLE   30 ......................................
................................................................................
   1    -50.7373732 -0.507374E+02  0.139E-01    8.33       0.0  T
   2    -50.7373770 -0.383621E-05  0.106E-01    8.33       1.0  T
   3    -50.7373805 -0.349608E-05  0.124E-02    8.34       1.6  T
   4    -50.7373810 -0.480617E-06  0.359E-03    8.34       5.5  T
   5    -50.7373810 -0.152941E-07  0.130E-03    8.34      15.1  T
   6    -50.7373810 -0.948262E-09  0.640E-04    8.34      30.6  T
speedup  0.94
cpu  time for SCC    0.01 s
wall time for SCC    0.01 s
speedup  1.00
cpu  time for grad    0.01 s
wall time for grad    0.01 s
 E :    -50.44735976  G :  0.007720    pred/act E change: -0.169D-02 -0.134D-03
Maxdispl :   0.0881   ||displ|| :   0.1798   Lambda : -0.280D-03
Largest |displ|/coords:  0.0881 (   3)  0.0774 (   5)  0.0623 (   2)
................................................................................
.............................. CYCLE   31 ......................................
................................................................................
   1    -50.7365068 -0.507365E+02  0.134E-01    8.32       0.0  T
   2    -50.7365096 -0.279195E-05  0.101E-01    8.32       1.0  T
   3    -50.7365122 -0.264396E-05  0.116E-02    8.33       1.7  T
   4    -50.7365125 -0.322195E-06  0.393E-03    8.33       5.0  T
   5    -50.7365125 -0.146722E-07  0.117E-03    8.33      16.7  T
   6    -50.7365125 -0.132361E-08  0.640E-04    8.33      30.7  T
speedup  0.94
cpu  time for SCC    0.00 s
wall time for SCC    0.01 s
speedup  1.01
cpu  time for grad    0.01 s
wall time for grad    0.01 s
 E :    -50.44760193  G :  0.009162    pred/act E change: -0.141D-03 -0.242D-03
Maxdispl :   0.2629   ||displ|| :   0.4908   Lambda : -0.696D-03
Largest |displ|/coords:  0.2629 (   3)  0.2189 (   5)  0.1741 (   2)
................................................................................
.............................. CYCLE   32 ......................................
................................................................................
   1    -50.7338772 -0.507339E+02  0.306E-01    8.29       0.0  T
   2    -50.7338937 -0.164582E-04  0.231E-01    8.30       1.0  T
   3    -50.7339089 -0.152238E-04  0.279E-02    8.32       1.0  T
   4    -50.7339109 -0.202824E-05  0.969E-03    8.32       2.0  T
   5    -50.7339111 -0.114164E-06  0.330E-03    8.32       5.9  T
   6    -50.7339111 -0.151288E-07  0.182E-03    8.32      10.7  T
   7    -50.7339111 -0.888581E-08  0.436E-04    8.32      45.0  T
speedup  0.98
cpu  time for SCC    0.01 s
wall time for SCC    0.01 s
speedup  1.01
cpu  time for grad    0.01 s
wall time for grad    0.01 s
 E :    -50.44792808  G :  0.020611    pred/act E change: -0.145D-03 -0.326D-03
Maxdispl :   0.1006   ||displ|| :   0.1955   Lambda : -0.449D-03
Largest |displ|/coords:  0.1006 (   3)  0.0986 (   2)  0.0578 (  13)
................................................................................
.............................. CYCLE   33 ......................................
................................................................................
   1    -50.7324757 -0.507325E+02  0.189E-01    8.33       0.0  T
   2    -50.7324875 -0.117733E-04  0.143E-01    8.33       1.0  T
   3    -50.7324960 -0.846721E-05  0.185E-02    8.33       1.1  T
   4    -50.7324977 -0.172913E-05  0.424E-03    8.33       4.6  T
   5    -50.7324977 -0.288733E-07  0.191E-03    8.33      10.3  T
speedup  1.16
cpu  time for SCC    0.00 s
wall time for SCC    0.00 s
speedup  1.00
cpu  time for grad    0.01 s
wall time for grad    0.01 s
 E :    -50.44809689  G :  0.019493    pred/act E change: -0.432D-03 -0.169D-03
Maxdispl :   0.0990   ||displ|| :   0.1693   Lambda : -0.729D-03
Largest |displ|/coords:  0.0990 (   3)  0.0710 (  11)  0.0627 (   2)
................................................................................
.............................. CYCLE   34 ......................................
................................................................................
   1    -50.7400751 -0.507401E+02  0.150E-01    8.35       0.0  T
   2    -50.7400943 -0.192549E-04  0.111E-01    8.36       1.0  T
   3    -50.7401064 -0.120993E-04  0.251E-02    8.36       1.0  T
   4    -50.7401085 -0.208450E-05  0.588E-03    8.36       3.3  T
   5    -50.7401086 -0.672329E-07  0.254E-03    8.36       7.7  T
   6    -50.7401086 -0.520905E-08  0.126E-03    8.36      15.5  T
speedup  0.96
cpu  time for SCC    0.00 s
wall time for SCC    0.01 s
speedup  1.01
cpu  time for grad    0.01 s
wall time for grad    0.01 s
 E :    -50.44804224  G :  0.021953    pred/act E change: -0.233D-03  0.547D-04
Maxdispl :   0.0976   ||displ|| :   0.2136   Lambda : -0.832D-03
Largest |displ|/coords:  0.0976 (   2)  0.0969 (   3)  0.0933 (   6)
................................................................................
.............................. CYCLE   35 ......................................
................................................................................
   1    -50.7361982 -0.507362E+02  0.187E-01    8.35       0.0  T
   2    -50.7362135 -0.153141E-04  0.140E-01    8.36       1.0  T
   3    -50.7362239 -0.103985E-04  0.225E-02    8.37       1.0  T
   4    -50.7362262 -0.227771E-05  0.528E-03    8.37       3.7  T
   5    -50.7362262 -0.474606E-07  0.256E-03    8.37       7.7  T
speedup  0.89
cpu  time for SCC    0.00 s
wall time for SCC    0.00 s
speedup  0.99
cpu  time for grad    0.01 s
wall time for grad    0.01 s
 E :    -50.44853673  G :  0.008911    pred/act E change: -0.375D-03 -0.494D-03
Maxdispl :   0.1948   ||displ|| :   0.2991   Lambda : -0.272D-03
Largest |displ|/coords:  0.1948 (   3)  0.1400 (   2)  0.0955 (   5)
................................................................................
.............................. CYCLE   36 ......................................
................................................................................
   1    -50.7335509 -0.507336E+02  0.181E-01    8.37       0.0  T
   2    -50.7335581 -0.717921E-05  0.137E-01    8.37       1.0  T
   3    -50.7335652 -0.707736E-05  0.140E-02    8.39       1.4  T
   4    -50.7335660 -0.831962E-06  0.422E-03    8.38       4.7  T
   5    -50.7335660 -0.212469E-07  0.210E-03    8.38       9.3  T
   6    -50.7335660 -0.639067E-08  0.101E-03    8.38      19.4  T
speedup  1.13
cpu  time for SCC    0.01 s
wall time for SCC    0.01 s
speedup  1.01
cpu  time for grad    0.01 s
wall time for grad    0.01 s
 E :    -50.44870170  G :  0.014778    pred/act E change: -0.435D-03 -0.165D-03
Maxdispl :   0.1586   ||displ|| :   0.2278   Lambda : -0.257D-03
Largest |displ|/coords:  0.1586 (   3)  0.1112 (   2)  0.0706 (   6)
................................................................................
.............................. CYCLE   37 ......................................
................................................................................
   1    -50.7343715 -0.507344E+02  0.100E-01    8.40       0.0  T
   2    -50.7343737 -0.214235E-05  0.760E-02    8.41       1.0  T
   3    -50.7343759 -0.218146E-05  0.789E-03    8.42       2.5  T
   4    -50.7343761 -0.239406E-06  0.290E-03    8.41       6.8  T
   5    -50.7343761 -0.112488E-07  0.108E-03    8.41      18.1  T
speedup  1.09
cpu  time for SCC    0.01 s
wall time for SCC    0.00 s
speedup  1.07
cpu  time for grad    0.01 s
wall time for grad    0.01 s
 E :    -50.44888993  G :  0.011687    pred/act E change: -0.148D-03 -0.188D-03
Maxdispl :   0.3830   ||displ|| :   0.5056   Lambda : -0.551D-03
Largest |displ|/coords:  0.3830 (   3)  0.2462 (   2)  0.1088 (   5)
................................................................................
.............................. CYCLE   38 ......................................
................................................................................
   1    -50.7355127 -0.507355E+02  0.232E-01    8.44       0.0  T
   2    -50.7355225 -0.984964E-05  0.176E-01    8.45       1.0  T
   3    -50.7355353 -0.127673E-04  0.154E-02    8.47       1.3  T
   4    -50.7355359 -0.578537E-06  0.686E-03    8.46       2.9  T
   5    -50.7355359 -0.478971E-07  0.252E-03    8.46       7.8  T
   6    -50.7355359 -0.644479E-08  0.110E-03    8.46      17.8  T
speedup  0.96
cpu  time for SCC    0.00 s
wall time for SCC    0.01 s
speedup  1.02
cpu  time for grad    0.01 s
wall time for grad    0.01 s
 E :    -50.44912088  G :  0.012053    pred/act E change: -0.135D-03 -0.231D-03
Maxdispl :   0.1693   ||displ|| :   0.2788   Lambda : -0.296D-03
Largest |displ|/coords:  0.1693 (   3)  0.1452 (   2)  0.1085 (   6)
................................................................................
.............................. CYCLE   39 ......................................
................................................................................
   1    -50.7348527 -0.507349E+02  0.129E-01    8.45       0.0  T
   2    -50.7348556 -0.289034E-05  0.980E-02    8.45       1.0  T
   3    -50.7348594 -0.386294E-05  0.869E-03    8.46       2.3  T
   4    -50.7348596 -0.147136E-06  0.326E-03    8.46       6.0  T
   5    -50.7348596 -0.134510E-07  0.122E-03    8.46      16.0  T
   6    -50.7348596 -0.279254E-08  0.495E-04    8.46      39.6  T
speedup  0.94
cpu  time for SCC    0.01 s
wall time for SCC    0.01 s
speedup  1.01
cpu  time for grad    0.01 s
wall time for grad    0.01 s
 E :    -50.44927959  G :  0.009854    pred/act E change: -0.346D-03 -0.159D-03
Maxdispl :   0.1124   ||displ|| :   0.1793   Lambda : -0.299D-03
Largest |displ|/coords:  0.1124 (   3)  0.0838 (   2)  0.0454 (   7)
................................................................................
.............................. CYCLE   40 ......................................
................................................................................
   1    -50.7395989 -0.507396E+02  0.885E-02    8.45       0.0  T
   2    -50.7396055 -0.663031E-05  0.653E-02    8.45       1.0  T
   3    -50.7396099 -0.438572E-05  0.171E-02    8.45       1.1  T
   4    -50.7396106 -0.682156E-06  0.431E-03    8.45       4.6  T
   5    -50.7396106 -0.521645E-07  0.165E-03    8.45      11.9  T
   6    -50.7396106 -0.212412E-08  0.865E-04    8.45      22.7  T
speedup  1.15
cpu  time for SCC    0.01 s
wall time for SCC    0.01 s
speedup  1.02
cpu  time for grad    0.01 s
wall time for grad    0.01 s
 E :    -50.44926646  G :  0.013668    pred/act E change: -0.160D-03  0.131D-04
Maxdispl :   0.2164   ||displ|| :   0.3106   Lambda : -0.365D-03
Largest |displ|/coords:  0.2164 (   3)  0.1589 (   2)  0.0850 (   5)
................................................................................
.............................. CYCLE   41 ......................................
................................................................................
   1    -50.7342071 -0.507342E+02  0.165E-01    8.43       0.0  T
   2    -50.7342172 -0.101036E-04  0.124E-01    8.44       1.0  T
   3    -50.7342255 -0.830166E-05  0.172E-02    8.45       1.1  T
   4    -50.7342269 -0.137000E-05  0.387E-03    8.44       5.1  T
   5    -50.7342269 -0.145055E-07  0.227E-03    8.44       8.6  T
   6    -50.7342269 -0.785798E-08  0.723E-04    8.44      27.1  T
speedup  1.13
cpu  time for SCC    0.01 s
wall time for SCC    0.01 s
speedup  1.01
cpu  time for grad    0.01 s
wall time for grad    0.01 s
 E :    -50.44940922  G :  0.011499    pred/act E change: -0.154D-03 -0.143D-03
Maxdispl :   0.0337   ||displ|| :   0.0809   Lambda : -0.240D-03
Largest |displ|/coords:  0.0337 (  11)  0.0290 (   6)  0.0274 (  15)
................................................................................
.............................. CYCLE   42 ......................................
................................................................................
   1    -50.7359070 -0.507359E+02  0.848E-02    8.44       0.0  T
   2    -50.7359125 -0.548440E-05  0.629E-02    8.44       1.0  T
   3    -50.7359163 -0.373644E-05  0.135E-02    8.44       1.5  T
   4    -50.7359169 -0.658897E-06  0.332E-03    8.44       5.9  T
   5    -50.7359169 -0.222875E-07  0.145E-03    8.44      13.5  T
   6    -50.7359170 -0.183989E-08  0.708E-04    8.44      27.7  T
speedup  0.94
cpu  time for SCC    0.00 s
wall time for SCC    0.01 s
speedup  1.01
cpu  time for grad    0.01 s
wall time for grad    0.01 s
 E :    -50.44942723  G :  0.009928    pred/act E change: -0.200D-03 -0.180D-04
Maxdispl :   0.0829   ||displ|| :   0.1345   Lambda : -0.158D-03
Largest |displ|/coords:  0.0829 (   2)  0.0819 (   3)  0.0265 (  11)
................................................................................
.............................. CYCLE   43 ......................................
................................................................................
   1    -50.7361916 -0.507362E+02  0.652E-02    8.43       0.0  T
   2    -50.7361930 -0.147702E-05  0.492E-02    8.43       1.0  T
   3    -50.7361945 -0.150733E-05  0.726E-03    8.43       2.7  T
   4    -50.7361947 -0.149230E-06  0.205E-03    8.43       9.6  T
   5    -50.7361947 -0.636761E-08  0.854E-04    8.43      23.0  T
speedup  0.91
cpu  time for SCC    0.00 s
wall time for SCC    0.00 s
speedup  1.00
cpu  time for grad    0.01 s
wall time for grad    0.01 s
 E :    -50.44951803  G :  0.003665    pred/act E change: -0.121D-03 -0.908D-04
Maxdispl :   0.1449   ||displ|| :   0.2144   Lambda : -0.689D-04
Largest |displ|/coords:  0.1449 (   3)  0.1094 (   2)  0.0440 (   5)
................................................................................
.............................. CYCLE   44 ......................................
................................................................................
   1    -50.7361301 -0.507361E+02  0.934E-02    8.42       0.0  T
   2    -50.7361322 -0.209081E-05  0.704E-02    8.42       1.0  T
   3    -50.7361341 -0.188127E-05  0.875E-03    8.42       2.2  T
   4    -50.7361343 -0.240893E-06  0.226E-03    8.42       8.7  T
   5    -50.7361343 -0.799095E-08  0.101E-03    8.42      19.5  T
   6    -50.7361343 -0.120733E-08  0.497E-04    8.42      39.5  T
   7    -50.7361343 -0.738154E-09  0.136E-04    8.42     144.7  T
speedup  0.97
cpu  time for SCC    0.01 s
wall time for SCC    0.01 s
speedup  0.97
cpu  time for grad    0.01 s
wall time for grad    0.01 s
 E :    -50.44953608  G :  0.006154    pred/act E change: -0.802D-04 -0.181D-04
Maxdispl :   0.1034   ||displ|| :   0.1559   Lambda : -0.639D-04
Largest |displ|/coords:  0.1034 (   3)  0.0876 (   2)  0.0351 (   5)
................................................................................
.............................. CYCLE   45 ......................................
................................................................................
   1    -50.7354390 -0.507354E+02  0.644E-02    8.42       0.0  T
   2    -50.7354398 -0.791930E-06  0.489E-02    8.42       1.0  T
   3    -50.7354408 -0.102094E-05  0.436E-03    8.42       4.5  T
   4    -50.7354408 -0.405283E-07  0.217E-03    8.42       9.1  T
   5    -50.7354408 -0.406057E-08  0.577E-04    8.42      34.0  T
speedup  0.89
cpu  time for SCC    0.00 s
wall time for SCC    0.00 s
speedup  0.98
cpu  time for grad    0.01 s
wall time for grad    0.01 s
 E :    -50.44957500  G :  0.004283    pred/act E change: -0.361D-04 -0.389D-04
Maxdispl :   0.0423   ||displ|| :   0.0750   Lambda : -0.554D-04
Largest |displ|/coords:  0.0423 (   2)  0.0279 (   1)  0.0246 (   3)
................................................................................
.............................. CYCLE   46 ......................................
................................................................................
   1    -50.7376417 -0.507376E+02  0.398E-02    8.43       0.0  T
   2    -50.7376428 -0.111017E-05  0.291E-02    8.42       1.0  T
   3    -50.7376435 -0.615846E-06  0.605E-03    8.42       3.2  T
   4    -50.7376436 -0.117022E-06  0.200E-03    8.42       9.8  T
   5    -50.7376436 -0.664681E-08  0.601E-04    8.42      32.6  T
speedup  1.11
cpu  time for SCC    0.01 s
wall time for SCC    0.00 s
speedup  0.99
cpu  time for grad    0.01 s
wall time for grad    0.01 s
 E :    -50.44959620  G :  0.003683    pred/act E change: -0.327D-04 -0.212D-04
Maxdispl :   0.1213   ||displ|| :   0.1803   Lambda : -0.374D-04
Largest |displ|/coords:  0.1213 (   3)  0.0988 (   2)  0.0360 (   5)
................................................................................
.............................. CYCLE   47 ......................................
................................................................................
   1    -50.7366816 -0.507367E+02  0.795E-02    8.41       0.0  T
   2    -50.7366827 -0.112070E-05  0.599E-02    8.41       1.0  T
   3    -50.7366840 -0.130236E-05  0.638E-03    8.41       3.1  T
   4    -50.7366841 -0.682704E-07  0.192E-03    8.41      10.2  T
   5    -50.7366841 -0.428232E-08  0.719E-04    8.41      27.3  T
   6    -50.7366841 -0.670489E-09  0.355E-04    8.41      55.3  T
speedup  0.98
cpu  time for SCC    0.00 s
wall time for SCC    0.01 s
speedup  0.98
cpu  time for grad    0.01 s
wall time for grad    0.01 s
 E :    -50.44961601  G :  0.002828    pred/act E change: -0.279D-04 -0.198D-04
Maxdispl :   0.1139   ||displ|| :   0.1790   Lambda : -0.278D-04
Largest |displ|/coords:  0.1139 (   3)  0.0981 (   2)  0.0457 (   5)
................................................................................
.............................. CYCLE   48 ......................................
................................................................................
   1    -50.7359457 -0.507359E+02  0.760E-02    8.41       0.0  T
   2    -50.7359469 -0.116727E-05  0.572E-02    8.41       1.0  T
   3    -50.7359481 -0.121159E-05  0.662E-03    8.41       3.0  T
   4    -50.7359482 -0.105273E-06  0.223E-03    8.41       8.8  T
   5    -50.7359482 -0.567871E-08  0.736E-04    8.41      26.7  T
   6    -50.7359482 -0.690534E-09  0.390E-04    8.41      50.3  T
speedup  0.96
cpu  time for SCC    0.00 s
wall time for SCC    0.01 s
speedup  0.98
cpu  time for grad    0.01 s
wall time for grad    0.01 s
 E :    -50.44961852  G :  0.003767    pred/act E change: -0.193D-04 -0.251D-05
Maxdispl :   0.0551   ||displ|| :   0.0828   Lambda : -0.233D-04
Largest |displ|/coords:  0.0551 (   3)  0.0470 (   2)  0.0198 (   5)
................................................................................
.............................. CYCLE   49 ......................................
................................................................................
   1    -50.7372320 -0.507372E+02  0.350E-02    8.42       0.0  T
   2    -50.7372324 -0.374202E-06  0.264E-02    8.42       1.0  T
   3    -50.7372328 -0.367701E-06  0.327E-03    8.42       6.0  T
   4    -50.7372328 -0.411788E-07  0.977E-04    8.42      20.1  T
   5    -50.7372328 -0.123725E-08  0.423E-04    8.42      46.3  T
speedup  0.91
cpu  time for SCC    0.00 s
wall time for SCC    0.00 s
speedup  0.96
cpu  time for grad    0.01 s
wall time for grad    0.01 s
 E :    -50.44962920  G :  0.001899    pred/act E change: -0.143D-04 -0.107D-04
Maxdispl :   0.0255   ||displ|| :   0.0424   Lambda : -0.106D-04
Largest |displ|/coords:  0.0255 (   3)  0.0211 (   2)  0.0112 (   8)
................................................................................
.............................. CYCLE   50 ......................................
................................................................................
   1    -50.7371982 -0.507372E+02  0.220E-02    8.42       0.0  T
   2    -50.7371984 -0.233776E-06  0.162E-02    8.42       1.2  T
   3    -50.7371986 -0.141571E-06  0.275E-03    8.42       7.1  T
   4    -50.7371986 -0.279807E-07  0.699E-04    8.42      28.1  T
   5    -50.7371986 -0.646565E-09  0.257E-04    8.42      76.5  T
speedup  0.93
cpu  time for SCC    0.00 s
wall time for SCC    0.00 s
speedup  0.96
cpu  time for grad    0.01 s
wall time for grad    0.01 s
 E :    -50.44962968  G :  0.002477    pred/act E change: -0.117D-04 -0.481D-06
Maxdispl :   0.0164   ||displ|| :   0.0307   Lambda : -0.944D-05
Largest |displ|/coords:  0.0164 (   2)  0.0153 (   3)  0.0086 (   7)
................................................................................
.............................. CYCLE   51 ......................................
................................................................................
   1    -50.7370615 -0.507371E+02  0.153E-02    8.42       0.0  T
   2    -50.7370616 -0.107231E-06  0.114E-02    8.42       1.7  T
   3    -50.7370617 -0.773618E-07  0.199E-03    8.42       9.9  T
   4    -50.7370617 -0.134684E-07  0.473E-04    8.42      41.5  T
   5    -50.7370617 -0.357687E-09  0.186E-04    8.42     105.3  T
speedup  0.93
cpu  time for SCC    0.00 s
wall time for SCC    0.00 s
speedup  0.88
cpu  time for grad    0.01 s
wall time for grad    0.01 s
 E :    -50.44963485  G :  0.001049    pred/act E change: -0.531D-05 -0.517D-05
Maxdispl :   0.0237   ||displ|| :   0.0403   Lambda : -0.476D-05
Largest |displ|/coords:  0.0237 (   3)  0.0145 (   5)  0.0134 (   2)
................................................................................
.............................. CYCLE   52 ......................................
................................................................................
   1    -50.7372551 -0.507373E+02  0.184E-02    8.42       0.0  T
   2    -50.7372551 -0.539555E-07  0.138E-02    8.42       1.4  T
   3    -50.7372552 -0.502363E-07  0.178E-03    8.42      11.0  T
   4    -50.7372552 -0.583148E-08  0.548E-04    8.42      35.8  T
   5    -50.7372552 -0.381462E-09  0.167E-04    8.42     117.7  T
speedup  0.91
cpu  time for SCC    0.00 s
wall time for SCC    0.00 s
speedup  0.96
cpu  time for grad    0.01 s
wall time for grad    0.01 s
 E :    -50.44963647  G :  0.001187    pred/act E change: -0.472D-05 -0.161D-05
Maxdispl :   0.0135   ||displ|| :   0.0259   Lambda : -0.344D-05
Largest |displ|/coords:  0.0135 (   3)  0.0092 (   1)  0.0084 (   4)

generating ANC from model Hessian ...
 Shifting diagonal of input Hessian by   5.117983215891460E-003
 Lowest  eigenvalues of input Hessian
    0.005000   -0.000000   -0.000000   -0.000000   -0.000000    0.000000
    0.000000    0.005233    0.005463    0.005635    0.005933    0.006240
    0.006380    0.006811    0.007362    0.008198    0.009501    0.010388
 Highest eigenvalues
    1.384637    1.392601    1.403312    2.712586    3.327113    3.767112
 
cpu  time for ANC gen    0.01 s
wall time for ANC gen    0.01 s
................................................................................
.............................. CYCLE   53 ......................................
................................................................................
   1    -50.7371342 -0.507371E+02  0.111E-02    8.42       0.0  T
   2    -50.7371342 -0.254834E-07  0.820E-03    8.42       2.4  T
   3    -50.7371342 -0.196769E-07  0.101E-03    8.42      19.3  T
   4    -50.7371342 -0.278015E-08  0.314E-04    8.42      62.5  T
   5    -50.7371342 -0.108571E-09  0.798E-05    8.42     245.7  T
speedup  1.11
cpu  time for SCC    0.00 s
wall time for SCC    0.00 s
speedup  1.02
cpu  time for grad    0.01 s
wall time for grad    0.01 s
 E :    -50.44963866  G :  0.000790    pred/act E change:  0.000D+00 -0.219D-05
Maxdispl :   0.0047   ||displ|| :   0.0114   Lambda : -0.227D-05
Largest |displ|/coords:  0.0047 (   1)  0.0046 (   5)  0.0037 (  14)
................................................................................
.............................. CYCLE   54 ......................................
................................................................................
   1    -50.7371477 -0.507371E+02  0.959E-03    8.42       0.0  T
   2    -50.7371477 -0.141495E-07  0.728E-03    8.42       2.7  T
   3    -50.7371478 -0.180412E-07  0.534E-04    8.42      36.7  T
   4    -50.7371478 -0.740954E-09  0.235E-04    8.42      83.4  T
speedup  0.86
cpu  time for SCC    0.00 s
wall time for SCC    0.00 s
speedup  0.95
cpu  time for grad    0.01 s
wall time for grad    0.01 s
 E :    -50.44964018  G :  0.000496    pred/act E change:  0.000D+00 -0.153D-05
Maxdispl :   0.0170   ||displ|| :   0.0232   Lambda : -0.285D-05
Largest |displ|/coords:  0.0170 (   1)  0.0070 (   5)  0.0057 (  14)
................................................................................
.............................. CYCLE   55 ......................................
................................................................................
   1    -50.7371410 -0.507371E+02  0.171E-02    8.42       0.0  T
   2    -50.7371411 -0.432275E-07  0.130E-02    8.42       1.5  T
   3    -50.7371411 -0.529431E-07  0.104E-03    8.42      18.9  T
   4    -50.7371411 -0.263780E-08  0.356E-04    8.42      55.2  T
   5    -50.7371411 -0.152205E-09  0.118E-04    8.42     165.5  T
speedup  0.91
cpu  time for SCC    0.00 s
wall time for SCC    0.00 s
speedup  0.96
cpu  time for grad    0.01 s
wall time for grad    0.01 s
 E :    -50.44964210  G :  0.000469    pred/act E change: -0.114D-05 -0.191D-05
Maxdispl :   0.0216   ||displ|| :   0.0282   Lambda : -0.199D-05
Largest |displ|/coords:  0.0216 (   1)  0.0076 (   5)  0.0073 (  12)
................................................................................
.............................. CYCLE   56 ......................................
................................................................................
   1    -50.7371166 -0.507371E+02  0.183E-02    8.41       0.0  T
   2    -50.7371166 -0.357117E-07  0.139E-02    8.41       1.4  T
   3    -50.7371166 -0.482259E-07  0.844E-04    8.41      23.2  T
   4    -50.7371166 -0.101776E-08  0.269E-04    8.41      73.0  T
speedup  0.86
cpu  time for SCC    0.00 s
wall time for SCC    0.00 s
speedup  0.94
cpu  time for grad    0.01 s
wall time for grad    0.01 s
 E :    -50.44964337  G :  0.000611    pred/act E change: -0.143D-05 -0.127D-05
Maxdispl :   0.0228   ||displ|| :   0.0302   Lambda : -0.163D-05
Largest |displ|/coords:  0.0228 (   1)  0.0091 (  12)  0.0078 (   6)
................................................................................
.............................. CYCLE   57 ......................................
................................................................................
   1    -50.7371176 -0.507371E+02  0.176E-02    8.41       0.0  T
   2    -50.7371176 -0.336417E-07  0.133E-02    8.41       1.5  T
   3    -50.7371176 -0.434284E-07  0.873E-04    8.41      22.5  T
   4    -50.7371176 -0.144053E-08  0.344E-04    8.41      57.0  T
speedup  1.08
cpu  time for SCC    0.00 s
wall time for SCC    0.00 s
speedup  1.02
cpu  time for grad    0.01 s
wall time for grad    0.01 s
 E :    -50.44964443  G :  0.000536    pred/act E change: -0.994D-06 -0.106D-05
Maxdispl :   0.0200   ||displ|| :   0.0273   Lambda : -0.133D-05
Largest |displ|/coords:  0.0200 (   1)  0.0103 (  12)  0.0092 (   6)
................................................................................
.............................. CYCLE   58 ......................................
................................................................................
   1    -50.7371857 -0.507372E+02  0.149E-02    8.41       0.0  T
   2    -50.7371858 -0.315826E-07  0.112E-02    8.41       1.7  T
   3    -50.7371858 -0.332396E-07  0.897E-04    8.41      21.9  T
   4    -50.7371858 -0.251907E-08  0.400E-04    8.41      49.0  T
speedup  1.14
cpu  time for SCC    0.00 s
wall time for SCC    0.00 s
speedup  1.03
cpu  time for grad    0.01 s
wall time for grad    0.01 s
 E :    -50.44964542  G :  0.000376    pred/act E change: -0.816D-06 -0.990D-06
Maxdispl :   0.0179   ||displ|| :   0.0289   Lambda : -0.118D-05
Largest |displ|/coords:  0.0179 (   1)  0.0125 (  12)  0.0118 (   4)
................................................................................
.............................. CYCLE   59 ......................................
................................................................................
   1    -50.7373000 -0.507373E+02  0.146E-02    8.41       0.0  T
   2    -50.7373000 -0.287587E-07  0.109E-02    8.42       1.8  T
   3    -50.7373001 -0.297756E-07  0.892E-04    8.42      22.0  T
   4    -50.7373001 -0.196245E-08  0.374E-04    8.42      52.4  T
speedup  1.14
cpu  time for SCC    0.00 s
wall time for SCC    0.00 s
speedup  1.03
cpu  time for grad    0.01 s
wall time for grad    0.01 s
 E :    -50.44964625  G :  0.000354    pred/act E change: -0.666D-06 -0.835D-06
Maxdispl :   0.0128   ||displ|| :   0.0239   Lambda : -0.669D-06
Largest |displ|/coords:  0.0128 (   1)  0.0111 (   6)  0.0105 (   4)
................................................................................
.............................. CYCLE   60 ......................................
................................................................................
   1    -50.7373579 -0.507374E+02  0.117E-02    8.42       0.0  T
   2    -50.7373579 -0.161606E-07  0.871E-03    8.42       2.3  T
   3    -50.7373579 -0.178111E-07  0.693E-04    8.42      28.3  T
   4    -50.7373579 -0.792078E-09  0.299E-04    8.42      65.6  T
speedup  0.86
cpu  time for SCC    0.00 s
wall time for SCC    0.00 s
speedup  0.94
cpu  time for grad    0.01 s
wall time for grad    0.01 s
 E :    -50.44964675  G :  0.000346    pred/act E change: -0.593D-06 -0.501D-06
Maxdispl :   0.0129   ||displ|| :   0.0246   Lambda : -0.584D-06
Largest |displ|/coords:  0.0129 (   4)  0.0115 (   6)  0.0102 (   1)
................................................................................
.............................. CYCLE   61 ......................................
................................................................................
   1    -50.7373807 -0.507374E+02  0.114E-02    8.42       0.0  T
   2    -50.7373808 -0.153657E-07  0.847E-03    8.42       2.3  T
   3    -50.7373808 -0.165277E-07  0.681E-04    8.42      28.8  T
   4    -50.7373808 -0.711680E-09  0.298E-04    8.42      65.7  T
speedup  0.86
cpu  time for SCC    0.00 s
wall time for SCC    0.00 s
speedup  0.94
cpu  time for grad    0.01 s
wall time for grad    0.01 s
 E :    -50.44964719  G :  0.000301    pred/act E change: -0.335D-06 -0.436D-06
Maxdispl :   0.0120   ||displ|| :   0.0224   Lambda : -0.496D-06
Largest |displ|/coords:  0.0120 (   6)  0.0111 (   4)  0.0098 (   2)
................................................................................
.............................. CYCLE   62 ......................................
................................................................................
   1    -50.7373555 -0.507374E+02  0.104E-02    8.42       0.0  T
   2    -50.7373555 -0.143166E-07  0.777E-03    8.42       2.5  T
   3    -50.7373555 -0.144410E-07  0.698E-04    8.42      28.1  T
   4    -50.7373555 -0.927379E-09  0.299E-04    8.42      65.5  T
speedup  1.14
cpu  time for SCC    0.00 s
wall time for SCC    0.00 s
speedup  1.03
cpu  time for grad    0.01 s
wall time for grad    0.01 s
 E :    -50.44964756  G :  0.000248    pred/act E change: -0.292D-06 -0.368D-06
Maxdispl :   0.0096   ||displ|| :   0.0184   Lambda : -0.394D-06
Largest |displ|/coords:  0.0096 (   6)  0.0095 (   2)  0.0091 (   4)
................................................................................
.............................. CYCLE   63 ......................................
................................................................................
   1    -50.7373093 -0.507373E+02  0.882E-03    8.42       0.0  T
   2    -50.7373094 -0.108534E-07  0.656E-03    8.42       3.0  T
   3    -50.7373094 -0.111425E-07  0.649E-04    8.42      30.2  T
   4    -50.7373094 -0.711914E-09  0.252E-04    8.42      77.8  T
speedup  1.11
cpu  time for SCC    0.00 s
wall time for SCC    0.00 s
speedup  1.02
cpu  time for grad    0.01 s
wall time for grad    0.01 s
 E :    -50.44964784  G :  0.000225    pred/act E change: -0.248D-06 -0.282D-06
Maxdispl :   0.0065   ||displ|| :   0.0114   Lambda : -0.227D-06
Largest |displ|/coords:  0.0065 (   6)  0.0065 (   2)  0.0041 (   4)
................................................................................
.............................. CYCLE   64 ......................................
................................................................................
   1    -50.7372717 -0.507373E+02  0.604E-03    8.42       0.0  T
   2    -50.7372717 -0.478186E-08  0.452E-03    8.42       4.3  T
   3    -50.7372717 -0.576541E-08  0.494E-04    8.42      39.7  T
   4    -50.7372717 -0.263519E-09  0.111E-04    8.42     177.1  T
speedup  0.86
cpu  time for SCC    0.00 s
wall time for SCC    0.00 s
speedup  0.93
cpu  time for grad    0.01 s
wall time for grad    0.01 s
 E :    -50.44964800  G :  0.000220    pred/act E change: -0.197D-06 -0.163D-06
Maxdispl :   0.0047   ||displ|| :   0.0075   Lambda : -0.135D-06
Largest |displ|/coords:  0.0047 (   2)  0.0036 (   6)  0.0022 (   4)
................................................................................
.............................. CYCLE   65 ......................................
................................................................................
   1    -50.7372590 -0.507373E+02  0.405E-03    8.42       0.0  T
   2    -50.7372590 -0.226810E-08  0.304E-03    8.42       6.4  T
   3    -50.7372590 -0.268755E-08  0.364E-04    8.42      53.9  T
   4    -50.7372590 -0.157840E-09  0.895E-05    8.42     219.2  T
speedup  1.11
cpu  time for SCC    0.00 s
wall time for SCC    0.00 s
speedup  1.01
cpu  time for grad    0.01 s
wall time for grad    0.01 s
 E :    -50.44964810  G :  0.000179    pred/act E change: -0.113D-06 -0.962D-07
Maxdispl :   0.0030   ||displ|| :   0.0048   Lambda : -0.781D-07
Largest |displ|/coords:  0.0030 (   2)  0.0024 (   6)  0.0013 (   3)

   *** GEOMETRY OPTIMIZATION CONVERGED AFTER 65 ITERATIONS ***

------------------------------------------------------------------------
 total energy gain (kcal):     -0.0059
------------------------------------------------------------------------
================
 final structure:
================
$coord
        1.13907841345008        2.50708077605194        0.09097977636828      S 
        1.59323465668993        2.95340904931934        2.71123907602250      O 
       -1.28027615792272        1.38588950008980       -0.49087477241858      O 
        3.23664403414436        0.79520089620317       -1.02598559053927      O 
        1.47504386879644        4.94968338993651       -1.39756197329868      O 
        1.22774314824151        4.57961347800663       -3.27471157590406      H 
        3.30786860943983       -0.82671927982287       -0.03007496659505      H 
        3.32332970800673       -3.21418111976163        1.68793997504582      O 
        5.00097959880337       -3.89114655063933        1.79719539669264      H 
       -1.97574367052116       -3.46121776537444        0.97015333158843      O 
       -1.98145191419352       -1.70298287611909        0.42749706787172      H 
       -0.22115012408602       -3.96005969353469        0.95364892988546      H 
        0.61479038956429        4.12436721542051       -6.04854177714348      O 
       -0.80302948647470        2.85878492339181       -6.03066661056301      H 
       -0.06098898839539        5.66002200731051       -6.73760830727846      H 
       -2.58436620942664       -2.89349554125307        5.98617102088214      O 
       -2.64276602753903       -3.11563840576540        4.14147288046985      H 
       -2.96687529747137       -4.50877295195091        6.70921890751055      H 
        2.16263780502840       -1.06420434189769        5.84205608828585      O 
        1.99481146360113        0.63220411907273        5.15451144625490      H 
        0.43006469419139       -1.62219165539934        6.20575703964052      H 
        2.92835250043898       -2.47085676797351        3.42727792602200      H 
       -3.15756159742313        0.90212790165711       -5.50730184457095      N 
       -2.86963979369630        0.88420639472952       -3.60075462848580      H 
       -2.90832842682443       -0.88498077504386       -6.14183256946263      H 
       -4.98240119640802        1.38385805438399       -5.81920420846815      H 
$end
 
 Bond Distances (Angstroems)
 ---------------------------
S1-O2=1.4269         S1-O3=1.4443         S1-O4=1.5499         S1-O5=1.5241         O2-S1=1.4269         O3-S1=1.4443         
O4-S1=1.5499         O4-H7=1.0079         O5-S1=1.5241         O5-H6=1.0209         H6-O5=1.0209         H7-O4=1.0079         
O8-H9=0.9591         O8-H22=1.0225        H9-O8=0.9591         O10-H11=0.9737       O10-H12=0.9653       H11-O10=0.9737       
H12-O10=0.9653       O13-H14=1.0057       O13-H15=0.9598       H14-O13=1.0057       H15-O13=0.9598       O16-H17=0.9837       
O16-H18=0.9581       H17-O16=0.9837       H18-O16=0.9581       O19-H20=0.9727       O19-H21=0.9823       H20-O19=0.9727       
H21-O19=0.9823       H22-O8=1.0225        N23-H24=1.0204       N23-H25=1.0122       N23-H26=1.0123       H24-N23=1.0204       
H25-N23=1.0122       H26-N23=1.0123       
 N  H  Rav=1.0149 sigma=0.0038  Rmin=1.0122  Rmax=1.0204     3
 O  H  Rav=0.9843 sigma=0.0230  Rmin=0.9581  Rmax=1.0225    12
 S  O  Rav=1.4863 sigma=0.0519  Rmin=1.4269  Rmax=1.5499     4
 
 selected bond angles (degree)
 --------------------
O3-S1-O2=115.12                O4-S1-O2=110.29                O4-S1-O3=108.27                O5-S1-O2=110.01                
O5-S1-O3=109.98                O5-S1-O4=102.42                H7-O4-S1=108.97                H6-O5-S1=108.98                
H22-O8-H9=106.18               H12-O10-H11=105.17             
 
 selected dihedral angles (degree)
 ---------------------------------
H7-O4-S1-O2= 56.76            H7-O4-S1-O3=290.00            H7-O4-S1-O5=173.83            H6-O5-S1-O2=177.29            
H6-O5-S1-O3=305.10            H6-O5-S1-O4= 60.03            
 
 CMA Distance (Angstroems)
 ---------------------------
R(CMA):  2.0200

========================================================================
 FINAL SINGLEPOINT CALCULATION ON OPTIMIZED GEOMETRY
========================================================================

 Ncao       : 65
 Nao        : 64
 Nshell     : 38
 Nel        : 80
 T(el)      :   300.0
 intcut     :    25.0
 scfconv/Eh :  0.100E-05
   qconv/e  :  0.100E-03
 intneglect :  0.100E-07
 broydamp   :      0.250
 iter      E             dE          RMSdq      gap      omega  full diag
   1    -50.7372590 -0.507373E+02  0.324E-05    8.42       0.0  T
   2    -50.7372590 -0.930811E-12  0.217E-05    8.42     902.7  T
   3    -50.7372590 -0.497380E-12  0.586E-06    8.42    3345.9  T
speedup  1.07
cpu  time for SCC    0.00 s
wall time for SCC    0.00 s

   *** convergence criteria satisfied after 3 iterations ***

          eigenvalues
 #    :          28         29         30         31         32         33         34         35
 occ. :        2.000      2.000      2.000      2.000      2.000      2.000      2.000      2.000
 eps  :       -13.638    -13.425    -13.121    -12.803    -12.710    -12.603    -12.534    -12.395
 #    :          36         37         38         39         40         41         42         43
 occ. :        2.000      2.000      2.000      2.000      2.000      0.000      0.000      0.000
 eps  :       -12.236    -11.816    -11.781    -11.693    -11.339     -2.923     -0.919     -0.321
 #    :          44         45         46         47         48         49         50         51
 occ. :        0.000      0.000      0.000      0.000      0.000      0.000      0.000      0.000
 eps  :         0.404      0.473      0.981      2.422      2.480      3.601      4.947      5.279


   #   Z            q   n(s)   n(p)   n(d)      C6AA      α(0)
   1  16 S      1.710  1.574  1.773  0.943    88.549    15.838
   2   8 O     -0.676  1.752  4.924  0.000    28.067     7.103
   3   8 O     -0.722  1.761  4.961  0.000    29.328     7.261
   4   8 O     -0.622  1.758  4.864  0.000    25.686     6.842
   5   8 O     -0.599  1.750  4.849  0.000    25.136     6.768
   6   1 H      0.395  0.605  0.000  0.000     0.490     1.097
   7   1 H      0.387  0.613  0.000  0.000     0.505     1.115
   8   8 O     -0.643  1.765  4.878  0.000    26.239     6.913
   9   1 H      0.296  0.704  0.000  0.000     0.734     1.346
  10   8 O     -0.618  1.750  4.868  0.000    25.629     6.833
  11   1 H      0.314  0.686  0.000  0.000     0.680     1.296
  12   1 H      0.308  0.692  0.000  0.000     0.699     1.313
  13   8 O     -0.602  1.754  4.848  0.000    25.226     6.779
  14   1 H      0.331  0.669  0.000  0.000     0.634     1.250
  15   1 H      0.296  0.704  0.000  0.000     0.733     1.345
  16   8 O     -0.613  1.751  4.862  0.000    25.496     6.815
  17   1 H      0.327  0.673  0.000  0.000     0.645     1.262
  18   1 H      0.280  0.720  0.000  0.000     0.784     1.391
  19   8 O     -0.619  1.755  4.864  0.000    25.642     6.835
  20   1 H      0.321  0.679  0.000  0.000     0.661     1.277
  21   1 H      0.334  0.666  0.000  0.000     0.627     1.244
  22   1 H      0.351  0.649  0.000  0.000     0.585     1.202
  23   7 N     -0.456  1.369  4.087  0.000    31.980     8.399
  24   1 H      0.200  0.800  0.000  0.000     1.106     1.648
  25   1 H      0.162  0.838  0.000  0.000     1.325     1.803
  26   1 H      0.158  0.842  0.000  0.000     1.346     1.817

 Mol. C6AA /au·bohr⁶  :       5452.719846
 Mol. C8AA /au·bohr⁸  :     117687.175177
 Mol. α(0) /au        :        106.789151

 
 Wiberg/Mayer (AO) data. WBOs > 0.1 written file <wbo>
 largest (>0.05) Wiberg bond orders for each atom
           total WBO             WBO to atom ...
     1  S   4.841    O    2 1.434    O    3 1.334    O    5 1.048    O    4 0.980
     2  O   1.783    S    1 1.434    O    3 0.120    O    4 0.093    O    5 0.073
     3  O   1.737    S    1 1.334    O    2 0.120    O    4 0.090    O    5 0.089
     4  O   1.962    S    1 0.980    H    7 0.697    O    2 0.093    O    3 0.090    O    5 0.053
     5  O   1.998    S    1 1.048    H    6 0.671    O    3 0.089    O    2 0.073    O    4 0.053
     6  H   0.844    O    5 0.671    O   13 0.156
     7  H   0.850    O    4 0.697    O    8 0.134
     8  O   1.910    H    9 0.905    H   22 0.734    H    7 0.134    O   19 0.057
     9  H   0.913    O    8 0.905
    10  O   1.874    H   12 0.884    H   11 0.855    H   17 0.065
    11  H   0.901    O   10 0.855
    12  H   0.905    O   10 0.884
    13  O   1.949    H   15 0.910    H   14 0.773    H    6 0.156    N   23 0.050
    14  H   0.891    O   13 0.773    N   23 0.115
    15  H   0.912    O   13 0.910
    16  O   1.863    H   18 0.918    H   17 0.827    H   21 0.058
    17  H   0.893    O   16 0.827    O   10 0.065
    18  H   0.922    O   16 0.918
    19  O   1.937    H   20 0.859    H   21 0.828    H   22 0.141    O    8 0.057
    20  H   0.897    O   19 0.859
    21  H   0.888    O   19 0.828    O   16 0.058
    22  H   0.876    O    8 0.734    O   19 0.141
    23  N   3.058    H   25 0.971    H   26 0.971    H   24 0.928    H   14 0.115    O   13 0.050
    24  H   0.960    N   23 0.928
    25  H   0.974    N   23 0.971
    26  H   0.975    N   23 0.971
 MOs/occ written to file <molden.input>
 
molecular dipole:
                 x           y           z       tot (Debye)
 q only:       -0.145      -0.455      -1.471
   full:       -0.313      -0.576      -1.638       4.484
molecular quadrupole (traceless):
                xx          xy          yy          xz          yz          zz
 q only:       -1.010      -7.465       1.230       6.281     -11.939      -0.220
  q+dip:        1.193      -8.653       2.589       8.797     -12.650      -3.782
   full:        0.917      -9.039       3.097       8.769     -13.085      -4.014

SCC energy    :     -50.7372590
rep           :       0.2874358
ES            :       0.2327974
AES           :      -0.0526412
AXC           :      -0.0071618
disp          :      -0.0179893
XB            :       0.0000000
fix           :       0.0000000
total E       :     -50.4496481
atomizationE  :       4.9799523     3124.97
(atE without considering molecular charge,
 total energy contains solvation terms)
H-L gap (eV)  :          8.4158
optimized geometry written to: xtbopt.xyz


------------------------------------------------------------------------
 * finished run on 2019/09/16 at 12:25:07.729     
------------------------------------------------------------------------
 total:
 * wall-time:     0 d,  0 h,  0 min,  2.979 sec
 *  cpu-time:     0 d,  0 h,  0 min,  1.534 sec
 * ratio c/w:     0.515 speedup
 SCF:
 * wall-time:     0 d,  0 h,  0 min,  0.151 sec
 *  cpu-time:     0 d,  0 h,  0 min,  0.148 sec
 * ratio c/w:     0.977 speedup
 ANC optimizer:
 * wall-time:     0 d,  0 h,  0 min,  2.801 sec
 *  cpu-time:     0 d,  0 h,  0 min,  1.364 sec
 * ratio c/w:     0.487 speedup

