      -----------------------------------------------------------      
     |                   =====================                   |     
     |                           x T B                           |     
     |                   =====================                   |     
     |                         S. Grimme                         |     
     |          Mulliken Center for Theoretical Chemistry        |     
     |                    University of Bonn                     |     
     |                 Version 6.0.1 (SAW181210)                 |     
      -----------------------------------------------------------      

   This program is distributed in the hope that it will be useful,
   but WITHOUT ANY WARRANTY; without even the implied warranty of
   MERCHANTABILITY or FITNESS FOR A PARTICULAR PURPOSE.
   
   FOR NON-COMMERCIAL, ACADEMIA USE ONLY.
   
   Cite this work as:
   S. Grimme, C. Bannwarth, P. Shushkov, J. Comput. Theory Chem., 2017,
   13, 1989-2009.
   C. Bannwarth, S. Ehlert and S. Grimme., ChemRxiv, 2018, preprint.
   http://doi.org/10.26434/chemrxiv.7246238.v1
   
   for sTDA-xTB:
   S. Grimme and C. Bannwarth, J. Chem. Phys., 2016, 145, 054103.
   
   in the mass-spec context:
   V. Asgeirsson, C. Bauer and S. Grimme, Chem. Sci., 2017, 8, 4879.
   
   if GBSA is used:
   P. Shushkov, F. März and S. Grimme, unpublished.
   
   for ANC optimizer:
   S. Grimme, unpublished.
   Rational Function algorithm used in ANCopt:
   F. Eckert, P. Pulay, H.-J. Werner, J. Comput. Chem., 1997, 18, 1473.
   
   with help from (in alphabetical order)
   C. Bannwarth, F. Bohle, G. Brandenburg, E. Caldeweyher, M. Checinski,
   S. Dohm, S. Ehlert, S. Ehrlich, F. März, H. Neugebauer, J. Pisarek,
   P. Pracht, P. Shushkov, and S. Spicher.
   
 * started run on 2019/09/16 at 12:04:19.551     
========================================================================
 # omp threads = 1
========================================================================
number of atoms            : 26
number of electrons        : 80
charge                     : 0
spin                       : .0
first test random number   : .1243

########################################################################
# WARNING! Please study the warnings concerning your input carefully
#  - XTBPATH is not set, using XTBHOME instead
#  - the use of '-opt' is discouraged, please use '--opt' next time
#  - the use of '-chrg' is discouraged, please use '--chrg' next time
#  - the use of '-uhf' is discouraged, please use '--uhf' next time
########################################################################

           ------------------------------------------------- 
          |                 G F N 2 - x T B                 |
          | Geometry, Frequencies, Noncovalent interactions |
          |            JCTC 2018 parametrisation            |
           ------------------------------------------------- 
      method parameters     
 k(s)        :  1.8500
 k(p)        :  2.2300
 k(d)        :  2.2300
 k(f)        :  2.0000
 kEN (H0ij)  : -2.0000
 D4 a1       :  0.5200
 D4 a2       :  5.0000
 D4 s6       :  1.0000
 D4 s8       :  2.7000
 D4 s9       :  5.0000
 alphaj      :  2.0000


            Z     q(EN)     CN     RAES       Cart. coordinates
     1  S   6.0    0.68    4.09    3.85     3.07935     1.61881     0.86671
     2  O   6.0   -0.33    1.28    1.80     2.54451     2.82579    -1.62032
     3  O   6.0   -0.33    1.25    1.80     0.72887     1.58122     2.41653
     4  O   6.0   -0.32    1.22    1.80     3.97541    -1.01880     0.45655
     5  O   6.0   -0.26    1.11    1.80     5.06860     3.08702     2.21406
     6  O   6.0   -0.40    1.69    1.81    -1.84738    -2.40963    -2.31540
     7  H   1.0    0.17    0.95    1.42    -3.12799    -3.44042    -3.19929
     8  O   6.0   -0.29    2.04    1.83    -1.47662     5.33847    -3.30366
     9  H   1.0    0.17    1.04    1.43     0.19555     4.83001    -2.79381
    10  H   1.0    0.15    0.97    1.43    -1.29547     7.04305    -3.91702
    11  O   6.0   -0.23    2.92    2.60    -3.15538     1.62644    -0.55533
    12  H   1.0    0.14    1.04    1.43    -2.97858     3.04887    -1.75335
    13  H   1.0    0.16    1.17    1.46    -2.89995    -0.02632    -1.38788
    14  H   1.0    0.15    1.06    1.44    -2.05602     1.83217     0.94153
    15  O   6.0   -0.22    2.92    2.58     1.96098    -1.11109    -4.51828
    16  H   1.0    0.15    1.07    1.44     2.30800     0.63406    -3.94917
    17  H   1.0    0.13    0.96    1.43     3.37146    -2.27036    -4.12246
    18  H   1.0    0.16    1.17    1.46     0.32946    -1.74764    -3.86678
    19  O   6.0   -0.23    2.93    2.60     0.28355    -4.07651     1.39875
    20  H   1.0    0.15    1.07    1.44     1.99277    -3.33147     1.28320
    21  H   1.0    0.12    1.06    1.44    -0.55522    -3.65775     3.01464
    22  H   1.0    0.16    1.17    1.46    -0.77520    -3.62937    -0.07456
    23  N   5.0   -0.22    3.04    1.93    -1.44121    -2.10622     5.82041
    24  H   1.0    0.11    0.99    1.43    -0.39848    -2.55013     7.37820
    25  H   1.0    0.11    0.99    1.43    -3.17573    -1.59083     6.48138
    26  H   1.0    0.13    1.02    1.43    -0.65526    -0.49935     5.10532

  Z AO/shell   Hii/eV     exponent
  1     Wed Apr 25 08:07:45 CEST 2018   EN: 2.200 GM2: 0.406  GM3: 0.0800  RAES: 1.40
     1s    -10.707211    1.230000
  7     Wed Apr 25 08:07:45 CEST 2018   EN: 3.040 GM2: 0.461  GM3:-0.0640  RAES: 1.90
     2s    -16.686243    2.339881
     2p    -12.523956    2.014332
  8     Wed Apr 25 08:07:45 CEST 2018   EN: 3.440 GM2: 0.452  GM3:-0.0517  RAES: 1.80
     2s    -20.229985    2.439742
     2p    -15.503117    2.137023
 16     Tue Apr 24 11:44:34 CEST 2018   EN: 2.580 GM2: 0.340  GM3:-0.0502  RAES: 3.10
     3s    -20.029654    1.981333
     3p    -11.377694    2.025643
     3d     -0.420282    1.702555
 no old-style atom pair restraining (fixing) potential

molecular fragmentation (1/2 indicates fragments):
11111222222222222222222222
# atoms in fragment 1/2:     5    21
 fragment masses (1/2) :       96.06      109.12
CMA distance (Bohr)    :   4.706
constraining FC (au)   :  0.0500
           ------------------------------------------------- 
          |        Self-Consistent Charge Iterations        |
           ------------------------------------------------- 

 Ncao       : 65
 Nao        : 64
 Nshell     : 38
 Nel        : 80
 T(el)      :   300.0
 intcut     :    25.0
 scfconv/Eh :  0.100E-05
   qconv/e  :  0.100E-03
 intneglect :  0.100E-07
 broydamp   :      0.250
 iter      E             dE          RMSdq      gap      omega  full diag
   1    -50.5457021 -0.505457E+02  0.698E+00   10.18       0.0  T
   2    -50.5861017 -0.403995E-01  0.501E+00    9.62       1.0  T
   3    -50.6185118 -0.324101E-01  0.114E+00    6.76       1.0  T
   4    -50.6233940 -0.488224E-02  0.477E-01    6.95       1.0  T
   5    -50.6237564 -0.362395E-03  0.294E-01    6.74       1.0  T
   6    -50.6241578 -0.401412E-03  0.128E-01    6.77       1.0  T
   7    -50.6242540 -0.961397E-04  0.521E-02    6.86       1.0  T
   8    -50.6242664 -0.124700E-04  0.315E-02    6.86       1.0  T
   9    -50.6242723 -0.584453E-05  0.126E-02    6.86       1.6  T
  10    -50.6242732 -0.897070E-06  0.224E-03    6.86       8.8  T
  11    -50.6242732 -0.225888E-07  0.867E-04    6.86      22.6  T
  12    -50.6242732 -0.225696E-08  0.394E-04    6.86      49.7  T
speedup  0.99
cpu  time for SCC    0.02 s
wall time for SCC    0.02 s

   *** convergence criteria satisfied after 12 iterations ***

          eigenvalues
 #    :          28         29         30         31         32         33         34         35
 occ. :        2.000      2.000      2.000      2.000      2.000      2.000      2.000      2.000
 eps  :       -12.192    -11.972    -11.899    -11.830    -11.377    -10.729    -10.660    -10.048
 #    :          36         37         38         39         40         41         42         43
 occ. :        2.000      2.000      2.000      2.000      2.000      0.000      0.000      0.000
 eps  :       -10.007     -9.864     -9.457     -8.647     -8.617     -1.757     -0.253      0.185
 #    :          44         45         46         47         48         49         50         51
 occ. :        0.000      0.000      0.000      0.000      0.000      0.000      0.000      0.000
 eps  :         0.570      1.832      2.229      2.672      2.963      3.673      4.306      5.042


   #   Z            q   n(s)   n(p)   n(d)      C6AA      α(0)
   1  16 S      1.476  1.607  1.915  1.003    94.050    16.322
   2   8 O     -0.805  1.775  5.030  0.000    31.730     7.552
   3   8 O     -0.801  1.773  5.028  0.000    31.621     7.539
   4   8 O     -0.802  1.776  5.027  0.000    31.656     7.543
   5   8 O     -0.750  1.795  4.956  0.000    30.121     7.358
   6   8 O     -0.833  1.825  5.008  0.000    32.546     7.651
   7   1 H      0.222  0.778  0.000  0.000     1.010     1.579
   8   8 O     -0.623  1.729  4.893  0.000    25.733     6.847
   9   1 H      0.338  0.662  0.000  0.000     0.616     1.233
  10   1 H      0.288  0.712  0.000  0.000     0.758     1.368
  11   8 O     -0.455  1.655  4.799  0.000    21.884     6.318
  12   1 H      0.400  0.600  0.000  0.000     0.485     1.094
  13   1 H      0.398  0.602  0.000  0.000     0.484     1.091
  14   1 H      0.401  0.599  0.000  0.000     0.482     1.091
  15   8 O     -0.421  1.647  4.774  0.000    21.200     6.219
  16   1 H      0.409  0.591  0.000  0.000     0.469     1.076
  17   1 H      0.381  0.619  0.000  0.000     0.522     1.135
  18   1 H      0.407  0.593  0.000  0.000     0.468     1.072
  19   8 O     -0.454  1.652  4.802  0.000    21.863     6.315
  20   1 H      0.400  0.600  0.000  0.000     0.484     1.093
  21   1 H      0.381  0.619  0.000  0.000     0.520     1.133
  22   1 H      0.397  0.603  0.000  0.000     0.486     1.093
  23   7 N     -0.464  1.383  4.081  0.000    32.244     8.433
  24   1 H      0.152  0.848  0.000  0.000     1.386     1.844
  25   1 H      0.148  0.852  0.000  0.000     1.416     1.864
  26   1 H      0.208  0.792  0.000  0.000     1.064     1.616

 Mol. C6AA /au·bohr⁶  :       5548.429471
 Mol. C8AA /au·bohr⁸  :     120633.372082
 Mol. α(0) /au        :        107.478645

 
 Wiberg/Mayer (AO) data. WBOs > 0.1 written file <wbo>
 largest (>0.05) Wiberg bond orders for each atom
           total WBO             WBO to atom ...
     1  S   5.022    O    5 1.366    O    4 1.226    O    3 1.208    O    2 1.189
     2  O   1.683    S    1 1.189    H   16 0.104    O    5 0.094    O    3 0.088    O    4 0.087    H    9 0.055
     3  O   1.672    S    1 1.208    H   14 0.103    O    5 0.096    O    4 0.093    O    2 0.088
     4  O   1.663    S    1 1.226    H   20 0.104    O    5 0.099    O    3 0.093    O    2 0.087
     5  O   1.671    S    1 1.366    O    4 0.099    O    3 0.096    O    2 0.094
     6  O   1.670    H    7 0.944    H   18 0.187    H   13 0.174    H   22 0.171    O   15 0.060    O   11 0.058    O   19 0.057
     7  H   0.950    O    6 0.944
     8  O   1.848    H   10 0.904    H    9 0.826    H   12 0.067
     9  H   0.886    O    8 0.826    O    2 0.055
    10  H   0.917    O    8 0.904
    11  O   2.290    H   12 0.765    H   14 0.727    H   13 0.664    O    6 0.058
    12  H   0.840    O   11 0.765    O    8 0.067
    13  H   0.842    O   11 0.664    O    6 0.174
    14  H   0.839    O   11 0.727    O    3 0.103
    15  O   2.313    H   17 0.843    H   16 0.720    H   18 0.643    O    6 0.060
    16  H   0.833    O   15 0.720    O    2 0.104
    17  H   0.855    O   15 0.843
    18  H   0.834    O   15 0.643    O    6 0.187
    19  O   2.291    H   21 0.756    H   20 0.726    H   22 0.667    O    6 0.057
    20  H   0.840    O   19 0.726    O    4 0.104
    21  H   0.854    O   19 0.756    N   23 0.090
    22  H   0.842    O   19 0.667    O    6 0.171
    23  N   3.019    H   24 0.974    H   25 0.973    H   26 0.923    H   21 0.090
    24  H   0.977    N   23 0.974
    25  H   0.978    N   23 0.973
    26  H   0.957    N   23 0.923
 MOs/occ written to file <molden.input>
 
molecular dipole:
                 x           y           z       tot (Debye)
 q only:       -3.673      -2.786      -2.219
   full:       -3.356      -2.252      -1.921      11.374
molecular quadrupole (traceless):
                xx          xy          yy          xz          yz          zz
 q only:      -19.353     -17.487       5.519     -16.330      -9.126      13.834
  q+dip:      -20.972     -15.476       4.707     -16.578      -8.157      16.265
   full:      -20.735     -15.491       4.701     -16.416      -8.448      16.034

SCC energy    :     -50.6242732
rep           :       0.2763943
ES            :       0.3635327
AES           :      -0.0809260
AXC           :      -0.0084502
disp          :      -0.0197546
XB            :       0.0000000
fix           :       0.0000000
total E       :     -50.3475624
atomizationE  :       4.8778666     3060.91
(atE without considering molecular charge,
 total energy contains solvation terms)
H-L gap (eV)  :          6.8596
           ------------------------------------------------- 
          |                 ===============                 |
          |                   A N C O P T                   |
          |                 ===============                 |
          |          Approximate Normal Coordinate          |
          |           Rational Function Optimizer           |
           ------------------------------------------------- 
dumping coords to <xtbopt.coord> and <xtbopt.log>
 optlevel               2
 Maxcycle             520
 Maxmicro              25
 Econv         1.000000000000000E-007
 Gconv         2.000000000000000E-004
 Maxdispl       1.00000000000000     
 Hlow          5.000000000000000E-003
 S6             20.0000000000000     
 Nvar               72

generating ANC from model Hessian ...
 Shifting diagonal of input Hessian by   4.778840596030419E-003
 Lowest  eigenvalues of input Hessian
   -0.000000   -0.000000    0.000000    0.000000    0.000000    0.000000
    0.005000    0.005031    0.005879    0.006166    0.006523    0.006646
    0.007495    0.008236    0.008768    0.008953    0.009657    0.010456
 Highest eigenvalues
    1.576532    1.578414    1.579666    3.082501    3.082793    3.084657
 
cpu  time for ANC gen    0.02 s
wall time for ANC gen    0.02 s
................................................................................
.............................. CYCLE    1 ......................................
................................................................................
   1    -50.6242732 -0.506243E+02  0.161E-04    6.86       0.0  T
   2    -50.6242732 -0.585132E-10  0.112E-04    6.86     174.7  T
   3    -50.6242732 -0.362661E-10  0.664E-05    6.86     295.3  T
speedup  0.94
cpu  time for SCC    0.00 s
wall time for SCC    0.00 s
speedup  0.97
cpu  time for grad    0.01 s
wall time for grad    0.01 s
 E :    -50.34756238  G :  0.203900    pred/act E change:  0.000D+00  0.277D-07
Maxdispl :   0.2499   ||displ|| :   0.4657   Lambda : -0.498D-01
Largest |displ|/coords:  0.2499 (  32)  0.1505 (  27)  0.1380 (  22)
................................................................................
.............................. CYCLE    2 ......................................
................................................................................
   1    -50.6419783 -0.506420E+02  0.393E-01    7.10       0.0  T
   2    -50.6424088 -0.430445E-03  0.292E-01    7.28       1.0  T
   3    -50.6426098 -0.201003E-03  0.104E-01    7.59       1.0  T
   4    -50.6426301 -0.203014E-04  0.314E-02    7.60       1.0  T
   5    -50.6426347 -0.459605E-05  0.999E-03    7.58       2.0  T
   6    -50.6426349 -0.188463E-06  0.485E-03    7.58       4.0  T
   7    -50.6426350 -0.112778E-06  0.209E-03    7.58       9.4  T
speedup  1.03
cpu  time for SCC    0.01 s
wall time for SCC    0.01 s
speedup  0.97
cpu  time for grad    0.01 s
wall time for grad    0.02 s
 E :    -50.38944269  G :  0.130207    pred/act E change:  0.000D+00 -0.419D-01
Maxdispl :   0.3301   ||displ|| :   0.5050   Lambda : -0.326D-01
Largest |displ|/coords:  0.3301 (  32)  0.1623 (  27)  0.1531 (  22)
................................................................................
.............................. CYCLE    3 ......................................
................................................................................
   1    -50.6520514 -0.506521E+02  0.406E-01    7.83       0.0  T
   2    -50.6528056 -0.754178E-03  0.293E-01    8.00       1.0  T
   3    -50.6531684 -0.362863E-03  0.117E-01    8.27       1.0  T
   4    -50.6531922 -0.237650E-04  0.337E-02    8.29       1.0  T
   5    -50.6531961 -0.390370E-05  0.115E-02    8.29       1.7  T
   6    -50.6531964 -0.342308E-06  0.582E-03    8.28       3.4  T
   7    -50.6531966 -0.149741E-06  0.251E-03    8.28       7.8  T
speedup  1.03
cpu  time for SCC    0.01 s
wall time for SCC    0.01 s
speedup  0.97
cpu  time for grad    0.01 s
wall time for grad    0.02 s
 E :    -50.41479656  G :  0.078232    pred/act E change: -0.303D-01 -0.254D-01
Maxdispl :   0.2204   ||displ|| :   0.4368   Lambda : -0.132D-01
Largest |displ|/coords:  0.2204 (  32)  0.1510 (   9)  0.1365 (  18)
................................................................................
.............................. CYCLE    4 ......................................
................................................................................
   1    -50.6552472 -0.506552E+02  0.339E-01    8.43       0.0  T
   2    -50.6558728 -0.625604E-03  0.238E-01    8.54       1.0  T
   3    -50.6561667 -0.293971E-03  0.100E-01    8.70       1.0  T
   4    -50.6561822 -0.154300E-04  0.276E-02    8.71       1.0  T
   5    -50.6561842 -0.207323E-05  0.922E-03    8.71       2.1  T
   6    -50.6561845 -0.233114E-06  0.485E-03    8.71       4.0  T
   7    -50.6561846 -0.880760E-07  0.200E-03    8.71       9.8  T
speedup  0.88
cpu  time for SCC    0.01 s
wall time for SCC    0.01 s
speedup  0.97
cpu  time for grad    0.01 s
wall time for grad    0.02 s
 E :    -50.42342934  G :  0.047241    pred/act E change: -0.205D-01 -0.863D-02
Maxdispl :   0.2025   ||displ|| :   0.3707   Lambda : -0.473D-02
Largest |displ|/coords:  0.2025 (   6)  0.1460 (  15)  0.0960 (  10)
................................................................................
.............................. CYCLE    5 ......................................
................................................................................
   1    -50.6566361 -0.506566E+02  0.271E-01    8.74       0.0  T
   2    -50.6568127 -0.176571E-03  0.199E-01    8.80       1.0  T
   3    -50.6568850 -0.722494E-04  0.710E-02    8.89       1.0  T
   4    -50.6568944 -0.945016E-05  0.172E-02    8.88       1.1  T
   5    -50.6568958 -0.138530E-05  0.507E-03    8.88       3.9  T
   6    -50.6568958 -0.416194E-07  0.231E-03    8.88       8.5  T
speedup  1.05
cpu  time for SCC    0.01 s
wall time for SCC    0.01 s
speedup  1.01
cpu  time for grad    0.01 s
wall time for grad    0.01 s
 E :    -50.42620297  G :  0.027079    pred/act E change: -0.787D-02 -0.277D-02
Maxdispl :   0.2336   ||displ|| :   0.3875   Lambda : -0.269D-02
Largest |displ|/coords:  0.2336 (   9)  0.1711 (   6)  0.1172 (   2)
................................................................................
.............................. CYCLE    6 ......................................
................................................................................
   1    -50.6615412 -0.506615E+02  0.281E-01    8.87       0.0  T
   2    -50.6616872 -0.146028E-03  0.208E-01    8.91       1.0  T
   3    -50.6617441 -0.568806E-04  0.652E-02    8.98       1.0  T
   4    -50.6617566 -0.124572E-04  0.148E-02    8.97       1.3  T
   5    -50.6617576 -0.969184E-06  0.482E-03    8.97       4.1  T
   6    -50.6617576 -0.298282E-07  0.235E-03    8.96       8.3  T
speedup  1.05
cpu  time for SCC    0.01 s
wall time for SCC    0.01 s
speedup  1.03
cpu  time for grad    0.01 s
wall time for grad    0.01 s
 E :    -50.42697987  G :  0.027902    pred/act E change: -0.269D-02 -0.777D-03
Maxdispl :   0.1263   ||displ|| :   0.2541   Lambda : -0.188D-02
Largest |displ|/coords:  0.1263 (  15)  0.1153 (   7)  0.1022 (   2)
................................................................................
.............................. CYCLE    7 ......................................
................................................................................
   1    -50.6646813 -0.506647E+02  0.273E-01    8.99       0.0  T
   2    -50.6647093 -0.280161E-04  0.207E-01    8.99       1.0  T
   3    -50.6647302 -0.208680E-04  0.273E-02    8.99       1.0  T
   4    -50.6647344 -0.423162E-05  0.669E-03    8.99       2.9  T
   5    -50.6647345 -0.614901E-07  0.291E-03    8.99       6.7  T
   6    -50.6647345 -0.742889E-08  0.129E-03    8.99      15.1  T
speedup  1.03
cpu  time for SCC    0.01 s
wall time for SCC    0.01 s
speedup  0.96
cpu  time for grad    0.01 s
wall time for grad    0.01 s
 E :    -50.42770781  G :  0.025392    pred/act E change: -0.155D-02 -0.728D-03
Maxdispl :   0.1046   ||displ|| :   0.1926   Lambda : -0.118D-02
Largest |displ|/coords:  0.1046 (   4)  0.0782 (  18)  0.0516 (  32)
................................................................................
.............................. CYCLE    8 ......................................
................................................................................
   1    -50.6659636 -0.506660E+02  0.111E-01    8.92       0.0  T
   2    -50.6660015 -0.378597E-04  0.792E-02    8.91       1.0  T
   3    -50.6660183 -0.168163E-04  0.285E-02    8.89       1.0  T
   4    -50.6660204 -0.207815E-05  0.675E-03    8.89       2.9  T
   5    -50.6660205 -0.907928E-07  0.247E-03    8.89       7.9  T
   6    -50.6660205 -0.104909E-07  0.128E-03    8.89      15.3  T
speedup  1.03
cpu  time for SCC    0.01 s
wall time for SCC    0.01 s
speedup  1.04
cpu  time for grad    0.01 s
wall time for grad    0.01 s
 E :    -50.42804800  G :  0.013807    pred/act E change: -0.100D-02 -0.340D-03
Maxdispl :   0.0868   ||displ|| :   0.1776   Lambda : -0.701D-03
Largest |displ|/coords:  0.0868 (   6)  0.0589 (   4)  0.0588 (  11)
................................................................................
.............................. CYCLE    9 ......................................
................................................................................
   1    -50.6618440 -0.506618E+02  0.141E-01    8.86       0.0  T
   2    -50.6618546 -0.106801E-04  0.105E-01    8.86       1.0  T
   3    -50.6618610 -0.635581E-05  0.183E-02    8.86       1.1  T
   4    -50.6618625 -0.148687E-05  0.505E-03    8.86       3.9  T
   5    -50.6618625 -0.395004E-07  0.209E-03    8.86       9.4  T
   6    -50.6618625 -0.473450E-08  0.103E-03    8.86      19.0  T
speedup  1.03
cpu  time for SCC    0.01 s
wall time for SCC    0.01 s
speedup  1.03
cpu  time for grad    0.01 s
wall time for grad    0.01 s
 E :    -50.42836248  G :  0.017070    pred/act E change: -0.612D-03 -0.314D-03
Maxdispl :   0.0896   ||displ|| :   0.1663   Lambda : -0.739D-03
Largest |displ|/coords:  0.0896 (   2)  0.0684 (  24)  0.0446 (   7)
................................................................................
.............................. CYCLE   10 ......................................
................................................................................
   1    -50.6643419 -0.506643E+02  0.124E-01    8.87       0.0  T
   2    -50.6643938 -0.518258E-04  0.875E-02    8.88       1.0  T
   3    -50.6644178 -0.240011E-04  0.318E-02    8.90       1.0  T
   4    -50.6644203 -0.256461E-05  0.563E-03    8.90       3.5  T
   5    -50.6644204 -0.789831E-07  0.279E-03    8.90       7.0  T
   6    -50.6644204 -0.136363E-07  0.143E-03    8.90      13.7  T
speedup  0.88
cpu  time for SCC    0.00 s
wall time for SCC    0.01 s
speedup  0.96
cpu  time for grad    0.01 s
wall time for grad    0.01 s
 E :    -50.42856115  G :  0.012320    pred/act E change: -0.362D-03 -0.199D-03
Maxdispl :   0.0855   ||displ|| :   0.1629   Lambda : -0.505D-03
Largest |displ|/coords:  0.0855 (   1)  0.0823 (   4)  0.0432 (  15)
................................................................................
.............................. CYCLE   11 ......................................
................................................................................
   1    -50.6647102 -0.506647E+02  0.113E-01    8.90       0.0  T
   2    -50.6647162 -0.598584E-05  0.846E-02    8.90       1.0  T
   3    -50.6647202 -0.401376E-05  0.137E-02    8.90       1.4  T
   4    -50.6647210 -0.839189E-06  0.388E-03    8.90       5.1  T
   5    -50.6647210 -0.213157E-07  0.164E-03    8.90      12.0  T
   6    -50.6647211 -0.322549E-08  0.823E-04    8.90      23.8  T
speedup  1.17
cpu  time for SCC    0.01 s
wall time for SCC    0.01 s
speedup  1.03
cpu  time for grad    0.01 s
wall time for grad    0.01 s
 E :    -50.42878389  G :  0.012802    pred/act E change: -0.380D-03 -0.223D-03
Maxdispl :   0.0756   ||displ|| :   0.1608   Lambda : -0.400D-03
Largest |displ|/coords:  0.0756 (   6)  0.0601 (   4)  0.0557 (   2)
................................................................................
.............................. CYCLE   12 ......................................
................................................................................
   1    -50.6643741 -0.506644E+02  0.924E-02    8.89       0.0  T
   2    -50.6643786 -0.450981E-05  0.690E-02    8.89       1.0  T
   3    -50.6643814 -0.283857E-05  0.129E-02    8.88       1.5  T
   4    -50.6643820 -0.600387E-06  0.431E-03    8.88       4.5  T
   5    -50.6643820 -0.239847E-07  0.126E-03    8.88      15.6  T
   6    -50.6643820 -0.256635E-08  0.695E-04    8.88      28.2  T
speedup  1.02
cpu  time for SCC    0.01 s
wall time for SCC    0.01 s
speedup  1.01
cpu  time for grad    0.01 s
wall time for grad    0.01 s
 E :    -50.42893303  G :  0.010684    pred/act E change: -0.259D-03 -0.149D-03
Maxdispl :   0.0544   ||displ|| :   0.1133   Lambda : -0.221D-03
Largest |displ|/coords:  0.0544 (   1)  0.0455 (   8)  0.0383 (  12)
................................................................................
.............................. CYCLE   13 ......................................
................................................................................
   1    -50.6643315 -0.506643E+02  0.753E-02    8.87       0.0  T
   2    -50.6643358 -0.426521E-05  0.553E-02    8.87       1.0  T
   3    -50.6643382 -0.238676E-05  0.128E-02    8.87       1.5  T
   4    -50.6643386 -0.498281E-06  0.352E-03    8.87       5.6  T
   5    -50.6643387 -0.200019E-07  0.127E-03    8.87      15.5  T
   6    -50.6643387 -0.241203E-08  0.641E-04    8.87      30.6  T
speedup  1.03
cpu  time for SCC    0.01 s
wall time for SCC    0.01 s
speedup  0.97
cpu  time for grad    0.01 s
wall time for grad    0.01 s
 E :    -50.42906203  G :  0.010465    pred/act E change: -0.205D-03 -0.129D-03
Maxdispl :   0.1092   ||displ|| :   0.1727   Lambda : -0.297D-03
Largest |displ|/coords:  0.1092 (   1)  0.0734 (   4)  0.0661 (  24)
................................................................................
.............................. CYCLE   14 ......................................
................................................................................
   1    -50.6655093 -0.506655E+02  0.111E-01    8.88       0.0  T
   2    -50.6655294 -0.201056E-04  0.812E-02    8.88       1.0  T
   3    -50.6655384 -0.898621E-05  0.241E-02    8.89       1.0  T
   4    -50.6655404 -0.201163E-05  0.602E-03    8.89       3.3  T
   5    -50.6655405 -0.623250E-07  0.226E-03    8.89       8.7  T
   6    -50.6655405 -0.525043E-08  0.120E-03    8.89      16.3  T
speedup  1.02
cpu  time for SCC    0.01 s
wall time for SCC    0.01 s
speedup  1.03
cpu  time for grad    0.01 s
wall time for grad    0.01 s
 E :    -50.42925066  G :  0.011835    pred/act E change: -0.112D-03 -0.189D-03
Maxdispl :   0.1921   ||displ|| :   0.2945   Lambda : -0.415D-03
Largest |displ|/coords:  0.1921 (   1)  0.1209 (   4)  0.0898 (  24)
................................................................................
.............................. CYCLE   15 ......................................
................................................................................
   1    -50.6653246 -0.506653E+02  0.184E-01    8.89       0.0  T
   2    -50.6653655 -0.409800E-04  0.137E-01    8.90       1.0  T
   3    -50.6653866 -0.210229E-04  0.389E-02    8.90       1.0  T
   4    -50.6653917 -0.517683E-05  0.134E-02    8.90       1.5  T
   5    -50.6653920 -0.273949E-06  0.394E-03    8.90       5.0  T
   6    -50.6653920 -0.225884E-07  0.210E-03    8.90       9.3  T
   7    -50.6653920 -0.882253E-08  0.563E-04    8.90      34.8  T
speedup  1.06
cpu  time for SCC    0.01 s
wall time for SCC    0.01 s
speedup  1.05
cpu  time for grad    0.02 s
wall time for grad    0.02 s
 E :    -50.42965248  G :  0.018378    pred/act E change: -0.153D-03 -0.402D-03
Maxdispl :   0.5188   ||displ|| :   0.8170   Lambda : -0.171D-02
Largest |displ|/coords:  0.5188 (   1)  0.2955 (   4)  0.2652 (  24)
................................................................................
.............................. CYCLE   16 ......................................
................................................................................
   1    -50.6633430 -0.506633E+02  0.568E-01    8.91       0.0  T
   2    -50.6638249 -0.481957E-03  0.423E-01    8.91       1.0  T
   3    -50.6640738 -0.248873E-03  0.131E-01    8.89       1.0  T
   4    -50.6641295 -0.557052E-04  0.482E-02    8.89       1.0  T
   5    -50.6641331 -0.357602E-05  0.134E-02    8.89       1.5  T
   6    -50.6641333 -0.251468E-06  0.717E-03    8.89       2.7  T
   7    -50.6641334 -0.915051E-07  0.193E-03    8.89      10.2  T
   8    -50.6641334 -0.105882E-07  0.517E-04    8.89      38.0  T
speedup  0.91
cpu  time for SCC    0.01 s
wall time for SCC    0.01 s
speedup  0.98
cpu  time for grad    0.02 s
wall time for grad    0.02 s
 E :    -50.43055848  G :  0.054416    pred/act E change: -0.226D-03 -0.906D-03
Maxdispl :   0.1078   ||displ|| :   0.2206   Lambda : -0.266D-02
Largest |displ|/coords:  0.1078 (   1)  0.0578 (  15)  0.0574 (   2)
................................................................................
.............................. CYCLE   17 ......................................
................................................................................
   1    -50.6732791 -0.506733E+02  0.219E-01    8.92       0.0  T
   2    -50.6733413 -0.621632E-04  0.162E-01    8.92       1.0  T
   3    -50.6733792 -0.379665E-04  0.431E-02    8.93       1.0  T
   4    -50.6733858 -0.658208E-05  0.112E-02    8.92       1.8  T
   5    -50.6733860 -0.213346E-06  0.467E-03    8.93       4.2  T
   6    -50.6733861 -0.183138E-07  0.227E-03    8.93       8.6  T
speedup  1.03
cpu  time for SCC    0.01 s
wall time for SCC    0.01 s
speedup  1.03
cpu  time for grad    0.01 s
wall time for grad    0.01 s
 E :    -50.43089965  G :  0.048697    pred/act E change: -0.143D-02 -0.341D-03
Maxdispl :   0.1263   ||displ|| :   0.2256   Lambda : -0.250D-02
Largest |displ|/coords:  0.1263 (   1)  0.1001 (   4)  0.0510 (  24)
................................................................................
.............................. CYCLE   18 ......................................
................................................................................
   1    -50.6751300 -0.506751E+02  0.160E-01    8.94       0.0  T
   2    -50.6751651 -0.351407E-04  0.119E-01    8.94       1.0  T
   3    -50.6751851 -0.199560E-04  0.348E-02    8.93       1.0  T
   4    -50.6751892 -0.417295E-05  0.130E-02    8.93       1.5  T
   5    -50.6751895 -0.283395E-06  0.389E-03    8.93       5.0  T
   6    -50.6751895 -0.246973E-07  0.210E-03    8.93       9.3  T
speedup  1.02
cpu  time for SCC    0.01 s
wall time for SCC    0.01 s
speedup  1.01
cpu  time for grad    0.01 s
wall time for grad    0.01 s
 E :    -50.43292777  G :  0.042844    pred/act E change: -0.140D-02 -0.203D-02
Maxdispl :   0.3056   ||displ|| :   0.5295   Lambda : -0.653D-02
Largest |displ|/coords:  0.3056 (   1)  0.1329 (  47)  0.1328 (   4)
................................................................................
.............................. CYCLE   19 ......................................
................................................................................
   1    -50.6842162 -0.506842E+02  0.478E-01    9.00       0.0  T
   2    -50.6846303 -0.414098E-03  0.358E-01    8.98       1.0  T
   3    -50.6848836 -0.253305E-03  0.122E-01    8.93       1.0  T
   4    -50.6849267 -0.431153E-04  0.478E-02    8.94       1.0  T
   5    -50.6849302 -0.356396E-05  0.130E-02    8.94       1.5  T
   6    -50.6849305 -0.249057E-06  0.726E-03    8.94       2.7  T
   7    -50.6849306 -0.615845E-07  0.170E-03    8.94      11.5  T
   8    -50.6849306 -0.856724E-08  0.469E-04    8.94      41.8  T
speedup  1.03
cpu  time for SCC    0.01 s
wall time for SCC    0.01 s
speedup  1.03
cpu  time for grad    0.02 s
wall time for grad    0.02 s
 E :    -50.43641754  G :  0.072868    pred/act E change: -0.132D-02 -0.349D-02
Maxdispl :   0.1011   ||displ|| :   0.2746   Lambda : -0.622D-02
Largest |displ|/coords:  0.1011 (   1)  0.0829 (   3)  0.0813 (  12)
................................................................................
.............................. CYCLE   20 ......................................
................................................................................
   1    -50.6880278 -0.506880E+02  0.265E-01    8.85       0.0  T
   2    -50.6881400 -0.112130E-03  0.192E-01    8.86       1.0  T
   3    -50.6882021 -0.621053E-04  0.578E-02    8.87       1.0  T
   4    -50.6882119 -0.986583E-05  0.159E-02    8.87       1.2  T
   5    -50.6882124 -0.413705E-06  0.614E-03    8.87       3.2  T
   6    -50.6882124 -0.461067E-07  0.322E-03    8.87       6.1  T
   7    -50.6882124 -0.160697E-07  0.847E-04    8.87      23.2  T
speedup  0.92
cpu  time for SCC    0.01 s
wall time for SCC    0.01 s
speedup  0.99
cpu  time for grad    0.01 s
wall time for grad    0.02 s
 E :    -50.43889115  G :  0.043110    pred/act E change: -0.418D-02 -0.247D-02
Maxdispl :   0.1530   ||displ|| :   0.3917   Lambda : -0.653D-02
Largest |displ|/coords:  0.1530 (   4)  0.1360 (   1)  0.1146 (  67)
................................................................................
.............................. CYCLE   21 ......................................
................................................................................
   1    -50.7094742 -0.507095E+02  0.310E-01    8.92       0.0  T
   2    -50.7097227 -0.248568E-03  0.230E-01    8.91       1.0  T
   3    -50.7098752 -0.152505E-03  0.931E-02    8.90       1.0  T
   4    -50.7098967 -0.214440E-04  0.350E-02    8.91       1.0  T
   5    -50.7098991 -0.240939E-05  0.100E-02    8.90       2.0  T
   6    -50.7098992 -0.116003E-06  0.502E-03    8.90       3.9  T
   7    -50.7098992 -0.230192E-07  0.113E-03    8.90      17.3  T
speedup  1.06
cpu  time for SCC    0.01 s
wall time for SCC    0.01 s
speedup  1.04
cpu  time for grad    0.02 s
wall time for grad    0.02 s
 E :    -50.44305793  G :  0.037528    pred/act E change: -0.334D-02 -0.417D-02
Maxdispl :   0.2120   ||displ|| :   0.4519   Lambda : -0.681D-02
Largest |displ|/coords:  0.2120 (  24)  0.1310 (  28)  0.1199 (  12)
................................................................................
.............................. CYCLE   22 ......................................
................................................................................
   1    -50.7219754 -0.507220E+02  0.336E-01    8.80       0.0  T
   2    -50.7220354 -0.599536E-04  0.247E-01    8.79       1.0  T
   3    -50.7220731 -0.377245E-04  0.504E-02    8.78       1.0  T
   4    -50.7220796 -0.646656E-05  0.167E-02    8.79       1.2  T
   5    -50.7220800 -0.402202E-06  0.507E-03    8.79       3.9  T
   6    -50.7220800 -0.393159E-07  0.295E-03    8.79       6.6  T
speedup  1.03
cpu  time for SCC    0.01 s
wall time for SCC    0.01 s
speedup  0.97
cpu  time for grad    0.01 s
wall time for grad    0.01 s
 E :    -50.44385053  G :  0.059463    pred/act E change: -0.376D-02 -0.793D-03
Maxdispl :   0.1298   ||displ|| :   0.3460   Lambda : -0.933D-02
Largest |displ|/coords:  0.1298 (   8)  0.1275 (  24)  0.1141 (  25)
................................................................................
.............................. CYCLE   23 ......................................
................................................................................
   1    -50.7137293 -0.507137E+02  0.305E-01    8.87       0.0  T
   2    -50.7138462 -0.116937E-03  0.222E-01    8.88       1.0  T
   3    -50.7139110 -0.647648E-04  0.570E-02    8.90       1.0  T
   4    -50.7139218 -0.108257E-04  0.143E-02    8.90       1.4  T
   5    -50.7139221 -0.307123E-06  0.590E-03    8.90       3.3  T
   6    -50.7139222 -0.374617E-07  0.239E-03    8.90       8.2  T
speedup  0.86
cpu  time for SCC    0.01 s
wall time for SCC    0.01 s
speedup  1.04
cpu  time for grad    0.01 s
wall time for grad    0.01 s
 E :    -50.44455265  G :  0.046605    pred/act E change: -0.410D-02 -0.702D-03
Maxdispl :   0.0779   ||displ|| :   0.2156   Lambda : -0.450D-02
Largest |displ|/coords:  0.0779 (   6)  0.0750 (   8)  0.0635 (  24)
................................................................................
.............................. CYCLE   24 ......................................
................................................................................
   1    -50.7110606 -0.507111E+02  0.160E-01    8.80       0.0  T
   2    -50.7110832 -0.225623E-04  0.118E-01    8.79       1.0  T
   3    -50.7110981 -0.149870E-04  0.252E-02    8.78       1.0  T
   4    -50.7111004 -0.222417E-05  0.812E-03    8.78       2.4  T
   5    -50.7111005 -0.892531E-07  0.288E-03    8.78       6.8  T
   6    -50.7111005 -0.130446E-07  0.132E-03    8.78      14.8  T
speedup  1.03
cpu  time for SCC    0.01 s
wall time for SCC    0.01 s
speedup  0.97
cpu  time for grad    0.01 s
wall time for grad    0.01 s
 E :    -50.44662265  G :  0.022286    pred/act E change: -0.522D-02 -0.207D-02
Maxdispl :   0.1645   ||displ|| :   0.3020   Lambda : -0.290D-02
Largest |displ|/coords:  0.1645 (  16)  0.0805 (  24)  0.0717 (   3)
................................................................................
.............................. CYCLE   25 ......................................
................................................................................
   1    -50.7294900 -0.507295E+02  0.262E-01    8.79       0.0  T
   2    -50.7295600 -0.700000E-04  0.192E-01    8.79       1.0  T
   3    -50.7296041 -0.440906E-04  0.513E-02    8.78       1.0  T
   4    -50.7296121 -0.799875E-05  0.180E-02    8.78       1.1  T
   5    -50.7296126 -0.453637E-06  0.621E-03    8.78       3.2  T
   6    -50.7296127 -0.665250E-07  0.282E-03    8.78       6.9  T
   7    -50.7296127 -0.187370E-07  0.996E-04    8.78      19.7  T
speedup  1.03
cpu  time for SCC    0.01 s
wall time for SCC    0.01 s
speedup  1.05
cpu  time for grad    0.02 s
wall time for grad    0.02 s
 E :    -50.44544536  G :  0.056566    pred/act E change: -0.235D-02  0.118D-02
Maxdispl :   0.1451   ||displ|| :   0.3319   Lambda : -0.893D-02
Largest |displ|/coords:  0.1451 (  16)  0.1162 (   8)  0.1019 (  17)

generating ANC from model Hessian ...
 Shifting diagonal of input Hessian by   4.734057242614326E-003
 Lowest  eigenvalues of input Hessian
   -0.000000   -0.000000   -0.000000    0.000000    0.000000    0.000000
    0.005000    0.005153    0.005675    0.005814    0.006076    0.006400
    0.007082    0.007607    0.008958    0.009900    0.011163    0.011944
 Highest eigenvalues
    1.342066    1.344730    1.440238    2.590640    3.304418    3.759766
 
cpu  time for ANC gen    0.02 s
wall time for ANC gen    0.02 s
................................................................................
.............................. CYCLE   26 ......................................
................................................................................
   1    -50.7018944 -0.507019E+02  0.344E-01    8.72       0.0  T
   2    -50.7020134 -0.119016E-03  0.248E-01    8.73       1.0  T
   3    -50.7020954 -0.820131E-04  0.683E-02    8.75       1.0  T
   4    -50.7021065 -0.110698E-04  0.237E-02    8.75       1.0  T
   5    -50.7021073 -0.869707E-06  0.706E-03    8.75       2.8  T
   6    -50.7021074 -0.796591E-07  0.383E-03    8.75       5.1  T
   7    -50.7021075 -0.273480E-07  0.117E-03    8.75      16.8  T
   8    -50.7021075 -0.367214E-08  0.354E-04    8.75      55.3  T
   9    -50.7021075 -0.283109E-09  0.100E-04    8.75     195.3  T
speedup  0.95
cpu  time for SCC    0.01 s
wall time for SCC    0.01 s
speedup  0.98
cpu  time for grad    0.02 s
wall time for grad    0.02 s
 E :    -50.44499745  G :  0.056037    pred/act E change:  0.000D+00  0.448D-03
Maxdispl :   0.0880   ||displ|| :   0.1846   Lambda : -0.395D-02
Largest |displ|/coords:  0.0880 (   5)  0.0564 (   3)  0.0525 (   7)
................................................................................
.............................. CYCLE   27 ......................................
................................................................................
   1    -50.7117560 -0.507118E+02  0.115E-01    8.79       0.0  T
   2    -50.7117717 -0.156894E-04  0.830E-02    8.79       1.0  T
   3    -50.7117792 -0.756822E-05  0.209E-02    8.78       1.0  T
   4    -50.7117807 -0.147582E-05  0.586E-03    8.79       3.3  T
   5    -50.7117808 -0.676702E-07  0.207E-03    8.78       9.5  T
speedup  1.06
cpu  time for SCC    0.01 s
wall time for SCC    0.00 s
speedup  1.07
cpu  time for grad    0.01 s
wall time for grad    0.01 s
 E :    -50.44757527  G :  0.022155    pred/act E change:  0.000D+00 -0.258D-02
Maxdispl :   0.0833   ||displ|| :   0.1898   Lambda : -0.109D-02
Largest |displ|/coords:  0.0833 (   4)  0.0711 (   5)  0.0643 (  12)
................................................................................
.............................. CYCLE   28 ......................................
................................................................................
   1    -50.7177813 -0.507178E+02  0.989E-02    8.79       0.0  T
   2    -50.7177896 -0.829870E-05  0.730E-02    8.79       1.0  T
   3    -50.7177936 -0.399820E-05  0.160E-02    8.79       1.2  T
   4    -50.7177948 -0.120433E-05  0.450E-03    8.79       4.4  T
   5    -50.7177949 -0.344002E-07  0.156E-03    8.79      12.6  T
speedup  0.85
cpu  time for SCC    0.00 s
wall time for SCC    0.00 s
speedup  0.98
cpu  time for grad    0.01 s
wall time for grad    0.01 s
 E :    -50.44812969  G :  0.012175    pred/act E change: -0.204D-02 -0.554D-03
Maxdispl :   0.1130   ||displ|| :   0.2395   Lambda : -0.588D-03
Largest |displ|/coords:  0.1130 (   5)  0.1096 (   7)  0.0897 (   6)
................................................................................
.............................. CYCLE   29 ......................................
................................................................................
   1    -50.7197155 -0.507197E+02  0.129E-01    8.80       0.0  T
   2    -50.7197210 -0.549570E-05  0.960E-02    8.79       1.0  T
   3    -50.7197242 -0.325614E-05  0.139E-02    8.79       1.4  T
   4    -50.7197250 -0.751555E-06  0.464E-03    8.79       4.2  T
   5    -50.7197250 -0.298194E-07  0.158E-03    8.79      12.4  T
   6    -50.7197250 -0.327957E-08  0.821E-04    8.79      23.9  T
speedup  0.97
cpu  time for SCC    0.01 s
wall time for SCC    0.01 s
speedup  0.96
cpu  time for grad    0.01 s
wall time for grad    0.01 s
 E :    -50.44845352  G :  0.012355    pred/act E change: -0.566D-03 -0.324D-03
Maxdispl :   0.0935   ||displ|| :   0.2022   Lambda : -0.376D-03
Largest |displ|/coords:  0.0935 (   6)  0.0710 (   3)  0.0644 (   5)
................................................................................
.............................. CYCLE   30 ......................................
................................................................................
   1    -50.7200757 -0.507201E+02  0.982E-02    8.80       0.0  T
   2    -50.7200785 -0.286069E-05  0.728E-02    8.80       1.0  T
   3    -50.7200805 -0.201126E-05  0.105E-02    8.79       1.9  T
   4    -50.7200809 -0.345229E-06  0.356E-03    8.80       5.5  T
   5    -50.7200809 -0.186189E-07  0.119E-03    8.80      16.4  T
   6    -50.7200809 -0.268002E-08  0.677E-04    8.80      29.0  T
speedup  0.88
cpu  time for SCC    0.00 s
wall time for SCC    0.01 s
speedup  0.99
cpu  time for grad    0.01 s
wall time for grad    0.01 s
 E :    -50.44872390  G :  0.009019    pred/act E change: -0.311D-03 -0.270D-03
Maxdispl :   0.1137   ||displ|| :   0.2668   Lambda : -0.384D-03
Largest |displ|/coords:  0.1137 (   3)  0.1133 (   1)  0.0952 (   6)
................................................................................
.............................. CYCLE   31 ......................................
................................................................................
   1    -50.7226938 -0.507227E+02  0.115E-01    8.80       0.0  T
   2    -50.7227003 -0.644224E-05  0.851E-02    8.80       1.0  T
   3    -50.7227041 -0.384475E-05  0.172E-02    8.80       1.1  T
   4    -50.7227050 -0.906988E-06  0.504E-03    8.81       3.9  T
   5    -50.7227051 -0.353701E-07  0.168E-03    8.81      11.7  T
   6    -50.7227051 -0.470745E-08  0.919E-04    8.81      21.3  T
speedup  1.03
cpu  time for SCC    0.01 s
wall time for SCC    0.01 s
speedup  0.98
cpu  time for grad    0.01 s
wall time for grad    0.01 s
 E :    -50.44896064  G :  0.007042    pred/act E change: -0.196D-03 -0.237D-03
Maxdispl :   0.0796   ||displ|| :   0.1972   Lambda : -0.212D-03
Largest |displ|/coords:  0.0796 (   3)  0.0776 (   6)  0.0747 (  13)
................................................................................
.............................. CYCLE   32 ......................................
................................................................................
   1    -50.7243088 -0.507243E+02  0.953E-02    8.81       0.0  T
   2    -50.7243118 -0.295470E-05  0.710E-02    8.81       1.0  T
   3    -50.7243137 -0.192221E-05  0.121E-02    8.82       1.6  T
   4    -50.7243141 -0.424093E-06  0.423E-03    8.82       4.6  T
   5    -50.7243142 -0.183146E-07  0.116E-03    8.82      16.9  T
   6    -50.7243142 -0.210296E-08  0.706E-04    8.82      27.8  T
speedup  1.03
cpu  time for SCC    0.01 s
wall time for SCC    0.01 s
speedup  0.98
cpu  time for grad    0.01 s
wall time for grad    0.01 s
 E :    -50.44909015  G :  0.007652    pred/act E change: -0.206D-03 -0.130D-03
Maxdispl :   0.1147   ||displ|| :   0.2071   Lambda : -0.185D-03
Largest |displ|/coords:  0.1147 (   3)  0.0763 (   6)  0.0707 (   1)
................................................................................
.............................. CYCLE   33 ......................................
................................................................................
   1    -50.7250106 -0.507250E+02  0.942E-02    8.82       0.0  T
   2    -50.7250136 -0.299412E-05  0.703E-02    8.82       1.0  T
   3    -50.7250159 -0.230543E-05  0.120E-02    8.83       1.6  T
   4    -50.7250162 -0.354594E-06  0.473E-03    8.83       4.1  T
   5    -50.7250162 -0.189012E-07  0.110E-03    8.83      17.8  T
   6    -50.7250162 -0.160114E-08  0.680E-04    8.83      28.8  T
speedup  1.15
cpu  time for SCC    0.01 s
wall time for SCC    0.01 s
speedup  1.02
cpu  time for grad    0.01 s
wall time for grad    0.01 s
 E :    -50.44922884  G :  0.007560    pred/act E change: -0.110D-03 -0.139D-03
Maxdispl :   0.1417   ||displ|| :   0.2549   Lambda : -0.225D-03
Largest |displ|/coords:  0.1417 (   3)  0.1030 (   2)  0.0842 (   1)
................................................................................
.............................. CYCLE   34 ......................................
................................................................................
   1    -50.7250414 -0.507250E+02  0.113E-01    8.84       0.0  T
   2    -50.7250467 -0.530343E-05  0.849E-02    8.84       1.0  T
   3    -50.7250501 -0.331896E-05  0.137E-02    8.85       1.4  T
   4    -50.7250508 -0.739024E-06  0.641E-03    8.85       3.1  T
   5    -50.7250508 -0.421921E-07  0.140E-03    8.85      14.0  T
   6    -50.7250509 -0.285866E-08  0.850E-04    8.85      23.1  T
speedup  1.05
cpu  time for SCC    0.01 s
wall time for SCC    0.01 s
speedup  0.99
cpu  time for grad    0.01 s
wall time for grad    0.01 s
 E :    -50.44938550  G :  0.007218    pred/act E change: -0.967D-04 -0.157D-03
Maxdispl :   0.1269   ||displ|| :   0.2444   Lambda : -0.176D-03
Largest |displ|/coords:  0.1269 (   2)  0.1266 (   3)  0.0950 (   6)
................................................................................
.............................. CYCLE   35 ......................................
................................................................................
   1    -50.7243982 -0.507244E+02  0.111E-01    8.86       0.0  T
   2    -50.7244043 -0.610491E-05  0.835E-02    8.86       1.0  T
   3    -50.7244076 -0.331344E-05  0.135E-02    8.88       1.5  T
   4    -50.7244085 -0.944164E-06  0.603E-03    8.87       3.3  T
   5    -50.7244086 -0.530963E-07  0.152E-03    8.87      12.9  T
   6    -50.7244086 -0.345173E-08  0.877E-04    8.87      22.4  T
speedup  1.03
cpu  time for SCC    0.01 s
wall time for SCC    0.01 s
speedup  0.99
cpu  time for grad    0.01 s
wall time for grad    0.01 s
 E :    -50.44950685  G :  0.007403    pred/act E change: -0.120D-03 -0.121D-03
Maxdispl :   0.1910   ||displ|| :   0.3005   Lambda : -0.209D-03
Largest |displ|/coords:  0.1910 (   2)  0.1545 (   3)  0.0910 (   1)
................................................................................
.............................. CYCLE   36 ......................................
................................................................................
   1    -50.7245677 -0.507246E+02  0.117E-01    8.89       0.0  T
   2    -50.7245774 -0.969851E-05  0.879E-02    8.89       1.0  T
   3    -50.7245820 -0.461774E-05  0.166E-02    8.90       1.2  T
   4    -50.7245835 -0.147107E-05  0.688E-03    8.90       2.9  T
   5    -50.7245836 -0.819806E-07  0.190E-03    8.90      10.3  T
   6    -50.7245836 -0.496266E-08  0.109E-03    8.90      17.9  T
speedup  1.00
cpu  time for SCC    0.01 s
wall time for SCC    0.01 s
speedup  1.04
cpu  time for grad    0.01 s
wall time for grad    0.01 s
 E :    -50.44964496  G :  0.008661    pred/act E change: -0.935D-04 -0.138D-03
Maxdispl :   0.1941   ||displ|| :   0.2979   Lambda : -0.219D-03
Largest |displ|/coords:  0.1941 (   2)  0.1367 (   3)  0.1064 (   1)
................................................................................
.............................. CYCLE   37 ......................................
................................................................................
   1    -50.7245957 -0.507246E+02  0.121E-01    8.91       0.0  T
   2    -50.7246075 -0.117672E-04  0.908E-02    8.92       1.0  T
   3    -50.7246128 -0.528934E-05  0.188E-02    8.93       1.0  T
   4    -50.7246146 -0.181749E-05  0.731E-03    8.93       2.7  T
   5    -50.7246147 -0.951896E-07  0.214E-03    8.93       9.2  T
   6    -50.7246147 -0.605870E-08  0.124E-03    8.93      15.8  T
speedup  0.88
cpu  time for SCC    0.01 s
wall time for SCC    0.01 s
speedup  0.91
cpu  time for grad    0.01 s
wall time for grad    0.01 s
 E :    -50.44981359  G :  0.007513    pred/act E change: -0.114D-03 -0.169D-03
Maxdispl :   0.2710   ||displ|| :   0.3723   Lambda : -0.292D-03
Largest |displ|/coords:  0.2710 (   2)  0.1558 (   3)  0.1225 (   1)
................................................................................
.............................. CYCLE   38 ......................................
................................................................................
   1    -50.7255553 -0.507256E+02  0.146E-01    8.95       0.0  T
   2    -50.7255809 -0.256879E-04  0.109E-01    8.96       1.0  T
   3    -50.7255926 -0.116482E-04  0.274E-02    8.97       1.0  T
   4    -50.7255960 -0.337018E-05  0.103E-02    8.97       1.9  T
   5    -50.7255961 -0.183606E-06  0.321E-03    8.97       6.1  T
   6    -50.7255962 -0.138969E-07  0.179E-03    8.97      10.9  T
   7    -50.7255962 -0.579779E-08  0.433E-04    8.97      45.3  T
speedup  1.06
cpu  time for SCC    0.01 s
wall time for SCC    0.01 s
speedup  1.01
cpu  time for grad    0.01 s
wall time for grad    0.01 s
 E :    -50.45003799  G :  0.009476    pred/act E change: -0.119D-03 -0.224D-03
Maxdispl :   0.3313   ||displ|| :   0.4786   Lambda : -0.434D-03
Largest |displ|/coords:  0.3313 (   2)  0.2020 (   1)  0.1615 (   3)
................................................................................
.............................. CYCLE   39 ......................................
................................................................................
   1    -50.7286742 -0.507287E+02  0.214E-01    9.01       0.0  T
   2    -50.7287497 -0.755657E-04  0.160E-01    9.01       1.0  T
   3    -50.7287832 -0.334866E-04  0.477E-02    9.01       1.0  T
   4    -50.7287914 -0.821581E-05  0.171E-02    9.02       1.1  T
   5    -50.7287920 -0.521768E-06  0.526E-03    9.02       3.7  T
   6    -50.7287920 -0.348674E-07  0.286E-03    9.02       6.9  T
   7    -50.7287920 -0.138244E-07  0.697E-04    9.02      28.2  T
speedup  1.08
cpu  time for SCC    0.01 s
wall time for SCC    0.01 s
speedup  0.99
cpu  time for grad    0.01 s
wall time for grad    0.02 s
 E :    -50.45034398  G :  0.012556    pred/act E change: -0.166D-03 -0.306D-03
Maxdispl :   0.3920   ||displ|| :   0.5706   Lambda : -0.665D-03
Largest |displ|/coords:  0.3920 (   2)  0.2281 (   1)  0.1859 (   3)
................................................................................
.............................. CYCLE   40 ......................................
................................................................................
   1    -50.7295318 -0.507295E+02  0.271E-01    9.01       0.0  T
   2    -50.7296705 -0.138654E-03  0.204E-01    8.96       1.0  T
   3    -50.7297373 -0.667764E-04  0.664E-02    8.84       1.0  T
   4    -50.7297509 -0.136153E-04  0.242E-02    8.84       1.0  T
   5    -50.7297520 -0.113652E-05  0.773E-03    8.84       2.5  T
   6    -50.7297521 -0.754335E-07  0.412E-03    8.84       4.8  T
   7    -50.7297521 -0.318858E-07  0.925E-04    8.84      21.2  T
   8    -50.7297521 -0.326032E-08  0.231E-04    8.84      85.0  T
speedup  1.03
cpu  time for SCC    0.01 s
wall time for SCC    0.01 s
speedup  1.04
cpu  time for grad    0.02 s
wall time for grad    0.02 s
 E :    -50.45072478  G :  0.019092    pred/act E change: -0.267D-03 -0.381D-03
Maxdispl :   0.1682   ||displ|| :   0.4570   Lambda : -0.160D-02
Largest |displ|/coords:  0.1682 (  11)  0.1440 (   3)  0.1292 (  14)
................................................................................
.............................. CYCLE   41 ......................................
................................................................................
   1    -50.7529889 -0.507530E+02  0.323E-01    8.99       0.0  T
   2    -50.7531807 -0.191832E-03  0.241E-01    8.91       1.0  T
   3    -50.7532872 -0.106494E-03  0.802E-02    8.76       1.0  T
   4    -50.7533061 -0.189623E-04  0.265E-02    8.78       1.0  T
   5    -50.7533076 -0.146699E-05  0.968E-03    8.78       2.0  T
   6    -50.7533077 -0.913229E-07  0.497E-03    8.78       3.9  T
   7    -50.7533077 -0.442986E-07  0.119E-03    8.78      16.5  T
   8    -50.7533078 -0.419337E-08  0.386E-04    8.78      50.9  T
speedup  1.03
cpu  time for SCC    0.01 s
wall time for SCC    0.01 s
speedup  0.98
cpu  time for grad    0.02 s
wall time for grad    0.02 s
 E :    -50.44913693  G :  0.062377    pred/act E change: -0.441D-03  0.159D-02
Maxdispl :   0.1473   ||displ|| :   0.4055   Lambda : -0.960D-02
Largest |displ|/coords:  0.1473 (  12)  0.1263 (  14)  0.1148 (  18)
................................................................................
.............................. CYCLE   42 ......................................
................................................................................
   1    -50.7122470 -0.507122E+02  0.387E-01    8.47       0.0  T
   2    -50.7125875 -0.340527E-03  0.278E-01    8.58       1.0  T
   3    -50.7127475 -0.159999E-03  0.983E-02    8.75       1.0  T
   4    -50.7127733 -0.257782E-04  0.271E-02    8.72       1.0  T
   5    -50.7127749 -0.158003E-05  0.105E-02    8.72       1.9  T
   6    -50.7127751 -0.184294E-06  0.643E-03    8.72       3.0  T
   7    -50.7127751 -0.453567E-07  0.115E-03    8.72      17.0  T
   8    -50.7127751 -0.357415E-08  0.448E-04    8.72      43.8  T
speedup  1.07
cpu  time for SCC    0.01 s
wall time for SCC    0.01 s
speedup  1.01
cpu  time for grad    0.02 s
wall time for grad    0.02 s
 E :    -50.44877899  G :  0.054451    pred/act E change: -0.965D-03  0.358D-03
Maxdispl :   0.1107   ||displ|| :   0.3535   Lambda : -0.919D-02
Largest |displ|/coords:  0.1107 (  14)  0.1078 (   7)  0.1066 (   8)
................................................................................
.............................. CYCLE   43 ......................................
................................................................................
   1    -50.7473961 -0.507474E+02  0.355E-01    8.93       0.0  T
   2    -50.7475848 -0.188732E-03  0.261E-01    8.85       1.0  T
   3    -50.7476778 -0.929961E-04  0.776E-02    8.70       1.0  T
   4    -50.7476969 -0.190866E-04  0.198E-02    8.74       1.0  T
   5    -50.7476977 -0.804091E-06  0.820E-03    8.74       2.4  T
   6    -50.7476977 -0.547351E-07  0.430E-03    8.74       4.6  T
   7    -50.7476978 -0.350595E-07  0.860E-04    8.74      22.8  T
speedup  1.07
cpu  time for SCC    0.01 s
wall time for SCC    0.01 s
speedup  1.00
cpu  time for grad    0.02 s
wall time for grad    0.02 s
 E :    -50.45070059  G :  0.044156    pred/act E change: -0.559D-02 -0.192D-02
Maxdispl :   0.0559   ||displ|| :   0.1221   Lambda : -0.210D-02
Largest |displ|/coords:  0.0559 (   8)  0.0473 (   1)  0.0404 (   7)
................................................................................
.............................. CYCLE   44 ......................................
................................................................................
   1    -50.7374015 -0.507374E+02  0.106E-01    8.66       0.0  T
   2    -50.7374196 -0.181490E-04  0.758E-02    8.69       1.0  T
   3    -50.7374270 -0.735192E-05  0.229E-02    8.72       1.0  T
   4    -50.7374285 -0.150628E-05  0.453E-03    8.71       4.3  T
   5    -50.7374285 -0.460410E-07  0.181E-03    8.71      10.8  T
speedup  1.15
cpu  time for SCC    0.01 s
wall time for SCC    0.01 s
speedup  1.01
cpu  time for grad    0.01 s
wall time for grad    0.01 s
 E :    -50.45184405  G :  0.012534    pred/act E change: -0.517D-02 -0.114D-02
Maxdispl :   0.0735   ||displ|| :   0.1288   Lambda : -0.315D-03
Largest |displ|/coords:  0.0735 (   1)  0.0494 (   6)  0.0331 (   2)
................................................................................
.............................. CYCLE   45 ......................................
................................................................................
   1    -50.7355198 -0.507355E+02  0.809E-02    8.68       0.0  T
   2    -50.7355271 -0.735476E-05  0.610E-02    8.67       1.0  T
   3    -50.7355308 -0.372873E-05  0.162E-02    8.64       1.2  T
   4    -50.7355318 -0.919294E-06  0.575E-03    8.64       3.4  T
   5    -50.7355318 -0.705574E-07  0.170E-03    8.64      11.5  T
   6    -50.7355318 -0.416328E-08  0.966E-04    8.64      20.3  T
speedup  1.13
cpu  time for SCC    0.01 s
wall time for SCC    0.01 s
speedup  1.01
cpu  time for grad    0.01 s
wall time for grad    0.01 s
 E :    -50.45200173  G :  0.009265    pred/act E change: -0.107D-02 -0.158D-03
Maxdispl :   0.0527   ||displ|| :   0.1163   Lambda : -0.300D-03
Largest |displ|/coords:  0.0527 (   1)  0.0372 (  11)  0.0367 (   8)
................................................................................
.............................. CYCLE   46 ......................................
................................................................................
   1    -50.7376149 -0.507376E+02  0.599E-02    8.63       0.0  T
   2    -50.7376235 -0.861223E-05  0.455E-02    8.61       1.0  T
   3    -50.7376280 -0.451136E-05  0.184E-02    8.58       1.1  T
   4    -50.7376287 -0.655188E-06  0.611E-03    8.57       3.2  T
   5    -50.7376288 -0.881303E-07  0.174E-03    8.58      11.3  T
   6    -50.7376288 -0.421995E-08  0.934E-04    8.58      21.0  T
speedup  1.15
cpu  time for SCC    0.01 s
wall time for SCC    0.01 s
speedup  1.03
cpu  time for grad    0.01 s
wall time for grad    0.01 s
 E :    -50.45220343  G :  0.007715    pred/act E change: -0.160D-03 -0.202D-03
Maxdispl :   0.1021   ||displ|| :   0.2302   Lambda : -0.414D-03
Largest |displ|/coords:  0.1021 (   1)  0.0977 (   3)  0.0738 (  14)
................................................................................
.............................. CYCLE   47 ......................................
................................................................................
   1    -50.7381956 -0.507382E+02  0.116E-01    8.53       0.0  T
   2    -50.7382051 -0.945583E-05  0.873E-02    8.51       1.0  T
   3    -50.7382097 -0.460941E-05  0.209E-02    8.48       1.0  T
   4    -50.7382110 -0.132737E-05  0.623E-03    8.48       3.1  T
   5    -50.7382111 -0.895704E-07  0.152E-03    8.49      12.9  T
   6    -50.7382111 -0.268805E-08  0.100E-03    8.49      19.5  T
speedup  0.98
cpu  time for SCC    0.01 s
wall time for SCC    0.01 s
speedup  1.03
cpu  time for grad    0.01 s
wall time for grad    0.01 s
 E :    -50.45243872  G :  0.006431    pred/act E change: -0.152D-03 -0.235D-03
Maxdispl :   0.0591   ||displ|| :   0.1433   Lambda : -0.171D-03
Largest |displ|/coords:  0.0591 (  14)  0.0513 (   1)  0.0438 (  11)
................................................................................
.............................. CYCLE   48 ......................................
................................................................................
   1    -50.7404107 -0.507404E+02  0.911E-02    8.46       0.0  T
   2    -50.7404204 -0.964816E-05  0.693E-02    8.45       1.0  T
   3    -50.7404264 -0.596888E-05  0.197E-02    8.41       1.0  T
   4    -50.7404276 -0.127195E-05  0.720E-03    8.41       2.7  T
   5    -50.7404277 -0.102650E-06  0.229E-03    8.41       8.6  T
   6    -50.7404277 -0.764908E-08  0.127E-03    8.41      15.5  T
speedup  1.04
cpu  time for SCC    0.01 s
wall time for SCC    0.01 s
speedup  1.00
cpu  time for grad    0.01 s
wall time for grad    0.01 s
 E :    -50.45252928  G :  0.005203    pred/act E change: -0.218D-03 -0.906D-04
Maxdispl :   0.0888   ||displ|| :   0.1406   Lambda : -0.117D-03
Largest |displ|/coords:  0.0888 (   1)  0.0467 (   3)  0.0382 (  14)
................................................................................
.............................. CYCLE   49 ......................................
................................................................................
   1    -50.7403701 -0.507404E+02  0.820E-02    8.40       0.0  T
   2    -50.7403711 -0.104218E-05  0.618E-02    8.40       1.0  T
   3    -50.7403720 -0.889813E-06  0.644E-03    8.40       3.0  T
   4    -50.7403721 -0.132953E-06  0.234E-03    8.40       8.4  T
   5    -50.7403721 -0.551245E-08  0.647E-04    8.40      30.3  T
speedup  0.98
cpu  time for SCC    0.00 s
wall time for SCC    0.01 s
speedup  1.02
cpu  time for grad    0.01 s
wall time for grad    0.01 s
 E :    -50.45261479  G :  0.004740    pred/act E change: -0.873D-04 -0.855D-04
Maxdispl :   0.1458   ||displ|| :   0.2551   Lambda : -0.156D-03
Largest |displ|/coords:  0.1458 (   1)  0.0877 (   3)  0.0765 (  14)
................................................................................
.............................. CYCLE   50 ......................................
................................................................................
   1    -50.7392206 -0.507392E+02  0.147E-01    8.39       0.0  T
   2    -50.7392232 -0.260311E-05  0.110E-01    8.39       1.0  T
   3    -50.7392259 -0.266295E-05  0.103E-02    8.39       1.9  T
   4    -50.7392261 -0.243218E-06  0.365E-03    8.39       5.4  T
   5    -50.7392261 -0.141068E-07  0.118E-03    8.39      16.7  T
   6    -50.7392261 -0.184185E-08  0.708E-04    8.39      27.7  T
speedup  1.03
cpu  time for SCC    0.01 s
wall time for SCC    0.01 s
speedup  0.97
cpu  time for grad    0.01 s
wall time for grad    0.01 s
 E :    -50.45272083  G :  0.003914    pred/act E change: -0.596D-04 -0.106D-03
Maxdispl :   0.1284   ||displ|| :   0.2018   Lambda : -0.927D-04
Largest |displ|/coords:  0.1284 (   1)  0.0588 (   4)  0.0539 (   5)
................................................................................
.............................. CYCLE   51 ......................................
................................................................................
   1    -50.7383964 -0.507384E+02  0.120E-01    8.40       0.0  T
   2    -50.7383979 -0.158337E-05  0.901E-02    8.40       1.0  T
   3    -50.7383997 -0.174100E-05  0.777E-03    8.41       2.5  T
   4    -50.7383998 -0.112629E-06  0.246E-03    8.41       8.0  T
   5    -50.7383998 -0.799184E-08  0.101E-03    8.41      19.4  T
   6    -50.7383998 -0.136684E-08  0.527E-04    8.41      37.2  T
   7    -50.7383998 -0.500641E-09  0.138E-04    8.41     141.8  T
speedup  0.90
cpu  time for SCC    0.01 s
wall time for SCC    0.01 s
speedup  1.01
cpu  time for grad    0.02 s
wall time for grad    0.02 s
 E :    -50.45277672  G :  0.004387    pred/act E change: -0.828D-04 -0.559D-04
Maxdispl :   0.0442   ||displ|| :   0.0722   Lambda : -0.568D-04
Largest |displ|/coords:  0.0442 (   1)  0.0252 (  15)  0.0241 (   5)
................................................................................
.............................. CYCLE   52 ......................................
................................................................................
   1    -50.7391953 -0.507392E+02  0.460E-02    8.44       0.0  T
   2    -50.7391959 -0.619711E-06  0.344E-02    8.44       1.0  T
   3    -50.7391962 -0.318993E-06  0.486E-03    8.44       4.0  T
   4    -50.7391963 -0.981127E-07  0.169E-03    8.44      11.6  T
   5    -50.7391963 -0.410761E-08  0.401E-04    8.44      48.9  T
speedup  1.00
cpu  time for SCC    0.00 s
wall time for SCC    0.00 s
speedup  1.04
cpu  time for grad    0.01 s
wall time for grad    0.01 s
 E :    -50.45281294  G :  0.003035    pred/act E change: -0.482D-04 -0.362D-04
Maxdispl :   0.0790   ||displ|| :   0.1162   Lambda : -0.431D-04
Largest |displ|/coords:  0.0790 (   1)  0.0386 (   5)  0.0359 (  15)

generating ANC from model Hessian ...
 Shifting diagonal of input Hessian by   5.154014898534914E-003
 Lowest  eigenvalues of input Hessian
    0.005000   -0.000000   -0.000000   -0.000000   -0.000000    0.000000
    0.000000    0.005335    0.005755    0.005935    0.006168    0.006539
    0.006791    0.007099    0.007605    0.008235    0.009042    0.010668
 Highest eigenvalues
    1.389059    1.404867    1.412994    2.737437    3.189313    3.800580
 
cpu  time for ANC gen    0.03 s
wall time for ANC gen    0.03 s
................................................................................
.............................. CYCLE   53 ......................................
................................................................................
   1    -50.7392924 -0.507393E+02  0.694E-02    8.45       0.0  T
   2    -50.7392932 -0.748153E-06  0.523E-02    8.44       1.0  T
   3    -50.7392939 -0.686839E-06  0.518E-03    8.44       3.8  T
   4    -50.7392940 -0.975898E-07  0.214E-03    8.44       9.2  T
   5    -50.7392940 -0.497729E-08  0.636E-04    8.44      30.8  T
   6    -50.7392940 -0.586674E-09  0.363E-04    8.44      54.0  T
speedup  1.02
cpu  time for SCC    0.01 s
wall time for SCC    0.01 s
speedup  1.00
cpu  time for grad    0.01 s
wall time for grad    0.01 s
 E :    -50.45284290  G :  0.002841    pred/act E change:  0.000D+00 -0.300D-04
Maxdispl :   0.0338   ||displ|| :   0.0598   Lambda : -0.382D-04
Largest |displ|/coords:  0.0338 (   6)  0.0284 (   7)  0.0211 (   4)
................................................................................
.............................. CYCLE   54 ......................................
................................................................................
   1    -50.7395881 -0.507396E+02  0.349E-02    8.44       0.0  T
   2    -50.7395883 -0.150401E-06  0.262E-02    8.44       1.0  T
   3    -50.7395884 -0.129365E-06  0.228E-03    8.45       8.6  T
   4    -50.7395884 -0.174828E-07  0.965E-04    8.45      20.3  T
   5    -50.7395884 -0.102855E-08  0.288E-04    8.45      68.2  T
speedup  1.09
cpu  time for SCC    0.01 s
wall time for SCC    0.01 s
speedup  1.02
cpu  time for grad    0.01 s
wall time for grad    0.01 s
 E :    -50.45287374  G :  0.001304    pred/act E change:  0.000D+00 -0.308D-04
Maxdispl :   0.1041   ||displ|| :   0.1643   Lambda : -0.680D-04
Largest |displ|/coords:  0.1041 (   6)  0.0787 (   7)  0.0427 (   4)
................................................................................
.............................. CYCLE   55 ......................................
................................................................................
   1    -50.7392883 -0.507393E+02  0.984E-02    8.45       0.0  T
   2    -50.7392892 -0.954518E-06  0.737E-02    8.45       1.0  T
   3    -50.7392900 -0.768555E-06  0.582E-03    8.46       3.4  T
   4    -50.7392901 -0.124912E-06  0.232E-03    8.45       8.5  T
   5    -50.7392901 -0.485583E-08  0.762E-04    8.45      25.7  T
   6    -50.7392901 -0.655959E-09  0.392E-04    8.45      50.1  T
speedup  1.03
cpu  time for SCC    0.01 s
wall time for SCC    0.01 s
speedup  0.99
cpu  time for grad    0.01 s
wall time for grad    0.02 s
 E :    -50.45291927  G :  0.002340    pred/act E change: -0.192D-04 -0.455D-04
Maxdispl :   0.0895   ||displ|| :   0.1490   Lambda : -0.389D-04
Largest |displ|/coords:  0.0895 (   7)  0.0759 (   6)  0.0407 (   3)
................................................................................
.............................. CYCLE   56 ......................................
................................................................................
   1    -50.7386661 -0.507387E+02  0.924E-02    8.45       0.0  T
   2    -50.7386668 -0.692182E-06  0.692E-02    8.45       1.0  T
   3    -50.7386675 -0.678635E-06  0.494E-03    8.46       4.0  T
   4    -50.7386676 -0.757049E-07  0.199E-03    8.45       9.8  T
   5    -50.7386676 -0.373083E-08  0.713E-04    8.45      27.5  T
   6    -50.7386676 -0.831108E-09  0.375E-04    8.45      52.3  T
speedup  1.03
cpu  time for SCC    0.01 s
wall time for SCC    0.01 s
speedup  1.05
cpu  time for grad    0.02 s
wall time for grad    0.02 s
 E :    -50.45294270  G :  0.003922    pred/act E change: -0.349D-04 -0.234D-04
Maxdispl :   0.0557   ||displ|| :   0.1044   Lambda : -0.387D-04
Largest |displ|/coords:  0.0557 (   7)  0.0469 (   6)  0.0346 (   2)
................................................................................
.............................. CYCLE   57 ......................................
................................................................................
   1    -50.7390466 -0.507390E+02  0.659E-02    8.46       0.0  T
   2    -50.7390472 -0.554036E-06  0.495E-02    8.46       1.0  T
   3    -50.7390477 -0.534256E-06  0.429E-03    8.46       4.6  T
   4    -50.7390478 -0.595776E-07  0.205E-03    8.46       9.6  T
   5    -50.7390478 -0.316687E-08  0.519E-04    8.46      37.8  T
   6    -50.7390478 -0.329059E-09  0.308E-04    8.46      63.6  T
speedup  1.02
cpu  time for SCC    0.01 s
wall time for SCC    0.01 s
speedup  0.99
cpu  time for grad    0.01 s
wall time for grad    0.02 s
 E :    -50.45297109  G :  0.002919    pred/act E change: -0.199D-04 -0.284D-04
Maxdispl :   0.0614   ||displ|| :   0.1097   Lambda : -0.369D-04
Largest |displ|/coords:  0.0614 (   7)  0.0376 (   6)  0.0341 (   2)
................................................................................
.............................. CYCLE   58 ......................................
................................................................................
   1    -50.7401385 -0.507401E+02  0.607E-02    8.46       0.0  T
   2    -50.7401392 -0.719135E-06  0.453E-02    8.46       1.0  T
   3    -50.7401396 -0.382968E-06  0.517E-03    8.45       3.8  T
   4    -50.7401397 -0.130994E-06  0.200E-03    8.46       9.8  T
   5    -50.7401397 -0.340969E-08  0.556E-04    8.46      35.3  T
   6    -50.7401397 -0.405272E-09  0.318E-04    8.46      61.7  T
speedup  1.03
cpu  time for SCC    0.01 s
wall time for SCC    0.01 s
speedup  1.00
cpu  time for grad    0.01 s
wall time for grad    0.01 s
 E :    -50.45299144  G :  0.001768    pred/act E change: -0.195D-04 -0.203D-04
Maxdispl :   0.0893   ||displ|| :   0.1529   Lambda : -0.218D-04
Largest |displ|/coords:  0.0893 (   7)  0.0774 (   6)  0.0532 (   2)
................................................................................
.............................. CYCLE   59 ......................................
................................................................................
   1    -50.7393937 -0.507394E+02  0.856E-02    8.45       0.0  T
   2    -50.7393945 -0.844789E-06  0.643E-02    8.45       1.0  T
   3    -50.7393954 -0.839208E-06  0.543E-03    8.45       3.6  T
   4    -50.7393954 -0.876381E-07  0.258E-03    8.45       7.6  T
   5    -50.7393955 -0.513082E-08  0.654E-04    8.45      30.0  T
   6    -50.7393955 -0.570900E-09  0.405E-04    8.45      48.4  T
speedup  1.02
cpu  time for SCC    0.01 s
wall time for SCC    0.01 s
speedup  1.00
cpu  time for grad    0.01 s
wall time for grad    0.01 s
 E :    -50.45299411  G :  0.003284    pred/act E change: -0.187D-04 -0.268D-05
Maxdispl :   0.0334   ||displ|| :   0.0602   Lambda : -0.213D-04
Largest |displ|/coords:  0.0334 (   6)  0.0332 (   7)  0.0155 (  12)
................................................................................
.............................. CYCLE   60 ......................................
................................................................................
   1    -50.7405293 -0.507405E+02  0.372E-02    8.46       0.0  T
   2    -50.7405295 -0.235968E-06  0.278E-02    8.46       1.0  T
   3    -50.7405297 -0.114585E-06  0.283E-03    8.45       6.9  T
   4    -50.7405297 -0.468839E-07  0.847E-04    8.45      23.2  T
   5    -50.7405297 -0.698734E-09  0.319E-04    8.45      61.5  T
speedup  1.00
cpu  time for SCC    0.00 s
wall time for SCC    0.01 s
speedup  0.98
cpu  time for grad    0.01 s
wall time for grad    0.01 s
 E :    -50.45300207  G :  0.000968    pred/act E change: -0.112D-04 -0.796D-05
Maxdispl :   0.0121   ||displ|| :   0.0275   Lambda : -0.642D-05
Largest |displ|/coords:  0.0121 (   6)  0.0114 (   1)  0.0093 (  12)
................................................................................
.............................. CYCLE   61 ......................................
................................................................................
   1    -50.7403414 -0.507403E+02  0.175E-02    8.45       0.0  T
   2    -50.7403414 -0.274755E-07  0.131E-02    8.45       1.5  T
   3    -50.7403414 -0.250242E-07  0.114E-03    8.45      17.2  T
   4    -50.7403414 -0.316315E-08  0.314E-04    8.45      62.4  T
   5    -50.7403414 -0.170090E-09  0.129E-04    8.45     151.5  T
speedup  0.96
cpu  time for SCC    0.00 s
wall time for SCC    0.01 s
speedup  0.99
cpu  time for grad    0.01 s
wall time for grad    0.01 s
 E :    -50.45300520  G :  0.000529    pred/act E change: -0.107D-04 -0.313D-05
Maxdispl :   0.0220   ||displ|| :   0.0394   Lambda : -0.284D-05
Largest |displ|/coords:  0.0220 (   7)  0.0170 (   1)  0.0166 (   6)
................................................................................
.............................. CYCLE   62 ......................................
................................................................................
   1    -50.7402805 -0.507403E+02  0.216E-02    8.45       0.0  T
   2    -50.7402806 -0.561018E-07  0.162E-02    8.45       1.2  T
   3    -50.7402807 -0.630859E-07  0.144E-03    8.45      13.6  T
   4    -50.7402807 -0.428686E-08  0.618E-04    8.45      31.8  T
   5    -50.7402807 -0.412420E-09  0.174E-04    8.45     112.8  T
speedup  1.02
cpu  time for SCC    0.00 s
wall time for SCC    0.00 s
speedup  1.00
cpu  time for grad    0.01 s
wall time for grad    0.01 s
 E :    -50.45300717  G :  0.000537    pred/act E change: -0.321D-05 -0.197D-05
Maxdispl :   0.0166   ||displ|| :   0.0310   Lambda : -0.154D-05
Largest |displ|/coords:  0.0166 (   1)  0.0144 (   6)  0.0135 (   7)
................................................................................
.............................. CYCLE   63 ......................................
................................................................................
   1    -50.7403740 -0.507404E+02  0.156E-02    8.45       0.0  T
   2    -50.7403740 -0.323302E-07  0.117E-02    8.45       1.7  T
   3    -50.7403741 -0.335115E-07  0.116E-03    8.45      16.9  T
   4    -50.7403741 -0.281180E-08  0.444E-04    8.45      44.1  T
   5    -50.7403741 -0.246139E-09  0.135E-04    8.45     145.2  T
speedup  0.96
cpu  time for SCC    0.00 s
wall time for SCC    0.01 s
speedup  0.98
cpu  time for grad    0.01 s
wall time for grad    0.01 s
 E :    -50.45300812  G :  0.000476    pred/act E change: -0.142D-05 -0.954D-06
Maxdispl :   0.0080   ||displ|| :   0.0130   Lambda : -0.620D-06
Largest |displ|/coords:  0.0080 (   1)  0.0047 (   7)  0.0047 (   2)
................................................................................
.............................. CYCLE   64 ......................................
................................................................................
   1    -50.7404517 -0.507405E+02  0.603E-03    8.45       0.0  T
   2    -50.7404517 -0.497447E-08  0.450E-03    8.45       4.4  T
   3    -50.7404517 -0.485344E-08  0.459E-04    8.45      42.7  T
   4    -50.7404517 -0.463501E-09  0.155E-04    8.45     126.6  T
speedup  1.11
cpu  time for SCC    0.00 s
wall time for SCC    0.00 s
speedup  1.01
cpu  time for grad    0.01 s
wall time for grad    0.01 s
 E :    -50.45300856  G :  0.000278    pred/act E change: -0.769D-06 -0.433D-06
Maxdispl :   0.0071   ||displ|| :   0.0134   Lambda : -0.563D-06
Largest |displ|/coords:  0.0071 (   1)  0.0056 (   6)  0.0052 (   5)
................................................................................
.............................. CYCLE   65 ......................................
................................................................................
   1    -50.7405274 -0.507405E+02  0.666E-03    8.45       0.0  T
   2    -50.7405274 -0.519095E-08  0.498E-03    8.45       3.9  T
   3    -50.7405274 -0.579962E-08  0.437E-04    8.45      44.9  T
   4    -50.7405274 -0.374129E-09  0.162E-04    8.45     120.8  T
speedup  0.77
cpu  time for SCC    0.00 s
wall time for SCC    0.00 s
speedup  0.98
cpu  time for grad    0.01 s
wall time for grad    0.01 s
 E :    -50.45300895  G :  0.000278    pred/act E change: -0.310D-06 -0.396D-06
Maxdispl :   0.0054   ||displ|| :   0.0114   Lambda : -0.416D-06
Largest |displ|/coords:  0.0054 (   5)  0.0047 (   6)  0.0042 (   1)
................................................................................
.............................. CYCLE   66 ......................................
................................................................................
   1    -50.7405349 -0.507405E+02  0.595E-03    8.45       0.0  T
   2    -50.7405349 -0.410052E-08  0.444E-03    8.45       4.4  T
   3    -50.7405349 -0.453534E-08  0.396E-04    8.45      49.5  T
   4    -50.7405349 -0.293994E-09  0.103E-04    8.45     191.2  T
speedup  1.03
cpu  time for SCC    0.00 s
wall time for SCC    0.00 s
speedup  1.00
cpu  time for grad    0.01 s
wall time for grad    0.01 s
 E :    -50.45300925  G :  0.000274    pred/act E change: -0.282D-06 -0.299D-06
Maxdispl :   0.0043   ||displ|| :   0.0097   Lambda : -0.310D-06
Largest |displ|/coords:  0.0043 (   5)  0.0039 (   6)  0.0036 (   8)
................................................................................
.............................. CYCLE   67 ......................................
................................................................................
   1    -50.7405283 -0.507405E+02  0.573E-03    8.45       0.0  T
   2    -50.7405283 -0.448379E-08  0.430E-03    8.45       4.6  T
   3    -50.7405283 -0.493957E-08  0.406E-04    8.45      48.3  T
   4    -50.7405283 -0.365468E-09  0.135E-04    8.45     144.9  T
speedup  1.00
cpu  time for SCC    0.00 s
wall time for SCC    0.00 s
speedup  0.98
cpu  time for grad    0.01 s
wall time for grad    0.01 s
 E :    -50.45300947  G :  0.000259    pred/act E change: -0.208D-06 -0.218D-06
Maxdispl :   0.0028   ||displ|| :   0.0065   Lambda : -0.192D-06
Largest |displ|/coords:  0.0028 (   6)  0.0028 (   9)  0.0027 (   8)
................................................................................
.............................. CYCLE   68 ......................................
................................................................................
   1    -50.7404964 -0.507405E+02  0.403E-03    8.45       0.0  T
   2    -50.7404964 -0.264104E-08  0.301E-03    8.45       6.5  T
   3    -50.7404964 -0.196410E-08  0.340E-04    8.45      57.7  T
   4    -50.7404964 -0.359385E-09  0.112E-04    8.45     174.5  T
speedup  0.77
cpu  time for SCC    0.00 s
wall time for SCC    0.00 s
speedup  0.99
cpu  time for grad    0.01 s
wall time for grad    0.01 s
 E :    -50.45300961  G :  0.000186    pred/act E change: -0.155D-06 -0.136D-06
Maxdispl :   0.0022   ||displ|| :   0.0051   Lambda : -0.127D-06
Largest |displ|/coords:  0.0022 (   9)  0.0021 (   2)  0.0019 (   8)
................................................................................
.............................. CYCLE   69 ......................................
................................................................................
   1    -50.7404756 -0.507405E+02  0.346E-03    8.45       0.0  T
   2    -50.7404756 -0.172258E-08  0.258E-03    8.45       7.6  T
   3    -50.7404756 -0.130005E-08  0.288E-04    8.45      68.0  T
   4    -50.7404756 -0.215536E-09  0.120E-04    8.45     163.4  T
speedup  1.03
cpu  time for SCC    0.00 s
wall time for SCC    0.00 s
speedup  1.00
cpu  time for grad    0.01 s
wall time for grad    0.01 s
 E :    -50.45300970  G :  0.000127    pred/act E change: -0.961D-07 -0.907D-07
Maxdispl :   0.0021   ||displ|| :   0.0045   Lambda : -0.867D-07
Largest |displ|/coords:  0.0021 (   1)  0.0018 (   2)  0.0016 (   9)

   *** GEOMETRY OPTIMIZATION CONVERGED AFTER 69 ITERATIONS ***

------------------------------------------------------------------------
 total energy gain (kcal):     -0.1047
------------------------------------------------------------------------
================
 final structure:
================
$coord
        3.45224924504151        1.87243042840513        0.49717966982178      S 
        2.35878436341055        2.57934962311354       -1.92507124679958      O 
        1.30908710916863        1.94816354696964        2.48041555629159      O 
        4.20785096284691       -0.92816096421150        0.34561547970208      O 
        5.52051820267227        3.35198831369021        1.31958033931642      O 
       -2.10131990820400       -2.77817936072951       -2.67491944526616      O 
       -3.27174705296554       -3.42301853772709       -3.89582227698778      H 
       -1.93958791086708        5.08568794182820       -2.81783676970099      O 
       -0.25530292557430        4.32927487814622       -2.81069089725617      H 
       -1.71806206711537        6.82552814323295       -2.36714228159475      H 
       -2.94066861888732        1.29155731537117        0.34863521818402      O 
       -2.98060513278624        2.75686275291586       -0.78892751782116      H 
       -2.80071160875345       -0.18190702118848       -0.75927841730886      H 
       -0.41040905458806        1.65978747715661        1.63425429879819      H 
        2.23970746880550       -1.55227582977650       -4.71840109453099      O 
        2.36863383366881        0.13141567041244       -3.95643131057415      H 
        3.59653331015356       -2.51110519208651       -3.98582784669683      H 
       -0.52793396922853       -2.35277014226817       -3.61439736639748      H 
        0.69149417129284       -3.85491831585776        1.55861287075093      O 
        2.77146792877528       -2.15710569429311        0.90147363875810      H 
       -0.25875434320279       -3.13470169613249        3.01802753775097      H 
       -0.46831381145778       -3.83666321106645        0.13555101107012      H 
       -1.97640476054842       -1.61968320820582        5.22160123636800      N 
       -2.77373787935504       -2.50972701312471        6.71396630812292      H 
       -3.34554107495252       -0.68477162039750        4.26249831245726      H 
       -0.74722645845724       -0.30705832196614        5.87733499353427      H 
$end
 
 Bond Distances (Angstroems)
 ---------------------------
S1-O2=1.4553         S1-O3=1.5457         S1-O4=1.5371         S1-O5=1.4143         O2-S1=1.4553         O3-S1=1.5457         
O3-H14=1.0255        O4-S1=1.5371         O4-H20=1.0427        O5-S1=1.4143         O6-H7=0.9578         O6-H18=0.9955        
H7-O6=0.9578         O8-H9=0.9770         O8-H10=0.9583        H9-O8=0.9770         H10-O8=0.9583        O11-H12=0.9819       
O11-H13=0.9784       H12-O11=0.9819       H13-O11=0.9784       H14-O3=1.0255        O15-H16=0.9803       O15-H17=0.9609       
H16-O15=0.9803       H17-O15=0.9609       H18-O6=0.9955        O19-H21=0.9973       O19-H22=0.9715       H20-O4=1.0427        
H21-O19=0.9973       H22-O19=0.9715       N23-H24=1.0117       N23-H25=1.0135       N23-H26=1.0129       H24-N23=1.0117       
H25-N23=1.0135       H26-N23=1.0129       
 N  H  Rav=1.0127 sigma=0.0008  Rmin=1.0117  Rmax=1.0135     3
 O  H  Rav=0.9856 sigma=0.0251  Rmin=0.9578  Rmax=1.0427    12
 S  O  Rav=1.4881 sigma=0.0553  Rmin=1.4143  Rmax=1.5457     4
 
 selected bond angles (degree)
 --------------------
O3-S1-O2=107.44                O4-S1-O2=107.78                O4-S1-O3=104.55                O5-S1-O2=115.88                
O5-S1-O3=110.15                O5-S1-O4=110.40                H14-O3-S1=110.53               H20-O4-S1=113.39               
H18-O6-H7=106.53               H10-O8-H9=106.32               
 
 selected dihedral angles (degree)
 ---------------------------------
H14-O3-S1-O2= 25.83           H14-O3-S1-O4=271.49           H14-O3-S1-O5=152.88           H20-O4-S1-O2=270.15           
H20-O4-S1-O3= 24.25           H20-O4-S1-O5=142.69           
 
 CMA Distance (Angstroems)
 ---------------------------
R(CMA):  2.6585

========================================================================
 FINAL SINGLEPOINT CALCULATION ON OPTIMIZED GEOMETRY
========================================================================

 Ncao       : 65
 Nao        : 64
 Nshell     : 38
 Nel        : 80
 T(el)      :   300.0
 intcut     :    25.0
 scfconv/Eh :  0.100E-05
   qconv/e  :  0.100E-03
 intneglect :  0.100E-07
 broydamp   :      0.250
 iter      E             dE          RMSdq      gap      omega  full diag
   1    -50.7404756 -0.507405E+02  0.449E-05    8.45       0.0  T
   2    -50.7404756 -0.817124E-12  0.294E-05    8.45     667.2  T
   3    -50.7404756 -0.653699E-12  0.375E-06    8.45    5230.6  T
speedup  1.07
cpu  time for SCC    0.00 s
wall time for SCC    0.00 s

   *** convergence criteria satisfied after 3 iterations ***

          eigenvalues
 #    :          28         29         30         31         32         33         34         35
 occ. :        2.000      2.000      2.000      2.000      2.000      2.000      2.000      2.000
 eps  :       -13.774    -13.391    -13.038    -12.753    -12.673    -12.599    -12.523    -12.355
 #    :          36         37         38         39         40         41         42         43
 occ. :        2.000      2.000      2.000      2.000      2.000      0.000      0.000      0.000
 eps  :       -12.258    -12.192    -12.170    -12.062    -11.381     -2.932     -0.980     -0.540
 #    :          44         45         46         47         48         49         50         51
 occ. :        0.000      0.000      0.000      0.000      0.000      0.000      0.000      0.000
 eps  :         0.120      0.853      1.064      1.537      2.995      3.540      4.215      5.396


   #   Z            q   n(s)   n(p)   n(d)      C6AA      α(0)
   1  16 S      1.689  1.573  1.787  0.951    89.024    15.880
   2   8 O     -0.738  1.765  4.974  0.000    29.775     7.316
   3   8 O     -0.634  1.760  4.874  0.000    26.001     6.883
   4   8 O     -0.638  1.760  4.878  0.000    26.089     6.895
   5   8 O     -0.643  1.752  4.890  0.000    27.185     6.991
   6   8 O     -0.635  1.748  4.886  0.000    26.038     6.887
   7   1 H      0.290  0.710  0.000  0.000     0.750     1.360
   8   8 O     -0.605  1.742  4.863  0.000    25.302     6.789
   9   1 H      0.328  0.672  0.000  0.000     0.642     1.259
  10   1 H      0.287  0.713  0.000  0.000     0.763     1.372
  11   8 O     -0.632  1.763  4.869  0.000    25.951     6.876
  12   1 H      0.337  0.663  0.000  0.000     0.620     1.237
  13   1 H      0.333  0.667  0.000  0.000     0.630     1.247
  14   1 H      0.394  0.606  0.000  0.000     0.494     1.102
  15   8 O     -0.608  1.745  4.863  0.000    25.387     6.800
  16   1 H      0.327  0.673  0.000  0.000     0.644     1.261
  17   1 H      0.300  0.700  0.000  0.000     0.721     1.333
  18   1 H      0.342  0.658  0.000  0.000     0.609     1.226
  19   8 O     -0.618  1.759  4.859  0.000    25.610     6.831
  20   1 H      0.397  0.603  0.000  0.000     0.486     1.093
  21   1 H      0.330  0.670  0.000  0.000     0.638     1.255
  22   1 H      0.329  0.671  0.000  0.000     0.641     1.258
  23   7 N     -0.443  1.363  4.080  0.000    31.621     8.351
  24   1 H      0.159  0.841  0.000  0.000     1.340     1.813
  25   1 H      0.180  0.820  0.000  0.000     1.212     1.725
  26   1 H      0.173  0.827  0.000  0.000     1.255     1.755

 Mol. C6AA /au·bohr⁶  :       5454.368774
 Mol. C8AA /au·bohr⁸  :     117808.383430
 Mol. α(0) /au        :        106.795090

 
 Wiberg/Mayer (AO) data. WBOs > 0.1 written file <wbo>
 largest (>0.05) Wiberg bond orders for each atom
           total WBO             WBO to atom ...
     1  S   4.874    O    5 1.514    O    2 1.297    O    4 1.018    O    3 0.999
     2  O   1.731    S    1 1.297    O    5 0.119    O    3 0.087    O    4 0.084    H   16 0.058
     3  O   1.957    S    1 0.999    H   14 0.663    O    2 0.087    O    5 0.079    O    4 0.068    O   11 0.051
     4  O   1.949    S    1 1.018    H   20 0.629    O    2 0.084    O    5 0.082    O    3 0.068    O   19 0.055
     5  O   1.818    S    1 1.514    O    2 0.119    O    4 0.082    O    3 0.079
     6  O   1.867    H    7 0.906    H   18 0.791    H   13 0.053
     7  H   0.916    O    6 0.906
     8  O   1.869    H   10 0.913    H    9 0.843    H   12 0.059
     9  H   0.892    O    8 0.843
    10  H   0.918    O    8 0.913
    11  O   1.943    H   13 0.833    H   12 0.824    H   14 0.162    O    3 0.051
    12  H   0.886    O   11 0.824    O    8 0.059
    13  H   0.889    O   11 0.833    O    6 0.053
    14  H   0.845    O    3 0.663    O   11 0.162
    15  O   1.898    H   17 0.903    H   16 0.832    H   18 0.090
    16  H   0.893    O   15 0.832    O    2 0.058
    17  H   0.910    O   15 0.903
    18  H   0.883    O    6 0.791    O   15 0.090
    19  O   1.970    H   22 0.851    H   21 0.789    H   20 0.193    O    4 0.055
    20  H   0.842    O    4 0.629    O   19 0.193
    21  H   0.891    O   19 0.789    N   23 0.099
    22  H   0.892    O   19 0.851
    23  N   3.049    H   24 0.971    H   26 0.965    H   25 0.961    H   21 0.099
    24  H   0.975    N   23 0.971
    25  H   0.967    N   23 0.961
    26  H   0.970    N   23 0.965
 MOs/occ written to file <molden.input>
 
molecular dipole:
                 x           y           z       tot (Debye)
 q only:       -1.785      -0.959       0.310
   full:       -1.897      -0.660       0.380       5.195
molecular quadrupole (traceless):
                xx          xy          yy          xz          yz          zz
 q only:       -9.118      -4.599       3.504      -4.902      -0.008       5.614
  q+dip:      -10.178      -3.675       2.815      -6.696       1.494       7.363
   full:       -9.985      -3.657       2.900      -6.621       1.596       7.085

SCC energy    :     -50.7404756
rep           :       0.2871247
ES            :       0.2331743
AES           :      -0.0535292
AXC           :      -0.0068994
disp          :      -0.0193934
XB            :       0.0000000
fix           :       0.0000000
total E       :     -50.4530097
atomizationE  :       4.9833139     3127.08
(atE without considering molecular charge,
 total energy contains solvation terms)
H-L gap (eV)  :          8.4497
optimized geometry written to: xtbopt.xyz


------------------------------------------------------------------------
 * finished run on 2019/09/16 at 12:04:21.559     
------------------------------------------------------------------------
 total:
 * wall-time:     0 d,  0 h,  0 min,  2.006 sec
 *  cpu-time:     0 d,  0 h,  0 min,  1.837 sec
 * ratio c/w:     0.916 speedup
 SCF:
 * wall-time:     0 d,  0 h,  0 min,  0.311 sec
 *  cpu-time:     0 d,  0 h,  0 min,  0.156 sec
 * ratio c/w:     0.502 speedup
 ANC optimizer:
 * wall-time:     0 d,  0 h,  0 min,  1.668 sec
 *  cpu-time:     0 d,  0 h,  0 min,  1.657 sec
 * ratio c/w:     0.993 speedup

