      -----------------------------------------------------------      
     |                   =====================                   |     
     |                           x T B                           |     
     |                   =====================                   |     
     |                         S. Grimme                         |     
     |          Mulliken Center for Theoretical Chemistry        |     
     |                    University of Bonn                     |     
     |                 Version 6.0.1 (SAW181210)                 |     
      -----------------------------------------------------------      

   This program is distributed in the hope that it will be useful,
   but WITHOUT ANY WARRANTY; without even the implied warranty of
   MERCHANTABILITY or FITNESS FOR A PARTICULAR PURPOSE.
   
   FOR NON-COMMERCIAL, ACADEMIA USE ONLY.
   
   Cite this work as:
   S. Grimme, C. Bannwarth, P. Shushkov, J. Comput. Theory Chem., 2017,
   13, 1989-2009.
   C. Bannwarth, S. Ehlert and S. Grimme., ChemRxiv, 2018, preprint.
   http://doi.org/10.26434/chemrxiv.7246238.v1
   
   for sTDA-xTB:
   S. Grimme and C. Bannwarth, J. Chem. Phys., 2016, 145, 054103.
   
   in the mass-spec context:
   V. Asgeirsson, C. Bauer and S. Grimme, Chem. Sci., 2017, 8, 4879.
   
   if GBSA is used:
   P. Shushkov, F. März and S. Grimme, unpublished.
   
   for ANC optimizer:
   S. Grimme, unpublished.
   Rational Function algorithm used in ANCopt:
   F. Eckert, P. Pulay, H.-J. Werner, J. Comput. Chem., 1997, 18, 1473.
   
   with help from (in alphabetical order)
   C. Bannwarth, F. Bohle, G. Brandenburg, E. Caldeweyher, M. Checinski,
   S. Dohm, S. Ehlert, S. Ehrlich, F. März, H. Neugebauer, J. Pisarek,
   P. Pracht, P. Shushkov, and S. Spicher.
   
 * started run on 2019/09/16 at 11:40:16.044     
========================================================================
 # omp threads = 1
========================================================================
number of atoms            : 26
number of electrons        : 80
charge                     : 0
spin                       : .0
first test random number   : .8632

########################################################################
# WARNING! Please study the warnings concerning your input carefully
#  - XTBPATH is not set, using XTBHOME instead
#  - the use of '-opt' is discouraged, please use '--opt' next time
#  - the use of '-chrg' is discouraged, please use '--chrg' next time
#  - the use of '-uhf' is discouraged, please use '--uhf' next time
########################################################################

           ------------------------------------------------- 
          |                 G F N 2 - x T B                 |
          | Geometry, Frequencies, Noncovalent interactions |
          |            JCTC 2018 parametrisation            |
           ------------------------------------------------- 
      method parameters     
 k(s)        :  1.8500
 k(p)        :  2.2300
 k(d)        :  2.2300
 k(f)        :  2.0000
 kEN (H0ij)  : -2.0000
 D4 a1       :  0.5200
 D4 a2       :  5.0000
 D4 s6       :  1.0000
 D4 s8       :  2.7000
 D4 s9       :  5.0000
 alphaj      :  2.0000


            Z     q(EN)     CN     RAES       Cart. coordinates
     1  S   6.0    0.67    4.17    3.99    -0.32005    -0.05740    -1.47201
     2  O   6.0   -0.32    1.21    1.80     0.90592    -2.57385    -1.16772
     3  O   6.0   -0.32    1.23    1.80     1.66016     1.91947    -1.78644
     4  O   6.0   -0.31    1.21    1.80    -1.98148    -0.09150    -3.74502
     5  O   6.0   -0.32    1.22    1.80    -1.86479     0.51629     0.81114
     6  O   6.0   -0.36    1.55    1.80     4.37439     0.76687     4.78763
     7  H   1.0    0.17    0.94    1.42     5.27062     0.52321     6.40664
     8  O   6.0   -0.29    2.04    1.83     1.76575     6.44746     0.41066
     9  H   1.0    0.17    1.04    1.43     1.76779     4.99648    -0.68901
    10  H   1.0    0.15    0.97    1.43     1.83806     7.89084    -0.69660
    11  O   6.0   -0.29    2.03    1.83    -5.70782    -3.05474    -5.23294
    12  H   1.0    0.15    0.97    1.43    -6.41628    -2.63507    -6.85670
    13  H   1.0    0.17    1.05    1.44    -4.39526    -1.82564    -4.94814
    14  O   6.0   -0.22    2.92    2.59     0.68299     3.27141     4.02656
    15  H   1.0    0.17    1.22    1.47     2.17834     2.28520     4.55681
    16  H   1.0    0.14    1.04    1.43     1.15530     4.77439     3.02257
    17  H   1.0    0.15    1.06    1.44    -0.57782     2.21050     3.14546
    18  O   6.0   -0.22    2.93    2.62     5.25916    -0.71999     0.62782
    19  H   1.0    0.14    1.01    1.43     4.17523    -2.19172     0.24191
    20  H   1.0    0.14    1.00    1.43     4.92912     0.71393    -0.52325
    21  H   1.0    0.16    1.22    1.47     5.14105    -0.21624     2.42331
    22  N   5.0   -0.14    3.97    2.78    -3.96807    -4.58998    -0.66854
    23  H   1.0    0.11    1.06    1.44    -2.03778    -4.56893    -0.90934
    24  H   1.0    0.11    1.06    1.44    -4.83869    -4.29520    -2.38306
    25  H   1.0    0.08    0.99    1.43    -4.51344    -6.31453     0.04765
    26  H   1.0    0.10    1.00    1.43    -4.48238    -3.18126     0.57059

  Z AO/shell   Hii/eV     exponent
  1     Wed Apr 25 08:07:45 CEST 2018   EN: 2.200 GM2: 0.406  GM3: 0.0800  RAES: 1.40
     1s    -10.707211    1.230000
  7     Wed Apr 25 08:07:45 CEST 2018   EN: 3.040 GM2: 0.461  GM3:-0.0640  RAES: 1.90
     2s    -16.686243    2.339881
     2p    -12.523956    2.014332
  8     Wed Apr 25 08:07:45 CEST 2018   EN: 3.440 GM2: 0.452  GM3:-0.0517  RAES: 1.80
     2s    -20.229985    2.439742
     2p    -15.503117    2.137023
 16     Tue Apr 24 11:44:34 CEST 2018   EN: 2.580 GM2: 0.340  GM3:-0.0502  RAES: 3.10
     3s    -20.029654    1.981333
     3p    -11.377694    2.025643
     3d     -0.420282    1.702555
 no old-style atom pair restraining (fixing) potential

molecular fragmentation (1/2 indicates fragments):
11111222222222222222222222
# atoms in fragment 1/2:     5    21
 fragment masses (1/2) :       96.06      109.12
CMA distance (Bohr)    :   2.263
constraining FC (au)   :  0.0500
           ------------------------------------------------- 
          |        Self-Consistent Charge Iterations        |
           ------------------------------------------------- 

 Ncao       : 65
 Nao        : 64
 Nshell     : 38
 Nel        : 80
 T(el)      :   300.0
 intcut     :    25.0
 scfconv/Eh :  0.100E-05
   qconv/e  :  0.100E-03
 intneglect :  0.100E-07
 broydamp   :      0.250
 iter      E             dE          RMSdq      gap      omega  full diag
   1    -50.5527625 -0.505528E+02  0.704E+00   10.40       0.0  T
   2    -50.5950783 -0.423159E-01  0.507E+00    9.97       1.0  T
   3    -50.6316706 -0.365922E-01  0.110E+00    6.46       1.0  T
   4    -50.6355926 -0.392204E-02  0.577E-01    6.94       1.0  T
   5    -50.6365864 -0.993818E-03  0.218E-01    7.06       1.0  T
   6    -50.6368113 -0.224887E-03  0.105E-01    7.09       1.0  T
   7    -50.6368773 -0.659887E-04  0.402E-02    7.13       1.0  T
   8    -50.6368834 -0.606142E-05  0.254E-02    7.12       1.0  T
   9    -50.6368872 -0.378089E-05  0.840E-03    7.14       2.3  T
  10    -50.6368875 -0.300093E-06  0.189E-03    7.15      10.4  T
  11    -50.6368875 -0.175232E-07  0.957E-04    7.14      20.5  T
  12    -50.6368875 -0.423496E-08  0.320E-04    7.14      61.2  T
speedup  1.00
cpu  time for SCC    0.01 s
wall time for SCC    0.01 s

   *** convergence criteria satisfied after 12 iterations ***

          eigenvalues
 #    :          28         29         30         31         32         33         34         35
 occ. :        2.000      2.000      2.000      2.000      2.000      2.000      2.000      2.000
 eps  :       -11.893    -11.876    -11.628    -10.902    -10.707    -10.130    -10.006     -9.940
 #    :          36         37         38         39         40         41         42         43
 occ. :        2.000      2.000      2.000      2.000      2.000      0.000      0.000      0.000
 eps  :        -9.833     -9.621     -9.534     -9.477     -9.030     -1.886     -0.574      0.647
 #    :          44         45         46         47         48         49         50         51
 occ. :        0.000      0.000      0.000      0.000      0.000      0.000      0.000      0.000
 eps  :         0.969      1.805      2.412      2.685      2.809      2.922      3.755      4.199


   #   Z            q   n(s)   n(p)   n(d)      C6AA      α(0)
   1  16 S      1.488  1.610  1.904  0.998    93.743    16.296
   2   8 O     -0.814  1.781  5.033  0.000    32.014     7.586
   3   8 O     -0.791  1.772  5.019  0.000    31.307     7.502
   4   8 O     -0.790  1.784  5.006  0.000    31.280     7.499
   5   8 O     -0.806  1.780  5.026  0.000    31.763     7.556
   6   8 O     -0.878  1.819  5.059  0.000    33.945     7.815
   7   1 H      0.188  0.812  0.000  0.000     1.182     1.708
   8   8 O     -0.620  1.731  4.889  0.000    25.666     6.838
   9   1 H      0.335  0.665  0.000  0.000     0.623     1.240
  10   1 H      0.282  0.718  0.000  0.000     0.779     1.386
  11   8 O     -0.632  1.729  4.903  0.000    25.971     6.878
  12   1 H      0.286  0.714  0.000  0.000     0.764     1.373
  13   1 H      0.340  0.660  0.000  0.000     0.611     1.228
  14   8 O     -0.453  1.657  4.796  0.000    21.848     6.313
  15   1 H      0.404  0.596  0.000  0.000     0.471     1.075
  16   1 H      0.396  0.604  0.000  0.000     0.492     1.102
  17   1 H      0.392  0.608  0.000  0.000     0.500     1.111
  18   8 O     -0.419  1.644  4.775  0.000    21.169     6.214
  19   1 H      0.389  0.611  0.000  0.000     0.505     1.117
  20   1 H      0.392  0.608  0.000  0.000     0.500     1.110
  21   1 H      0.411  0.589  0.000  0.000     0.458     1.060
  22   7 N     -0.266  1.235  4.031  0.000    26.877     7.700
  23   1 H      0.307  0.693  0.000  0.000     0.693     1.304
  24   1 H      0.323  0.677  0.000  0.000     0.648     1.261
  25   1 H      0.249  0.751  0.000  0.000     0.888     1.476
  26   1 H      0.287  0.713  0.000  0.000     0.754     1.360

 Mol. C6AA /au·bohr⁶  :       5523.549588
 Mol. C8AA /au·bohr⁸  :     120220.564737
 Mol. α(0) /au        :        107.107664

 
 Wiberg/Mayer (AO) data. WBOs > 0.1 written file <wbo>
 largest (>0.05) Wiberg bond orders for each atom
           total WBO             WBO to atom ...
     1  S   4.999    O    4 1.277    O    3 1.248    O    5 1.227    O    2 1.214
     2  O   1.650    S    1 1.214    O    4 0.096    O    5 0.095    O    3 0.090    H   23 0.057
     3  O   1.665    S    1 1.248    O    5 0.097    O    2 0.090    O    4 0.089    H    9 0.057
     4  O   1.654    S    1 1.277    O    2 0.096    O    5 0.095    O    3 0.089    H   13 0.062
     5  O   1.653    S    1 1.227    O    3 0.097    O    2 0.095    O    4 0.095    H   17 0.091
     6  O   1.508    H    7 0.950    H   21 0.213    H   15 0.203    O   18 0.064    O   14 0.062
     7  H   0.965    O    6 0.950
     8  O   1.843    H   10 0.907    H    9 0.827    H   16 0.059
     9  H   0.887    O    8 0.827    O    3 0.057
    10  H   0.921    O    8 0.907
    11  O   1.831    H   12 0.903    H   13 0.816    H   24 0.057
    12  H   0.918    O   11 0.903
    13  H   0.884    O   11 0.816    O    4 0.062
    14  O   2.288    H   16 0.775    H   17 0.747    H   15 0.629    O    6 0.062
    15  H   0.837    O   14 0.629    O    6 0.203
    16  H   0.843    O   14 0.775    O    8 0.059
    17  H   0.847    O   14 0.747    O    5 0.091
    18  O   2.314    H   20 0.800    H   19 0.794    H   21 0.611    O    6 0.064
    19  H   0.849    O   18 0.794
    20  H   0.846    O   18 0.800
    21  H   0.831    O   18 0.611    O    6 0.213
    22  N   3.581    H   25 0.934    H   26 0.905    H   23 0.842    H   24 0.830
    23  H   0.906    N   22 0.842    O    2 0.057
    24  H   0.896    N   22 0.830    O   11 0.057
    25  H   0.938    N   22 0.934
    26  H   0.918    N   22 0.905
 MOs/occ written to file <molden.input>
 
molecular dipole:
                 x           y           z       tot (Debye)
 q only:       -1.289      -2.184       0.829
   full:       -1.273      -2.009       0.401       6.131
molecular quadrupole (traceless):
                xx          xy          yy          xz          yz          zz
 q only:        5.448      17.530      15.888      -5.288       0.673     -21.336
  q+dip:        3.038      17.019      14.855      -2.866      -3.927     -17.893
   full:        2.657      17.087      15.004      -2.569      -4.048     -17.661

SCC energy    :     -50.6368875
rep           :       0.2821427
ES            :       0.3943155
AES           :      -0.0842177
AXC           :      -0.0096940
disp          :      -0.0184351
XB            :       0.0000000
fix           :       0.0000000
total E       :     -50.3546099
atomizationE  :       4.8849141     3065.33
(atE without considering molecular charge,
 total energy contains solvation terms)
H-L gap (eV)  :          7.1442
           ------------------------------------------------- 
          |                 ===============                 |
          |                   A N C O P T                   |
          |                 ===============                 |
          |          Approximate Normal Coordinate          |
          |           Rational Function Optimizer           |
           ------------------------------------------------- 
dumping coords to <xtbopt.coord> and <xtbopt.log>
 optlevel               2
 Maxcycle             520
 Maxmicro              25
 Econv         1.000000000000000E-007
 Gconv         2.000000000000000E-004
 Maxdispl       1.00000000000000     
 Hlow          5.000000000000000E-003
 S6             20.0000000000000     
 Nvar               72

generating ANC from model Hessian ...
 Shifting diagonal of input Hessian by   5.007186547993091E-003
 Lowest  eigenvalues of input Hessian
    0.005000   -0.000000   -0.000000    0.000000    0.000000    0.000000
    0.000000    0.005122    0.005185    0.005238    0.005438    0.006322
    0.006801    0.007083    0.007317    0.007617    0.008171    0.008346
 Highest eigenvalues
    1.557710    1.586461    1.589891    3.080010    3.081095    3.088751
 
cpu  time for ANC gen    0.01 s
wall time for ANC gen    0.01 s
................................................................................
.............................. CYCLE    1 ......................................
................................................................................
   1    -50.6368875 -0.506369E+02  0.857E-05    7.14       0.0  T
   2    -50.6368875 -0.149072E-10  0.688E-05    7.14     284.9  T
   3    -50.6368875 -0.190212E-10  0.254E-05    7.14     771.7  T
speedup  1.03
cpu  time for SCC    0.00 s
wall time for SCC    0.00 s
speedup  0.98
cpu  time for grad    0.01 s
wall time for grad    0.01 s
 E :    -50.35460990  G :  0.176106    pred/act E change:  0.000D+00 -0.461D-08
Maxdispl :   0.1719   ||displ|| :   0.4751   Lambda : -0.418D-01
Largest |displ|/coords:  0.1719 (  23)  0.1524 (  19)  0.1450 (  20)
................................................................................
.............................. CYCLE    2 ......................................
................................................................................
   1    -50.6500455 -0.506500E+02  0.372E-01    7.30       0.0  T
   2    -50.6503529 -0.307389E-03  0.273E-01    7.43       1.0  T
   3    -50.6504959 -0.143022E-03  0.871E-02    7.68       1.0  T
   4    -50.6505168 -0.208801E-04  0.178E-02    7.66       1.1  T
   5    -50.6505180 -0.119054E-05  0.745E-03    7.64       2.6  T
   6    -50.6505181 -0.105334E-06  0.413E-03    7.64       4.7  T
   7    -50.6505182 -0.697395E-07  0.171E-03    7.64      11.4  T
speedup  0.91
cpu  time for SCC    0.01 s
wall time for SCC    0.01 s
speedup  0.98
cpu  time for grad    0.01 s
wall time for grad    0.01 s
 E :    -50.38959942  G :  0.108052    pred/act E change:  0.000D+00 -0.350D-01
Maxdispl :   0.2059   ||displ|| :   0.5596   Lambda : -0.272D-01
Largest |displ|/coords:  0.2059 (  19)  0.1959 (  20)  0.1793 (  17)
................................................................................
.............................. CYCLE    3 ......................................
................................................................................
   1    -50.6598130 -0.506598E+02  0.353E-01    7.86       0.0  T
   2    -50.6603137 -0.500624E-03  0.250E-01    8.01       1.0  T
   3    -50.6605302 -0.216527E-03  0.101E-01    8.24       1.0  T
   4    -50.6605464 -0.162102E-04  0.175E-02    8.23       1.1  T
   5    -50.6605477 -0.124973E-05  0.843E-03    8.22       2.3  T
   6    -50.6605478 -0.183778E-06  0.504E-03    8.22       3.9  T
   7    -50.6605480 -0.129810E-06  0.210E-03    8.22       9.3  T
speedup  0.97
cpu  time for SCC    0.01 s
wall time for SCC    0.01 s
speedup  1.00
cpu  time for grad    0.01 s
wall time for grad    0.01 s
 E :    -50.41206418  G :  0.073771    pred/act E change: -0.256D-01 -0.225D-01
Maxdispl :   0.2078   ||displ|| :   0.5759   Lambda : -0.159D-01
Largest |displ|/coords:  0.2078 (  19)  0.2040 (  17)  0.1943 (  20)
................................................................................
.............................. CYCLE    4 ......................................
................................................................................
   1    -50.6671323 -0.506671E+02  0.325E-01    8.42       0.0  T
   2    -50.6677387 -0.606446E-03  0.220E-01    8.55       1.0  T
   3    -50.6679944 -0.255640E-03  0.967E-02    8.74       1.0  T
   4    -50.6680069 -0.125580E-04  0.197E-02    8.74       1.0  T
   5    -50.6680082 -0.133113E-05  0.890E-03    8.74       2.2  T
   6    -50.6680085 -0.242497E-06  0.554E-03    8.73       3.5  T
   7    -50.6680086 -0.165690E-06  0.216E-03    8.73       9.1  T
speedup  0.95
cpu  time for SCC    0.01 s
wall time for SCC    0.01 s
speedup  0.99
cpu  time for grad    0.01 s
wall time for grad    0.01 s
 E :    -50.42435083  G :  0.054947    pred/act E change: -0.179D-01 -0.123D-01
Maxdispl :   0.2734   ||displ|| :   0.5059   Lambda : -0.771D-02
Largest |displ|/coords:  0.2734 (   6)  0.2082 (   9)  0.1632 (  15)
................................................................................
.............................. CYCLE    5 ......................................
................................................................................
   1    -50.6710745 -0.506711E+02  0.376E-01    8.92       0.0  T
   2    -50.6714680 -0.393541E-03  0.270E-01    9.07       1.0  T
   3    -50.6716315 -0.163464E-03  0.942E-02    9.15       1.0  T
   4    -50.6716561 -0.246282E-04  0.176E-02    9.15       1.1  T
   5    -50.6716571 -0.100751E-05  0.655E-03    9.15       3.0  T
   6    -50.6716572 -0.808668E-07  0.404E-03    9.15       4.9  T
   7    -50.6716573 -0.572848E-07  0.143E-03    9.14      13.7  T
speedup  0.97
cpu  time for SCC    0.01 s
wall time for SCC    0.01 s
speedup  0.99
cpu  time for grad    0.01 s
wall time for grad    0.01 s
 E :    -50.43039681  G :  0.049228    pred/act E change: -0.106D-01 -0.605D-02
Maxdispl :   0.2372   ||displ|| :   0.5137   Lambda : -0.864D-02
Largest |displ|/coords:  0.2372 (   6)  0.1575 (   9)  0.1412 (   5)
................................................................................
.............................. CYCLE    6 ......................................
................................................................................
   1    -50.6842503 -0.506843E+02  0.400E-01    9.31       0.0  T
   2    -50.6851558 -0.905494E-03  0.271E-01    9.33       1.0  T
   3    -50.6855476 -0.391817E-03  0.116E-01    9.36       1.0  T
   4    -50.6855645 -0.168353E-04  0.192E-02    9.35       1.0  T
   5    -50.6855661 -0.163726E-05  0.823E-03    9.35       2.4  T
   6    -50.6855662 -0.112763E-06  0.461E-03    9.35       4.3  T
   7    -50.6855663 -0.418064E-07  0.119E-03    9.35      16.5  T
speedup  1.13
cpu  time for SCC    0.01 s
wall time for SCC    0.01 s
speedup  0.92
cpu  time for grad    0.01 s
wall time for grad    0.01 s
 E :    -50.43650985  G :  0.032819    pred/act E change: -0.484D-02 -0.611D-02
Maxdispl :   0.3409   ||displ|| :   0.6083   Lambda : -0.614D-02
Largest |displ|/coords:  0.3409 (  11)  0.2649 (   6)  0.1759 (   5)
................................................................................
.............................. CYCLE    7 ......................................
................................................................................
   1    -50.6742113 -0.506742E+02  0.738E-01    9.23       0.0  T
   2    -50.6756815 -0.147021E-02  0.517E-01    9.17       1.0  T
   3    -50.6762390 -0.557475E-03  0.183E-01    9.04       1.0  T
   4    -50.6763170 -0.780391E-04  0.271E-02    9.02       1.0  T
   5    -50.6763189 -0.189818E-05  0.146E-02    9.03       1.3  T
   6    -50.6763198 -0.871746E-06  0.630E-03    9.03       3.1  T
   7    -50.6763199 -0.744994E-07  0.132E-03    9.03      14.9  T
   8    -50.6763199 -0.499562E-08  0.524E-04    9.03      37.4  T
speedup  1.00
cpu  time for SCC    0.01 s
wall time for SCC    0.01 s
speedup  1.01
cpu  time for grad    0.01 s
wall time for grad    0.01 s
 E :    -50.43414889  G :  0.096509    pred/act E change: -0.546D-02  0.236D-02
Maxdispl :   0.2339   ||displ|| :   0.5652   Lambda : -0.302D-01
Largest |displ|/coords:  0.2339 (  11)  0.2208 (  15)  0.2168 (   7)
................................................................................
.............................. CYCLE    8 ......................................
................................................................................
   1    -50.7062232 -0.507062E+02  0.849E-01    9.44       0.0  T
   2    -50.7068306 -0.607381E-03  0.631E-01    9.44       1.0  T
   3    -50.7072614 -0.430751E-03  0.134E-01    9.45       1.0  T
   4    -50.7073250 -0.635951E-04  0.278E-02    9.44       1.0  T
   5    -50.7073269 -0.192019E-05  0.147E-02    9.44       1.3  T
   6    -50.7073270 -0.964034E-07  0.628E-03    9.44       3.1  T
   7    -50.7073271 -0.171933E-06  0.113E-03    9.45      17.4  T
   8    -50.7073271 -0.621863E-08  0.349E-04    9.45      56.2  T
speedup  1.00
cpu  time for SCC    0.01 s
wall time for SCC    0.01 s
speedup  0.99
cpu  time for grad    0.01 s
wall time for grad    0.02 s
 E :    -50.43170751  G :  0.132289    pred/act E change: -0.421D-02  0.244D-02
Maxdispl :   0.1963   ||displ|| :   0.4008   Lambda : -0.215D-01
Largest |displ|/coords:  0.1963 (  14)  0.1544 (  13)  0.1315 (  10)
................................................................................
.............................. CYCLE    9 ......................................
................................................................................
   1    -50.6874554 -0.506875E+02  0.556E-01    9.17       0.0  T
   2    -50.6876771 -0.221705E-03  0.416E-01    9.18       1.0  T
   3    -50.6878152 -0.138080E-03  0.801E-02    9.19       1.0  T
   4    -50.6878407 -0.255363E-04  0.244E-02    9.20       1.0  T
   5    -50.6878421 -0.137361E-05  0.729E-03    9.20       2.7  T
   6    -50.6878422 -0.112005E-06  0.407E-03    9.20       4.8  T
   7    -50.6878422 -0.355331E-07  0.970E-04    9.19      20.2  T
speedup  0.97
cpu  time for SCC    0.01 s
wall time for SCC    0.01 s
speedup  0.99
cpu  time for grad    0.01 s
wall time for grad    0.01 s
 E :    -50.43940050  G :  0.052495    pred/act E change: -0.199D-01 -0.769D-02
Maxdispl :   0.2009   ||displ|| :   0.3986   Lambda : -0.682D-02
Largest |displ|/coords:  0.2009 (  14)  0.1314 (  17)  0.1303 (  12)
................................................................................
.............................. CYCLE   10 ......................................
................................................................................
   1    -50.6895122 -0.506895E+02  0.525E-01    9.33       0.0  T
   2    -50.6897270 -0.214787E-03  0.394E-01    9.32       1.0  T
   3    -50.6898473 -0.120232E-03  0.817E-02    9.31       1.0  T
   4    -50.6898764 -0.291342E-04  0.187E-02    9.31       1.0  T
   5    -50.6898772 -0.798529E-06  0.734E-03    9.31       2.7  T
   6    -50.6898773 -0.549903E-07  0.385E-03    9.31       5.1  T
   7    -50.6898773 -0.266814E-07  0.868E-04    9.31      22.6  T
speedup  0.97
cpu  time for SCC    0.01 s
wall time for SCC    0.01 s
speedup  0.99
cpu  time for grad    0.01 s
wall time for grad    0.01 s
 E :    -50.43902597  G :  0.058278    pred/act E change: -0.125D-01  0.375D-03
Maxdispl :   0.1854   ||displ|| :   0.4702   Lambda : -0.127D-01
Largest |displ|/coords:  0.1854 (   4)  0.1763 (  14)  0.1622 (  12)
................................................................................
.............................. CYCLE   11 ......................................
................................................................................
   1    -50.6970623 -0.506971E+02  0.672E-01    9.24       0.0  T
   2    -50.6973449 -0.282590E-03  0.505E-01    9.26       1.0  T
   3    -50.6975396 -0.194720E-03  0.977E-02    9.28       1.0  T
   4    -50.6975764 -0.368148E-04  0.233E-02    9.27       1.0  T
   5    -50.6975776 -0.114591E-05  0.979E-03    9.27       2.0  T
   6    -50.6975776 -0.434887E-07  0.474E-03    9.27       4.1  T
   7    -50.6975777 -0.482909E-07  0.827E-04    9.27      23.7  T
speedup  0.95
cpu  time for SCC    0.01 s
wall time for SCC    0.01 s
speedup  0.99
cpu  time for grad    0.01 s
wall time for grad    0.01 s
 E :    -50.44018894  G :  0.068244    pred/act E change: -0.395D-02 -0.116D-02
Maxdispl :   0.2274   ||displ|| :   0.3565   Lambda : -0.627D-02
Largest |displ|/coords:  0.2274 (   3)  0.1464 (   4)  0.1259 (  12)
................................................................................
.............................. CYCLE   12 ......................................
................................................................................
   1    -50.6971027 -0.506971E+02  0.542E-01    9.29       0.0  T
   2    -50.6972166 -0.113913E-03  0.412E-01    9.29       1.0  T
   3    -50.6973045 -0.879181E-04  0.585E-02    9.29       1.0  T
   4    -50.6973200 -0.154793E-04  0.148E-02    9.29       1.3  T
   5    -50.6973205 -0.511489E-06  0.595E-03    9.29       3.3  T
   6    -50.6973205 -0.137299E-07  0.311E-03    9.29       6.3  T
speedup  1.11
cpu  time for SCC    0.01 s
wall time for SCC    0.01 s
speedup  1.05
cpu  time for grad    0.01 s
wall time for grad    0.01 s
 E :    -50.44215929  G :  0.040191    pred/act E change: -0.776D-02 -0.197D-02
Maxdispl :   0.2065   ||displ|| :   0.3825   Lambda : -0.370D-02
Largest |displ|/coords:  0.2065 (   3)  0.1548 (   5)  0.1338 (   2)
................................................................................
.............................. CYCLE   13 ......................................
................................................................................
   1    -50.6909914 -0.506910E+02  0.490E-01    9.29       0.0  T
   2    -50.6910808 -0.893830E-04  0.372E-01    9.29       1.0  T
   3    -50.6911433 -0.624845E-04  0.501E-02    9.29       1.0  T
   4    -50.6911570 -0.136869E-04  0.139E-02    9.29       1.4  T
   5    -50.6911573 -0.364489E-06  0.493E-03    9.29       4.0  T
   6    -50.6911573 -0.196379E-07  0.278E-03    9.29       7.1  T
speedup  1.11
cpu  time for SCC    0.01 s
wall time for SCC    0.01 s
speedup  1.04
cpu  time for grad    0.01 s
wall time for grad    0.01 s
 E :    -50.44244780  G :  0.051770    pred/act E change: -0.354D-02 -0.289D-03
Maxdispl :   0.1681   ||displ|| :   0.3751   Lambda : -0.697D-02
Largest |displ|/coords:  0.1681 (   3)  0.1474 (   8)  0.1059 (   2)
................................................................................
.............................. CYCLE   14 ......................................
................................................................................
   1    -50.7012943 -0.507013E+02  0.511E-01    9.28       0.0  T
   2    -50.7014332 -0.138977E-03  0.386E-01    9.29       1.0  T
   3    -50.7015324 -0.992022E-04  0.669E-02    9.30       1.0  T
   4    -50.7015517 -0.192570E-04  0.166E-02    9.29       1.2  T
   5    -50.7015522 -0.554426E-06  0.690E-03    9.29       2.8  T
   6    -50.7015523 -0.186961E-07  0.337E-03    9.30       5.8  T
   7    -50.7015523 -0.238772E-07  0.575E-04    9.30      34.1  T
speedup  0.98
cpu  time for SCC    0.01 s
wall time for SCC    0.01 s
speedup  0.99
cpu  time for grad    0.01 s
wall time for grad    0.01 s
 E :    -50.44341776  G :  0.043456    pred/act E change: -0.212D-02 -0.970D-03
Maxdispl :   0.0784   ||displ|| :   0.1829   Lambda : -0.244D-02
Largest |displ|/coords:  0.0784 (   3)  0.0602 (   6)  0.0590 (   4)
................................................................................
.............................. CYCLE   15 ......................................
................................................................................
   1    -50.6992845 -0.506993E+02  0.207E-01    9.30       0.0  T
   2    -50.6993096 -0.250900E-04  0.157E-01    9.31       1.0  T
   3    -50.6993239 -0.143124E-04  0.267E-02    9.31       1.0  T
   4    -50.6993281 -0.420342E-05  0.616E-03    9.31       3.2  T
   5    -50.6993282 -0.105307E-06  0.241E-03    9.31       8.2  T
   6    -50.6993282 -0.540794E-08  0.123E-03    9.31      16.0  T
speedup  0.93
cpu  time for SCC    0.00 s
wall time for SCC    0.01 s
speedup  0.98
cpu  time for grad    0.01 s
wall time for grad    0.01 s
 E :    -50.44522581  G :  0.026304    pred/act E change: -0.397D-02 -0.181D-02
Maxdispl :   0.1821   ||displ|| :   0.3626   Lambda : -0.323D-02
Largest |displ|/coords:  0.1821 (   6)  0.1245 (  17)  0.1239 (   5)
................................................................................
.............................. CYCLE   16 ......................................
................................................................................
   1    -50.6958742 -0.506959E+02  0.296E-01    9.31       0.0  T
   2    -50.6959794 -0.105206E-03  0.222E-01    9.31       1.0  T
   3    -50.6960275 -0.481111E-04  0.574E-02    9.30       1.0  T
   4    -50.6960418 -0.142924E-04  0.173E-02    9.30       1.1  T
   5    -50.6960425 -0.622572E-06  0.497E-03    9.31       3.9  T
   6    -50.6960425 -0.284549E-07  0.285E-03    9.31       6.9  T
speedup  0.93
cpu  time for SCC    0.01 s
wall time for SCC    0.01 s
speedup  0.98
cpu  time for grad    0.01 s
wall time for grad    0.01 s
 E :    -50.44660047  G :  0.045864    pred/act E change: -0.126D-02 -0.137D-02
Maxdispl :   0.1446   ||displ|| :   0.2765   Lambda : -0.276D-02
Largest |displ|/coords:  0.1446 (   5)  0.1230 (   6)  0.0633 (  26)
................................................................................
.............................. CYCLE   17 ......................................
................................................................................
   1    -50.7022090 -0.507022E+02  0.152E-01    9.33       0.0  T
   2    -50.7022808 -0.717560E-04  0.111E-01    9.33       1.0  T
   3    -50.7023142 -0.334432E-04  0.436E-02    9.34       1.0  T
   4    -50.7023193 -0.512616E-05  0.101E-02    9.34       1.9  T
   5    -50.7023196 -0.287381E-06  0.369E-03    9.34       5.3  T
   6    -50.7023196 -0.127949E-07  0.191E-03    9.34      10.3  T
speedup  0.91
cpu  time for SCC    0.00 s
wall time for SCC    0.01 s
speedup  0.97
cpu  time for grad    0.01 s
wall time for grad    0.01 s
 E :    -50.44870558  G :  0.036983    pred/act E change: -0.183D-02 -0.211D-02
Maxdispl :   0.2495   ||displ|| :   0.4375   Lambda : -0.453D-02
Largest |displ|/coords:  0.2495 (   6)  0.1278 (   5)  0.0987 (  30)
................................................................................
.............................. CYCLE   18 ......................................
................................................................................
   1    -50.7104086 -0.507104E+02  0.302E-01    9.34       0.0  T
   2    -50.7104729 -0.643232E-04  0.230E-01    9.34       1.0  T
   3    -50.7105274 -0.544411E-04  0.455E-02    9.35       1.0  T
   4    -50.7105348 -0.748658E-05  0.148E-02    9.35       1.3  T
   5    -50.7105352 -0.346007E-06  0.552E-03    9.35       3.6  T
   6    -50.7105352 -0.269813E-07  0.276E-03    9.35       7.1  T
speedup  0.91
cpu  time for SCC    0.01 s
wall time for SCC    0.01 s
speedup  0.96
cpu  time for grad    0.01 s
wall time for grad    0.01 s
 E :    -50.45078909  G :  0.030963    pred/act E change: -0.148D-02 -0.208D-02
Maxdispl :   0.1172   ||displ|| :   0.2285   Lambda : -0.235D-02
Largest |displ|/coords:  0.1172 (   5)  0.0820 (  17)  0.0563 (  30)
................................................................................
.............................. CYCLE   19 ......................................
................................................................................
   1    -50.7195942 -0.507196E+02  0.145E-01    9.34       0.0  T
   2    -50.7196222 -0.280393E-04  0.107E-01    9.35       1.0  T
   3    -50.7196404 -0.181589E-04  0.304E-02    9.35       1.0  T
   4    -50.7196428 -0.248401E-05  0.108E-02    9.35       1.8  T
   5    -50.7196430 -0.206510E-06  0.317E-03    9.35       6.2  T
   6    -50.7196431 -0.993734E-08  0.158E-03    9.35      12.4  T
speedup  0.93
cpu  time for SCC    0.00 s
wall time for SCC    0.01 s
speedup  0.98
cpu  time for grad    0.01 s
wall time for grad    0.01 s
 E :    -50.45141762  G :  0.028222    pred/act E change: -0.270D-02 -0.629D-03
Maxdispl :   0.0887   ||displ|| :   0.1610   Lambda : -0.169D-02
Largest |displ|/coords:  0.0887 (   5)  0.0508 (   6)  0.0472 (   8)
................................................................................
.............................. CYCLE   20 ......................................
................................................................................
   1    -50.7154208 -0.507154E+02  0.135E-01    9.35       0.0  T
   2    -50.7154480 -0.272155E-04  0.979E-02    9.35       1.0  T
   3    -50.7154621 -0.140479E-04  0.286E-02    9.36       1.0  T
   4    -50.7154640 -0.195975E-05  0.740E-03    9.36       2.6  T
   5    -50.7154642 -0.150985E-06  0.220E-03    9.36       8.9  T
   6    -50.7154642 -0.533338E-08  0.138E-03    9.36      14.2  T
speedup  0.93
cpu  time for SCC    0.01 s
wall time for SCC    0.01 s
speedup  0.98
cpu  time for grad    0.01 s
wall time for grad    0.01 s
 E :    -50.45213573  G :  0.018603    pred/act E change: -0.124D-02 -0.718D-03
Maxdispl :   0.0925   ||displ|| :   0.2229   Lambda : -0.139D-02
Largest |displ|/coords:  0.0925 (  10)  0.0792 (  34)  0.0723 (   3)
................................................................................
.............................. CYCLE   21 ......................................
................................................................................
   1    -50.7140978 -0.507141E+02  0.194E-01    9.35       0.0  T
   2    -50.7141493 -0.514747E-04  0.145E-01    9.35       1.0  T
   3    -50.7141742 -0.248940E-04  0.410E-02    9.36       1.0  T
   4    -50.7141800 -0.583561E-05  0.124E-02    9.36       1.6  T
   5    -50.7141804 -0.352173E-06  0.403E-03    9.36       4.9  T
   6    -50.7141804 -0.187017E-07  0.222E-03    9.36       8.8  T
   7    -50.7141804 -0.808080E-08  0.548E-04    9.36      35.8  T
speedup  0.97
cpu  time for SCC    0.01 s
wall time for SCC    0.01 s
speedup  0.97
cpu  time for grad    0.01 s
wall time for grad    0.01 s
 E :    -50.45240262  G :  0.029280    pred/act E change: -0.867D-03 -0.267D-03
Maxdispl :   0.1125   ||displ|| :   0.2296   Lambda : -0.129D-02
Largest |displ|/coords:  0.1125 (   5)  0.1072 (  17)  0.0902 (   6)
................................................................................
.............................. CYCLE   22 ......................................
................................................................................
   1    -50.7152335 -0.507152E+02  0.133E-01    9.33       0.0  T
   2    -50.7152645 -0.310412E-04  0.998E-02    9.33       1.0  T
   3    -50.7152841 -0.195593E-04  0.301E-02    9.34       1.0  T
   4    -50.7152877 -0.360492E-05  0.946E-03    9.34       2.1  T
   5    -50.7152878 -0.166254E-06  0.365E-03    9.34       5.4  T
   6    -50.7152879 -0.136713E-07  0.167E-03    9.34      11.8  T
speedup  0.93
cpu  time for SCC    0.00 s
wall time for SCC    0.01 s
speedup  0.97
cpu  time for grad    0.01 s
wall time for grad    0.01 s
 E :    -50.45303384  G :  0.022648    pred/act E change: -0.732D-03 -0.631D-03
Maxdispl :   0.0753   ||displ|| :   0.1631   Lambda : -0.116D-02
Largest |displ|/coords:  0.0753 (   5)  0.0491 (  18)  0.0458 (   3)
................................................................................
.............................. CYCLE   23 ......................................
................................................................................
   1    -50.7248878 -0.507249E+02  0.111E-01    9.34       0.0  T
   2    -50.7249099 -0.220817E-04  0.824E-02    9.34       1.0  T
   3    -50.7249219 -0.120038E-04  0.259E-02    9.35       1.0  T
   4    -50.7249238 -0.191752E-05  0.855E-03    9.35       2.3  T
   5    -50.7249240 -0.168523E-06  0.259E-03    9.35       7.6  T
   6    -50.7249240 -0.911427E-08  0.137E-03    9.35      14.3  T
speedup  0.91
cpu  time for SCC    0.00 s
wall time for SCC    0.01 s
speedup  0.96
cpu  time for grad    0.01 s
wall time for grad    0.01 s
 E :    -50.45350722  G :  0.018894    pred/act E change: -0.677D-03 -0.473D-03
Maxdispl :   0.1071   ||displ|| :   0.2440   Lambda : -0.989D-03
Largest |displ|/coords:  0.1071 (  10)  0.0780 (   5)  0.0718 (  17)
................................................................................
.............................. CYCLE   24 ......................................
................................................................................
   1    -50.7217437 -0.507217E+02  0.181E-01    9.29       0.0  T
   2    -50.7218037 -0.600197E-04  0.136E-01    9.29       1.0  T
   3    -50.7218304 -0.267321E-04  0.468E-02    9.30       1.0  T
   4    -50.7218358 -0.533270E-05  0.145E-02    9.30       1.4  T
   5    -50.7218363 -0.566042E-06  0.400E-03    9.30       4.9  T
   6    -50.7218364 -0.256185E-07  0.230E-03    9.30       8.5  T
   7    -50.7218364 -0.845029E-08  0.710E-04    9.30      27.6  T
speedup  0.97
cpu  time for SCC    0.01 s
wall time for SCC    0.01 s
speedup  0.99
cpu  time for grad    0.01 s
wall time for grad    0.01 s
 E :    -50.45426623  G :  0.015738    pred/act E change: -0.597D-03 -0.759D-03
Maxdispl :   0.2131   ||displ|| :   0.5798   Lambda : -0.205D-02
Largest |displ|/coords:  0.2131 (  10)  0.1773 (  14)  0.1674 (   5)
................................................................................
.............................. CYCLE   25 ......................................
................................................................................
   1    -50.7240912 -0.507241E+02  0.444E-01    9.27       0.0  T
   2    -50.7245995 -0.508345E-03  0.333E-01    9.26       1.0  T
   3    -50.7248397 -0.240168E-03  0.135E-01    9.26       1.0  T
   4    -50.7248771 -0.374488E-04  0.402E-02    9.27       1.0  T
   5    -50.7248811 -0.395292E-05  0.132E-02    9.27       1.5  T
   6    -50.7248813 -0.184940E-06  0.696E-03    9.27       2.8  T
   7    -50.7248813 -0.803262E-07  0.166E-03    9.27      11.8  T
   8    -50.7248814 -0.802955E-08  0.567E-04    9.27      34.6  T
speedup  0.96
cpu  time for SCC    0.01 s
wall time for SCC    0.01 s
speedup  0.99
cpu  time for grad    0.01 s
wall time for grad    0.02 s
 E :    -50.45485862  G :  0.037190    pred/act E change: -0.524D-03 -0.592D-03
Maxdispl :   0.0843   ||displ|| :   0.1494   Lambda : -0.186D-02
Largest |displ|/coords:  0.0843 (   3)  0.0459 (   6)  0.0416 (  14)

generating ANC from model Hessian ...
 Shifting diagonal of input Hessian by   5.039613230846653E-003
 Lowest  eigenvalues of input Hessian
    0.005000   -0.000000   -0.000000   -0.000000    0.000000    0.000000
    0.000000    0.005343    0.005399    0.005768    0.006157    0.007209
    0.007873    0.008344    0.009275    0.009696    0.011542    0.012307
 Highest eigenvalues
    1.398770    1.419872    1.490873    2.760371    3.343733    3.598423
 
cpu  time for ANC gen    0.01 s
wall time for ANC gen    0.01 s
................................................................................
.............................. CYCLE   26 ......................................
................................................................................
   1    -50.7290737 -0.507291E+02  0.161E-01    9.24       0.0  T
   2    -50.7291021 -0.284193E-04  0.120E-01    9.24       1.0  T
   3    -50.7291189 -0.168426E-04  0.307E-02    9.24       1.0  T
   4    -50.7291222 -0.323991E-05  0.881E-03    9.24       2.2  T
   5    -50.7291223 -0.144012E-06  0.318E-03    9.24       6.2  T
   6    -50.7291223 -0.965692E-08  0.173E-03    9.24      11.3  T
   7    -50.7291223 -0.558794E-08  0.379E-04    9.24      51.7  T
   8    -50.7291223 -0.387239E-09  0.113E-04    9.24     174.0  T
speedup  0.99
cpu  time for SCC    0.01 s
wall time for SCC    0.01 s
speedup  0.96
cpu  time for grad    0.01 s
wall time for grad    0.02 s
 E :    -50.45563657  G :  0.018710    pred/act E change:  0.000D+00 -0.778D-03
Maxdispl :   0.1308   ||displ|| :   0.2475   Lambda : -0.134D-02
Largest |displ|/coords:  0.1308 (   4)  0.1076 (  11)  0.0785 (   3)
................................................................................
.............................. CYCLE   27 ......................................
................................................................................
   1    -50.7305564 -0.507306E+02  0.163E-01    9.23       0.0  T
   2    -50.7305712 -0.147179E-04  0.123E-01    9.24       1.0  T
   3    -50.7305781 -0.699029E-05  0.196E-02    9.24       1.0  T
   4    -50.7305808 -0.260741E-05  0.562E-03    9.24       3.5  T
   5    -50.7305808 -0.882130E-07  0.172E-03    9.24      11.4  T
   6    -50.7305808 -0.255138E-08  0.964E-04    9.24      20.3  T
speedup  1.11
cpu  time for SCC    0.01 s
wall time for SCC    0.01 s
speedup  1.04
cpu  time for grad    0.01 s
wall time for grad    0.01 s
 E :    -50.45650443  G :  0.012225    pred/act E change:  0.000D+00 -0.868D-03
Maxdispl :   0.0959   ||displ|| :   0.2484   Lambda : -0.745D-03
Largest |displ|/coords:  0.0959 (   3)  0.0924 (  10)  0.0858 (   5)
................................................................................
.............................. CYCLE   28 ......................................
................................................................................
   1    -50.7315701 -0.507316E+02  0.163E-01    9.23       0.0  T
   2    -50.7315932 -0.230744E-04  0.121E-01    9.24       1.0  T
   3    -50.7316025 -0.926012E-05  0.246E-02    9.24       1.0  T
   4    -50.7316060 -0.350737E-05  0.617E-03    9.24       3.2  T
   5    -50.7316060 -0.774117E-07  0.214E-03    9.24       9.2  T
   6    -50.7316060 -0.397962E-08  0.122E-03    9.24      16.0  T
speedup  1.11
cpu  time for SCC    0.01 s
wall time for SCC    0.01 s
speedup  1.04
cpu  time for grad    0.01 s
wall time for grad    0.01 s
 E :    -50.45695724  G :  0.012136    pred/act E change: -0.710D-03 -0.453D-03
Maxdispl :   0.0758   ||displ|| :   0.1928   Lambda : -0.376D-03
Largest |displ|/coords:  0.0758 (  11)  0.0697 (   3)  0.0616 (  10)
................................................................................
.............................. CYCLE   29 ......................................
................................................................................
   1    -50.7319384 -0.507319E+02  0.120E-01    9.25       0.0  T
   2    -50.7319493 -0.108967E-04  0.900E-02    9.25       1.0  T
   3    -50.7319540 -0.477545E-05  0.175E-02    9.25       1.1  T
   4    -50.7319558 -0.174861E-05  0.518E-03    9.26       3.8  T
   5    -50.7319559 -0.561928E-07  0.156E-03    9.25      12.6  T
   6    -50.7319559 -0.169202E-08  0.908E-04    9.25      21.6  T
speedup  0.91
cpu  time for SCC    0.00 s
wall time for SCC    0.01 s
speedup  0.97
cpu  time for grad    0.01 s
wall time for grad    0.01 s
 E :    -50.45724186  G :  0.012633    pred/act E change: -0.395D-03 -0.285D-03
Maxdispl :   0.1330   ||displ|| :   0.3264   Lambda : -0.644D-03
Largest |displ|/coords:  0.1330 (   3)  0.1193 (   5)  0.1102 (  12)
................................................................................
.............................. CYCLE   30 ......................................
................................................................................
   1    -50.7338393 -0.507338E+02  0.180E-01    9.27       0.0  T
   2    -50.7338596 -0.202860E-04  0.134E-01    9.27       1.0  T
   3    -50.7338689 -0.932552E-05  0.252E-02    9.27       1.0  T
   4    -50.7338721 -0.315587E-05  0.751E-03    9.27       2.6  T
   5    -50.7338722 -0.940955E-07  0.263E-03    9.27       7.4  T
   6    -50.7338722 -0.726914E-08  0.154E-03    9.27      12.7  T
speedup  1.09
cpu  time for SCC    0.01 s
wall time for SCC    0.01 s
speedup  1.04
cpu  time for grad    0.01 s
wall time for grad    0.01 s
 E :    -50.45764353  G :  0.008315    pred/act E change: -0.195D-03 -0.402D-03
Maxdispl :   0.0903   ||displ|| :   0.2257   Lambda : -0.378D-03
Largest |displ|/coords:  0.0903 (   3)  0.0717 (  10)  0.0701 (   7)
................................................................................
.............................. CYCLE   31 ......................................
................................................................................
   1    -50.7353162 -0.507353E+02  0.157E-01    9.27       0.0  T
   2    -50.7353300 -0.138448E-04  0.118E-01    9.27       1.0  T
   3    -50.7353383 -0.828690E-05  0.227E-02    9.25       1.0  T
   4    -50.7353403 -0.198718E-05  0.707E-03    9.25       2.8  T
   5    -50.7353404 -0.842700E-07  0.211E-03    9.25       9.3  T
   6    -50.7353404 -0.432702E-08  0.130E-03    9.25      15.1  T
speedup  1.11
cpu  time for SCC    0.01 s
wall time for SCC    0.01 s
speedup  1.05
cpu  time for grad    0.01 s
wall time for grad    0.01 s
 E :    -50.45781594  G :  0.014261    pred/act E change: -0.356D-03 -0.172D-03
Maxdispl :   0.0517   ||displ|| :   0.1373   Lambda : -0.397D-03
Largest |displ|/coords:  0.0517 (   9)  0.0405 (   8)  0.0401 (   7)
................................................................................
.............................. CYCLE   32 ......................................
................................................................................
   1    -50.7408120 -0.507408E+02  0.874E-02    9.26       0.0  T
   2    -50.7408200 -0.801855E-05  0.647E-02    9.26       1.0  T
   3    -50.7408253 -0.532840E-05  0.175E-02    9.25       1.1  T
   4    -50.7408262 -0.897003E-06  0.528E-03    9.25       3.7  T
   5    -50.7408263 -0.529502E-07  0.175E-03    9.25      11.2  T
   6    -50.7408263 -0.339069E-08  0.962E-04    9.25      20.4  T
speedup  0.93
cpu  time for SCC    0.01 s
wall time for SCC    0.01 s
speedup  0.97
cpu  time for grad    0.01 s
wall time for grad    0.01 s
 E :    -50.45784356  G :  0.012718    pred/act E change: -0.198D-03 -0.276D-04
Maxdispl :   0.0806   ||displ|| :   0.1292   Lambda : -0.368D-03
Largest |displ|/coords:  0.0806 (   3)  0.0464 (   2)  0.0444 (   9)
................................................................................
.............................. CYCLE   33 ......................................
................................................................................
   1    -50.7380183 -0.507380E+02  0.919E-02    9.24       0.0  T
   2    -50.7380205 -0.217940E-05  0.693E-02    9.24       1.0  T
   3    -50.7380226 -0.217082E-05  0.787E-03    9.24       2.5  T
   4    -50.7380229 -0.251274E-06  0.303E-03    9.24       6.5  T
   5    -50.7380229 -0.128351E-07  0.114E-03    9.24      17.2  T
   6    -50.7380229 -0.185990E-08  0.488E-04    9.24      40.2  T
speedup  0.93
cpu  time for SCC    0.00 s
wall time for SCC    0.01 s
speedup  0.96
cpu  time for grad    0.01 s
wall time for grad    0.01 s
 E :    -50.45805317  G :  0.004638    pred/act E change: -0.202D-03 -0.210D-03
Maxdispl :   0.0494   ||displ|| :   0.0989   Lambda : -0.998D-04
Largest |displ|/coords:  0.0494 (   1)  0.0394 (   2)  0.0287 (  10)
................................................................................
.............................. CYCLE   34 ......................................
................................................................................
   1    -50.7377807 -0.507378E+02  0.606E-02    9.23       0.0  T
   2    -50.7377824 -0.168343E-05  0.455E-02    9.23       1.0  T
   3    -50.7377835 -0.108775E-05  0.757E-03    9.23       2.6  T
   4    -50.7377838 -0.250087E-06  0.236E-03    9.23       8.3  T
   5    -50.7377838 -0.102992E-07  0.773E-04    9.23      25.4  T
speedup  1.09
cpu  time for SCC    0.00 s
wall time for SCC    0.00 s
speedup  1.04
cpu  time for grad    0.01 s
wall time for grad    0.01 s
 E :    -50.45811496  G :  0.006225    pred/act E change: -0.187D-03 -0.618D-04
Maxdispl :   0.0660   ||displ|| :   0.1225   Lambda : -0.827D-04
Largest |displ|/coords:  0.0660 (   1)  0.0505 (   3)  0.0279 (  19)
................................................................................
.............................. CYCLE   35 ......................................
................................................................................
   1    -50.7380449 -0.507380E+02  0.664E-02    9.22       0.0  T
   2    -50.7380465 -0.157591E-05  0.499E-02    9.22       1.0  T
   3    -50.7380475 -0.972326E-06  0.801E-03    9.21       2.4  T
   4    -50.7380477 -0.253230E-06  0.246E-03    9.21       8.0  T
   5    -50.7380477 -0.819062E-08  0.739E-04    9.21      26.5  T
speedup  1.09
cpu  time for SCC    0.01 s
wall time for SCC    0.00 s
speedup  1.05
cpu  time for grad    0.01 s
wall time for grad    0.01 s
 E :    -50.45817303  G :  0.006037    pred/act E change: -0.504D-04 -0.581D-04
Maxdispl :   0.0767   ||displ|| :   0.1348   Lambda : -0.742D-04
Largest |displ|/coords:  0.0767 (   1)  0.0406 (   3)  0.0399 (   2)
................................................................................
.............................. CYCLE   36 ......................................
................................................................................
   1    -50.7390811 -0.507391E+02  0.618E-02    9.21       0.0  T
   2    -50.7390822 -0.110652E-05  0.461E-02    9.21       1.0  T
   3    -50.7390829 -0.779313E-06  0.730E-03    9.20       2.7  T
   4    -50.7390831 -0.155799E-06  0.213E-03    9.20       9.2  T
   5    -50.7390831 -0.595379E-08  0.659E-04    9.20      29.8  T
speedup  1.09
cpu  time for SCC    0.00 s
wall time for SCC    0.00 s
speedup  1.04
cpu  time for grad    0.01 s
wall time for grad    0.01 s
 E :    -50.45821958  G :  0.004049    pred/act E change: -0.420D-04 -0.465D-04
Maxdispl :   0.0750   ||displ|| :   0.1462   Lambda : -0.531D-04
Largest |displ|/coords:  0.0750 (   3)  0.0648 (   1)  0.0363 (  20)
................................................................................
.............................. CYCLE   37 ......................................
................................................................................
   1    -50.7387063 -0.507387E+02  0.859E-02    9.20       0.0  T
   2    -50.7387082 -0.191597E-05  0.646E-02    9.19       1.0  T
   3    -50.7387097 -0.147644E-05  0.853E-03    9.19       2.3  T
   4    -50.7387099 -0.254798E-06  0.254E-03    9.19       7.7  T
   5    -50.7387099 -0.834464E-08  0.916E-04    9.19      21.4  T
speedup  1.11
cpu  time for SCC    0.00 s
wall time for SCC    0.00 s
speedup  1.04
cpu  time for grad    0.01 s
wall time for grad    0.01 s
 E :    -50.45825311  G :  0.004683    pred/act E change: -0.378D-04 -0.335D-04
Maxdispl :   0.0481   ||displ|| :   0.1058   Lambda : -0.523D-04
Largest |displ|/coords:  0.0481 (   3)  0.0434 (   1)  0.0375 (   2)
................................................................................
.............................. CYCLE   38 ......................................
................................................................................
   1    -50.7391298 -0.507391E+02  0.546E-02    9.20       0.0  T
   2    -50.7391302 -0.458355E-06  0.410E-02    9.20       1.0  T
   3    -50.7391307 -0.476065E-06  0.476E-03    9.20       4.1  T
   4    -50.7391307 -0.374038E-07  0.136E-03    9.20      14.5  T
   5    -50.7391307 -0.226174E-08  0.464E-04    9.20      42.2  T
speedup  1.11
cpu  time for SCC    0.01 s
wall time for SCC    0.00 s
speedup  1.05
cpu  time for grad    0.01 s
wall time for grad    0.01 s
 E :    -50.45829269  G :  0.003635    pred/act E change: -0.271D-04 -0.396D-04
Maxdispl :   0.0991   ||displ|| :   0.1958   Lambda : -0.826D-04
Largest |displ|/coords:  0.0991 (   3)  0.0643 (   2)  0.0636 (   1)
................................................................................
.............................. CYCLE   39 ......................................
................................................................................
   1    -50.7382966 -0.507383E+02  0.114E-01    9.20       0.0  T
   2    -50.7382985 -0.182717E-05  0.855E-02    9.20       1.0  T
   3    -50.7383004 -0.192519E-05  0.819E-03    9.20       2.4  T
   4    -50.7383005 -0.152696E-06  0.285E-03    9.20       6.9  T
   5    -50.7383006 -0.824261E-08  0.972E-04    9.20      20.2  T
   6    -50.7383006 -0.104799E-08  0.539E-04    9.20      36.4  T
speedup  0.94
cpu  time for SCC    0.00 s
wall time for SCC    0.01 s
speedup  1.00
cpu  time for grad    0.01 s
wall time for grad    0.01 s
 E :    -50.45834717  G :  0.004130    pred/act E change: -0.265D-04 -0.545D-04
Maxdispl :   0.0610   ||displ|| :   0.1295   Lambda : -0.644D-04
Largest |displ|/coords:  0.0610 (   3)  0.0596 (   5)  0.0339 (   2)
................................................................................
.............................. CYCLE   40 ......................................
................................................................................
   1    -50.7383904 -0.507384E+02  0.796E-02    9.22       0.0  T
   2    -50.7383922 -0.173926E-05  0.601E-02    9.22       1.0  T
   3    -50.7383934 -0.120498E-05  0.792E-03    9.23       2.5  T
   4    -50.7383936 -0.279480E-06  0.266E-03    9.23       7.4  T
   5    -50.7383936 -0.997850E-08  0.854E-04    9.23      23.0  T
speedup  1.11
cpu  time for SCC    0.00 s
wall time for SCC    0.00 s
speedup  0.87
cpu  time for grad    0.01 s
wall time for grad    0.01 s
 E :    -50.45838592  G :  0.003628    pred/act E change: -0.429D-04 -0.388D-04
Maxdispl :   0.0665   ||displ|| :   0.1188   Lambda : -0.377D-04
Largest |displ|/coords:  0.0665 (   3)  0.0361 (  20)  0.0326 (   5)
................................................................................
.............................. CYCLE   41 ......................................
................................................................................
   1    -50.7375353 -0.507375E+02  0.789E-02    9.22       0.0  T
   2    -50.7375363 -0.100379E-05  0.596E-02    9.22       1.0  T
   3    -50.7375373 -0.104008E-05  0.540E-03    9.23       3.6  T
   4    -50.7375374 -0.896174E-07  0.199E-03    9.23       9.9  T
   5    -50.7375374 -0.384179E-08  0.696E-04    9.23      28.2  T
   6    -50.7375374 -0.673296E-09  0.386E-04    9.23      50.8  T
speedup  0.93
cpu  time for SCC    0.01 s
wall time for SCC    0.01 s
speedup  1.01
cpu  time for grad    0.01 s
wall time for grad    0.01 s
 E :    -50.45841000  G :  0.003990    pred/act E change: -0.328D-04 -0.241D-04
Maxdispl :   0.0552   ||displ|| :   0.1033   Lambda : -0.552D-04
Largest |displ|/coords:  0.0552 (   5)  0.0350 (   3)  0.0296 (   7)
................................................................................
.............................. CYCLE   42 ......................................
................................................................................
   1    -50.7375992 -0.507376E+02  0.622E-02    9.23       0.0  T
   2    -50.7376001 -0.926405E-06  0.467E-02    9.23       1.0  T
   3    -50.7376009 -0.792331E-06  0.601E-03    9.23       3.3  T
   4    -50.7376010 -0.107888E-06  0.181E-03    9.23      10.8  T
   5    -50.7376010 -0.516956E-08  0.678E-04    9.23      28.9  T
   6    -50.7376010 -0.594170E-09  0.394E-04    9.23      49.8  T
speedup  1.13
cpu  time for SCC    0.01 s
wall time for SCC    0.01 s
speedup  1.01
cpu  time for grad    0.01 s
wall time for grad    0.01 s
 E :    -50.45842492  G :  0.003796    pred/act E change: -0.191D-04 -0.149D-04
Maxdispl :   0.0293   ||displ|| :   0.0617   Lambda : -0.403D-04
Largest |displ|/coords:  0.0293 (   3)  0.0203 (  11)  0.0196 (   2)
................................................................................
.............................. CYCLE   43 ......................................
................................................................................
   1    -50.7376517 -0.507377E+02  0.446E-02    9.23       0.0  T
   2    -50.7376524 -0.709740E-06  0.336E-02    9.23       1.0  T
   3    -50.7376529 -0.487419E-06  0.483E-03    9.23       4.1  T
   4    -50.7376530 -0.107335E-06  0.174E-03    9.23      11.3  T
   5    -50.7376530 -0.481152E-08  0.500E-04    9.23      39.2  T
   6    -50.7376530 -0.276415E-09  0.299E-04    9.23      65.6  T
speedup  0.93
cpu  time for SCC    0.00 s
wall time for SCC    0.01 s
speedup  1.01
cpu  time for grad    0.01 s
wall time for grad    0.01 s
 E :    -50.45844382  G :  0.003249    pred/act E change: -0.279D-04 -0.189D-04
Maxdispl :   0.0117   ||displ|| :   0.0316   Lambda : -0.195D-04
Largest |displ|/coords:  0.0117 (   5)  0.0101 (  11)  0.0100 (  19)
................................................................................
.............................. CYCLE   44 ......................................
................................................................................
   1    -50.7380001 -0.507380E+02  0.262E-02    9.23       0.0  T
   2    -50.7380004 -0.246867E-06  0.197E-02    9.23       1.0  T
   3    -50.7380005 -0.160556E-06  0.289E-03    9.23       6.8  T
   4    -50.7380006 -0.396447E-07  0.106E-03    9.23      18.6  T
   5    -50.7380006 -0.175271E-08  0.305E-04    9.23      64.3  T
   6    -50.7380006 -0.113047E-09  0.178E-04    9.23     110.4  T
speedup  1.13
cpu  time for SCC    0.01 s
wall time for SCC    0.01 s
speedup  1.02
cpu  time for grad    0.01 s
wall time for grad    0.01 s
 E :    -50.45845408  G :  0.002795    pred/act E change: -0.202D-04 -0.103D-04
Maxdispl :   0.0208   ||displ|| :   0.0497   Lambda : -0.166D-04
Largest |displ|/coords:  0.0208 (   5)  0.0155 (   7)  0.0153 (   3)
................................................................................
.............................. CYCLE   45 ......................................
................................................................................
   1    -50.7378130 -0.507378E+02  0.302E-02    9.23       0.0  T
   2    -50.7378133 -0.286698E-06  0.228E-02    9.23       1.0  T
   3    -50.7378135 -0.197852E-06  0.307E-03    9.23       6.4  T
   4    -50.7378135 -0.450839E-07  0.110E-03    9.23      17.8  T
   5    -50.7378135 -0.206531E-08  0.328E-04    9.23      59.8  T
   6    -50.7378135 -0.131699E-09  0.185E-04    9.23     105.8  T
speedup  0.94
cpu  time for SCC    0.00 s
wall time for SCC    0.01 s
speedup  1.02
cpu  time for grad    0.01 s
wall time for grad    0.01 s
 E :    -50.45846485  G :  0.001624    pred/act E change: -0.978D-05 -0.108D-04
Maxdispl :   0.0410   ||displ|| :   0.0848   Lambda : -0.148D-04
Largest |displ|/coords:  0.0410 (   5)  0.0351 (   7)  0.0279 (   3)
................................................................................
.............................. CYCLE   46 ......................................
................................................................................
   1    -50.7381509 -0.507382E+02  0.462E-02    9.24       0.0  T
   2    -50.7381512 -0.326640E-06  0.350E-02    9.24       1.0  T
   3    -50.7381515 -0.305315E-06  0.282E-03    9.24       7.0  T
   4    -50.7381516 -0.379431E-07  0.137E-03    9.24      14.3  T
   5    -50.7381516 -0.185200E-08  0.319E-04    9.24      61.5  T
   6    -50.7381516 -0.124615E-09  0.186E-04    9.24     105.5  T
speedup  1.09
cpu  time for SCC    0.01 s
wall time for SCC    0.01 s
speedup  0.99
cpu  time for grad    0.01 s
wall time for grad    0.01 s
 E :    -50.45847441  G :  0.001344    pred/act E change: -0.832D-05 -0.956D-05
Maxdispl :   0.0590   ||displ|| :   0.1097   Lambda : -0.115D-04
Largest |displ|/coords:  0.0590 (   5)  0.0398 (   3)  0.0367 (   2)
................................................................................
.............................. CYCLE   47 ......................................
................................................................................
   1    -50.7376367 -0.507376E+02  0.630E-02    9.24       0.0  T
   2    -50.7376373 -0.674419E-06  0.478E-02    9.24       1.0  T
   3    -50.7376380 -0.616911E-06  0.393E-03    9.25       5.0  T
   4    -50.7376380 -0.817227E-07  0.171E-03    9.24      11.4  T
   5    -50.7376380 -0.387013E-08  0.484E-04    9.24      40.5  T
   6    -50.7376380 -0.231594E-09  0.266E-04    9.24      73.7  T
speedup  0.94
cpu  time for SCC    0.01 s
wall time for SCC    0.01 s
speedup  1.01
cpu  time for grad    0.01 s
wall time for grad    0.01 s
 E :    -50.45848045  G :  0.001601    pred/act E change: -0.747D-05 -0.604D-05
Maxdispl :   0.0314   ||displ|| :   0.0659   Lambda : -0.968D-05
Largest |displ|/coords:  0.0314 (   5)  0.0297 (   2)  0.0217 (   1)
................................................................................
.............................. CYCLE   48 ......................................
................................................................................
   1    -50.7380770 -0.507381E+02  0.281E-02    9.25       0.0  T
   2    -50.7380771 -0.155825E-06  0.212E-02    9.25       1.0  T
   3    -50.7380773 -0.144226E-06  0.227E-03    9.25       8.6  T
   4    -50.7380773 -0.182264E-07  0.955E-04    9.25      20.5  T
   5    -50.7380773 -0.104608E-08  0.247E-04    9.25      79.2  T
speedup  0.89
cpu  time for SCC    0.00 s
wall time for SCC    0.00 s
speedup  1.01
cpu  time for grad    0.01 s
wall time for grad    0.01 s
 E :    -50.45848754  G :  0.001684    pred/act E change: -0.583D-05 -0.709D-05
Maxdispl :   0.0673   ||displ|| :   0.1233   Lambda : -0.144D-04
Largest |displ|/coords:  0.0673 (   2)  0.0554 (   5)  0.0365 (   7)
................................................................................
.............................. CYCLE   49 ......................................
................................................................................
   1    -50.7382909 -0.507383E+02  0.520E-02    9.25       0.0  T
   2    -50.7382914 -0.443572E-06  0.391E-02    9.25       1.0  T
   3    -50.7382918 -0.445956E-06  0.418E-03    9.25       4.7  T
   4    -50.7382919 -0.419235E-07  0.175E-03    9.25      11.2  T
   5    -50.7382919 -0.330736E-08  0.418E-04    9.25      46.9  T
   6    -50.7382919 -0.168662E-09  0.271E-04    9.25      72.5  T
speedup  0.93
cpu  time for SCC    0.00 s
wall time for SCC    0.01 s
speedup  0.94
cpu  time for grad    0.01 s
wall time for grad    0.01 s
 E :    -50.45849878  G :  0.002154    pred/act E change: -0.486D-05 -0.112D-04
Maxdispl :   0.1176   ||displ|| :   0.2063   Lambda : -0.228D-04
Largest |displ|/coords:  0.1176 (   2)  0.0897 (   5)  0.0705 (   1)
................................................................................
.............................. CYCLE   50 ......................................
................................................................................
   1    -50.7385971 -0.507386E+02  0.816E-02    9.24       0.0  T
   2    -50.7385982 -0.112497E-05  0.613E-02    9.24       1.0  T
   3    -50.7385994 -0.111393E-05  0.703E-03    9.24       2.8  T
   4    -50.7385995 -0.106918E-06  0.280E-03    9.24       7.0  T
   5    -50.7385995 -0.901166E-08  0.710E-04    9.24      27.6  T
   6    -50.7385995 -0.528445E-09  0.460E-04    9.24      42.6  T
speedup  1.11
cpu  time for SCC    0.01 s
wall time for SCC    0.01 s
speedup  1.01
cpu  time for grad    0.01 s
wall time for grad    0.01 s
 E :    -50.45851493  G :  0.002645    pred/act E change: -0.733D-05 -0.162D-04
Maxdispl :   0.1270   ||displ|| :   0.2177   Lambda : -0.179D-04
Largest |displ|/coords:  0.1270 (   2)  0.0950 (   5)  0.0681 (   1)
................................................................................
.............................. CYCLE   51 ......................................
................................................................................
   1    -50.7380951 -0.507381E+02  0.883E-02    9.22       0.0  T
   2    -50.7380964 -0.124814E-05  0.664E-02    9.22       1.0  T
   3    -50.7380975 -0.119084E-05  0.705E-03    9.22       2.8  T
   4    -50.7380977 -0.129299E-06  0.284E-03    9.22       6.9  T
   5    -50.7380977 -0.898243E-08  0.689E-04    9.22      28.5  T
   6    -50.7380977 -0.499647E-09  0.447E-04    9.22      43.8  T
speedup  1.09
cpu  time for SCC    0.01 s
wall time for SCC    0.01 s
speedup  1.01
cpu  time for grad    0.01 s
wall time for grad    0.01 s
 E :    -50.45852452  G :  0.002456    pred/act E change: -0.119D-04 -0.959D-05
Maxdispl :   0.1010   ||displ|| :   0.1898   Lambda : -0.272D-04
Largest |displ|/coords:  0.1010 (   2)  0.0988 (   1)  0.0549 (   5)
................................................................................
.............................. CYCLE   52 ......................................
................................................................................
   1    -50.7386821 -0.507387E+02  0.766E-02    9.22       0.0  T
   2    -50.7386833 -0.125436E-05  0.574E-02    9.22       1.0  T
   3    -50.7386842 -0.905700E-06  0.681E-03    9.22       2.9  T
   4    -50.7386844 -0.183723E-06  0.211E-03    9.22       9.3  T
   5    -50.7386844 -0.753336E-08  0.830E-04    9.22      23.6  T
   6    -50.7386844 -0.886203E-09  0.449E-04    9.22      43.6  T
speedup  0.91
cpu  time for SCC    0.00 s
wall time for SCC    0.01 s
speedup  1.01
cpu  time for grad    0.01 s
wall time for grad    0.01 s
 E :    -50.45852943  G :  0.003461    pred/act E change: -0.935D-05 -0.491D-05
Maxdispl :   0.0274   ||displ|| :   0.0521   Lambda : -0.188D-04
Largest |displ|/coords:  0.0274 (   2)  0.0204 (   1)  0.0196 (   4)

generating ANC from model Hessian ...
 Shifting diagonal of input Hessian by   5.000156643522246E-003
 Lowest  eigenvalues of input Hessian
    0.005000   -0.000000   -0.000000    0.000000    0.000000    0.000000
    0.000000    0.005304    0.005323    0.005549    0.005876    0.006400
    0.007055    0.007407    0.008048    0.008934    0.009836    0.011001
 Highest eigenvalues
    1.390174    1.408616    1.477886    2.693722    3.358913    3.663519
 
cpu  time for ANC gen    0.01 s
wall time for ANC gen    0.02 s
................................................................................
.............................. CYCLE   53 ......................................
................................................................................
   1    -50.7386519 -0.507387E+02  0.252E-02    9.22       0.0  T
   2    -50.7386522 -0.311320E-06  0.185E-02    9.22       1.1  T
   3    -50.7386524 -0.193159E-06  0.361E-03    9.22       5.4  T
   4    -50.7386524 -0.362446E-07  0.921E-04    9.22      21.3  T
   5    -50.7386524 -0.183012E-08  0.345E-04    9.22      56.8  T
speedup  1.09
cpu  time for SCC    0.00 s
wall time for SCC    0.00 s
speedup  0.99
cpu  time for grad    0.01 s
wall time for grad    0.01 s
 E :    -50.45854161  G :  0.001412    pred/act E change:  0.000D+00 -0.122D-04
Maxdispl :   0.0075   ||displ|| :   0.0181   Lambda : -0.647D-05
Largest |displ|/coords:  0.0075 (   8)  0.0067 (   7)  0.0055 (  10)
................................................................................
.............................. CYCLE   54 ......................................
................................................................................
   1    -50.7384953 -0.507385E+02  0.124E-02    9.23       0.0  T
   2    -50.7384954 -0.301394E-07  0.924E-03    9.23       2.1  T
   3    -50.7384954 -0.259693E-07  0.133E-03    9.23      14.8  T
   4    -50.7384954 -0.286281E-08  0.437E-04    9.23      44.9  T
   5    -50.7384954 -0.232710E-09  0.108E-04    9.23     181.9  T
speedup  1.09
cpu  time for SCC    0.00 s
wall time for SCC    0.00 s
speedup  0.99
cpu  time for grad    0.01 s
wall time for grad    0.01 s
 E :    -50.45854660  G :  0.000975    pred/act E change:  0.000D+00 -0.499D-05
Maxdispl :   0.0180   ||displ|| :   0.0324   Lambda : -0.723D-05
Largest |displ|/coords:  0.0180 (   8)  0.0113 (   1)  0.0109 (   2)
................................................................................
.............................. CYCLE   55 ......................................
................................................................................
   1    -50.7382876 -0.507383E+02  0.204E-02    9.23       0.0  T
   2    -50.7382877 -0.876353E-07  0.150E-02    9.23       1.3  T
   3    -50.7382878 -0.630176E-07  0.240E-03    9.23       8.2  T
   4    -50.7382878 -0.809316E-08  0.793E-04    9.23      24.7  T
   5    -50.7382878 -0.759954E-09  0.164E-04    9.23     119.9  T
speedup  1.09
cpu  time for SCC    0.00 s
wall time for SCC    0.00 s
speedup  0.99
cpu  time for grad    0.01 s
wall time for grad    0.01 s
 E :    -50.45855098  G :  0.000820    pred/act E change: -0.324D-05 -0.439D-05
Maxdispl :   0.0108   ||displ|| :   0.0195   Lambda : -0.223D-05
Largest |displ|/coords:  0.0108 (   2)  0.0108 (   8)  0.0048 (   7)
................................................................................
.............................. CYCLE   56 ......................................
................................................................................
   1    -50.7382703 -0.507383E+02  0.114E-02    9.24       0.0  T
   2    -50.7382703 -0.280184E-07  0.831E-03    9.24       2.4  T
   3    -50.7382703 -0.196409E-07  0.141E-03    9.24      13.9  T
   4    -50.7382703 -0.280279E-08  0.474E-04    9.24      41.4  T
   5    -50.7382703 -0.281112E-09  0.103E-04    9.24     191.2  T
speedup  1.09
cpu  time for SCC    0.01 s
wall time for SCC    0.00 s
speedup  1.00
cpu  time for grad    0.01 s
wall time for grad    0.01 s
 E :    -50.45855259  G :  0.000655    pred/act E change: -0.362D-05 -0.161D-05
Maxdispl :   0.0187   ||displ|| :   0.0296   Lambda : -0.250D-05
Largest |displ|/coords:  0.0187 (   2)  0.0176 (   8)  0.0065 (   1)
................................................................................
.............................. CYCLE   57 ......................................
................................................................................
   1    -50.7382829 -0.507383E+02  0.144E-02    9.24       0.0  T
   2    -50.7382829 -0.484203E-07  0.105E-02    9.24       1.9  T
   3    -50.7382830 -0.302375E-07  0.180E-03    9.24      10.9  T
   4    -50.7382830 -0.522070E-08  0.596E-04    9.24      32.9  T
   5    -50.7382830 -0.436408E-09  0.130E-04    9.24     150.6  T
speedup  1.09
cpu  time for SCC    0.00 s
wall time for SCC    0.00 s
speedup  0.98
cpu  time for grad    0.01 s
wall time for grad    0.01 s
 E :    -50.45855420  G :  0.000362    pred/act E change: -0.111D-05 -0.160D-05
Maxdispl :   0.0167   ||displ|| :   0.0236   Lambda : -0.129D-05
Largest |displ|/coords:  0.0167 (   2)  0.0124 (   8)  0.0049 (   3)
................................................................................
.............................. CYCLE   58 ......................................
................................................................................
   1    -50.7383067 -0.507383E+02  0.107E-02    9.24       0.0  T
   2    -50.7383067 -0.188983E-07  0.794E-03    9.24       2.5  T
   3    -50.7383068 -0.138939E-07  0.101E-03    9.24      19.5  T
   4    -50.7383068 -0.237124E-08  0.318E-04    9.24      61.6  T
   5    -50.7383068 -0.152227E-09  0.930E-05    9.24     210.9  T
speedup  1.09
cpu  time for SCC    0.00 s
wall time for SCC    0.00 s
speedup  1.00
cpu  time for grad    0.01 s
wall time for grad    0.01 s
 E :    -50.45855517  G :  0.000419    pred/act E change: -0.125D-05 -0.975D-06
Maxdispl :   0.0305   ||displ|| :   0.0410   Lambda : -0.177D-05
Largest |displ|/coords:  0.0305 (   2)  0.0211 (   8)  0.0098 (   3)
................................................................................
.............................. CYCLE   59 ......................................
................................................................................
   1    -50.7382962 -0.507383E+02  0.170E-02    9.24       0.0  T
   2    -50.7382962 -0.367428E-07  0.127E-02    9.24       1.5  T
   3    -50.7382963 -0.309389E-07  0.127E-03    9.24      15.4  T
   4    -50.7382963 -0.408634E-08  0.406E-04    9.24      48.3  T
   5    -50.7382963 -0.297874E-09  0.131E-04    9.24     149.5  T
speedup  1.09
cpu  time for SCC    0.00 s
wall time for SCC    0.00 s
speedup  0.99
cpu  time for grad    0.01 s
wall time for grad    0.01 s
 E :    -50.45855648  G :  0.000644    pred/act E change: -0.645D-06 -0.131D-05
Maxdispl :   0.0423   ||displ|| :   0.0556   Lambda : -0.194D-05
Largest |displ|/coords:  0.0423 (   2)  0.0275 (   8)  0.0153 (   3)
................................................................................
.............................. CYCLE   60 ......................................
................................................................................
   1    -50.7382413 -0.507382E+02  0.222E-02    9.24       0.0  T
   2    -50.7382414 -0.512366E-07  0.166E-02    9.24       1.2  T
   3    -50.7382414 -0.499350E-07  0.142E-03    9.24      13.8  T
   4    -50.7382414 -0.467740E-08  0.486E-04    9.24      40.4  T
   5    -50.7382415 -0.423505E-09  0.161E-04    9.24     121.6  T
speedup  1.09
cpu  time for SCC    0.00 s
wall time for SCC    0.00 s
speedup  0.99
cpu  time for grad    0.01 s
wall time for grad    0.01 s
 E :    -50.45855793  G :  0.000771    pred/act E change: -0.887D-06 -0.144D-05
Maxdispl :   0.0516   ||displ|| :   0.0667   Lambda : -0.204D-05
Largest |displ|/coords:  0.0516 (   2)  0.0317 (   8)  0.0197 (   3)
................................................................................
.............................. CYCLE   61 ......................................
................................................................................
   1    -50.7381735 -0.507382E+02  0.256E-02    9.23       0.0  T
   2    -50.7381736 -0.701968E-07  0.191E-02    9.23       1.0  T
   3    -50.7381737 -0.636228E-07  0.172E-03    9.23      11.4  T
   4    -50.7381737 -0.774401E-08  0.589E-04    9.23      33.3  T
   5    -50.7381737 -0.532317E-09  0.201E-04    9.23      97.7  T
speedup  1.11
cpu  time for SCC    0.00 s
wall time for SCC    0.00 s
speedup  1.00
cpu  time for grad    0.01 s
wall time for grad    0.01 s
 E :    -50.45855939  G :  0.000752    pred/act E change: -0.975D-06 -0.146D-05
Maxdispl :   0.0428   ||displ|| :   0.0552   Lambda : -0.165D-05
Largest |displ|/coords:  0.0428 (   2)  0.0247 (   8)  0.0185 (   3)
................................................................................
.............................. CYCLE   62 ......................................
................................................................................
   1    -50.7381698 -0.507382E+02  0.210E-02    9.23       0.0  T
   2    -50.7381699 -0.559362E-07  0.157E-02    9.23       1.3  T
   3    -50.7381699 -0.436261E-07  0.159E-03    9.23      12.4  T
   4    -50.7381699 -0.772813E-08  0.524E-04    9.23      37.4  T
   5    -50.7381699 -0.384020E-09  0.174E-04    9.23     112.4  T
speedup  1.09
cpu  time for SCC    0.00 s
wall time for SCC    0.00 s
speedup  1.00
cpu  time for grad    0.01 s
wall time for grad    0.01 s
 E :    -50.45856056  G :  0.000617    pred/act E change: -0.102D-05 -0.117D-05
Maxdispl :   0.0282   ||displ|| :   0.0369   Lambda : -0.117D-05
Largest |displ|/coords:  0.0282 (   2)  0.0153 (   8)  0.0132 (   3)
................................................................................
.............................. CYCLE   63 ......................................
................................................................................
   1    -50.7382355 -0.507382E+02  0.142E-02    9.23       0.0  T
   2    -50.7382356 -0.316938E-07  0.106E-02    9.23       1.8  T
   3    -50.7382356 -0.220064E-07  0.119E-03    9.23      16.4  T
   4    -50.7382356 -0.488888E-08  0.405E-04    9.23      48.4  T
   5    -50.7382356 -0.217270E-09  0.126E-04    9.23     155.9  T
speedup  0.87
cpu  time for SCC    0.00 s
wall time for SCC    0.00 s
speedup  0.99
cpu  time for grad    0.01 s
wall time for grad    0.01 s
 E :    -50.45856136  G :  0.000435    pred/act E change: -0.829D-06 -0.798D-06
Maxdispl :   0.0159   ||displ|| :   0.0220   Lambda : -0.590D-06
Largest |displ|/coords:  0.0159 (   2)  0.0089 (   3)  0.0087 (   8)
................................................................................
.............................. CYCLE   64 ......................................
................................................................................
   1    -50.7382869 -0.507383E+02  0.926E-03    9.23       0.0  T
   2    -50.7382869 -0.120388E-07  0.694E-03    9.23       2.8  T
   3    -50.7382869 -0.108540E-07  0.673E-04    9.23      29.1  T
   4    -50.7382869 -0.137399E-08  0.271E-04    9.23      72.4  T
speedup  1.08
cpu  time for SCC    0.00 s
wall time for SCC    0.00 s
speedup  0.98
cpu  time for grad    0.01 s
wall time for grad    0.01 s
 E :    -50.45856175  G :  0.000292    pred/act E change: -0.588D-06 -0.392D-06
Maxdispl :   0.0074   ||displ|| :   0.0117   Lambda : -0.307D-06
Largest |displ|/coords:  0.0074 (   2)  0.0046 (   3)  0.0046 (   1)
................................................................................
.............................. CYCLE   65 ......................................
................................................................................
   1    -50.7383360 -0.507383E+02  0.568E-03    9.23       0.0  T
   2    -50.7383360 -0.592259E-08  0.425E-03    9.23       4.6  T
   3    -50.7383361 -0.453241E-08  0.499E-04    9.23      39.3  T
   4    -50.7383361 -0.782514E-09  0.188E-04    9.23     104.6  T
speedup  1.05
cpu  time for SCC    0.00 s
wall time for SCC    0.00 s
speedup  0.96
cpu  time for grad    0.01 s
wall time for grad    0.01 s
 E :    -50.45856197  G :  0.000177    pred/act E change: -0.295D-06 -0.215D-06
Maxdispl :   0.0081   ||displ|| :   0.0126   Lambda : -0.191D-06
Largest |displ|/coords:  0.0081 (   2)  0.0054 (   3)  0.0053 (   1)
................................................................................
.............................. CYCLE   66 ......................................
................................................................................
   1    -50.7383494 -0.507383E+02  0.588E-03    9.23       0.0  T
   2    -50.7383494 -0.615534E-08  0.439E-03    9.23       4.5  T
   3    -50.7383494 -0.495965E-08  0.558E-04    9.23      35.2  T
   4    -50.7383494 -0.742688E-09  0.169E-04    9.23     116.2  T
speedup  1.08
cpu  time for SCC    0.00 s
wall time for SCC    0.00 s
speedup  0.98
cpu  time for grad    0.01 s
wall time for grad    0.01 s
 E :    -50.45856210  G :  0.000128    pred/act E change: -0.154D-06 -0.129D-06
Maxdispl :   0.0046   ||displ|| :   0.0068   Lambda : -0.105D-06
Largest |displ|/coords:  0.0046 (   1)  0.0033 (   2)  0.0027 (   8)
................................................................................
.............................. CYCLE   67 ......................................
................................................................................
   1    -50.7383840 -0.507384E+02  0.376E-03    9.23       0.0  T
   2    -50.7383840 -0.309568E-08  0.279E-03    9.23       7.0  T
   3    -50.7383840 -0.214290E-08  0.411E-04    9.23      47.7  T
   4    -50.7383840 -0.425025E-09  0.113E-04    9.23     174.3  T
speedup  1.08
cpu  time for SCC    0.00 s
wall time for SCC    0.00 s
speedup  0.99
cpu  time for grad    0.01 s
wall time for grad    0.01 s
 E :    -50.45856218  G :  0.000145    pred/act E change: -0.957D-07 -0.785D-07
Maxdispl :   0.0064   ||displ|| :   0.0120   Lambda : -0.115D-06
Largest |displ|/coords:  0.0064 (   2)  0.0062 (   1)  0.0052 (   3)

   *** GEOMETRY OPTIMIZATION CONVERGED AFTER 67 ITERATIONS ***

------------------------------------------------------------------------
 total energy gain (kcal):     -0.0129
------------------------------------------------------------------------
================
 final structure:
================
$coord
       -0.27798250337649        0.26882701242292       -2.03036321760498      S 
        0.57473937344363       -2.30133879887501       -1.29334204449939      O 
        1.78622663631999        2.06633774962596       -2.00686342947048      O 
       -1.68876453278461        0.18959461330848       -4.36435496108416      O 
       -2.22571438602020        1.03376281319270        0.05014233097686      O 
        4.05644456996148       -0.11125393171162        4.73765857399925      O 
        5.38032275914812        0.87075974127838        5.48948070781960      H 
        2.25830641962208        6.15159618845118        0.90725919203888      O 
        2.27155551964595        4.75867682783232       -0.31029726953805      H 
        1.37179526121597        7.51088999082796        0.10408683484879      H 
       -5.41898458113608       -2.93799469100475       -4.62761182726661      O 
       -5.08263247043631       -3.94181784495113       -6.09839967508859      H 
       -4.13348004643322       -1.56027003146098       -4.66021346520808      H 
       -0.01005104278838        2.72521862157807        3.88589840299603      O 
        1.38812086559436        1.57607265483411        4.34259763241797      H 
        0.80951414141869        4.22260165280874        3.16740739223414      H 
       -1.31557719905215        1.72264800406195        1.64391922432622      H 
        5.33075377462028       -0.95457595234789       -0.04627664569269      O 
        4.17213260818426       -2.30664296159767       -0.45021093129172      H 
        4.53593991253470        0.49408606713098       -0.85441089714285      H 
        4.64236668706597       -0.51641006172274        3.00898353888700      H 
       -3.73462976369963       -3.86305611094632       -0.06647916542178      N 
       -1.72895911257881       -3.40806374979035       -0.53865706175515      H 
       -4.67802148994762       -3.81312335204629       -1.83693164286021      H 
       -3.95404290606554       -5.52206621583330        0.86914187468977      H 
       -4.32937851345218       -2.35445829167374        0.97783652863624      H 
$end
 
 Bond Distances (Angstroems)
 ---------------------------
S1-O2=1.4851         S1-O3=1.4485         S1-O4=1.4438         S1-O5=1.5615         O2-S1=1.4851         O3-S1=1.4485         
O4-S1=1.4438         O5-S1=1.5615         O5-H17=1.0374        O6-H7=0.9587         O6-H21=0.9894        H7-O6=0.9587         
O8-H9=0.9790         O8-H10=0.9582        H9-O8=0.9790         H10-O8=0.9582        O11-H12=0.9590       O11-H13=0.9973       
H12-O11=0.9590       H13-O11=0.9973       O14-H15=0.9877       O14-H16=0.9801       H15-O14=0.9877       H16-O14=0.9801       
H17-O5=1.0374        O18-H19=0.9662       O18-H20=0.9734       H19-O18=0.9662       H20-O18=0.9734       H21-O6=0.9894        
N22-H23=1.1166       N22-H24=1.0619       N22-H25=1.0146       N22-H26=1.0207       H23-N22=1.1166       H24-N22=1.0619       
H25-N22=1.0146       H26-N22=1.0207       
 N  H  Rav=1.0534 sigma=0.0408  Rmin=1.0146  Rmax=1.1166     4
 O  H  Rav=0.9806 sigma=0.0220  Rmin=0.9582  Rmax=1.0374    11
 S  O  Rav=1.4847 sigma=0.0471  Rmin=1.4438  Rmax=1.5615     4
 
 selected bond angles (degree)
 --------------------
O3-S1-O2=111.72                O4-S1-O2=110.80                O4-S1-O3=114.60                O5-S1-O2=104.64                
O5-S1-O3=108.75                O5-S1-O4=105.63                H17-O5-S1=110.97               H21-O6-H7=105.79               
H10-O8-H9=106.07               
 
 selected dihedral angles (degree)
 ---------------------------------
H17-O5-S1-O2= 82.16           H17-O5-S1-O3=322.65           H17-O5-S1-O4=199.18           
 
 CMA Distance (Angstroems)
 ---------------------------
R(CMA):  1.4843

========================================================================
 FINAL SINGLEPOINT CALCULATION ON OPTIMIZED GEOMETRY
========================================================================

 Ncao       : 65
 Nao        : 64
 Nshell     : 38
 Nel        : 80
 T(el)      :   300.0
 intcut     :    25.0
 scfconv/Eh :  0.100E-05
   qconv/e  :  0.100E-03
 intneglect :  0.100E-07
 broydamp   :      0.250
 iter      E             dE          RMSdq      gap      omega  full diag
   1    -50.7383840 -0.507384E+02  0.473E-05    9.23       0.0  T
   2    -50.7383840 -0.169109E-11  0.315E-05    9.23     623.2  T
   3    -50.7383840 -0.966338E-12  0.685E-06    9.23    2863.3  T
speedup  1.11
cpu  time for SCC    0.00 s
wall time for SCC    0.00 s

   *** convergence criteria satisfied after 3 iterations ***

          eigenvalues
 #    :          28         29         30         31         32         33         34         35
 occ. :        2.000      2.000      2.000      2.000      2.000      2.000      2.000      2.000
 eps  :       -13.360    -13.025    -12.511    -12.461    -12.292    -12.224    -11.982    -11.955
 #    :          36         37         38         39         40         41         42         43
 occ. :        2.000      2.000      2.000      2.000      2.000      0.000      0.000      0.000
 eps  :       -11.854    -11.755    -11.748    -11.693    -11.595     -2.366     -1.042     -0.202
 #    :          44         45         46         47         48         49         50         51
 occ. :        0.000      0.000      0.000      0.000      0.000      0.000      0.000      0.000
 eps  :         0.928      1.022      1.471      2.201      2.523      3.640      4.197      4.480


   #   Z            q   n(s)   n(p)   n(d)      C6AA      α(0)
   1  16 S      1.684  1.585  1.784  0.946    89.124    15.889
   2   8 O     -0.752  1.778  4.974  0.000    30.092     7.357
   3   8 O     -0.734  1.764  4.971  0.000    29.659     7.302
   4   8 O     -0.726  1.766  4.959  0.000    29.418     7.272
   5   8 O     -0.674  1.769  4.905  0.000    26.999     7.014
   6   8 O     -0.620  1.753  4.866  0.000    25.667     6.838
   7   1 H      0.284  0.716  0.000  0.000     0.771     1.379
   8   8 O     -0.607  1.744  4.863  0.000    25.355     6.796
   9   1 H      0.326  0.674  0.000  0.000     0.647     1.263
  10   1 H      0.283  0.717  0.000  0.000     0.773     1.381
  11   8 O     -0.609  1.744  4.865  0.000    25.408     6.803
  12   1 H      0.291  0.709  0.000  0.000     0.747     1.358
  13   1 H      0.342  0.658  0.000  0.000     0.608     1.225
  14   8 O     -0.627  1.766  4.860  0.000    25.813     6.858
  15   1 H      0.337  0.663  0.000  0.000     0.621     1.238
  16   1 H      0.332  0.668  0.000  0.000     0.633     1.250
  17   1 H      0.384  0.616  0.000  0.000     0.511     1.121
  18   8 O     -0.606  1.744  4.862  0.000    25.332     6.793
  19   1 H      0.304  0.696  0.000  0.000     0.709     1.323
  20   1 H      0.313  0.687  0.000  0.000     0.682     1.297
  21   1 H      0.331  0.669  0.000  0.000     0.637     1.253
  22   7 N     -0.349  1.275  4.074  0.000    28.972     7.994
  23   1 H      0.310  0.690  0.000  0.000     0.680     1.289
  24   1 H      0.295  0.705  0.000  0.000     0.729     1.337
  25   1 H      0.233  0.767  0.000  0.000     0.954     1.530
  26   1 H      0.254  0.746  0.000  0.000     0.866     1.458

 Mol. C6AA /au·bohr⁶  :       5453.248572
 Mol. C8AA /au·bohr⁸  :     118017.761273
 Mol. α(0) /au        :        106.620567

 
 Wiberg/Mayer (AO) data. WBOs > 0.1 written file <wbo>
 largest (>0.05) Wiberg bond orders for each atom
           total WBO             WBO to atom ...
     1  S   4.850    O    4 1.345    O    3 1.323    O    2 1.178    O    5 0.959
     2  O   1.763    S    1 1.178    H   23 0.203    O    4 0.104    O    3 0.094    O    5 0.077    N   22 0.074
     3  O   1.737    S    1 1.323    O    4 0.102    O    2 0.094    O    5 0.083    H    9 0.051
     4  O   1.746    S    1 1.345    O    2 0.104    O    3 0.102    H   13 0.083    O    5 0.070
     5  O   1.917    S    1 0.959    H   17 0.649    O    3 0.083    O    2 0.077    O    4 0.070    O   14 0.058
     6  O   1.871    H    7 0.917    H   21 0.810    H   15 0.073
     7  H   0.919    O    6 0.917
     8  O   1.864    H   10 0.916    H    9 0.839    H   16 0.055
     9  H   0.893    O    8 0.839    O    3 0.051
    10  H   0.920    O    8 0.916
    11  O   1.914    H   12 0.909    H   13 0.796    H   24 0.113    N   22 0.054
    12  H   0.915    O   11 0.909
    13  H   0.883    O   11 0.796    O    4 0.083
    14  O   1.962    H   16 0.833    H   15 0.811    H   17 0.187    O    5 0.058
    15  H   0.887    O   14 0.811    O    6 0.073
    16  H   0.890    O   14 0.833    O    8 0.055
    17  H   0.852    O    5 0.649    O   14 0.187
    18  O   1.893    H   19 0.885    H   20 0.858    H   21 0.079
    19  H   0.908    O   18 0.885
    20  H   0.902    O   18 0.858
    21  H   0.891    O    6 0.810    O   18 0.079
    22  N   3.502    H   25 0.942    H   26 0.921    H   24 0.796    H   23 0.692    O    2 0.074    O   11 0.054
    23  H   0.904    N   22 0.692    O    2 0.203
    24  H   0.913    N   22 0.796    O   11 0.113
    25  H   0.946    N   22 0.942
    26  H   0.935    N   22 0.921
 MOs/occ written to file <molden.input>
 
molecular dipole:
                 x           y           z       tot (Debye)
 q only:       -1.709      -1.763       0.700
   full:       -1.507      -1.530       0.243       5.494
molecular quadrupole (traceless):
                xx          xy          yy          xz          yz          zz
 q only:       -2.635      13.076      12.033       0.249       2.063      -9.398
  q+dip:       -6.008      13.075      14.280       0.320       1.338      -8.272
   full:       -6.202      13.254      14.562       0.368       1.563      -8.361

SCC energy    :     -50.7383840
rep           :       0.2796227
ES            :       0.2664111
AES           :      -0.0711420
AXC           :      -0.0091667
disp          :      -0.0189713
XB            :       0.0000000
fix           :       0.0000000
total E       :     -50.4585622
atomizationE  :       4.9888663     3130.56
(atE without considering molecular charge,
 total energy contains solvation terms)
H-L gap (eV)  :          9.2290
optimized geometry written to: xtbopt.xyz


------------------------------------------------------------------------
 * finished run on 2019/09/16 at 11:40:17.668     
------------------------------------------------------------------------
 total:
 * wall-time:     0 d,  0 h,  0 min,  1.622 sec
 *  cpu-time:     0 d,  0 h,  0 min,  1.605 sec
 * ratio c/w:     0.989 speedup
 SCF:
 * wall-time:     0 d,  0 h,  0 min,  0.141 sec
 *  cpu-time:     0 d,  0 h,  0 min,  0.138 sec
 * ratio c/w:     0.979 speedup
 ANC optimizer:
 * wall-time:     0 d,  0 h,  0 min,  1.457 sec
 *  cpu-time:     0 d,  0 h,  0 min,  1.446 sec
 * ratio c/w:     0.992 speedup

