      -----------------------------------------------------------      
     |                   =====================                   |     
     |                           x T B                           |     
     |                   =====================                   |     
     |                         S. Grimme                         |     
     |          Mulliken Center for Theoretical Chemistry        |     
     |                    University of Bonn                     |     
     |                 Version 6.0.1 (SAW181210)                 |     
      -----------------------------------------------------------      

   This program is distributed in the hope that it will be useful,
   but WITHOUT ANY WARRANTY; without even the implied warranty of
   MERCHANTABILITY or FITNESS FOR A PARTICULAR PURPOSE.
   
   FOR NON-COMMERCIAL, ACADEMIA USE ONLY.
   
   Cite this work as:
   S. Grimme, C. Bannwarth, P. Shushkov, J. Comput. Theory Chem., 2017,
   13, 1989-2009.
   C. Bannwarth, S. Ehlert and S. Grimme., ChemRxiv, 2018, preprint.
   http://doi.org/10.26434/chemrxiv.7246238.v1
   
   for sTDA-xTB:
   S. Grimme and C. Bannwarth, J. Chem. Phys., 2016, 145, 054103.
   
   in the mass-spec context:
   V. Asgeirsson, C. Bauer and S. Grimme, Chem. Sci., 2017, 8, 4879.
   
   if GBSA is used:
   P. Shushkov, F. März and S. Grimme, unpublished.
   
   for ANC optimizer:
   S. Grimme, unpublished.
   Rational Function algorithm used in ANCopt:
   F. Eckert, P. Pulay, H.-J. Werner, J. Comput. Chem., 1997, 18, 1473.
   
   with help from (in alphabetical order)
   C. Bannwarth, F. Bohle, G. Brandenburg, E. Caldeweyher, M. Checinski,
   S. Dohm, S. Ehlert, S. Ehrlich, F. März, H. Neugebauer, J. Pisarek,
   P. Pracht, P. Shushkov, and S. Spicher.
   
 * started run on 2019/09/16 at 11:46:55.762     
========================================================================
 # omp threads = 1
========================================================================
number of atoms            : 26
number of electrons        : 80
charge                     : 0
spin                       : .0
first test random number   : .1106

########################################################################
# WARNING! Please study the warnings concerning your input carefully
#  - XTBPATH is not set, using XTBHOME instead
#  - the use of '-opt' is discouraged, please use '--opt' next time
#  - the use of '-chrg' is discouraged, please use '--chrg' next time
#  - the use of '-uhf' is discouraged, please use '--uhf' next time
########################################################################

           ------------------------------------------------- 
          |                 G F N 2 - x T B                 |
          | Geometry, Frequencies, Noncovalent interactions |
          |            JCTC 2018 parametrisation            |
           ------------------------------------------------- 
      method parameters     
 k(s)        :  1.8500
 k(p)        :  2.2300
 k(d)        :  2.2300
 k(f)        :  2.0000
 kEN (H0ij)  : -2.0000
 D4 a1       :  0.5200
 D4 a2       :  5.0000
 D4 s6       :  1.0000
 D4 s8       :  2.7000
 D4 s9       :  5.0000
 alphaj      :  2.0000


            Z     q(EN)     CN     RAES       Cart. coordinates
     1  S   6.0    0.68    4.13    3.92     0.08272     2.09012    -2.25604
     2  O   6.0   -0.31    1.22    1.80     0.12827     2.98989     0.41163
     3  O   6.0   -0.30    1.20    1.80    -1.11497     4.04832    -3.88671
     4  O   6.0   -0.33    1.23    1.80     2.71677     1.62098    -3.13343
     5  O   6.0   -0.31    1.22    1.80    -1.39919    -0.29873    -2.41565
     6  O   6.0   -0.36    1.51    1.80    -5.42737    -0.55226     4.24353
     7  H   1.0    0.18    0.94    1.42    -7.09461    -0.10706     4.95476
     8  O   6.0   -0.40    1.64    1.81     0.65257    -3.45804     3.11498
     9  H   1.0    0.17    0.95    1.42     1.06765    -4.71402     4.43179
    10  O   6.0   -0.22    2.90    2.53     2.81720     5.65883    -6.20586
    11  H   1.0    0.15    1.05    1.44     0.97986     5.52239    -5.89700
    12  H   1.0    0.12    0.96    1.43     3.52040     7.26096    -5.55111
    13  H   1.0    0.14    1.00    1.43     3.74706     4.17213    -5.56041
    14  O   6.0   -0.22    2.94    2.64    -1.05734     0.58523     4.51581
    15  H   1.0    0.16    1.06    1.44    -0.63770     1.86345     3.21970
    16  H   1.0    0.17    1.20    1.46    -2.90134     0.33724     4.68367
    17  H   1.0    0.16    1.15    1.45    -0.15912    -1.02714     4.22434
    18  O   6.0   -0.23    2.94    2.64    -3.44604    -3.09077     1.07736
    19  H   1.0    0.16    1.04    1.44    -3.14696    -2.11110    -0.48490
    20  H   1.0    0.16    1.16    1.45    -1.84861    -3.60224     1.89993
    21  H   1.0    0.17    1.20    1.46    -4.58405    -2.19449     2.25768
    22  N   5.0   -0.14    3.96    2.75     3.42096    -2.99873    -0.72881
    23  H   1.0    0.09    0.99    1.43     2.79714    -4.32261    -2.01047
    24  H   1.0    0.11    1.10    1.44     3.28568    -1.22337    -1.51255
    25  H   1.0    0.13    1.17    1.46     2.32565    -3.08401     0.87664
    26  H   1.0    0.08    0.99    1.43     5.27535    -3.36494    -0.26887

  Z AO/shell   Hii/eV     exponent
  1     Wed Apr 25 08:07:45 CEST 2018   EN: 2.200 GM2: 0.406  GM3: 0.0800  RAES: 1.40
     1s    -10.707211    1.230000
  7     Wed Apr 25 08:07:45 CEST 2018   EN: 3.040 GM2: 0.461  GM3:-0.0640  RAES: 1.90
     2s    -16.686243    2.339881
     2p    -12.523956    2.014332
  8     Wed Apr 25 08:07:45 CEST 2018   EN: 3.440 GM2: 0.452  GM3:-0.0517  RAES: 1.80
     2s    -20.229985    2.439742
     2p    -15.503117    2.137023
 16     Tue Apr 24 11:44:34 CEST 2018   EN: 2.580 GM2: 0.340  GM3:-0.0502  RAES: 3.10
     3s    -20.029654    1.981333
     3p    -11.377694    2.025643
     3d     -0.420282    1.702555
 no old-style atom pair restraining (fixing) potential

molecular fragmentation (1/2 indicates fragments):
11111222222222222222222222
# atoms in fragment 1/2:     5    21
 fragment masses (1/2) :       96.06      109.12
CMA distance (Bohr)    :   4.201
constraining FC (au)   :  0.0500
           ------------------------------------------------- 
          |        Self-Consistent Charge Iterations        |
           ------------------------------------------------- 

 Ncao       : 65
 Nao        : 64
 Nshell     : 38
 Nel        : 80
 T(el)      :   300.0
 intcut     :    25.0
 scfconv/Eh :  0.100E-05
   qconv/e  :  0.100E-03
 intneglect :  0.100E-07
 broydamp   :      0.250
 iter      E             dE          RMSdq      gap      omega  full diag
   1    -50.4692158 -0.504692E+02  0.706E+00   10.29       0.0  T
   2    -50.5126582 -0.434424E-01  0.509E+00    9.48       1.0  T
   3    -50.5523132 -0.396550E-01  0.112E+00    4.38       1.0  T
   4    -50.5561051 -0.379184E-02  0.575E-01    4.84       1.0  T
   5    -50.5569177 -0.812655E-03  0.245E-01    4.82       1.0  T
   6    -50.5571839 -0.266144E-03  0.122E-01    4.93       1.0  T
   7    -50.5572734 -0.895711E-04  0.418E-02    4.99       1.0  T
   8    -50.5572805 -0.710608E-05  0.269E-02    5.00       1.0  T
   9    -50.5572847 -0.419568E-05  0.707E-03    5.01       2.8  T
  10    -50.5572849 -0.189643E-06  0.179E-03    5.02      10.9  T
  11    -50.5572849 -0.133835E-07  0.808E-04    5.02      24.3  T
  12    -50.5572849 -0.227666E-08  0.345E-04    5.02      56.8  T
speedup  1.02
cpu  time for SCC    0.01 s
wall time for SCC    0.01 s

   *** convergence criteria satisfied after 12 iterations ***

          eigenvalues
 #    :          28         29         30         31         32         33         34         35
 occ. :        2.000      2.000      2.000      2.000      2.000      2.000      2.000      2.000
 eps  :       -10.996    -10.748    -10.693    -10.358    -10.310    -10.101    -10.032     -9.946
 #    :          36         37         38         39         40         41         42         43
 occ. :        2.000      2.000      2.000      2.000      2.000      0.000      0.000      0.000
 eps  :        -9.680     -9.475     -9.399     -8.181     -7.720     -2.704     -1.177     -0.022
 #    :          44         45         46         47         48         49         50         51
 occ. :        0.000      0.000      0.000      0.000      0.000      0.000      0.000      0.000
 eps  :         1.335      2.119      2.406      2.788      3.180      3.645      3.831      4.650


   #   Z            q   n(s)   n(p)   n(d)      C6AA      α(0)
   1  16 S      1.475  1.608  1.913  1.005    94.061    16.323
   2   8 O     -0.778  1.777  5.001  0.000    30.934     7.457
   3   8 O     -0.782  1.779  5.002  0.000    31.041     7.470
   4   8 O     -0.821  1.776  5.044  0.000    32.219     7.610
   5   8 O     -0.780  1.773  5.007  0.000    30.995     7.464
   6   8 O     -0.895  1.813  5.082  0.000    34.562     7.884
   7   1 H      0.170  0.830  0.000  0.000     1.290     1.784
   8   8 O     -0.842  1.824  5.019  0.000    32.872     7.688
   9   1 H      0.204  0.796  0.000  0.000     1.096     1.645
  10   8 O     -0.365  1.629  4.736  0.000    20.123     6.058
  11   1 H      0.429  0.571  0.000  0.000     0.435     1.036
  12   1 H      0.385  0.615  0.000  0.000     0.513     1.125
  13   1 H      0.419  0.581  0.000  0.000     0.451     1.055
  14   8 O     -0.484  1.669  4.815  0.000    22.486     6.404
  15   1 H      0.385  0.615  0.000  0.000     0.514     1.126
  16   1 H      0.401  0.599  0.000  0.000     0.477     1.082
  17   1 H      0.384  0.616  0.000  0.000     0.511     1.121
  18   8 O     -0.482  1.668  4.814  0.000    22.459     6.400
  19   1 H      0.385  0.615  0.000  0.000     0.514     1.126
  20   1 H      0.387  0.613  0.000  0.000     0.505     1.115
  21   1 H      0.402  0.598  0.000  0.000     0.475     1.080
  22   7 N     -0.289  1.256  4.033  0.000    27.425     7.778
  23   1 H      0.246  0.754  0.000  0.000     0.899     1.486
  24   1 H      0.294  0.706  0.000  0.000     0.730     1.338
  25   1 H      0.323  0.677  0.000  0.000     0.646     1.258
  26   1 H      0.228  0.772  0.000  0.000     0.972     1.545

 Mol. C6AA /au·bohr⁶  :       5566.154037
 Mol. C8AA /au·bohr⁸  :     121142.086939
 Mol. α(0) /au        :        107.460973

 
 Wiberg/Mayer (AO) data. WBOs > 0.1 written file <wbo>
 largest (>0.05) Wiberg bond orders for each atom
           total WBO             WBO to atom ...
     1  S   5.021    O    5 1.271    O    2 1.269    O    3 1.249    O    4 1.194
     2  O   1.670    S    1 1.269    O    5 0.106    O    4 0.091    O    3 0.091    H   15 0.080
     3  O   1.686    S    1 1.249    H   11 0.110    O    4 0.093    O    2 0.091    O    5 0.089
     4  O   1.658    S    1 1.194    O    3 0.093    O    2 0.091    O    5 0.089    H   24 0.076    H   13 0.051
     5  O   1.665    S    1 1.271    O    2 0.106    O    4 0.089    O    3 0.089    H   19 0.074
     6  O   1.444    H    7 0.945    H   21 0.187    H   16 0.186    O   14 0.057    O   18 0.057
     7  H   0.971    O    6 0.945
     8  O   1.626    H    9 0.947    H   25 0.168    H   17 0.159    H   20 0.159    N   22 0.070    O   14 0.056    O   18 0.055
     9  H   0.958    O    8 0.947
    10  O   2.370    H   12 0.844    H   13 0.765    H   11 0.697
    11  H   0.816    O   10 0.697    O    3 0.110
    12  H   0.851    O   10 0.844
    13  H   0.824    O   10 0.765    O    4 0.051
    14  O   2.260    H   15 0.761    H   17 0.689    H   16 0.646    O    6 0.057    O    8 0.056
    15  H   0.852    O   14 0.761    O    2 0.080
    16  H   0.839    O   14 0.646    O    6 0.186
    17  H   0.852    O   14 0.689    O    8 0.159
    18  O   2.261    H   19 0.768    H   20 0.687    H   21 0.644    O    6 0.057    O    8 0.055
    19  H   0.852    O   18 0.768    O    5 0.074
    20  H   0.850    O   18 0.687    O    8 0.159
    21  H   0.838    O   18 0.644    O    6 0.187
    22  N   3.546    H   26 0.943    H   23 0.935    H   24 0.829    H   25 0.721    O    8 0.070
    23  H   0.940    N   22 0.935
    24  H   0.913    N   22 0.829    O    4 0.076
    25  H   0.896    N   22 0.721    O    8 0.168
    26  H   0.948    N   22 0.943
 MOs/occ written to file <molden.input>
 
molecular dipole:
                 x           y           z       tot (Debye)
 q only:        4.961       0.025      -2.581
   full:        4.911       0.059      -2.426      13.923
molecular quadrupole (traceless):
                xx          xy          yy          xz          yz          zz
 q only:      -11.927      10.131      16.743     -10.394     -19.315      -4.816
  q+dip:       -8.985       7.795      17.196     -11.651     -19.705      -8.212
   full:       -8.593       7.484      17.051     -11.771     -19.723      -8.458

SCC energy    :     -50.5572849
rep           :       0.2685685
ES            :       0.4274651
AES           :      -0.0781956
AXC           :      -0.0099396
disp          :      -0.0187254
XB            :       0.0000000
fix           :       0.0000000
total E       :     -50.2885674
atomizationE  :       4.8188716     3023.89
(atE without considering molecular charge,
 total energy contains solvation terms)
H-L gap (eV)  :          5.0165
           ------------------------------------------------- 
          |                 ===============                 |
          |                   A N C O P T                   |
          |                 ===============                 |
          |          Approximate Normal Coordinate          |
          |           Rational Function Optimizer           |
           ------------------------------------------------- 
dumping coords to <xtbopt.coord> and <xtbopt.log>
 optlevel               2
 Maxcycle             520
 Maxmicro              25
 Econv         1.000000000000000E-007
 Gconv         2.000000000000000E-004
 Maxdispl       1.00000000000000     
 Hlow          5.000000000000000E-003
 S6             20.0000000000000     
 Nvar               72

generating ANC from model Hessian ...
 Shifting diagonal of input Hessian by   4.914057749872700E-003
 Lowest  eigenvalues of input Hessian
   -0.000000   -0.000000   -0.000000    0.000000    0.000000    0.000000
    0.005000    0.005549    0.005810    0.006837    0.007070    0.007367
    0.007875    0.009230    0.009474    0.009595    0.010258    0.011358
 Highest eigenvalues
    1.572176    1.592568    1.597385    3.081306    3.084626    3.088984
 
cpu  time for ANC gen    0.01 s
wall time for ANC gen    0.01 s
................................................................................
.............................. CYCLE    1 ......................................
................................................................................
   1    -50.5572849 -0.505573E+02  0.815E-05    5.02       0.0  T
   2    -50.5572849 -0.176712E-10  0.651E-05    5.02     301.3  T
   3    -50.5572849 -0.134719E-10  0.333E-05    5.02     588.9  T
speedup  0.69
cpu  time for SCC    0.00 s
wall time for SCC    0.00 s
speedup  0.98
cpu  time for grad    0.01 s
wall time for grad    0.01 s
 E :    -50.28856739  G :  0.212971    pred/act E change:  0.000D+00  0.199D-07
Maxdispl :   0.2227   ||displ|| :   0.4546   Lambda : -0.559D-01
Largest |displ|/coords:  0.2227 (  17)  0.1563 (  28)  0.1416 (  56)
................................................................................
.............................. CYCLE    2 ......................................
................................................................................
   1    -50.5774494 -0.505774E+02  0.399E-01    5.67       0.0  T
   2    -50.5778463 -0.396956E-03  0.295E-01    5.84       1.0  T
   3    -50.5780293 -0.182914E-03  0.864E-02    6.18       1.0  T
   4    -50.5780604 -0.311360E-04  0.254E-02    6.16       1.0  T
   5    -50.5780615 -0.110602E-05  0.815E-03    6.15       2.4  T
   6    -50.5780616 -0.123639E-06  0.441E-03    6.15       4.5  T
   7    -50.5780617 -0.684977E-07  0.176E-03    6.15      11.2  T
speedup  1.13
cpu  time for SCC    0.01 s
wall time for SCC    0.01 s
speedup  1.01
cpu  time for grad    0.01 s
wall time for grad    0.01 s
 E :    -50.33540039  G :  0.135622    pred/act E change:  0.000D+00 -0.468D-01
Maxdispl :   0.2325   ||displ|| :   0.5361   Lambda : -0.371D-01
Largest |displ|/coords:  0.2325 (  17)  0.1765 (  19)  0.1746 (  28)
................................................................................
.............................. CYCLE    3 ......................................
................................................................................
   1    -50.5928522 -0.505929E+02  0.421E-01    6.68       0.0  T
   2    -50.5936853 -0.833088E-03  0.304E-01    6.86       1.0  T
   3    -50.5940683 -0.382955E-03  0.125E-01    7.15       1.0  T
   4    -50.5940942 -0.259563E-04  0.366E-02    7.16       1.0  T
   5    -50.5940965 -0.225028E-05  0.124E-02    7.16       1.6  T
   6    -50.5940968 -0.296092E-06  0.659E-03    7.15       3.0  T
   7    -50.5940969 -0.130466E-06  0.242E-03    7.15       8.1  T
   8    -50.5940969 -0.286669E-07  0.846E-04    7.15      23.2  T
speedup  0.99
cpu  time for SCC    0.01 s
wall time for SCC    0.01 s
speedup  1.01
cpu  time for grad    0.01 s
wall time for grad    0.01 s
 E :    -50.36696072  G :  0.103111    pred/act E change: -0.337D-01 -0.316D-01
Maxdispl :   0.2477   ||displ|| :   0.5394   Lambda : -0.248D-01
Largest |displ|/coords:  0.2477 (  19)  0.2074 (  12)  0.1601 (  15)
................................................................................
.............................. CYCLE    4 ......................................
................................................................................
   1    -50.6059763 -0.506060E+02  0.452E-01    7.37       0.0  T
   2    -50.6072429 -0.126653E-02  0.323E-01    7.54       1.0  T
   3    -50.6077989 -0.556030E-03  0.157E-01    7.76       1.0  T
   4    -50.6078274 -0.285445E-04  0.509E-02    7.79       1.0  T
   5    -50.6078320 -0.452397E-05  0.152E-02    7.79       1.3  T
   6    -50.6078323 -0.374445E-06  0.771E-03    7.79       2.5  T
   7    -50.6078325 -0.137597E-06  0.258E-03    7.79       7.6  T
   8    -50.6078325 -0.273342E-07  0.906E-04    7.79      21.7  T
speedup  0.99
cpu  time for SCC    0.01 s
wall time for SCC    0.01 s
speedup  1.01
cpu  time for grad    0.01 s
wall time for grad    0.01 s
 E :    -50.38746564  G :  0.087755    pred/act E change: -0.239D-01 -0.205D-01
Maxdispl :   0.2037   ||displ|| :   0.4587   Lambda : -0.154D-01
Largest |displ|/coords:  0.2037 (  12)  0.1538 (  15)  0.1372 (   1)
................................................................................
.............................. CYCLE    5 ......................................
................................................................................
   1    -50.6187277 -0.506187E+02  0.445E-01    7.96       0.0  T
   2    -50.6197127 -0.985044E-03  0.313E-01    8.14       1.0  T
   3    -50.6201380 -0.425275E-03  0.141E-01    8.39       1.0  T
   4    -50.6201641 -0.260411E-04  0.446E-02    8.41       1.0  T
   5    -50.6201683 -0.419822E-05  0.118E-02    8.40       1.7  T
   6    -50.6201685 -0.230693E-06  0.664E-03    8.40       3.0  T
   7    -50.6201686 -0.917749E-07  0.219E-03    8.40       9.0  T
   8    -50.6201686 -0.181735E-07  0.797E-04    8.40      24.6  T
speedup  0.99
cpu  time for SCC    0.01 s
wall time for SCC    0.01 s
speedup  1.01
cpu  time for grad    0.01 s
wall time for grad    0.01 s
 E :    -50.40014515  G :  0.079918    pred/act E change: -0.160D-01 -0.127D-01
Maxdispl :   0.1562   ||displ|| :   0.3634   Lambda : -0.113D-01
Largest |displ|/coords:  0.1562 (  10)  0.1363 (   3)  0.1097 (  15)
................................................................................
.............................. CYCLE    6 ......................................
................................................................................
   1    -50.6411080 -0.506411E+02  0.301E-01    8.73       0.0  T
   2    -50.6414799 -0.371922E-03  0.219E-01    8.80       1.0  T
   3    -50.6416386 -0.158702E-03  0.997E-02    8.91       1.0  T
   4    -50.6416512 -0.125334E-04  0.276E-02    8.93       1.0  T
   5    -50.6416530 -0.184989E-05  0.796E-03    8.93       2.5  T
   6    -50.6416531 -0.860989E-07  0.413E-03    8.93       4.8  T
   7    -50.6416531 -0.309686E-07  0.139E-03    8.93      14.1  T
speedup  0.95
cpu  time for SCC    0.01 s
wall time for SCC    0.01 s
speedup  0.99
cpu  time for grad    0.01 s
wall time for grad    0.01 s
 E :    -50.40763743  G :  0.067495    pred/act E change: -0.933D-02 -0.749D-02
Maxdispl :   0.1822   ||displ|| :   0.4636   Lambda : -0.117D-01
Largest |displ|/coords:  0.1822 (  12)  0.1715 (  11)  0.1651 (  10)
................................................................................
.............................. CYCLE    7 ......................................
................................................................................
   1    -50.6347944 -0.506348E+02  0.644E-01    8.81       0.0  T
   2    -50.6357405 -0.946038E-03  0.452E-01    9.04       1.0  T
   3    -50.6361338 -0.393318E-03  0.148E-01    9.25       1.0  T
   4    -50.6361905 -0.567703E-04  0.289E-02    9.25       1.0  T
   5    -50.6361923 -0.174972E-05  0.126E-02    9.24       1.6  T
   6    -50.6361934 -0.106880E-05  0.668E-03    9.24       2.9  T
   7    -50.6361934 -0.743649E-07  0.138E-03    9.24      14.2  T
   8    -50.6361934 -0.936110E-08  0.528E-04    9.24      37.1  T
speedup  1.00
cpu  time for SCC    0.01 s
wall time for SCC    0.01 s
speedup  0.95
cpu  time for grad    0.01 s
wall time for grad    0.01 s
 E :    -50.41133227  G :  0.096088    pred/act E change: -0.638D-02 -0.369D-02
Maxdispl :   0.1688   ||displ|| :   0.4192   Lambda : -0.186D-01
Largest |displ|/coords:  0.1688 (  10)  0.1363 (  13)  0.1361 (  11)
................................................................................
.............................. CYCLE    8 ......................................
................................................................................
   1    -50.6629857 -0.506630E+02  0.579E-01    9.33       0.0  T
   2    -50.6632800 -0.294279E-03  0.430E-01    9.33       1.0  T
   3    -50.6634911 -0.211144E-03  0.937E-02    9.34       1.0  T
   4    -50.6635212 -0.300499E-04  0.222E-02    9.35       1.0  T
   5    -50.6635223 -0.114188E-05  0.107E-02    9.35       1.8  T
   6    -50.6635224 -0.928416E-07  0.472E-03    9.35       4.2  T
   7    -50.6635225 -0.689816E-07  0.106E-03    9.35      18.6  T
speedup  0.98
cpu  time for SCC    0.01 s
wall time for SCC    0.01 s
speedup  1.00
cpu  time for grad    0.01 s
wall time for grad    0.01 s
 E :    -50.41506980  G :  0.072304    pred/act E change: -0.708D-02 -0.374D-02
Maxdispl :   0.1212   ||displ|| :   0.3350   Lambda : -0.105D-01
Largest |displ|/coords:  0.1212 (  28)  0.1030 (   3)  0.0922 (   9)
................................................................................
.............................. CYCLE    9 ......................................
................................................................................
   1    -50.6519664 -0.506520E+02  0.384E-01    9.31       0.0  T
   2    -50.6521861 -0.219687E-03  0.277E-01    9.31       1.0  T
   3    -50.6523110 -0.124925E-03  0.795E-02    9.31       1.0  T
   4    -50.6523290 -0.179650E-04  0.183E-02    9.30       1.1  T
   5    -50.6523295 -0.590206E-06  0.724E-03    9.30       2.7  T
   6    -50.6523297 -0.155324E-06  0.389E-03    9.30       5.0  T
   7    -50.6523297 -0.300232E-07  0.114E-03    9.30      17.2  T
speedup  0.98
cpu  time for SCC    0.01 s
wall time for SCC    0.01 s
speedup  1.01
cpu  time for grad    0.01 s
wall time for grad    0.01 s
 E :    -50.41853768  G :  0.063507    pred/act E change: -0.109D-01 -0.347D-02
Maxdispl :   0.1131   ||displ|| :   0.3275   Lambda : -0.111D-01
Largest |displ|/coords:  0.1131 (  28)  0.1054 (   8)  0.0986 (  24)
................................................................................
.............................. CYCLE   10 ......................................
................................................................................
   1    -50.6694076 -0.506694E+02  0.355E-01    9.34       0.0  T
   2    -50.6697747 -0.367074E-03  0.249E-01    9.34       1.0  T
   3    -50.6699865 -0.211808E-03  0.103E-01    9.34       1.0  T
   4    -50.6700115 -0.249817E-04  0.300E-02    9.35       1.0  T
   5    -50.6700134 -0.193695E-05  0.124E-02    9.35       1.6  T
   6    -50.6700136 -0.158694E-06  0.550E-03    9.35       3.6  T
   7    -50.6700136 -0.425877E-07  0.171E-03    9.35      11.5  T
speedup  0.94
cpu  time for SCC    0.01 s
wall time for SCC    0.01 s
speedup  0.99
cpu  time for grad    0.01 s
wall time for grad    0.01 s
 E :    -50.41899087  G :  0.099623    pred/act E change: -0.585D-02 -0.453D-03
Maxdispl :   0.1158   ||displ|| :   0.3657   Lambda : -0.221D-01
Largest |displ|/coords:  0.1158 (  19)  0.1086 (  28)  0.1044 (  17)
................................................................................
.............................. CYCLE   11 ......................................
................................................................................
   1    -50.6606441 -0.506606E+02  0.416E-01    9.33       0.0  T
   2    -50.6609558 -0.311700E-03  0.288E-01    9.33       1.0  T
   3    -50.6611669 -0.211033E-03  0.979E-02    9.32       1.0  T
   4    -50.6611912 -0.243109E-04  0.286E-02    9.31       1.0  T
   5    -50.6611924 -0.124140E-05  0.113E-02    9.31       1.7  T
   6    -50.6611927 -0.302822E-06  0.526E-03    9.31       3.7  T
   7    -50.6611928 -0.576986E-07  0.189E-03    9.31      10.4  T
speedup  1.13
cpu  time for SCC    0.01 s
wall time for SCC    0.01 s
speedup  0.99
cpu  time for grad    0.01 s
wall time for grad    0.01 s
 E :    -50.42027466  G :  0.063234    pred/act E change: -0.617D-02 -0.128D-02
Maxdispl :   0.0982   ||displ|| :   0.2917   Lambda : -0.109D-01
Largest |displ|/coords:  0.0982 (   1)  0.0869 (  24)  0.0843 (  11)
................................................................................
.............................. CYCLE   12 ......................................
................................................................................
   1    -50.6686886 -0.506687E+02  0.361E-01    9.33       0.0  T
   2    -50.6690283 -0.339737E-03  0.253E-01    9.32       1.0  T
   3    -50.6692069 -0.178570E-03  0.924E-02    9.32       1.0  T
   4    -50.6692280 -0.211357E-04  0.227E-02    9.32       1.0  T
   5    -50.6692292 -0.117228E-05  0.987E-03    9.32       2.0  T
   6    -50.6692294 -0.164617E-06  0.495E-03    9.32       4.0  T
   7    -50.6692294 -0.366825E-07  0.156E-03    9.32      12.5  T
speedup  0.95
cpu  time for SCC    0.01 s
wall time for SCC    0.01 s
speedup  0.99
cpu  time for grad    0.01 s
wall time for grad    0.01 s
 E :    -50.42581378  G :  0.053791    pred/act E change: -0.125D-01 -0.554D-02
Maxdispl :   0.0824   ||displ|| :   0.1948   Lambda : -0.350D-02
Largest |displ|/coords:  0.0824 (   1)  0.0814 (   2)  0.0526 (   7)
................................................................................
.............................. CYCLE   13 ......................................
................................................................................
   1    -50.6786883 -0.506787E+02  0.183E-01    9.34       0.0  T
   2    -50.6787251 -0.368249E-04  0.135E-01    9.34       1.0  T
   3    -50.6787486 -0.234302E-04  0.331E-02    9.34       1.0  T
   4    -50.6787526 -0.403479E-05  0.989E-03    9.34       2.0  T
   5    -50.6787528 -0.194237E-06  0.337E-03    9.34       5.8  T
   6    -50.6787528 -0.127491E-07  0.161E-03    9.34      12.2  T
speedup  0.94
cpu  time for SCC    0.00 s
wall time for SCC    0.01 s
speedup  0.98
cpu  time for grad    0.01 s
wall time for grad    0.01 s
 E :    -50.42743828  G :  0.030780    pred/act E change: -0.592D-02 -0.162D-02
Maxdispl :   0.1234   ||displ|| :   0.2524   Lambda : -0.303D-02
Largest |displ|/coords:  0.1234 (   2)  0.1027 (   3)  0.0787 (   6)
................................................................................
.............................. CYCLE   14 ......................................
................................................................................
   1    -50.6825424 -0.506825E+02  0.186E-01    9.31       0.0  T
   2    -50.6826375 -0.951663E-04  0.135E-01    9.31       1.0  T
   3    -50.6826764 -0.389020E-04  0.484E-02    9.30       1.0  T
   4    -50.6826832 -0.676048E-05  0.108E-02    9.30       1.8  T
   5    -50.6826835 -0.342593E-06  0.378E-03    9.30       5.2  T
   6    -50.6826835 -0.167908E-07  0.208E-03    9.30       9.4  T
speedup  1.11
cpu  time for SCC    0.01 s
wall time for SCC    0.01 s
speedup  1.06
cpu  time for grad    0.01 s
wall time for grad    0.01 s
 E :    -50.43013352  G :  0.028570    pred/act E change: -0.181D-02 -0.270D-02
Maxdispl :   0.1856   ||displ|| :   0.6214   Lambda : -0.972D-02
Largest |displ|/coords:  0.1856 (  30)  0.1731 (   2)  0.1512 (  22)
................................................................................
.............................. CYCLE   15 ......................................
................................................................................
   1    -50.7006158 -0.507006E+02  0.588E-01    9.22       0.0  T
   2    -50.7017489 -0.113307E-02  0.419E-01    9.20       1.0  T
   3    -50.7022503 -0.501401E-03  0.165E-01    9.15       1.0  T
   4    -50.7023170 -0.667033E-04  0.367E-02    9.15       1.0  T
   5    -50.7023199 -0.287634E-05  0.149E-02    9.15       1.3  T
   6    -50.7023202 -0.327374E-06  0.829E-03    9.15       2.4  T
   7    -50.7023203 -0.763820E-07  0.192E-03    9.16      10.2  T
   8    -50.7023203 -0.102027E-07  0.587E-04    9.16      33.4  T
speedup  0.99
cpu  time for SCC    0.01 s
wall time for SCC    0.01 s
speedup  1.01
cpu  time for grad    0.01 s
wall time for grad    0.01 s
 E :    -50.43495837  G :  0.049080    pred/act E change: -0.161D-02 -0.482D-02
Maxdispl :   0.1103   ||displ|| :   0.2409   Lambda : -0.373D-02
Largest |displ|/coords:  0.1103 (  30)  0.1043 (   6)  0.0943 (   2)
................................................................................
.............................. CYCLE   16 ......................................
................................................................................
   1    -50.7020243 -0.507020E+02  0.157E-01    9.12       0.0  T
   2    -50.7020495 -0.252366E-04  0.113E-01    9.12       1.0  T
   3    -50.7020629 -0.133890E-04  0.270E-02    9.13       1.0  T
   4    -50.7020651 -0.216937E-05  0.667E-03    9.13       2.9  T
   5    -50.7020652 -0.905297E-07  0.269E-03    9.13       7.3  T
   6    -50.7020652 -0.914186E-08  0.130E-03    9.13      15.0  T
speedup  0.94
cpu  time for SCC    0.00 s
wall time for SCC    0.01 s
speedup  0.99
cpu  time for grad    0.01 s
wall time for grad    0.01 s
 E :    -50.43709865  G :  0.030376    pred/act E change: -0.673D-02 -0.214D-02
Maxdispl :   0.1125   ||displ|| :   0.2501   Lambda : -0.159D-02
Largest |displ|/coords:  0.1125 (  30)  0.0893 (  15)  0.0840 (   6)
................................................................................
.............................. CYCLE   17 ......................................
................................................................................
   1    -50.7041526 -0.507042E+02  0.161E-01    9.09       0.0  T
   2    -50.7041779 -0.253834E-04  0.119E-01    9.09       1.0  T
   3    -50.7041922 -0.142772E-04  0.291E-02    9.07       1.0  T
   4    -50.7041956 -0.334416E-05  0.693E-03    9.08       2.8  T
   5    -50.7041956 -0.925797E-07  0.278E-03    9.08       7.1  T
   6    -50.7041957 -0.670124E-08  0.126E-03    9.08      15.6  T
speedup  1.13
cpu  time for SCC    0.01 s
wall time for SCC    0.01 s
speedup  0.99
cpu  time for grad    0.01 s
wall time for grad    0.01 s
 E :    -50.43825552  G :  0.024774    pred/act E change: -0.198D-02 -0.116D-02
Maxdispl :   0.1567   ||displ|| :   0.3210   Lambda : -0.199D-02
Largest |displ|/coords:  0.1567 (  30)  0.1274 (  15)  0.1139 (   1)
................................................................................
.............................. CYCLE   18 ......................................
................................................................................
   1    -50.7039393 -0.507039E+02  0.200E-01    9.05       0.0  T
   2    -50.7039763 -0.369754E-04  0.150E-01    9.03       1.0  T
   3    -50.7039930 -0.167019E-04  0.360E-02    8.99       1.0  T
   4    -50.7039980 -0.504745E-05  0.103E-02    9.00       1.9  T
   5    -50.7039983 -0.267838E-06  0.308E-03    9.00       6.4  T
   6    -50.7039983 -0.992424E-08  0.169E-03    9.00      11.6  T
speedup  0.93
cpu  time for SCC    0.01 s
wall time for SCC    0.01 s
speedup  0.98
cpu  time for grad    0.01 s
wall time for grad    0.01 s
 E :    -50.43937311  G :  0.021493    pred/act E change: -0.847D-03 -0.112D-02
Maxdispl :   0.0982   ||displ|| :   0.2328   Lambda : -0.112D-02
Largest |displ|/coords:  0.0982 (   5)  0.0860 (   6)  0.0709 (  15)
................................................................................
.............................. CYCLE   19 ......................................
................................................................................
   1    -50.7036117 -0.507036E+02  0.168E-01    9.00       0.0  T
   2    -50.7036516 -0.399103E-04  0.125E-01    8.98       1.0  T
   3    -50.7036702 -0.185631E-04  0.347E-02    8.95       1.0  T
   4    -50.7036748 -0.465229E-05  0.947E-03    8.96       2.1  T
   5    -50.7036751 -0.257189E-06  0.334E-03    8.96       5.9  T
   6    -50.7036751 -0.115333E-07  0.168E-03    8.96      11.7  T
speedup  0.94
cpu  time for SCC    0.00 s
wall time for SCC    0.01 s
speedup  1.00
cpu  time for grad    0.01 s
wall time for grad    0.01 s
 E :    -50.44006116  G :  0.018743    pred/act E change: -0.110D-02 -0.688D-03
Maxdispl :   0.0842   ||displ|| :   0.2008   Lambda : -0.880D-03
Largest |displ|/coords:  0.0842 (   2)  0.0759 (   5)  0.0561 (  26)
................................................................................
.............................. CYCLE   20 ......................................
................................................................................
   1    -50.7067692 -0.507068E+02  0.151E-01    9.00       0.0  T
   2    -50.7068248 -0.555312E-04  0.109E-01    9.00       1.0  T
   3    -50.7068487 -0.239141E-04  0.353E-02    8.99       1.0  T
   4    -50.7068528 -0.408457E-05  0.906E-03    8.99       2.2  T
   5    -50.7068529 -0.111053E-06  0.289E-03    8.99       6.8  T
   6    -50.7068529 -0.961658E-08  0.140E-03    8.99      14.0  T
speedup  1.13
cpu  time for SCC    0.01 s
wall time for SCC    0.01 s
speedup  0.98
cpu  time for grad    0.01 s
wall time for grad    0.01 s
 E :    -50.44061047  G :  0.018875    pred/act E change: -0.588D-03 -0.549D-03
Maxdispl :   0.0866   ||displ|| :   0.2327   Lambda : -0.946D-03
Largest |displ|/coords:  0.0866 (   1)  0.0695 (   8)  0.0688 (   4)
................................................................................
.............................. CYCLE   21 ......................................
................................................................................
   1    -50.7093133 -0.507093E+02  0.172E-01    9.05       0.0  T
   2    -50.7093721 -0.588568E-04  0.124E-01    9.04       1.0  T
   3    -50.7094002 -0.280888E-04  0.381E-02    9.03       1.0  T
   4    -50.7094050 -0.478421E-05  0.103E-02    9.03       1.9  T
   5    -50.7094051 -0.158398E-06  0.363E-03    9.03       5.4  T
   6    -50.7094052 -0.174737E-07  0.173E-03    9.03      11.3  T
   7    -50.7094052 -0.409513E-08  0.633E-04    9.03      31.0  T
speedup  0.97
cpu  time for SCC    0.01 s
wall time for SCC    0.01 s
speedup  1.00
cpu  time for grad    0.01 s
wall time for grad    0.01 s
 E :    -50.44111595  G :  0.024170    pred/act E change: -0.458D-03 -0.505D-03
Maxdispl :   0.0867   ||displ|| :   0.1780   Lambda : -0.762D-03
Largest |displ|/coords:  0.0867 (   5)  0.0570 (  26)  0.0526 (   6)
................................................................................
.............................. CYCLE   22 ......................................
................................................................................
   1    -50.7079175 -0.507079E+02  0.139E-01    9.06       0.0  T
   2    -50.7079485 -0.310515E-04  0.101E-01    9.06       1.0  T
   3    -50.7079641 -0.156023E-04  0.308E-02    9.06       1.0  T
   4    -50.7079671 -0.297082E-05  0.670E-03    9.05       2.9  T
   5    -50.7079672 -0.894178E-07  0.292E-03    9.05       6.7  T
   6    -50.7079672 -0.995419E-08  0.132E-03    9.05      14.9  T
speedup  1.11
cpu  time for SCC    0.01 s
wall time for SCC    0.01 s
speedup  0.98
cpu  time for grad    0.01 s
wall time for grad    0.01 s
 E :    -50.44170786  G :  0.025449    pred/act E change: -0.499D-03 -0.592D-03
Maxdispl :   0.1699   ||displ|| :   0.4510   Lambda : -0.227D-02
Largest |displ|/coords:  0.1699 (   5)  0.1505 (  26)  0.1406 (  16)
................................................................................
.............................. CYCLE   23 ......................................
................................................................................
   1    -50.7134330 -0.507134E+02  0.336E-01    9.10       0.0  T
   2    -50.7136056 -0.172551E-03  0.245E-01    9.10       1.0  T
   3    -50.7136993 -0.937538E-04  0.786E-02    9.10       1.0  T
   4    -50.7137145 -0.151098E-04  0.169E-02    9.10       1.2  T
   5    -50.7137153 -0.814582E-06  0.708E-03    9.10       2.8  T
   6    -50.7137153 -0.345415E-07  0.336E-03    9.10       5.8  T
   7    -50.7137153 -0.198066E-07  0.917E-04    9.10      21.4  T
speedup  0.98
cpu  time for SCC    0.01 s
wall time for SCC    0.01 s
speedup  0.99
cpu  time for grad    0.01 s
wall time for grad    0.01 s
 E :    -50.44324353  G :  0.028961    pred/act E change: -0.393D-03 -0.154D-02
Maxdispl :   0.1910   ||displ|| :   0.3751   Lambda : -0.184D-02
Largest |displ|/coords:  0.1910 (   5)  0.1283 (  20)  0.1183 (  26)
................................................................................
.............................. CYCLE   24 ......................................
................................................................................
   1    -50.7149942 -0.507150E+02  0.257E-01    9.06       0.0  T
   2    -50.7150440 -0.497199E-04  0.194E-01    9.06       1.0  T
   3    -50.7150839 -0.399883E-04  0.381E-02    9.07       1.0  T
   4    -50.7150905 -0.654323E-05  0.120E-02    9.07       1.6  T
   5    -50.7150907 -0.210891E-06  0.467E-03    9.07       4.2  T
   6    -50.7150907 -0.175127E-07  0.226E-03    9.07       8.7  T
speedup  0.93
cpu  time for SCC    0.01 s
wall time for SCC    0.01 s
speedup  0.98
cpu  time for grad    0.01 s
wall time for grad    0.01 s
 E :    -50.44450784  G :  0.031543    pred/act E change: -0.137D-02 -0.126D-02
Maxdispl :   0.0833   ||displ|| :   0.2513   Lambda : -0.228D-02
Largest |displ|/coords:  0.0833 (  20)  0.0733 (   1)  0.0693 (  14)
................................................................................
.............................. CYCLE   25 ......................................
................................................................................
   1    -50.7205038 -0.507205E+02  0.190E-01    9.14       0.0  T
   2    -50.7205331 -0.293068E-04  0.139E-01    9.16       1.0  T
   3    -50.7205500 -0.169107E-04  0.321E-02    9.18       1.0  T
   4    -50.7205532 -0.318169E-05  0.120E-02    9.18       1.6  T
   5    -50.7205533 -0.181363E-06  0.283E-03    9.18       6.9  T
   6    -50.7205533 -0.104939E-07  0.170E-03    9.18      11.5  T
speedup  1.09
cpu  time for SCC    0.01 s
wall time for SCC    0.01 s
speedup  0.98
cpu  time for grad    0.01 s
wall time for grad    0.01 s
 E :    -50.44580759  G :  0.030841    pred/act E change: -0.105D-02 -0.130D-02
Maxdispl :   0.1750   ||displ|| :   0.3958   Lambda : -0.179D-02
Largest |displ|/coords:  0.1750 (   5)  0.1574 (   1)  0.1437 (  20)

generating ANC from model Hessian ...
 Shifting diagonal of input Hessian by   4.901306874066285E-003
 Lowest  eigenvalues of input Hessian
   -0.000000   -0.000000   -0.000000   -0.000000    0.000000    0.000000
    0.005000    0.005191    0.005386    0.005906    0.006364    0.006456
    0.006913    0.007274    0.008439    0.009387    0.010620    0.012109
 Highest eigenvalues
    1.376962    1.386199    1.395864    2.641667    3.367448    3.507785
 
cpu  time for ANC gen    0.01 s
wall time for ANC gen    0.02 s
................................................................................
.............................. CYCLE   26 ......................................
................................................................................
   1    -50.7153634 -0.507154E+02  0.289E-01    8.92       0.0  T
   2    -50.7154173 -0.538699E-04  0.215E-01    8.91       1.0  T
   3    -50.7154427 -0.253737E-04  0.628E-02    8.90       1.0  T
   4    -50.7154495 -0.678944E-05  0.130E-02    8.90       1.5  T
   5    -50.7154498 -0.331785E-06  0.369E-03    8.90       5.3  T
   6    -50.7154498 -0.927960E-08  0.222E-03    8.90       8.8  T
   7    -50.7154498 -0.933548E-08  0.506E-04    8.90      38.8  T
   8    -50.7154498 -0.500457E-09  0.122E-04    8.90     161.2  T
speedup  1.13
cpu  time for SCC    0.01 s
wall time for SCC    0.01 s
speedup  1.04
cpu  time for grad    0.02 s
wall time for grad    0.02 s
 E :    -50.44639648  G :  0.024961    pred/act E change:  0.000D+00 -0.589D-03
Maxdispl :   0.1155   ||displ|| :   0.2731   Lambda : -0.169D-02
Largest |displ|/coords:  0.1155 (   3)  0.1054 (   4)  0.1004 (  17)
................................................................................
.............................. CYCLE   27 ......................................
................................................................................
   1    -50.7189888 -0.507190E+02  0.188E-01    9.00       0.0  T
   2    -50.7190015 -0.126225E-04  0.141E-01    9.00       1.0  T
   3    -50.7190102 -0.870215E-05  0.195E-02    9.01       1.0  T
   4    -50.7190121 -0.192454E-05  0.600E-03    9.01       3.3  T
   5    -50.7190121 -0.566041E-07  0.254E-03    9.01       7.7  T
   6    -50.7190121 -0.780261E-08  0.134E-03    9.01      14.6  T
speedup  1.11
cpu  time for SCC    0.01 s
wall time for SCC    0.01 s
speedup  1.06
cpu  time for grad    0.01 s
wall time for grad    0.01 s
 E :    -50.44739303  G :  0.014477    pred/act E change:  0.000D+00 -0.997D-03
Maxdispl :   0.1021   ||displ|| :   0.2510   Lambda : -0.886D-03
Largest |displ|/coords:  0.1021 (   5)  0.0888 (   8)  0.0864 (  10)
................................................................................
.............................. CYCLE   28 ......................................
................................................................................
   1    -50.7230786 -0.507231E+02  0.182E-01    9.11       0.0  T
   2    -50.7230930 -0.143766E-04  0.136E-01    9.11       1.0  T
   3    -50.7231001 -0.706719E-05  0.222E-02    9.12       1.0  T
   4    -50.7231023 -0.217897E-05  0.681E-03    9.11       2.9  T
   5    -50.7231024 -0.114952E-06  0.204E-03    9.11       9.6  T
   6    -50.7231024 -0.318041E-08  0.122E-03    9.11      16.1  T
speedup  0.93
cpu  time for SCC    0.00 s
wall time for SCC    0.01 s
speedup  0.98
cpu  time for grad    0.01 s
wall time for grad    0.01 s
 E :    -50.44791869  G :  0.008344    pred/act E change: -0.910D-03 -0.526D-03
Maxdispl :   0.0803   ||displ|| :   0.2023   Lambda : -0.300D-03
Largest |displ|/coords:  0.0803 (   1)  0.0777 (   3)  0.0763 (   6)
................................................................................
.............................. CYCLE   29 ......................................
................................................................................
   1    -50.7223702 -0.507224E+02  0.140E-01    9.14       0.0  T
   2    -50.7223762 -0.605438E-05  0.105E-01    9.14       1.0  T
   3    -50.7223800 -0.374717E-05  0.144E-02    9.14       1.4  T
   4    -50.7223809 -0.923295E-06  0.453E-03    9.14       4.3  T
   5    -50.7223809 -0.379629E-07  0.158E-03    9.14      12.4  T
   6    -50.7223809 -0.232658E-08  0.892E-04    9.14      22.0  T
speedup  0.89
cpu  time for SCC    0.00 s
wall time for SCC    0.01 s
speedup  0.97
cpu  time for grad    0.01 s
wall time for grad    0.01 s
 E :    -50.44811913  G :  0.007673    pred/act E change: -0.471D-03 -0.200D-03
Maxdispl :   0.0758   ||displ|| :   0.1683   Lambda : -0.178D-03
Largest |displ|/coords:  0.0758 (   6)  0.0659 (   3)  0.0611 (   2)
................................................................................
.............................. CYCLE   30 ......................................
................................................................................
   1    -50.7224140 -0.507224E+02  0.922E-02    9.14       0.0  T
   2    -50.7224160 -0.194680E-05  0.688E-02    9.14       1.0  T
   3    -50.7224172 -0.118029E-05  0.820E-03    9.14       2.4  T
   4    -50.7224175 -0.288368E-06  0.300E-03    9.14       6.5  T
   5    -50.7224175 -0.151343E-07  0.882E-04    9.14      22.2  T
speedup  0.89
cpu  time for SCC    0.00 s
wall time for SCC    0.00 s
speedup  0.98
cpu  time for grad    0.01 s
wall time for grad    0.01 s
 E :    -50.44823671  G :  0.006160    pred/act E change: -0.156D-03 -0.118D-03
Maxdispl :   0.0870   ||displ|| :   0.1693   Lambda : -0.119D-03
Largest |displ|/coords:  0.0870 (   3)  0.0660 (   5)  0.0643 (   1)
................................................................................
.............................. CYCLE   31 ......................................
................................................................................
   1    -50.7218352 -0.507218E+02  0.982E-02    9.13       0.0  T
   2    -50.7218367 -0.151724E-05  0.739E-02    9.13       1.0  T
   3    -50.7218383 -0.155055E-05  0.642E-03    9.13       3.1  T
   4    -50.7218384 -0.148059E-06  0.289E-03    9.13       6.8  T
   5    -50.7218384 -0.951441E-08  0.844E-04    9.13      23.2  T
speedup  0.87
cpu  time for SCC    0.00 s
wall time for SCC    0.00 s
speedup  0.97
cpu  time for grad    0.01 s
wall time for grad    0.01 s
 E :    -50.44831847  G :  0.006276    pred/act E change: -0.918D-04 -0.818D-04
Maxdispl :   0.0998   ||displ|| :   0.1918   Lambda : -0.135D-03
Largest |displ|/coords:  0.0998 (   3)  0.0809 (   2)  0.0715 (   6)
................................................................................
.............................. CYCLE   32 ......................................
................................................................................
   1    -50.7218912 -0.507219E+02  0.966E-02    9.12       0.0  T
   2    -50.7218927 -0.155242E-05  0.724E-02    9.12       1.0  T
   3    -50.7218941 -0.134282E-05  0.727E-03    9.13       2.7  T
   4    -50.7218942 -0.171126E-06  0.289E-03    9.13       6.8  T
   5    -50.7218942 -0.106415E-07  0.789E-04    9.13      24.9  T
speedup  1.09
cpu  time for SCC    0.01 s
wall time for SCC    0.00 s
speedup  1.05
cpu  time for grad    0.01 s
wall time for grad    0.01 s
 E :    -50.44840072  G :  0.005225    pred/act E change: -0.612D-04 -0.823D-04
Maxdispl :   0.1241   ||displ|| :   0.2333   Lambda : -0.113D-03
Largest |displ|/coords:  0.1241 (   3)  0.0913 (   5)  0.0871 (   2)
................................................................................
.............................. CYCLE   33 ......................................
................................................................................
   1    -50.7202034 -0.507202E+02  0.126E-01    9.11       0.0  T
   2    -50.7202056 -0.222558E-05  0.950E-02    9.11       1.0  T
   3    -50.7202081 -0.245793E-05  0.777E-03    9.12       2.5  T
   4    -50.7202083 -0.181408E-06  0.333E-03    9.12       5.9  T
   5    -50.7202083 -0.128755E-07  0.110E-03    9.12      17.9  T
   6    -50.7202083 -0.151007E-08  0.517E-04    9.12      37.9  T
speedup  1.11
cpu  time for SCC    0.01 s
wall time for SCC    0.01 s
speedup  1.05
cpu  time for grad    0.01 s
wall time for grad    0.01 s
 E :    -50.44845973  G :  0.006915    pred/act E change: -0.700D-04 -0.590D-04
Maxdispl :   0.0687   ||displ|| :   0.1136   Lambda : -0.985D-04
Largest |displ|/coords:  0.0687 (   3)  0.0430 (   2)  0.0375 (  10)
................................................................................
.............................. CYCLE   34 ......................................
................................................................................
   1    -50.7218913 -0.507219E+02  0.492E-02    9.13       0.0  T
   2    -50.7218923 -0.988412E-06  0.369E-02    9.13       1.0  T
   3    -50.7218929 -0.636807E-06  0.554E-03    9.13       3.5  T
   4    -50.7218931 -0.152951E-06  0.138E-03    9.13      14.2  T
   5    -50.7218931 -0.309819E-08  0.580E-04    9.13      33.8  T
speedup  1.11
cpu  time for SCC    0.00 s
wall time for SCC    0.00 s
speedup  1.05
cpu  time for grad    0.01 s
wall time for grad    0.01 s
 E :    -50.44851930  G :  0.004968    pred/act E change: -0.596D-04 -0.596D-04
Maxdispl :   0.1311   ||displ|| :   0.2342   Lambda : -0.956D-04
Largest |displ|/coords:  0.1311 (   3)  0.1110 (   2)  0.0972 (   6)
................................................................................
.............................. CYCLE   35 ......................................
................................................................................
   1    -50.7207817 -0.507208E+02  0.107E-01    9.11       0.0  T
   2    -50.7207837 -0.201189E-05  0.802E-02    9.12       1.0  T
   3    -50.7207856 -0.185774E-05  0.823E-03    9.13       2.4  T
   4    -50.7207858 -0.217181E-06  0.305E-03    9.12       6.4  T
   5    -50.7207858 -0.111246E-07  0.107E-03    9.12      18.3  T
   6    -50.7207858 -0.142600E-08  0.530E-04    9.12      37.0  T
speedup  1.09
cpu  time for SCC    0.01 s
wall time for SCC    0.01 s
speedup  1.04
cpu  time for grad    0.01 s
wall time for grad    0.01 s
 E :    -50.44855544  G :  0.006389    pred/act E change: -0.499D-04 -0.361D-04
Maxdispl :   0.0662   ||displ|| :   0.1198   Lambda : -0.917D-04
Largest |displ|/coords:  0.0662 (   3)  0.0478 (   7)  0.0426 (   6)
................................................................................
.............................. CYCLE   36 ......................................
................................................................................
   1    -50.7225687 -0.507226E+02  0.494E-02    9.15       0.0  T
   2    -50.7225699 -0.122304E-05  0.366E-02    9.14       1.0  T
   3    -50.7225704 -0.500982E-06  0.787E-03    9.13       2.5  T
   4    -50.7225706 -0.185788E-06  0.203E-03    9.14       9.7  T
   5    -50.7225706 -0.791712E-08  0.599E-04    9.14      32.7  T
speedup  0.89
cpu  time for SCC    0.00 s
wall time for SCC    0.00 s
speedup  0.96
cpu  time for grad    0.01 s
wall time for grad    0.01 s
 E :    -50.44860840  G :  0.002928    pred/act E change: -0.504D-04 -0.530D-04
Maxdispl :   0.1277   ||displ|| :   0.1738   Lambda : -0.610D-04
Largest |displ|/coords:  0.1277 (   3)  0.0686 (   2)  0.0415 (   6)
................................................................................
.............................. CYCLE   37 ......................................
................................................................................
   1    -50.7224772 -0.507225E+02  0.767E-02    9.15       0.0  T
   2    -50.7224785 -0.127719E-05  0.575E-02    9.15       1.0  T
   3    -50.7224796 -0.109283E-05  0.738E-03    9.14       2.7  T
   4    -50.7224798 -0.160573E-06  0.274E-03    9.15       7.2  T
   5    -50.7224798 -0.953960E-08  0.791E-04    9.15      24.8  T
   6    -50.7224798 -0.656470E-09  0.471E-04    9.15      41.6  T
speedup  0.91
cpu  time for SCC    0.00 s
wall time for SCC    0.01 s
speedup  1.00
cpu  time for grad    0.01 s
wall time for grad    0.01 s
 E :    -50.44864447  G :  0.003553    pred/act E change: -0.465D-04 -0.361D-04
Maxdispl :   0.1198   ||displ|| :   0.1910   Lambda : -0.616D-04
Largest |displ|/coords:  0.1198 (   3)  0.0713 (   2)  0.0624 (   6)
................................................................................
.............................. CYCLE   38 ......................................
................................................................................
   1    -50.7228755 -0.507229E+02  0.795E-02    9.16       0.0  T
   2    -50.7228768 -0.131222E-05  0.595E-02    9.16       1.0  T
   3    -50.7228777 -0.952070E-06  0.826E-03    9.15       2.4  T
   4    -50.7228779 -0.186347E-06  0.281E-03    9.15       7.0  T
   5    -50.7228779 -0.657886E-08  0.639E-04    9.15      30.7  T
   6    -50.7228779 -0.328328E-09  0.411E-04    9.15      47.8  T
speedup  0.89
cpu  time for SCC    0.00 s
wall time for SCC    0.01 s
speedup  0.99
cpu  time for grad    0.01 s
wall time for grad    0.01 s
 E :    -50.44868670  G :  0.003648    pred/act E change: -0.314D-04 -0.422D-04
Maxdispl :   0.1636   ||displ|| :   0.2547   Lambda : -0.701D-04
Largest |displ|/coords:  0.1636 (   3)  0.0959 (   2)  0.0760 (   8)
................................................................................
.............................. CYCLE   39 ......................................
................................................................................
   1    -50.7228242 -0.507228E+02  0.112E-01    9.15       0.0  T
   2    -50.7228270 -0.275661E-05  0.841E-02    9.15       1.0  T
   3    -50.7228293 -0.233281E-05  0.103E-02    9.15       1.9  T
   4    -50.7228296 -0.332360E-06  0.414E-03    9.15       4.7  T
   5    -50.7228296 -0.180047E-07  0.996E-04    9.15      19.7  T
   6    -50.7228296 -0.936510E-09  0.628E-04    9.15      31.2  T
speedup  0.93
cpu  time for SCC    0.01 s
wall time for SCC    0.01 s
speedup  1.00
cpu  time for grad    0.01 s
wall time for grad    0.01 s
 E :    -50.44872887  G :  0.004708    pred/act E change: -0.319D-04 -0.422D-04
Maxdispl :   0.1263   ||displ|| :   0.2096   Lambda : -0.863D-04
Largest |displ|/coords:  0.1263 (   3)  0.0741 (   7)  0.0603 (   8)
................................................................................
.............................. CYCLE   40 ......................................
................................................................................
   1    -50.7230398 -0.507230E+02  0.108E-01    9.15       0.0  T
   2    -50.7230427 -0.287140E-05  0.812E-02    9.14       1.0  T
   3    -50.7230454 -0.263727E-05  0.104E-02    9.13       1.9  T
   4    -50.7230457 -0.341823E-06  0.379E-03    9.14       5.2  T
   5    -50.7230457 -0.153943E-07  0.103E-03    9.14      19.1  T
   6    -50.7230457 -0.144598E-08  0.631E-04    9.14      31.1  T
speedup  1.09
cpu  time for SCC    0.01 s
wall time for SCC    0.01 s
speedup  1.04
cpu  time for grad    0.01 s
wall time for grad    0.01 s
 E :    -50.44876656  G :  0.005859    pred/act E change: -0.373D-04 -0.377D-04
Maxdispl :   0.0578   ||displ|| :   0.1212   Lambda : -0.782D-04
Largest |displ|/coords:  0.0578 (   3)  0.0467 (   8)  0.0437 (  14)
................................................................................
.............................. CYCLE   41 ......................................
................................................................................
   1    -50.7232962 -0.507233E+02  0.708E-02    9.13       0.0  T
   2    -50.7232976 -0.130805E-05  0.533E-02    9.13       1.0  T
   3    -50.7232988 -0.125642E-05  0.715E-03    9.12       2.7  T
   4    -50.7232990 -0.139389E-06  0.171E-03    9.12      11.5  T
   5    -50.7232990 -0.463171E-08  0.705E-04    9.12      27.8  T
speedup  0.87
cpu  time for SCC    0.00 s
wall time for SCC    0.00 s
speedup  0.95
cpu  time for grad    0.01 s
wall time for grad    0.01 s
 E :    -50.44880704  G :  0.006635    pred/act E change: -0.451D-04 -0.405D-04
Maxdispl :   0.1075   ||displ|| :   0.1790   Lambda : -0.865D-04
Largest |displ|/coords:  0.1075 (   3)  0.0591 (   8)  0.0564 (   2)
................................................................................
.............................. CYCLE   42 ......................................
................................................................................
   1    -50.7205053 -0.507205E+02  0.922E-02    9.09       0.0  T
   2    -50.7205074 -0.208190E-05  0.694E-02    9.09       1.0  T
   3    -50.7205092 -0.182013E-05  0.834E-03    9.09       2.4  T
   4    -50.7205095 -0.248572E-06  0.261E-03    9.09       7.5  T
   5    -50.7205095 -0.118259E-07  0.990E-04    9.09      19.8  T
speedup  1.09
cpu  time for SCC    0.00 s
wall time for SCC    0.00 s
speedup  1.02
cpu  time for grad    0.01 s
wall time for grad    0.01 s
 E :    -50.44882983  G :  0.006127    pred/act E change: -0.397D-04 -0.228D-04
Maxdispl :   0.0991   ||displ|| :   0.1973   Lambda : -0.106D-03
Largest |displ|/coords:  0.0991 (   3)  0.0916 (   2)  0.0828 (   6)
................................................................................
.............................. CYCLE   43 ......................................
................................................................................
   1    -50.7242064 -0.507242E+02  0.914E-02    9.14       0.0  T
   2    -50.7242090 -0.260763E-05  0.680E-02    9.13       1.0  T
   3    -50.7242103 -0.130656E-05  0.111E-02    9.13       1.8  T
   4    -50.7242107 -0.412716E-06  0.362E-03    9.13       5.4  T
   5    -50.7242107 -0.215307E-07  0.998E-04    9.13      19.7  T
   6    -50.7242107 -0.113474E-08  0.593E-04    9.13      33.1  T
speedup  1.11
cpu  time for SCC    0.01 s
wall time for SCC    0.01 s
speedup  1.04
cpu  time for grad    0.01 s
wall time for grad    0.01 s
 E :    -50.44885271  G :  0.006033    pred/act E change: -0.446D-04 -0.229D-04
Maxdispl :   0.0978   ||displ|| :   0.1353   Lambda : -0.928D-04
Largest |displ|/coords:  0.0978 (   3)  0.0438 (   1)  0.0340 (   6)
................................................................................
.............................. CYCLE   44 ......................................
................................................................................
   1    -50.7232493 -0.507232E+02  0.717E-02    9.12       0.0  T
   2    -50.7232506 -0.131274E-05  0.538E-02    9.12       1.0  T
   3    -50.7232519 -0.123570E-05  0.662E-03    9.11       3.0  T
   4    -50.7232520 -0.141579E-06  0.253E-03    9.11       7.8  T
   5    -50.7232520 -0.966282E-08  0.802E-04    9.11      24.4  T
speedup  1.06
cpu  time for SCC    0.00 s
wall time for SCC    0.00 s
speedup  1.02
cpu  time for grad    0.01 s
wall time for grad    0.01 s
 E :    -50.44889040  G :  0.005836    pred/act E change: -0.552D-04 -0.377D-04
Maxdispl :   0.0512   ||displ|| :   0.0885   Lambda : -0.622D-04
Largest |displ|/coords:  0.0512 (   8)  0.0322 (   3)  0.0259 (  14)
................................................................................
.............................. CYCLE   45 ......................................
................................................................................
   1    -50.7230083 -0.507230E+02  0.429E-02    9.12       0.0  T
   2    -50.7230090 -0.750967E-06  0.321E-02    9.12       1.0  T
   3    -50.7230094 -0.408962E-06  0.579E-03    9.12       3.4  T
   4    -50.7230096 -0.113813E-06  0.196E-03    9.12      10.0  T
   5    -50.7230096 -0.512529E-08  0.433E-04    9.12      45.3  T
speedup  0.87
cpu  time for SCC    0.00 s
wall time for SCC    0.00 s
speedup  0.95
cpu  time for grad    0.01 s
wall time for grad    0.01 s
 E :    -50.44892179  G :  0.004198    pred/act E change: -0.473D-04 -0.314D-04
Maxdispl :   0.0406   ||displ|| :   0.1050   Lambda : -0.469D-04
Largest |displ|/coords:  0.0406 (  11)  0.0382 (   2)  0.0378 (  14)
................................................................................
.............................. CYCLE   46 ......................................
................................................................................
   1    -50.7226170 -0.507226E+02  0.581E-02    9.13       0.0  T
   2    -50.7226176 -0.636989E-06  0.441E-02    9.13       1.0  T
   3    -50.7226182 -0.641010E-06  0.404E-03    9.13       4.9  T
   4    -50.7226183 -0.658709E-07  0.172E-03    9.13      11.4  T
   5    -50.7226183 -0.374795E-08  0.442E-04    9.13      44.3  T
speedup  1.09
cpu  time for SCC    0.00 s
wall time for SCC    0.00 s
speedup  1.03
cpu  time for grad    0.01 s
wall time for grad    0.01 s
 E :    -50.44895591  G :  0.002975    pred/act E change: -0.313D-04 -0.341D-04
Maxdispl :   0.1018   ||displ|| :   0.1974   Lambda : -0.660D-04
Largest |displ|/coords:  0.1018 (   2)  0.0765 (  11)  0.0687 (  14)
................................................................................
.............................. CYCLE   47 ......................................
................................................................................
   1    -50.7226414 -0.507226E+02  0.100E-01    9.16       0.0  T
   2    -50.7226431 -0.175029E-05  0.759E-02    9.16       1.0  T
   3    -50.7226452 -0.204090E-05  0.564E-03    9.15       3.5  T
   4    -50.7226453 -0.132850E-06  0.300E-03    9.15       6.5  T
   5    -50.7226453 -0.115361E-07  0.777E-04    9.15      25.2  T
   6    -50.7226453 -0.846590E-09  0.463E-04    9.15      42.4  T
speedup  0.93
cpu  time for SCC    0.00 s
wall time for SCC    0.01 s
speedup  1.00
cpu  time for grad    0.01 s
wall time for grad    0.01 s
 E :    -50.44899857  G :  0.003985    pred/act E change: -0.237D-04 -0.427D-04
Maxdispl :   0.0842   ||displ|| :   0.1781   Lambda : -0.407D-04
Largest |displ|/coords:  0.0842 (  11)  0.0754 (   2)  0.0589 (   8)
................................................................................
.............................. CYCLE   48 ......................................
................................................................................
   1    -50.7224287 -0.507224E+02  0.972E-02    9.16       0.0  T
   2    -50.7224301 -0.145389E-05  0.735E-02    9.16       1.0  T
   3    -50.7224319 -0.180728E-05  0.617E-03    9.15       3.2  T
   4    -50.7224320 -0.844502E-07  0.228E-03    9.16       8.6  T
   5    -50.7224320 -0.593102E-08  0.767E-04    9.16      25.6  T
   6    -50.7224320 -0.802217E-09  0.426E-04    9.16      46.0  T
speedup  1.11
cpu  time for SCC    0.01 s
wall time for SCC    0.01 s
speedup  1.01
cpu  time for grad    0.01 s
wall time for grad    0.01 s
 E :    -50.44902259  G :  0.004240    pred/act E change: -0.343D-04 -0.240D-04
Maxdispl :   0.1229   ||displ|| :   0.1709   Lambda : -0.495D-04
Largest |displ|/coords:  0.1229 (   2)  0.0746 (   3)  0.0489 (  11)
................................................................................
.............................. CYCLE   49 ......................................
................................................................................
   1    -50.7238779 -0.507239E+02  0.771E-02    9.21       0.0  T
   2    -50.7238791 -0.117723E-05  0.582E-02    9.21       1.0  T
   3    -50.7238803 -0.119658E-05  0.652E-03    9.22       3.0  T
   4    -50.7238804 -0.117790E-06  0.235E-03    9.22       8.4  T
   5    -50.7238804 -0.610738E-08  0.696E-04    9.22      28.2  T
speedup  1.09
cpu  time for SCC    0.00 s
wall time for SCC    0.00 s
speedup  1.02
cpu  time for grad    0.01 s
wall time for grad    0.01 s
 E :    -50.44904387  G :  0.003604    pred/act E change: -0.210D-04 -0.213D-04
Maxdispl :   0.0422   ||displ|| :   0.0756   Lambda : -0.267D-04
Largest |displ|/coords:  0.0422 (  11)  0.0274 (   6)  0.0226 (   3)
................................................................................
.............................. CYCLE   50 ......................................
................................................................................
   1    -50.7235318 -0.507235E+02  0.414E-02    9.19       0.0  T
   2    -50.7235322 -0.415585E-06  0.310E-02    9.19       1.0  T
   3    -50.7235325 -0.357806E-06  0.455E-03    9.19       4.3  T
   4    -50.7235326 -0.453512E-07  0.193E-03    9.19      10.2  T
   5    -50.7235326 -0.366993E-08  0.379E-04    9.19      51.8  T
   6    -50.7235326 -0.165763E-09  0.258E-04    9.19      76.1  T
speedup  0.93
cpu  time for SCC    0.01 s
wall time for SCC    0.01 s
speedup  0.94
cpu  time for grad    0.01 s
wall time for grad    0.01 s
 E :    -50.44905974  G :  0.002256    pred/act E change: -0.255D-04 -0.159D-04
Maxdispl :   0.0182   ||displ|| :   0.0449   Lambda : -0.155D-04
Largest |displ|/coords:  0.0182 (  14)  0.0159 (   3)  0.0149 (   2)
................................................................................
.............................. CYCLE   51 ......................................
................................................................................
   1    -50.7235679 -0.507236E+02  0.199E-02    9.19       0.0  T
   2    -50.7235681 -0.129623E-06  0.148E-02    9.20       1.3  T
   3    -50.7235681 -0.792572E-07  0.235E-03    9.20       8.3  T
   4    -50.7235682 -0.166706E-07  0.980E-04    9.20      20.0  T
   5    -50.7235682 -0.855536E-09  0.205E-04    9.20      95.8  T
speedup  0.87
cpu  time for SCC    0.00 s
wall time for SCC    0.00 s
speedup  0.99
cpu  time for grad    0.01 s
wall time for grad    0.01 s
 E :    -50.44906839  G :  0.001662    pred/act E change: -0.134D-04 -0.865D-05
Maxdispl :   0.0366   ||displ|| :   0.0606   Lambda : -0.107D-04
Largest |displ|/coords:  0.0366 (   2)  0.0255 (  11)  0.0197 (   3)
................................................................................
.............................. CYCLE   52 ......................................
................................................................................
   1    -50.7234281 -0.507234E+02  0.268E-02    9.19       0.0  T
   2    -50.7234282 -0.170589E-06  0.201E-02    9.19       1.0  T
   3    -50.7234284 -0.152798E-06  0.245E-03    9.19       8.0  T
   4    -50.7234284 -0.186728E-07  0.688E-04    9.19      28.5  T
   5    -50.7234284 -0.594447E-09  0.261E-04    9.19      75.1  T
speedup  0.87
cpu  time for SCC    0.00 s
wall time for SCC    0.00 s
speedup  0.98
cpu  time for grad    0.01 s
wall time for grad    0.01 s
 E :    -50.44907523  G :  0.001433    pred/act E change: -0.775D-05 -0.684D-05
Maxdispl :   0.0218   ||displ|| :   0.0487   Lambda : -0.746D-05
Largest |displ|/coords:  0.0218 (   2)  0.0198 (   3)  0.0162 (  14)

generating ANC from model Hessian ...
 Shifting diagonal of input Hessian by   4.774658962952991E-003
 Lowest  eigenvalues of input Hessian
   -0.000000   -0.000000   -0.000000    0.000000    0.000000    0.000000
    0.005000    0.005101    0.005254    0.005686    0.005853    0.006227
    0.006947    0.007692    0.008476    0.009163    0.010127    0.010463
 Highest eigenvalues
    1.378075    1.389236    1.403141    2.749708    3.476377    3.510451
 
cpu  time for ANC gen    0.02 s
wall time for ANC gen    0.02 s
................................................................................
.............................. CYCLE   53 ......................................
................................................................................
   1    -50.7234628 -0.507235E+02  0.224E-02    9.20       0.0  T
   2    -50.7234629 -0.121214E-06  0.168E-02    9.20       1.2  T
   3    -50.7234630 -0.110982E-06  0.233E-03    9.20       8.4  T
   4    -50.7234630 -0.127963E-07  0.745E-04    9.20      26.3  T
   5    -50.7234630 -0.663753E-09  0.208E-04    9.20      94.1  T
speedup  0.89
cpu  time for SCC    0.00 s
wall time for SCC    0.00 s
speedup  0.99
cpu  time for grad    0.01 s
wall time for grad    0.01 s
 E :    -50.44907979  G :  0.001000    pred/act E change:  0.000D+00 -0.456D-05
Maxdispl :   0.0068   ||displ|| :   0.0155   Lambda : -0.381D-05
Largest |displ|/coords:  0.0068 (  11)  0.0063 (   8)  0.0056 (   4)
................................................................................
.............................. CYCLE   54 ......................................
................................................................................
   1    -50.7234873 -0.507235E+02  0.123E-02    9.20       0.0  T
   2    -50.7234873 -0.272387E-07  0.922E-03    9.20       2.1  T
   3    -50.7234873 -0.294836E-07  0.127E-03    9.20      15.4  T
   4    -50.7234873 -0.201282E-08  0.357E-04    9.20      55.0  T
   5    -50.7234873 -0.207784E-09  0.103E-04    9.20     191.2  T
speedup  0.87
cpu  time for SCC    0.00 s
wall time for SCC    0.00 s
speedup  0.97
cpu  time for grad    0.01 s
wall time for grad    0.01 s
 E :    -50.44908241  G :  0.000615    pred/act E change:  0.000D+00 -0.261D-05
Maxdispl :   0.0126   ||displ|| :   0.0229   Lambda : -0.335D-05
Largest |displ|/coords:  0.0126 (  11)  0.0109 (   6)  0.0075 (   2)
................................................................................
.............................. CYCLE   55 ......................................
................................................................................
   1    -50.7235359 -0.507235E+02  0.142E-02    9.20       0.0  T
   2    -50.7235359 -0.343989E-07  0.105E-02    9.20       1.9  T
   3    -50.7235360 -0.336222E-07  0.149E-03    9.20      13.2  T
   4    -50.7235360 -0.241800E-08  0.325E-04    9.20      60.3  T
   5    -50.7235360 -0.264727E-09  0.957E-05    9.20     205.0  T
speedup  1.09
cpu  time for SCC    0.00 s
wall time for SCC    0.00 s
speedup  0.99
cpu  time for grad    0.01 s
wall time for grad    0.01 s
 E :    -50.44908446  G :  0.000522    pred/act E change: -0.191D-05 -0.206D-05
Maxdispl :   0.0129   ||displ|| :   0.0261   Lambda : -0.208D-05
Largest |displ|/coords:  0.0129 (   6)  0.0111 (   2)  0.0109 (  11)
................................................................................
.............................. CYCLE   56 ......................................
................................................................................
   1    -50.7235728 -0.507236E+02  0.129E-02    9.20       0.0  T
   2    -50.7235729 -0.255317E-07  0.964E-03    9.20       2.0  T
   3    -50.7235729 -0.290138E-07  0.117E-03    9.20      16.7  T
   4    -50.7235729 -0.145446E-08  0.342E-04    9.20      57.3  T
   5    -50.7235729 -0.199407E-09  0.101E-04    9.20     194.9  T
speedup  1.09
cpu  time for SCC    0.00 s
wall time for SCC    0.00 s
speedup  0.98
cpu  time for grad    0.01 s
wall time for grad    0.01 s
 E :    -50.44908568  G :  0.000566    pred/act E change: -0.168D-05 -0.122D-05
Maxdispl :   0.0153   ||displ|| :   0.0336   Lambda : -0.235D-05
Largest |displ|/coords:  0.0153 (   6)  0.0149 (  11)  0.0144 (   2)
................................................................................
.............................. CYCLE   57 ......................................
................................................................................
   1    -50.7236050 -0.507236E+02  0.154E-02    9.20       0.0  T
   2    -50.7236050 -0.305582E-07  0.116E-02    9.20       1.7  T
   3    -50.7236050 -0.258474E-07  0.125E-03    9.20      15.7  T
   4    -50.7236050 -0.358284E-08  0.518E-04    9.20      37.8  T
   5    -50.7236050 -0.214563E-09  0.104E-04    9.20     188.4  T
speedup  1.11
cpu  time for SCC    0.00 s
wall time for SCC    0.00 s
speedup  0.99
cpu  time for grad    0.01 s
wall time for grad    0.01 s
 E :    -50.44908711  G :  0.000571    pred/act E change: -0.104D-05 -0.142D-05
Maxdispl :   0.0130   ||displ|| :   0.0268   Lambda : -0.170D-05
Largest |displ|/coords:  0.0130 (   2)  0.0120 (   6)  0.0105 (   1)
................................................................................
.............................. CYCLE   58 ......................................
................................................................................
   1    -50.7235887 -0.507236E+02  0.109E-02    9.20       0.0  T
   2    -50.7235887 -0.224101E-07  0.816E-03    9.20       2.4  T
   3    -50.7235887 -0.177097E-07  0.952E-04    9.20      20.6  T
   4    -50.7235887 -0.298459E-08  0.291E-04    9.20      67.3  T
speedup  1.08
cpu  time for SCC    0.00 s
wall time for SCC    0.00 s
speedup  0.98
cpu  time for grad    0.01 s
wall time for grad    0.01 s
 E :    -50.44908833  G :  0.000480    pred/act E change: -0.118D-05 -0.122D-05
Maxdispl :   0.0177   ||displ|| :   0.0328   Lambda : -0.174D-05
Largest |displ|/coords:  0.0177 (   2)  0.0133 (   6)  0.0111 (   1)
................................................................................
.............................. CYCLE   59 ......................................
................................................................................
   1    -50.7235457 -0.507235E+02  0.144E-02    9.19       0.0  T
   2    -50.7235457 -0.397221E-07  0.107E-02    9.19       1.8  T
   3    -50.7235457 -0.304974E-07  0.140E-03    9.19      14.0  T
   4    -50.7235457 -0.526246E-08  0.372E-04    9.19      52.8  T
   5    -50.7235457 -0.233108E-09  0.121E-04    9.19     161.6  T
speedup  1.11
cpu  time for SCC    0.00 s
wall time for SCC    0.00 s
speedup  0.99
cpu  time for grad    0.01 s
wall time for grad    0.01 s
 E :    -50.44908940  G :  0.000426    pred/act E change: -0.852D-06 -0.107D-05
Maxdispl :   0.0100   ||displ|| :   0.0191   Lambda : -0.828D-06
Largest |displ|/coords:  0.0100 (   2)  0.0062 (  12)  0.0057 (  11)
................................................................................
.............................. CYCLE   60 ......................................
................................................................................
   1    -50.7235305 -0.507235E+02  0.993E-03    9.19       0.0  T
   2    -50.7235305 -0.164534E-07  0.746E-03    9.19       2.6  T
   3    -50.7235305 -0.175393E-07  0.854E-04    9.19      23.0  T
   4    -50.7235305 -0.138834E-08  0.256E-04    9.19      76.5  T
speedup  1.08
cpu  time for SCC    0.00 s
wall time for SCC    0.00 s
speedup  0.98
cpu  time for grad    0.01 s
wall time for grad    0.01 s
 E :    -50.44908993  G :  0.000362    pred/act E change: -0.870D-06 -0.536D-06
Maxdispl :   0.0075   ||displ|| :   0.0137   Lambda : -0.514D-06
Largest |displ|/coords:  0.0075 (   2)  0.0054 (  10)  0.0038 (  13)
................................................................................
.............................. CYCLE   61 ......................................
................................................................................
   1    -50.7235414 -0.507235E+02  0.727E-03    9.19       0.0  T
   2    -50.7235415 -0.808436E-08  0.547E-03    9.19       3.6  T
   3    -50.7235415 -0.909806E-08  0.608E-04    9.19      32.2  T
   4    -50.7235415 -0.584841E-09  0.196E-04    9.19      99.9  T
speedup  1.08
cpu  time for SCC    0.00 s
wall time for SCC    0.00 s
speedup  1.07
cpu  time for grad    0.01 s
wall time for grad    0.01 s
 E :    -50.44909031  G :  0.000304    pred/act E change: -0.414D-06 -0.380D-06
Maxdispl :   0.0088   ||displ|| :   0.0142   Lambda : -0.433D-06
Largest |displ|/coords:  0.0088 (   2)  0.0050 (  10)  0.0048 (  13)
................................................................................
.............................. CYCLE   62 ......................................
................................................................................
   1    -50.7235704 -0.507236E+02  0.704E-03    9.19       0.0  T
   2    -50.7235704 -0.746225E-08  0.530E-03    9.20       3.7  T
   3    -50.7235704 -0.802539E-08  0.591E-04    9.20      33.2  T
   4    -50.7235704 -0.580691E-09  0.186E-04    9.20     105.3  T
speedup  0.77
cpu  time for SCC    0.00 s
wall time for SCC    0.00 s
speedup  0.89
cpu  time for grad    0.01 s
wall time for grad    0.01 s
 E :    -50.44909062  G :  0.000260    pred/act E change: -0.257D-06 -0.303D-06
Maxdispl :   0.0086   ||displ|| :   0.0143   Lambda : -0.316D-06
Largest |displ|/coords:  0.0086 (   2)  0.0052 (  13)  0.0051 (  10)
................................................................................
.............................. CYCLE   63 ......................................
................................................................................
   1    -50.7235869 -0.507236E+02  0.637E-03    9.20       0.0  T
   2    -50.7235869 -0.587523E-08  0.481E-03    9.20       4.1  T
   3    -50.7235869 -0.628403E-08  0.480E-04    9.20      40.9  T
   4    -50.7235869 -0.498012E-09  0.201E-04    9.20      97.7  T
speedup  1.03
cpu  time for SCC    0.00 s
wall time for SCC    0.00 s
speedup  0.97
cpu  time for grad    0.01 s
wall time for grad    0.01 s
 E :    -50.44909085  G :  0.000221    pred/act E change: -0.216D-06 -0.230D-06
Maxdispl :   0.0110   ||displ|| :   0.0167   Lambda : -0.335D-06
Largest |displ|/coords:  0.0110 (   2)  0.0060 (  13)  0.0053 (   1)
................................................................................
.............................. CYCLE   64 ......................................
................................................................................
   1    -50.7235924 -0.507236E+02  0.687E-03    9.20       0.0  T
   2    -50.7235924 -0.623781E-08  0.519E-03    9.20       3.8  T
   3    -50.7235924 -0.659349E-08  0.453E-04    9.20      43.3  T
   4    -50.7235924 -0.564611E-09  0.229E-04    9.20      85.7  T
speedup  1.08
cpu  time for SCC    0.00 s
wall time for SCC    0.00 s
speedup  1.07
cpu  time for grad    0.01 s
wall time for grad    0.01 s
 E :    -50.44909108  G :  0.000202    pred/act E change: -0.158D-06 -0.231D-06
Maxdispl :   0.0072   ||displ|| :   0.0126   Lambda : -0.236D-06
Largest |displ|/coords:  0.0072 (   2)  0.0058 (   1)  0.0044 (  13)
................................................................................
.............................. CYCLE   65 ......................................
................................................................................
   1    -50.7235724 -0.507236E+02  0.517E-03    9.20       0.0  T
   2    -50.7235724 -0.427354E-08  0.390E-03    9.20       5.0  T
   3    -50.7235724 -0.359351E-08  0.353E-04    9.20      55.5  T
   4    -50.7235724 -0.579902E-09  0.174E-04    9.20     112.8  T
speedup  1.08
cpu  time for SCC    0.00 s
wall time for SCC    0.00 s
speedup  1.06
cpu  time for grad    0.01 s
wall time for grad    0.01 s
 E :    -50.44909125  G :  0.000200    pred/act E change: -0.168D-06 -0.167D-06
Maxdispl :   0.0054   ||displ|| :   0.0102   Lambda : -0.167D-06
Largest |displ|/coords:  0.0054 (   2)  0.0053 (   1)  0.0034 (  13)
................................................................................
.............................. CYCLE   66 ......................................
................................................................................
   1    -50.7235421 -0.507235E+02  0.442E-03    9.20       0.0  T
   2    -50.7235421 -0.382380E-08  0.332E-03    9.20       5.9  T
   3    -50.7235421 -0.229515E-08  0.434E-04    9.20      45.1  T
   4    -50.7235421 -0.628958E-09  0.150E-04    9.20     130.6  T
speedup  0.81
cpu  time for SCC    0.00 s
wall time for SCC    0.00 s
speedup  0.98
cpu  time for grad    0.01 s
wall time for grad    0.01 s
 E :    -50.44909136  G :  0.000167    pred/act E change: -0.118D-06 -0.119D-06
Maxdispl :   0.0050   ||displ|| :   0.0076   Lambda : -0.111D-06
Largest |displ|/coords:  0.0050 (   1)  0.0027 (   2)  0.0022 (  13)
................................................................................
.............................. CYCLE   67 ......................................
................................................................................
   1    -50.7235192 -0.507235E+02  0.363E-03    9.20       0.0  T
   2    -50.7235192 -0.311243E-08  0.270E-03    9.20       7.3  T
   3    -50.7235192 -0.156422E-08  0.460E-04    9.20      42.6  T
   4    -50.7235192 -0.478721E-09  0.138E-04    9.20     142.4  T
speedup  1.05
cpu  time for SCC    0.00 s
wall time for SCC    0.00 s
speedup  0.98
cpu  time for grad    0.01 s
wall time for grad    0.01 s
 E :    -50.44909144  G :  0.000117    pred/act E change: -0.833D-07 -0.789D-07
Maxdispl :   0.0040   ||displ|| :   0.0068   Lambda : -0.649D-07
Largest |displ|/coords:  0.0040 (   1)  0.0028 (   2)  0.0024 (  13)

   *** GEOMETRY OPTIMIZATION CONVERGED AFTER 67 ITERATIONS ***

------------------------------------------------------------------------
 total energy gain (kcal):     -0.0073
------------------------------------------------------------------------
================
 final structure:
================
$coord
       -0.22029048163118        2.39892889106675       -1.64545048473972      S 
       -1.43645691128607        2.87578389337645        0.79496945044560      O 
       -1.20533683435356        4.54325623451778       -3.42187671783403      O 
        2.52311476427080        2.63602146471709       -1.46701549818222      O 
       -0.98235074272882       -0.02004983478623       -2.67350349172523      O 
       -5.38432177659042       -0.41782629360031        3.96445783737220      O 
       -5.91067121768223        1.12637608980438        3.16647190186537      H 
        1.19601165338701       -3.70973687496394        3.19187074702259      O 
        2.38986533857204       -4.46592912433078        4.32401977524324      H 
        2.97920384733163        4.09043224267278       -6.15034558546289      O 
       -0.03056415213729        4.49604740459321       -4.84410799909553      H 
        3.95350136556847        5.61581446596314       -6.26614455408221      H 
        3.27056840342302        3.40887319539390       -4.44976644706659      H 
       -0.78432319100814        0.43282901314808        4.68921204292944      O 
       -0.79522465909133        1.60264258592301        3.05987210715126      H 
       -2.72955773167401        0.03831578615933        4.76379920845033      H 
        0.06531306830901       -1.22899376030666        4.16482568598849      H 
       -3.46755271266409       -3.14345471042843        0.34204449578696      O 
       -2.70524576637230       -1.99118696816458       -0.90178905910296      H 
       -2.07521889896419       -4.01817749904355        1.12403879177144      H 
       -4.97308050693051       -1.59981487177897        2.54940489453259      H 
        3.41531429410589       -2.54901073183155       -0.98949105106551      N 
        2.16398499864588       -3.02046395317835       -2.36381138867452      H 
        3.44601423750743       -0.61703499265943       -1.00108807107855      H 
        2.15281444024183       -3.29990251394726        1.54779333532232      H 
        5.14448915285157       -3.18373917611220       -1.50838992576897      H 
$end
 
 Bond Distances (Angstroems)
 ---------------------------
S1-O2=1.4648         S1-O3=1.5630         S1-O4=1.4602         S1-O5=1.4482         O2-S1=1.4648         O3-S1=1.5630         
O3-H11=0.9765        O4-S1=1.4602         O5-S1=1.4482         O6-H7=0.9611         O6-H21=0.9997        H7-O6=0.9611         
O8-H9=0.9582         O8-H25=1.0297        H9-O8=0.9582         O10-H12=0.9598       O10-H13=0.9817       H11-O3=0.9765        
H12-O10=0.9598       H13-O10=0.9817       O14-H15=1.0614       O14-H16=1.0511       O14-H17=1.0259       H15-O14=1.0614       
H16-O14=1.0511       H17-O14=1.0259       O18-H19=0.9838       O18-H20=0.9635       H19-O18=0.9838       H20-O18=0.9635       
H21-O6=0.9997        N22-H23=1.0147       N22-H24=1.0225       N22-H26=1.0127       H23-N22=1.0147       H24-N22=1.0225       
H25-O8=1.0297        H26-N22=1.0127       
 N  H  Rav=1.0166 sigma=0.0042  Rmin=1.0127  Rmax=1.0225     3
 O  H  Rav=0.9960 sigma=0.0355  Rmin=0.9582  Rmax=1.0614    12
 S  O  Rav=1.4840 sigma=0.0460  Rmin=1.4482  Rmax=1.5630     4
 
 selected bond angles (degree)
 --------------------
O3-S1-O2=104.99                O4-S1-O2=111.41                O4-S1-O3=107.94                O5-S1-O2=111.17                
O5-S1-O3=108.84                O5-S1-O4=112.15                H11-O3-S1=103.45               H21-O6-H7=105.42               
H25-O8-H9=106.98               H13-O10-H12=106.45             
 
 selected dihedral angles (degree)
 ---------------------------------
H11-O3-S1-O2=164.09           H11-O3-S1-O4= 45.15           H11-O3-S1-O5=283.19           
 
 CMA Distance (Angstroems)
 ---------------------------
R(CMA):  2.1667

========================================================================
 FINAL SINGLEPOINT CALCULATION ON OPTIMIZED GEOMETRY
========================================================================

 Ncao       : 65
 Nao        : 64
 Nshell     : 38
 Nel        : 80
 T(el)      :   300.0
 intcut     :    25.0
 scfconv/Eh :  0.100E-05
   qconv/e  :  0.100E-03
 intneglect :  0.100E-07
 broydamp   :      0.250
 iter      E             dE          RMSdq      gap      omega  full diag
   1    -50.7235192 -0.507235E+02  0.482E-05    9.20       0.0  T
   2    -50.7235192 -0.162714E-11  0.312E-05    9.20     628.4  T
   3    -50.7235192 -0.113687E-11  0.583E-06    9.20    3363.3  T
speedup  0.71
cpu  time for SCC    0.00 s
wall time for SCC    0.00 s

   *** convergence criteria satisfied after 3 iterations ***

          eigenvalues
 #    :          28         29         30         31         32         33         34         35
 occ. :        2.000      2.000      2.000      2.000      2.000      2.000      2.000      2.000
 eps  :       -13.518    -13.116    -12.783    -12.550    -12.481    -12.215    -12.156    -12.138
 #    :          36         37         38         39         40         41         42         43
 occ. :        2.000      2.000      2.000      2.000      2.000      0.000      0.000      0.000
 eps  :       -11.906    -11.875    -11.818    -11.614    -11.374     -2.174     -0.677     -0.092
 #    :          44         45         46         47         48         49         50         51
 occ. :        0.000      0.000      0.000      0.000      0.000      0.000      0.000      0.000
 eps  :         0.598      1.013      1.600      2.150      2.461      3.163      4.683      5.482


   #   Z            q   n(s)   n(p)   n(d)      C6AA      α(0)
   1  16 S      1.687  1.585  1.781  0.947    89.072    15.884
   2   8 O     -0.728  1.757  4.972  0.000    29.429     7.276
   3   8 O     -0.607  1.757  4.850  0.000    25.331     6.794
   4   8 O     -0.762  1.777  4.985  0.000    30.454     7.399
   5   8 O     -0.742  1.769  4.973  0.000    29.892     7.330
   6   8 O     -0.596  1.753  4.843  0.000    25.076     6.759
   7   1 H      0.304  0.696  0.000  0.000     0.708     1.321
   8   8 O     -0.630  1.751  4.879  0.000    25.914     6.870
   9   1 H      0.288  0.712  0.000  0.000     0.758     1.367
  10   8 O     -0.614  1.750  4.864  0.000    25.535     6.820
  11   1 H      0.371  0.629  0.000  0.000     0.535     1.145
  12   1 H      0.291  0.709  0.000  0.000     0.749     1.359
  13   1 H      0.321  0.679  0.000  0.000     0.662     1.279
  14   8 O     -0.514  1.733  4.781  0.000    23.126     6.495
  15   1 H      0.392  0.608  0.000  0.000     0.494     1.101
  16   1 H      0.389  0.611  0.000  0.000     0.506     1.117
  17   1 H      0.379  0.621  0.000  0.000     0.526     1.139
  18   8 O     -0.624  1.752  4.872  0.000    25.761     6.850
  19   1 H      0.329  0.671  0.000  0.000     0.641     1.258
  20   1 H      0.308  0.692  0.000  0.000     0.697     1.312
  21   1 H      0.350  0.650  0.000  0.000     0.590     1.207
  22   7 N     -0.459  1.367  4.092  0.000    32.076     8.412
  23   1 H      0.183  0.817  0.000  0.000     1.200     1.716
  24   1 H      0.198  0.802  0.000  0.000     1.119     1.657
  25   1 H      0.326  0.674  0.000  0.000     0.640     1.253
  26   1 H      0.163  0.837  0.000  0.000     1.316     1.797

 Mol. C6AA /au·bohr⁶  :       5476.649484
 Mol. C8AA /au·bohr⁸  :     118397.932682
 Mol. α(0) /au        :        106.916284

 
 Wiberg/Mayer (AO) data. WBOs > 0.1 written file <wbo>
 largest (>0.05) Wiberg bond orders for each atom
           total WBO             WBO to atom ...
     1  S   4.841    O    5 1.323    O    4 1.270    O    2 1.263    O    3 0.940
     2  O   1.767    S    1 1.263    H   15 0.177    O    5 0.109    O    4 0.101    O    3 0.058
     3  O   1.972    S    1 0.940    H   11 0.779    O    5 0.080    O    4 0.079    O    2 0.058
     4  O   1.713    S    1 1.270    O    5 0.110    O    2 0.101    O    3 0.079    H   13 0.062
     5  O   1.717    S    1 1.323    O    4 0.110    O    2 0.109    O    3 0.080    H   19 0.061
     6  O   1.971    H    7 0.905    H   21 0.785    H   16 0.173    O   14 0.063
     7  H   0.907    O    6 0.905
     8  O   1.916    H    9 0.910    H   25 0.727    H   17 0.138    N   22 0.067    O   14 0.051
     9  H   0.917    O    8 0.910
    10  O   1.868    H   12 0.913    H   13 0.830    H   11 0.065
    11  H   0.862    O    3 0.779    O   10 0.065
    12  H   0.915    O   10 0.913
    13  H   0.897    O   10 0.830    O    4 0.062
    14  O   2.234    H   17 0.715    H   16 0.672    H   15 0.659    O    6 0.063    O    8 0.051
    15  H   0.846    O   14 0.659    O    2 0.177
    16  H   0.849    O   14 0.672    O    6 0.173
    17  H   0.857    O   14 0.715    O    8 0.138
    18  O   1.889    H   20 0.889    H   19 0.826    H   21 0.091
    19  H   0.892    O   18 0.826    O    5 0.061
    20  H   0.905    O   18 0.889
    21  H   0.878    O    6 0.785    O   18 0.091
    22  N   3.108    H   26 0.968    H   23 0.958    H   24 0.918    H   25 0.163    O    8 0.067
    23  H   0.967    N   22 0.958
    24  H   0.961    N   22 0.918
    25  H   0.894    O    8 0.727    N   22 0.163
    26  H   0.973    N   22 0.968
 MOs/occ written to file <molden.input>
 
molecular dipole:
                 x           y           z       tot (Debye)
 q only:        0.913      -0.912       1.428
   full:        1.548      -0.477       0.589       4.381
molecular quadrupole (traceless):
                xx          xy          yy          xz          yz          zz
 q only:        1.000      -5.205       0.478      -1.528      -4.340      -1.478
  q+dip:        2.434      -6.989       3.449      -0.612      -5.609      -5.882
   full:        2.260      -7.226       3.435      -0.678      -6.285      -5.696

SCC energy    :     -50.7235192
rep           :       0.2742164
ES            :       0.2505018
AES           :      -0.0689608
AXC           :      -0.0079542
disp          :      -0.0192836
XB            :       0.0000000
fix           :       0.0000000
total E       :     -50.4490914
atomizationE  :       4.9793956     3124.62
(atE without considering molecular charge,
 total energy contains solvation terms)
H-L gap (eV)  :          9.2000
optimized geometry written to: xtbopt.xyz


------------------------------------------------------------------------
 * finished run on 2019/09/16 at 11:46:57.385     
------------------------------------------------------------------------
 total:
 * wall-time:     0 d,  0 h,  0 min,  1.621 sec
 *  cpu-time:     0 d,  0 h,  0 min,  1.594 sec
 * ratio c/w:     0.983 speedup
 SCF:
 * wall-time:     0 d,  0 h,  0 min,  0.133 sec
 *  cpu-time:     0 d,  0 h,  0 min,  0.130 sec
 * ratio c/w:     0.979 speedup
 ANC optimizer:
 * wall-time:     0 d,  0 h,  0 min,  1.454 sec
 *  cpu-time:     0 d,  0 h,  0 min,  1.445 sec
 * ratio c/w:     0.994 speedup

