      -----------------------------------------------------------      
     |                   =====================                   |     
     |                           x T B                           |     
     |                   =====================                   |     
     |                         S. Grimme                         |     
     |          Mulliken Center for Theoretical Chemistry        |     
     |                    University of Bonn                     |     
     |                 Version 6.0.1 (SAW181210)                 |     
      -----------------------------------------------------------      

   This program is distributed in the hope that it will be useful,
   but WITHOUT ANY WARRANTY; without even the implied warranty of
   MERCHANTABILITY or FITNESS FOR A PARTICULAR PURPOSE.
   
   FOR NON-COMMERCIAL, ACADEMIA USE ONLY.
   
   Cite this work as:
   S. Grimme, C. Bannwarth, P. Shushkov, J. Comput. Theory Chem., 2017,
   13, 1989-2009.
   C. Bannwarth, S. Ehlert and S. Grimme., ChemRxiv, 2018, preprint.
   http://doi.org/10.26434/chemrxiv.7246238.v1
   
   for sTDA-xTB:
   S. Grimme and C. Bannwarth, J. Chem. Phys., 2016, 145, 054103.
   
   in the mass-spec context:
   V. Asgeirsson, C. Bauer and S. Grimme, Chem. Sci., 2017, 8, 4879.
   
   if GBSA is used:
   P. Shushkov, F. März and S. Grimme, unpublished.
   
   for ANC optimizer:
   S. Grimme, unpublished.
   Rational Function algorithm used in ANCopt:
   F. Eckert, P. Pulay, H.-J. Werner, J. Comput. Chem., 1997, 18, 1473.
   
   with help from (in alphabetical order)
   C. Bannwarth, F. Bohle, G. Brandenburg, E. Caldeweyher, M. Checinski,
   S. Dohm, S. Ehlert, S. Ehrlich, F. März, H. Neugebauer, J. Pisarek,
   P. Pracht, P. Shushkov, and S. Spicher.
   
 * started run on 2019/09/16 at 12:07:15.178     
========================================================================
 # omp threads = 1
========================================================================
number of atoms            : 26
number of electrons        : 80
charge                     : 0
spin                       : .0
first test random number   : .7085

########################################################################
# WARNING! Please study the warnings concerning your input carefully
#  - XTBPATH is not set, using XTBHOME instead
#  - the use of '-opt' is discouraged, please use '--opt' next time
#  - the use of '-chrg' is discouraged, please use '--chrg' next time
#  - the use of '-uhf' is discouraged, please use '--uhf' next time
########################################################################

           ------------------------------------------------- 
          |                 G F N 2 - x T B                 |
          | Geometry, Frequencies, Noncovalent interactions |
          |            JCTC 2018 parametrisation            |
           ------------------------------------------------- 
      method parameters     
 k(s)        :  1.8500
 k(p)        :  2.2300
 k(d)        :  2.2300
 k(f)        :  2.0000
 kEN (H0ij)  : -2.0000
 D4 a1       :  0.5200
 D4 a2       :  5.0000
 D4 s6       :  1.0000
 D4 s8       :  2.7000
 D4 s9       :  5.0000
 alphaj      :  2.0000


            Z     q(EN)     CN     RAES       Cart. coordinates
     1  S   6.0    0.68    4.09    3.84     2.75303     0.24997     2.43018
     2  O   6.0   -0.33    1.25    1.80     0.16909    -0.72029     2.98692
     3  O   6.0   -0.26    1.11    1.80     4.48554    -0.42740     4.54387
     4  O   6.0   -0.33    1.27    1.80     3.69353    -0.90273     0.03960
     5  O   6.0   -0.32    1.22    1.80     2.66396     3.05031     2.15033
     6  O   6.0   -0.40    1.70    1.81    -1.79423    -0.09647    -3.39062
     7  H   1.0    0.17    0.95    1.42    -2.91554    -0.27667    -4.87182
     8  O   6.0   -0.30    2.05    1.83    -0.15550     6.10921    -0.36821
     9  H   1.0    0.17    1.06    1.44     1.00323     5.39326     0.83983
    10  H   1.0    0.15    0.97    1.43    -0.08354     7.90803    -0.09672
    11  O   6.0   -0.23    2.92    2.58    -3.05037     1.99222     0.47187
    12  H   1.0    0.14    1.01    1.43    -2.44702     3.75885     0.40242
    13  H   1.0    0.16    1.17    1.46    -2.87509     1.12703    -1.17457
    14  H   1.0    0.15    1.06    1.44    -2.24235     1.03125     1.85575
    15  O   6.0   -0.22    2.91    2.57     2.04921     2.39196    -3.36620
    16  H   1.0    0.13    1.00    1.43     1.68905     4.04891    -2.58221
    17  H   1.0    0.15    1.05    1.44     3.28900     1.40412    -2.37772
    18  H   1.0    0.16    1.17    1.46     0.48750     1.42122    -3.69819
    19  O   6.0   -0.22    2.92    2.59     0.25089    -3.89787    -1.80501
    20  H   1.0    0.15    1.05    1.44     1.90973    -3.26760    -1.22118
    21  H   1.0    0.12    1.06    1.44    -0.68736    -4.76621    -0.44277
    22  H   1.0    0.16    1.16    1.46    -0.76678    -2.55055    -2.60538
    23  N   5.0   -0.22    3.04    1.93    -1.82225    -5.77185     2.50779
    24  H   1.0    0.13    1.02    1.43    -1.20624    -4.09105     3.21947
    25  H   1.0    0.11    0.99    1.43    -0.77663    -7.12815     3.38994
    26  H   1.0    0.11    0.99    1.43    -3.62083    -5.98951     3.16263

  Z AO/shell   Hii/eV     exponent
  1     Wed Apr 25 08:07:45 CEST 2018   EN: 2.200 GM2: 0.406  GM3: 0.0800  RAES: 1.40
     1s    -10.707211    1.230000
  7     Wed Apr 25 08:07:45 CEST 2018   EN: 3.040 GM2: 0.461  GM3:-0.0640  RAES: 1.90
     2s    -16.686243    2.339881
     2p    -12.523956    2.014332
  8     Wed Apr 25 08:07:45 CEST 2018   EN: 3.440 GM2: 0.452  GM3:-0.0517  RAES: 1.80
     2s    -20.229985    2.439742
     2p    -15.503117    2.137023
 16     Tue Apr 24 11:44:34 CEST 2018   EN: 2.580 GM2: 0.340  GM3:-0.0502  RAES: 3.10
     3s    -20.029654    1.981333
     3p    -11.377694    2.025643
     3d     -0.420282    1.702555
 no old-style atom pair restraining (fixing) potential

molecular fragmentation (1/2 indicates fragments):
11111222222222222222222222
# atoms in fragment 1/2:     5    21
 fragment masses (1/2) :       96.06      109.12
CMA distance (Bohr)    :   4.861
constraining FC (au)   :  0.0500
           ------------------------------------------------- 
          |        Self-Consistent Charge Iterations        |
           ------------------------------------------------- 

 Ncao       : 65
 Nao        : 64
 Nshell     : 38
 Nel        : 80
 T(el)      :   300.0
 intcut     :    25.0
 scfconv/Eh :  0.100E-05
   qconv/e  :  0.100E-03
 intneglect :  0.100E-07
 broydamp   :      0.250
 iter      E             dE          RMSdq      gap      omega  full diag
   1    -50.5463677 -0.505464E+02  0.698E+00   10.15       0.0  T
   2    -50.5860290 -0.396612E-01  0.502E+00    9.54       1.0  T
   3    -50.6180467 -0.320177E-01  0.113E+00    6.49       1.0  T
   4    -50.6228807 -0.483403E-02  0.478E-01    6.66       1.0  T
   5    -50.6232384 -0.357741E-03  0.295E-01    6.46       1.0  T
   6    -50.6236343 -0.395864E-03  0.127E-01    6.49       1.0  T
   7    -50.6237286 -0.942948E-04  0.524E-02    6.58       1.0  T
   8    -50.6237414 -0.127991E-04  0.310E-02    6.58       1.0  T
   9    -50.6237470 -0.561588E-05  0.125E-02    6.58       1.6  T
  10    -50.6237479 -0.874086E-06  0.217E-03    6.58       9.0  T
  11    -50.6237479 -0.215527E-07  0.874E-04    6.58      22.4  T
  12    -50.6237479 -0.235428E-08  0.405E-04    6.58      48.5  T
speedup  0.98
cpu  time for SCC    0.01 s
wall time for SCC    0.02 s

   *** convergence criteria satisfied after 12 iterations ***

          eigenvalues
 #    :          28         29         30         31         32         33         34         35
 occ. :        2.000      2.000      2.000      2.000      2.000      2.000      2.000      2.000
 eps  :       -12.150    -11.949    -11.919    -11.816    -11.312    -10.773    -10.602    -10.051
 #    :          36         37         38         39         40         41         42         43
 occ. :        2.000      2.000      2.000      2.000      2.000      0.000      0.000      0.000
 eps  :        -9.945     -9.689     -9.417     -8.609     -8.571     -1.992     -0.090      0.381
 #    :          44         45         46         47         48         49         50         51
 occ. :        0.000      0.000      0.000      0.000      0.000      0.000      0.000      0.000
 eps  :         0.576      1.635      2.218      2.648      2.983      3.653      4.024      5.113


   #   Z            q   n(s)   n(p)   n(d)      C6AA      α(0)
   1  16 S      1.466  1.607  1.919  1.008    94.286    16.343
   2   8 O     -0.803  1.773  5.030  0.000    31.670     7.545
   3   8 O     -0.749  1.795  4.955  0.000    30.093     7.355
   4   8 O     -0.800  1.775  5.025  0.000    31.579     7.534
   5   8 O     -0.808  1.777  5.032  0.000    31.843     7.566
   6   8 O     -0.835  1.823  5.012  0.000    32.610     7.658
   7   1 H      0.223  0.777  0.000  0.000     1.009     1.578
   8   8 O     -0.630  1.734  4.896  0.000    25.915     6.871
   9   1 H      0.352  0.648  0.000  0.000     0.583     1.199
  10   1 H      0.289  0.711  0.000  0.000     0.754     1.363
  11   8 O     -0.448  1.655  4.793  0.000    21.750     6.299
  12   1 H      0.390  0.610  0.000  0.000     0.504     1.115
  13   1 H      0.403  0.597  0.000  0.000     0.475     1.080
  14   1 H      0.404  0.596  0.000  0.000     0.478     1.086
  15   8 O     -0.436  1.651  4.785  0.000    21.504     6.263
  16   1 H      0.394  0.606  0.000  0.000     0.497     1.107
  17   1 H      0.406  0.594  0.000  0.000     0.473     1.081
  18   1 H      0.406  0.594  0.000  0.000     0.470     1.074
  19   8 O     -0.449  1.651  4.798  0.000    21.767     6.301
  20   1 H      0.401  0.599  0.000  0.000     0.483     1.092
  21   1 H      0.383  0.617  0.000  0.000     0.517     1.130
  22   1 H      0.398  0.602  0.000  0.000     0.484     1.091
  23   7 N     -0.465  1.382  4.082  0.000    32.251     8.434
  24   1 H      0.209  0.791  0.000  0.000     1.063     1.615
  25   1 H      0.154  0.846  0.000  0.000     1.377     1.838
  26   1 H      0.147  0.853  0.000  0.000     1.423     1.869

 Mol. C6AA /au·bohr⁶  :       5550.052482
 Mol. C8AA /au·bohr⁸  :     120715.324219
 Mol. α(0) /au        :        107.488792

 
 Wiberg/Mayer (AO) data. WBOs > 0.1 written file <wbo>
 largest (>0.05) Wiberg bond orders for each atom
           total WBO             WBO to atom ...
     1  S   5.035    O    3 1.367    O    5 1.248    O    2 1.205    O    4 1.182
     2  O   1.673    S    1 1.205    H   14 0.103    O    3 0.096    O    5 0.092    O    4 0.090
     3  O   1.672    S    1 1.367    O    5 0.097    O    2 0.096    O    4 0.094
     4  O   1.695    S    1 1.182    O    3 0.094    H   20 0.092    O    2 0.090    O    5 0.089    H   17 0.079
     5  O   1.643    S    1 1.248    O    3 0.097    O    2 0.092    O    4 0.089    H    9 0.074
     6  O   1.666    H    7 0.942    H   18 0.181    H   13 0.178    H   22 0.172    O   15 0.058    O   11 0.058    O   19 0.058
     7  H   0.950    O    6 0.942
     8  O   1.878    H   10 0.907    H    9 0.793    H   12 0.056
     9  H   0.876    O    8 0.793    O    5 0.074
    10  H   0.916    O    8 0.907
    11  O   2.294    H   12 0.784    H   14 0.725    H   13 0.656    O    6 0.058
    12  H   0.848    O   11 0.784    O    8 0.056
    13  H   0.838    O   11 0.656    O    6 0.178
    14  H   0.837    O   11 0.725    O    2 0.103
    15  O   2.305    H   16 0.791    H   17 0.746    H   18 0.651    O    6 0.058
    16  H   0.845    O   15 0.791
    17  H   0.835    O   15 0.746    O    4 0.079
    18  H   0.835    O   15 0.651    O    6 0.181
    19  O   2.296    H   21 0.753    H   20 0.739    H   22 0.665    O    6 0.058
    20  H   0.839    O   19 0.739    O    4 0.092
    21  H   0.853    O   19 0.753    N   23 0.092
    22  H   0.841    O   19 0.665    O    6 0.172
    23  N   3.020    H   25 0.973    H   26 0.973    H   24 0.922    H   21 0.092
    24  H   0.956    N   23 0.922
    25  H   0.976    N   23 0.973
    26  H   0.978    N   23 0.973
 MOs/occ written to file <molden.input>
 
molecular dipole:
                 x           y           z       tot (Debye)
 q only:       -3.610       0.474      -3.952
   full:       -3.477       0.690      -3.258      12.237
molecular quadrupole (traceless):
                xx          xy          yy          xz          yz          zz
 q only:      -14.286       1.124      26.891     -23.318      -4.036     -12.605
  q+dip:      -16.166       2.887      28.248     -21.617      -6.688     -12.082
   full:      -16.114       2.866      28.463     -21.302      -6.675     -12.349

SCC energy    :     -50.6237479
rep           :       0.2764673
ES            :       0.3674413
AES           :      -0.0827800
AXC           :      -0.0085213
disp          :      -0.0200045
XB            :       0.0000000
fix           :       0.0000000
total E       :     -50.3469810
atomizationE  :       4.8772852     3060.54
(atE without considering molecular charge,
 total energy contains solvation terms)
H-L gap (eV)  :          6.5786
           ------------------------------------------------- 
          |                 ===============                 |
          |                   A N C O P T                   |
          |                 ===============                 |
          |          Approximate Normal Coordinate          |
          |           Rational Function Optimizer           |
           ------------------------------------------------- 
dumping coords to <xtbopt.coord> and <xtbopt.log>
 optlevel               2
 Maxcycle             520
 Maxmicro              25
 Econv         1.000000000000000E-007
 Gconv         2.000000000000000E-004
 Maxdispl       1.00000000000000     
 Hlow          5.000000000000000E-003
 S6             20.0000000000000     
 Nvar               72

generating ANC from model Hessian ...
 Shifting diagonal of input Hessian by   4.769598426786524E-003
 Lowest  eigenvalues of input Hessian
   -0.000000    0.000000    0.000000    0.000000    0.000000    0.000000
    0.005000    0.005723    0.005979    0.006437    0.007100    0.007632
    0.008262    0.008968    0.008998    0.010591    0.010652    0.010918
 Highest eigenvalues
    1.576243    1.577039    1.579206    3.078530    3.083831    3.088650
 
cpu  time for ANC gen    0.02 s
wall time for ANC gen    0.03 s
................................................................................
.............................. CYCLE    1 ......................................
................................................................................
   1    -50.6237479 -0.506237E+02  0.122E-04    6.58       0.0  T
   2    -50.6237479 -0.330829E-10  0.854E-05    6.58     229.7  T
   3    -50.6237479 -0.184173E-10  0.521E-05    6.58     376.2  T
speedup  1.25
cpu  time for SCC    0.00 s
wall time for SCC    0.00 s
speedup  1.03
cpu  time for grad    0.01 s
wall time for grad    0.01 s
 E :    -50.34698096  G :  0.203415    pred/act E change:  0.000D+00  0.356D-07
Maxdispl :   0.2363   ||displ|| :   0.4716   Lambda : -0.484D-01
Largest |displ|/coords:  0.2363 (  27)  0.1585 (  28)  0.1308 (  54)
................................................................................
.............................. CYCLE    2 ......................................
................................................................................
   1    -50.6388340 -0.506388E+02  0.382E-01    6.75       0.0  T
   2    -50.6392543 -0.420332E-03  0.286E-01    6.93       1.0  T
   3    -50.6394467 -0.192454E-03  0.106E-01    7.24       1.0  T
   4    -50.6394655 -0.188009E-04  0.340E-02    7.26       1.0  T
   5    -50.6394700 -0.449578E-05  0.980E-03    7.24       2.0  T
   6    -50.6394702 -0.193684E-06  0.522E-03    7.24       3.8  T
   7    -50.6394704 -0.119196E-06  0.220E-03    7.24       8.9  T
speedup  1.01
cpu  time for SCC    0.01 s
wall time for SCC    0.01 s
speedup  0.97
cpu  time for grad    0.01 s
wall time for grad    0.02 s
 E :    -50.38758003  G :  0.128612    pred/act E change:  0.000D+00 -0.406D-01
Maxdispl :   0.2607   ||displ|| :   0.5176   Lambda : -0.309D-01
Largest |displ|/coords:  0.2607 (  27)  0.2088 (  31)  0.1637 (  28)
................................................................................
.............................. CYCLE    3 ......................................
................................................................................
   1    -50.6469173 -0.506469E+02  0.397E-01    7.46       0.0  T
   2    -50.6476058 -0.688484E-03  0.294E-01    7.64       1.0  T
   3    -50.6479279 -0.322034E-03  0.121E-01    7.92       1.0  T
   4    -50.6479496 -0.217531E-04  0.410E-02    7.96       1.0  T
   5    -50.6479548 -0.518043E-05  0.116E-02    7.95       1.7  T
   6    -50.6479551 -0.318233E-06  0.638E-03    7.94       3.1  T
   7    -50.6479553 -0.152408E-06  0.260E-03    7.94       7.6  T
   8    -50.6479553 -0.306495E-07  0.111E-03    7.94      17.7  T
speedup  0.91
cpu  time for SCC    0.01 s
wall time for SCC    0.01 s
speedup  0.91
cpu  time for grad    0.01 s
wall time for grad    0.02 s
 E :    -50.41177578  G :  0.078660    pred/act E change: -0.296D-01 -0.242D-01
Maxdispl :   0.1735   ||displ|| :   0.4636   Lambda : -0.133D-01
Largest |displ|/coords:  0.1735 (  31)  0.1734 (  16)  0.1705 (  27)
................................................................................
.............................. CYCLE    4 ......................................
................................................................................
   1    -50.6497065 -0.506497E+02  0.322E-01    8.08       0.0  T
   2    -50.6503110 -0.604504E-03  0.230E-01    8.20       1.0  T
   3    -50.6505912 -0.280149E-03  0.102E-01    8.38       1.0  T
   4    -50.6506051 -0.138928E-04  0.340E-02    8.41       1.0  T
   5    -50.6506077 -0.267413E-05  0.963E-03    8.41       2.0  T
   6    -50.6506080 -0.227150E-06  0.526E-03    8.40       3.7  T
   7    -50.6506081 -0.848476E-07  0.198E-03    8.40       9.9  T
speedup  1.14
cpu  time for SCC    0.01 s
wall time for SCC    0.01 s
speedup  1.02
cpu  time for grad    0.02 s
wall time for grad    0.02 s
 E :    -50.42081500  G :  0.050759    pred/act E change: -0.196D-01 -0.904D-02
Maxdispl :   0.2458   ||displ|| :   0.3958   Lambda : -0.411D-02
Largest |displ|/coords:  0.2458 (   7)  0.2149 (   5)  0.0714 (  10)
................................................................................
.............................. CYCLE    5 ......................................
................................................................................
   1    -50.6529527 -0.506530E+02  0.182E-01    8.36       0.0  T
   2    -50.6530337 -0.810546E-04  0.133E-01    8.40       1.0  T
   3    -50.6530680 -0.342515E-04  0.463E-02    8.48       1.0  T
   4    -50.6530721 -0.412467E-05  0.102E-02    8.47       1.9  T
   5    -50.6530725 -0.411771E-06  0.342E-03    8.47       5.7  T
   6    -50.6530725 -0.145338E-07  0.149E-03    8.47      13.1  T
speedup  0.98
cpu  time for SCC    0.01 s
wall time for SCC    0.01 s
speedup  1.01
cpu  time for grad    0.01 s
wall time for grad    0.01 s
 E :    -50.42384282  G :  0.034927    pred/act E change: -0.807D-02 -0.303D-02
Maxdispl :   0.2195   ||displ|| :   0.4640   Lambda : -0.405D-02
Largest |displ|/coords:  0.2195 (   7)  0.1878 (   5)  0.1296 (   8)
................................................................................
.............................. CYCLE    6 ......................................
................................................................................
   1    -50.6578299 -0.506578E+02  0.290E-01    8.51       0.0  T
   2    -50.6580693 -0.239377E-03  0.212E-01    8.57       1.0  T
   3    -50.6581710 -0.101757E-03  0.758E-02    8.67       1.0  T
   4    -50.6581841 -0.131333E-04  0.177E-02    8.67       1.1  T
   5    -50.6581850 -0.822171E-06  0.512E-03    8.67       3.8  T
   6    -50.6581850 -0.529002E-07  0.265E-03    8.67       7.4  T
speedup  1.03
cpu  time for SCC    0.01 s
wall time for SCC    0.01 s
speedup  1.03
cpu  time for grad    0.01 s
wall time for grad    0.01 s
 E :    -50.42608478  G :  0.025248    pred/act E change: -0.238D-02 -0.224D-02
Maxdispl :   0.1601   ||displ|| :   0.3941   Lambda : -0.223D-02
Largest |displ|/coords:  0.1601 (   5)  0.1365 (   3)  0.1288 (   7)
................................................................................
.............................. CYCLE    7 ......................................
................................................................................
   1    -50.6592452 -0.506592E+02  0.230E-01    8.56       0.0  T
   2    -50.6592934 -0.482147E-04  0.173E-01    8.58       1.0  T
   3    -50.6593133 -0.198577E-04  0.401E-02    8.62       1.0  T
   4    -50.6593199 -0.661881E-05  0.168E-02    8.61       1.2  T
   5    -50.6593202 -0.273573E-06  0.263E-03    8.61       7.5  T
   6    -50.6593202 -0.105567E-07  0.165E-03    8.61      11.9  T
speedup  1.03
cpu  time for SCC    0.01 s
wall time for SCC    0.01 s
speedup  0.97
cpu  time for grad    0.01 s
wall time for grad    0.01 s
 E :    -50.42716148  G :  0.025344    pred/act E change: -0.246D-02 -0.108D-02
Maxdispl :   0.1010   ||displ|| :   0.2698   Lambda : -0.127D-02
Largest |displ|/coords:  0.1010 (   5)  0.0959 (   2)  0.0937 (   3)
................................................................................
.............................. CYCLE    8 ......................................
................................................................................
   1    -50.6587824 -0.506588E+02  0.196E-01    8.54       0.0  T
   2    -50.6588202 -0.377537E-04  0.146E-01    8.55       1.0  T
   3    -50.6588361 -0.159502E-04  0.412E-02    8.56       1.0  T
   4    -50.6588406 -0.443952E-05  0.150E-02    8.56       1.3  T
   5    -50.6588408 -0.254857E-06  0.312E-03    8.56       6.3  T
   6    -50.6588408 -0.136396E-07  0.191E-03    8.56      10.3  T
speedup  1.05
cpu  time for SCC    0.01 s
wall time for SCC    0.01 s
speedup  1.03
cpu  time for grad    0.01 s
wall time for grad    0.01 s
 E :    -50.42801272  G :  0.027149    pred/act E change: -0.129D-02 -0.851D-03
Maxdispl :   0.2020   ||displ|| :   0.3922   Lambda : -0.223D-02
Largest |displ|/coords:  0.2020 (   2)  0.1587 (   3)  0.1249 (   7)
................................................................................
.............................. CYCLE    9 ......................................
................................................................................
   1    -50.6598949 -0.506599E+02  0.288E-01    8.55       0.0  T
   2    -50.6600232 -0.128329E-03  0.213E-01    8.55       1.0  T
   3    -50.6600842 -0.609397E-04  0.706E-02    8.55       1.0  T
   4    -50.6600948 -0.105791E-04  0.238E-02    8.56       1.0  T
   5    -50.6600957 -0.897341E-06  0.642E-03    8.56       3.1  T
   6    -50.6600957 -0.690801E-07  0.369E-03    8.56       5.3  T
   7    -50.6600957 -0.236355E-07  0.112E-03    8.56      17.5  T
speedup  1.03
cpu  time for SCC    0.01 s
wall time for SCC    0.01 s
speedup  1.03
cpu  time for grad    0.02 s
wall time for grad    0.02 s
 E :    -50.42956976  G :  0.034345    pred/act E change: -0.683D-03 -0.156D-02
Maxdispl :   0.1551   ||displ|| :   0.4468   Lambda : -0.386D-02
Largest |displ|/coords:  0.1551 (   2)  0.1301 (  24)  0.1204 (  13)
................................................................................
.............................. CYCLE   10 ......................................
................................................................................
   1    -50.6729374 -0.506729E+02  0.372E-01    8.78       0.0  T
   2    -50.6732386 -0.301238E-03  0.276E-01    8.77       1.0  T
   3    -50.6733967 -0.158063E-03  0.115E-01    8.76       1.0  T
   4    -50.6734180 -0.213859E-04  0.397E-02    8.77       1.0  T
   5    -50.6734207 -0.266500E-05  0.106E-02    8.77       1.9  T
   6    -50.6734209 -0.194382E-06  0.586E-03    8.77       3.3  T
   7    -50.6734210 -0.468284E-07  0.158E-03    8.77      12.4  T
speedup  0.91
cpu  time for SCC    0.01 s
wall time for SCC    0.01 s
speedup  0.96
cpu  time for grad    0.01 s
wall time for grad    0.02 s
 E :    -50.43165582  G :  0.044105    pred/act E change: -0.129D-02 -0.209D-02
Maxdispl :   0.1486   ||displ|| :   0.3254   Lambda : -0.360D-02
Largest |displ|/coords:  0.1486 (   2)  0.1279 (  17)  0.1216 (  24)
................................................................................
.............................. CYCLE   11 ......................................
................................................................................
   1    -50.6774696 -0.506775E+02  0.245E-01    8.90       0.0  T
   2    -50.6775443 -0.747057E-04  0.178E-01    8.90       1.0  T
   3    -50.6775811 -0.368309E-04  0.520E-02    8.89       1.0  T
   4    -50.6775883 -0.713751E-05  0.176E-02    8.89       1.1  T
   5    -50.6775887 -0.458446E-06  0.469E-03    8.89       4.2  T
   6    -50.6775888 -0.450352E-07  0.263E-03    8.89       7.5  T
speedup  1.05
cpu  time for SCC    0.01 s
wall time for SCC    0.01 s
speedup  0.97
cpu  time for grad    0.01 s
wall time for grad    0.01 s
 E :    -50.43368395  G :  0.046000    pred/act E change: -0.232D-02 -0.203D-02
Maxdispl :   0.1559   ||displ|| :   0.4226   Lambda : -0.539D-02
Largest |displ|/coords:  0.1559 (  24)  0.1469 (   2)  0.1368 (   5)
................................................................................
.............................. CYCLE   12 ......................................
................................................................................
   1    -50.6903171 -0.506903E+02  0.278E-01    8.88       0.0  T
   2    -50.6904156 -0.984789E-04  0.206E-01    8.88       1.0  T
   3    -50.6904774 -0.618496E-04  0.529E-02    8.87       1.0  T
   4    -50.6904896 -0.121727E-04  0.164E-02    8.87       1.2  T
   5    -50.6904900 -0.366376E-06  0.659E-03    8.87       3.0  T
   6    -50.6904900 -0.646075E-07  0.366E-03    8.87       5.4  T
   7    -50.6904900 -0.141406E-07  0.760E-04    8.87      25.8  T
speedup  1.01
cpu  time for SCC    0.01 s
wall time for SCC    0.01 s
speedup  0.96
cpu  time for grad    0.01 s
wall time for grad    0.02 s
 E :    -50.43711766  G :  0.047224    pred/act E change: -0.199D-02 -0.343D-02
Maxdispl :   0.2247   ||displ|| :   0.4800   Lambda : -0.654D-02
Largest |displ|/coords:  0.2247 (   2)  0.1267 (  26)  0.1233 (  24)
................................................................................
.............................. CYCLE   13 ......................................
................................................................................
   1    -50.6944265 -0.506944E+02  0.356E-01    8.78       0.0  T
   2    -50.6946681 -0.241565E-03  0.260E-01    8.77       1.0  T
   3    -50.6947939 -0.125835E-03  0.814E-02    8.76       1.0  T
   4    -50.6948171 -0.231648E-04  0.247E-02    8.77       1.0  T
   5    -50.6948182 -0.117788E-05  0.103E-02    8.77       1.9  T
   6    -50.6948184 -0.161577E-06  0.482E-03    8.77       4.1  T
   7    -50.6948184 -0.445994E-07  0.141E-03    8.77      13.9  T
speedup  0.87
cpu  time for SCC    0.01 s
wall time for SCC    0.01 s
speedup  0.96
cpu  time for grad    0.01 s
wall time for grad    0.02 s
 E :    -50.43909183  G :  0.061317    pred/act E change: -0.318D-02 -0.197D-02
Maxdispl :   0.1475   ||displ|| :   0.4145   Lambda : -0.118D-01
Largest |displ|/coords:  0.1475 (  12)  0.1340 (  25)  0.1118 (   7)
................................................................................
.............................. CYCLE   14 ......................................
................................................................................
   1    -50.6963026 -0.506963E+02  0.378E-01    8.78       0.0  T
   2    -50.6965295 -0.226968E-03  0.274E-01    8.79       1.0  T
   3    -50.6966493 -0.119781E-03  0.870E-02    8.81       1.0  T
   4    -50.6966695 -0.201568E-04  0.296E-02    8.79       1.0  T
   5    -50.6966714 -0.193414E-05  0.115E-02    8.79       1.7  T
   6    -50.6966716 -0.192902E-06  0.577E-03    8.79       3.4  T
   7    -50.6966717 -0.579518E-07  0.157E-03    8.79      12.5  T
speedup  0.90
cpu  time for SCC    0.01 s
wall time for SCC    0.01 s
speedup  0.97
cpu  time for grad    0.01 s
wall time for grad    0.02 s
 E :    -50.43911941  G :  0.065071    pred/act E change: -0.403D-02 -0.276D-04
Maxdispl :   0.1251   ||displ|| :   0.4112   Lambda : -0.115D-01
Largest |displ|/coords:  0.1251 (  17)  0.1250 (  24)  0.1130 (   2)
................................................................................
.............................. CYCLE   15 ......................................
................................................................................
   1    -50.7104901 -0.507105E+02  0.374E-01    8.89       0.0  T
   2    -50.7107719 -0.281725E-03  0.274E-01    8.87       1.0  T
   3    -50.7109480 -0.176134E-03  0.946E-02    8.84       1.0  T
   4    -50.7109750 -0.270041E-04  0.341E-02    8.85       1.0  T
   5    -50.7109773 -0.233849E-05  0.137E-02    8.85       1.4  T
   6    -50.7109775 -0.196229E-06  0.558E-03    8.85       3.5  T
   7    -50.7109776 -0.580066E-07  0.153E-03    8.85      12.8  T
speedup  1.00
cpu  time for SCC    0.01 s
wall time for SCC    0.01 s
speedup  0.94
cpu  time for grad    0.01 s
wall time for grad    0.02 s
 E :    -50.44300763  G :  0.055068    pred/act E change: -0.691D-02 -0.389D-02
Maxdispl :   0.0797   ||displ|| :   0.2544   Lambda : -0.736D-02
Largest |displ|/coords:  0.0797 (  32)  0.0787 (  30)  0.0704 (  24)
................................................................................
.............................. CYCLE   16 ......................................
................................................................................
   1    -50.6957281 -0.506957E+02  0.256E-01    8.61       0.0  T
   2    -50.6958582 -0.130010E-03  0.186E-01    8.63       1.0  T
   3    -50.6959424 -0.842386E-04  0.650E-02    8.66       1.0  T
   4    -50.6959547 -0.123134E-04  0.257E-02    8.65       1.0  T
   5    -50.6959561 -0.143347E-05  0.919E-03    8.65       2.1  T
   6    -50.6959563 -0.139871E-06  0.438E-03    8.65       4.5  T
   7    -50.6959563 -0.205061E-07  0.116E-03    8.65      16.9  T
speedup  0.99
cpu  time for SCC    0.01 s
wall time for SCC    0.01 s
speedup  1.01
cpu  time for grad    0.02 s
wall time for grad    0.02 s
 E :    -50.44376381  G :  0.043887    pred/act E change: -0.673D-02 -0.756D-03
Maxdispl :   0.1079   ||displ|| :   0.2604   Lambda : -0.359D-02
Largest |displ|/coords:  0.1079 (  24)  0.0968 (   6)  0.0634 (   2)
................................................................................
.............................. CYCLE   17 ......................................
................................................................................
   1    -50.7096153 -0.507096E+02  0.166E-01    8.83       0.0  T
   2    -50.7096860 -0.706643E-04  0.123E-01    8.82       1.0  T
   3    -50.7097290 -0.430322E-04  0.465E-02    8.81       1.0  T
   4    -50.7097355 -0.648797E-05  0.147E-02    8.81       1.3  T
   5    -50.7097359 -0.367741E-06  0.520E-03    8.81       3.8  T
   6    -50.7097359 -0.225694E-07  0.266E-03    8.81       7.4  T
speedup  1.00
cpu  time for SCC    0.01 s
wall time for SCC    0.01 s
speedup  1.01
cpu  time for grad    0.01 s
wall time for grad    0.01 s
 E :    -50.44623278  G :  0.032464    pred/act E change: -0.392D-02 -0.247D-02
Maxdispl :   0.1081   ||displ|| :   0.3278   Lambda : -0.357D-02
Largest |displ|/coords:  0.1081 (   8)  0.1062 (   2)  0.0834 (  33)
................................................................................
.............................. CYCLE   18 ......................................
................................................................................
   1    -50.7198508 -0.507199E+02  0.221E-01    8.79       0.0  T
   2    -50.7199232 -0.723571E-04  0.164E-01    8.78       1.0  T
   3    -50.7199700 -0.468476E-04  0.492E-02    8.77       1.0  T
   4    -50.7199780 -0.799406E-05  0.170E-02    8.78       1.2  T
   5    -50.7199786 -0.580965E-06  0.692E-03    8.77       2.8  T
   6    -50.7199786 -0.550458E-07  0.278E-03    8.77       7.1  T
   7    -50.7199787 -0.160085E-07  0.715E-04    8.78      27.4  T
speedup  0.92
cpu  time for SCC    0.01 s
wall time for SCC    0.01 s
speedup  0.98
cpu  time for grad    0.02 s
wall time for grad    0.02 s
 E :    -50.44724145  G :  0.041877    pred/act E change: -0.192D-02 -0.101D-02
Maxdispl :   0.0928   ||displ|| :   0.1725   Lambda : -0.235D-02
Largest |displ|/coords:  0.0928 (   6)  0.0573 (   1)  0.0462 (  15)
................................................................................
.............................. CYCLE   19 ......................................
................................................................................
   1    -50.7171242 -0.507171E+02  0.105E-01    8.78       0.0  T
   2    -50.7171350 -0.107935E-04  0.779E-02    8.78       1.0  T
   3    -50.7171412 -0.620138E-05  0.184E-02    8.78       1.1  T
   4    -50.7171425 -0.130886E-05  0.893E-03    8.78       2.2  T
   5    -50.7171427 -0.162662E-06  0.275E-03    8.78       7.1  T
   6    -50.7171427 -0.100204E-07  0.142E-03    8.78      13.8  T
speedup  1.11
cpu  time for SCC    0.01 s
wall time for SCC    0.01 s
speedup  0.99
cpu  time for grad    0.01 s
wall time for grad    0.02 s
 E :    -50.44884567  G :  0.020569    pred/act E change: -0.197D-02 -0.160D-02
Maxdispl :   0.0863   ||displ|| :   0.2709   Lambda : -0.190D-02
Largest |displ|/coords:  0.0863 (  20)  0.0834 (   1)  0.0822 (  30)
................................................................................
.............................. CYCLE   20 ......................................
................................................................................
   1    -50.7215605 -0.507216E+02  0.156E-01    8.83       0.0  T
   2    -50.7215822 -0.216658E-04  0.116E-01    8.83       1.0  T
   3    -50.7215942 -0.120298E-04  0.257E-02    8.84       1.0  T
   4    -50.7215971 -0.284418E-05  0.973E-03    8.84       2.0  T
   5    -50.7215972 -0.118011E-06  0.311E-03    8.84       6.3  T
   6    -50.7215972 -0.103715E-07  0.171E-03    8.84      11.4  T
speedup  0.98
cpu  time for SCC    0.01 s
wall time for SCC    0.01 s
speedup  1.02
cpu  time for grad    0.01 s
wall time for grad    0.01 s
 E :    -50.44990335  G :  0.019032    pred/act E change: -0.121D-02 -0.106D-02
Maxdispl :   0.1717   ||displ|| :   0.3654   Lambda : -0.172D-02
Largest |displ|/coords:  0.1717 (   6)  0.1213 (   1)  0.1089 (  10)
................................................................................
.............................. CYCLE   21 ......................................
................................................................................
   1    -50.7188331 -0.507188E+02  0.211E-01    8.76       0.0  T
   2    -50.7188528 -0.197878E-04  0.156E-01    8.77       1.0  T
   3    -50.7188691 -0.162209E-04  0.309E-02    8.78       1.0  T
   4    -50.7188712 -0.209617E-05  0.857E-03    8.78       2.3  T
   5    -50.7188713 -0.116521E-06  0.356E-03    8.77       5.5  T
   6    -50.7188713 -0.219714E-07  0.188E-03    8.77      10.4  T
   7    -50.7188713 -0.637336E-08  0.637E-04    8.77      30.8  T
speedup  0.92
cpu  time for SCC    0.01 s
wall time for SCC    0.01 s
speedup  0.98
cpu  time for grad    0.02 s
wall time for grad    0.02 s
 E :    -50.45061573  G :  0.017997    pred/act E change: -0.102D-02 -0.712D-03
Maxdispl :   0.0505   ||displ|| :   0.1608   Lambda : -0.791D-03
Largest |displ|/coords:  0.0505 (  24)  0.0468 (   1)  0.0463 (  14)
................................................................................
.............................. CYCLE   22 ......................................
................................................................................
   1    -50.7196703 -0.507197E+02  0.900E-02    8.75       0.0  T
   2    -50.7196818 -0.114614E-04  0.675E-02    8.75       1.0  T
   3    -50.7196888 -0.701989E-05  0.221E-02    8.74       1.0  T
   4    -50.7196901 -0.122493E-05  0.728E-03    8.75       2.7  T
   5    -50.7196902 -0.110383E-06  0.206E-03    8.75       9.5  T
   6    -50.7196902 -0.575069E-08  0.108E-03    8.75      18.2  T
speedup  1.02
cpu  time for SCC    0.01 s
wall time for SCC    0.01 s
speedup  0.96
cpu  time for grad    0.01 s
wall time for grad    0.01 s
 E :    -50.45110650  G :  0.013338    pred/act E change: -0.974D-03 -0.491D-03
Maxdispl :   0.1010   ||displ|| :   0.3144   Lambda : -0.102D-02
Largest |displ|/coords:  0.1010 (  11)  0.0878 (  21)  0.0860 (  13)
................................................................................
.............................. CYCLE   23 ......................................
................................................................................
   1    -50.7255715 -0.507256E+02  0.183E-01    8.89       0.0  T
   2    -50.7255901 -0.185953E-04  0.134E-01    8.88       1.0  T
   3    -50.7256013 -0.112953E-04  0.302E-02    8.88       1.0  T
   4    -50.7256036 -0.222796E-05  0.112E-02    8.88       1.8  T
   5    -50.7256037 -0.127446E-06  0.270E-03    8.88       7.3  T
   6    -50.7256037 -0.118872E-07  0.166E-03    8.88      11.8  T
speedup  0.97
cpu  time for SCC    0.01 s
wall time for SCC    0.01 s
speedup  1.01
cpu  time for grad    0.01 s
wall time for grad    0.01 s
 E :    -50.45142593  G :  0.015599    pred/act E change: -0.406D-03 -0.319D-03
Maxdispl :   0.0934   ||displ|| :   0.1819   Lambda : -0.526D-03
Largest |displ|/coords:  0.0934 (   1)  0.0692 (   6)  0.0511 (   3)
................................................................................
.............................. CYCLE   24 ......................................
................................................................................
   1    -50.7259880 -0.507260E+02  0.102E-01    8.82       0.0  T
   2    -50.7259976 -0.959422E-05  0.761E-02    8.82       1.0  T
   3    -50.7260036 -0.603156E-05  0.187E-02    8.82       1.1  T
   4    -50.7260048 -0.116999E-05  0.694E-03    8.82       2.8  T
   5    -50.7260049 -0.844819E-07  0.213E-03    8.82       9.2  T
   6    -50.7260049 -0.686030E-08  0.102E-03    8.82      19.3  T
speedup  1.02
cpu  time for SCC    0.01 s
wall time for SCC    0.01 s
speedup  1.02
cpu  time for grad    0.01 s
wall time for grad    0.01 s
 E :    -50.45169033  G :  0.010413    pred/act E change: -0.560D-03 -0.264D-03
Maxdispl :   0.0846   ||displ|| :   0.1525   Lambda : -0.337D-03
Largest |displ|/coords:  0.0846 (   1)  0.0501 (  10)  0.0473 (   2)
................................................................................
.............................. CYCLE   25 ......................................
................................................................................
   1    -50.7220795 -0.507221E+02  0.851E-02    8.81       0.0  T
   2    -50.7220835 -0.405507E-05  0.626E-02    8.81       1.0  T
   3    -50.7220861 -0.259117E-05  0.124E-02    8.81       1.6  T
   4    -50.7220866 -0.425931E-06  0.391E-03    8.81       5.0  T
   5    -50.7220866 -0.243395E-07  0.139E-03    8.81      14.1  T
   6    -50.7220866 -0.208660E-08  0.701E-04    8.81      28.0  T
speedup  0.95
cpu  time for SCC    0.01 s
wall time for SCC    0.01 s
speedup  0.99
cpu  time for grad    0.01 s
wall time for grad    0.02 s
 E :    -50.45176290  G :  0.012208    pred/act E change: -0.272D-03 -0.726D-04
Maxdispl :   0.0468   ||displ|| :   0.0856   Lambda : -0.229D-03
Largest |displ|/coords:  0.0468 (   6)  0.0353 (   1)  0.0204 (  14)

generating ANC from model Hessian ...
 Shifting diagonal of input Hessian by   4.718358861986397E-003
 Lowest  eigenvalues of input Hessian
   -0.000000   -0.000000   -0.000000   -0.000000   -0.000000    0.000000
    0.005000    0.005479    0.005861    0.006571    0.006856    0.007096
    0.007785    0.009133    0.009731    0.010828    0.011681    0.012472
 Highest eigenvalues
    1.381967    1.387694    1.396563    2.527464    3.279371    3.805649
 
cpu  time for ANC gen    0.03 s
wall time for ANC gen    0.03 s
................................................................................
.............................. CYCLE   26 ......................................
................................................................................
   1    -50.7245044 -0.507245E+02  0.517E-02    8.85       0.0  T
   2    -50.7245058 -0.135520E-05  0.385E-02    8.85       1.0  T
   3    -50.7245067 -0.894384E-06  0.792E-03    8.85       2.5  T
   4    -50.7245069 -0.162767E-06  0.272E-03    8.85       7.2  T
   5    -50.7245069 -0.105645E-07  0.770E-04    8.85      25.5  T
   6    -50.7245069 -0.607180E-09  0.459E-04    8.85      42.7  T
speedup  1.00
cpu  time for SCC    0.01 s
wall time for SCC    0.01 s
speedup  1.03
cpu  time for grad    0.02 s
wall time for grad    0.02 s
 E :    -50.45189976  G :  0.005910    pred/act E change:  0.000D+00 -0.137D-03
Maxdispl :   0.0384   ||displ|| :   0.0782   Lambda : -0.123D-03
Largest |displ|/coords:  0.0384 (   1)  0.0307 (   6)  0.0248 (  13)
................................................................................
.............................. CYCLE   27 ......................................
................................................................................
   1    -50.7248626 -0.507249E+02  0.486E-02    8.86       0.0  T
   2    -50.7248630 -0.437338E-06  0.363E-02    8.86       1.0  T
   3    -50.7248634 -0.390326E-06  0.463E-03    8.86       4.2  T
   4    -50.7248634 -0.385524E-07  0.161E-03    8.86      12.2  T
   5    -50.7248634 -0.254561E-08  0.389E-04    8.86      50.5  T
speedup  0.94
cpu  time for SCC    0.01 s
wall time for SCC    0.01 s
speedup  1.00
cpu  time for grad    0.01 s
wall time for grad    0.01 s
 E :    -50.45197256  G :  0.003051    pred/act E change:  0.000D+00 -0.728D-04
Maxdispl :   0.0855   ||displ|| :   0.1243   Lambda : -0.953D-04
Largest |displ|/coords:  0.0855 (   1)  0.0545 (   5)  0.0337 (   4)
................................................................................
.............................. CYCLE   28 ......................................
................................................................................
   1    -50.7251524 -0.507252E+02  0.735E-02    8.87       0.0  T
   2    -50.7251533 -0.931896E-06  0.542E-02    8.87       1.0  T
   3    -50.7251542 -0.846793E-06  0.638E-03    8.88       3.1  T
   4    -50.7251542 -0.647904E-07  0.242E-03    8.88       8.1  T
   5    -50.7251542 -0.505089E-08  0.632E-04    8.88      31.0  T
   6    -50.7251542 -0.440231E-09  0.395E-04    8.88      49.7  T
speedup  1.09
cpu  time for SCC    0.01 s
wall time for SCC    0.01 s
speedup  1.01
cpu  time for grad    0.02 s
wall time for grad    0.02 s
 E :    -50.45202026  G :  0.003106    pred/act E change: -0.619D-04 -0.477D-04
Maxdispl :   0.0794   ||displ|| :   0.1086   Lambda : -0.626D-04
Largest |displ|/coords:  0.0794 (   1)  0.0393 (   6)  0.0277 (  13)
................................................................................
.............................. CYCLE   29 ......................................
................................................................................
   1    -50.7251693 -0.507252E+02  0.623E-02    8.88       0.0  T
   2    -50.7251702 -0.882909E-06  0.462E-02    8.88       1.0  T
   3    -50.7251710 -0.751304E-06  0.635E-03    8.88       3.1  T
   4    -50.7251710 -0.904589E-07  0.283E-03    8.88       6.9  T
   5    -50.7251711 -0.730632E-08  0.636E-04    8.88      30.8  T
   6    -50.7251711 -0.512280E-09  0.403E-04    8.88      48.7  T
speedup  1.00
cpu  time for SCC    0.01 s
wall time for SCC    0.01 s
speedup  0.99
cpu  time for grad    0.01 s
wall time for grad    0.02 s
 E :    -50.45206396  G :  0.003562    pred/act E change: -0.484D-04 -0.437D-04
Maxdispl :   0.1404   ||displ|| :   0.1760   Lambda : -0.715D-04
Largest |displ|/coords:  0.1404 (   1)  0.0492 (   2)  0.0425 (  13)
................................................................................
.............................. CYCLE   30 ......................................
................................................................................
   1    -50.7248026 -0.507248E+02  0.935E-02    8.89       0.0  T
   2    -50.7248045 -0.190611E-05  0.693E-02    8.89       1.0  T
   3    -50.7248062 -0.172065E-05  0.929E-03    8.89       2.1  T
   4    -50.7248064 -0.178199E-06  0.411E-03    8.89       4.8  T
   5    -50.7248064 -0.192612E-07  0.993E-04    8.89      19.8  T
   6    -50.7248064 -0.130795E-08  0.660E-04    8.89      29.7  T
speedup  1.02
cpu  time for SCC    0.01 s
wall time for SCC    0.01 s
speedup  0.99
cpu  time for grad    0.01 s
wall time for grad    0.02 s
 E :    -50.45211985  G :  0.003451    pred/act E change: -0.316D-04 -0.559D-04
Maxdispl :   0.2573   ||displ|| :   0.3201   Lambda : -0.108D-03
Largest |displ|/coords:  0.2573 (   1)  0.1057 (   2)  0.0719 (  13)
................................................................................
.............................. CYCLE   31 ......................................
................................................................................
   1    -50.7237777 -0.507238E+02  0.159E-01    8.88       0.0  T
   2    -50.7237838 -0.604585E-05  0.118E-01    8.88       1.0  T
   3    -50.7237890 -0.519748E-05  0.163E-02    8.88       1.2  T
   4    -50.7237896 -0.653419E-06  0.734E-03    8.88       2.7  T
   5    -50.7237897 -0.630580E-07  0.177E-03    8.88      11.1  T
   6    -50.7237897 -0.423611E-08  0.119E-03    8.88      16.5  T
   7    -50.7237897 -0.234672E-08  0.310E-04    8.88      63.2  T
   8    -50.7237897 -0.267825E-09  0.116E-04    8.88     168.5  T
speedup  1.04
cpu  time for SCC    0.01 s
wall time for SCC    0.01 s
speedup  1.02
cpu  time for grad    0.02 s
wall time for grad    0.02 s
 E :    -50.45219712  G :  0.005215    pred/act E change: -0.368D-04 -0.773D-04
Maxdispl :   0.2743   ||displ|| :   0.3568   Lambda : -0.126D-03
Largest |displ|/coords:  0.2743 (   1)  0.1343 (   2)  0.0882 (  13)
................................................................................
.............................. CYCLE   32 ......................................
................................................................................
   1    -50.7231207 -0.507231E+02  0.158E-01    8.87       0.0  T
   2    -50.7231279 -0.722131E-05  0.118E-01    8.87       1.0  T
   3    -50.7231336 -0.573669E-05  0.176E-02    8.86       1.1  T
   4    -50.7231345 -0.893455E-06  0.780E-03    8.87       2.5  T
   5    -50.7231346 -0.756587E-07  0.191E-03    8.87      10.3  T
   6    -50.7231346 -0.532855E-08  0.126E-03    8.87      15.5  T
speedup  1.02
cpu  time for SCC    0.01 s
wall time for SCC    0.01 s
speedup  0.97
cpu  time for grad    0.01 s
wall time for grad    0.01 s
 E :    -50.45228772  G :  0.007826    pred/act E change: -0.595D-04 -0.906D-04
Maxdispl :   0.3136   ||displ|| :   0.4300   Lambda : -0.210D-03
Largest |displ|/coords:  0.3136 (   1)  0.1721 (   2)  0.1075 (  13)
................................................................................
.............................. CYCLE   33 ......................................
................................................................................
   1    -50.7238236 -0.507238E+02  0.174E-01    8.85       0.0  T
   2    -50.7238346 -0.109616E-04  0.130E-01    8.85       1.0  T
   3    -50.7238419 -0.734820E-05  0.210E-02    8.85       1.0  T
   4    -50.7238436 -0.162648E-05  0.870E-03    8.85       2.3  T
   5    -50.7238437 -0.103457E-06  0.226E-03    8.85       8.7  T
   6    -50.7238437 -0.851248E-08  0.144E-03    8.85      13.6  T
speedup  1.02
cpu  time for SCC    0.01 s
wall time for SCC    0.01 s
speedup  0.97
cpu  time for grad    0.01 s
wall time for grad    0.01 s
 E :    -50.45244196  G :  0.011170    pred/act E change: -0.709D-04 -0.154D-03
Maxdispl :   0.4137   ||displ|| :   0.5400   Lambda : -0.329D-03
Largest |displ|/coords:  0.4137 (   1)  0.1904 (   2)  0.1355 (  13)
................................................................................
.............................. CYCLE   34 ......................................
................................................................................
   1    -50.7240112 -0.507240E+02  0.203E-01    8.84       0.0  T
   2    -50.7240258 -0.145960E-04  0.151E-01    8.84       1.0  T
   3    -50.7240361 -0.103022E-04  0.244E-02    8.84       1.0  T
   4    -50.7240381 -0.204170E-05  0.970E-03    8.84       2.0  T
   5    -50.7240383 -0.135079E-06  0.263E-03    8.84       7.5  T
   6    -50.7240383 -0.109513E-07  0.167E-03    8.84      11.7  T
speedup  1.02
cpu  time for SCC    0.01 s
wall time for SCC    0.01 s
speedup  1.03
cpu  time for grad    0.01 s
wall time for grad    0.01 s
 E :    -50.45273191  G :  0.012854    pred/act E change: -0.125D-03 -0.290D-03
Maxdispl :   0.2444   ||displ|| :   0.4879   Lambda : -0.850D-03
Largest |displ|/coords:  0.2444 (   1)  0.2160 (   7)  0.2050 (  12)
................................................................................
.............................. CYCLE   35 ......................................
................................................................................
   1    -50.7370814 -0.507371E+02  0.188E-01    9.11       0.0  T
   2    -50.7371003 -0.189355E-04  0.137E-01    9.11       1.0  T
   3    -50.7371123 -0.119614E-04  0.288E-02    9.10       1.0  T
   4    -50.7371145 -0.223848E-05  0.775E-03    9.10       2.5  T
   5    -50.7371146 -0.101411E-06  0.302E-03    9.10       6.5  T
   6    -50.7371146 -0.162100E-07  0.156E-03    9.10      12.5  T
   7    -50.7371146 -0.394368E-08  0.581E-04    9.10      33.7  T
speedup  0.97
cpu  time for SCC    0.01 s
wall time for SCC    0.01 s
speedup  1.01
cpu  time for grad    0.02 s
wall time for grad    0.02 s
 E :    -50.45257592  G :  0.023884    pred/act E change: -0.213D-03  0.156D-03
Maxdispl :   0.3146   ||displ|| :   0.3858   Lambda : -0.132D-02
Largest |displ|/coords:  0.3146 (   1)  0.1077 (   2)  0.0919 (   9)
................................................................................
.............................. CYCLE   36 ......................................
................................................................................
   1    -50.7273208 -0.507273E+02  0.220E-01    8.97       0.0  T
   2    -50.7273399 -0.191799E-04  0.162E-01    8.97       1.0  T
   3    -50.7273507 -0.107614E-04  0.302E-02    8.96       1.0  T
   4    -50.7273533 -0.259271E-05  0.102E-02    8.97       1.9  T
   5    -50.7273534 -0.140013E-06  0.300E-03    8.97       6.5  T
   6    -50.7273535 -0.171727E-07  0.178E-03    8.97      11.0  T
speedup  1.00
cpu  time for SCC    0.01 s
wall time for SCC    0.01 s
speedup  1.03
cpu  time for grad    0.01 s
wall time for grad    0.01 s
 E :    -50.45327431  G :  0.012767    pred/act E change: -0.526D-03 -0.698D-03
Maxdispl :   0.1446   ||displ|| :   0.2620   Lambda : -0.333D-03
Largest |displ|/coords:  0.1446 (   1)  0.1063 (   2)  0.1055 (   6)
................................................................................
.............................. CYCLE   37 ......................................
................................................................................
   1    -50.7264126 -0.507264E+02  0.124E-01    8.90       0.0  T
   2    -50.7264225 -0.999349E-05  0.924E-02    8.90       1.0  T
   3    -50.7264281 -0.555112E-05  0.223E-02    8.89       1.0  T
   4    -50.7264294 -0.133980E-05  0.736E-03    8.89       2.7  T
   5    -50.7264295 -0.987423E-07  0.205E-03    8.89       9.6  T
   6    -50.7264295 -0.784165E-08  0.126E-03    8.89      15.6  T
speedup  1.09
cpu  time for SCC    0.01 s
wall time for SCC    0.01 s
speedup  1.05
cpu  time for grad    0.02 s
wall time for grad    0.02 s
 E :    -50.45345455  G :  0.013485    pred/act E change: -0.760D-03 -0.180D-03
Maxdispl :   0.1121   ||displ|| :   0.1901   Lambda : -0.474D-03
Largest |displ|/coords:  0.1121 (   1)  0.0664 (  14)  0.0502 (  10)
................................................................................
.............................. CYCLE   38 ......................................
................................................................................
   1    -50.7287282 -0.507287E+02  0.111E-01    9.06       0.0  T
   2    -50.7287355 -0.738495E-05  0.831E-02    9.06       1.0  T
   3    -50.7287393 -0.377547E-05  0.145E-02    9.06       1.4  T
   4    -50.7287405 -0.117376E-05  0.615E-03    9.06       3.2  T
   5    -50.7287405 -0.419102E-07  0.153E-03    9.06      12.8  T
   6    -50.7287405 -0.366084E-08  0.881E-04    9.06      22.3  T
speedup  1.00
cpu  time for SCC    0.01 s
wall time for SCC    0.01 s
speedup  0.97
cpu  time for grad    0.01 s
wall time for grad    0.01 s
 E :    -50.45364531  G :  0.009380    pred/act E change: -0.178D-03 -0.191D-03
Maxdispl :   0.4890   ||displ|| :   0.6742   Lambda : -0.678D-03
Largest |displ|/coords:  0.4890 (   1)  0.2062 (   2)  0.1896 (   7)
................................................................................
.............................. CYCLE   39 ......................................
................................................................................
   1    -50.7306533 -0.507307E+02  0.263E-01    9.13       0.0  T
   2    -50.7307104 -0.570736E-04  0.195E-01    9.10       1.0  T
   3    -50.7307390 -0.286656E-04  0.454E-02    9.03       1.0  T
   4    -50.7307463 -0.728016E-05  0.160E-02    9.04       1.2  T
   5    -50.7307469 -0.527316E-06  0.487E-03    9.04       4.0  T
   6    -50.7307469 -0.466650E-07  0.286E-03    9.04       6.9  T
   7    -50.7307469 -0.218711E-07  0.101E-03    9.04      19.4  T
speedup  0.90
cpu  time for SCC    0.01 s
wall time for SCC    0.01 s
speedup  0.99
cpu  time for grad    0.01 s
wall time for grad    0.02 s
 E :    -50.45393447  G :  0.010605    pred/act E change: -0.245D-03 -0.289D-03
Maxdispl :   0.0896   ||displ|| :   0.1552   Lambda : -0.280D-03
Largest |displ|/coords:  0.0896 (   1)  0.0577 (  13)  0.0509 (  12)
................................................................................
.............................. CYCLE   40 ......................................
................................................................................
   1    -50.7321840 -0.507322E+02  0.684E-02    9.06       0.0  T
   2    -50.7321851 -0.108289E-05  0.507E-02    9.06       1.0  T
   3    -50.7321860 -0.890985E-06  0.829E-03    9.07       2.4  T
   4    -50.7321861 -0.111973E-06  0.206E-03    9.07       9.5  T
   5    -50.7321861 -0.779875E-08  0.681E-04    9.07      28.8  T
speedup  0.96
cpu  time for SCC    0.01 s
wall time for SCC    0.01 s
speedup  1.03
cpu  time for grad    0.01 s
wall time for grad    0.01 s
 E :    -50.45411815  G :  0.007990    pred/act E change: -0.493D-03 -0.184D-03
Maxdispl :   0.1468   ||displ|| :   0.2991   Lambda : -0.372D-03
Largest |displ|/coords:  0.1468 (   4)  0.1399 (   5)  0.1069 (   6)
................................................................................
.............................. CYCLE   41 ......................................
................................................................................
   1    -50.7325378 -0.507325E+02  0.159E-01    8.99       0.0  T
   2    -50.7325527 -0.148986E-04  0.118E-01    8.97       1.0  T
   3    -50.7325603 -0.764811E-05  0.212E-02    8.93       1.0  T
   4    -50.7325623 -0.194668E-05  0.911E-03    8.93       2.2  T
   5    -50.7325624 -0.133437E-06  0.239E-03    8.93       8.2  T
   6    -50.7325624 -0.107288E-07  0.149E-03    8.93      13.1  T
speedup  0.97
cpu  time for SCC    0.01 s
wall time for SCC    0.01 s
speedup  0.95
cpu  time for grad    0.01 s
wall time for grad    0.01 s
 E :    -50.45444916  G :  0.009706    pred/act E change: -0.143D-03 -0.331D-03
Maxdispl :   0.4509   ||displ|| :   0.7816   Lambda : -0.956D-03
Largest |displ|/coords:  0.4509 (   4)  0.3576 (   5)  0.2615 (   6)
................................................................................
.............................. CYCLE   42 ......................................
................................................................................
   1    -50.7273368 -0.507273E+02  0.417E-01    8.67       0.0  T
   2    -50.7274290 -0.921872E-04  0.308E-01    8.62       1.0  T
   3    -50.7274789 -0.499165E-04  0.498E-02    8.51       1.0  T
   4    -50.7274910 -0.120846E-04  0.216E-02    8.51       1.0  T
   5    -50.7274918 -0.823228E-06  0.614E-03    8.52       3.2  T
   6    -50.7274919 -0.681718E-07  0.379E-03    8.52       5.2  T
   7    -50.7274919 -0.296428E-07  0.125E-03    8.52      15.6  T
   8    -50.7274919 -0.356293E-08  0.397E-04    8.52      49.4  T
speedup  1.04
cpu  time for SCC    0.01 s
wall time for SCC    0.01 s
speedup  1.04
cpu  time for grad    0.02 s
wall time for grad    0.02 s
 E :    -50.45462536  G :  0.034570    pred/act E change: -0.203D-03 -0.176D-03
Maxdispl :   0.1492   ||displ|| :   0.2148   Lambda : -0.159D-02
Largest |displ|/coords:  0.1492 (   5)  0.0774 (   2)  0.0569 (   4)
................................................................................
.............................. CYCLE   43 ......................................
................................................................................
   1    -50.7351566 -0.507352E+02  0.159E-01    8.61       0.0  T
   2    -50.7351695 -0.128531E-04  0.116E-01    8.59       1.0  T
   3    -50.7351758 -0.637119E-05  0.184E-02    8.56       1.1  T
   4    -50.7351775 -0.168446E-05  0.537E-03    8.58       3.6  T
   5    -50.7351776 -0.218739E-07  0.206E-03    8.58       9.5  T
speedup  1.06
cpu  time for SCC    0.01 s
wall time for SCC    0.00 s
speedup  0.99
cpu  time for grad    0.01 s
wall time for grad    0.01 s
 E :    -50.45527250  G :  0.022522    pred/act E change: -0.770D-03 -0.647D-03
Maxdispl :   0.1413   ||displ|| :   0.2435   Lambda : -0.667D-03
Largest |displ|/coords:  0.1413 (   1)  0.1142 (   4)  0.0789 (   5)
................................................................................
.............................. CYCLE   44 ......................................
................................................................................
   1    -50.7357503 -0.507358E+02  0.114E-01    8.60       0.0  T
   2    -50.7357643 -0.139894E-04  0.846E-02    8.58       1.0  T
   3    -50.7357717 -0.746012E-05  0.204E-02    8.53       1.0  T
   4    -50.7357734 -0.166656E-05  0.731E-03    8.53       2.7  T
   5    -50.7357735 -0.114621E-06  0.246E-03    8.54       8.0  T
   6    -50.7357735 -0.974214E-08  0.140E-03    8.54      14.1  T
speedup  1.00
cpu  time for SCC    0.01 s
wall time for SCC    0.01 s
speedup  1.03
cpu  time for grad    0.01 s
wall time for grad    0.01 s
 E :    -50.45582372  G :  0.014556    pred/act E change: -0.830D-03 -0.551D-03
Maxdispl :   0.4138   ||displ|| :   0.5789   Lambda : -0.178D-02
Largest |displ|/coords:  0.4138 (   4)  0.1604 (   5)  0.1389 (   6)
................................................................................
.............................. CYCLE   45 ......................................
................................................................................
   1    -50.7365736 -0.507366E+02  0.328E-01    8.61       0.0  T
   2    -50.7366574 -0.838399E-04  0.244E-01    8.58       1.0  T
   3    -50.7366977 -0.402525E-04  0.522E-02    8.52       1.0  T
   4    -50.7367093 -0.116509E-04  0.198E-02    8.51       1.0  T
   5    -50.7367100 -0.622904E-06  0.567E-03    8.52       3.5  T
   6    -50.7367100 -0.450170E-07  0.333E-03    8.52       5.9  T
   7    -50.7367100 -0.236771E-07  0.840E-04    8.52      23.3  T
   8    -50.7367100 -0.180503E-08  0.211E-04    8.52      92.9  T
speedup  1.03
cpu  time for SCC    0.01 s
wall time for SCC    0.01 s
speedup  0.98
cpu  time for grad    0.02 s
wall time for grad    0.02 s
 E :    -50.45649358  G :  0.024132    pred/act E change: -0.353D-03 -0.670D-03
Maxdispl :   0.1036   ||displ|| :   0.1884   Lambda : -0.882D-03
Largest |displ|/coords:  0.1036 (   1)  0.1021 (   2)  0.0501 (   5)
................................................................................
.............................. CYCLE   46 ......................................
................................................................................
   1    -50.7390191 -0.507390E+02  0.104E-01    8.48       0.0  T
   2    -50.7390318 -0.127002E-04  0.750E-02    8.46       1.0  T
   3    -50.7390363 -0.450859E-05  0.203E-02    8.41       1.0  T
   4    -50.7390378 -0.145155E-05  0.395E-03    8.42       5.0  T
   5    -50.7390378 -0.213813E-07  0.179E-03    8.42      11.0  T
speedup  1.00
cpu  time for SCC    0.00 s
wall time for SCC    0.01 s
speedup  0.96
cpu  time for grad    0.01 s
wall time for grad    0.01 s
 E :    -50.45698970  G :  0.010763    pred/act E change: -0.119D-02 -0.496D-03
Maxdispl :   0.1312   ||displ|| :   0.1980   Lambda : -0.329D-03
Largest |displ|/coords:  0.1312 (   4)  0.0613 (   6)  0.0610 (   7)
................................................................................
.............................. CYCLE   47 ......................................
................................................................................
   1    -50.7398848 -0.507399E+02  0.956E-02    8.37       0.0  T
   2    -50.7398910 -0.615664E-05  0.713E-02    8.35       1.0  T
   3    -50.7398940 -0.306723E-05  0.150E-02    8.30       1.3  T
   4    -50.7398950 -0.939294E-06  0.452E-03    8.31       4.3  T
   5    -50.7398950 -0.356439E-07  0.161E-03    8.31      12.2  T
   6    -50.7398950 -0.375429E-08  0.934E-04    8.31      21.0  T
speedup  1.03
cpu  time for SCC    0.01 s
wall time for SCC    0.01 s
speedup  1.04
cpu  time for grad    0.01 s
wall time for grad    0.01 s
 E :    -50.45722457  G :  0.007470    pred/act E change: -0.457D-03 -0.235D-03
Maxdispl :   0.1665   ||displ|| :   0.3175   Lambda : -0.520D-03
Largest |displ|/coords:  0.1665 (   1)  0.1477 (   4)  0.1326 (   2)
................................................................................
.............................. CYCLE   48 ......................................
................................................................................
   1    -50.7432481 -0.507432E+02  0.210E-01    8.40       0.0  T
   2    -50.7432590 -0.108667E-04  0.154E-01    8.40       1.0  T
   3    -50.7432671 -0.812588E-05  0.257E-02    8.42       1.0  T
   4    -50.7432681 -0.100755E-05  0.947E-03    8.41       2.1  T
   5    -50.7432682 -0.802003E-07  0.199E-03    8.41       9.9  T
   6    -50.7432682 -0.372103E-08  0.122E-03    8.41      16.0  T
speedup  1.00
cpu  time for SCC    0.01 s
wall time for SCC    0.01 s
speedup  0.97
cpu  time for grad    0.01 s
wall time for grad    0.01 s
 E :    -50.45733111  G :  0.013571    pred/act E change: -0.171D-03 -0.107D-03
Maxdispl :   0.1541   ||displ|| :   0.2275   Lambda : -0.415D-03
Largest |displ|/coords:  0.1541 (   4)  0.0786 (   6)  0.0536 (   5)
................................................................................
.............................. CYCLE   49 ......................................
................................................................................
   1    -50.7392242 -0.507392E+02  0.114E-01    8.30       0.0  T
   2    -50.7392319 -0.769222E-05  0.858E-02    8.29       1.0  T
   3    -50.7392366 -0.473084E-05  0.151E-02    8.25       1.3  T
   4    -50.7392378 -0.116754E-05  0.557E-03    8.25       3.5  T
   5    -50.7392378 -0.638670E-07  0.206E-03    8.25       9.5  T
   6    -50.7392379 -0.689858E-08  0.119E-03    8.25      16.5  T
speedup  1.13
cpu  time for SCC    0.01 s
wall time for SCC    0.01 s
speedup  1.01
cpu  time for grad    0.01 s
wall time for grad    0.01 s
 E :    -50.45742516  G :  0.012136    pred/act E change: -0.286D-03 -0.940D-04
Maxdispl :   0.1281   ||displ|| :   0.1846   Lambda : -0.467D-03
Largest |displ|/coords:  0.1281 (   4)  0.0416 (  10)  0.0362 (  16)
................................................................................
.............................. CYCLE   50 ......................................
................................................................................
   1    -50.7425456 -0.507425E+02  0.106E-01    8.26       0.0  T
   2    -50.7425515 -0.591223E-05  0.774E-02    8.25       1.0  T
   3    -50.7425538 -0.229397E-05  0.152E-02    8.24       1.3  T
   4    -50.7425547 -0.890221E-06  0.481E-03    8.25       4.1  T
   5    -50.7425548 -0.207028E-07  0.129E-03    8.25      15.2  T
   6    -50.7425548 -0.214758E-08  0.700E-04    8.25      28.0  T
speedup  1.13
cpu  time for SCC    0.01 s
wall time for SCC    0.01 s
speedup  1.01
cpu  time for grad    0.01 s
wall time for grad    0.01 s
 E :    -50.45752044  G :  0.008442    pred/act E change: -0.218D-03 -0.953D-04
Maxdispl :   0.0951   ||displ|| :   0.1376   Lambda : -0.240D-03
Largest |displ|/coords:  0.0951 (   1)  0.0592 (   2)  0.0298 (  17)
................................................................................
.............................. CYCLE   51 ......................................
................................................................................
   1    -50.7414878 -0.507415E+02  0.729E-02    8.26       0.0  T
   2    -50.7414914 -0.361648E-05  0.532E-02    8.28       1.0  T
   3    -50.7414933 -0.184365E-05  0.109E-02    8.31       1.8  T
   4    -50.7414937 -0.445765E-06  0.345E-03    8.30       5.7  T
   5    -50.7414937 -0.177727E-07  0.115E-03    8.30      17.1  T
   6    -50.7414937 -0.239982E-08  0.610E-04    8.30      32.2  T
speedup  0.95
cpu  time for SCC    0.01 s
wall time for SCC    0.01 s
speedup  0.95
cpu  time for grad    0.01 s
wall time for grad    0.01 s
 E :    -50.45764709  G :  0.004641    pred/act E change: -0.241D-03 -0.127D-03
Maxdispl :   0.0828   ||displ|| :   0.1388   Lambda : -0.108D-03
Largest |displ|/coords:  0.0828 (   1)  0.0757 (   4)  0.0333 (  11)
................................................................................
.............................. CYCLE   52 ......................................
................................................................................
   1    -50.7409537 -0.507410E+02  0.893E-02    8.29       0.0  T
   2    -50.7409556 -0.191515E-05  0.661E-02    8.29       1.0  T
   3    -50.7409570 -0.142808E-05  0.102E-02    8.29       1.9  T
   4    -50.7409573 -0.227483E-06  0.359E-03    8.29       5.5  T
   5    -50.7409573 -0.126047E-07  0.871E-04    8.29      22.5  T
   6    -50.7409573 -0.979682E-09  0.537E-04    8.29      36.5  T
speedup  0.90
cpu  time for SCC    0.01 s
wall time for SCC    0.01 s
speedup  0.99
cpu  time for grad    0.01 s
wall time for grad    0.02 s
 E :    -50.45769476  G :  0.005697    pred/act E change: -0.122D-03 -0.477D-04
Maxdispl :   0.0693   ||displ|| :   0.1185   Lambda : -0.835D-04
Largest |displ|/coords:  0.0693 (   1)  0.0519 (  12)  0.0317 (   2)

generating ANC from model Hessian ...
 Shifting diagonal of input Hessian by   4.624506886225641E-003
 Lowest  eigenvalues of input Hessian
   -0.000000   -0.000000   -0.000000    0.000000    0.000000    0.000000
    0.005000    0.005227    0.005725    0.006201    0.006534    0.007196
    0.007749    0.008264    0.008658    0.009257    0.009596    0.010108
 Highest eigenvalues
    1.385625    1.397485    1.400348    2.693884    3.217885    3.847832
 
cpu  time for ANC gen    0.02 s
wall time for ANC gen    0.02 s
................................................................................
.............................. CYCLE   53 ......................................
................................................................................
   1    -50.7411811 -0.507412E+02  0.525E-02    8.28       0.0  T
   2    -50.7411820 -0.835351E-06  0.387E-02    8.28       1.0  T
   3    -50.7411826 -0.597996E-06  0.621E-03    8.27       3.2  T
   4    -50.7411827 -0.950435E-07  0.183E-03    8.27      10.7  T
   5    -50.7411827 -0.471055E-08  0.601E-04    8.27      32.6  T
   6    -50.7411827 -0.584073E-09  0.357E-04    8.27      55.0  T
speedup  1.03
cpu  time for SCC    0.01 s
wall time for SCC    0.01 s
speedup  1.01
cpu  time for grad    0.01 s
wall time for grad    0.01 s
 E :    -50.45774616  G :  0.006016    pred/act E change:  0.000D+00 -0.514D-04
Maxdispl :   0.0915   ||displ|| :   0.1145   Lambda : -0.134D-03
Largest |displ|/coords:  0.0915 (   5)  0.0417 (   2)  0.0408 (   1)
................................................................................
.............................. CYCLE   54 ......................................
................................................................................
   1    -50.7417593 -0.507418E+02  0.631E-02    8.28       0.0  T
   2    -50.7417597 -0.376133E-06  0.471E-02    8.28       1.0  T
   3    -50.7417600 -0.326196E-06  0.331E-03    8.28       5.9  T
   4    -50.7417600 -0.374066E-07  0.144E-03    8.28      13.6  T
   5    -50.7417600 -0.180396E-08  0.432E-04    8.28      45.4  T
speedup  1.00
cpu  time for SCC    0.00 s
wall time for SCC    0.01 s
speedup  0.97
cpu  time for grad    0.01 s
wall time for grad    0.01 s
 E :    -50.45784367  G :  0.002476    pred/act E change:  0.000D+00 -0.975D-04
Maxdispl :   0.1260   ||displ|| :   0.1869   Lambda : -0.114D-03
Largest |displ|/coords:  0.1260 (   5)  0.1077 (   1)  0.0600 (   2)
................................................................................
.............................. CYCLE   55 ......................................
................................................................................
   1    -50.7413248 -0.507413E+02  0.894E-02    8.27       0.0  T
   2    -50.7413254 -0.559145E-06  0.667E-02    8.27       1.0  T
   3    -50.7413257 -0.384909E-06  0.424E-03    8.27       4.6  T
   4    -50.7413258 -0.800680E-07  0.173E-03    8.27      11.3  T
   5    -50.7413258 -0.378054E-08  0.547E-04    8.27      35.8  T
   6    -50.7413258 -0.281887E-09  0.283E-04    8.27      69.3  T
speedup  1.03
cpu  time for SCC    0.01 s
wall time for SCC    0.01 s
speedup  1.01
cpu  time for grad    0.01 s
wall time for grad    0.01 s
 E :    -50.45792025  G :  0.002959    pred/act E change: -0.681D-04 -0.766D-04
Maxdispl :   0.1401   ||displ|| :   0.1963   Lambda : -0.813D-04
Largest |displ|/coords:  0.1401 (   1)  0.0936 (   5)  0.0782 (   2)
................................................................................
.............................. CYCLE   56 ......................................
................................................................................
   1    -50.7406765 -0.507407E+02  0.956E-02    8.26       0.0  T
   2    -50.7406774 -0.836019E-06  0.715E-02    8.26       1.0  T
   3    -50.7406782 -0.864423E-06  0.500E-03    8.26       3.9  T
   4    -50.7406783 -0.706922E-07  0.235E-03    8.26       8.4  T
   5    -50.7406783 -0.457653E-08  0.687E-04    8.26      28.5  T
   6    -50.7406783 -0.708454E-09  0.399E-04    8.26      49.1  T
speedup  0.88
cpu  time for SCC    0.00 s
wall time for SCC    0.01 s
speedup  0.95
cpu  time for grad    0.01 s
wall time for grad    0.01 s
 E :    -50.45796818  G :  0.004801    pred/act E change: -0.590D-04 -0.479D-04
Maxdispl :   0.1322   ||displ|| :   0.1572   Lambda : -0.802D-04
Largest |displ|/coords:  0.1322 (   1)  0.0585 (   2)  0.0263 (   7)
................................................................................
.............................. CYCLE   57 ......................................
................................................................................
   1    -50.7415224 -0.507415E+02  0.712E-02    8.26       0.0  T
   2    -50.7415233 -0.876593E-06  0.529E-02    8.26       1.0  T
   3    -50.7415241 -0.797026E-06  0.488E-03    8.26       4.0  T
   4    -50.7415242 -0.815554E-07  0.205E-03    8.26       9.6  T
   5    -50.7415242 -0.377121E-08  0.652E-04    8.26      30.1  T
speedup  1.00
cpu  time for SCC    0.00 s
wall time for SCC    0.01 s
speedup  1.04
cpu  time for grad    0.01 s
wall time for grad    0.01 s
 E :    -50.45801896  G :  0.003767    pred/act E change: -0.422D-04 -0.508D-04
Maxdispl :   0.1424   ||displ|| :   0.1645   Lambda : -0.522D-04
Largest |displ|/coords:  0.1424 (   1)  0.0528 (   2)  0.0343 (   5)
................................................................................
.............................. CYCLE   58 ......................................
................................................................................
   1    -50.7416785 -0.507417E+02  0.751E-02    8.26       0.0  T
   2    -50.7416792 -0.756561E-06  0.558E-02    8.26       1.0  T
   3    -50.7416801 -0.883269E-06  0.457E-03    8.26       4.3  T
   4    -50.7416801 -0.289732E-07  0.166E-03    8.26      11.8  T
   5    -50.7416801 -0.348697E-08  0.613E-04    8.26      32.0  T
   6    -50.7416801 -0.687457E-09  0.347E-04    8.26      56.5  T
speedup  1.05
cpu  time for SCC    0.01 s
wall time for SCC    0.01 s
speedup  1.01
cpu  time for grad    0.01 s
wall time for grad    0.01 s
 E :    -50.45805663  G :  0.003599    pred/act E change: -0.411D-04 -0.377D-04
Maxdispl :   0.1419   ||displ|| :   0.1649   Lambda : -0.557D-04
Largest |displ|/coords:  0.1419 (   1)  0.0536 (   2)  0.0255 (   5)
................................................................................
.............................. CYCLE   59 ......................................
................................................................................
   1    -50.7422430 -0.507422E+02  0.781E-02    8.27       0.0  T
   2    -50.7422439 -0.924991E-06  0.580E-02    8.27       1.0  T
   3    -50.7422450 -0.107832E-05  0.488E-03    8.28       4.0  T
   4    -50.7422450 -0.302291E-07  0.166E-03    8.28      11.8  T
   5    -50.7422450 -0.422823E-08  0.652E-04    8.27      30.1  T
   6    -50.7422451 -0.802011E-09  0.365E-04    8.27      53.7  T
speedup  1.05
cpu  time for SCC    0.01 s
wall time for SCC    0.01 s
speedup  1.01
cpu  time for grad    0.01 s
wall time for grad    0.01 s
 E :    -50.45808726  G :  0.002180    pred/act E change: -0.268D-04 -0.306D-04
Maxdispl :   0.1172   ||displ|| :   0.1370   Lambda : -0.192D-04
Largest |displ|/coords:  0.1172 (   1)  0.0418 (   5)  0.0357 (   2)
................................................................................
.............................. CYCLE   60 ......................................
................................................................................
   1    -50.7411001 -0.507411E+02  0.637E-02    8.27       0.0  T
   2    -50.7411008 -0.697221E-06  0.471E-02    8.27       1.0  T
   3    -50.7411013 -0.500076E-06  0.425E-03    8.28       4.6  T
   4    -50.7411014 -0.838295E-07  0.140E-03    8.28      14.0  T
   5    -50.7411014 -0.160456E-08  0.540E-04    8.28      36.3  T
   6    -50.7411014 -0.411660E-09  0.253E-04    8.28      77.5  T
speedup  1.03
cpu  time for SCC    0.01 s
wall time for SCC    0.01 s
speedup  1.01
cpu  time for grad    0.01 s
wall time for grad    0.01 s
 E :    -50.45808616  G :  0.004115    pred/act E change: -0.286D-04  0.110D-05
Maxdispl :   0.0232   ||displ|| :   0.0414   Lambda : -0.368D-04
Largest |displ|/coords:  0.0232 (   5)  0.0199 (   2)  0.0105 (   7)
................................................................................
.............................. CYCLE   61 ......................................
................................................................................
   1    -50.7422708 -0.507423E+02  0.265E-02    8.30       0.0  T
   2    -50.7422711 -0.356608E-06  0.195E-02    8.30       1.0  T
   3    -50.7422713 -0.140072E-06  0.363E-03    8.29       5.4  T
   4    -50.7422713 -0.596919E-07  0.903E-04    8.30      21.7  T
   5    -50.7422713 -0.106650E-08  0.321E-04    8.30      61.1  T
speedup  0.98
cpu  time for SCC    0.00 s
wall time for SCC    0.01 s
speedup  1.01
cpu  time for grad    0.01 s
wall time for grad    0.01 s
 E :    -50.45810125  G :  0.001460    pred/act E change: -0.979D-05 -0.151D-04
Maxdispl :   0.0162   ||displ|| :   0.0284   Lambda : -0.124D-04
Largest |displ|/coords:  0.0162 (   6)  0.0131 (   5)  0.0078 (  16)
................................................................................
.............................. CYCLE   62 ......................................
................................................................................
   1    -50.7420654 -0.507421E+02  0.198E-02    8.29       0.0  T
   2    -50.7420654 -0.644106E-07  0.148E-02    8.29       1.3  T
   3    -50.7420655 -0.722645E-07  0.171E-03    8.29      11.4  T
   4    -50.7420655 -0.425405E-08  0.556E-04    8.29      35.2  T
   5    -50.7420655 -0.409806E-09  0.161E-04    8.29     121.9  T
speedup  0.98
cpu  time for SCC    0.00 s
wall time for SCC    0.01 s
speedup  0.99
cpu  time for grad    0.01 s
wall time for grad    0.01 s
 E :    -50.45810780  G :  0.000911    pred/act E change: -0.184D-04 -0.656D-05
Maxdispl :   0.0334   ||displ|| :   0.0453   Lambda : -0.650D-05
Largest |displ|/coords:  0.0334 (   1)  0.0161 (   5)  0.0102 (  14)
................................................................................
.............................. CYCLE   63 ......................................
................................................................................
   1    -50.7418065 -0.507418E+02  0.231E-02    8.29       0.0  T
   2    -50.7418065 -0.586707E-07  0.172E-02    8.29       1.1  T
   3    -50.7418066 -0.638285E-07  0.165E-03    8.29      11.9  T
   4    -50.7418066 -0.326090E-08  0.558E-04    8.29      35.2  T
   5    -50.7418066 -0.350454E-09  0.167E-04    8.29     117.3  T
speedup  1.02
cpu  time for SCC    0.01 s
wall time for SCC    0.00 s
speedup  1.01
cpu  time for grad    0.01 s
wall time for grad    0.01 s
 E :    -50.45811263  G :  0.000828    pred/act E change: -0.618D-05 -0.482D-05
Maxdispl :   0.0453   ||displ|| :   0.0614   Lambda : -0.585D-05
Largest |displ|/coords:  0.0453 (   1)  0.0187 (   5)  0.0168 (  14)
................................................................................
.............................. CYCLE   64 ......................................
................................................................................
   1    -50.7416019 -0.507416E+02  0.325E-02    8.29       0.0  T
   2    -50.7416020 -0.129776E-06  0.242E-02    8.29       1.0  T
   3    -50.7416021 -0.142313E-06  0.258E-03    8.29       7.6  T
   4    -50.7416021 -0.708989E-08  0.873E-04    8.29      22.5  T
   5    -50.7416021 -0.895341E-09  0.255E-04    8.29      76.8  T
speedup  1.02
cpu  time for SCC    0.00 s
wall time for SCC    0.00 s
speedup  1.00
cpu  time for grad    0.01 s
wall time for grad    0.01 s
 E :    -50.45811609  G :  0.000947    pred/act E change: -0.326D-05 -0.346D-05
Maxdispl :   0.0087   ||displ|| :   0.0143   Lambda : -0.187D-05
Largest |displ|/coords:  0.0087 (  14)  0.0042 (   4)  0.0039 (   1)
................................................................................
.............................. CYCLE   65 ......................................
................................................................................
   1    -50.7417523 -0.507418E+02  0.906E-03    8.29       0.0  T
   2    -50.7417524 -0.315936E-07  0.672E-03    8.29       2.9  T
   3    -50.7417524 -0.172540E-07  0.124E-03    8.29      15.8  T
   4    -50.7417524 -0.484608E-08  0.409E-04    8.29      47.9  T
   5    -50.7417524 -0.213170E-09  0.109E-04    8.29     180.7  T
speedup  1.02
cpu  time for SCC    0.00 s
wall time for SCC    0.00 s
speedup  0.99
cpu  time for grad    0.01 s
wall time for grad    0.01 s
 E :    -50.45811734  G :  0.000735    pred/act E change: -0.294D-05 -0.125D-05
Maxdispl :   0.0140   ||displ|| :   0.0219   Lambda : -0.163D-05
Largest |displ|/coords:  0.0140 (   1)  0.0104 (  14)  0.0057 (   3)
................................................................................
.............................. CYCLE   66 ......................................
................................................................................
   1    -50.7418460 -0.507418E+02  0.123E-02    8.29       0.0  T
   2    -50.7418460 -0.353715E-07  0.924E-03    8.29       2.1  T
   3    -50.7418460 -0.259701E-07  0.124E-03    8.29      15.8  T
   4    -50.7418460 -0.477778E-08  0.423E-04    8.29      46.4  T
   5    -50.7418460 -0.201368E-09  0.112E-04    8.29     175.2  T
speedup  0.94
cpu  time for SCC    0.00 s
wall time for SCC    0.01 s
speedup  1.03
cpu  time for grad    0.01 s
wall time for grad    0.01 s
 E :    -50.45811848  G :  0.000544    pred/act E change: -0.936D-06 -0.114D-05
Maxdispl :   0.0094   ||displ|| :   0.0155   Lambda : -0.122D-05
Largest |displ|/coords:  0.0094 (  14)  0.0066 (   1)  0.0050 (   3)
................................................................................
.............................. CYCLE   67 ......................................
................................................................................
   1    -50.7419525 -0.507420E+02  0.891E-03    8.29       0.0  T
   2    -50.7419525 -0.247608E-07  0.670E-03    8.29       2.9  T
   3    -50.7419525 -0.166405E-07  0.928E-04    8.29      21.1  T
   4    -50.7419525 -0.369210E-08  0.367E-04    8.29      53.5  T
speedup  0.91
cpu  time for SCC    0.00 s
wall time for SCC    0.00 s
speedup  1.04
cpu  time for grad    0.01 s
wall time for grad    0.01 s
 E :    -50.45811934  G :  0.000534    pred/act E change: -0.813D-06 -0.862D-06
Maxdispl :   0.0073   ||displ|| :   0.0121   Lambda : -0.896D-06
Largest |displ|/coords:  0.0073 (  14)  0.0036 (  11)  0.0036 (   3)
................................................................................
.............................. CYCLE   68 ......................................
................................................................................
   1    -50.7420346 -0.507420E+02  0.705E-03    8.29       0.0  T
   2    -50.7420346 -0.182064E-07  0.530E-03    8.29       3.7  T
   3    -50.7420346 -0.148237E-07  0.781E-04    8.29      25.1  T
   4    -50.7420347 -0.237230E-08  0.297E-04    8.29      66.1  T
speedup  1.00
cpu  time for SCC    0.00 s
wall time for SCC    0.00 s
speedup  0.99
cpu  time for grad    0.01 s
wall time for grad    0.01 s
 E :    -50.45812002  G :  0.000546    pred/act E change: -0.612D-06 -0.676D-06
Maxdispl :   0.0069   ||displ|| :   0.0127   Lambda : -0.764D-06
Largest |displ|/coords:  0.0069 (  14)  0.0049 (  11)  0.0035 (   9)
................................................................................
.............................. CYCLE   69 ......................................
................................................................................
   1    -50.7420969 -0.507421E+02  0.698E-03    8.29       0.0  T
   2    -50.7420969 -0.219917E-07  0.526E-03    8.29       3.7  T
   3    -50.7420969 -0.178336E-07  0.843E-04    8.28      23.3  T
   4    -50.7420969 -0.298405E-08  0.238E-04    8.28      82.3  T
speedup  0.95
cpu  time for SCC    0.00 s
wall time for SCC    0.00 s
speedup  1.01
cpu  time for grad    0.01 s
wall time for grad    0.01 s
 E :    -50.45812057  G :  0.000481    pred/act E change: -0.448D-06 -0.552D-06
Maxdispl :   0.0050   ||displ|| :   0.0110   Lambda : -0.520D-06
Largest |displ|/coords:  0.0050 (  11)  0.0045 (  14)  0.0038 (   1)
................................................................................
.............................. CYCLE   70 ......................................
................................................................................
   1    -50.7421334 -0.507421E+02  0.576E-03    8.28       0.0  T
   2    -50.7421334 -0.171589E-07  0.435E-03    8.28       4.5  T
   3    -50.7421334 -0.124704E-07  0.765E-04    8.28      25.7  T
   4    -50.7421334 -0.248028E-08  0.282E-04    8.28      69.6  T
speedup  1.00
cpu  time for SCC    0.00 s
wall time for SCC    0.00 s
speedup  0.98
cpu  time for grad    0.01 s
wall time for grad    0.01 s
 E :    -50.45812094  G :  0.000356    pred/act E change: -0.382D-06 -0.369D-06
Maxdispl :   0.0039   ||displ|| :   0.0085   Lambda : -0.349D-06
Largest |displ|/coords:  0.0039 (   1)  0.0036 (  11)  0.0036 (  15)
................................................................................
.............................. CYCLE   71 ......................................
................................................................................
   1    -50.7421509 -0.507422E+02  0.466E-03    8.28       0.0  T
   2    -50.7421509 -0.103684E-07  0.350E-03    8.28       5.6  T
   3    -50.7421509 -0.670922E-08  0.635E-04    8.28      30.9  T
   4    -50.7421509 -0.151209E-08  0.273E-04    8.28      71.8  T
speedup  1.00
cpu  time for SCC    0.00 s
wall time for SCC    0.00 s
speedup  0.97
cpu  time for grad    0.01 s
wall time for grad    0.01 s
 E :    -50.45812119  G :  0.000245    pred/act E change: -0.260D-06 -0.252D-06
Maxdispl :   0.0035   ||displ|| :   0.0065   Lambda : -0.207D-06
Largest |displ|/coords:  0.0035 (  15)  0.0027 (  11)  0.0023 (   1)
................................................................................
.............................. CYCLE   72 ......................................
................................................................................
   1    -50.7421597 -0.507422E+02  0.413E-03    8.28       0.0  T
   2    -50.7421597 -0.593583E-08  0.307E-03    8.28       6.4  T
   3    -50.7421597 -0.379694E-08  0.553E-04    8.28      35.5  T
   4    -50.7421597 -0.834547E-09  0.211E-04    8.28      92.9  T
speedup  1.00
cpu  time for SCC    0.00 s
wall time for SCC    0.00 s
speedup  0.98
cpu  time for grad    0.01 s
wall time for grad    0.01 s
 E :    -50.45812134  G :  0.000195    pred/act E change: -0.175D-06 -0.149D-06
Maxdispl :   0.0035   ||displ|| :   0.0053   Lambda : -0.125D-06
Largest |displ|/coords:  0.0035 (  15)  0.0021 (   7)  0.0014 (  11)
................................................................................
.............................. CYCLE   73 ......................................
................................................................................
   1    -50.7421642 -0.507422E+02  0.388E-03    8.28       0.0  T
   2    -50.7421642 -0.334872E-08  0.289E-03    8.28       6.8  T
   3    -50.7421642 -0.325870E-08  0.452E-04    8.28      43.4  T
   4    -50.7421642 -0.352074E-09  0.151E-04    8.28     129.6  T
speedup  1.14
cpu  time for SCC    0.01 s
wall time for SCC    0.00 s
speedup  1.01
cpu  time for grad    0.01 s
wall time for grad    0.01 s
 E :    -50.45812143  G :  0.000163    pred/act E change: -0.103D-06 -0.927D-07
Maxdispl :   0.0032   ||displ|| :   0.0051   Lambda : -0.894D-07
Largest |displ|/coords:  0.0032 (  15)  0.0018 (   7)  0.0017 (   3)

   *** GEOMETRY OPTIMIZATION CONVERGED AFTER 73 ITERATIONS ***

------------------------------------------------------------------------
 total energy gain (kcal):     -0.2355
------------------------------------------------------------------------
================
 final structure:
================
$coord
        1.72495228294388        0.10011255996209        2.93571915840586      S 
       -1.15723670486553       -0.34148367332870        2.79011728525548      O 
        2.73919445401315       -1.79263766001644        4.55868942382586      O 
        2.64946575644708       -0.26866013621993        0.19796490069415      O 
        2.22896184807292        2.69848259571784        3.55383143132932      O 
       -2.30542635946230       -0.09704165077969       -4.05866774643947      O 
       -3.04666894481877       -0.22568111184146       -5.70532693975670      H 
        0.89636501525020        5.70429307959771       -0.10464849196520      O 
        1.54713843782445        4.62529859051956        1.28201929404563      H 
        1.14022221315160        7.41501314083569        0.43896648333203      H 
       -3.35590465747667        2.86122186720010        0.00268556012145      O 
       -2.06636533867708        4.16850986515070       -0.18603242738346      H 
       -3.33425995626731        1.86761080110698       -1.55229866850298      H 
       -2.10202034194965        1.01702873637765        1.78379698501996      H 
        1.91592371310396        2.56484834643894       -4.14614041025006      O 
        1.59956277790050        4.01753477693096       -3.06979491023405      H 
        2.94712501363742        1.46385948723316       -3.11919078834218      H 
       -0.69548525102240        0.84849975989151       -4.27628408950696      H 
        0.41551590083273       -3.92278982552142       -1.67535800452929      O 
        1.83927100313362       -1.92420888239362       -0.60632871797821      H 
       -0.17203786883544       -4.78440688475522       -0.08393286601573      H 
       -0.99059211076837       -2.99703163201458       -2.41078758302499      H 
       -0.58675345557221       -5.70287773914288        2.84482288936751      N 
        0.69538594433624       -4.55844420645011        3.71966836966227      H 
       -0.21775503600628       -7.50911554914313        3.35637051930709      H 
       -2.30857829713818       -5.22793465536403        3.53013936245778      H 
$end
 
 Bond Distances (Angstroems)
 ---------------------------
S1-O2=1.5449         S1-O3=1.4244         S1-O4=1.5415         S1-O5=1.4383         O2-S1=1.5449         O2-H14=1.0249        
O3-S1=1.4244         O4-S1=1.5415         O4-H20=1.0642        O5-S1=1.4383         O6-H7=0.9580         O6-H18=0.9947        
H7-O6=0.9580         O8-H9=0.9915         O8-H10=0.9586        H9-O8=0.9915         H10-O8=0.9586        O11-H12=0.9768       
O11-H13=0.9766       H12-O11=0.9768       H13-O11=0.9766       H14-O2=1.0249        O15-H16=0.9713       O15-H17=0.9657       
H16-O15=0.9713       H17-O15=0.9657       H18-O6=0.9947        O19-H21=1.0069       O19-H22=0.9722       H20-O4=1.0642        
H21-O19=1.0069       H22-O19=0.9722       N23-H24=1.0205       N23-H25=1.0124       N23-H26=1.0124       H24-N23=1.0205       
H25-N23=1.0124       H26-N23=1.0124       
 N  H  Rav=1.0151 sigma=0.0038  Rmin=1.0124  Rmax=1.0205     3
 O  H  Rav=0.9884 sigma=0.0297  Rmin=0.9580  Rmax=1.0642    12
 S  O  Rav=1.4873 sigma=0.0562  Rmin=1.4244  Rmax=1.5449     4
 
 selected bond angles (degree)
 --------------------
O3-S1-O2=107.20                O4-S1-O2=104.32                O4-S1-O3=110.98                O5-S1-O2=109.82                
O5-S1-O3=117.73                O5-S1-O4=106.02                H14-O2-S1=113.67               H20-O4-S1=110.62               
H18-O6-H7=106.33               H10-O8-H9=105.96               
 
 selected dihedral angles (degree)
 ---------------------------------
H14-O2-S1-O3=175.04           H14-O2-S1-O4=292.81           H14-O2-S1-O5= 46.05           H20-O4-S1-O2=313.94           
H20-O4-S1-O3= 69.08           H20-O4-S1-O5=198.02           
 
 CMA Distance (Angstroems)
 ---------------------------
R(CMA):  2.3969

========================================================================
 FINAL SINGLEPOINT CALCULATION ON OPTIMIZED GEOMETRY
========================================================================

 Ncao       : 65
 Nao        : 64
 Nshell     : 38
 Nel        : 80
 T(el)      :   300.0
 intcut     :    25.0
 scfconv/Eh :  0.100E-05
   qconv/e  :  0.100E-03
 intneglect :  0.100E-07
 broydamp   :      0.250
 iter      E             dE          RMSdq      gap      omega  full diag
   1    -50.7421642 -0.507422E+02  0.525E-05    8.28       0.0  T
   2    -50.7421642 -0.149214E-11  0.345E-05    8.28     569.0  T
   3    -50.7421642 -0.895284E-12  0.627E-06    8.28    3126.3  T
speedup  1.25
cpu  time for SCC    0.00 s
wall time for SCC    0.00 s

   *** convergence criteria satisfied after 3 iterations ***

          eigenvalues
 #    :          28         29         30         31         32         33         34         35
 occ. :        2.000      2.000      2.000      2.000      2.000      2.000      2.000      2.000
 eps  :       -13.774    -13.493    -13.113    -12.719    -12.616    -12.563    -12.504    -12.490
 #    :          36         37         38         39         40         41         42         43
 occ. :        2.000      2.000      2.000      2.000      2.000      0.000      0.000      0.000
 eps  :       -12.262    -12.211    -12.203    -12.033    -11.124     -2.845     -0.815     -0.299
 #    :          44         45         46         47         48         49         50         51
 occ. :        0.000      0.000      0.000      0.000      0.000      0.000      0.000      0.000
 eps  :         0.273      0.808      1.159      1.805      2.859      3.214      4.153      5.625


   #   Z            q   n(s)   n(p)   n(d)      C6AA      α(0)
   1  16 S      1.698  1.576  1.778  0.949    88.820    15.862
   2   8 O     -0.635  1.758  4.877  0.000    26.014     6.885
   3   8 O     -0.676  1.758  4.918  0.000    28.049     7.101
   4   8 O     -0.660  1.764  4.896  0.000    26.661     6.970
   5   8 O     -0.698  1.758  4.939  0.000    28.640     7.175
   6   8 O     -0.631  1.752  4.879  0.000    25.951     6.875
   7   1 H      0.287  0.713  0.000  0.000     0.763     1.372
   8   8 O     -0.629  1.743  4.885  0.000    25.884     6.866
   9   1 H      0.336  0.664  0.000  0.000     0.623     1.240
  10   1 H      0.293  0.707  0.000  0.000     0.741     1.352
  11   8 O     -0.615  1.763  4.852  0.000    25.548     6.822
  12   1 H      0.330  0.670  0.000  0.000     0.638     1.255
  13   1 H      0.333  0.667  0.000  0.000     0.629     1.246
  14   1 H      0.391  0.609  0.000  0.000     0.499     1.109
  15   8 O     -0.607  1.748  4.859  0.000    25.367     6.798
  16   1 H      0.322  0.678  0.000  0.000     0.658     1.274
  17   1 H      0.314  0.686  0.000  0.000     0.681     1.297
  18   1 H      0.340  0.660  0.000  0.000     0.613     1.230
  19   8 O     -0.605  1.758  4.847  0.000    25.262     6.786
  20   1 H      0.393  0.607  0.000  0.000     0.492     1.098
  21   1 H      0.330  0.670  0.000  0.000     0.636     1.252
  22   1 H      0.329  0.671  0.000  0.000     0.641     1.258
  23   7 N     -0.456  1.368  4.088  0.000    31.985     8.399
  24   1 H      0.194  0.806  0.000  0.000     1.140     1.672
  25   1 H      0.161  0.839  0.000  0.000     1.331     1.808
  26   1 H      0.163  0.837  0.000  0.000     1.314     1.796

 Mol. C6AA /au·bohr⁶  :       5455.253310
 Mol. C8AA /au·bohr⁸  :     117828.646350
 Mol. α(0) /au        :        106.797521

 
 Wiberg/Mayer (AO) data. WBOs > 0.1 written file <wbo>
 largest (>0.05) Wiberg bond orders for each atom
           total WBO             WBO to atom ...
     1  S   4.860    O    3 1.440    O    5 1.376    O    4 1.003    O    2 1.002
     2  O   1.957    S    1 1.002    H   14 0.664    O    5 0.089    O    3 0.074    O    4 0.069    O   11 0.052
     3  O   1.788    S    1 1.440    O    5 0.116    O    4 0.092    O    2 0.074
     4  O   1.930    S    1 1.003    H   20 0.597    O    3 0.092    O    5 0.076    O    2 0.069    O   19 0.066
     5  O   1.774    S    1 1.376    O    3 0.116    O    2 0.089    H    9 0.076    O    4 0.076
     6  O   1.867    H    7 0.911    H   18 0.797
     7  H   0.918    O    6 0.911
     8  O   1.869    H   10 0.905    H    9 0.806    H   12 0.050
     9  H   0.887    O    8 0.806    O    5 0.076
    10  H   0.914    O    8 0.905
    11  O   1.956    H   13 0.839    H   12 0.839    H   14 0.164    O    2 0.052
    12  H   0.891    O   11 0.839    O    8 0.050
    13  H   0.889    O   11 0.839
    14  H   0.847    O    2 0.664    O   11 0.164
    15  O   1.898    H   17 0.882    H   16 0.860    H   18 0.085
    16  H   0.896    O   15 0.860
    17  H   0.902    O   15 0.882
    18  H   0.885    O    6 0.797    O   15 0.085
    19  O   2.008    H   22 0.857    H   21 0.770    H   20 0.231    O    4 0.066    N   23 0.052
    20  H   0.846    O    4 0.597    O   19 0.231
    21  H   0.891    O   19 0.770    N   23 0.119
    22  H   0.892    O   19 0.857
    23  N   3.064    H   25 0.970    H   26 0.970    H   24 0.930    H   21 0.119    O   19 0.052
    24  H   0.963    N   23 0.930
    25  H   0.974    N   23 0.970
    26  H   0.973    N   23 0.970
 MOs/occ written to file <molden.input>
 
molecular dipole:
                 x           y           z       tot (Debye)
 q only:       -1.049      -0.139      -1.215
   full:       -1.028       0.037      -0.867       3.419
molecular quadrupole (traceless):
                xx          xy          yy          xz          yz          zz
 q only:       -4.573       4.039      11.138      -2.052      -1.861      -6.565
  q+dip:       -6.908       6.553      12.777      -0.527      -4.043      -5.869
   full:       -6.970       6.653      12.959      -0.248      -3.971      -5.989

SCC energy    :     -50.7421642
rep           :       0.2837582
ES            :       0.2311911
AES           :      -0.0562558
AXC           :      -0.0071812
disp          :      -0.0198612
XB            :       0.0000000
fix           :       0.0000000
total E       :     -50.4581214
atomizationE  :       4.9884256     3130.28
(atE without considering molecular charge,
 total energy contains solvation terms)
H-L gap (eV)  :          8.2795
optimized geometry written to: xtbopt.xyz


------------------------------------------------------------------------
 * finished run on 2019/09/16 at 12:07:17.155     
------------------------------------------------------------------------
 total:
 * wall-time:     0 d,  0 h,  0 min,  1.974 sec
 *  cpu-time:     0 d,  0 h,  0 min,  1.944 sec
 * ratio c/w:     0.985 speedup
 SCF:
 * wall-time:     0 d,  0 h,  0 min,  0.160 sec
 *  cpu-time:     0 d,  0 h,  0 min,  0.157 sec
 * ratio c/w:     0.982 speedup
 ANC optimizer:
 * wall-time:     0 d,  0 h,  0 min,  1.785 sec
 *  cpu-time:     0 d,  0 h,  0 min,  1.760 sec
 * ratio c/w:     0.986 speedup

