      -----------------------------------------------------------      
     |                   =====================                   |     
     |                           x T B                           |     
     |                   =====================                   |     
     |                         S. Grimme                         |     
     |          Mulliken Center for Theoretical Chemistry        |     
     |                    University of Bonn                     |     
     |                 Version 6.0.1 (SAW181210)                 |     
      -----------------------------------------------------------      

   This program is distributed in the hope that it will be useful,
   but WITHOUT ANY WARRANTY; without even the implied warranty of
   MERCHANTABILITY or FITNESS FOR A PARTICULAR PURPOSE.
   
   FOR NON-COMMERCIAL, ACADEMIA USE ONLY.
   
   Cite this work as:
   S. Grimme, C. Bannwarth, P. Shushkov, J. Comput. Theory Chem., 2017,
   13, 1989-2009.
   C. Bannwarth, S. Ehlert and S. Grimme., ChemRxiv, 2018, preprint.
   http://doi.org/10.26434/chemrxiv.7246238.v1
   
   for sTDA-xTB:
   S. Grimme and C. Bannwarth, J. Chem. Phys., 2016, 145, 054103.
   
   in the mass-spec context:
   V. Asgeirsson, C. Bauer and S. Grimme, Chem. Sci., 2017, 8, 4879.
   
   if GBSA is used:
   P. Shushkov, F. März and S. Grimme, unpublished.
   
   for ANC optimizer:
   S. Grimme, unpublished.
   Rational Function algorithm used in ANCopt:
   F. Eckert, P. Pulay, H.-J. Werner, J. Comput. Chem., 1997, 18, 1473.
   
   with help from (in alphabetical order)
   C. Bannwarth, F. Bohle, G. Brandenburg, E. Caldeweyher, M. Checinski,
   S. Dohm, S. Ehlert, S. Ehrlich, F. März, H. Neugebauer, J. Pisarek,
   P. Pracht, P. Shushkov, and S. Spicher.
   
 * started run on 2019/09/16 at 11:45:16.935     
========================================================================
 # omp threads = 1
========================================================================
number of atoms            : 26
number of electrons        : 80
charge                     : 0
spin                       : .0
first test random number   : .2487

########################################################################
# WARNING! Please study the warnings concerning your input carefully
#  - XTBPATH is not set, using XTBHOME instead
#  - the use of '-opt' is discouraged, please use '--opt' next time
#  - the use of '-chrg' is discouraged, please use '--chrg' next time
#  - the use of '-uhf' is discouraged, please use '--uhf' next time
########################################################################

           ------------------------------------------------- 
          |                 G F N 2 - x T B                 |
          | Geometry, Frequencies, Noncovalent interactions |
          |            JCTC 2018 parametrisation            |
           ------------------------------------------------- 
      method parameters     
 k(s)        :  1.8500
 k(p)        :  2.2300
 k(d)        :  2.2300
 k(f)        :  2.0000
 kEN (H0ij)  : -2.0000
 D4 a1       :  0.5200
 D4 a2       :  5.0000
 D4 s6       :  1.0000
 D4 s8       :  2.7000
 D4 s9       :  5.0000
 alphaj      :  2.0000


            Z     q(EN)     CN     RAES       Cart. coordinates
     1  S   6.0    0.64    4.27    4.19    -2.47620    -2.47699    -1.16943
     2  O   6.0   -0.34    1.24    1.80    -3.47472     0.12149    -0.74637
     3  O   6.0   -0.31    1.22    1.80    -1.14097    -2.57765    -3.64636
     4  O   6.0   -0.33    1.23    1.80    -0.67804    -3.13894     0.89372
     5  O   6.0   -0.25    2.08    1.84    -4.58182    -4.28773    -1.17859
     6  H   1.0    0.14    1.21    1.47    -5.74089    -3.86194    -2.50764
     7  O   6.0   -0.29    2.04    1.83    -2.55054     4.23074    -3.61649
     8  H   1.0    0.17    1.03    1.43    -3.21600     2.93639    -2.52267
     9  H   1.0    0.15    0.97    1.43    -3.19752     5.79898    -2.95569
    10  O   6.0   -0.30    2.01    1.83     4.31140    -2.62787     1.49299
    11  H   1.0    0.15    0.97    1.43     5.00067    -4.30310     1.67503
    12  H   1.0    0.17    1.05    1.44     2.51047    -2.85996     1.36115
    13  O   6.0   -0.29    2.07    1.83     3.83225     1.93389    -0.61334
    14  H   1.0    0.16    1.03    1.43     4.42562     0.42290     0.21095
    15  H   1.0    0.16    1.02    1.43     2.63956     2.67706     0.54416
    16  O   6.0   -0.29    2.01    1.83    -0.29640     3.01842     2.12855
    17  H   1.0    0.17    1.04    1.43    -1.64800     2.16734     1.25480
    18  H   1.0    0.15    1.03    1.43    -0.09330     2.11593     3.69663
    19  O   6.0   -0.22    2.90    2.55     1.35205     1.49549    -4.77076
    20  H   1.0    0.14    1.06    1.44     2.63024     1.74698    -3.43180
    21  H   1.0    0.15    1.06    1.44     0.65588    -0.23806    -4.75775
    22  H   1.0    0.14    1.05    1.44     0.00585     2.78964    -4.70430
    23  N   5.0   -0.22    2.99    1.92     0.28824    -0.72658     5.80986
    24  H   1.0    0.12    1.02    1.43    -0.20560    -1.72589     4.23870
    25  H   1.0    0.11    0.99    1.43    -0.53679    -1.64018     7.29166
    26  H   1.0    0.11    0.99    1.43     2.18457    -0.99035     6.02298

  Z AO/shell   Hii/eV     exponent
  1     Wed Apr 25 08:07:45 CEST 2018   EN: 2.200 GM2: 0.406  GM3: 0.0800  RAES: 1.40
     1s    -10.707211    1.230000
  7     Wed Apr 25 08:07:45 CEST 2018   EN: 3.040 GM2: 0.461  GM3:-0.0640  RAES: 1.90
     2s    -16.686243    2.339881
     2p    -12.523956    2.014332
  8     Wed Apr 25 08:07:45 CEST 2018   EN: 3.440 GM2: 0.452  GM3:-0.0517  RAES: 1.80
     2s    -20.229985    2.439742
     2p    -15.503117    2.137023
 16     Tue Apr 24 11:44:34 CEST 2018   EN: 2.580 GM2: 0.340  GM3:-0.0502  RAES: 3.10
     3s    -20.029654    1.981333
     3p    -11.377694    2.025643
     3d     -0.420282    1.702555
 no old-style atom pair restraining (fixing) potential

molecular fragmentation (1/2 indicates fragments):
11111122222222222222222222
# atoms in fragment 1/2:     6    20
 fragment masses (1/2) :       97.07      108.11
CMA distance (Bohr)    :   5.301
constraining FC (au)   :  0.0500
           ------------------------------------------------- 
          |        Self-Consistent Charge Iterations        |
           ------------------------------------------------- 

 Ncao       : 65
 Nao        : 64
 Nshell     : 38
 Nel        : 80
 T(el)      :   300.0
 intcut     :    25.0
 scfconv/Eh :  0.100E-05
   qconv/e  :  0.100E-03
 intneglect :  0.100E-07
 broydamp   :      0.250
 iter      E             dE          RMSdq      gap      omega  full diag
   1    -50.6324403 -0.506324E+02  0.699E+00   10.02       0.0  T
   2    -50.6830941 -0.506538E-01  0.503E+00    9.19       1.0  T
   3    -50.7196625 -0.365684E-01  0.134E+00    7.72       1.0  T
   4    -50.7254319 -0.576933E-02  0.549E-01    8.12       1.0  T
   5    -50.7260649 -0.633047E-03  0.314E-01    8.05       1.0  T
   6    -50.7265297 -0.464819E-03  0.136E-01    8.02       1.0  T
   7    -50.7266323 -0.102599E-03  0.506E-02    8.03       1.0  T
   8    -50.7266437 -0.113369E-04  0.335E-02    8.03       1.0  T
   9    -50.7266514 -0.773638E-05  0.830E-03    8.04       2.4  T
  10    -50.7266518 -0.383707E-06  0.233E-03    8.03       8.4  T
  11    -50.7266518 -0.138894E-07  0.127E-03    8.03      15.4  T
  12    -50.7266518 -0.841080E-08  0.515E-04    8.03      38.1  T
  13    -50.7266518 -0.159581E-08  0.134E-04    8.03     145.8  T
speedup  1.03
cpu  time for SCC    0.02 s
wall time for SCC    0.02 s

   *** convergence criteria satisfied after 13 iterations ***

          eigenvalues
 #    :          28         29         30         31         32         33         34         35
 occ. :        2.000      2.000      2.000      2.000      2.000      2.000      2.000      2.000
 eps  :       -13.034    -12.614    -12.412    -12.183    -11.927    -11.885    -11.686    -11.566
 #    :          36         37         38         39         40         41         42         43
 occ. :        2.000      2.000      2.000      2.000      2.000      0.000      0.000      0.000
 eps  :       -11.474    -11.435    -11.201    -10.970    -10.242     -2.208     -0.543     -0.313
 #    :          44         45         46         47         48         49         50         51
 occ. :        0.000      0.000      0.000      0.000      0.000      0.000      0.000      0.000
 eps  :         0.737      0.965      1.557      2.423      3.415      3.476      4.354      5.854


   #   Z            q   n(s)   n(p)   n(d)      C6AA      α(0)
   1  16 S      1.635  1.582  1.818  0.965    90.261    15.990
   2   8 O     -0.773  1.778  4.995  0.000    30.771     7.437
   3   8 O     -0.765  1.774  4.992  0.000    30.553     7.411
   4   8 O     -0.734  1.771  4.963  0.000    29.647     7.300
   5   8 O     -0.548  1.722  4.826  0.000    23.940     6.605
   6   1 H      0.360  0.640  0.000  0.000     0.556     1.167
   7   8 O     -0.613  1.729  4.884  0.000    25.497     6.815
   8   1 H      0.334  0.666  0.000  0.000     0.626     1.243
   9   1 H      0.299  0.701  0.000  0.000     0.725     1.337
  10   8 O     -0.617  1.739  4.878  0.000    25.590     6.827
  11   1 H      0.277  0.723  0.000  0.000     0.795     1.400
  12   1 H      0.331  0.669  0.000  0.000     0.635     1.252
  13   8 O     -0.643  1.740  4.904  0.000    26.240     6.914
  14   1 H      0.330  0.670  0.000  0.000     0.637     1.254
  15   1 H      0.331  0.669  0.000  0.000     0.635     1.252
  16   8 O     -0.635  1.741  4.894  0.000    26.031     6.886
  17   1 H      0.306  0.694  0.000  0.000     0.702     1.316
  18   1 H      0.310  0.690  0.000  0.000     0.692     1.307
  19   8 O     -0.432  1.644  4.788  0.000    21.419     6.251
  20   1 H      0.414  0.586  0.000  0.000     0.459     1.064
  21   1 H      0.408  0.592  0.000  0.000     0.469     1.076
  22   1 H      0.412  0.588  0.000  0.000     0.463     1.069
  23   7 N     -0.462  1.401  4.062  0.000    32.184     8.425
  24   1 H      0.187  0.813  0.000  0.000     1.174     1.697
  25   1 H      0.136  0.864  0.000  0.000     1.500     1.918
  26   1 H      0.150  0.850  0.000  0.000     1.402     1.855

 Mol. C6AA /au·bohr⁶  :       5488.019189
 Mol. C8AA /au·bohr⁸  :     118666.550699
 Mol. α(0) /au        :        107.070039

 
 Wiberg/Mayer (AO) data. WBOs > 0.1 written file <wbo>
 largest (>0.05) Wiberg bond orders for each atom
           total WBO             WBO to atom ...
     1  S   4.884    O    4 1.316    O    3 1.270    O    2 1.263    O    5 0.992
     2  O   1.674    S    1 1.263    O    3 0.113    O    4 0.110    O    5 0.072
     3  O   1.681    S    1 1.270    O    2 0.113    O    4 0.111    H   21 0.083    O    5 0.070
     4  O   1.707    S    1 1.316    O    3 0.111    O    2 0.110    O    5 0.055
     5  O   2.043    S    1 0.992    H    6 0.846    O    2 0.072    O    3 0.070    O    4 0.055
     6  H   0.870    O    5 0.846
     7  O   1.867    H    9 0.900    H    8 0.840    H   22 0.076
     8  H   0.888    O    7 0.840
     9  H   0.911    O    7 0.900
    10  O   1.832    H   11 0.913    H   12 0.838
    11  H   0.923    O   10 0.913
    12  H   0.891    O   10 0.838
    13  O   1.887    H   14 0.849    H   15 0.836    H   20 0.111
    14  H   0.891    O   13 0.849
    15  H   0.891    O   13 0.836    O   16 0.052
    16  O   1.849    H   17 0.864    H   18 0.863    H   15 0.052
    17  H   0.906    O   16 0.864
    18  H   0.904    O   16 0.863
    19  O   2.315    H   22 0.749    H   21 0.743    H   20 0.714
    20  H   0.828    O   19 0.714    O   13 0.111
    21  H   0.833    O   19 0.743    O    3 0.083
    22  H   0.830    O   19 0.749    O    7 0.076
    23  N   2.963    H   25 0.975    H   26 0.974    H   24 0.936
    24  H   0.965    N   23 0.936
    25  H   0.981    N   23 0.975
    26  H   0.978    N   23 0.974
 MOs/occ written to file <molden.input>
 
molecular dipole:
                 x           y           z       tot (Debye)
 q only:       -0.079       0.651      -1.393
   full:       -0.997      -0.546      -0.829       3.575
molecular quadrupole (traceless):
                xx          xy          yy          xz          yz          zz
 q only:        0.478      -1.690      -3.903       2.695      -6.790       3.425
  q+dip:        2.420      -2.817      -1.748       6.904      -7.979      -0.672
   full:        2.702      -2.597      -1.693       7.087      -8.109      -1.009

SCC energy    :     -50.7266518
rep           :       0.3028435
ES            :       0.2692842
AES           :      -0.0697400
AXC           :      -0.0075412
disp          :      -0.0189191
XB            :       0.0000000
fix           :       0.0000000
total E       :     -50.4234490
atomizationE  :       4.9537532     3108.53
(atE without considering molecular charge,
 total energy contains solvation terms)
H-L gap (eV)  :          8.0336
           ------------------------------------------------- 
          |                 ===============                 |
          |                   A N C O P T                   |
          |                 ===============                 |
          |          Approximate Normal Coordinate          |
          |           Rational Function Optimizer           |
           ------------------------------------------------- 
dumping coords to <xtbopt.coord> and <xtbopt.log>
 optlevel               2
 Maxcycle             520
 Maxmicro              25
 Econv         1.000000000000000E-007
 Gconv         2.000000000000000E-004
 Maxdispl       1.00000000000000     
 Hlow          5.000000000000000E-003
 S6             20.0000000000000     
 Nvar               72

generating ANC from model Hessian ...
 Shifting diagonal of input Hessian by   4.862539390893306E-003
 Lowest  eigenvalues of input Hessian
   -0.000000   -0.000000   -0.000000   -0.000000    0.000000    0.000000
    0.005000    0.005143    0.005328    0.005565    0.006167    0.006501
    0.006975    0.007300    0.007687    0.008213    0.008970    0.009629
 Highest eigenvalues
    1.455288    1.557229    1.560499    3.145538    3.217163    3.319052
 
cpu  time for ANC gen    0.02 s
wall time for ANC gen    0.02 s
................................................................................
.............................. CYCLE    1 ......................................
................................................................................
   1    -50.7266518 -0.507267E+02  0.779E-05    8.03       0.0  T
   2    -50.7266518 -0.129248E-10  0.604E-05    8.03     324.7  T
   3    -50.7266518 -0.132090E-10  0.301E-05    8.03     651.4  T
speedup  1.07
cpu  time for SCC    0.00 s
wall time for SCC    0.00 s
speedup  0.96
cpu  time for grad    0.01 s
wall time for grad    0.01 s
 E :    -50.42344900  G :  0.165969    pred/act E change:  0.000D+00  0.502D-07
Maxdispl :   0.1909   ||displ|| :   0.3930   Lambda : -0.210D-01
Largest |displ|/coords:  0.1909 (  30)  0.1541 (  22)  0.1130 (  29)
................................................................................
.............................. CYCLE    2 ......................................
................................................................................
   1    -50.7308682 -0.507309E+02  0.432E-01    8.00       0.0  T
   2    -50.7310089 -0.140605E-03  0.329E-01    7.98       1.0  T
   3    -50.7310719 -0.630016E-04  0.662E-02    7.95       1.0  T
   4    -50.7310961 -0.242353E-04  0.202E-02    7.96       1.0  T
   5    -50.7310970 -0.907365E-06  0.496E-03    7.96       4.0  T
   6    -50.7310970 -0.248882E-07  0.287E-03    7.96       6.8  T
speedup  0.93
cpu  time for SCC    0.01 s
wall time for SCC    0.01 s
speedup  0.98
cpu  time for grad    0.01 s
wall time for grad    0.01 s
 E :    -50.43995365  G :  0.105852    pred/act E change:  0.000D+00 -0.165D-01
Maxdispl :   0.1551   ||displ|| :   0.3435   Lambda : -0.110D-01
Largest |displ|/coords:  0.1551 (  29)  0.1231 (  30)  0.1107 (  10)
................................................................................
.............................. CYCLE    3 ......................................
................................................................................
   1    -50.7359313 -0.507359E+02  0.224E-01    7.97       0.0  T
   2    -50.7360729 -0.141682E-03  0.170E-01    7.96       1.0  T
   3    -50.7361324 -0.594500E-04  0.701E-02    7.95       1.0  T
   4    -50.7361402 -0.776030E-05  0.159E-02    7.95       1.2  T
   5    -50.7361406 -0.485268E-06  0.485E-03    7.95       4.0  T
   6    -50.7361407 -0.289942E-07  0.254E-03    7.95       7.7  T
speedup  1.11
cpu  time for SCC    0.01 s
wall time for SCC    0.01 s
speedup  1.05
cpu  time for grad    0.01 s
wall time for grad    0.01 s
 E :    -50.44861212  G :  0.065425    pred/act E change: -0.121D-01 -0.866D-02
Maxdispl :   0.0959   ||displ|| :   0.2895   Lambda : -0.482D-02
Largest |displ|/coords:  0.0959 (  29)  0.0949 (  10)  0.0905 (  25)
................................................................................
.............................. CYCLE    4 ......................................
................................................................................
   1    -50.7362458 -0.507362E+02  0.210E-01    7.96       0.0  T
   2    -50.7363345 -0.886910E-04  0.158E-01    7.96       1.0  T
   3    -50.7363697 -0.352295E-04  0.529E-02    7.97       1.0  T
   4    -50.7363778 -0.808911E-05  0.127E-02    7.97       1.5  T
   5    -50.7363781 -0.273267E-06  0.386E-03    7.97       5.1  T
   6    -50.7363781 -0.158129E-07  0.202E-03    7.97       9.7  T
speedup  1.09
cpu  time for SCC    0.01 s
wall time for SCC    0.01 s
speedup  1.04
cpu  time for grad    0.01 s
wall time for grad    0.01 s
 E :    -50.45218226  G :  0.040729    pred/act E change: -0.615D-02 -0.357D-02
Maxdispl :   0.1303   ||displ|| :   0.3513   Lambda : -0.367D-02
Largest |displ|/coords:  0.1303 (   1)  0.1148 (   4)  0.0942 (  10)
................................................................................
.............................. CYCLE    5 ......................................
................................................................................
   1    -50.7388268 -0.507388E+02  0.259E-01    7.93       0.0  T
   2    -50.7389489 -0.122072E-03  0.194E-01    7.95       1.0  T
   3    -50.7390031 -0.542519E-04  0.622E-02    7.99       1.0  T
   4    -50.7390149 -0.117903E-04  0.169E-02    7.99       1.2  T
   5    -50.7390154 -0.498257E-06  0.473E-03    7.99       4.1  T
   6    -50.7390154 -0.238654E-07  0.260E-03    7.99       7.6  T
speedup  0.94
cpu  time for SCC    0.00 s
wall time for SCC    0.01 s
speedup  0.97
cpu  time for grad    0.01 s
wall time for grad    0.01 s
 E :    -50.45369436  G :  0.024589    pred/act E change: -0.261D-02 -0.151D-02
Maxdispl :   0.1374   ||displ|| :   0.3803   Lambda : -0.275D-02
Largest |displ|/coords:  0.1374 (  22)  0.1284 (  10)  0.1248 (   5)
................................................................................
.............................. CYCLE    6 ......................................
................................................................................
   1    -50.7300365 -0.507300E+02  0.405E-01    7.95       0.0  T
   2    -50.7301131 -0.766165E-04  0.304E-01    7.96       1.0  T
   3    -50.7301629 -0.498359E-04  0.481E-02    8.01       1.0  T
   4    -50.7301741 -0.112413E-04  0.157E-02    8.00       1.2  T
   5    -50.7301745 -0.342507E-06  0.475E-03    8.00       4.1  T
   6    -50.7301745 -0.281171E-07  0.271E-03    8.00       7.2  T
speedup  0.93
cpu  time for SCC    0.01 s
wall time for SCC    0.01 s
speedup  0.96
cpu  time for grad    0.01 s
wall time for grad    0.01 s
 E :    -50.45417317  G :  0.042766    pred/act E change: -0.206D-02 -0.479D-03
Maxdispl :   0.0741   ||displ|| :   0.1794   Lambda : -0.222D-02
Largest |displ|/coords:  0.0741 (  22)  0.0625 (   3)  0.0618 (   1)
................................................................................
.............................. CYCLE    7 ......................................
................................................................................
   1    -50.7365785 -0.507366E+02  0.190E-01    7.99       0.0  T
   2    -50.7366099 -0.314186E-04  0.142E-01    7.99       1.0  T
   3    -50.7366287 -0.187791E-04  0.310E-02    8.00       1.0  T
   4    -50.7366327 -0.407820E-05  0.821E-03    8.00       2.4  T
   5    -50.7366328 -0.996541E-07  0.319E-03    8.00       6.1  T
   6    -50.7366328 -0.732264E-08  0.160E-03    8.00      12.3  T
speedup  1.11
cpu  time for SCC    0.01 s
wall time for SCC    0.01 s
speedup  1.04
cpu  time for grad    0.01 s
wall time for grad    0.01 s
 E :    -50.45523743  G :  0.013214    pred/act E change: -0.157D-02 -0.106D-02
Maxdispl :   0.1283   ||displ|| :   0.2350   Lambda : -0.614D-03
Largest |displ|/coords:  0.1283 (   1)  0.0909 (   4)  0.0855 (  10)
................................................................................
.............................. CYCLE    8 ......................................
................................................................................
   1    -50.7354528 -0.507355E+02  0.135E-01    7.95       0.0  T
   2    -50.7354582 -0.532931E-05  0.101E-01    7.96       1.0  T
   3    -50.7354621 -0.397126E-05  0.131E-02    7.98       1.5  T
   4    -50.7354629 -0.721845E-06  0.484E-03    7.97       4.1  T
   5    -50.7354629 -0.372373E-07  0.158E-03    7.97      12.4  T
   6    -50.7354629 -0.304372E-08  0.842E-04    7.97      23.3  T
speedup  1.11
cpu  time for SCC    0.01 s
wall time for SCC    0.01 s
speedup  1.04
cpu  time for grad    0.01 s
wall time for grad    0.01 s
 E :    -50.45569367  G :  0.013786    pred/act E change: -0.115D-02 -0.456D-03
Maxdispl :   0.2559   ||displ|| :   0.5371   Lambda : -0.132D-02
Largest |displ|/coords:  0.2559 (   1)  0.1815 (   5)  0.1762 (   4)
................................................................................
.............................. CYCLE    9 ......................................
................................................................................
   1    -50.7341785 -0.507342E+02  0.279E-01    7.86       0.0  T
   2    -50.7342114 -0.328811E-04  0.209E-01    7.89       1.0  T
   3    -50.7342362 -0.247784E-04  0.306E-02    7.94       1.0  T
   4    -50.7342405 -0.433026E-05  0.106E-02    7.93       1.8  T
   5    -50.7342407 -0.147904E-06  0.414E-03    7.93       4.7  T
   6    -50.7342407 -0.275488E-07  0.205E-03    7.93       9.6  T
   7    -50.7342407 -0.119484E-07  0.538E-04    7.93      36.5  T
speedup  0.97
cpu  time for SCC    0.01 s
wall time for SCC    0.01 s
speedup  0.98
cpu  time for grad    0.01 s
wall time for grad    0.01 s
 E :    -50.45647688  G :  0.015883    pred/act E change: -0.324D-03 -0.783D-03
Maxdispl :   0.2521   ||displ|| :   0.4499   Lambda : -0.892D-03
Largest |displ|/coords:  0.2521 (   1)  0.2234 (   4)  0.1397 (   5)
................................................................................
.............................. CYCLE   10 ......................................
................................................................................
   1    -50.7291642 -0.507292E+02  0.288E-01    7.89       0.0  T
   2    -50.7292015 -0.372364E-04  0.217E-01    7.91       1.0  T
   3    -50.7292256 -0.241675E-04  0.334E-02    7.94       1.0  T
   4    -50.7292312 -0.556103E-05  0.105E-02    7.94       1.9  T
   5    -50.7292314 -0.197862E-06  0.397E-03    7.93       4.9  T
   6    -50.7292314 -0.165104E-07  0.213E-03    7.93       9.2  T
   7    -50.7292314 -0.910618E-08  0.491E-04    7.93      40.0  T
speedup  0.97
cpu  time for SCC    0.01 s
wall time for SCC    0.01 s
speedup  0.98
cpu  time for grad    0.01 s
wall time for grad    0.01 s
 E :    -50.45645698  G :  0.035507    pred/act E change: -0.850D-03  0.199D-04
Maxdispl :   0.0832   ||displ|| :   0.2060   Lambda : -0.171D-02
Largest |displ|/coords:  0.0832 (   3)  0.0729 (  10)  0.0702 (  17)
................................................................................
.............................. CYCLE   11 ......................................
................................................................................
   1    -50.7351048 -0.507351E+02  0.170E-01    8.06       0.0  T
   2    -50.7351302 -0.254405E-04  0.127E-01    8.06       1.0  T
   3    -50.7351455 -0.153377E-04  0.283E-02    8.05       1.0  T
   4    -50.7351486 -0.306193E-05  0.768E-03    8.06       2.6  T
   5    -50.7351487 -0.958093E-07  0.302E-03    8.06       6.5  T
   6    -50.7351487 -0.984686E-08  0.152E-03    8.06      12.9  T
speedup  0.91
cpu  time for SCC    0.01 s
wall time for SCC    0.01 s
speedup  0.96
cpu  time for grad    0.01 s
wall time for grad    0.01 s
 E :    -50.45725256  G :  0.015899    pred/act E change: -0.536D-03 -0.796D-03
Maxdispl :   0.0744   ||displ|| :   0.2245   Lambda : -0.678D-03
Largest |displ|/coords:  0.0744 (   4)  0.0738 (   8)  0.0653 (  14)
................................................................................
.............................. CYCLE   12 ......................................
................................................................................
   1    -50.7337222 -0.507337E+02  0.148E-01    8.09       0.0  T
   2    -50.7337348 -0.126027E-04  0.109E-01    8.10       1.0  T
   3    -50.7337419 -0.711339E-05  0.184E-02    8.13       1.1  T
   4    -50.7337436 -0.166464E-05  0.613E-03    8.12       3.2  T
   5    -50.7337436 -0.403297E-07  0.214E-03    8.12       9.2  T
   6    -50.7337436 -0.636100E-08  0.105E-03    8.12      18.6  T
speedup  1.09
cpu  time for SCC    0.01 s
wall time for SCC    0.01 s
speedup  1.03
cpu  time for grad    0.01 s
wall time for grad    0.01 s
 E :    -50.45740976  G :  0.016133    pred/act E change: -0.891D-03 -0.157D-03
Maxdispl :   0.1091   ||displ|| :   0.2615   Lambda : -0.896D-03
Largest |displ|/coords:  0.1091 (   5)  0.0955 (   1)  0.0849 (   4)
................................................................................
.............................. CYCLE   13 ......................................
................................................................................
   1    -50.7402479 -0.507402E+02  0.170E-01    8.23       0.0  T
   2    -50.7402741 -0.262282E-04  0.125E-01    8.21       1.0  T
   3    -50.7402834 -0.928080E-05  0.278E-02    8.17       1.0  T
   4    -50.7402871 -0.364395E-05  0.751E-03    8.19       2.6  T
   5    -50.7402871 -0.534338E-07  0.222E-03    8.19       8.8  T
   6    -50.7402871 -0.538272E-08  0.115E-03    8.19      17.1  T
speedup  1.05
cpu  time for SCC    0.01 s
wall time for SCC    0.01 s
speedup  1.01
cpu  time for grad    0.01 s
wall time for grad    0.01 s
 E :    -50.45746173  G :  0.023064    pred/act E change: -0.356D-03 -0.520D-04
Maxdispl :   0.1159   ||displ|| :   0.3084   Lambda : -0.136D-02
Largest |displ|/coords:  0.1159 (  10)  0.1057 (   3)  0.1050 (   4)
................................................................................
.............................. CYCLE   14 ......................................
................................................................................
   1    -50.7335793 -0.507336E+02  0.224E-01    8.16       0.0  T
   2    -50.7336088 -0.295261E-04  0.166E-01    8.19       1.0  T
   3    -50.7336238 -0.150373E-04  0.289E-02    8.24       1.0  T
   4    -50.7336282 -0.439668E-05  0.769E-03    8.22       2.5  T
   5    -50.7336283 -0.741610E-07  0.327E-03    8.22       6.0  T
   6    -50.7336283 -0.144153E-07  0.139E-03    8.22      14.1  T
speedup  1.09
cpu  time for SCC    0.01 s
wall time for SCC    0.01 s
speedup  1.02
cpu  time for grad    0.01 s
wall time for grad    0.01 s
 E :    -50.45784528  G :  0.020275    pred/act E change: -0.478D-03 -0.384D-03
Maxdispl :   0.0369   ||displ|| :   0.1003   Lambda : -0.627D-03
Largest |displ|/coords:  0.0369 (   8)  0.0256 (  16)  0.0256 (  30)
................................................................................
.............................. CYCLE   15 ......................................
................................................................................
   1    -50.7346929 -0.507347E+02  0.826E-02    8.24       0.0  T
   2    -50.7346976 -0.468072E-05  0.608E-02    8.24       1.0  T
   3    -50.7347003 -0.262558E-05  0.117E-02    8.25       1.7  T
   4    -50.7347008 -0.582480E-06  0.252E-03    8.25       7.8  T
   5    -50.7347008 -0.100298E-07  0.117E-03    8.25      16.7  T
speedup  1.11
cpu  time for SCC    0.00 s
wall time for SCC    0.00 s
speedup  1.02
cpu  time for grad    0.01 s
wall time for grad    0.01 s
 E :    -50.45813844  G :  0.009888    pred/act E change: -0.744D-03 -0.293D-03
Maxdispl :   0.0932   ||displ|| :   0.1885   Lambda : -0.348D-03
Largest |displ|/coords:  0.0932 (   5)  0.0841 (   3)  0.0540 (   7)
................................................................................
.............................. CYCLE   16 ......................................
................................................................................
   1    -50.7358571 -0.507359E+02  0.106E-01    8.27       0.0  T
   2    -50.7358646 -0.749542E-05  0.788E-02    8.27       1.0  T
   3    -50.7358682 -0.353600E-05  0.146E-02    8.29       1.3  T
   4    -50.7358693 -0.115242E-05  0.352E-03    8.29       5.6  T
   5    -50.7358693 -0.230167E-07  0.146E-03    8.29      13.4  T
   6    -50.7358693 -0.250141E-08  0.734E-04    8.29      26.7  T
speedup  0.93
cpu  time for SCC    0.00 s
wall time for SCC    0.01 s
speedup  1.03
cpu  time for grad    0.01 s
wall time for grad    0.01 s
 E :    -50.45830398  G :  0.009586    pred/act E change: -0.317D-03 -0.166D-03
Maxdispl :   0.1364   ||displ|| :   0.2893   Lambda : -0.367D-03
Largest |displ|/coords:  0.1364 (   3)  0.1066 (   4)  0.0964 (   5)
................................................................................
.............................. CYCLE   17 ......................................
................................................................................
   1    -50.7361133 -0.507361E+02  0.179E-01    8.32       0.0  T
   2    -50.7361333 -0.199992E-04  0.134E-01    8.33       1.0  T
   3    -50.7361418 -0.854885E-05  0.243E-02    8.35       1.0  T
   4    -50.7361453 -0.352760E-05  0.589E-03    8.35       3.3  T
   5    -50.7361454 -0.704295E-07  0.249E-03    8.35       7.9  T
   6    -50.7361454 -0.584606E-08  0.129E-03    8.35      15.2  T
speedup  1.09
cpu  time for SCC    0.01 s
wall time for SCC    0.01 s
speedup  1.02
cpu  time for grad    0.01 s
wall time for grad    0.01 s
 E :    -50.45856822  G :  0.012187    pred/act E change: -0.180D-03 -0.264D-03
Maxdispl :   0.2162   ||displ|| :   0.4155   Lambda : -0.699D-03
Largest |displ|/coords:  0.2162 (   3)  0.1452 (   8)  0.1393 (   5)
................................................................................
.............................. CYCLE   18 ......................................
................................................................................
   1    -50.7386795 -0.507387E+02  0.267E-01    8.43       0.0  T
   2    -50.7387422 -0.627318E-04  0.199E-01    8.45       1.0  T
   3    -50.7387676 -0.254223E-04  0.425E-02    8.49       1.0  T
   4    -50.7387778 -0.101902E-04  0.862E-03    8.49       2.3  T
   5    -50.7387780 -0.155630E-06  0.400E-03    8.49       4.9  T
   6    -50.7387780 -0.118547E-07  0.193E-03    8.49      10.2  T
   7    -50.7387780 -0.666651E-08  0.439E-04    8.49      44.7  T
speedup  0.94
cpu  time for SCC    0.01 s
wall time for SCC    0.01 s
speedup  0.99
cpu  time for grad    0.01 s
wall time for grad    0.02 s
 E :    -50.45891503  G :  0.020320    pred/act E change: -0.199D-03 -0.347D-03
Maxdispl :   0.1877   ||displ|| :   0.4206   Lambda : -0.756D-03
Largest |displ|/coords:  0.1877 (   3)  0.1523 (   5)  0.1349 (   8)
................................................................................
.............................. CYCLE   19 ......................................
................................................................................
   1    -50.7331299 -0.507331E+02  0.278E-01    8.41       0.0  T
   2    -50.7331908 -0.609007E-04  0.207E-01    8.43       1.0  T
   3    -50.7332169 -0.260857E-04  0.402E-02    8.48       1.0  T
   4    -50.7332273 -0.103972E-04  0.920E-03    8.47       2.1  T
   5    -50.7332274 -0.143090E-06  0.443E-03    8.47       4.4  T
   6    -50.7332274 -0.199365E-07  0.204E-03    8.47       9.6  T
speedup  0.91
cpu  time for SCC    0.00 s
wall time for SCC    0.01 s
speedup  1.01
cpu  time for grad    0.01 s
wall time for grad    0.01 s
 E :    -50.45912253  G :  0.019653    pred/act E change: -0.410D-03 -0.208D-03
Maxdispl :   0.1116   ||displ|| :   0.2453   Lambda : -0.107D-02
Largest |displ|/coords:  0.1116 (   1)  0.1108 (   9)  0.0943 (   4)
................................................................................
.............................. CYCLE   20 ......................................
................................................................................
   1    -50.7435875 -0.507436E+02  0.122E-01    8.61       0.0  T
   2    -50.7435994 -0.118532E-04  0.880E-02    8.61       1.0  T
   3    -50.7436071 -0.770256E-05  0.217E-02    8.62       1.0  T
   4    -50.7436081 -0.978584E-06  0.700E-03    8.62       2.8  T
   5    -50.7436082 -0.737299E-07  0.219E-03    8.62       8.9  T
   6    -50.7436082 -0.722503E-08  0.125E-03    8.62      15.6  T
speedup  0.89
cpu  time for SCC    0.00 s
wall time for SCC    0.01 s
speedup  1.02
cpu  time for grad    0.01 s
wall time for grad    0.01 s
 E :    -50.45936992  G :  0.019428    pred/act E change: -0.445D-03 -0.247D-03
Maxdispl :   0.1896   ||displ|| :   0.3505   Lambda : -0.148D-02
Largest |displ|/coords:  0.1896 (   5)  0.1639 (   3)  0.1145 (  24)
................................................................................
.............................. CYCLE   21 ......................................
................................................................................
   1    -50.7374765 -0.507375E+02  0.293E-01    8.55       0.0  T
   2    -50.7375665 -0.899332E-04  0.218E-01    8.57       1.0  T
   3    -50.7376152 -0.487282E-04  0.547E-02    8.60       1.0  T
   4    -50.7376258 -0.106312E-04  0.139E-02    8.60       1.4  T
   5    -50.7376265 -0.655648E-06  0.491E-03    8.60       4.0  T
   6    -50.7376265 -0.181943E-07  0.282E-03    8.60       7.0  T
   7    -50.7376265 -0.105952E-07  0.471E-04    8.60      41.6  T
speedup  0.94
cpu  time for SCC    0.01 s
wall time for SCC    0.01 s
speedup  1.02
cpu  time for grad    0.01 s
wall time for grad    0.01 s
 E :    -50.45903542  G :  0.040361    pred/act E change: -0.565D-03  0.335D-03
Maxdispl :   0.0442   ||displ|| :   0.1331   Lambda : -0.208D-02
Largest |displ|/coords:  0.0442 (   4)  0.0387 (  27)  0.0386 (  24)
................................................................................
.............................. CYCLE   22 ......................................
................................................................................
   1    -50.7392537 -0.507393E+02  0.148E-01    8.55       0.0  T
   2    -50.7392771 -0.233872E-04  0.110E-01    8.54       1.0  T
   3    -50.7392931 -0.160663E-04  0.274E-02    8.52       1.0  T
   4    -50.7392955 -0.236320E-05  0.883E-03    8.52       2.2  T
   5    -50.7392957 -0.160323E-06  0.290E-03    8.52       6.8  T
   6    -50.7392957 -0.798817E-08  0.148E-03    8.52      13.3  T
speedup  1.07
cpu  time for SCC    0.01 s
wall time for SCC    0.01 s
speedup  1.01
cpu  time for grad    0.01 s
wall time for grad    0.01 s
 E :    -50.45993016  G :  0.010634    pred/act E change: -0.829D-03 -0.895D-03
Maxdispl :   0.0969   ||displ|| :   0.2098   Lambda : -0.673D-03
Largest |displ|/coords:  0.0969 (   4)  0.0885 (   9)  0.0742 (  13)
................................................................................
.............................. CYCLE   23 ......................................
................................................................................
   1    -50.7410271 -0.507410E+02  0.140E-01    8.68       0.0  T
   2    -50.7410408 -0.137803E-04  0.104E-01    8.69       1.0  T
   3    -50.7410469 -0.606598E-05  0.198E-02    8.72       1.0  T
   4    -50.7410490 -0.209113E-05  0.497E-03    8.72       3.9  T
   5    -50.7410490 -0.366198E-07  0.199E-03    8.72       9.8  T
   6    -50.7410490 -0.365451E-08  0.931E-04    8.72      21.1  T
speedup  0.91
cpu  time for SCC    0.00 s
wall time for SCC    0.01 s
speedup  0.94
cpu  time for grad    0.01 s
wall time for grad    0.01 s
 E :    -50.45996474  G :  0.017181    pred/act E change: -0.106D-02 -0.346D-04
Maxdispl :   0.0456   ||displ|| :   0.1069   Lambda : -0.593D-03
Largest |displ|/coords:  0.0456 (   4)  0.0444 (  24)  0.0400 (   3)
................................................................................
.............................. CYCLE   24 ......................................
................................................................................
   1    -50.7397505 -0.507398E+02  0.813E-02    8.66       0.0  T
   2    -50.7397554 -0.488225E-05  0.607E-02    8.66       1.0  T
   3    -50.7397585 -0.313325E-05  0.128E-02    8.67       1.5  T
   4    -50.7397591 -0.621692E-06  0.379E-03    8.67       5.2  T
   5    -50.7397591 -0.324986E-07  0.135E-03    8.67      14.5  T
   6    -50.7397591 -0.179273E-08  0.682E-04    8.67      28.8  T
speedup  1.09
cpu  time for SCC    0.01 s
wall time for SCC    0.01 s
speedup  1.01
cpu  time for grad    0.01 s
wall time for grad    0.01 s
 E :    -50.46027399  G :  0.010083    pred/act E change: -0.351D-03 -0.309D-03
Maxdispl :   0.0821   ||displ|| :   0.1595   Lambda : -0.487D-03
Largest |displ|/coords:  0.0821 (   2)  0.0575 (   4)  0.0559 (   8)
................................................................................
.............................. CYCLE   25 ......................................
................................................................................
   1    -50.7398905 -0.507399E+02  0.109E-01    8.58       0.0  T
   2    -50.7398990 -0.852784E-05  0.797E-02    8.58       1.0  T
   3    -50.7399037 -0.472505E-05  0.176E-02    8.57       1.1  T
   4    -50.7399047 -0.951574E-06  0.492E-03    8.57       4.0  T
   5    -50.7399047 -0.442010E-07  0.161E-03    8.57      12.2  T
   6    -50.7399047 -0.232576E-08  0.867E-04    8.57      22.6  T
speedup  0.89
cpu  time for SCC    0.01 s
wall time for SCC    0.01 s
speedup  1.00
cpu  time for grad    0.01 s
wall time for grad    0.01 s
 E :    -50.46026653  G :  0.016307    pred/act E change: -0.300D-03  0.746D-05
Maxdispl :   0.0503   ||displ|| :   0.1075   Lambda : -0.462D-03
Largest |displ|/coords:  0.0503 (   3)  0.0366 (   4)  0.0306 (  24)

generating ANC from model Hessian ...
 Shifting diagonal of input Hessian by   4.690392597793022E-003
 Lowest  eigenvalues of input Hessian
   -0.000000   -0.000000    0.000000    0.000000    0.000000    0.000000
    0.005000    0.005455    0.005659    0.006098    0.006530    0.006919
    0.007375    0.008369    0.008950    0.009627    0.010532    0.012593
 Highest eigenvalues
    1.390389    1.397288    1.421264    2.660442    3.489940    3.653773
 
cpu  time for ANC gen    0.02 s
wall time for ANC gen    0.02 s
................................................................................
.............................. CYCLE   26 ......................................
................................................................................
   1    -50.7400062 -0.507400E+02  0.891E-02    8.64       0.0  T
   2    -50.7400146 -0.833979E-05  0.659E-02    8.65       1.0  T
   3    -50.7400188 -0.424888E-05  0.154E-02    8.67       1.3  T
   4    -50.7400199 -0.105082E-05  0.356E-03    8.67       5.5  T
   5    -50.7400199 -0.200178E-07  0.154E-03    8.67      12.7  T
   6    -50.7400199 -0.199388E-08  0.686E-04    8.67      28.6  T
   7    -50.7400199 -0.103359E-08  0.147E-04    8.67     133.0  T
speedup  1.11
cpu  time for SCC    0.01 s
wall time for SCC    0.01 s
speedup  0.99
cpu  time for grad    0.01 s
wall time for grad    0.02 s
 E :    -50.46054429  G :  0.008176    pred/act E change:  0.000D+00 -0.278D-03
Maxdispl :   0.1280   ||displ|| :   0.2429   Lambda : -0.612D-03
Largest |displ|/coords:  0.1280 (   2)  0.1274 (   3)  0.0883 (   6)
................................................................................
.............................. CYCLE   27 ......................................
................................................................................
   1    -50.7388953 -0.507389E+02  0.211E-01    8.65       0.0  T
   2    -50.7388992 -0.396583E-05  0.160E-01    8.65       1.0  T
   3    -50.7389043 -0.503225E-05  0.943E-03    8.64       2.1  T
   4    -50.7389044 -0.180852E-06  0.378E-03    8.64       5.2  T
   5    -50.7389044 -0.107283E-07  0.150E-03    8.65      13.1  T
   6    -50.7389044 -0.217233E-08  0.539E-04    8.65      36.4  T
speedup  1.09
cpu  time for SCC    0.01 s
wall time for SCC    0.01 s
speedup  1.02
cpu  time for grad    0.01 s
wall time for grad    0.01 s
 E :    -50.46090478  G :  0.007972    pred/act E change:  0.000D+00 -0.360D-03
Maxdispl :   0.1699   ||displ|| :   0.3185   Lambda : -0.587D-03
Largest |displ|/coords:  0.1699 (   2)  0.1673 (   3)  0.1040 (   1)
................................................................................
.............................. CYCLE   28 ......................................
................................................................................
   1    -50.7355750 -0.507356E+02  0.273E-01    8.60       0.0  T
   2    -50.7355841 -0.910985E-05  0.207E-01    8.60       1.0  T
   3    -50.7355953 -0.112200E-04  0.152E-02    8.60       1.3  T
   4    -50.7355959 -0.569940E-06  0.557E-03    8.60       3.5  T
   5    -50.7355959 -0.281676E-07  0.247E-03    8.60       8.0  T
   6    -50.7355959 -0.879055E-08  0.951E-04    8.60      20.6  T
speedup  0.91
cpu  time for SCC    0.01 s
wall time for SCC    0.01 s
speedup  0.95
cpu  time for grad    0.01 s
wall time for grad    0.01 s
 E :    -50.46108192  G :  0.020495    pred/act E change: -0.324D-03 -0.177D-03
Maxdispl :   0.0382   ||displ|| :   0.0921   Lambda : -0.521D-03
Largest |displ|/coords:  0.0382 (   4)  0.0333 (   8)  0.0307 (   5)
................................................................................
.............................. CYCLE   29 ......................................
................................................................................
   1    -50.7382548 -0.507383E+02  0.854E-02    8.59       0.0  T
   2    -50.7382601 -0.537027E-05  0.637E-02    8.59       1.0  T
   3    -50.7382639 -0.372894E-05  0.133E-02    8.59       1.5  T
   4    -50.7382645 -0.650573E-06  0.380E-03    8.59       5.2  T
   5    -50.7382645 -0.309593E-07  0.144E-03    8.59      13.6  T
speedup  1.09
cpu  time for SCC    0.00 s
wall time for SCC    0.00 s
speedup  1.02
cpu  time for grad    0.01 s
wall time for grad    0.01 s
 E :    -50.46134285  G :  0.005046    pred/act E change: -0.323D-03 -0.261D-03
Maxdispl :   0.1158   ||displ|| :   0.1891   Lambda : -0.234D-03
Largest |displ|/coords:  0.1158 (   3)  0.1079 (   2)  0.0604 (   1)
................................................................................
.............................. CYCLE   30 ......................................
................................................................................
   1    -50.7383526 -0.507384E+02  0.111E-01    8.58       0.0  T
   2    -50.7383539 -0.125499E-05  0.832E-02    8.58       1.0  T
   3    -50.7383552 -0.129916E-05  0.691E-03    8.57       2.8  T
   4    -50.7383553 -0.131378E-06  0.249E-03    8.58       7.9  T
   5    -50.7383553 -0.921766E-08  0.963E-04    8.58      20.4  T
speedup  1.09
cpu  time for SCC    0.00 s
wall time for SCC    0.00 s
speedup  1.02
cpu  time for grad    0.01 s
wall time for grad    0.01 s
 E :    -50.46151191  G :  0.004229    pred/act E change: -0.263D-03 -0.169D-03
Maxdispl :   0.2115   ||displ|| :   0.3338   Lambda : -0.265D-03
Largest |displ|/coords:  0.2115 (   3)  0.1834 (   2)  0.1053 (   1)
................................................................................
.............................. CYCLE   31 ......................................
................................................................................
   1    -50.7370185 -0.507370E+02  0.207E-01    8.55       0.0  T
   2    -50.7370243 -0.587823E-05  0.156E-01    8.55       1.0  T
   3    -50.7370313 -0.691827E-05  0.139E-02    8.54       1.4  T
   4    -50.7370317 -0.464950E-06  0.493E-03    8.55       4.0  T
   5    -50.7370318 -0.297451E-07  0.201E-03    8.55       9.7  T
   6    -50.7370318 -0.512495E-08  0.936E-04    8.55      20.9  T
speedup  0.91
cpu  time for SCC    0.01 s
wall time for SCC    0.01 s
speedup  1.02
cpu  time for grad    0.01 s
wall time for grad    0.01 s
 E :    -50.46166730  G :  0.009979    pred/act E change: -0.121D-03 -0.155D-03
Maxdispl :   0.0822   ||displ|| :   0.1414   Lambda : -0.155D-03
Largest |displ|/coords:  0.0822 (   3)  0.0667 (   2)  0.0475 (   5)
................................................................................
.............................. CYCLE   32 ......................................
................................................................................
   1    -50.7384105 -0.507384E+02  0.643E-02    8.56       0.0  T
   2    -50.7384118 -0.126202E-05  0.483E-02    8.56       1.0  T
   3    -50.7384128 -0.103600E-05  0.737E-03    8.56       2.7  T
   4    -50.7384130 -0.161137E-06  0.197E-03    8.56       9.9  T
   5    -50.7384130 -0.639108E-08  0.763E-04    8.56      25.7  T
speedup  1.09
cpu  time for SCC    0.00 s
wall time for SCC    0.00 s
speedup  1.02
cpu  time for grad    0.01 s
wall time for grad    0.01 s
 E :    -50.46178321  G :  0.005468    pred/act E change: -0.147D-03 -0.116D-03
Maxdispl :   0.1607   ||displ|| :   0.2640   Lambda : -0.151D-03
Largest |displ|/coords:  0.1607 (   3)  0.1319 (   2)  0.0938 (   4)
................................................................................
.............................. CYCLE   33 ......................................
................................................................................
   1    -50.7384837 -0.507385E+02  0.140E-01    8.59       0.0  T
   2    -50.7384875 -0.378485E-05  0.106E-01    8.59       1.0  T
   3    -50.7384913 -0.381731E-05  0.125E-02    8.60       1.6  T
   4    -50.7384917 -0.417300E-06  0.351E-03    8.60       5.6  T
   5    -50.7384917 -0.163801E-07  0.156E-03    8.60      12.6  T
   6    -50.7384917 -0.283234E-08  0.741E-04    8.60      26.5  T
speedup  0.93
cpu  time for SCC    0.00 s
wall time for SCC    0.01 s
speedup  1.04
cpu  time for grad    0.01 s
wall time for grad    0.01 s
 E :    -50.46188052  G :  0.005597    pred/act E change: -0.789D-04 -0.973D-04
Maxdispl :   0.0854   ||displ|| :   0.1378   Lambda : -0.977D-04
Largest |displ|/coords:  0.0854 (   3)  0.0622 (   5)  0.0478 (   4)
................................................................................
.............................. CYCLE   34 ......................................
................................................................................
   1    -50.7406641 -0.507407E+02  0.682E-02    8.64       0.0  T
   2    -50.7406655 -0.139921E-05  0.503E-02    8.64       1.0  T
   3    -50.7406665 -0.943992E-06  0.834E-03    8.65       2.4  T
   4    -50.7406666 -0.162039E-06  0.230E-03    8.64       8.5  T
   5    -50.7406666 -0.711340E-08  0.769E-04    8.64      25.5  T
speedup  0.89
cpu  time for SCC    0.00 s
wall time for SCC    0.00 s
speedup  0.94
cpu  time for grad    0.01 s
wall time for grad    0.01 s
 E :    -50.46192592  G :  0.003649    pred/act E change: -0.809D-04 -0.454D-04
Maxdispl :   0.0951   ||displ|| :   0.1566   Lambda : -0.549D-04
Largest |displ|/coords:  0.0951 (   3)  0.0778 (   2)  0.0637 (   4)
................................................................................
.............................. CYCLE   35 ......................................
................................................................................
   1    -50.7397644 -0.507398E+02  0.935E-02    8.65       0.0  T
   2    -50.7397658 -0.133327E-05  0.702E-02    8.65       1.0  T
   3    -50.7397672 -0.145284E-05  0.744E-03    8.65       2.6  T
   4    -50.7397673 -0.119835E-06  0.264E-03    8.65       7.4  T
   5    -50.7397674 -0.793753E-08  0.944E-04    8.65      20.8  T
   6    -50.7397674 -0.110813E-08  0.521E-04    8.65      37.6  T
speedup  0.94
cpu  time for SCC    0.00 s
wall time for SCC    0.01 s
speedup  0.99
cpu  time for grad    0.01 s
wall time for grad    0.01 s
 E :    -50.46195877  G :  0.003814    pred/act E change: -0.498D-04 -0.328D-04
Maxdispl :   0.0478   ||displ|| :   0.0689   Lambda : -0.342D-04
Largest |displ|/coords:  0.0478 (   1)  0.0230 (   4)  0.0217 (   2)
................................................................................
.............................. CYCLE   36 ......................................
................................................................................
   1    -50.7399855 -0.507400E+02  0.367E-02    8.65       0.0  T
   2    -50.7399858 -0.268177E-06  0.272E-02    8.65       1.0  T
   3    -50.7399860 -0.207505E-06  0.309E-03    8.65       6.3  T
   4    -50.7399860 -0.265467E-07  0.114E-03    8.65      17.2  T
   5    -50.7399860 -0.116930E-08  0.337E-04    8.65      58.2  T
   6    -50.7399860 -0.139714E-09  0.193E-04    8.65     101.5  T
speedup  0.93
cpu  time for SCC    0.01 s
wall time for SCC    0.01 s
speedup  0.99
cpu  time for grad    0.01 s
wall time for grad    0.01 s
 E :    -50.46198286  G :  0.003074    pred/act E change: -0.281D-04 -0.241D-04
Maxdispl :   0.1190   ||displ|| :   0.1875   Lambda : -0.667D-04
Largest |displ|/coords:  0.1190 (   1)  0.0737 (   3)  0.0730 (   2)
................................................................................
.............................. CYCLE   37 ......................................
................................................................................
   1    -50.7398487 -0.507398E+02  0.104E-01    8.61       0.0  T
   2    -50.7398510 -0.232249E-05  0.777E-02    8.61       1.0  T
   3    -50.7398529 -0.185802E-05  0.903E-03    8.62       2.2  T
   4    -50.7398531 -0.273071E-06  0.389E-03    8.62       5.0  T
   5    -50.7398532 -0.172861E-07  0.113E-03    8.62      17.4  T
   6    -50.7398532 -0.152549E-08  0.638E-04    8.62      30.7  T
   7    -50.7398532 -0.807361E-09  0.152E-04    8.62     128.8  T
speedup  0.91
cpu  time for SCC    0.01 s
wall time for SCC    0.01 s
speedup  0.97
cpu  time for grad    0.01 s
wall time for grad    0.02 s
 E :    -50.46199253  G :  0.005992    pred/act E change: -0.172D-04 -0.967D-05
Maxdispl :   0.0402   ||displ|| :   0.0651   Lambda : -0.567D-04
Largest |displ|/coords:  0.0402 (   3)  0.0330 (   1)  0.0193 (   8)
................................................................................
.............................. CYCLE   38 ......................................
................................................................................
   1    -50.7404725 -0.507405E+02  0.357E-02    8.62       0.0  T
   2    -50.7404730 -0.508575E-06  0.266E-02    8.62       1.0  T
   3    -50.7404734 -0.430016E-06  0.465E-03    8.62       4.2  T
   4    -50.7404735 -0.595295E-07  0.126E-03    8.62      15.6  T
   5    -50.7404735 -0.241410E-08  0.514E-04    8.62      38.2  T
speedup  0.87
cpu  time for SCC    0.00 s
wall time for SCC    0.00 s
speedup  1.02
cpu  time for grad    0.01 s
wall time for grad    0.01 s
 E :    -50.46201838  G :  0.001856    pred/act E change: -0.345D-04 -0.258D-04
Maxdispl :   0.0299   ||displ|| :   0.0428   Lambda : -0.161D-04
Largest |displ|/coords:  0.0299 (   2)  0.0181 (   6)  0.0177 (   3)
................................................................................
.............................. CYCLE   39 ......................................
................................................................................
   1    -50.7403320 -0.507403E+02  0.212E-02    8.63       0.0  T
   2    -50.7403322 -0.122628E-06  0.160E-02    8.63       1.2  T
   3    -50.7403322 -0.908884E-07  0.191E-03    8.63      10.3  T
   4    -50.7403323 -0.176246E-07  0.635E-04    8.63      30.9  T
   5    -50.7403323 -0.554401E-09  0.236E-04    8.63      83.2  T
speedup  0.89
cpu  time for SCC    0.00 s
wall time for SCC    0.00 s
speedup  0.98
cpu  time for grad    0.01 s
wall time for grad    0.01 s
 E :    -50.46202742  G :  0.001670    pred/act E change: -0.285D-04 -0.903D-05
Maxdispl :   0.0500   ||displ|| :   0.0698   Lambda : -0.118D-04
Largest |displ|/coords:  0.0500 (   2)  0.0354 (   1)  0.0217 (   3)
................................................................................
.............................. CYCLE   40 ......................................
................................................................................
   1    -50.7401546 -0.507402E+02  0.334E-02    8.63       0.0  T
   2    -50.7401549 -0.219715E-06  0.250E-02    8.63       1.0  T
   3    -50.7401551 -0.202211E-06  0.253E-03    8.63       7.7  T
   4    -50.7401551 -0.241970E-07  0.102E-03    8.63      19.2  T
   5    -50.7401551 -0.129554E-08  0.354E-04    8.63      55.4  T
   6    -50.7401551 -0.171426E-09  0.162E-04    8.63     121.3  T
speedup  0.91
cpu  time for SCC    0.00 s
wall time for SCC    0.01 s
speedup  0.99
cpu  time for grad    0.01 s
wall time for grad    0.01 s
 E :    -50.46203536  G :  0.001433    pred/act E change: -0.805D-05 -0.795D-05
Maxdispl :   0.0624   ||displ|| :   0.0887   Lambda : -0.115D-04
Largest |displ|/coords:  0.0624 (   1)  0.0527 (   2)  0.0125 (   9)
................................................................................
.............................. CYCLE   41 ......................................
................................................................................
   1    -50.7401932 -0.507402E+02  0.339E-02    8.62       0.0  T
   2    -50.7401934 -0.218432E-06  0.252E-02    8.62       1.0  T
   3    -50.7401936 -0.178670E-06  0.284E-03    8.62       6.9  T
   4    -50.7401937 -0.246320E-07  0.101E-03    8.62      19.5  T
   5    -50.7401937 -0.121538E-08  0.333E-04    8.62      58.9  T
   6    -50.7401937 -0.149754E-09  0.166E-04    8.62     118.4  T
speedup  1.09
cpu  time for SCC    0.01 s
wall time for SCC    0.01 s
speedup  0.99
cpu  time for grad    0.01 s
wall time for grad    0.01 s
 E :    -50.46204113  G :  0.001305    pred/act E change: -0.592D-05 -0.577D-05
Maxdispl :   0.0227   ||displ|| :   0.0292   Lambda : -0.350D-05
Largest |displ|/coords:  0.0227 (   2)  0.0122 (   1)  0.0066 (   3)
................................................................................
.............................. CYCLE   42 ......................................
................................................................................
   1    -50.7401022 -0.507401E+02  0.139E-02    8.62       0.0  T
   2    -50.7401023 -0.298796E-07  0.104E-02    8.62       1.9  T
   3    -50.7401023 -0.272263E-07  0.117E-03    8.62      16.7  T
   4    -50.7401023 -0.312710E-08  0.432E-04    8.62      45.4  T
   5    -50.7401023 -0.224929E-09  0.119E-04    8.62     165.1  T
speedup  1.09
cpu  time for SCC    0.01 s
wall time for SCC    0.00 s
speedup  1.04
cpu  time for grad    0.01 s
wall time for grad    0.01 s
 E :    -50.46204368  G :  0.000784    pred/act E change: -0.578D-05 -0.255D-05
Maxdispl :   0.0267   ||displ|| :   0.0354   Lambda : -0.393D-05
Largest |displ|/coords:  0.0267 (   2)  0.0119 (   1)  0.0081 (   9)
................................................................................
.............................. CYCLE   43 ......................................
................................................................................
   1    -50.7401678 -0.507402E+02  0.163E-02    8.62       0.0  T
   2    -50.7401679 -0.500327E-07  0.121E-02    8.62       1.6  T
   3    -50.7401679 -0.430456E-07  0.180E-03    8.62      10.9  T
   4    -50.7401679 -0.500978E-08  0.507E-04    8.62      38.7  T
   5    -50.7401679 -0.335646E-09  0.147E-04    8.62     133.5  T
speedup  1.09
cpu  time for SCC    0.01 s
wall time for SCC    0.00 s
speedup  1.03
cpu  time for grad    0.01 s
wall time for grad    0.01 s
 E :    -50.46204628  G :  0.000619    pred/act E change: -0.175D-05 -0.260D-05
Maxdispl :   0.0262   ||displ|| :   0.0390   Lambda : -0.225D-05
Largest |displ|/coords:  0.0262 (   2)  0.0159 (   3)  0.0155 (   1)
................................................................................
.............................. CYCLE   44 ......................................
................................................................................
   1    -50.7399785 -0.507400E+02  0.213E-02    8.62       0.0  T
   2    -50.7399786 -0.669573E-07  0.158E-02    8.62       1.2  T
   3    -50.7399786 -0.637864E-07  0.218E-03    8.62       9.0  T
   4    -50.7399786 -0.614433E-08  0.677E-04    8.62      29.0  T
   5    -50.7399786 -0.534840E-09  0.194E-04    8.62     101.0  T
speedup  1.06
cpu  time for SCC    0.00 s
wall time for SCC    0.00 s
speedup  0.97
cpu  time for grad    0.01 s
wall time for grad    0.01 s
 E :    -50.46204747  G :  0.000820    pred/act E change: -0.197D-05 -0.119D-05
Maxdispl :   0.0131   ||displ|| :   0.0222   Lambda : -0.240D-05
Largest |displ|/coords:  0.0131 (   4)  0.0078 (   2)  0.0072 (   7)
................................................................................
.............................. CYCLE   45 ......................................
................................................................................
   1    -50.7403122 -0.507403E+02  0.113E-02    8.63       0.0  T
   2    -50.7403123 -0.477092E-07  0.825E-03    8.63       2.4  T
   3    -50.7403123 -0.260475E-07  0.173E-03    8.62      11.3  T
   4    -50.7403123 -0.576578E-08  0.408E-04    8.63      48.1  T
   5    -50.7403123 -0.219522E-09  0.932E-05    8.63     210.4  T
speedup  0.85
cpu  time for SCC    0.00 s
wall time for SCC    0.00 s
speedup  0.97
cpu  time for grad    0.01 s
wall time for grad    0.01 s
 E :    -50.46204855  G :  0.000678    pred/act E change: -0.113D-05 -0.108D-05
Maxdispl :   0.0076   ||displ|| :   0.0121   Lambda : -0.136D-05
Largest |displ|/coords:  0.0076 (   1)  0.0044 (   3)  0.0040 (   4)
................................................................................
.............................. CYCLE   46 ......................................
................................................................................
   1    -50.7403048 -0.507403E+02  0.707E-03    8.63       0.0  T
   2    -50.7403048 -0.638711E-08  0.523E-03    8.63       3.7  T
   3    -50.7403048 -0.634932E-08  0.602E-04    8.63      32.6  T
   4    -50.7403048 -0.395140E-09  0.156E-04    8.63     126.0  T
speedup  1.05
cpu  time for SCC    0.00 s
wall time for SCC    0.00 s
speedup  1.03
cpu  time for grad    0.01 s
wall time for grad    0.01 s
 E :    -50.46204971  G :  0.000581    pred/act E change: -0.120D-05 -0.115D-05
Maxdispl :   0.0263   ||displ|| :   0.0418   Lambda : -0.364D-05
Largest |displ|/coords:  0.0263 (   1)  0.0182 (   3)  0.0142 (   4)
................................................................................
.............................. CYCLE   47 ......................................
................................................................................
   1    -50.7402903 -0.507403E+02  0.242E-02    8.62       0.0  T
   2    -50.7402904 -0.906232E-07  0.178E-02    8.62       1.1  T
   3    -50.7402905 -0.796706E-07  0.238E-03    8.62       8.2  T
   4    -50.7402905 -0.782455E-08  0.719E-04    8.62      27.3  T
   5    -50.7402905 -0.563041E-09  0.199E-04    8.62      98.7  T
speedup  0.85
cpu  time for SCC    0.00 s
wall time for SCC    0.00 s
speedup  0.90
cpu  time for grad    0.01 s
wall time for grad    0.01 s
 E :    -50.46205197  G :  0.000715    pred/act E change: -0.682D-06 -0.227D-05
Maxdispl :   0.0151   ||displ|| :   0.0265   Lambda : -0.151D-05
Largest |displ|/coords:  0.0151 (   1)  0.0146 (   4)  0.0082 (   3)
................................................................................
.............................. CYCLE   48 ......................................
................................................................................
   1    -50.7403123 -0.507403E+02  0.153E-02    8.62       0.0  T
   2    -50.7403124 -0.373531E-07  0.114E-02    8.62       1.7  T
   3    -50.7403124 -0.328864E-07  0.154E-03    8.62      12.7  T
   4    -50.7403124 -0.377964E-08  0.463E-04    8.62      42.4  T
   5    -50.7403124 -0.245308E-09  0.124E-04    8.62     158.6  T
speedup  1.09
cpu  time for SCC    0.00 s
wall time for SCC    0.00 s
speedup  1.04
cpu  time for grad    0.01 s
wall time for grad    0.01 s
 E :    -50.46205316  G :  0.000807    pred/act E change: -0.182D-05 -0.119D-05
Maxdispl :   0.0314   ||displ|| :   0.0528   Lambda : -0.290D-05
Largest |displ|/coords:  0.0314 (   1)  0.0295 (   4)  0.0171 (   3)
................................................................................
.............................. CYCLE   49 ......................................
................................................................................
   1    -50.7403059 -0.507403E+02  0.301E-02    8.62       0.0  T
   2    -50.7403061 -0.157570E-06  0.223E-02    8.62       1.0  T
   3    -50.7403062 -0.122807E-06  0.324E-03    8.61       6.1  T
   4    -50.7403062 -0.189119E-07  0.101E-03    8.61      19.4  T
   5    -50.7403062 -0.110933E-08  0.256E-04    8.61      76.7  T
   6    -50.7403062 -0.671179E-10  0.159E-04    8.61     123.5  T
speedup  0.91
cpu  time for SCC    0.01 s
wall time for SCC    0.01 s
speedup  0.99
cpu  time for grad    0.01 s
wall time for grad    0.01 s
 E :    -50.46205511  G :  0.000710    pred/act E change: -0.753D-06 -0.195D-05
Maxdispl :   0.0199   ||displ|| :   0.0315   Lambda : -0.157D-05
Largest |displ|/coords:  0.0199 (   4)  0.0179 (   1)  0.0084 (  36)
................................................................................
.............................. CYCLE   50 ......................................
................................................................................
   1    -50.7402707 -0.507403E+02  0.177E-02    8.61       0.0  T
   2    -50.7402708 -0.610874E-07  0.132E-02    8.61       1.5  T
   3    -50.7402708 -0.392812E-07  0.199E-03    8.61       9.9  T
   4    -50.7402708 -0.905113E-08  0.605E-04    8.61      32.4  T
   5    -50.7402708 -0.406104E-09  0.141E-04    8.61     138.9  T
speedup  0.87
cpu  time for SCC    0.00 s
wall time for SCC    0.00 s
speedup  0.98
cpu  time for grad    0.01 s
wall time for grad    0.01 s
 E :    -50.46205626  G :  0.000564    pred/act E change: -0.145D-05 -0.115D-05
Maxdispl :   0.0195   ||displ|| :   0.0320   Lambda : -0.150D-05
Largest |displ|/coords:  0.0195 (   4)  0.0180 (   1)  0.0081 (  36)
................................................................................
.............................. CYCLE   51 ......................................
................................................................................
   1    -50.7402256 -0.507402E+02  0.177E-02    8.61       0.0  T
   2    -50.7402257 -0.675108E-07  0.132E-02    8.61       1.5  T
   3    -50.7402257 -0.353692E-07  0.210E-03    8.61       9.4  T
   4    -50.7402258 -0.111040E-07  0.646E-04    8.61      30.3  T
   5    -50.7402258 -0.400604E-09  0.137E-04    8.61     142.7  T
speedup  1.11
cpu  time for SCC    0.00 s
wall time for SCC    0.00 s
speedup  1.06
cpu  time for grad    0.01 s
wall time for grad    0.01 s
 E :    -50.46205733  G :  0.000522    pred/act E change: -0.785D-06 -0.107D-05
Maxdispl :   0.0145   ||displ|| :   0.0243   Lambda : -0.119D-05
Largest |displ|/coords:  0.0145 (   4)  0.0104 (   1)  0.0068 (   6)
................................................................................
.............................. CYCLE   52 ......................................
................................................................................
   1    -50.7401876 -0.507402E+02  0.139E-02    8.61       0.0  T
   2    -50.7401877 -0.415194E-07  0.104E-02    8.61       1.9  T
   3    -50.7401877 -0.191249E-07  0.159E-03    8.61      12.3  T
   4    -50.7401877 -0.719876E-08  0.512E-04    8.61      38.3  T
   5    -50.7401877 -0.251376E-09  0.102E-04    8.61     192.4  T
speedup  0.89
cpu  time for SCC    0.00 s
wall time for SCC    0.00 s
speedup  0.95
cpu  time for grad    0.01 s
wall time for grad    0.01 s
 E :    -50.46205820  G :  0.000551    pred/act E change: -0.753D-06 -0.875D-06
Maxdispl :   0.0128   ||displ|| :   0.0231   Lambda : -0.110D-05
Largest |displ|/coords:  0.0128 (   4)  0.0073 (   1)  0.0072 (   6)

generating ANC from model Hessian ...
 Shifting diagonal of input Hessian by   4.760883852086776E-003
 Lowest  eigenvalues of input Hessian
   -0.000000   -0.000000   -0.000000   -0.000000    0.000000    0.000000
    0.005000    0.005344    0.005723    0.005907    0.006601    0.006896
    0.007445    0.008257    0.008465    0.010042    0.011044    0.012630
 Highest eigenvalues
    1.374324    1.402213    1.418433    2.662938    3.476991    3.619782
 
cpu  time for ANC gen    0.02 s
wall time for ANC gen    0.02 s
................................................................................
.............................. CYCLE   53 ......................................
................................................................................
   1    -50.7401681 -0.507402E+02  0.137E-02    8.61       0.0  T
   2    -50.7401682 -0.380096E-07  0.102E-02    8.61       1.9  T
   3    -50.7401682 -0.185238E-07  0.150E-03    8.61      13.1  T
   4    -50.7401682 -0.647273E-08  0.520E-04    8.61      37.7  T
   5    -50.7401682 -0.270454E-09  0.105E-04    8.61     186.8  T
speedup  1.11
cpu  time for SCC    0.00 s
wall time for SCC    0.00 s
speedup  0.98
cpu  time for grad    0.01 s
wall time for grad    0.01 s
 E :    -50.46205897  G :  0.000534    pred/act E change:  0.000D+00 -0.770D-06
Maxdispl :   0.0028   ||displ|| :   0.0048   Lambda : -0.447D-06
Largest |displ|/coords:  0.0028 (   1)  0.0018 (   5)  0.0017 (   7)
................................................................................
.............................. CYCLE   54 ......................................
................................................................................
   1    -50.7401878 -0.507402E+02  0.247E-03    8.61       0.0  T
   2    -50.7401878 -0.196948E-08  0.185E-03    8.61      10.6  T
   3    -50.7401878 -0.119240E-08  0.271E-04    8.61      72.4  T
   4    -50.7401878 -0.312887E-09  0.106E-04    8.61     185.2  T
speedup  0.83
cpu  time for SCC    0.00 s
wall time for SCC    0.00 s
speedup  0.98
cpu  time for grad    0.01 s
wall time for grad    0.01 s
 E :    -50.46205933  G :  0.000353    pred/act E change:  0.000D+00 -0.354D-06
Maxdispl :   0.0069   ||displ|| :   0.0106   Lambda : -0.632D-06
Largest |displ|/coords:  0.0069 (   1)  0.0040 (   5)  0.0038 (   4)
................................................................................
.............................. CYCLE   55 ......................................
................................................................................
   1    -50.7402353 -0.507402E+02  0.541E-03    8.61       0.0  T
   2    -50.7402353 -0.829913E-08  0.403E-03    8.61       4.9  T
   3    -50.7402353 -0.495710E-08  0.562E-04    8.61      34.9  T
   4    -50.7402353 -0.125888E-08  0.209E-04    8.61      93.7  T
speedup  1.03
cpu  time for SCC    0.00 s
wall time for SCC    0.00 s
speedup  0.95
cpu  time for grad    0.01 s
wall time for grad    0.01 s
 E :    -50.46205972  G :  0.000260    pred/act E change: -0.223D-06 -0.396D-06
Maxdispl :   0.0066   ||displ|| :   0.0083   Lambda : -0.273D-06
Largest |displ|/coords:  0.0066 (   1)  0.0022 (   4)  0.0019 (   3)
................................................................................
.............................. CYCLE   56 ......................................
................................................................................
   1    -50.7402577 -0.507403E+02  0.415E-03    8.61       0.0  T
   2    -50.7402577 -0.378256E-08  0.308E-03    8.61       6.4  T
   3    -50.7402577 -0.287265E-08  0.385E-04    8.62      50.9  T
   4    -50.7402577 -0.432614E-09  0.129E-04    8.62     151.7  T
speedup  0.79
cpu  time for SCC    0.00 s
wall time for SCC    0.00 s
speedup  0.96
cpu  time for grad    0.01 s
wall time for grad    0.01 s
 E :    -50.46205990  G :  0.000284    pred/act E change: -0.316D-06 -0.179D-06
Maxdispl :   0.0129   ||displ|| :   0.0156   Lambda : -0.448D-06
Largest |displ|/coords:  0.0129 (   1)  0.0043 (   4)  0.0034 (   3)
................................................................................
.............................. CYCLE   57 ......................................
................................................................................
   1    -50.7402791 -0.507403E+02  0.783E-03    8.62       0.0  T
   2    -50.7402791 -0.136384E-07  0.580E-03    8.62       3.4  T
   3    -50.7402792 -0.108327E-07  0.773E-04    8.62      25.4  T
   4    -50.7402792 -0.142877E-08  0.267E-04    8.62      73.4  T
speedup  1.05
cpu  time for SCC    0.00 s
wall time for SCC    0.00 s
speedup  1.04
cpu  time for grad    0.01 s
wall time for grad    0.01 s
 E :    -50.46206016  G :  0.000357    pred/act E change: -0.136D-06 -0.261D-06
Maxdispl :   0.0092   ||displ|| :   0.0105   Lambda : -0.331D-06
Largest |displ|/coords:  0.0092 (   1)  0.0021 (   4)  0.0017 (  37)
................................................................................
.............................. CYCLE   58 ......................................
................................................................................
   1    -50.7402645 -0.507403E+02  0.552E-03    8.62       0.0  T
   2    -50.7402645 -0.945867E-08  0.407E-03    8.62       4.8  T
   3    -50.7402646 -0.632076E-08  0.689E-04    8.62      28.5  T
   4    -50.7402646 -0.107009E-08  0.258E-04    8.62      76.1  T
speedup  0.81
cpu  time for SCC    0.00 s
wall time for SCC    0.00 s
speedup  0.97
cpu  time for grad    0.01 s
wall time for grad    0.01 s
 E :    -50.46206041  G :  0.000297    pred/act E change: -0.224D-06 -0.246D-06
Maxdispl :   0.0130   ||displ|| :   0.0146   Lambda : -0.388D-06
Largest |displ|/coords:  0.0130 (   1)  0.0029 (   4)  0.0027 (  37)
................................................................................
.............................. CYCLE   59 ......................................
................................................................................
   1    -50.7402223 -0.507402E+02  0.761E-03    8.62       0.0  T
   2    -50.7402224 -0.192590E-07  0.562E-03    8.62       3.5  T
   3    -50.7402224 -0.118543E-07  0.971E-04    8.62      20.2  T
   4    -50.7402224 -0.240680E-08  0.368E-04    8.62      53.3  T
speedup  1.05
cpu  time for SCC    0.00 s
wall time for SCC    0.00 s
speedup  1.04
cpu  time for grad    0.01 s
wall time for grad    0.01 s
 E :    -50.46206067  G :  0.000231    pred/act E change: -0.166D-06 -0.266D-06
Maxdispl :   0.0078   ||displ|| :   0.0093   Lambda : -0.185D-06
Largest |displ|/coords:  0.0078 (   1)  0.0026 (   4)  0.0020 (  37)
................................................................................
.............................. CYCLE   60 ......................................
................................................................................
   1    -50.7401975 -0.507402E+02  0.481E-03    8.62       0.0  T
   2    -50.7401976 -0.764180E-08  0.359E-03    8.62       5.5  T
   3    -50.7401976 -0.458755E-08  0.602E-04    8.62      32.6  T
   4    -50.7401976 -0.110676E-08  0.242E-04    8.62      81.2  T
speedup  1.08
cpu  time for SCC    0.00 s
wall time for SCC    0.00 s
speedup  0.97
cpu  time for grad    0.01 s
wall time for grad    0.01 s
 E :    -50.46206082  G :  0.000207    pred/act E change: -0.194D-06 -0.149D-06
Maxdispl :   0.0106   ||displ|| :   0.0131   Lambda : -0.227D-06
Largest |displ|/coords:  0.0106 (   1)  0.0048 (   4)  0.0031 (  37)
................................................................................
.............................. CYCLE   61 ......................................
................................................................................
   1    -50.7401769 -0.507402E+02  0.669E-03    8.62       0.0  T
   2    -50.7401769 -0.119212E-07  0.501E-03    8.62       3.9  T
   3    -50.7401769 -0.781316E-08  0.743E-04    8.62      26.4  T
   4    -50.7401769 -0.180538E-08  0.308E-04    8.62      63.7  T
speedup  1.08
cpu  time for SCC    0.00 s
wall time for SCC    0.00 s
speedup  1.05
cpu  time for grad    0.01 s
wall time for grad    0.01 s
 E :    -50.46206099  G :  0.000201    pred/act E change: -0.923D-07 -0.168D-06
Maxdispl :   0.0068   ||displ|| :   0.0098   Lambda : -0.176D-06
Largest |displ|/coords:  0.0068 (   1)  0.0044 (   4)  0.0028 (  37)
................................................................................
.............................. CYCLE   62 ......................................
................................................................................
   1    -50.7401764 -0.507402E+02  0.525E-03    8.62       0.0  T
   2    -50.7401764 -0.571431E-08  0.394E-03    8.62       5.0  T
   3    -50.7401764 -0.431562E-08  0.542E-04    8.62      36.2  T
   4    -50.7401764 -0.830319E-09  0.222E-04    8.62      88.4  T
speedup  1.05
cpu  time for SCC    0.00 s
wall time for SCC    0.00 s
speedup  1.04
cpu  time for grad    0.01 s
wall time for grad    0.01 s
 E :    -50.46206114  G :  0.000197    pred/act E change: -0.114D-06 -0.145D-06
Maxdispl :   0.0103   ||displ|| :   0.0161   Lambda : -0.284D-06
Largest |displ|/coords:  0.0103 (   1)  0.0078 (   4)  0.0051 (   3)
................................................................................
.............................. CYCLE   63 ......................................
................................................................................
   1    -50.7401841 -0.507402E+02  0.908E-03    8.62       0.0  T
   2    -50.7401842 -0.142615E-07  0.682E-03    8.62       2.9  T
   3    -50.7401842 -0.121201E-07  0.911E-04    8.62      21.5  T
   4    -50.7401842 -0.184099E-08  0.346E-04    8.62      56.7  T
speedup  0.81
cpu  time for SCC    0.00 s
wall time for SCC    0.00 s
speedup  0.97
cpu  time for grad    0.01 s
wall time for grad    0.01 s
 E :    -50.46206135  G :  0.000237    pred/act E change: -0.878D-07 -0.211D-06
Maxdispl :   0.0059   ||displ|| :   0.0120   Lambda : -0.232D-06
Largest |displ|/coords:  0.0059 (   4)  0.0058 (   1)  0.0049 (   3)
................................................................................
.............................. CYCLE   64 ......................................
................................................................................
   1    -50.7402001 -0.507402E+02  0.756E-03    8.62       0.0  T
   2    -50.7402001 -0.906189E-08  0.567E-03    8.62       3.5  T
   3    -50.7402001 -0.863076E-08  0.773E-04    8.62      25.4  T
   4    -50.7402001 -0.951900E-09  0.265E-04    8.62      73.9  T
speedup  1.05
cpu  time for SCC    0.00 s
wall time for SCC    0.00 s
speedup  1.05
cpu  time for grad    0.01 s
wall time for grad    0.01 s
 E :    -50.46206154  G :  0.000269    pred/act E change: -0.142D-06 -0.191D-06
Maxdispl :   0.0084   ||displ|| :   0.0186   Lambda : -0.359D-06
Largest |displ|/coords:  0.0084 (   4)  0.0084 (   1)  0.0073 (   3)
................................................................................
.............................. CYCLE   65 ......................................
................................................................................
   1    -50.7402130 -0.507402E+02  0.127E-02    8.62       0.0  T
   2    -50.7402130 -0.256555E-07  0.949E-03    8.62       2.1  T
   3    -50.7402130 -0.239104E-07  0.135E-03    8.62      14.5  T
   4    -50.7402130 -0.265567E-08  0.463E-04    8.62      42.3  T
   5    -50.7402130 -0.196422E-09  0.969E-05    8.62     202.4  T
speedup  0.89
cpu  time for SCC    0.00 s
wall time for SCC    0.00 s
speedup  0.98
cpu  time for grad    0.01 s
wall time for grad    0.01 s
 E :    -50.46206180  G :  0.000293    pred/act E change: -0.116D-06 -0.260D-06
Maxdispl :   0.0060   ||displ|| :   0.0142   Lambda : -0.280D-06
Largest |displ|/coords:  0.0060 (  37)  0.0055 (   3)  0.0052 (   4)
................................................................................
.............................. CYCLE   66 ......................................
................................................................................
   1    -50.7402187 -0.507402E+02  0.106E-02    8.62       0.0  T
   2    -50.7402187 -0.197925E-07  0.792E-03    8.62       2.5  T
   3    -50.7402187 -0.170041E-07  0.126E-03    8.62      15.6  T
   4    -50.7402187 -0.211303E-08  0.429E-04    8.62      45.8  T
   5    -50.7402187 -0.154685E-09  0.803E-05    8.62     244.4  T
speedup  1.09
cpu  time for SCC    0.00 s
wall time for SCC    0.00 s
speedup  0.98
cpu  time for grad    0.01 s
wall time for grad    0.01 s
 E :    -50.46206200  G :  0.000256    pred/act E change: -0.180D-06 -0.205D-06
Maxdispl :   0.0048   ||displ|| :   0.0101   Lambda : -0.248D-06
Largest |displ|/coords:  0.0048 (  37)  0.0042 (   2)  0.0038 (  10)
................................................................................
.............................. CYCLE   67 ......................................
................................................................................
   1    -50.7402182 -0.507402E+02  0.832E-03    8.62       0.0  T
   2    -50.7402182 -0.144727E-07  0.612E-03    8.62       3.2  T
   3    -50.7402182 -0.105115E-07  0.116E-03    8.62      16.9  T
   4    -50.7402182 -0.157552E-08  0.396E-04    8.62      49.6  T
   5    -50.7402182 -0.117822E-09  0.597E-05    8.62     328.5  T
speedup  0.85
cpu  time for SCC    0.00 s
wall time for SCC    0.00 s
speedup  0.98
cpu  time for grad    0.01 s
wall time for grad    0.01 s
 E :    -50.46206218  G :  0.000171    pred/act E change: -0.140D-06 -0.178D-06
Maxdispl :   0.0036   ||displ|| :   0.0067   Lambda : -0.171D-06
Largest |displ|/coords:  0.0036 (  37)  0.0034 (   2)  0.0023 (  10)
................................................................................
.............................. CYCLE   68 ......................................
................................................................................
   1    -50.7402065 -0.507402E+02  0.589E-03    8.62       0.0  T
   2    -50.7402065 -0.884446E-08  0.427E-03    8.62       4.6  T
   3    -50.7402065 -0.522378E-08  0.948E-04    8.62      20.7  T
   4    -50.7402065 -0.917332E-09  0.330E-04    8.62      59.3  T
speedup  1.11
cpu  time for SCC    0.00 s
wall time for SCC    0.00 s
speedup  1.04
cpu  time for grad    0.01 s
wall time for grad    0.01 s
 E :    -50.46206230  G :  0.000137    pred/act E change: -0.124D-06 -0.121D-06
Maxdispl :   0.0029   ||displ|| :   0.0048   Lambda : -0.110D-06
Largest |displ|/coords:  0.0029 (   1)  0.0024 (   4)  0.0019 (   2)
................................................................................
.............................. CYCLE   69 ......................................
................................................................................
   1    -50.7402006 -0.507402E+02  0.281E-03    8.62       0.0  T
   2    -50.7402006 -0.235155E-08  0.199E-03    8.62       9.9  T
   3    -50.7402006 -0.130747E-08  0.462E-04    8.62      42.4  T
   4    -50.7402006 -0.194717E-09  0.168E-04    8.62     116.7  T
speedup  0.81
cpu  time for SCC    0.00 s
wall time for SCC    0.00 s
speedup  0.97
cpu  time for grad    0.01 s
wall time for grad    0.01 s
 E :    -50.46206239  G :  0.000143    pred/act E change: -0.856D-07 -0.840D-07
Maxdispl :   0.0047   ||displ|| :   0.0071   Lambda : -0.132D-06
Largest |displ|/coords:  0.0047 (  37)  0.0022 (   2)  0.0018 (  21)

   *** GEOMETRY OPTIMIZATION CONVERGED AFTER 69 ITERATIONS ***

------------------------------------------------------------------------
 total energy gain (kcal):     -0.0021
------------------------------------------------------------------------
================
 final structure:
================
$coord
       -2.16367017353682       -2.50633984459750       -0.78394016728725      S 
       -3.25158848096524        0.02351183388849       -0.62960468611068      O 
       -0.46210061325428       -2.73147428819268       -2.92635741988507      O 
       -1.02234222547747       -3.28022926309998        1.57769209874555      O 
       -4.42166750444703       -4.38325307454884       -1.30104743558093      O 
       -4.81611580116906       -4.01465034419942       -3.01507815436215      H 
       -2.64000552337036        4.01220898950440       -3.67263289261444      O 
       -3.17300496063789        2.56415004029293       -2.65774088907191      H 
       -2.49819591421403        5.40114843625101       -2.51541038860685      H 
        3.72553640701850       -2.82929395324925        0.28805119338868      O 
        3.67375374294226       -3.51745551105980       -1.39437733896558      H 
        2.01907292639908       -3.14431704408879        0.96157293866681      H 
        3.65223658090846        1.95614339275562       -0.41115134521567      O 
        3.93443726897913        0.09320605442332        0.00575530660793      H 
        2.07343705197188        2.52896885330456        0.72222004933707      H 
       -0.21570490324123        2.92437759916647        2.08534386576606      O 
       -1.49625871453059        1.93032635892208        1.17799723346641      H 
        0.02243312328070        2.00752247305562        3.71534206521640      H 
        1.60090803366841        1.47341756667661       -4.62050808509866      O 
        2.94415510179235        1.92091287907834       -2.30025950936637      H 
        0.85815284951641       -0.19817593834213       -4.28188585846078      H 
        0.14960471591983        2.63625603160096       -4.64118017357036      H 
        0.36894273645080       -0.25965713972760        5.91251611999132      N 
       -0.26474730021879       -1.67442417827871        4.77045735199913      H 
       -0.74032948414839       -0.21894153983389        7.46928703900985      H 
        2.14306109815289       -0.71393838970352        6.46493906310840      H 
$end
 
 Bond Distances (Angstroems)
 ---------------------------
S1-O2=1.4596         S1-O3=1.4527         S1-O4=1.4472         S1-O5=1.5777         O2-S1=1.4596         O3-S1=1.4527         
O4-S1=1.4472         O5-S1=1.5777         O5-H6=0.9510         H6-O5=0.9510         O7-H8=0.9773         O7-H9=0.9596         
H8-O7=0.9773         H9-O7=0.9596         O10-H11=0.9623       O10-H12=0.9850       H11-O10=0.9623       H12-O10=0.9850       
O13-H14=1.0212       O13-H15=1.0722       O13-H20=1.0678       H14-O13=1.0212       H15-O13=1.0722       O16-H17=0.9831       
O16-H18=0.9976       H17-O16=0.9831       H18-O16=0.9976       O19-H21=0.9844       O19-H22=0.9842       H20-O13=1.0678       
H21-O19=0.9844       H22-O19=0.9842       N23-H24=1.0189       N23-H25=1.0118       N23-H26=1.0122       H24-N23=1.0189       
H25-N23=1.0118       H26-N23=1.0122       
 N  H  Rav=1.0143 sigma=0.0033  Rmin=1.0118  Rmax=1.0189     3
 O  H  Rav=0.9955 sigma=0.0376  Rmin=0.9510  Rmax=1.0722    12
 S  O  Rav=1.4843 sigma=0.0541  Rmin=1.4472  Rmax=1.5777     4
 
 selected bond angles (degree)
 --------------------
O3-S1-O2=111.31                O4-S1-O2=112.08                O4-S1-O3=113.08                O5-S1-O2=106.76                
O5-S1-O3=106.41                O5-S1-O4=106.72                H6-O5-S1=101.69                H9-O7-H8=105.81                
H12-O10-H11=104.16             
 
 selected dihedral angles (degree)
 ---------------------------------
H6-O5-S1-O2= 72.64            H6-O5-S1-O3=313.67            H6-O5-S1-O4=192.66            
 
 CMA Distance (Angstroems)
 ---------------------------
R(CMA):  2.6778

========================================================================
 FINAL SINGLEPOINT CALCULATION ON OPTIMIZED GEOMETRY
========================================================================

 Ncao       : 65
 Nao        : 64
 Nshell     : 38
 Nel        : 80
 T(el)      :   300.0
 intcut     :    25.0
 scfconv/Eh :  0.100E-05
   qconv/e  :  0.100E-03
 intneglect :  0.100E-07
 broydamp   :      0.250
 iter      E             dE          RMSdq      gap      omega  full diag
   1    -50.7402006 -0.507402E+02  0.591E-05    8.62       0.0  T
   2    -50.7402006 -0.112976E-11  0.377E-05    8.62     519.7  T
   3    -50.7402006 -0.760281E-12  0.503E-06    8.62    3901.8  T
speedup  0.71
cpu  time for SCC    0.00 s
wall time for SCC    0.00 s

   *** convergence criteria satisfied after 3 iterations ***

          eigenvalues
 #    :          28         29         30         31         32         33         34         35
 occ. :        2.000      2.000      2.000      2.000      2.000      2.000      2.000      2.000
 eps  :       -13.723    -13.490    -12.707    -12.638    -12.563    -12.465    -12.401    -12.369
 #    :          36         37         38         39         40         41         42         43
 occ. :        2.000      2.000      2.000      2.000      2.000      0.000      0.000      0.000
 eps  :       -12.324    -12.253    -12.101    -12.013    -11.196     -2.581     -0.618     -0.516
 #    :          44         45         46         47         48         49         50         51
 occ. :        0.000      0.000      0.000      0.000      0.000      0.000      0.000      0.000
 eps  :         0.782      0.855      1.077      1.900      2.963      3.632      3.876      5.514


   #   Z            q   n(s)   n(p)   n(d)      C6AA      α(0)
   1  16 S      1.694  1.579  1.777  0.949    88.894    15.869
   2   8 O     -0.762  1.773  4.989  0.000    30.452     7.399
   3   8 O     -0.760  1.771  4.989  0.000    30.399     7.392
   4   8 O     -0.728  1.764  4.964  0.000    29.493     7.281
   5   8 O     -0.587  1.753  4.834  0.000    24.857     6.731
   6   1 H      0.346  0.654  0.000  0.000     0.588     1.200
   7   8 O     -0.608  1.747  4.861  0.000    25.387     6.800
   8   1 H      0.324  0.676  0.000  0.000     0.652     1.268
   9   1 H      0.295  0.705  0.000  0.000     0.737     1.349
  10   8 O     -0.606  1.743  4.863  0.000    25.319     6.791
  11   1 H      0.309  0.691  0.000  0.000     0.693     1.308
  12   1 H      0.329  0.671  0.000  0.000     0.639     1.256
  13   8 O     -0.531  1.741  4.790  0.000    23.501     6.547
  14   1 H      0.372  0.628  0.000  0.000     0.540     1.155
  15   1 H      0.381  0.619  0.000  0.000     0.516     1.126
  16   8 O     -0.620  1.755  4.865  0.000    25.635     6.835
  17   1 H      0.326  0.674  0.000  0.000     0.648     1.264
  18   1 H      0.328  0.672  0.000  0.000     0.642     1.259
  19   8 O     -0.612  1.758  4.855  0.000    25.448     6.810
  20   1 H      0.382  0.618  0.000  0.000     0.515     1.126
  21   1 H      0.332  0.668  0.000  0.000     0.632     1.249
  22   1 H      0.338  0.662  0.000  0.000     0.618     1.235
  23   7 N     -0.453  1.368  4.085  0.000    31.906     8.389
  24   1 H      0.194  0.806  0.000  0.000     1.137     1.670
  25   1 H      0.155  0.845  0.000  0.000     1.365     1.830
  26   1 H      0.160  0.840  0.000  0.000     1.334     1.809

 Mol. C6AA /au·bohr⁶  :       5479.421483
 Mol. C8AA /au·bohr⁸  :     118404.161577
 Mol. α(0) /au        :        106.948857

 
 Wiberg/Mayer (AO) data. WBOs > 0.1 written file <wbo>
 largest (>0.05) Wiberg bond orders for each atom
           total WBO             WBO to atom ...
     1  S   4.849    O    4 1.332    O    3 1.310    O    2 1.269    O    5 0.896
     2  O   1.711    S    1 1.269    O    3 0.110    O    4 0.106    O    5 0.072    H   17 0.062
     3  O   1.699    S    1 1.310    O    2 0.110    O    4 0.109    O    5 0.075    H   21 0.060
     4  O   1.748    S    1 1.332    O    3 0.109    O    2 0.106    H   12 0.068    O    5 0.062
     5  O   1.976    S    1 0.896    H    6 0.864    O    3 0.075    O    2 0.072    O    4 0.062
     6  H   0.880    O    5 0.864
     7  O   1.874    H    9 0.910    H    8 0.843    H   22 0.063
     8  H   0.895    O    7 0.843
     9  H   0.913    O    7 0.910
    10  O   1.930    H   11 0.897    H   12 0.817    H   14 0.126
    11  H   0.904    O   10 0.897
    12  H   0.891    O   10 0.817    O    4 0.068
    13  O   2.217    H   14 0.732    H   20 0.646    H   15 0.638    O   16 0.072    O   19 0.070
    14  H   0.862    O   13 0.732    O   10 0.126
    15  H   0.855    O   13 0.638    O   16 0.214
    16  O   1.986    H   17 0.825    H   18 0.791    H   15 0.214    O   13 0.072
    17  H   0.894    O   16 0.825    O    2 0.062
    18  H   0.892    O   16 0.791    N   23 0.098
    19  O   1.987    H   21 0.825    H   22 0.821    H   20 0.205    O   13 0.070
    20  H   0.854    O   13 0.646    O   19 0.205
    21  H   0.890    O   19 0.825    O    3 0.060
    22  H   0.886    O   19 0.821    O    7 0.063
    23  N   3.042    H   25 0.973    H   26 0.971    H   24 0.937    H   18 0.098
    24  H   0.962    N   23 0.937
    25  H   0.976    N   23 0.973
    26  H   0.974    N   23 0.971
 MOs/occ written to file <molden.input>
 
molecular dipole:
                 x           y           z       tot (Debye)
 q only:        0.684       0.694       0.498
   full:       -0.270      -0.288       0.716       2.077
molecular quadrupole (traceless):
                xx          xy          yy          xz          yz          zz
 q only:       -0.391      -0.323      -3.358       2.882       4.426       3.748
  q+dip:       -2.070      -0.604      -3.153       4.039       5.017       5.223
   full:       -2.026      -0.225      -3.308       4.250       5.247       5.334

SCC energy    :     -50.7402006
rep           :       0.2778077
ES            :       0.2430185
AES           :      -0.0714681
AXC           :      -0.0070089
disp          :      -0.0200279
XB            :       0.0000000
fix           :       0.0000000
total E       :     -50.4620624
atomizationE  :       4.9923665     3132.76
(atE without considering molecular charge,
 total energy contains solvation terms)
H-L gap (eV)  :          8.6156
optimized geometry written to: xtbopt.xyz


------------------------------------------------------------------------
 * finished run on 2019/09/16 at 11:45:18.665     
------------------------------------------------------------------------
 total:
 * wall-time:     0 d,  0 h,  0 min,  1.727 sec
 *  cpu-time:     0 d,  0 h,  0 min,  1.707 sec
 * ratio c/w:     0.988 speedup
 SCF:
 * wall-time:     0 d,  0 h,  0 min,  0.151 sec
 *  cpu-time:     0 d,  0 h,  0 min,  0.149 sec
 * ratio c/w:     0.985 speedup
 ANC optimizer:
 * wall-time:     0 d,  0 h,  0 min,  1.550 sec
 *  cpu-time:     0 d,  0 h,  0 min,  1.535 sec
 * ratio c/w:     0.990 speedup

