      -----------------------------------------------------------      
     |                   =====================                   |     
     |                           x T B                           |     
     |                   =====================                   |     
     |                         S. Grimme                         |     
     |          Mulliken Center for Theoretical Chemistry        |     
     |                    University of Bonn                     |     
     |                 Version 6.0.1 (SAW181210)                 |     
      -----------------------------------------------------------      

   This program is distributed in the hope that it will be useful,
   but WITHOUT ANY WARRANTY; without even the implied warranty of
   MERCHANTABILITY or FITNESS FOR A PARTICULAR PURPOSE.
   
   FOR NON-COMMERCIAL, ACADEMIA USE ONLY.
   
   Cite this work as:
   S. Grimme, C. Bannwarth, P. Shushkov, J. Comput. Theory Chem., 2017,
   13, 1989-2009.
   C. Bannwarth, S. Ehlert and S. Grimme., ChemRxiv, 2018, preprint.
   http://doi.org/10.26434/chemrxiv.7246238.v1
   
   for sTDA-xTB:
   S. Grimme and C. Bannwarth, J. Chem. Phys., 2016, 145, 054103.
   
   in the mass-spec context:
   V. Asgeirsson, C. Bauer and S. Grimme, Chem. Sci., 2017, 8, 4879.
   
   if GBSA is used:
   P. Shushkov, F. März and S. Grimme, unpublished.
   
   for ANC optimizer:
   S. Grimme, unpublished.
   Rational Function algorithm used in ANCopt:
   F. Eckert, P. Pulay, H.-J. Werner, J. Comput. Chem., 1997, 18, 1473.
   
   with help from (in alphabetical order)
   C. Bannwarth, F. Bohle, G. Brandenburg, E. Caldeweyher, M. Checinski,
   S. Dohm, S. Ehlert, S. Ehrlich, F. März, H. Neugebauer, J. Pisarek,
   P. Pracht, P. Shushkov, and S. Spicher.
   
 * started run on 2019/09/16 at 12:18:00.713     
========================================================================
 # omp threads = 1
========================================================================
number of atoms            : 26
number of electrons        : 80
charge                     : 0
spin                       : .0
first test random number   : .7598

########################################################################
# WARNING! Please study the warnings concerning your input carefully
#  - XTBPATH is not set, using XTBHOME instead
#  - the use of '-opt' is discouraged, please use '--opt' next time
#  - the use of '-chrg' is discouraged, please use '--chrg' next time
#  - the use of '-uhf' is discouraged, please use '--uhf' next time
########################################################################

           ------------------------------------------------- 
          |                 G F N 2 - x T B                 |
          | Geometry, Frequencies, Noncovalent interactions |
          |            JCTC 2018 parametrisation            |
           ------------------------------------------------- 
      method parameters     
 k(s)        :  1.8500
 k(p)        :  2.2300
 k(d)        :  2.2300
 k(f)        :  2.0000
 kEN (H0ij)  : -2.0000
 D4 a1       :  0.5200
 D4 a2       :  5.0000
 D4 s6       :  1.0000
 D4 s8       :  2.7000
 D4 s9       :  5.0000
 alphaj      :  2.0000


            Z     q(EN)     CN     RAES       Cart. coordinates
     1  S   6.0    0.64    4.30    4.25    -1.83022     2.16534     0.11358
     2  O   6.0   -0.32    1.18    1.80     0.45865     3.34304     1.25473
     3  O   6.0   -0.34    1.26    1.80    -1.04741     0.26139    -1.80743
     4  O   6.0   -0.31    1.22    1.80    -3.33848     0.90134     2.12743
     5  O   6.0   -0.25    2.09    1.84    -3.37224     4.12835    -1.10351
     6  H   1.0    0.14    1.27    1.48    -2.40119     4.94328    -2.40121
     7  O   6.0   -0.30    2.02    1.83     3.27178    -2.33406    -0.74895
     8  H   1.0    0.14    0.97    1.43     4.35051    -2.40172    -2.21399
     9  H   1.0    0.17    1.04    1.43     1.81075    -1.38114    -1.27044
    10  O   6.0   -0.29    2.04    1.83     3.21269     0.01331     3.92340
    11  H   1.0    0.16    1.00    1.43     3.92161    -0.84547     2.48308
    12  H   1.0    0.17    1.03    1.43     2.59911     1.60294     3.28216
    13  O   6.0   -0.29    2.00    1.83    -2.73302    -4.48595    -2.59854
    14  H   1.0    0.17    1.04    1.43    -2.16656    -2.76216    -2.44918
    15  H   1.0    0.15    0.97    1.43    -4.04712    -4.45346    -3.85819
    16  O   6.0   -0.29    2.05    1.83    -0.02609    -5.62396     1.48890
    17  H   1.0    0.16    1.01    1.43     1.51163    -4.97657     0.76025
    18  H   1.0    0.17    1.03    1.43    -1.20578    -5.73188     0.10640
    19  O   6.0   -0.22    2.90    2.54    -0.98205    -2.30947     4.94599
    20  H   1.0    0.14    1.04    1.43     0.67248    -1.46857     5.15870
    21  H   1.0    0.15    1.06    1.44    -2.26650    -1.15710     4.23026
    22  H   1.0    0.14    1.05    1.44    -0.84036    -3.89356     3.96513
    23  N   5.0   -0.22    3.00    1.93     0.57075     6.46042    -3.82166
    24  H   1.0    0.10    0.99    1.43     1.53359     5.60384    -5.25354
    25  H   1.0    0.11    0.99    1.43     1.54858     6.04834    -2.21383
    26  H   1.0    0.10    0.99    1.43     0.79490     8.35345    -4.09958

  Z AO/shell   Hii/eV     exponent
  1     Wed Apr 25 08:07:45 CEST 2018   EN: 2.200 GM2: 0.406  GM3: 0.0800  RAES: 1.40
     1s    -10.707211    1.230000
  7     Wed Apr 25 08:07:45 CEST 2018   EN: 3.040 GM2: 0.461  GM3:-0.0640  RAES: 1.90
     2s    -16.686243    2.339881
     2p    -12.523956    2.014332
  8     Wed Apr 25 08:07:45 CEST 2018   EN: 3.440 GM2: 0.452  GM3:-0.0517  RAES: 1.80
     2s    -20.229985    2.439742
     2p    -15.503117    2.137023
 16     Tue Apr 24 11:44:34 CEST 2018   EN: 2.580 GM2: 0.340  GM3:-0.0502  RAES: 3.10
     3s    -20.029654    1.981333
     3p    -11.377694    2.025643
     3d     -0.420282    1.702555
 no old-style atom pair restraining (fixing) potential

molecular fragmentation (1/2 indicates fragments):
11111122222222222222222222
# atoms in fragment 1/2:     6    20
 fragment masses (1/2) :       97.07      108.11
CMA distance (Bohr)    :   4.346
constraining FC (au)   :  0.0500
           ------------------------------------------------- 
          |        Self-Consistent Charge Iterations        |
           ------------------------------------------------- 

 Ncao       : 65
 Nao        : 64
 Nshell     : 38
 Nel        : 80
 T(el)      :   300.0
 intcut     :    25.0
 scfconv/Eh :  0.100E-05
   qconv/e  :  0.100E-03
 intneglect :  0.100E-07
 broydamp   :      0.250
 iter      E             dE          RMSdq      gap      omega  full diag
   1    -50.6424338 -0.506424E+02  0.697E+00   10.14       0.0  T
   2    -50.6894396 -0.470058E-01  0.500E+00    9.79       1.0  T
   3    -50.7242114 -0.347719E-01  0.128E+00    9.02       1.0  T
   4    -50.7297447 -0.553323E-02  0.541E-01    9.10       1.0  T
   5    -50.7303977 -0.653019E-03  0.298E-01    9.04       1.0  T
   6    -50.7308018 -0.404116E-03  0.138E-01    9.04       1.0  T
   7    -50.7309065 -0.104655E-03  0.508E-02    9.06       1.0  T
   8    -50.7309180 -0.115137E-04  0.319E-02    9.05       1.0  T
   9    -50.7309243 -0.634120E-05  0.128E-02    9.05       1.5  T
  10    -50.7309254 -0.109100E-05  0.242E-03    9.04       8.1  T
  11    -50.7309254 -0.174380E-07  0.122E-03    9.04      16.1  T
  12    -50.7309254 -0.706322E-08  0.530E-04    9.04      37.0  T
  13    -50.7309254 -0.167790E-08  0.142E-04    9.04     137.8  T
speedup  0.99
cpu  time for SCC    0.01 s
wall time for SCC    0.02 s

   *** convergence criteria satisfied after 13 iterations ***

          eigenvalues
 #    :          28         29         30         31         32         33         34         35
 occ. :        2.000      2.000      2.000      2.000      2.000      2.000      2.000      2.000
 eps  :       -12.936    -12.690    -12.212    -11.985    -11.901    -11.816    -11.699    -11.648
 #    :          36         37         38         39         40         41         42         43
 occ. :        2.000      2.000      2.000      2.000      2.000      0.000      0.000      0.000
 eps  :       -11.416    -11.291    -11.103    -10.950    -10.786     -1.741     -0.253      0.152
 #    :          44         45         46         47         48         49         50         51
 occ. :        0.000      0.000      0.000      0.000      0.000      0.000      0.000      0.000
 eps  :         1.044      1.326      1.576      2.092      2.434      4.352      4.918      5.156


   #   Z            q   n(s)   n(p)   n(d)      C6AA      α(0)
   1  16 S      1.615  1.587  1.829  0.968    90.713    16.030
   2   8 O     -0.769  1.780  4.989  0.000    30.668     7.425
   3   8 O     -0.781  1.777  5.004  0.000    31.023     7.468
   4   8 O     -0.742  1.765  4.977  0.000    29.878     7.329
   5   8 O     -0.561  1.718  4.843  0.000    24.231     6.645
   6   1 H      0.374  0.626  0.000  0.000     0.526     1.135
   7   8 O     -0.614  1.739  4.875  0.000    25.524     6.819
   8   1 H      0.283  0.717  0.000  0.000     0.773     1.381
   9   1 H      0.334  0.666  0.000  0.000     0.627     1.244
  10   8 O     -0.625  1.737  4.888  0.000    25.782     6.853
  11   1 H      0.317  0.683  0.000  0.000     0.673     1.289
  12   1 H      0.326  0.674  0.000  0.000     0.648     1.264
  13   8 O     -0.615  1.737  4.878  0.000    25.552     6.822
  14   1 H      0.326  0.674  0.000  0.000     0.649     1.265
  15   1 H      0.277  0.723  0.000  0.000     0.796     1.401
  16   8 O     -0.628  1.738  4.890  0.000    25.875     6.865
  17   1 H      0.321  0.679  0.000  0.000     0.661     1.277
  18   1 H      0.333  0.667  0.000  0.000     0.629     1.246
  19   8 O     -0.431  1.644  4.787  0.000    21.403     6.248
  20   1 H      0.407  0.593  0.000  0.000     0.471     1.078
  21   1 H      0.412  0.588  0.000  0.000     0.464     1.070
  22   1 H      0.410  0.590  0.000  0.000     0.466     1.072
  23   7 N     -0.454  1.396  4.058  0.000    31.929     8.392
  24   1 H      0.154  0.846  0.000  0.000     1.373     1.836
  25   1 H      0.175  0.825  0.000  0.000     1.243     1.746
  26   1 H      0.155  0.845  0.000  0.000     1.366     1.831

 Mol. C6AA /au·bohr⁶  :       5484.565938
 Mol. C8AA /au·bohr⁸  :     118663.162155
 Mol. α(0) /au        :        107.033312

 
 Wiberg/Mayer (AO) data. WBOs > 0.1 written file <wbo>
 largest (>0.05) Wiberg bond orders for each atom
           total WBO             WBO to atom ...
     1  S   4.893    O    4 1.301    O    2 1.291    O    3 1.242    O    5 1.020
     2  O   1.661    S    1 1.291    O    4 0.114    O    3 0.110    O    5 0.077
     3  O   1.670    S    1 1.242    O    2 0.110    O    4 0.109    O    5 0.073
     4  O   1.707    S    1 1.301    O    2 0.114    O    3 0.109    H   21 0.086    O    5 0.056
     5  O   2.041    S    1 1.020    H    6 0.788    O    2 0.077    O    3 0.073    O    4 0.056
     6  H   0.859    O    5 0.788
     7  O   1.859    H    8 0.913    H    9 0.835
     8  H   0.920    O    7 0.913
     9  H   0.888    O    7 0.835
    10  O   1.888    H   11 0.870    H   12 0.851    H   20 0.091
    11  H   0.900    O   10 0.870
    12  H   0.894    O   10 0.851
    13  O   1.829    H   15 0.913    H   14 0.843
    14  H   0.894    O   13 0.843
    15  H   0.923    O   13 0.913
    16  O   1.888    H   17 0.862    H   18 0.850    H   22 0.097
    17  H   0.897    O   16 0.862
    18  H   0.889    O   16 0.850
    19  O   2.316    H   20 0.739    H   21 0.737    H   22 0.730
    20  H   0.834    O   19 0.739    O   10 0.091
    21  H   0.831    O   19 0.737    O    4 0.086
    22  H   0.831    O   19 0.730    O   16 0.097
    23  N   2.983    H   24 0.974    H   26 0.973    H   25 0.961
    24  H   0.976    N   23 0.974
    25  H   0.969    N   23 0.961
    26  H   0.976    N   23 0.973
 MOs/occ written to file <molden.input>
 
molecular dipole:
                 x           y           z       tot (Debye)
 q only:        0.635      -0.606      -0.098
   full:        0.765       0.387      -1.424       4.225
molecular quadrupole (traceless):
                xx          xy          yy          xz          yz          zz
 q only:       -6.372       2.922      -1.857      -3.083     -11.434       8.229
  q+dip:       -3.814       5.239      -1.205      -4.952      -9.257       5.019
   full:       -3.988       4.878      -1.072      -4.767      -9.532       5.060

SCC energy    :     -50.7309254
rep           :       0.3027526
ES            :       0.2709182
AES           :      -0.0689524
AXC           :      -0.0082531
disp          :      -0.0186369
XB            :       0.0000000
fix           :       0.0000000
total E       :     -50.4278988
atomizationE  :       4.9582030     3111.32
(atE without considering molecular charge,
 total energy contains solvation terms)
H-L gap (eV)  :          9.0446
           ------------------------------------------------- 
          |                 ===============                 |
          |                   A N C O P T                   |
          |                 ===============                 |
          |          Approximate Normal Coordinate          |
          |           Rational Function Optimizer           |
           ------------------------------------------------- 
dumping coords to <xtbopt.coord> and <xtbopt.log>
 optlevel               2
 Maxcycle             520
 Maxmicro              25
 Econv         1.000000000000000E-007
 Gconv         2.000000000000000E-004
 Maxdispl       1.00000000000000     
 Hlow          5.000000000000000E-003
 S6             20.0000000000000     
 Nvar               72

generating ANC from model Hessian ...
 Shifting diagonal of input Hessian by   5.084746901525675E-003
 Lowest  eigenvalues of input Hessian
    0.005000   -0.000000   -0.000000   -0.000000   -0.000000    0.000000
    0.000000    0.005222    0.005428    0.005616    0.006148    0.006477
    0.006661    0.007590    0.008370    0.008997    0.009132    0.009446
 Highest eigenvalues
    1.459558    1.556260    1.557222    3.141342    3.215575    3.319113
 
cpu  time for ANC gen    0.02 s
wall time for ANC gen    0.02 s
................................................................................
.............................. CYCLE    1 ......................................
................................................................................
   1    -50.7309254 -0.507309E+02  0.739E-05    9.04       0.0  T
   2    -50.7309254 -0.108500E-10  0.586E-05    9.04     334.6  T
   3    -50.7309254 -0.121858E-10  0.286E-05    9.04     686.6  T
speedup  1.03
cpu  time for SCC    0.00 s
wall time for SCC    0.00 s
speedup  1.14
cpu  time for grad    0.01 s
wall time for grad    0.01 s
 E :    -50.42789874  G :  0.146651    pred/act E change:  0.000D+00  0.507D-07
Maxdispl :   0.2450   ||displ|| :   0.4381   Lambda : -0.212D-01
Largest |displ|/coords:  0.2450 (  28)  0.1612 (  21)  0.1224 (  24)
................................................................................
.............................. CYCLE    2 ......................................
................................................................................
   1    -50.7328159 -0.507328E+02  0.391E-01    9.12       0.0  T
   2    -50.7329602 -0.144328E-03  0.297E-01    9.15       1.0  T
   3    -50.7330209 -0.606918E-04  0.727E-02    9.21       1.0  T
   4    -50.7330429 -0.219845E-04  0.189E-02    9.20       1.0  T
   5    -50.7330438 -0.911716E-06  0.519E-03    9.20       3.8  T
   6    -50.7330438 -0.335978E-07  0.302E-03    9.19       6.5  T
speedup  0.91
cpu  time for SCC    0.01 s
wall time for SCC    0.01 s
speedup  0.96
cpu  time for grad    0.01 s
wall time for grad    0.01 s
 E :    -50.44467671  G :  0.091479    pred/act E change:  0.000D+00 -0.168D-01
Maxdispl :   0.1533   ||displ|| :   0.4046   Lambda : -0.116D-01
Largest |displ|/coords:  0.1533 (  34)  0.1219 (  26)  0.1090 (   4)
................................................................................
.............................. CYCLE    3 ......................................
................................................................................
   1    -50.7370285 -0.507370E+02  0.223E-01    9.27       0.0  T
   2    -50.7371994 -0.170960E-03  0.169E-01    9.28       1.0  T
   3    -50.7372708 -0.714210E-04  0.779E-02    9.28       1.0  T
   4    -50.7372782 -0.734387E-05  0.163E-02    9.28       1.2  T
   5    -50.7372788 -0.625071E-06  0.512E-03    9.28       3.8  T
   6    -50.7372789 -0.450516E-07  0.294E-03    9.28       6.7  T
speedup  1.09
cpu  time for SCC    0.01 s
wall time for SCC    0.01 s
speedup  1.04
cpu  time for grad    0.01 s
wall time for grad    0.01 s
 E :    -50.45374674  G :  0.052517    pred/act E change: -0.127D-01 -0.907D-02
Maxdispl :   0.1739   ||displ|| :   0.3941   Lambda : -0.515D-02
Largest |displ|/coords:  0.1739 (   4)  0.1215 (  16)  0.1122 (  14)
................................................................................
.............................. CYCLE    4 ......................................
................................................................................
   1    -50.7368336 -0.507368E+02  0.180E-01    9.25       0.0  T
   2    -50.7369469 -0.113320E-03  0.136E-01    9.25       1.0  T
   3    -50.7369920 -0.450891E-04  0.629E-02    9.26       1.0  T
   4    -50.7369963 -0.434256E-05  0.150E-02    9.26       1.3  T
   5    -50.7369967 -0.393682E-06  0.410E-03    9.26       4.8  T
   6    -50.7369967 -0.282015E-07  0.228E-03    9.26       8.6  T
speedup  0.89
cpu  time for SCC    0.00 s
wall time for SCC    0.01 s
speedup  0.94
cpu  time for grad    0.01 s
wall time for grad    0.01 s
 E :    -50.45754404  G :  0.028154    pred/act E change: -0.672D-02 -0.380D-02
Maxdispl :   0.3002   ||displ|| :   0.4789   Lambda : -0.293D-02
Largest |displ|/coords:  0.3002 (   4)  0.1404 (  14)  0.1353 (  18)
................................................................................
.............................. CYCLE    5 ......................................
................................................................................
   1    -50.7344619 -0.507345E+02  0.242E-01    9.21       0.0  T
   2    -50.7345316 -0.696720E-04  0.183E-01    9.21       1.0  T
   3    -50.7345545 -0.229232E-04  0.557E-02    9.21       1.0  T
   4    -50.7345634 -0.889935E-05  0.167E-02    9.22       1.2  T
   5    -50.7345638 -0.339124E-06  0.377E-03    9.22       5.2  T
   6    -50.7345638 -0.252219E-07  0.224E-03    9.22       8.8  T
speedup  1.09
cpu  time for SCC    0.01 s
wall time for SCC    0.01 s
speedup  1.03
cpu  time for grad    0.01 s
wall time for grad    0.01 s
 E :    -50.45935458  G :  0.013607    pred/act E change: -0.297D-02 -0.181D-02
Maxdispl :   0.2463   ||displ|| :   0.3978   Lambda : -0.137D-02
Largest |displ|/coords:  0.2463 (   4)  0.1692 (  16)  0.1326 (  12)
................................................................................
.............................. CYCLE    6 ......................................
................................................................................
   1    -50.7306462 -0.507306E+02  0.326E-01    9.13       0.0  T
   2    -50.7306748 -0.286063E-04  0.246E-01    9.12       1.0  T
   3    -50.7306947 -0.198659E-04  0.359E-02    9.09       1.0  T
   4    -50.7306989 -0.423959E-05  0.125E-02    9.10       1.6  T
   5    -50.7306990 -0.141044E-06  0.296E-03    9.10       6.6  T
   6    -50.7306991 -0.903054E-08  0.166E-03    9.10      11.8  T
speedup  1.09
cpu  time for SCC    0.01 s
wall time for SCC    0.01 s
speedup  1.03
cpu  time for grad    0.01 s
wall time for grad    0.01 s
 E :    -50.45991017  G :  0.020759    pred/act E change: -0.180D-02 -0.556D-03
Maxdispl :   0.1831   ||displ|| :   0.3158   Lambda : -0.122D-02
Largest |displ|/coords:  0.1831 (   4)  0.0941 (   2)  0.0924 (   8)
................................................................................
.............................. CYCLE    7 ......................................
................................................................................
   1    -50.7320469 -0.507320E+02  0.254E-01    9.04       0.0  T
   2    -50.7320684 -0.215390E-04  0.191E-01    9.03       1.0  T
   3    -50.7320843 -0.159393E-04  0.266E-02    9.00       1.0  T
   4    -50.7320873 -0.293115E-05  0.747E-03    9.01       2.6  T
   5    -50.7320873 -0.767823E-07  0.293E-03    9.01       6.7  T
   6    -50.7320873 -0.771870E-08  0.132E-03    9.01      14.8  T
speedup  0.93
cpu  time for SCC    0.00 s
wall time for SCC    0.01 s
speedup  0.94
cpu  time for grad    0.01 s
wall time for grad    0.01 s
 E :    -50.46050592  G :  0.016141    pred/act E change: -0.796D-03 -0.596D-03
Maxdispl :   0.1678   ||displ|| :   0.2373   Lambda : -0.598D-03
Largest |displ|/coords:  0.1678 (   2)  0.0980 (   3)  0.0721 (   4)
................................................................................
.............................. CYCLE    8 ......................................
................................................................................
   1    -50.7341774 -0.507342E+02  0.181E-01    9.07       0.0  T
   2    -50.7341830 -0.564884E-05  0.136E-01    9.07       1.0  T
   3    -50.7341861 -0.309843E-05  0.131E-02    9.08       1.5  T
   4    -50.7341872 -0.102858E-05  0.444E-03    9.08       4.4  T
   5    -50.7341872 -0.206418E-07  0.158E-03    9.08      12.4  T
   6    -50.7341872 -0.251151E-08  0.821E-04    9.08      23.9  T
speedup  1.11
cpu  time for SCC    0.01 s
wall time for SCC    0.01 s
speedup  1.03
cpu  time for grad    0.01 s
wall time for grad    0.01 s
 E :    -50.46086301  G :  0.012070    pred/act E change: -0.671D-03 -0.357D-03
Maxdispl :   0.1350   ||displ|| :   0.2427   Lambda : -0.506D-03
Largest |displ|/coords:  0.1350 (   2)  0.0877 (   4)  0.0719 (  12)
................................................................................
.............................. CYCLE    9 ......................................
................................................................................
   1    -50.7366426 -0.507366E+02  0.133E-01    9.15       0.0  T
   2    -50.7366469 -0.428381E-05  0.999E-02    9.15       1.0  T
   3    -50.7366500 -0.309285E-05  0.121E-02    9.15       1.6  T
   4    -50.7366505 -0.546688E-06  0.481E-03    9.15       4.1  T
   5    -50.7366505 -0.191135E-07  0.120E-03    9.15      16.4  T
   6    -50.7366505 -0.160328E-08  0.702E-04    9.15      27.9  T
speedup  0.93
cpu  time for SCC    0.01 s
wall time for SCC    0.01 s
speedup  0.96
cpu  time for grad    0.01 s
wall time for grad    0.01 s
 E :    -50.46118495  G :  0.009859    pred/act E change: -0.316D-03 -0.322D-03
Maxdispl :   0.1978   ||displ|| :   0.3266   Lambda : -0.404D-03
Largest |displ|/coords:  0.1978 (   2)  0.1418 (   4)  0.0972 (  21)
................................................................................
.............................. CYCLE   10 ......................................
................................................................................
   1    -50.7349770 -0.507350E+02  0.198E-01    9.15       0.0  T
   2    -50.7349842 -0.721302E-05  0.149E-01    9.14       1.0  T
   3    -50.7349906 -0.640114E-05  0.159E-02    9.12       1.2  T
   4    -50.7349914 -0.829693E-06  0.547E-03    9.12       3.6  T
   5    -50.7349915 -0.307685E-07  0.185E-03    9.12      10.6  T
   6    -50.7349915 -0.463044E-08  0.102E-03    9.12      19.2  T
speedup  1.07
cpu  time for SCC    0.01 s
wall time for SCC    0.01 s
speedup  1.01
cpu  time for grad    0.01 s
wall time for grad    0.01 s
 E :    -50.46139999  G :  0.015437    pred/act E change: -0.268D-03 -0.215D-03
Maxdispl :   0.1361   ||displ|| :   0.2475   Lambda : -0.457D-03
Largest |displ|/coords:  0.1361 (   2)  0.0845 (   4)  0.0703 (   8)
................................................................................
.............................. CYCLE   11 ......................................
................................................................................
   1    -50.7381070 -0.507381E+02  0.127E-01    9.15       0.0  T
   2    -50.7381135 -0.649477E-05  0.943E-02    9.15       1.0  T
   3    -50.7381181 -0.456867E-05  0.156E-02    9.15       1.3  T
   4    -50.7381189 -0.797454E-06  0.440E-03    9.15       4.5  T
   5    -50.7381189 -0.320848E-07  0.150E-03    9.15      13.0  T
   6    -50.7381189 -0.364292E-08  0.800E-04    9.15      24.5  T
speedup  0.89
cpu  time for SCC    0.00 s
wall time for SCC    0.01 s
speedup  1.01
cpu  time for grad    0.01 s
wall time for grad    0.01 s
 E :    -50.46153397  G :  0.009994    pred/act E change: -0.224D-03 -0.134D-03
Maxdispl :   0.0742   ||displ|| :   0.1573   Lambda : -0.336D-03
Largest |displ|/coords:  0.0742 (   3)  0.0655 (   4)  0.0644 (   2)
................................................................................
.............................. CYCLE   12 ......................................
................................................................................
   1    -50.7353051 -0.507353E+02  0.150E-01    9.16       0.0  T
   2    -50.7353099 -0.478223E-05  0.113E-01    9.16       1.0  T
   3    -50.7353133 -0.342907E-05  0.125E-02    9.17       1.6  T
   4    -50.7353140 -0.706525E-06  0.438E-03    9.17       4.5  T
   5    -50.7353141 -0.309514E-07  0.159E-03    9.17      12.4  T
   6    -50.7353141 -0.220838E-08  0.864E-04    9.17      22.7  T
speedup  1.11
cpu  time for SCC    0.01 s
wall time for SCC    0.01 s
speedup  1.04
cpu  time for grad    0.01 s
wall time for grad    0.01 s
 E :    -50.46163447  G :  0.015106    pred/act E change: -0.243D-03 -0.101D-03
Maxdispl :   0.0756   ||displ|| :   0.1390   Lambda : -0.338D-03
Largest |displ|/coords:  0.0756 (   4)  0.0636 (   8)  0.0559 (   2)
................................................................................
.............................. CYCLE   13 ......................................
................................................................................
   1    -50.7375477 -0.507375E+02  0.970E-02    9.22       0.0  T
   2    -50.7375528 -0.508213E-05  0.726E-02    9.22       1.0  T
   3    -50.7375549 -0.209361E-05  0.142E-02    9.24       1.4  T
   4    -50.7375557 -0.846819E-06  0.447E-03    9.24       4.4  T
   5    -50.7375558 -0.324662E-07  0.122E-03    9.24      16.1  T
   6    -50.7375558 -0.179506E-08  0.647E-04    9.24      30.3  T
speedup  0.91
cpu  time for SCC    0.00 s
wall time for SCC    0.01 s
speedup  0.96
cpu  time for grad    0.01 s
wall time for grad    0.01 s
 E :    -50.46173843  G :  0.012313    pred/act E change: -0.172D-03 -0.104D-03
Maxdispl :   0.0617   ||displ|| :   0.1208   Lambda : -0.226D-03
Largest |displ|/coords:  0.0617 (   4)  0.0470 (   7)  0.0299 (   3)
................................................................................
.............................. CYCLE   14 ......................................
................................................................................
   1    -50.7359498 -0.507359E+02  0.931E-02    9.17       0.0  T
   2    -50.7359514 -0.162621E-05  0.692E-02    9.17       1.0  T
   3    -50.7359530 -0.155255E-05  0.964E-03    9.17       2.0  T
   4    -50.7359531 -0.126591E-06  0.283E-03    9.17       6.9  T
   5    -50.7359531 -0.131803E-07  0.759E-04    9.17      25.8  T
speedup  1.09
cpu  time for SCC    0.01 s
wall time for SCC    0.00 s
speedup  1.02
cpu  time for grad    0.01 s
wall time for grad    0.01 s
 E :    -50.46186172  G :  0.006964    pred/act E change: -0.172D-03 -0.123D-03
Maxdispl :   0.0874   ||displ|| :   0.1672   Lambda : -0.185D-03
Largest |displ|/coords:  0.0874 (   2)  0.0808 (   4)  0.0505 (   7)
................................................................................
.............................. CYCLE   15 ......................................
................................................................................
   1    -50.7364194 -0.507364E+02  0.115E-01    9.16       0.0  T
   2    -50.7364210 -0.154217E-05  0.860E-02    9.15       1.0  T
   3    -50.7364224 -0.139877E-05  0.850E-03    9.15       2.3  T
   4    -50.7364226 -0.172398E-06  0.220E-03    9.15       8.9  T
   5    -50.7364226 -0.619246E-08  0.895E-04    9.15      21.9  T
speedup  0.87
cpu  time for SCC    0.00 s
wall time for SCC    0.00 s
speedup  0.94
cpu  time for grad    0.01 s
wall time for grad    0.01 s
 E :    -50.46198522  G :  0.008145    pred/act E change: -0.115D-03 -0.124D-03
Maxdispl :   0.1124   ||displ|| :   0.2266   Lambda : -0.241D-03
Largest |displ|/coords:  0.1124 (   2)  0.0880 (   4)  0.0878 (   3)
................................................................................
.............................. CYCLE   16 ......................................
................................................................................
   1    -50.7357792 -0.507358E+02  0.178E-01    9.16       0.0  T
   2    -50.7357826 -0.337211E-05  0.133E-01    9.16       1.0  T
   3    -50.7357860 -0.343845E-05  0.125E-02    9.15       1.6  T
   4    -50.7357863 -0.299727E-06  0.447E-03    9.15       4.4  T
   5    -50.7357863 -0.200621E-07  0.143E-03    9.15      13.7  T
   6    -50.7357863 -0.176405E-08  0.810E-04    9.15      24.2  T
speedup  1.11
cpu  time for SCC    0.01 s
wall time for SCC    0.01 s
speedup  1.04
cpu  time for grad    0.01 s
wall time for grad    0.01 s
 E :    -50.46212128  G :  0.013482    pred/act E change: -0.952D-04 -0.136D-03
Maxdispl :   0.0563   ||displ|| :   0.1315   Lambda : -0.302D-03
Largest |displ|/coords:  0.0563 (   7)  0.0531 (   5)  0.0506 (   1)
................................................................................
.............................. CYCLE   17 ......................................
................................................................................
   1    -50.7382331 -0.507382E+02  0.105E-01    9.16       0.0  T
   2    -50.7382351 -0.199258E-05  0.788E-02    9.16       1.0  T
   3    -50.7382368 -0.168217E-05  0.880E-03    9.16       2.2  T
   4    -50.7382370 -0.234959E-06  0.377E-03    9.16       5.2  T
   5    -50.7382370 -0.119679E-07  0.941E-04    9.16      20.8  T
   6    -50.7382370 -0.669644E-09  0.573E-04    9.16      34.2  T
speedup  1.09
cpu  time for SCC    0.01 s
wall time for SCC    0.01 s
speedup  1.01
cpu  time for grad    0.01 s
wall time for grad    0.01 s
 E :    -50.46229466  G :  0.009494    pred/act E change: -0.127D-03 -0.173D-03
Maxdispl :   0.1395   ||displ|| :   0.3223   Lambda : -0.415D-03
Largest |displ|/coords:  0.1395 (   7)  0.1190 (   2)  0.1043 (   3)
................................................................................
.............................. CYCLE   18 ......................................
................................................................................
   1    -50.7372604 -0.507373E+02  0.268E-01    9.11       0.0  T
   2    -50.7372751 -0.146370E-04  0.202E-01    9.11       1.0  T
   3    -50.7372891 -0.140386E-04  0.200E-02    9.11       1.0  T
   4    -50.7372906 -0.152776E-05  0.553E-03    9.10       3.5  T
   5    -50.7372907 -0.288561E-07  0.266E-03    9.10       7.4  T
   6    -50.7372907 -0.100765E-07  0.119E-03    9.10      16.5  T
speedup  1.11
cpu  time for SCC    0.01 s
wall time for SCC    0.01 s
speedup  1.02
cpu  time for grad    0.01 s
wall time for grad    0.01 s
 E :    -50.46231221  G :  0.026165    pred/act E change: -0.154D-03 -0.176D-04
Maxdispl :   0.0482   ||displ|| :   0.0913   Lambda : -0.676D-03
Largest |displ|/coords:  0.0482 (   6)  0.0372 (  10)  0.0328 (   5)
................................................................................
.............................. CYCLE   19 ......................................
................................................................................
   1    -50.7404162 -0.507404E+02  0.901E-02    9.13       0.0  T
   2    -50.7404254 -0.925380E-05  0.655E-02    9.13       1.0  T
   3    -50.7404310 -0.556698E-05  0.176E-02    9.13       1.1  T
   4    -50.7404318 -0.778679E-06  0.594E-03    9.13       3.3  T
   5    -50.7404319 -0.687171E-07  0.167E-03    9.13      11.7  T
speedup  0.87
cpu  time for SCC    0.00 s
wall time for SCC    0.00 s
speedup  0.94
cpu  time for grad    0.01 s
wall time for grad    0.01 s
 E :    -50.46259373  G :  0.008643    pred/act E change: -0.229D-03 -0.282D-03
Maxdispl :   0.0787   ||displ|| :   0.1693   Lambda : -0.284D-03
Largest |displ|/coords:  0.0787 (   7)  0.0700 (   4)  0.0499 (   3)
................................................................................
.............................. CYCLE   20 ......................................
................................................................................
   1    -50.7371349 -0.507371E+02  0.125E-01    9.13       0.0  T
   2    -50.7371386 -0.368921E-05  0.930E-02    9.12       1.0  T
   3    -50.7371413 -0.275249E-05  0.101E-02    9.11       2.0  T
   4    -50.7371417 -0.424307E-06  0.394E-03    9.11       5.0  T
   5    -50.7371418 -0.173917E-07  0.120E-03    9.11      16.4  T
   6    -50.7371418 -0.183394E-08  0.582E-04    9.11      33.7  T
speedup  0.93
cpu  time for SCC    0.01 s
wall time for SCC    0.01 s
speedup  1.02
cpu  time for grad    0.01 s
wall time for grad    0.01 s
 E :    -50.46272798  G :  0.009472    pred/act E change: -0.341D-03 -0.134D-03
Maxdispl :   0.0804   ||displ|| :   0.1842   Lambda : -0.337D-03
Largest |displ|/coords:  0.0804 (   7)  0.0528 (   9)  0.0521 (   1)
................................................................................
.............................. CYCLE   21 ......................................
................................................................................
   1    -50.7386310 -0.507386E+02  0.158E-01    9.15       0.0  T
   2    -50.7386381 -0.711573E-05  0.119E-01    9.15       1.0  T
   3    -50.7386445 -0.637408E-05  0.152E-02    9.13       1.3  T
   4    -50.7386454 -0.876192E-06  0.490E-03    9.13       4.0  T
   5    -50.7386454 -0.331168E-07  0.181E-03    9.13      10.8  T
   6    -50.7386454 -0.348063E-08  0.956E-04    9.13      20.5  T
speedup  0.91
cpu  time for SCC    0.00 s
wall time for SCC    0.01 s
speedup  0.94
cpu  time for grad    0.01 s
wall time for grad    0.01 s
 E :    -50.46288816  G :  0.016904    pred/act E change: -0.146D-03 -0.160D-03
Maxdispl :   0.0492   ||displ|| :   0.1133   Lambda : -0.291D-03
Largest |displ|/coords:  0.0492 (   7)  0.0429 (  13)  0.0373 (   4)
................................................................................
.............................. CYCLE   22 ......................................
................................................................................
   1    -50.7384928 -0.507385E+02  0.835E-02    9.09       0.0  T
   2    -50.7384950 -0.219094E-05  0.616E-02    9.09       1.0  T
   3    -50.7384965 -0.153199E-05  0.117E-02    9.09       1.7  T
   4    -50.7384967 -0.250221E-06  0.387E-03    9.09       5.1  T
   5    -50.7384968 -0.130917E-07  0.777E-04    9.09      25.3  T
   6    -50.7384968 -0.476938E-09  0.492E-04    9.09      39.8  T
speedup  1.09
cpu  time for SCC    0.01 s
wall time for SCC    0.01 s
speedup  1.02
cpu  time for grad    0.01 s
wall time for grad    0.01 s
 E :    -50.46305723  G :  0.011280    pred/act E change: -0.174D-03 -0.169D-03
Maxdispl :   0.0609   ||displ|| :   0.1692   Lambda : -0.291D-03
Largest |displ|/coords:  0.0609 (   4)  0.0569 (   2)  0.0511 (   7)
................................................................................
.............................. CYCLE   23 ......................................
................................................................................
   1    -50.7390298 -0.507390E+02  0.120E-01    9.09       0.0  T
   2    -50.7390323 -0.257165E-05  0.900E-02    9.09       1.0  T
   3    -50.7390348 -0.246695E-05  0.105E-02    9.09       1.9  T
   4    -50.7390351 -0.274677E-06  0.408E-03    9.09       4.8  T
   5    -50.7390351 -0.160132E-07  0.113E-03    9.09      17.3  T
   6    -50.7390351 -0.147238E-08  0.675E-04    9.09      29.1  T
speedup  0.91
cpu  time for SCC    0.00 s
wall time for SCC    0.01 s
speedup  0.95
cpu  time for grad    0.01 s
wall time for grad    0.01 s
 E :    -50.46324926  G :  0.008795    pred/act E change: -0.147D-03 -0.192D-03
Maxdispl :   0.0590   ||displ|| :   0.1961   Lambda : -0.310D-03
Largest |displ|/coords:  0.0590 (   2)  0.0535 (  30)  0.0506 (   8)
................................................................................
.............................. CYCLE   24 ......................................
................................................................................
   1    -50.7389303 -0.507389E+02  0.159E-01    9.15       0.0  T
   2    -50.7389353 -0.501918E-05  0.120E-01    9.16       1.0  T
   3    -50.7389401 -0.482192E-05  0.131E-02    9.16       1.5  T
   4    -50.7389406 -0.531069E-06  0.544E-03    9.16       3.6  T
   5    -50.7389407 -0.275586E-07  0.150E-03    9.16      13.1  T
   6    -50.7389407 -0.272534E-08  0.873E-04    9.16      22.5  T
speedup  1.09
cpu  time for SCC    0.01 s
wall time for SCC    0.01 s
speedup  1.02
cpu  time for grad    0.01 s
wall time for grad    0.01 s
 E :    -50.46342989  G :  0.008620    pred/act E change: -0.150D-03 -0.181D-03
Maxdispl :   0.1331   ||displ|| :   0.3225   Lambda : -0.338D-03
Largest |displ|/coords:  0.1331 (   3)  0.1318 (   2)  0.1074 (   4)
................................................................................
.............................. CYCLE   25 ......................................
................................................................................
   1    -50.7330776 -0.507331E+02  0.247E-01    9.13       0.0  T
   2    -50.7330960 -0.183159E-04  0.187E-01    9.14       1.0  T
   3    -50.7331122 -0.161907E-04  0.223E-02    9.15       1.0  T
   4    -50.7331146 -0.241151E-05  0.793E-03    9.15       2.5  T
   5    -50.7331147 -0.871400E-07  0.318E-03    9.15       6.2  T
   6    -50.7331147 -0.104037E-07  0.166E-03    9.15      11.8  T
   7    -50.7331147 -0.617124E-08  0.296E-04    9.15      66.3  T
speedup  0.95
cpu  time for SCC    0.01 s
wall time for SCC    0.01 s
speedup  0.97
cpu  time for grad    0.01 s
wall time for grad    0.01 s
 E :    -50.46322960  G :  0.028076    pred/act E change: -0.161D-03  0.200D-03
Maxdispl :   0.1172   ||displ|| :   0.2116   Lambda : -0.129D-02
Largest |displ|/coords:  0.1172 (   7)  0.0695 (   1)  0.0669 (  11)

generating ANC from model Hessian ...
 Shifting diagonal of input Hessian by   4.706891072660480E-003
 Lowest  eigenvalues of input Hessian
   -0.000000   -0.000000   -0.000000   -0.000000    0.000000    0.000000
    0.005000    0.005202    0.005735    0.006542    0.006730    0.007245
    0.007320    0.009212    0.010225    0.010363    0.011451    0.012283
 Highest eigenvalues
    1.397228    1.405201    1.421742    2.913357    3.378465    3.531308
 
cpu  time for ANC gen    0.02 s
wall time for ANC gen    0.02 s
................................................................................
.............................. CYCLE   26 ......................................
................................................................................
   1    -50.7391456 -0.507391E+02  0.151E-01    9.19       0.0  T
   2    -50.7391650 -0.194566E-04  0.110E-01    9.20       1.0  T
   3    -50.7391784 -0.134078E-04  0.246E-02    9.22       1.0  T
   4    -50.7391803 -0.183442E-05  0.782E-03    9.22       2.5  T
   5    -50.7391804 -0.918075E-07  0.295E-03    9.22       6.6  T
   6    -50.7391804 -0.925399E-08  0.145E-03    9.22      13.5  T
   7    -50.7391804 -0.384554E-08  0.350E-04    9.22      56.0  T
   8    -50.7391804 -0.237719E-09  0.849E-05    9.22     231.0  T
speedup  0.99
cpu  time for SCC    0.01 s
wall time for SCC    0.01 s
speedup  1.01
cpu  time for grad    0.02 s
wall time for grad    0.02 s
 E :    -50.46349694  G :  0.020844    pred/act E change:  0.000D+00 -0.267D-03
Maxdispl :   0.1155   ||displ|| :   0.1930   Lambda : -0.700D-03
Largest |displ|/coords:  0.1155 (   2)  0.1037 (   3)  0.0564 (   1)
................................................................................
.............................. CYCLE   27 ......................................
................................................................................
   1    -50.7374142 -0.507374E+02  0.142E-01    9.19       0.0  T
   2    -50.7374186 -0.436393E-05  0.107E-01    9.19       1.0  T
   3    -50.7374222 -0.357642E-05  0.109E-02    9.19       1.8  T
   4    -50.7374228 -0.631926E-06  0.383E-03    9.19       5.1  T
   5    -50.7374228 -0.157554E-07  0.152E-03    9.19      12.9  T
speedup  1.09
cpu  time for SCC    0.00 s
wall time for SCC    0.00 s
speedup  1.02
cpu  time for grad    0.01 s
wall time for grad    0.01 s
 E :    -50.46394825  G :  0.009215    pred/act E change:  0.000D+00 -0.451D-03
Maxdispl :   0.1267   ||displ|| :   0.2660   Lambda : -0.522D-03
Largest |displ|/coords:  0.1267 (   3)  0.1178 (   2)  0.1123 (   5)
................................................................................
.............................. CYCLE   28 ......................................
................................................................................
   1    -50.7348590 -0.507349E+02  0.206E-01    9.14       0.0  T
   2    -50.7348674 -0.837776E-05  0.155E-01    9.14       1.0  T
   3    -50.7348746 -0.722846E-05  0.158E-02    9.14       1.2  T
   4    -50.7348757 -0.113930E-05  0.579E-03    9.14       3.4  T
   5    -50.7348758 -0.437269E-07  0.235E-03    9.14       8.3  T
   6    -50.7348758 -0.718762E-08  0.113E-03    9.14      17.3  T
speedup  0.93
cpu  time for SCC    0.00 s
wall time for SCC    0.01 s
speedup  0.96
cpu  time for grad    0.01 s
wall time for grad    0.01 s
 E :    -50.46402240  G :  0.019165    pred/act E change: -0.363D-03 -0.742D-04
Maxdispl :   0.0367   ||displ|| :   0.0859   Lambda : -0.394D-03
Largest |displ|/coords:  0.0367 (  14)  0.0319 (  18)  0.0309 (   6)
................................................................................
.............................. CYCLE   29 ......................................
................................................................................
   1    -50.7372995 -0.507373E+02  0.891E-02    9.15       0.0  T
   2    -50.7373029 -0.334705E-05  0.675E-02    9.15       1.0  T
   3    -50.7373057 -0.289257E-05  0.998E-03    9.15       2.0  T
   4    -50.7373062 -0.437345E-06  0.286E-03    9.15       6.9  T
   5    -50.7373062 -0.981613E-08  0.130E-03    9.15      15.1  T
speedup  1.06
cpu  time for SCC    0.00 s
wall time for SCC    0.00 s
speedup  0.99
cpu  time for grad    0.01 s
wall time for grad    0.01 s
 E :    -50.46422646  G :  0.005658    pred/act E change: -0.280D-03 -0.204D-03
Maxdispl :   0.0659   ||displ|| :   0.1203   Lambda : -0.119D-03
Largest |displ|/coords:  0.0659 (   2)  0.0624 (   3)  0.0463 (   1)
................................................................................
.............................. CYCLE   30 ......................................
................................................................................
   1    -50.7375889 -0.507376E+02  0.665E-02    9.14       0.0  T
   2    -50.7375894 -0.484869E-06  0.500E-02    9.14       1.0  T
   3    -50.7375898 -0.452402E-06  0.375E-03    9.14       5.2  T
   4    -50.7375899 -0.544483E-07  0.140E-03    9.14      14.0  T
   5    -50.7375899 -0.283589E-08  0.558E-04    9.14      35.1  T
speedup  1.02
cpu  time for SCC    0.00 s
wall time for SCC    0.00 s
speedup  0.98
cpu  time for grad    0.01 s
wall time for grad    0.01 s
 E :    -50.46431426  G :  0.003700    pred/act E change: -0.198D-03 -0.878D-04
Maxdispl :   0.1255   ||displ|| :   0.2496   Lambda : -0.184D-03
Largest |displ|/coords:  0.1255 (   3)  0.1129 (   2)  0.1055 (   5)
................................................................................
.............................. CYCLE   31 ......................................
................................................................................
   1    -50.7374949 -0.507375E+02  0.139E-01    9.12       0.0  T
   2    -50.7374966 -0.177570E-05  0.104E-01    9.12       1.0  T
   3    -50.7374986 -0.191453E-05  0.675E-03    9.12       2.9  T
   4    -50.7374987 -0.157526E-06  0.294E-03    9.12       6.7  T
   5    -50.7374987 -0.960428E-08  0.107E-03    9.12      18.3  T
   6    -50.7374987 -0.152862E-08  0.529E-04    9.12      37.1  T
   7    -50.7374987 -0.569081E-09  0.113E-04    9.12     173.4  T
speedup  1.09
cpu  time for SCC    0.01 s
wall time for SCC    0.01 s
speedup  0.99
cpu  time for grad    0.01 s
wall time for grad    0.02 s
 E :    -50.46443212  G :  0.004368    pred/act E change: -0.605D-04 -0.118D-03
Maxdispl :   0.0772   ||displ|| :   0.1670   Lambda : -0.813D-04
Largest |displ|/coords:  0.0772 (   3)  0.0725 (   5)  0.0700 (   1)
................................................................................
.............................. CYCLE   32 ......................................
................................................................................
   1    -50.7371362 -0.507371E+02  0.109E-01    9.11       0.0  T
   2    -50.7371373 -0.109310E-05  0.821E-02    9.11       1.0  T
   3    -50.7371386 -0.129995E-05  0.525E-03    9.11       3.7  T
   4    -50.7371387 -0.822235E-07  0.228E-03    9.11       8.6  T
   5    -50.7371387 -0.628392E-08  0.821E-04    9.11      23.9  T
speedup  1.11
cpu  time for SCC    0.00 s
wall time for SCC    0.00 s
speedup  1.10
cpu  time for grad    0.01 s
wall time for grad    0.01 s
 E :    -50.46447583  G :  0.005687    pred/act E change: -0.975D-04 -0.437D-04
Maxdispl :   0.0451   ||displ|| :   0.0968   Lambda : -0.597D-04
Largest |displ|/coords:  0.0451 (   5)  0.0440 (   1)  0.0337 (   3)
................................................................................
.............................. CYCLE   33 ......................................
................................................................................
   1    -50.7376350 -0.507376E+02  0.601E-02    9.11       0.0  T
   2    -50.7376356 -0.619946E-06  0.453E-02    9.12       1.0  T
   3    -50.7376360 -0.422359E-06  0.428E-03    9.12       4.6  T
   4    -50.7376361 -0.100605E-06  0.160E-03    9.12      12.2  T
   5    -50.7376361 -0.382798E-08  0.513E-04    9.12      38.2  T
speedup  0.87
cpu  time for SCC    0.00 s
wall time for SCC    0.00 s
speedup  1.02
cpu  time for grad    0.01 s
wall time for grad    0.01 s
 E :    -50.46451239  G :  0.003781    pred/act E change: -0.418D-04 -0.366D-04
Maxdispl :   0.0369   ||displ|| :   0.0722   Lambda : -0.332D-04
Largest |displ|/coords:  0.0369 (   1)  0.0293 (   3)  0.0230 (  18)
................................................................................
.............................. CYCLE   34 ......................................
................................................................................
   1    -50.7377836 -0.507378E+02  0.518E-02    9.13       0.0  T
   2    -50.7377840 -0.430665E-06  0.388E-02    9.13       1.0  T
   3    -50.7377843 -0.236326E-06  0.409E-03    9.13       4.8  T
   4    -50.7377843 -0.781377E-07  0.152E-03    9.13      12.9  T
   5    -50.7377843 -0.290963E-08  0.427E-04    9.13      45.9  T
   6    -50.7377843 -0.261565E-09  0.258E-04    9.13      76.0  T
speedup  0.93
cpu  time for SCC    0.00 s
wall time for SCC    0.01 s
speedup  0.99
cpu  time for grad    0.01 s
wall time for grad    0.01 s
 E :    -50.46453345  G :  0.002173    pred/act E change: -0.301D-04 -0.211D-04
Maxdispl :   0.0220   ||displ|| :   0.0463   Lambda : -0.162D-04
Largest |displ|/coords:  0.0220 (   1)  0.0190 (  18)  0.0173 (   3)
................................................................................
.............................. CYCLE   35 ......................................
................................................................................
   1    -50.7379084 -0.507379E+02  0.376E-02    9.15       0.0  T
   2    -50.7379087 -0.277500E-06  0.283E-02    9.15       1.0  T
   3    -50.7379088 -0.187369E-06  0.338E-03    9.15       5.8  T
   4    -50.7379089 -0.457098E-07  0.138E-03    9.15      14.2  T
   5    -50.7379089 -0.185275E-08  0.329E-04    9.15      59.6  T
   6    -50.7379089 -0.126462E-09  0.212E-04    9.15      92.7  T
speedup  0.94
cpu  time for SCC    0.00 s
wall time for SCC    0.01 s
speedup  0.99
cpu  time for grad    0.01 s
wall time for grad    0.01 s
 E :    -50.46454252  G :  0.001635    pred/act E change: -0.167D-04 -0.908D-05
Maxdispl :   0.0108   ||displ|| :   0.0190   Lambda : -0.586D-05
Largest |displ|/coords:  0.0108 (   6)  0.0073 (  12)  0.0061 (  11)
................................................................................
.............................. CYCLE   36 ......................................
................................................................................
   1    -50.7379689 -0.507380E+02  0.115E-02    9.15       0.0  T
   2    -50.7379690 -0.538103E-07  0.851E-03    9.15       2.3  T
   3    -50.7379690 -0.221672E-07  0.161E-03    9.15      12.2  T
   4    -50.7379690 -0.806875E-08  0.499E-04    9.15      39.3  T
   5    -50.7379690 -0.320632E-09  0.107E-04    9.15     184.0  T
speedup  1.11
cpu  time for SCC    0.01 s
wall time for SCC    0.00 s
speedup  0.99
cpu  time for grad    0.01 s
wall time for grad    0.01 s
 E :    -50.46454616  G :  0.001135    pred/act E change: -0.814D-05 -0.364D-05
Maxdispl :   0.0269   ||displ|| :   0.0430   Lambda : -0.672D-05
Largest |displ|/coords:  0.0269 (   3)  0.0222 (   6)  0.0111 (   5)
................................................................................
.............................. CYCLE   37 ......................................
................................................................................
   1    -50.7375060 -0.507375E+02  0.326E-02    9.15       0.0  T
   2    -50.7375062 -0.197972E-06  0.246E-02    9.15       1.0  T
   3    -50.7375064 -0.192715E-06  0.263E-03    9.15       7.4  T
   4    -50.7375064 -0.248519E-07  0.102E-03    9.15      19.3  T
   5    -50.7375064 -0.131156E-08  0.324E-04    9.15      60.6  T
   6    -50.7375064 -0.139082E-09  0.171E-04    9.15     114.7  T
speedup  1.11
cpu  time for SCC    0.01 s
wall time for SCC    0.01 s
speedup  0.99
cpu  time for grad    0.01 s
wall time for grad    0.01 s
 E :    -50.46454713  G :  0.001761    pred/act E change: -0.293D-05 -0.963D-06
Maxdispl :   0.0119   ||displ|| :   0.0255   Lambda : -0.491D-05
Largest |displ|/coords:  0.0119 (   1)  0.0109 (   3)  0.0097 (   5)
................................................................................
.............................. CYCLE   38 ......................................
................................................................................
   1    -50.7379179 -0.507379E+02  0.165E-02    9.15       0.0  T
   2    -50.7379179 -0.444814E-07  0.124E-02    9.15       1.6  T
   3    -50.7379179 -0.415297E-07  0.114E-03    9.15      17.3  T
   4    -50.7379179 -0.552342E-08  0.489E-04    9.15      40.1  T
   5    -50.7379179 -0.332243E-09  0.158E-04    9.15     123.9  T
speedup  0.87
cpu  time for SCC    0.00 s
wall time for SCC    0.00 s
speedup  0.97
cpu  time for grad    0.01 s
wall time for grad    0.01 s
 E :    -50.46454967  G :  0.000631    pred/act E change: -0.336D-05 -0.255D-05
Maxdispl :   0.0029   ||displ|| :   0.0054   Lambda : -0.845D-06
Largest |displ|/coords:  0.0029 (   1)  0.0022 (  13)  0.0020 (   3)
................................................................................
.............................. CYCLE   39 ......................................
................................................................................
   1    -50.7378894 -0.507379E+02  0.398E-03    9.15       0.0  T
   2    -50.7378894 -0.448320E-08  0.296E-03    9.15       6.6  T
   3    -50.7378894 -0.212916E-08  0.395E-04    9.15      49.6  T
   4    -50.7378894 -0.744180E-09  0.151E-04    9.15     129.8  T
speedup  1.08
cpu  time for SCC    0.00 s
wall time for SCC    0.00 s
speedup  1.04
cpu  time for grad    0.01 s
wall time for grad    0.01 s
 E :    -50.46455031  G :  0.000398    pred/act E change: -0.245D-05 -0.638D-06
Maxdispl :   0.0083   ||displ|| :   0.0164   Lambda : -0.139D-05
Largest |displ|/coords:  0.0083 (   3)  0.0067 (   1)  0.0051 (   7)
................................................................................
.............................. CYCLE   40 ......................................
................................................................................
   1    -50.7378944 -0.507379E+02  0.123E-02    9.14       0.0  T
   2    -50.7378944 -0.223079E-07  0.925E-03    9.14       2.1  T
   3    -50.7378944 -0.223116E-07  0.926E-04    9.14      21.2  T
   4    -50.7378944 -0.218387E-08  0.382E-04    9.14      51.3  T
speedup  0.81
cpu  time for SCC    0.00 s
wall time for SCC    0.00 s
speedup  0.90
cpu  time for grad    0.01 s
wall time for grad    0.01 s
 E :    -50.46455121  G :  0.000347    pred/act E change: -0.423D-06 -0.900D-06
Maxdispl :   0.0059   ||displ|| :   0.0121   Lambda : -0.514D-06
Largest |displ|/coords:  0.0059 (   3)  0.0045 (   1)  0.0041 (   7)
................................................................................
.............................. CYCLE   41 ......................................
................................................................................
   1    -50.7378620 -0.507379E+02  0.880E-03    9.14       0.0  T
   2    -50.7378620 -0.103530E-07  0.664E-03    9.14       3.0  T
   3    -50.7378620 -0.127996E-07  0.588E-04    9.14      33.4  T
   4    -50.7378620 -0.601261E-09  0.230E-04    9.14      85.1  T
speedup  1.11
cpu  time for SCC    0.00 s
wall time for SCC    0.00 s
speedup  0.98
cpu  time for grad    0.01 s
wall time for grad    0.01 s
 E :    -50.46455161  G :  0.000334    pred/act E change: -0.693D-06 -0.395D-06
Maxdispl :   0.0055   ||displ|| :   0.0123   Lambda : -0.433D-06
Largest |displ|/coords:  0.0055 (   3)  0.0047 (   1)  0.0045 (   7)
................................................................................
.............................. CYCLE   42 ......................................
................................................................................
   1    -50.7378482 -0.507378E+02  0.826E-03    9.14       0.0  T
   2    -50.7378482 -0.954758E-08  0.622E-03    9.14       3.2  T
   3    -50.7378482 -0.121137E-07  0.525E-04    9.14      37.4  T
   4    -50.7378482 -0.461164E-09  0.177E-04    9.14     110.5  T
speedup  1.03
cpu  time for SCC    0.00 s
wall time for SCC    0.00 s
speedup  1.03
cpu  time for grad    0.01 s
wall time for grad    0.01 s
 E :    -50.46455189  G :  0.000232    pred/act E change: -0.257D-06 -0.284D-06
Maxdispl :   0.0020   ||displ|| :   0.0043   Lambda : -0.119D-06
Largest |displ|/coords:  0.0020 (   5)  0.0018 (   1)  0.0016 (   3)
................................................................................
.............................. CYCLE   43 ......................................
................................................................................
   1    -50.7378520 -0.507379E+02  0.239E-03    9.14       0.0  T
   2    -50.7378520 -0.119930E-08  0.179E-03    9.14      11.0  T
   3    -50.7378520 -0.101513E-08  0.200E-04    9.14      98.0  T
   4    -50.7378520 -0.127656E-09  0.861E-05    9.14     227.7  T
speedup  1.11
cpu  time for SCC    0.00 s
wall time for SCC    0.00 s
speedup  1.06
cpu  time for grad    0.01 s
wall time for grad    0.01 s
 E :    -50.46455198  G :  0.000149    pred/act E change: -0.217D-06 -0.856D-07
Maxdispl :   0.0014   ||displ|| :   0.0033   Lambda : -0.687D-07
Largest |displ|/coords:  0.0014 (   5)  0.0013 (   3)  0.0013 (   1)

   *** GEOMETRY OPTIMIZATION CONVERGED AFTER 43 ITERATIONS ***

------------------------------------------------------------------------
 total energy gain (kcal):     -0.6620
------------------------------------------------------------------------
================
 final structure:
================
$coord
       -1.63514758788991        1.87054214053982       -0.30598450211224      S 
        0.19307782032999        3.31320242985874        1.15305458483551      O 
       -0.33502761664410        0.34446365065118       -2.22829021848317      O 
       -3.22218046796876        0.27023695927750        1.28171122694979      O 
       -3.42838701412368        3.70573550235160       -1.70462918377600      O 
       -2.22285736258613        4.84505957080259       -2.60755896705562      H 
        3.51408687464732       -2.22696452299297       -0.57768460780312      O 
        4.67105290623734       -2.48894111883678       -1.94555226535554      H 
        2.10781072529223       -1.19538063716831       -1.27138682060810      H 
        2.88235306803408        0.23583098197549        3.95888085825155      O 
        3.72206789811515       -0.66724532686103        2.59972970837110      H 
        2.00780313218933        1.65117692033037        3.11594716977077      H 
       -3.15237922763919       -3.84282018188283       -2.03814216204755      O 
       -2.14565575936832       -2.34442194904580       -2.43549115604611      H 
       -4.54789435440341       -3.20009701406826       -1.06800511350663      H 
        0.13563524703847       -5.65089750133479        1.25346843110861      O 
        1.64209381856023       -4.82384388058513        0.58273170868295      H 
       -1.18939059171894       -5.34202864709420       -0.03652557880586      H 
       -1.00926939168521       -2.43238946368069        4.50348185375513      O 
        0.66962709703098       -1.39064117593823        4.61234173553507      H 
       -2.13083941499513       -1.30772947478349        3.38736370545034      H 
       -0.56905906986879       -3.99898497663701        3.29635222445641      H 
        0.52264426139866        6.08928322326431       -3.39656995970877      N 
        1.40923047072154        5.05758268249024       -4.73890367729883      H 
        1.23059541317817        5.58799967062100       -1.68238932980846      H 
        0.88000912611991        7.94127219543938       -3.70794970254436      H 
$end
 
 Bond Distances (Angstroems)
 ---------------------------
S1-O2=1.4543         S1-O3=1.4698         S1-O4=1.4589         S1-O5=1.5464         O2-S1=1.4543         O3-S1=1.4698         
O4-S1=1.4589         O5-S1=1.5464         O5-H6=0.9994         H6-O5=0.9994         O7-H8=0.9581         O7-H9=0.9932         
H8-O7=0.9581         H9-O7=0.9932         O10-H11=0.9711       O10-H12=0.9870       H11-O10=0.9711       H12-O10=0.9870       
O13-H14=0.9781       O13-H15=0.9615       H14-O13=0.9781       H15-O13=0.9615       O16-H17=0.9762       O16-H18=0.9921       
H17-O16=0.9762       H18-O16=0.9921       O19-H20=1.0472       O19-H21=1.0273       O19-H22=1.0722       H20-O19=1.0472       
H21-O19=1.0273       H22-O19=1.0722       N23-H24=1.0113       N23-H25=1.0166       N23-H26=1.0116       H24-N23=1.0113       
H25-N23=1.0166       H26-N23=1.0116       
 N  H  Rav=1.0132 sigma=0.0024  Rmin=1.0113  Rmax=1.0166     3
 O  H  Rav=0.9970 sigma=0.0335  Rmin=0.9581  Rmax=1.0722    12
 S  O  Rav=1.4823 sigma=0.0374  Rmin=1.4543  Rmax=1.5464     4
 
 selected bond angles (degree)
 --------------------
O3-S1-O2=110.15                O4-S1-O2=112.45                O4-S1-O3=110.43                O5-S1-O2=109.43                
O5-S1-O3=107.52                O5-S1-O4=106.67                H6-O5-S1=102.47                H9-O7-H8=106.20                
H12-O10-H11=104.67             
 
 selected dihedral angles (degree)
 ---------------------------------
H6-O5-S1-O2= 52.59            H6-O5-S1-O3=292.96            H6-O5-S1-O4=174.49            
 
 CMA Distance (Angstroems)
 ---------------------------
R(CMA):  2.1380

========================================================================
 FINAL SINGLEPOINT CALCULATION ON OPTIMIZED GEOMETRY
========================================================================

 Ncao       : 65
 Nao        : 64
 Nshell     : 38
 Nel        : 80
 T(el)      :   300.0
 intcut     :    25.0
 scfconv/Eh :  0.100E-05
   qconv/e  :  0.100E-03
 intneglect :  0.100E-07
 broydamp   :      0.250
 iter      E             dE          RMSdq      gap      omega  full diag
   1    -50.7378520 -0.507379E+02  0.308E-05    9.14       0.0  T
   2    -50.7378520 -0.852651E-12  0.195E-05    9.14    1006.2  T
   3    -50.7378520 -0.454747E-12  0.454E-06    9.14    4322.9  T
speedup  1.11
cpu  time for SCC    0.00 s
wall time for SCC    0.00 s

   *** convergence criteria satisfied after 3 iterations ***

          eigenvalues
 #    :          28         29         30         31         32         33         34         35
 occ. :        2.000      2.000      2.000      2.000      2.000      2.000      2.000      2.000
 eps  :       -13.763    -13.264    -12.659    -12.644    -12.542    -12.486    -12.412    -12.364
 #    :          36         37         38         39         40         41         42         43
 occ. :        2.000      2.000      2.000      2.000      2.000      0.000      0.000      0.000
 eps  :       -12.185    -12.070    -12.017    -11.920    -11.451     -2.309     -0.431     -0.192
 #    :          44         45         46         47         48         49         50         51
 occ. :        0.000      0.000      0.000      0.000      0.000      0.000      0.000      0.000
 eps  :         0.677      0.807      1.073      1.987      2.090      3.732      5.059      5.276


   #   Z            q   n(s)   n(p)   n(d)      C6AA      α(0)
   1  16 S      1.704  1.585  1.770  0.941    88.689    15.850
   2   8 O     -0.761  1.774  4.987  0.000    30.424     7.395
   3   8 O     -0.779  1.780  4.999  0.000    30.953     7.459
   4   8 O     -0.737  1.759  4.979  0.000    29.733     7.311
   5   8 O     -0.608  1.755  4.853  0.000    25.356     6.798
   6   1 H      0.361  0.639  0.000  0.000     0.555     1.165
   7   8 O     -0.633  1.746  4.887  0.000    25.996     6.881
   8   1 H      0.290  0.710  0.000  0.000     0.751     1.361
   9   1 H      0.333  0.667  0.000  0.000     0.629     1.246
  10   8 O     -0.607  1.754  4.853  0.000    25.331     6.793
  11   1 H      0.325  0.675  0.000  0.000     0.650     1.267
  12   1 H      0.334  0.666  0.000  0.000     0.628     1.245
  13   8 O     -0.607  1.743  4.864  0.000    25.346     6.795
  14   1 H      0.317  0.683  0.000  0.000     0.673     1.288
  15   1 H      0.299  0.701  0.000  0.000     0.724     1.336
  16   8 O     -0.607  1.761  4.846  0.000    25.332     6.795
  17   1 H      0.328  0.672  0.000  0.000     0.643     1.260
  18   1 H      0.342  0.658  0.000  0.000     0.608     1.225
  19   8 O     -0.513  1.734  4.779  0.000    23.120     6.494
  20   1 H      0.381  0.619  0.000  0.000     0.521     1.133
  21   1 H      0.380  0.620  0.000  0.000     0.522     1.134
  22   1 H      0.388  0.612  0.000  0.000     0.505     1.115
  23   7 N     -0.455  1.361  4.094  0.000    31.961     8.396
  24   1 H      0.168  0.832  0.000  0.000     1.286     1.776
  25   1 H      0.188  0.812  0.000  0.000     1.169     1.694
  26   1 H      0.170  0.830  0.000  0.000     1.275     1.769

 Mol. C6AA /au·bohr⁶  :       5484.806140
 Mol. C8AA /au·bohr⁸  :     118539.284624
 Mol. α(0) /au        :        106.982601

 
 Wiberg/Mayer (AO) data. WBOs > 0.1 written file <wbo>
 largest (>0.05) Wiberg bond orders for each atom
           total WBO             WBO to atom ...
     1  S   4.820    O    4 1.290    O    2 1.290    O    3 1.227    O    5 0.970
     2  O   1.704    S    1 1.290    O    4 0.107    O    3 0.105    O    5 0.080    H   12 0.064
     3  O   1.703    S    1 1.227    O    2 0.105    O    4 0.104    H    9 0.081    O    5 0.077    H   14 0.053
     4  O   1.745    S    1 1.290    H   21 0.124    O    2 0.107    O    3 0.104    O    5 0.063
     5  O   1.979    S    1 0.970    H    6 0.731    O    2 0.080    O    3 0.077    O    4 0.063
     6  H   0.869    O    5 0.731    N   23 0.121
     7  O   1.860    H    8 0.908    H    9 0.803
     8  H   0.916    O    7 0.908
     9  H   0.889    O    7 0.803    O    3 0.081
    10  O   1.965    H   11 0.862    H   12 0.820    H   20 0.168    O   19 0.062
    11  H   0.894    O   10 0.862
    12  H   0.889    O   10 0.820    O    2 0.064
    13  O   1.889    H   15 0.903    H   14 0.843    H   18 0.077
    14  H   0.900    O   13 0.843    O    3 0.053
    15  H   0.911    O   13 0.903
    16  O   1.993    H   17 0.846    H   18 0.804    H   22 0.208    O   19 0.071
    17  H   0.893    O   16 0.846
    18  H   0.883    O   16 0.804    O   13 0.077
    19  O   2.234    H   21 0.723    H   20 0.683    H   22 0.639    O   16 0.071    O   10 0.062
    20  H   0.855    O   19 0.683    O   10 0.168
    21  H   0.855    O   19 0.723    O    4 0.124
    22  H   0.850    O   19 0.639    O   16 0.208
    23  N   3.064    H   24 0.970    H   26 0.967    H   25 0.943    H    6 0.121
    24  H   0.972    N   23 0.970
    25  H   0.965    N   23 0.943
    26  H   0.971    N   23 0.967
 MOs/occ written to file <molden.input>
 
molecular dipole:
                 x           y           z       tot (Debye)
 q only:        0.995      -0.025      -0.273
   full:        1.245       0.883      -1.207       4.946
molecular quadrupole (traceless):
                xx          xy          yy          xz          yz          zz
 q only:       -2.056       1.044       2.150      -6.046      -9.060      -0.094
  q+dip:        1.537       2.025       1.406      -9.477      -7.641      -2.943
   full:        1.457       1.728       1.591      -9.619      -8.008      -3.048

SCC energy    :     -50.7378520
rep           :       0.2730506
ES            :       0.2443490
AES           :      -0.0721035
AXC           :      -0.0082621
disp          :      -0.0203222
XB            :       0.0000000
fix           :       0.0000000
total E       :     -50.4645520
atomizationE  :       4.9948561     3134.32
(atE without considering molecular charge,
 total energy contains solvation terms)
H-L gap (eV)  :          9.1425
optimized geometry written to: xtbopt.xyz


------------------------------------------------------------------------
 * finished run on 2019/09/16 at 12:18:01.907     
------------------------------------------------------------------------
 total:
 * wall-time:     0 d,  0 h,  0 min,  1.191 sec
 *  cpu-time:     0 d,  0 h,  0 min,  1.174 sec
 * ratio c/w:     0.985 speedup
 SCF:
 * wall-time:     0 d,  0 h,  0 min,  0.151 sec
 *  cpu-time:     0 d,  0 h,  0 min,  0.147 sec
 * ratio c/w:     0.977 speedup
 ANC optimizer:
 * wall-time:     0 d,  0 h,  0 min,  1.015 sec
 *  cpu-time:     0 d,  0 h,  0 min,  1.005 sec
 * ratio c/w:     0.990 speedup

