      -----------------------------------------------------------      
     |                   =====================                   |     
     |                           x T B                           |     
     |                   =====================                   |     
     |                         S. Grimme                         |     
     |          Mulliken Center for Theoretical Chemistry        |     
     |                    University of Bonn                     |     
     |                 Version 6.0.1 (SAW181210)                 |     
      -----------------------------------------------------------      

   This program is distributed in the hope that it will be useful,
   but WITHOUT ANY WARRANTY; without even the implied warranty of
   MERCHANTABILITY or FITNESS FOR A PARTICULAR PURPOSE.
   
   FOR NON-COMMERCIAL, ACADEMIA USE ONLY.
   
   Cite this work as:
   S. Grimme, C. Bannwarth, P. Shushkov, J. Comput. Theory Chem., 2017,
   13, 1989-2009.
   C. Bannwarth, S. Ehlert and S. Grimme., ChemRxiv, 2018, preprint.
   http://doi.org/10.26434/chemrxiv.7246238.v1
   
   for sTDA-xTB:
   S. Grimme and C. Bannwarth, J. Chem. Phys., 2016, 145, 054103.
   
   in the mass-spec context:
   V. Asgeirsson, C. Bauer and S. Grimme, Chem. Sci., 2017, 8, 4879.
   
   if GBSA is used:
   P. Shushkov, F. März and S. Grimme, unpublished.
   
   for ANC optimizer:
   S. Grimme, unpublished.
   Rational Function algorithm used in ANCopt:
   F. Eckert, P. Pulay, H.-J. Werner, J. Comput. Chem., 1997, 18, 1473.
   
   with help from (in alphabetical order)
   C. Bannwarth, F. Bohle, G. Brandenburg, E. Caldeweyher, M. Checinski,
   S. Dohm, S. Ehlert, S. Ehrlich, F. März, H. Neugebauer, J. Pisarek,
   P. Pracht, P. Shushkov, and S. Spicher.
   
 * started run on 2019/09/16 at 11:25:37.392     
========================================================================
 # omp threads = 1
========================================================================
number of atoms            : 26
number of electrons        : 80
charge                     : 0
spin                       : .0
first test random number   : .4191

########################################################################
# WARNING! Please study the warnings concerning your input carefully
#  - XTBPATH is not set, using XTBHOME instead
#  - the use of '-opt' is discouraged, please use '--opt' next time
#  - the use of '-chrg' is discouraged, please use '--chrg' next time
#  - the use of '-uhf' is discouraged, please use '--uhf' next time
########################################################################

           ------------------------------------------------- 
          |                 G F N 2 - x T B                 |
          | Geometry, Frequencies, Noncovalent interactions |
          |            JCTC 2018 parametrisation            |
           ------------------------------------------------- 
      method parameters     
 k(s)        :  1.8500
 k(p)        :  2.2300
 k(d)        :  2.2300
 k(f)        :  2.0000
 kEN (H0ij)  : -2.0000
 D4 a1       :  0.5200
 D4 a2       :  5.0000
 D4 s6       :  1.0000
 D4 s8       :  2.7000
 D4 s9       :  5.0000
 alphaj      :  2.0000


            Z     q(EN)     CN     RAES       Cart. coordinates
     1  S   6.0    0.64    4.32    4.27     1.05174    -1.65624    -1.66429
     2  O   6.0   -0.33    1.26    1.80     1.32684     1.10605    -2.13565
     3  O   6.0   -0.34    1.26    1.80    -0.31415    -2.06252     0.76417
     4  O   6.0   -0.30    1.20    1.80    -0.40720    -2.82679    -3.76892
     5  O   6.0   -0.25    2.09    1.84     3.56654    -2.82548    -1.51878
     6  H   1.0    0.16    1.26    1.48     4.50723    -2.07184    -0.16296
     7  O   6.0   -0.27    1.94    1.82     3.57755     4.18230     1.22917
     8  H   1.0    0.16    1.00    1.43     4.51168     2.88089     2.09424
     9  H   1.0    0.17    1.03    1.43     2.88935     3.37743    -0.25178
    10  O   6.0   -0.30    2.04    1.83     5.53244    -0.57449     2.71582
    11  H   1.0    0.15    0.97    1.43     7.09890    -0.56021     3.64352
    12  H   1.0    0.16    1.04    1.44     4.28331    -1.18806     3.88962
    13  O   6.0   -0.29    2.03    1.83    -5.15544    -1.78549    -4.99315
    14  H   1.0    0.18    1.05    1.44    -3.43234    -2.32773    -4.76616
    15  H   1.0    0.15    0.97    1.43    -5.58444    -2.24723    -6.70118
    16  O   6.0   -0.29    2.02    1.83     1.76695    -2.56347     5.34362
    17  H   1.0    0.15    0.97    1.43     0.74145    -3.53902     6.48873
    18  H   1.0    0.17    1.04    1.43     0.78546    -2.42588     3.81641
    19  O   6.0   -0.29    2.02    1.83    -1.81316     4.77868    -0.62011
    20  H   1.0    0.17    1.04    1.43    -0.64281     3.69709    -1.50049
    21  H   1.0    0.15    0.97    1.43    -0.77818     5.91011     0.36138
    22  N   5.0   -0.14    3.95    2.74    -4.70234     0.54438    -0.45265
    23  H   1.0    0.11    1.07    1.44    -3.37587    -0.60626     0.38457
    24  H   1.0    0.11    1.05    1.44    -3.99019     2.34794    -0.60897
    25  H   1.0    0.11    1.06    1.44    -5.12953    -0.13982    -2.22291
    26  H   1.0    0.08    0.99    1.43    -6.31378     0.57565     0.63672

  Z AO/shell   Hii/eV     exponent
  1     Wed Apr 25 08:07:45 CEST 2018   EN: 2.200 GM2: 0.406  GM3: 0.0800  RAES: 1.40
     1s    -10.707211    1.230000
  7     Wed Apr 25 08:07:45 CEST 2018   EN: 3.040 GM2: 0.461  GM3:-0.0640  RAES: 1.90
     2s    -16.686243    2.339881
     2p    -12.523956    2.014332
  8     Wed Apr 25 08:07:45 CEST 2018   EN: 3.440 GM2: 0.452  GM3:-0.0517  RAES: 1.80
     2s    -20.229985    2.439742
     2p    -15.503117    2.137023
 16     Tue Apr 24 11:44:34 CEST 2018   EN: 2.580 GM2: 0.340  GM3:-0.0502  RAES: 3.10
     3s    -20.029654    1.981333
     3p    -11.377694    2.025643
     3d     -0.420282    1.702555
 no old-style atom pair restraining (fixing) potential

molecular fragmentation (1/2 indicates fragments):
11111122222222222222222222
# atoms in fragment 1/2:     6    20
 fragment masses (1/2) :       97.07      108.11
CMA distance (Bohr)    :   3.444
constraining FC (au)   :  0.0500
           ------------------------------------------------- 
          |        Self-Consistent Charge Iterations        |
           ------------------------------------------------- 

 Ncao       : 65
 Nao        : 64
 Nshell     : 38
 Nel        : 80
 T(el)      :   300.0
 intcut     :    25.0
 scfconv/Eh :  0.100E-05
   qconv/e  :  0.100E-03
 intneglect :  0.100E-07
 broydamp   :      0.250
 iter      E             dE          RMSdq      gap      omega  full diag
   1    -50.6528964 -0.506529E+02  0.702E+00   10.39       0.0  T
   2    -50.7018864 -0.489900E-01  0.504E+00    9.94       1.0  T
   3    -50.7404440 -0.385576E-01  0.127E+00    8.33       1.0  T
   4    -50.7453593 -0.491530E-02  0.599E-01    8.69       1.0  T
   5    -50.7462362 -0.876913E-03  0.298E-01    8.71       1.0  T
   6    -50.7466399 -0.403704E-03  0.137E-01    8.75       1.0  T
   7    -50.7467503 -0.110384E-03  0.476E-02    8.76       1.0  T
   8    -50.7467600 -0.966319E-05  0.311E-02    8.75       1.0  T
   9    -50.7467661 -0.615185E-05  0.107E-02    8.76       1.8  T
  10    -50.7467668 -0.663484E-06  0.236E-03    8.77       8.3  T
  11    -50.7467668 -0.214981E-07  0.117E-03    8.76      16.8  T
  12    -50.7467668 -0.791146E-08  0.323E-04    8.76      60.7  T
  13    -50.7467668 -0.372175E-09  0.146E-04    8.76     134.4  T
speedup  1.02
cpu  time for SCC    0.01 s
wall time for SCC    0.01 s

   *** convergence criteria satisfied after 13 iterations ***

          eigenvalues
 #    :          28         29         30         31         32         33         34         35
 occ. :        2.000      2.000      2.000      2.000      2.000      2.000      2.000      2.000
 eps  :       -12.830    -12.510    -12.166    -12.054    -12.043    -11.864    -11.773    -11.509
 #    :          36         37         38         39         40         41         42         43
 occ. :        2.000      2.000      2.000      2.000      2.000      0.000      0.000      0.000
 eps  :       -11.457    -11.083    -10.983    -10.708    -10.616     -1.852     -1.016      0.242
 #    :          44         45         46         47         48         49         50         51
 occ. :        0.000      0.000      0.000      0.000      0.000      0.000      0.000      0.000
 eps  :         1.018      1.259      1.433      2.067      2.562      3.345      4.366      5.236


   #   Z            q   n(s)   n(p)   n(d)      C6AA      α(0)
   1  16 S      1.628  1.587  1.821  0.965    90.429    16.005
   2   8 O     -0.770  1.779  4.991  0.000    30.701     7.429
   3   8 O     -0.783  1.773  5.010  0.000    31.079     7.474
   4   8 O     -0.743  1.775  4.967  0.000    29.898     7.331
   5   8 O     -0.563  1.721  4.842  0.000    24.297     6.654
   6   1 H      0.389  0.611  0.000  0.000     0.498     1.104
   7   8 O     -0.637  1.746  4.890  0.000    26.079     6.892
   8   1 H      0.286  0.714  0.000  0.000     0.765     1.373
   9   1 H      0.305  0.695  0.000  0.000     0.705     1.319
  10   8 O     -0.614  1.745  4.869  0.000    25.517     6.818
  11   1 H      0.292  0.708  0.000  0.000     0.745     1.355
  12   1 H      0.344  0.656  0.000  0.000     0.602     1.219
  13   8 O     -0.624  1.728  4.896  0.000    25.763     6.850
  14   1 H      0.336  0.664  0.000  0.000     0.623     1.240
  15   1 H      0.290  0.710  0.000  0.000     0.751     1.361
  16   8 O     -0.619  1.738  4.881  0.000    25.650     6.835
  17   1 H      0.282  0.718  0.000  0.000     0.776     1.384
  18   1 H      0.327  0.673  0.000  0.000     0.645     1.261
  19   8 O     -0.626  1.731  4.895  0.000    25.823     6.858
  20   1 H      0.330  0.670  0.000  0.000     0.636     1.253
  21   1 H      0.308  0.692  0.000  0.000     0.696     1.311
  22   7 N     -0.302  1.249  4.053  0.000    27.750     7.824
  23   1 H      0.295  0.705  0.000  0.000     0.728     1.336
  24   1 H      0.311  0.689  0.000  0.000     0.683     1.294
  25   1 H      0.310  0.690  0.000  0.000     0.684     1.296
  26   1 H      0.247  0.753  0.000  0.000     0.897     1.484

 Mol. C6AA /au·bohr⁶  :       5448.362510
 Mol. C8AA /au·bohr⁸  :     118066.639799
 Mol. α(0) /au        :        106.562477

 
 Wiberg/Mayer (AO) data. WBOs > 0.1 written file <wbo>
 largest (>0.05) Wiberg bond orders for each atom
           total WBO             WBO to atom ...
     1  S   4.884    O    4 1.325    O    2 1.260    O    3 1.227    O    5 1.028
     2  O   1.674    S    1 1.260    O    4 0.109    O    3 0.108    O    5 0.076
     3  O   1.675    S    1 1.227    O    2 0.108    O    4 0.107    O    5 0.074    H   23 0.059
     4  O   1.695    S    1 1.325    O    2 0.109    O    3 0.107    O    5 0.059    H   14 0.054
     5  O   2.041    S    1 1.028    H    6 0.778    O    2 0.076    O    3 0.074    O    4 0.059
     6  H   0.848    O    5 0.778
     7  O   1.799    H    8 0.892    H    9 0.861
     8  H   0.918    O    7 0.892
     9  H   0.907    O    7 0.861
    10  O   1.873    H   11 0.908    H   12 0.836
    11  H   0.914    O   10 0.908
    12  H   0.882    O   10 0.836
    13  O   1.842    H   15 0.902    H   14 0.829    H   25 0.058
    14  H   0.887    O   13 0.829    O    4 0.054
    15  H   0.916    O   13 0.902
    16  O   1.829    H   17 0.906    H   18 0.839
    17  H   0.920    O   16 0.906
    18  H   0.893    O   16 0.839
    19  O   1.853    H   21 0.891    H   20 0.840    H   24 0.063
    20  H   0.891    O   19 0.840
    21  H   0.905    O   19 0.891
    22  N   3.560    H   26 0.936    H   23 0.848    H   25 0.839    H   24 0.834
    23  H   0.913    N   22 0.848    O    3 0.059
    24  H   0.904    N   22 0.834    O   19 0.063
    25  H   0.904    N   22 0.839    O   13 0.058
    26  H   0.939    N   22 0.936
 MOs/occ written to file <molden.input>
 
molecular dipole:
                 x           y           z       tot (Debye)
 q only:       -2.436      -0.063       1.280
   full:       -1.770      -0.725       1.394       6.016
molecular quadrupole (traceless):
                xx          xy          yy          xz          yz          zz
 q only:       20.221      -6.047     -16.039       5.234      -5.646      -4.182
  q+dip:       18.722      -6.013     -17.851       4.926      -6.030      -0.872
   full:       19.274      -6.132     -18.511       5.360      -5.904      -0.762

SCC energy    :     -50.7467668
rep           :       0.3087241
ES            :       0.2991202
AES           :      -0.0753401
AXC           :      -0.0096172
disp          :      -0.0183924
XB            :       0.0000000
fix           :       0.0000000
total E       :     -50.4377655
atomizationE  :       4.9680696     3117.51
(atE without considering molecular charge,
 total energy contains solvation terms)
H-L gap (eV)  :          8.7641
           ------------------------------------------------- 
          |                 ===============                 |
          |                   A N C O P T                   |
          |                 ===============                 |
          |          Approximate Normal Coordinate          |
          |           Rational Function Optimizer           |
           ------------------------------------------------- 
dumping coords to <xtbopt.coord> and <xtbopt.log>
 optlevel               2
 Maxcycle             520
 Maxmicro              25
 Econv         1.000000000000000E-007
 Gconv         2.000000000000000E-004
 Maxdispl       1.00000000000000     
 Hlow          5.000000000000000E-003
 S6             20.0000000000000     
 Nvar               72

generating ANC from model Hessian ...
 Shifting diagonal of input Hessian by   5.042699901667911E-003
 Lowest  eigenvalues of input Hessian
    0.005000   -0.000000   -0.000000    0.000000    0.000000    0.000000
    0.000000    0.005211    0.005215    0.005604    0.005764    0.005826
    0.006626    0.006968    0.007154    0.007357    0.008012    0.009161
 Highest eigenvalues
    1.432018    1.432583    1.465321    3.144626    3.220957    3.320888
 
cpu  time for ANC gen    0.01 s
wall time for ANC gen    0.01 s
................................................................................
.............................. CYCLE    1 ......................................
................................................................................
   1    -50.7467668 -0.507468E+02  0.819E-05    8.76       0.0  T
   2    -50.7467668 -0.125766E-10  0.647E-05    8.76     303.1  T
   3    -50.7467668 -0.164562E-10  0.283E-05    8.76     692.1  T
speedup  1.07
cpu  time for SCC    0.00 s
wall time for SCC    0.00 s
speedup  1.07
cpu  time for grad    0.01 s
wall time for grad    0.01 s
 E :    -50.43776542  G :  0.135864    pred/act E change:  0.000D+00  0.582D-07
Maxdispl :   0.1840   ||displ|| :   0.4005   Lambda : -0.142D-01
Largest |displ|/coords:  0.1840 (  20)  0.1547 (  27)  0.1490 (  22)
................................................................................
.............................. CYCLE    2 ......................................
................................................................................
   1    -50.7453594 -0.507454E+02  0.349E-01    8.75       0.0  T
   2    -50.7455309 -0.171549E-03  0.261E-01    8.77       1.0  T
   3    -50.7455911 -0.601616E-04  0.948E-02    8.81       1.0  T
   4    -50.7456093 -0.182473E-04  0.149E-02    8.80       1.3  T
   5    -50.7456097 -0.395160E-06  0.510E-03    8.80       3.8  T
   6    -50.7456098 -0.395145E-07  0.243E-03    8.79       8.1  T
speedup  0.93
cpu  time for SCC    0.00 s
wall time for SCC    0.01 s
speedup  0.98
cpu  time for grad    0.01 s
wall time for grad    0.01 s
 E :    -50.44896327  G :  0.086275    pred/act E change:  0.000D+00 -0.112D-01
Maxdispl :   0.1544   ||displ|| :   0.3977   Lambda : -0.736D-02
Largest |displ|/coords:  0.1544 (  20)  0.1365 (  22)  0.1193 (  27)
................................................................................
.............................. CYCLE    3 ......................................
................................................................................
   1    -50.7467965 -0.507468E+02  0.262E-01    8.79       0.0  T
   2    -50.7469547 -0.158166E-03  0.194E-01    8.80       1.0  T
   3    -50.7470056 -0.509391E-04  0.855E-02    8.81       1.0  T
   4    -50.7470152 -0.957597E-05  0.141E-02    8.81       1.4  T
   5    -50.7470155 -0.316630E-06  0.474E-03    8.81       4.1  T
   6    -50.7470156 -0.383425E-07  0.251E-03    8.81       7.8  T
speedup  0.91
cpu  time for SCC    0.01 s
wall time for SCC    0.01 s
speedup  1.03
cpu  time for grad    0.01 s
wall time for grad    0.01 s
 E :    -50.45461397  G :  0.054477    pred/act E change: -0.824D-02 -0.565D-02
Maxdispl :   0.1494   ||displ|| :   0.3276   Lambda : -0.328D-02
Largest |displ|/coords:  0.1494 (  20)  0.1380 (  14)  0.1259 (  22)
................................................................................
.............................. CYCLE    4 ......................................
................................................................................
   1    -50.7449497 -0.507449E+02  0.279E-01    8.78       0.0  T
   2    -50.7450371 -0.874802E-04  0.211E-01    8.79       1.0  T
   3    -50.7450652 -0.280500E-04  0.658E-02    8.79       1.0  T
   4    -50.7450773 -0.121635E-04  0.127E-02    8.78       1.5  T
   5    -50.7450776 -0.243042E-06  0.371E-03    8.79       5.3  T
   6    -50.7450776 -0.168617E-07  0.190E-03    8.79      10.3  T
speedup  1.09
cpu  time for SCC    0.01 s
wall time for SCC    0.01 s
speedup  0.97
cpu  time for grad    0.01 s
wall time for grad    0.01 s
 E :    -50.45692244  G :  0.036210    pred/act E change: -0.426D-02 -0.231D-02
Maxdispl :   0.2234   ||displ|| :   0.5277   Lambda : -0.399D-02
Largest |displ|/coords:  0.2234 (  13)  0.1602 (   7)  0.1579 (  22)
................................................................................
.............................. CYCLE    5 ......................................
................................................................................
   1    -50.7458624 -0.507459E+02  0.451E-01    8.72       0.0  T
   2    -50.7460476 -0.185165E-03  0.343E-01    8.73       1.0  T
   3    -50.7461134 -0.658115E-04  0.981E-02    8.76       1.0  T
   4    -50.7461408 -0.274271E-04  0.239E-02    8.75       1.0  T
   5    -50.7461418 -0.101327E-05  0.583E-03    8.75       3.4  T
   6    -50.7461419 -0.254196E-07  0.325E-03    8.75       6.0  T
speedup  0.94
cpu  time for SCC    0.00 s
wall time for SCC    0.01 s
speedup  0.90
cpu  time for grad    0.01 s
wall time for grad    0.01 s
 E :    -50.45746215  G :  0.034468    pred/act E change: -0.182D-02 -0.540D-03
Maxdispl :   0.1104   ||displ|| :   0.2910   Lambda : -0.307D-02
Largest |displ|/coords:  0.1104 (  15)  0.1097 (  14)  0.1024 (   8)
................................................................................
.............................. CYCLE    6 ......................................
................................................................................
   1    -50.7503765 -0.507504E+02  0.337E-01    8.79       0.0  T
   2    -50.7504133 -0.368545E-04  0.255E-01    8.79       1.0  T
   3    -50.7504382 -0.248322E-04  0.335E-02    8.80       1.0  T
   4    -50.7504440 -0.585304E-05  0.111E-02    8.80       1.8  T
   5    -50.7504442 -0.156361E-06  0.295E-03    8.80       6.7  T
   6    -50.7504442 -0.100229E-07  0.153E-03    8.80      12.8  T
speedup  1.11
cpu  time for SCC    0.01 s
wall time for SCC    0.01 s
speedup  0.98
cpu  time for grad    0.01 s
wall time for grad    0.01 s
 E :    -50.45895049  G :  0.019787    pred/act E change: -0.255D-02 -0.149D-02
Maxdispl :   0.1123   ||displ|| :   0.3103   Lambda : -0.144D-02
Largest |displ|/coords:  0.1123 (  10)  0.0952 (   2)  0.0918 (  14)
................................................................................
.............................. CYCLE    7 ......................................
................................................................................
   1    -50.7429980 -0.507430E+02  0.376E-01    8.75       0.0  T
   2    -50.7430488 -0.507915E-04  0.285E-01    8.74       1.0  T
   3    -50.7430837 -0.348124E-04  0.386E-02    8.71       1.0  T
   4    -50.7430916 -0.797949E-05  0.928E-03    8.73       2.1  T
   5    -50.7430918 -0.165427E-06  0.392E-03    8.73       5.0  T
   6    -50.7430918 -0.958272E-08  0.203E-03    8.73       9.6  T
   7    -50.7430918 -0.622146E-08  0.361E-04    8.73      54.3  T
speedup  0.95
cpu  time for SCC    0.01 s
wall time for SCC    0.01 s
speedup  0.99
cpu  time for grad    0.01 s
wall time for grad    0.01 s
 E :    -50.45870022  G :  0.041696    pred/act E change: -0.167D-02  0.250D-03
Maxdispl :   0.1046   ||displ|| :   0.2103   Lambda : -0.228D-02
Largest |displ|/coords:  0.1046 (  11)  0.0906 (   1)  0.0828 (  16)
................................................................................
.............................. CYCLE    8 ......................................
................................................................................
   1    -50.7512247 -0.507512E+02  0.280E-01    8.74       0.0  T
   2    -50.7512653 -0.406309E-04  0.211E-01    8.74       1.0  T
   3    -50.7512919 -0.266375E-04  0.357E-02    8.74       1.0  T
   4    -50.7512978 -0.588244E-05  0.739E-03    8.74       2.7  T
   5    -50.7512979 -0.870366E-07  0.346E-03    8.74       5.7  T
   6    -50.7512979 -0.634211E-08  0.162E-03    8.74      12.1  T
speedup  0.91
cpu  time for SCC    0.01 s
wall time for SCC    0.01 s
speedup  0.97
cpu  time for grad    0.01 s
wall time for grad    0.01 s
 E :    -50.45959804  G :  0.018757    pred/act E change: -0.788D-03 -0.898D-03
Maxdispl :   0.1925   ||displ|| :   0.3812   Lambda : -0.182D-02
Largest |displ|/coords:  0.1925 (   9)  0.1535 (  10)  0.1518 (   1)
................................................................................
.............................. CYCLE    9 ......................................
................................................................................
   1    -50.7474109 -0.507474E+02  0.478E-01    8.67       0.0  T
   2    -50.7474848 -0.739303E-04  0.363E-01    8.71       1.0  T
   3    -50.7475355 -0.507439E-04  0.469E-02    8.80       1.0  T
   4    -50.7475473 -0.118186E-04  0.111E-02    8.76       1.8  T
   5    -50.7475476 -0.227562E-06  0.480E-03    8.76       4.1  T
   6    -50.7475476 -0.121098E-07  0.237E-03    8.76       8.3  T
   7    -50.7475476 -0.100704E-07  0.490E-04    8.76      40.1  T
speedup  0.95
cpu  time for SCC    0.01 s
wall time for SCC    0.01 s
speedup  0.99
cpu  time for grad    0.01 s
wall time for grad    0.01 s
 E :    -50.45880667  G :  0.043266    pred/act E change: -0.119D-02  0.791D-03
Maxdispl :   0.1356   ||displ|| :   0.2339   Lambda : -0.348D-02
Largest |displ|/coords:  0.1356 (  14)  0.0776 (  12)  0.0652 (  22)
................................................................................
.............................. CYCLE   10 ......................................
................................................................................
   1    -50.7518163 -0.507518E+02  0.335E-01    8.86       0.0  T
   2    -50.7518650 -0.486467E-04  0.254E-01    8.82       1.0  T
   3    -50.7518953 -0.303614E-04  0.393E-02    8.76       1.0  T
   4    -50.7519033 -0.799214E-05  0.770E-03    8.80       2.5  T
   5    -50.7519035 -0.122444E-06  0.364E-03    8.80       5.4  T
   6    -50.7519035 -0.367334E-08  0.185E-03    8.80      10.6  T
speedup  0.94
cpu  time for SCC    0.00 s
wall time for SCC    0.01 s
speedup  0.98
cpu  time for grad    0.01 s
wall time for grad    0.01 s
 E :    -50.46027928  G :  0.012851    pred/act E change: -0.104D-02 -0.147D-02
Maxdispl :   0.1444   ||displ|| :   0.3361   Lambda : -0.139D-02
Largest |displ|/coords:  0.1444 (   1)  0.1349 (  18)  0.1128 (  14)
................................................................................
.............................. CYCLE   11 ......................................
................................................................................
   1    -50.7432759 -0.507433E+02  0.360E-01    8.72       0.0  T
   2    -50.7433430 -0.671617E-04  0.271E-01    8.73       1.0  T
   3    -50.7433871 -0.440338E-04  0.469E-02    8.75       1.0  T
   4    -50.7433970 -0.988318E-05  0.959E-03    8.75       2.0  T
   5    -50.7433971 -0.983379E-07  0.516E-03    8.75       3.8  T
   6    -50.7433971 -0.399214E-07  0.212E-03    8.75       9.3  T
   7    -50.7433971 -0.957758E-08  0.571E-04    8.75      34.3  T
speedup  0.94
cpu  time for SCC    0.01 s
wall time for SCC    0.01 s
speedup  0.98
cpu  time for grad    0.01 s
wall time for grad    0.01 s
 E :    -50.45903317  G :  0.053024    pred/act E change: -0.184D-02  0.125D-02
Maxdispl :   0.1606   ||displ|| :   0.3972   Lambda : -0.861D-02
Largest |displ|/coords:  0.1606 (  18)  0.1424 (  14)  0.1280 (  16)
................................................................................
.............................. CYCLE   12 ......................................
................................................................................
   1    -50.7592533 -0.507593E+02  0.537E-01    8.96       0.0  T
   2    -50.7594537 -0.200379E-03  0.403E-01    8.95       1.0  T
   3    -50.7595940 -0.140344E-03  0.816E-02    8.92       1.0  T
   4    -50.7596189 -0.248863E-04  0.186E-02    8.92       1.1  T
   5    -50.7596196 -0.636241E-06  0.955E-03    8.92       2.1  T
   6    -50.7596196 -0.616450E-07  0.431E-03    8.92       4.5  T
   7    -50.7596197 -0.478802E-07  0.954E-04    8.92      20.5  T
speedup  1.09
cpu  time for SCC    0.01 s
wall time for SCC    0.01 s
speedup  1.05
cpu  time for grad    0.01 s
wall time for grad    0.01 s
 E :    -50.45839187  G :  0.068907    pred/act E change: -0.771D-03  0.641D-03
Maxdispl :   0.1041   ||displ|| :   0.2792   Lambda : -0.630D-02
Largest |displ|/coords:  0.1041 (  16)  0.0865 (  14)  0.0834 (  18)
................................................................................
.............................. CYCLE   13 ......................................
................................................................................
   1    -50.7458394 -0.507458E+02  0.385E-01    8.83       0.0  T
   2    -50.7459354 -0.959630E-04  0.289E-01    8.84       1.0  T
   3    -50.7460003 -0.649501E-04  0.550E-02    8.87       1.0  T
   4    -50.7460132 -0.128480E-04  0.126E-02    8.86       1.6  T
   5    -50.7460134 -0.213930E-06  0.569E-03    8.86       3.4  T
   6    -50.7460134 -0.391523E-07  0.279E-03    8.86       7.0  T
speedup  1.09
cpu  time for SCC    0.01 s
wall time for SCC    0.01 s
speedup  1.04
cpu  time for grad    0.01 s
wall time for grad    0.01 s
 E :    -50.46032958  G :  0.032530    pred/act E change: -0.498D-02 -0.194D-02
Maxdispl :   0.1711   ||displ|| :   0.3198   Lambda : -0.219D-02
Largest |displ|/coords:  0.1711 (  12)  0.1288 (   2)  0.0903 (   1)
................................................................................
.............................. CYCLE   14 ......................................
................................................................................
   1    -50.7493553 -0.507494E+02  0.379E-01    8.86       0.0  T
   2    -50.7494290 -0.736898E-04  0.285E-01    8.85       1.0  T
   3    -50.7494783 -0.492773E-04  0.488E-02    8.84       1.0  T
   4    -50.7494886 -0.103008E-04  0.103E-02    8.85       1.9  T
   5    -50.7494887 -0.135195E-06  0.544E-03    8.85       3.6  T
   6    -50.7494887 -0.217336E-07  0.258E-03    8.85       7.6  T
speedup  1.13
cpu  time for SCC    0.01 s
wall time for SCC    0.01 s
speedup  1.12
cpu  time for grad    0.01 s
wall time for grad    0.01 s
 E :    -50.45961382  G :  0.048816    pred/act E change: -0.339D-02  0.716D-03
Maxdispl :   0.1091   ||displ|| :   0.2480   Lambda : -0.330D-02
Largest |displ|/coords:  0.1091 (  10)  0.0978 (   2)  0.0808 (  11)
................................................................................
.............................. CYCLE   15 ......................................
................................................................................
   1    -50.7552880 -0.507553E+02  0.260E-01    8.93       0.0  T
   2    -50.7553369 -0.489155E-04  0.194E-01    8.93       1.0  T
   3    -50.7553679 -0.310141E-04  0.392E-02    8.91       1.0  T
   4    -50.7553739 -0.601680E-05  0.101E-02    8.91       1.9  T
   5    -50.7553741 -0.189619E-06  0.456E-03    8.91       4.3  T
   6    -50.7553741 -0.136692E-07  0.217E-03    8.91       9.1  T
speedup  1.13
cpu  time for SCC    0.01 s
wall time for SCC    0.01 s
speedup  1.06
cpu  time for grad    0.01 s
wall time for grad    0.01 s
 E :    -50.46090344  G :  0.017934    pred/act E change: -0.121D-02 -0.129D-02
Maxdispl :   0.1147   ||displ|| :   0.2559   Lambda : -0.110D-02
Largest |displ|/coords:  0.1147 (   1)  0.0878 (   3)  0.0690 (   8)
................................................................................
.............................. CYCLE   16 ......................................
................................................................................
   1    -50.7499713 -0.507500E+02  0.206E-01    8.89       0.0  T
   2    -50.7499848 -0.135307E-04  0.155E-01    8.90       1.0  T
   3    -50.7499962 -0.113541E-04  0.209E-02    8.91       1.0  T
   4    -50.7499979 -0.169903E-05  0.612E-03    8.91       3.2  T
   5    -50.7499979 -0.452079E-07  0.295E-03    8.91       6.6  T
   6    -50.7499979 -0.998569E-08  0.123E-03    8.91      15.9  T
speedup  0.94
cpu  time for SCC    0.00 s
wall time for SCC    0.01 s
speedup  0.98
cpu  time for grad    0.01 s
wall time for grad    0.01 s
 E :    -50.46114621  G :  0.020139    pred/act E change: -0.175D-02 -0.243D-03
Maxdispl :   0.1518   ||displ|| :   0.2557   Lambda : -0.974D-03
Largest |displ|/coords:  0.1518 (  10)  0.0994 (   1)  0.0962 (  22)
................................................................................
.............................. CYCLE   17 ......................................
................................................................................
   1    -50.7435809 -0.507436E+02  0.214E-01    8.90       0.0  T
   2    -50.7436043 -0.233135E-04  0.162E-01    8.91       1.0  T
   3    -50.7436223 -0.180352E-04  0.267E-02    8.92       1.0  T
   4    -50.7436255 -0.323598E-05  0.635E-03    8.92       3.1  T
   5    -50.7436256 -0.398162E-07  0.320E-03    8.92       6.1  T
   6    -50.7436256 -0.118463E-07  0.128E-03    8.92      15.3  T
speedup  0.93
cpu  time for SCC    0.00 s
wall time for SCC    0.01 s
speedup  0.97
cpu  time for grad    0.01 s
wall time for grad    0.01 s
 E :    -50.46109360  G :  0.032471    pred/act E change: -0.584D-03  0.526D-04
Maxdispl :   0.1597   ||displ|| :   0.2434   Lambda : -0.167D-02
Largest |displ|/coords:  0.1597 (   5)  0.1180 (   1)  0.0566 (  12)
................................................................................
.............................. CYCLE   18 ......................................
................................................................................
   1    -50.7538852 -0.507539E+02  0.185E-01    8.96       0.0  T
   2    -50.7539019 -0.166226E-04  0.139E-01    8.95       1.0  T
   3    -50.7539155 -0.136652E-04  0.226E-02    8.93       1.0  T
   4    -50.7539176 -0.207717E-05  0.543E-03    8.94       3.6  T
   5    -50.7539176 -0.344722E-07  0.283E-03    8.94       6.9  T
speedup  0.89
cpu  time for SCC    0.00 s
wall time for SCC    0.00 s
speedup  0.96
cpu  time for grad    0.01 s
wall time for grad    0.01 s
 E :    -50.46152062  G :  0.014076    pred/act E change: -0.519D-03 -0.427D-03
Maxdispl :   0.1152   ||displ|| :   0.2540   Lambda : -0.109D-02
Largest |displ|/coords:  0.1152 (   3)  0.0995 (   1)  0.0935 (   8)
................................................................................
.............................. CYCLE   19 ......................................
................................................................................
   1    -50.7535060 -0.507535E+02  0.191E-01    8.99       0.0  T
   2    -50.7535161 -0.101310E-04  0.143E-01    8.99       1.0  T
   3    -50.7535242 -0.808125E-05  0.183E-02    8.98       1.1  T
   4    -50.7535256 -0.138598E-05  0.654E-03    8.99       3.0  T
   5    -50.7535257 -0.790058E-07  0.261E-03    8.99       7.5  T
   6    -50.7535257 -0.855795E-08  0.127E-03    8.99      15.4  T
speedup  0.91
cpu  time for SCC    0.00 s
wall time for SCC    0.01 s
speedup  0.96
cpu  time for grad    0.01 s
wall time for grad    0.01 s
 E :    -50.46186071  G :  0.018455    pred/act E change: -0.886D-03 -0.340D-03
Maxdispl :   0.1622   ||displ|| :   0.2670   Lambda : -0.720D-03
Largest |displ|/coords:  0.1622 (   1)  0.1200 (  10)  0.0751 (   5)
................................................................................
.............................. CYCLE   20 ......................................
................................................................................
   1    -50.7503164 -0.507503E+02  0.147E-01    8.99       0.0  T
   2    -50.7503260 -0.961444E-05  0.110E-01    9.00       1.0  T
   3    -50.7503332 -0.724285E-05  0.180E-02    9.01       1.1  T
   4    -50.7503345 -0.130272E-05  0.474E-03    9.01       4.1  T
   5    -50.7503346 -0.377618E-07  0.213E-03    9.01       9.2  T
   6    -50.7503346 -0.370591E-08  0.108E-03    9.01      18.2  T
speedup  0.93
cpu  time for SCC    0.00 s
wall time for SCC    0.01 s
speedup  0.98
cpu  time for grad    0.01 s
wall time for grad    0.01 s
 E :    -50.46223976  G :  0.014828    pred/act E change: -0.582D-03 -0.379D-03
Maxdispl :   0.2245   ||displ|| :   0.3337   Lambda : -0.484D-03
Largest |displ|/coords:  0.2245 (   1)  0.1164 (  10)  0.1099 (  12)
................................................................................
.............................. CYCLE   21 ......................................
................................................................................
   1    -50.7503818 -0.507504E+02  0.128E-01    9.05       0.0  T
   2    -50.7503871 -0.529440E-05  0.970E-02    9.04       1.0  T
   3    -50.7503917 -0.461077E-05  0.127E-02    9.04       1.5  T
   4    -50.7503924 -0.691001E-06  0.376E-03    9.05       5.2  T
   5    -50.7503925 -0.232393E-07  0.163E-03    9.05      12.0  T
   6    -50.7503925 -0.284264E-08  0.873E-04    9.05      22.5  T
speedup  1.13
cpu  time for SCC    0.01 s
wall time for SCC    0.01 s
speedup  1.04
cpu  time for grad    0.01 s
wall time for grad    0.01 s
 E :    -50.46259123  G :  0.012838    pred/act E change: -0.386D-03 -0.351D-03
Maxdispl :   0.3259   ||displ|| :   0.5205   Lambda : -0.601D-03
Largest |displ|/coords:  0.3259 (   1)  0.1618 (   5)  0.1586 (  10)
................................................................................
.............................. CYCLE   22 ......................................
................................................................................
   1    -50.7520978 -0.507521E+02  0.186E-01    9.15       0.0  T
   2    -50.7521046 -0.681443E-05  0.140E-01    9.14       1.0  T
   3    -50.7521101 -0.549244E-05  0.155E-02    9.13       1.3  T
   4    -50.7521110 -0.905687E-06  0.568E-03    9.14       3.5  T
   5    -50.7521111 -0.521234E-07  0.185E-03    9.14      10.6  T
   6    -50.7521111 -0.274030E-08  0.106E-03    9.14      18.4  T
speedup  1.11
cpu  time for SCC    0.01 s
wall time for SCC    0.01 s
speedup  1.04
cpu  time for grad    0.01 s
wall time for grad    0.01 s
 E :    -50.46305303  G :  0.011101    pred/act E change: -0.269D-03 -0.462D-03
Maxdispl :   0.4034   ||displ|| :   0.6027   Lambda : -0.638D-03
Largest |displ|/coords:  0.4034 (   1)  0.1959 (   4)  0.1650 (  10)
................................................................................
.............................. CYCLE   23 ......................................
................................................................................
   1    -50.7548092 -0.507548E+02  0.194E-01    9.22       0.0  T
   2    -50.7548179 -0.862607E-05  0.146E-01    9.22       1.0  T
   3    -50.7548274 -0.959276E-05  0.170E-02    9.20       1.2  T
   4    -50.7548283 -0.830678E-06  0.736E-03    9.21       2.7  T
   5    -50.7548284 -0.760090E-07  0.236E-03    9.21       8.3  T
   6    -50.7548284 -0.656849E-08  0.128E-03    9.21      15.3  T
speedup  1.11
cpu  time for SCC    0.01 s
wall time for SCC    0.01 s
speedup  1.04
cpu  time for grad    0.01 s
wall time for grad    0.01 s
 E :    -50.46342409  G :  0.008905    pred/act E change: -0.382D-03 -0.371D-03
Maxdispl :   0.2901   ||displ|| :   0.5350   Lambda : -0.487D-03
Largest |displ|/coords:  0.2901 (   1)  0.1669 (   5)  0.1563 (   4)
................................................................................
.............................. CYCLE   24 ......................................
................................................................................
   1    -50.7511618 -0.507512E+02  0.248E-01    9.26       0.0  T
   2    -50.7511716 -0.981510E-05  0.187E-01    9.27       1.0  T
   3    -50.7511795 -0.793829E-05  0.192E-02    9.30       1.0  T
   4    -50.7511808 -0.131062E-05  0.628E-03    9.30       3.1  T
   5    -50.7511809 -0.632900E-07  0.254E-03    9.30       7.7  T
   6    -50.7511809 -0.406069E-08  0.129E-03    9.30      15.1  T
speedup  1.13
cpu  time for SCC    0.01 s
wall time for SCC    0.01 s
speedup  1.04
cpu  time for grad    0.01 s
wall time for grad    0.01 s
 E :    -50.46357370  G :  0.015427    pred/act E change: -0.435D-03 -0.150D-03
Maxdispl :   0.0634   ||displ|| :   0.0983   Lambda : -0.350D-03
Largest |displ|/coords:  0.0634 (   4)  0.0355 (  12)  0.0238 (  13)
................................................................................
.............................. CYCLE   25 ......................................
................................................................................
   1    -50.7555125 -0.507555E+02  0.624E-02    9.34       0.0  T
   2    -50.7555159 -0.341492E-05  0.460E-02    9.33       1.0  T
   3    -50.7555181 -0.213589E-05  0.100E-02    9.30       2.0  T
   4    -50.7555184 -0.354017E-06  0.196E-03    9.31      10.0  T
   5    -50.7555184 -0.646014E-08  0.987E-04    9.31      19.9  T
speedup  1.11
cpu  time for SCC    0.00 s
wall time for SCC    0.00 s
speedup  1.03
cpu  time for grad    0.01 s
wall time for grad    0.01 s
 E :    -50.46371422  G :  0.008416    pred/act E change: -0.313D-03 -0.141D-03
Maxdispl :   0.0997   ||displ|| :   0.1569   Lambda : -0.217D-03
Largest |displ|/coords:  0.0997 (   1)  0.0679 (   4)  0.0459 (   3)

generating ANC from model Hessian ...
 Shifting diagonal of input Hessian by   4.763368924689627E-003
 Lowest  eigenvalues of input Hessian
   -0.000000   -0.000000    0.000000    0.000000    0.000000    0.000000
    0.005000    0.005041    0.005127    0.005401    0.005632    0.006277
    0.006903    0.007351    0.007591    0.008512    0.008730    0.010390
 Highest eigenvalues
    1.396221    1.414951    1.463063    2.788217    3.341899    3.629935
 
cpu  time for ANC gen    0.02 s
wall time for ANC gen    0.02 s
................................................................................
.............................. CYCLE   26 ......................................
................................................................................
   1    -50.7546565 -0.507547E+02  0.798E-02    9.29       0.0  T
   2    -50.7546606 -0.408774E-05  0.600E-02    9.29       1.0  T
   3    -50.7546634 -0.276827E-05  0.117E-02    9.30       1.7  T
   4    -50.7546640 -0.594366E-06  0.366E-03    9.29       5.4  T
   5    -50.7546640 -0.277489E-07  0.131E-03    9.29      15.0  T
   6    -50.7546640 -0.183975E-08  0.681E-04    9.29      28.8  T
   7    -50.7546640 -0.863849E-09  0.131E-04    9.29     150.0  T
speedup  0.97
cpu  time for SCC    0.01 s
wall time for SCC    0.01 s
speedup  1.01
cpu  time for grad    0.01 s
wall time for grad    0.01 s
 E :    -50.46378067  G :  0.009507    pred/act E change:  0.000D+00 -0.665D-04
Maxdispl :   0.1018   ||displ|| :   0.1783   Lambda : -0.318D-03
Largest |displ|/coords:  0.1018 (   5)  0.0724 (   3)  0.0666 (   1)
................................................................................
.............................. CYCLE   27 ......................................
................................................................................
   1    -50.7540343 -0.507540E+02  0.189E-01    9.30       0.0  T
   2    -50.7540377 -0.339157E-05  0.143E-01    9.30       1.0  T
   3    -50.7540417 -0.406716E-05  0.957E-03    9.31       2.0  T
   4    -50.7540419 -0.189518E-06  0.373E-03    9.31       5.3  T
   5    -50.7540419 -0.103569E-07  0.131E-03    9.31      14.9  T
   6    -50.7540419 -0.937057E-09  0.482E-04    9.31      40.7  T
speedup  1.07
cpu  time for SCC    0.01 s
wall time for SCC    0.01 s
speedup  1.03
cpu  time for grad    0.01 s
wall time for grad    0.01 s
 E :    -50.46395590  G :  0.005575    pred/act E change:  0.000D+00 -0.175D-03
Maxdispl :   0.1567   ||displ|| :   0.2726   Lambda : -0.374D-03
Largest |displ|/coords:  0.1567 (   3)  0.0964 (   5)  0.0899 (   1)
................................................................................
.............................. CYCLE   28 ......................................
................................................................................
   1    -50.7522984 -0.507523E+02  0.243E-01    9.28       0.0  T
   2    -50.7523034 -0.501970E-05  0.183E-01    9.28       1.0  T
   3    -50.7523088 -0.536791E-05  0.122E-02    9.27       1.6  T
   4    -50.7523092 -0.427320E-06  0.427E-03    9.28       4.6  T
   5    -50.7523092 -0.150790E-07  0.200E-03    9.28       9.8  T
   6    -50.7523093 -0.549249E-08  0.869E-04    9.28      22.6  T
speedup  1.13
cpu  time for SCC    0.01 s
wall time for SCC    0.01 s
speedup  1.04
cpu  time for grad    0.01 s
wall time for grad    0.01 s
 E :    -50.46410547  G :  0.009150    pred/act E change: -0.164D-03 -0.150D-03
Maxdispl :   0.0773   ||displ|| :   0.1500   Lambda : -0.261D-03
Largest |displ|/coords:  0.0773 (   3)  0.0492 (  11)  0.0459 (   6)
................................................................................
.............................. CYCLE   29 ......................................
................................................................................
   1    -50.7527598 -0.507528E+02  0.132E-01    9.26       0.0  T
   2    -50.7527627 -0.287749E-05  0.100E-01    9.26       1.0  T
   3    -50.7527656 -0.288004E-05  0.930E-03    9.27       2.1  T
   4    -50.7527658 -0.283691E-06  0.305E-03    9.27       6.4  T
   5    -50.7527658 -0.119662E-07  0.106E-03    9.27      18.5  T
   6    -50.7527658 -0.366306E-09  0.513E-04    9.27      38.2  T
speedup  1.09
cpu  time for SCC    0.01 s
wall time for SCC    0.01 s
speedup  1.04
cpu  time for grad    0.01 s
wall time for grad    0.01 s
 E :    -50.46421700  G :  0.010448    pred/act E change: -0.201D-03 -0.112D-03
Maxdispl :   0.0588   ||displ|| :   0.1233   Lambda : -0.213D-03
Largest |displ|/coords:  0.0588 (   5)  0.0555 (  10)  0.0512 (   2)
................................................................................
.............................. CYCLE   30 ......................................
................................................................................
   1    -50.7552432 -0.507552E+02  0.934E-02    9.29       0.0  T
   2    -50.7552447 -0.147463E-05  0.704E-02    9.29       1.0  T
   3    -50.7552462 -0.146278E-05  0.660E-03    9.28       3.0  T
   4    -50.7552463 -0.147640E-06  0.252E-03    9.28       7.8  T
   5    -50.7552463 -0.825875E-08  0.906E-04    9.28      21.6  T
speedup  1.11
cpu  time for SCC    0.00 s
wall time for SCC    0.00 s
speedup  1.04
cpu  time for grad    0.01 s
wall time for grad    0.01 s
 E :    -50.46432225  G :  0.005705    pred/act E change: -0.134D-03 -0.105D-03
Maxdispl :   0.1420   ||displ|| :   0.2444   Lambda : -0.166D-03
Largest |displ|/coords:  0.1420 (   5)  0.1303 (   3)  0.0914 (   2)
................................................................................
.............................. CYCLE   31 ......................................
................................................................................
   1    -50.7532517 -0.507533E+02  0.171E-01    9.26       0.0  T
   2    -50.7532553 -0.366966E-05  0.128E-01    9.27       1.0  T
   3    -50.7532588 -0.346397E-05  0.107E-02    9.27       1.8  T
   4    -50.7532592 -0.432334E-06  0.348E-03    9.27       5.6  T
   5    -50.7532592 -0.144924E-07  0.169E-03    9.27      11.6  T
   6    -50.7532593 -0.385132E-08  0.673E-04    9.27      29.1  T
speedup  0.94
cpu  time for SCC    0.00 s
wall time for SCC    0.01 s
speedup  0.97
cpu  time for grad    0.01 s
wall time for grad    0.01 s
 E :    -50.46440958  G :  0.009054    pred/act E change: -0.108D-03 -0.873D-04
Maxdispl :   0.1105   ||displ|| :   0.1921   Lambda : -0.184D-03
Largest |displ|/coords:  0.1105 (   5)  0.1088 (   3)  0.0551 (   2)
................................................................................
.............................. CYCLE   32 ......................................
................................................................................
   1    -50.7532555 -0.507533E+02  0.123E-01    9.24       0.0  T
   2    -50.7532590 -0.345558E-05  0.926E-02    9.24       1.0  T
   3    -50.7532620 -0.295057E-05  0.100E-02    9.25       2.0  T
   4    -50.7532624 -0.420510E-06  0.261E-03    9.25       7.5  T
   5    -50.7532624 -0.810551E-08  0.144E-03    9.25      13.7  T
speedup  0.89
cpu  time for SCC    0.00 s
wall time for SCC    0.00 s
speedup  0.96
cpu  time for grad    0.01 s
wall time for grad    0.01 s
 E :    -50.46442528  G :  0.009972    pred/act E change: -0.882D-04 -0.157D-04
Maxdispl :   0.0530   ||displ|| :   0.1022   Lambda : -0.197D-03
Largest |displ|/coords:  0.0530 (   1)  0.0399 (   3)  0.0353 (   2)
................................................................................
.............................. CYCLE   33 ......................................
................................................................................
   1    -50.7537142 -0.507537E+02  0.785E-02    9.25       0.0  T
   2    -50.7537165 -0.221987E-05  0.594E-02    9.25       1.0  T
   3    -50.7537183 -0.182251E-05  0.814E-03    9.24       2.4  T
   4    -50.7537186 -0.287428E-06  0.248E-03    9.24       7.9  T
   5    -50.7537186 -0.110412E-07  0.931E-04    9.24      21.1  T
speedup  0.91
cpu  time for SCC    0.00 s
wall time for SCC    0.00 s
speedup  0.97
cpu  time for grad    0.01 s
wall time for grad    0.01 s
 E :    -50.46453938  G :  0.003367    pred/act E change: -0.953D-04 -0.114D-03
Maxdispl :   0.1228   ||displ|| :   0.2103   Lambda : -0.968D-04
Largest |displ|/coords:  0.1228 (   3)  0.0972 (   5)  0.0954 (   2)
................................................................................
.............................. CYCLE   34 ......................................
................................................................................
   1    -50.7524677 -0.507525E+02  0.133E-01    9.24       0.0  T
   2    -50.7524707 -0.300682E-05  0.100E-01    9.24       1.0  T
   3    -50.7524738 -0.308214E-05  0.906E-03    9.23       2.2  T
   4    -50.7524741 -0.303962E-06  0.302E-03    9.24       6.5  T
   5    -50.7524741 -0.821332E-08  0.140E-03    9.24      14.0  T
   6    -50.7524741 -0.218098E-08  0.534E-04    9.24      36.7  T
   7    -50.7524741 -0.871097E-09  0.121E-04    9.24     161.7  T
speedup  0.97
cpu  time for SCC    0.01 s
wall time for SCC    0.01 s
speedup  0.95
cpu  time for grad    0.01 s
wall time for grad    0.01 s
 E :    -50.46456193  G :  0.009998    pred/act E change: -0.996D-04 -0.226D-04
Maxdispl :   0.0393   ||displ|| :   0.0866   Lambda : -0.113D-03
Largest |displ|/coords:  0.0393 (   2)  0.0344 (   5)  0.0272 (  12)
................................................................................
.............................. CYCLE   35 ......................................
................................................................................
   1    -50.7541502 -0.507542E+02  0.442E-02    9.25       0.0  T
   2    -50.7541512 -0.944580E-06  0.330E-02    9.25       1.0  T
   3    -50.7541517 -0.547649E-06  0.574E-03    9.25       3.4  T
   4    -50.7541518 -0.130348E-06  0.113E-03    9.25      17.4  T
   5    -50.7541518 -0.216036E-08  0.532E-04    9.25      36.9  T
speedup  0.89
cpu  time for SCC    0.00 s
wall time for SCC    0.00 s
speedup  0.96
cpu  time for grad    0.01 s
wall time for grad    0.01 s
 E :    -50.46463406  G :  0.003953    pred/act E change: -0.505D-04 -0.721D-04
Maxdispl :   0.1334   ||displ|| :   0.2527   Lambda : -0.910D-04
Largest |displ|/coords:  0.1334 (   3)  0.1282 (   5)  0.1146 (   2)
................................................................................
.............................. CYCLE   36 ......................................
................................................................................
   1    -50.7536074 -0.507536E+02  0.134E-01    9.23       0.0  T
   2    -50.7536091 -0.166858E-05  0.101E-01    9.23       1.0  T
   3    -50.7536112 -0.216103E-05  0.673E-03    9.23       2.9  T
   4    -50.7536113 -0.873489E-07  0.286E-03    9.23       6.9  T
   5    -50.7536113 -0.877849E-08  0.103E-03    9.23      19.1  T
   6    -50.7536113 -0.135334E-08  0.383E-04    9.23      51.2  T
   7    -50.7536113 -0.323517E-09  0.105E-04    9.23     187.4  T
speedup  0.97
cpu  time for SCC    0.01 s
wall time for SCC    0.01 s
speedup  1.01
cpu  time for grad    0.01 s
wall time for grad    0.01 s
 E :    -50.46469839  G :  0.003267    pred/act E change: -0.567D-04 -0.643D-04
Maxdispl :   0.1796   ||displ|| :   0.3407   Lambda : -0.110D-03
Largest |displ|/coords:  0.1796 (   3)  0.1668 (   2)  0.1532 (   5)
................................................................................
.............................. CYCLE   37 ......................................
................................................................................
   1    -50.7531364 -0.507531E+02  0.182E-01    9.23       0.0  T
   2    -50.7531406 -0.422188E-05  0.137E-01    9.23       1.0  T
   3    -50.7531455 -0.491672E-05  0.107E-02    9.23       1.8  T
   4    -50.7531458 -0.311921E-06  0.422E-03    9.22       4.6  T
   5    -50.7531458 -0.194581E-07  0.162E-03    9.22      12.1  T
   6    -50.7531458 -0.221388E-08  0.687E-04    9.22      28.5  T
   7    -50.7531459 -0.152062E-08  0.153E-04    9.23     128.3  T
speedup  0.97
cpu  time for SCC    0.01 s
wall time for SCC    0.01 s
speedup  1.01
cpu  time for grad    0.01 s
wall time for grad    0.01 s
 E :    -50.46473639  G :  0.006856    pred/act E change: -0.484D-04 -0.380D-04
Maxdispl :   0.0672   ||displ|| :   0.1332   Lambda : -0.687D-04
Largest |displ|/coords:  0.0672 (   1)  0.0570 (   5)  0.0564 (   2)
................................................................................
.............................. CYCLE   38 ......................................
................................................................................
   1    -50.7524610 -0.507525E+02  0.710E-02    9.22       0.0  T
   2    -50.7524620 -0.103474E-05  0.533E-02    9.22       1.0  T
   3    -50.7524629 -0.909512E-06  0.592E-03    9.22       3.3  T
   4    -50.7524630 -0.130295E-06  0.206E-03    9.22       9.5  T
   5    -50.7524630 -0.682589E-08  0.807E-04    9.22      24.3  T
speedup  1.14
cpu  time for SCC    0.00 s
wall time for SCC    0.00 s
speedup  1.05
cpu  time for grad    0.01 s
wall time for grad    0.01 s
 E :    -50.46476403  G :  0.006715    pred/act E change: -0.616D-04 -0.276D-04
Maxdispl :   0.0656   ||displ|| :   0.1189   Lambda : -0.810D-04
Largest |displ|/coords:  0.0656 (   5)  0.0617 (   3)  0.0478 (   2)
................................................................................
.............................. CYCLE   39 ......................................
................................................................................
   1    -50.7558134 -0.507558E+02  0.662E-02    9.25       0.0  T
   2    -50.7558150 -0.161927E-05  0.497E-02    9.25       1.0  T
   3    -50.7558163 -0.122394E-05  0.731E-03    9.24       2.7  T
   4    -50.7558165 -0.218893E-06  0.169E-03    9.25      11.6  T
   5    -50.7558165 -0.305616E-08  0.877E-04    9.25      22.4  T
speedup  1.11
cpu  time for SCC    0.00 s
wall time for SCC    0.00 s
speedup  1.04
cpu  time for grad    0.01 s
wall time for grad    0.01 s
 E :    -50.46477502  G :  0.005245    pred/act E change: -0.350D-04 -0.110D-04
Maxdispl :   0.0919   ||displ|| :   0.1607   Lambda : -0.622D-04
Largest |displ|/coords:  0.0919 (   3)  0.0727 (   5)  0.0673 (   2)
................................................................................
.............................. CYCLE   40 ......................................
................................................................................
   1    -50.7544197 -0.507544E+02  0.882E-02    9.23       0.0  T
   2    -50.7544208 -0.110306E-05  0.665E-02    9.23       1.0  T
   3    -50.7544219 -0.112957E-05  0.579E-03    9.23       3.4  T
   4    -50.7544221 -0.112090E-06  0.218E-03    9.23       9.0  T
   5    -50.7544221 -0.689559E-08  0.821E-04    9.23      23.9  T
speedup  0.85
cpu  time for SCC    0.00 s
wall time for SCC    0.00 s
speedup  0.94
cpu  time for grad    0.01 s
wall time for grad    0.01 s
 E :    -50.46481915  G :  0.001953    pred/act E change: -0.411D-04 -0.441D-04
Maxdispl :   0.1334   ||displ|| :   0.2605   Lambda : -0.476D-04
Largest |displ|/coords:  0.1334 (   3)  0.1122 (   2)  0.0999 (   1)
................................................................................
.............................. CYCLE   41 ......................................
................................................................................
   1    -50.7532675 -0.507533E+02  0.133E-01    9.22       0.0  T
   2    -50.7532698 -0.228677E-05  0.100E-01    9.22       1.0  T
   3    -50.7532723 -0.250918E-05  0.883E-03    9.22       2.2  T
   4    -50.7532725 -0.202737E-06  0.337E-03    9.22       5.8  T
   5    -50.7532725 -0.140247E-07  0.117E-03    9.22      16.8  T
   6    -50.7532725 -0.131780E-08  0.570E-04    9.22      34.4  T
   7    -50.7532725 -0.898346E-09  0.134E-04    9.22     146.3  T
speedup  1.13
cpu  time for SCC    0.01 s
wall time for SCC    0.01 s
speedup  1.01
cpu  time for grad    0.01 s
wall time for grad    0.01 s
 E :    -50.46484050  G :  0.005509    pred/act E change: -0.319D-04 -0.214D-04
Maxdispl :   0.0280   ||displ|| :   0.0525   Lambda : -0.298D-04
Largest |displ|/coords:  0.0280 (   1)  0.0195 (  10)  0.0164 (   8)
................................................................................
.............................. CYCLE   42 ......................................
................................................................................
   1    -50.7541635 -0.507542E+02  0.241E-02    9.23       0.0  T
   2    -50.7541637 -0.206666E-06  0.178E-02    9.23       1.1  T
   3    -50.7541638 -0.141652E-06  0.305E-03    9.23       6.4  T
   4    -50.7541638 -0.250586E-07  0.804E-04    9.23      24.4  T
   5    -50.7541639 -0.118834E-08  0.269E-04    9.23      73.0  T
speedup  1.11
cpu  time for SCC    0.00 s
wall time for SCC    0.00 s
speedup  0.96
cpu  time for grad    0.01 s
wall time for grad    0.01 s
 E :    -50.46486297  G :  0.003066    pred/act E change: -0.254D-04 -0.225D-04
Maxdispl :   0.1051   ||displ|| :   0.1954   Lambda : -0.484D-04
Largest |displ|/coords:  0.1051 (   1)  0.0596 (   3)  0.0553 (   8)
................................................................................
.............................. CYCLE   43 ......................................
................................................................................
   1    -50.7552601 -0.507553E+02  0.911E-02    9.25       0.0  T
   2    -50.7552613 -0.127838E-05  0.682E-02    9.24       1.0  T
   3    -50.7552627 -0.132089E-05  0.843E-03    9.24       2.3  T
   4    -50.7552628 -0.120967E-06  0.266E-03    9.24       7.4  T
   5    -50.7552628 -0.969044E-08  0.842E-04    9.24      23.3  T
   6    -50.7552628 -0.802771E-09  0.499E-04    9.24      39.3  T
speedup  1.13
cpu  time for SCC    0.01 s
wall time for SCC    0.01 s
speedup  1.01
cpu  time for grad    0.01 s
wall time for grad    0.01 s
 E :    -50.46489144  G :  0.002686    pred/act E change: -0.149D-04 -0.285D-04
Maxdispl :   0.0876   ||displ|| :   0.1861   Lambda : -0.249D-04
Largest |displ|/coords:  0.0876 (   1)  0.0702 (   3)  0.0635 (   2)
................................................................................
.............................. CYCLE   44 ......................................
................................................................................
   1    -50.7548084 -0.507548E+02  0.973E-02    9.24       0.0  T
   2    -50.7548096 -0.116451E-05  0.731E-02    9.24       1.0  T
   3    -50.7548109 -0.127781E-05  0.769E-03    9.23       2.6  T
   4    -50.7548110 -0.101307E-06  0.254E-03    9.23       7.7  T
   5    -50.7548110 -0.793197E-08  0.840E-04    9.23      23.4  T
   6    -50.7548110 -0.790934E-09  0.468E-04    9.23      41.9  T
speedup  0.94
cpu  time for SCC    0.01 s
wall time for SCC    0.01 s
speedup  1.01
cpu  time for grad    0.01 s
wall time for grad    0.01 s
 E :    -50.46490465  G :  0.002305    pred/act E change: -0.251D-04 -0.132D-04
Maxdispl :   0.0218   ||displ|| :   0.0481   Lambda : -0.171D-04
Largest |displ|/coords:  0.0218 (   8)  0.0168 (  10)  0.0150 (  12)
................................................................................
.............................. CYCLE   45 ......................................
................................................................................
   1    -50.7554243 -0.507554E+02  0.305E-02    9.24       0.0  T
   2    -50.7554245 -0.231315E-06  0.228E-02    9.24       1.0  T
   3    -50.7554247 -0.170534E-06  0.320E-03    9.24       6.1  T
   4    -50.7554247 -0.298909E-07  0.118E-03    9.24      16.6  T
   5    -50.7554247 -0.158699E-08  0.296E-04    9.24      66.2  T
   6    -50.7554247 -0.819043E-10  0.179E-04    9.24     109.7  T
speedup  0.94
cpu  time for SCC    0.00 s
wall time for SCC    0.01 s
speedup  1.01
cpu  time for grad    0.01 s
wall time for grad    0.01 s
 E :    -50.46491491  G :  0.001616    pred/act E change: -0.129D-04 -0.103D-04
Maxdispl :   0.0432   ||displ|| :   0.1031   Lambda : -0.193D-04
Largest |displ|/coords:  0.0432 (   3)  0.0405 (   1)  0.0297 (   2)
................................................................................
.............................. CYCLE   46 ......................................
................................................................................
   1    -50.7547584 -0.507548E+02  0.669E-02    9.24       0.0  T
   2    -50.7547591 -0.704031E-06  0.504E-02    9.24       1.0  T
   3    -50.7547599 -0.772007E-06  0.509E-03    9.24       3.9  T
   4    -50.7547599 -0.606218E-07  0.163E-03    9.24      12.0  T
   5    -50.7547599 -0.293488E-08  0.640E-04    9.24      30.6  T
   6    -50.7547599 -0.482636E-09  0.332E-04    9.24      59.1  T
speedup  0.94
cpu  time for SCC    0.00 s
wall time for SCC    0.01 s
speedup  0.99
cpu  time for grad    0.01 s
wall time for grad    0.01 s
 E :    -50.46492423  G :  0.002779    pred/act E change: -0.858D-05 -0.932D-05
Maxdispl :   0.0095   ||displ|| :   0.0252   Lambda : -0.138D-04
Largest |displ|/coords:  0.0095 (   7)  0.0092 (  15)  0.0089 (  38)
................................................................................
.............................. CYCLE   47 ......................................
................................................................................
   1    -50.7549905 -0.507550E+02  0.204E-02    9.24       0.0  T
   2    -50.7549906 -0.944635E-07  0.153E-02    9.24       1.3  T
   3    -50.7549907 -0.684402E-07  0.205E-03    9.24       9.6  T
   4    -50.7549907 -0.125255E-07  0.815E-04    9.24      24.1  T
   5    -50.7549907 -0.585544E-09  0.133E-04    9.24     147.4  T
speedup  0.89
cpu  time for SCC    0.00 s
wall time for SCC    0.00 s
speedup  0.99
cpu  time for grad    0.01 s
wall time for grad    0.01 s
 E :    -50.46493319  G :  0.001813    pred/act E change: -0.973D-05 -0.896D-05
Maxdispl :   0.0188   ||displ|| :   0.0485   Lambda : -0.148D-04
Largest |displ|/coords:  0.0188 (   3)  0.0181 (   2)  0.0142 (  38)
................................................................................
.............................. CYCLE   48 ......................................
................................................................................
   1    -50.7548226 -0.507548E+02  0.376E-02    9.24       0.0  T
   2    -50.7548228 -0.189052E-06  0.285E-02    9.24       1.0  T
   3    -50.7548231 -0.240726E-06  0.189E-03    9.24      10.4  T
   4    -50.7548231 -0.768053E-08  0.872E-04    9.24      22.5  T
   5    -50.7548231 -0.732022E-09  0.234E-04    9.24      83.6  T
speedup  0.91
cpu  time for SCC    0.00 s
wall time for SCC    0.00 s
speedup  0.99
cpu  time for grad    0.01 s
wall time for grad    0.01 s
 E :    -50.46494216  G :  0.001828    pred/act E change: -0.690D-05 -0.897D-05
Maxdispl :   0.0216   ||displ|| :   0.0482   Lambda : -0.119D-04
Largest |displ|/coords:  0.0216 (   6)  0.0175 (   2)  0.0138 (  38)
................................................................................
.............................. CYCLE   49 ......................................
................................................................................
   1    -50.7548355 -0.507548E+02  0.384E-02    9.25       0.0  T
   2    -50.7548358 -0.257618E-06  0.291E-02    9.25       1.0  T
   3    -50.7548361 -0.285708E-06  0.269E-03    9.25       7.3  T
   4    -50.7548361 -0.199842E-07  0.764E-04    9.25      25.7  T
   5    -50.7548361 -0.754270E-09  0.332E-04    9.25      59.1  T
speedup  0.91
cpu  time for SCC    0.00 s
wall time for SCC    0.00 s
speedup  1.00
cpu  time for grad    0.01 s
wall time for grad    0.01 s
 E :    -50.46494703  G :  0.002058    pred/act E change: -0.740D-05 -0.487D-05
Maxdispl :   0.0223   ||displ|| :   0.0491   Lambda : -0.837D-05
Largest |displ|/coords:  0.0223 (   2)  0.0167 (  12)  0.0163 (   1)
................................................................................
.............................. CYCLE   50 ......................................
................................................................................
   1    -50.7548126 -0.507548E+02  0.281E-02    9.25       0.0  T
   2    -50.7548127 -0.121514E-06  0.211E-02    9.25       1.0  T
   3    -50.7548129 -0.132750E-06  0.229E-03    9.25       8.6  T
   4    -50.7548129 -0.953608E-08  0.728E-04    9.25      26.9  T
   5    -50.7548129 -0.770989E-09  0.239E-04    9.25      82.1  T
speedup  0.91
cpu  time for SCC    0.00 s
wall time for SCC    0.00 s
speedup  0.99
cpu  time for grad    0.01 s
wall time for grad    0.01 s
 E :    -50.46495228  G :  0.001320    pred/act E change: -0.597D-05 -0.525D-05
Maxdispl :   0.0176   ||displ|| :   0.0395   Lambda : -0.654D-05
Largest |displ|/coords:  0.0176 (   4)  0.0166 (  12)  0.0158 (   6)
................................................................................
.............................. CYCLE   51 ......................................
................................................................................
   1    -50.7550024 -0.507550E+02  0.233E-02    9.25       0.0  T
   2    -50.7550024 -0.900570E-07  0.175E-02    9.25       1.1  T
   3    -50.7550025 -0.962012E-07  0.254E-03    9.25       7.7  T
   4    -50.7550025 -0.599234E-08  0.627E-04    9.25      31.3  T
   5    -50.7550025 -0.729635E-09  0.174E-04    9.25     112.7  T
speedup  0.89
cpu  time for SCC    0.00 s
wall time for SCC    0.00 s
speedup  0.98
cpu  time for grad    0.01 s
wall time for grad    0.01 s
 E :    -50.46495687  G :  0.001041    pred/act E change: -0.420D-05 -0.459D-05
Maxdispl :   0.0409   ||displ|| :   0.1094   Lambda : -0.772D-05
Largest |displ|/coords:  0.0409 (  12)  0.0406 (   1)  0.0382 (   2)
................................................................................
.............................. CYCLE   52 ......................................
................................................................................
   1    -50.7548897 -0.507549E+02  0.608E-02    9.24       0.0  T
   2    -50.7548902 -0.537504E-06  0.460E-02    9.24       1.0  T
   3    -50.7548909 -0.636214E-06  0.457E-03    9.24       4.3  T
   4    -50.7548909 -0.345821E-07  0.127E-03    9.24      15.4  T
   5    -50.7548909 -0.202483E-08  0.514E-04    9.24      38.2  T
   6    -50.7548909 -0.328576E-09  0.279E-04    9.24      70.2  T
speedup  0.93
cpu  time for SCC    0.00 s
wall time for SCC    0.01 s
speedup  1.00
cpu  time for grad    0.01 s
wall time for grad    0.01 s
 E :    -50.46496067  G :  0.001375    pred/act E change: -0.327D-05 -0.380D-05
Maxdispl :   0.0227   ||displ|| :   0.0445   Lambda : -0.591D-05
Largest |displ|/coords:  0.0227 (   4)  0.0189 (   6)  0.0138 (   5)

generating ANC from model Hessian ...
 Shifting diagonal of input Hessian by   4.681007402333049E-003
 Lowest  eigenvalues of input Hessian
   -0.000000   -0.000000   -0.000000    0.000000    0.000000    0.000000
    0.005000    0.005230    0.005329    0.005689    0.006278    0.006923
    0.007117    0.007568    0.008296    0.008454    0.008939    0.009877
 Highest eigenvalues
    1.403157    1.405430    1.466054    2.759020    3.360525    3.624280
 
cpu  time for ANC gen    0.02 s
wall time for ANC gen    0.02 s
................................................................................
.............................. CYCLE   53 ......................................
................................................................................
   1    -50.7555104 -0.507555E+02  0.217E-02    9.25       0.0  T
   2    -50.7555106 -0.137677E-06  0.159E-02    9.25       1.2  T
   3    -50.7555106 -0.751504E-07  0.340E-03    9.25       5.8  T
   4    -50.7555107 -0.171090E-07  0.868E-04    9.25      22.6  T
   5    -50.7555107 -0.105780E-08  0.223E-04    9.25      87.8  T
speedup  0.89
cpu  time for SCC    0.00 s
wall time for SCC    0.00 s
speedup  0.99
cpu  time for grad    0.01 s
wall time for grad    0.01 s
 E :    -50.46496269  G :  0.001296    pred/act E change:  0.000D+00 -0.202D-05
Maxdispl :   0.0083   ||displ|| :   0.0132   Lambda : -0.323D-05
Largest |displ|/coords:  0.0083 (   3)  0.0039 (  19)  0.0035 (   1)
................................................................................
.............................. CYCLE   54 ......................................
................................................................................
   1    -50.7552580 -0.507553E+02  0.830E-03    9.24       0.0  T
   2    -50.7552581 -0.151134E-07  0.625E-03    9.24       3.1  T
   3    -50.7552581 -0.141961E-07  0.750E-04    9.25      26.1  T
   4    -50.7552581 -0.165509E-08  0.273E-04    9.25      71.7  T
speedup  0.83
cpu  time for SCC    0.00 s
wall time for SCC    0.00 s
speedup  0.98
cpu  time for grad    0.01 s
wall time for grad    0.01 s
 E :    -50.46496479  G :  0.000569    pred/act E change:  0.000D+00 -0.210D-05
Maxdispl :   0.0121   ||displ|| :   0.0203   Lambda : -0.245D-05
Largest |displ|/coords:  0.0121 (   3)  0.0067 (   8)  0.0062 (   1)
................................................................................
.............................. CYCLE   55 ......................................
................................................................................
   1    -50.7549772 -0.507550E+02  0.167E-02    9.24       0.0  T
   2    -50.7549772 -0.438264E-07  0.126E-02    9.24       1.6  T
   3    -50.7549773 -0.390851E-07  0.144E-03    9.24      13.7  T
   4    -50.7549773 -0.508693E-08  0.538E-04    9.24      36.4  T
   5    -50.7549773 -0.161521E-09  0.104E-04    9.24     188.7  T
speedup  0.89
cpu  time for SCC    0.00 s
wall time for SCC    0.00 s
speedup  0.99
cpu  time for grad    0.01 s
wall time for grad    0.01 s
 E :    -50.46496551  G :  0.000634    pred/act E change: -0.162D-05 -0.719D-06
Maxdispl :   0.0109   ||displ|| :   0.0177   Lambda : -0.214D-05
Largest |displ|/coords:  0.0109 (   3)  0.0069 (  11)  0.0058 (   5)
................................................................................
.............................. CYCLE   56 ......................................
................................................................................
   1    -50.7548945 -0.507549E+02  0.122E-02    9.24       0.0  T
   2    -50.7548945 -0.177916E-07  0.921E-03    9.24       2.1  T
   3    -50.7548946 -0.184599E-07  0.830E-04    9.24      23.6  T
   4    -50.7548946 -0.148859E-08  0.291E-04    9.24      67.4  T
speedup  1.08
cpu  time for SCC    0.00 s
wall time for SCC    0.00 s
speedup  0.98
cpu  time for grad    0.01 s
wall time for grad    0.01 s
 E :    -50.46496648  G :  0.000710    pred/act E change: -0.123D-05 -0.974D-06
Maxdispl :   0.0073   ||displ|| :   0.0111   Lambda : -0.105D-05
Largest |displ|/coords:  0.0073 (   3)  0.0052 (   1)  0.0039 (   9)
................................................................................
.............................. CYCLE   57 ......................................
................................................................................
   1    -50.7549968 -0.507550E+02  0.637E-03    9.24       0.0  T
   2    -50.7549968 -0.785480E-08  0.482E-03    9.24       4.1  T
   3    -50.7549968 -0.707542E-08  0.478E-04    9.24      41.0  T
   4    -50.7549968 -0.926555E-09  0.185E-04    9.24     105.9  T
speedup  1.08
cpu  time for SCC    0.00 s
wall time for SCC    0.00 s
speedup  0.98
cpu  time for grad    0.01 s
wall time for grad    0.01 s
 E :    -50.46496723  G :  0.000309    pred/act E change: -0.107D-05 -0.743D-06
Maxdispl :   0.0174   ||displ|| :   0.0251   Lambda : -0.111D-05
Largest |displ|/coords:  0.0174 (   3)  0.0104 (   1)  0.0076 (   9)
................................................................................
.............................. CYCLE   58 ......................................
................................................................................
   1    -50.7550986 -0.507551E+02  0.129E-02    9.24       0.0  T
   2    -50.7550986 -0.238813E-07  0.977E-03    9.24       2.0  T
   3    -50.7550986 -0.205277E-07  0.860E-04    9.23      22.8  T
   4    -50.7550986 -0.298456E-08  0.372E-04    9.23      52.7  T
speedup  1.08
cpu  time for SCC    0.00 s
wall time for SCC    0.00 s
speedup  0.98
cpu  time for grad    0.01 s
wall time for grad    0.01 s
 E :    -50.46496801  G :  0.000257    pred/act E change: -0.525D-06 -0.783D-06
Maxdispl :   0.0213   ||displ|| :   0.0298   Lambda : -0.720D-06
Largest |displ|/coords:  0.0213 (   3)  0.0133 (   1)  0.0087 (   5)
................................................................................
.............................. CYCLE   59 ......................................
................................................................................
   1    -50.7551230 -0.507551E+02  0.143E-02    9.23       0.0  T
   2    -50.7551230 -0.222885E-07  0.108E-02    9.23       1.8  T
   3    -50.7551230 -0.212954E-07  0.817E-04    9.23      24.0  T
   4    -50.7551231 -0.245500E-08  0.382E-04    9.23      51.3  T
speedup  1.11
cpu  time for SCC    0.00 s
wall time for SCC    0.00 s
speedup  1.07
cpu  time for grad    0.01 s
wall time for grad    0.01 s
 E :    -50.46496852  G :  0.000334    pred/act E change: -0.558D-06 -0.515D-06
Maxdispl :   0.0188   ||displ|| :   0.0265   Lambda : -0.520D-06
Largest |displ|/coords:  0.0188 (   3)  0.0135 (   1)  0.0070 (   5)
................................................................................
.............................. CYCLE   60 ......................................
................................................................................
   1    -50.7551522 -0.507552E+02  0.128E-02    9.23       0.0  T
   2    -50.7551522 -0.162652E-07  0.968E-03    9.23       2.0  T
   3    -50.7551522 -0.165426E-07  0.697E-04    9.23      28.1  T
   4    -50.7551522 -0.169327E-08  0.302E-04    9.23      65.0  T
speedup  0.83
cpu  time for SCC    0.00 s
wall time for SCC    0.00 s
speedup  0.98
cpu  time for grad    0.01 s
wall time for grad    0.01 s
 E :    -50.46496891  G :  0.000275    pred/act E change: -0.360D-06 -0.387D-06
Maxdispl :   0.0157   ||displ|| :   0.0241   Lambda : -0.456D-06
Largest |displ|/coords:  0.0157 (   3)  0.0149 (   1)  0.0048 (   5)
................................................................................
.............................. CYCLE   61 ......................................
................................................................................
   1    -50.7551680 -0.507552E+02  0.118E-02    9.23       0.0  T
   2    -50.7551680 -0.148017E-07  0.888E-03    9.23       2.2  T
   3    -50.7551680 -0.153630E-07  0.801E-04    9.23      24.5  T
   4    -50.7551681 -0.147124E-08  0.293E-04    9.23      66.9  T
speedup  0.81
cpu  time for SCC    0.00 s
wall time for SCC    0.00 s
speedup  0.98
cpu  time for grad    0.01 s
wall time for grad    0.01 s
 E :    -50.46496925  G :  0.000200    pred/act E change: -0.260D-06 -0.337D-06
Maxdispl :   0.0146   ||displ|| :   0.0195   Lambda : -0.388D-06
Largest |displ|/coords:  0.0146 (   1)  0.0097 (   3)  0.0040 (  10)
................................................................................
.............................. CYCLE   62 ......................................
................................................................................
   1    -50.7551749 -0.507552E+02  0.929E-03    9.23       0.0  T
   2    -50.7551749 -0.103651E-07  0.697E-03    9.23       2.8  T
   3    -50.7551749 -0.114258E-07  0.775E-04    9.23      25.3  T
   4    -50.7551749 -0.838106E-09  0.241E-04    9.23      81.4  T
speedup  0.83
cpu  time for SCC    0.00 s
wall time for SCC    0.00 s
speedup  0.98
cpu  time for grad    0.01 s
wall time for grad    0.01 s
 E :    -50.46496954  G :  0.000220    pred/act E change: -0.228D-06 -0.289D-06
Maxdispl :   0.0166   ||displ|| :   0.0201   Lambda : -0.387D-06
Largest |displ|/coords:  0.0166 (   1)  0.0057 (   3)  0.0050 (  10)
................................................................................
.............................. CYCLE   63 ......................................
................................................................................
   1    -50.7551658 -0.507552E+02  0.900E-03    9.23       0.0  T
   2    -50.7551658 -0.116096E-07  0.673E-03    9.23       2.9  T
   3    -50.7551658 -0.122720E-07  0.867E-04    9.23      22.6  T
   4    -50.7551658 -0.100513E-08  0.239E-04    9.23      82.0  T
speedup  1.11
cpu  time for SCC    0.00 s
wall time for SCC    0.00 s
speedup  0.99
cpu  time for grad    0.01 s
wall time for grad    0.01 s
 E :    -50.46496982  G :  0.000265    pred/act E change: -0.194D-06 -0.281D-06
Maxdispl :   0.0177   ||displ|| :   0.0205   Lambda : -0.355D-06
Largest |displ|/coords:  0.0177 (   1)  0.0052 (  10)  0.0038 (  13)
................................................................................
.............................. CYCLE   64 ......................................
................................................................................
   1    -50.7551411 -0.507551E+02  0.859E-03    9.23       0.0  T
   2    -50.7551411 -0.915592E-08  0.644E-03    9.23       3.0  T
   3    -50.7551411 -0.110461E-07  0.707E-04    9.23      27.7  T
   4    -50.7551411 -0.600693E-09  0.203E-04    9.23      96.4  T
speedup  1.11
cpu  time for SCC    0.00 s
wall time for SCC    0.00 s
speedup  0.98
cpu  time for grad    0.01 s
wall time for grad    0.01 s
 E :    -50.46497008  G :  0.000271    pred/act E change: -0.193D-06 -0.258D-06
Maxdispl :   0.0189   ||displ|| :   0.0216   Lambda : -0.332D-06
Largest |displ|/coords:  0.0189 (   1)  0.0057 (  10)  0.0035 (   7)
................................................................................
.............................. CYCLE   65 ......................................
................................................................................
   1    -50.7551202 -0.507551E+02  0.894E-03    9.23       0.0  T
   2    -50.7551202 -0.945003E-08  0.675E-03    9.23       2.9  T
   3    -50.7551203 -0.111078E-07  0.575E-04    9.23      34.1  T
   4    -50.7551203 -0.698179E-09  0.207E-04    9.23      94.8  T
speedup  1.08
cpu  time for SCC    0.00 s
wall time for SCC    0.00 s
speedup  0.98
cpu  time for grad    0.01 s
wall time for grad    0.01 s
 E :    -50.46497032  G :  0.000266    pred/act E change: -0.178D-06 -0.242D-06
Maxdispl :   0.0152   ||displ|| :   0.0174   Lambda : -0.237D-06
Largest |displ|/coords:  0.0152 (   1)  0.0045 (  10)  0.0032 (   7)
................................................................................
.............................. CYCLE   66 ......................................
................................................................................
   1    -50.7551175 -0.507551E+02  0.732E-03    9.23       0.0  T
   2    -50.7551175 -0.617964E-08  0.554E-03    9.23       3.5  T
   3    -50.7551175 -0.726586E-08  0.365E-04    9.23      53.8  T
   4    -50.7551175 -0.436323E-09  0.170E-04    9.23     115.3  T
speedup  0.81
cpu  time for SCC    0.00 s
wall time for SCC    0.00 s
speedup  0.98
cpu  time for grad    0.01 s
wall time for grad    0.01 s
 E :    -50.46497050  G :  0.000241    pred/act E change: -0.166D-06 -0.177D-06
Maxdispl :   0.0125   ||displ|| :   0.0147   Lambda : -0.177D-06
Largest |displ|/coords:  0.0125 (   1)  0.0037 (  10)  0.0031 (   7)
................................................................................
.............................. CYCLE   67 ......................................
................................................................................
   1    -50.7551366 -0.507551E+02  0.632E-03    9.23       0.0  T
   2    -50.7551366 -0.515151E-08  0.477E-03    9.23       4.1  T
   3    -50.7551366 -0.556822E-08  0.423E-04    9.23      46.4  T
   4    -50.7551366 -0.445880E-09  0.153E-04    9.23     127.9  T
speedup  0.81
cpu  time for SCC    0.00 s
wall time for SCC    0.00 s
speedup  0.98
cpu  time for grad    0.01 s
wall time for grad    0.01 s
 E :    -50.46497063  G :  0.000181    pred/act E change: -0.119D-06 -0.129D-06
Maxdispl :   0.0075   ||displ|| :   0.0094   Lambda : -0.104D-06
Largest |displ|/coords:  0.0075 (   1)  0.0026 (   4)  0.0023 (  10)
................................................................................
.............................. CYCLE   68 ......................................
................................................................................
   1    -50.7551613 -0.507552E+02  0.418E-03    9.23       0.0  T
   2    -50.7551613 -0.262612E-08  0.313E-03    9.23       6.3  T
   3    -50.7551613 -0.257533E-08  0.417E-04    9.23      47.0  T
   4    -50.7551613 -0.264372E-09  0.108E-04    9.23     181.2  T
speedup  1.11
cpu  time for SCC    0.00 s
wall time for SCC    0.00 s
speedup  0.98
cpu  time for grad    0.01 s
wall time for grad    0.01 s
 E :    -50.46497070  G :  0.000102    pred/act E change: -0.885D-07 -0.742D-07
Maxdispl :   0.0013   ||displ|| :   0.0033   Lambda : -0.557D-07
Largest |displ|/coords:  0.0013 (   4)  0.0011 (  14)  0.0011 (   2)

   *** GEOMETRY OPTIMIZATION CONVERGED AFTER 68 ITERATIONS ***

------------------------------------------------------------------------
 total energy gain (kcal):     -0.0050
------------------------------------------------------------------------
================
 final structure:
================
$coord
        0.68506690785731       -1.90232121997230       -1.45580157962108      S 
        0.63793028436495        0.58619391536276       -2.62759849894896      O 
       -0.54294797587981       -1.77878837725632        1.04821119369626      O 
       -0.38387848802735       -3.84810603755990       -3.02761168295371      O 
        3.49870916542271       -2.64897125681582       -0.95813234778471      O 
        4.20715160346944       -1.53017522072302        0.35149397073755      H 
        1.76632427114196        3.55749171411193        1.35198555587456      O 
        3.12257873781073        2.86258048017014        2.34040413626764      H 
        1.52716149926380        2.38022888972223       -0.04214370250367      H 
        5.35748675833753       -0.16578196177137        2.98595854077900      O 
        7.06318507821383       -0.66168503603688        3.34477491297986      H 
        4.24656684256593       -1.19139572693339        4.08505750029768      H 
       -4.54262248307101       -1.57263497605170       -4.38313345216637      O 
       -3.08154298252859       -2.65681811863686       -3.95405601325546      H 
       -4.02746573160228       -0.64982597335317       -5.85697819618899      H 
        2.03082261147165       -3.27442443461363        5.03389052186777      O 
        2.30666714632053       -5.04403778520287        4.75617432213147      H 
        0.86186675807299       -2.73307801249281        3.69196142251734      H 
       -1.86064031966523        5.12808531382962       -1.98380020767824      O 
       -0.88465507027911        3.92175928909608       -2.96149144891204      H 
       -0.72943908852205        5.59411961698579       -0.62366273343673      H 
       -4.30797546939169        1.15116364431407       -0.18029559527296      N 
       -2.83332582976594        0.06889420296683        0.63579076244687      H 
       -3.54259949311630        2.92612578162636       -0.72456521376989      H 
       -4.76894287013052        0.15720429140331       -1.84958985687573      H 
       -5.80548190015293        1.32419696001284        1.00315763313675      H 
$end
 
 Bond Distances (Angstroems)
 ---------------------------
S1-O2=1.4558         S1-O3=1.4773         S1-O4=1.4395         S1-O5=1.5628         O2-S1=1.4558         O3-S1=1.4773         
O4-S1=1.4395         O5-S1=1.5628         O5-H6=0.9856         H6-O5=0.9856         O7-H8=0.9612         O7-H9=0.9739         
H8-O7=0.9612         H9-O7=0.9739         O10-H11=0.9590       O10-H12=0.9892       H11-O10=0.9590       H12-O10=0.9892       
O13-H14=0.9892       O13-H15=0.9597       H14-O13=0.9892       H15-O13=0.9597       O16-H17=0.9591       O16-H18=0.9844       
H17-O16=0.9591       H18-O16=0.9844       O19-H20=0.9705       O19-H21=0.9681       H20-O19=0.9705       H21-O19=0.9681       
N22-H23=1.0599       N22-H24=1.0626       N22-H25=1.0566       N22-H26=1.0142       H23-N22=1.0599       H24-N22=1.0626       
H25-N22=1.0566       H26-N22=1.0142       
 N  H  Rav=1.0483 sigma=0.0198  Rmin=1.0142  Rmax=1.0626     4
 O  H  Rav=0.9727 sigma=0.0119  Rmin=0.9590  Rmax=0.9892    11
 S  O  Rav=1.4838 sigma=0.0475  Rmin=1.4395  Rmax=1.5628     4
 
 selected bond angles (degree)
 --------------------
O3-S1-O2=109.54                O4-S1-O2=113.22                O4-S1-O3=112.15                O5-S1-O2=108.47                
O5-S1-O3=106.21                O5-S1-O4=106.91                H6-O5-S1=109.21                H9-O7-H8=105.34                
H12-O10-H11=107.03             
 
 selected dihedral angles (degree)
 ---------------------------------
H6-O5-S1-O2= 67.58            H6-O5-S1-O3=309.91            H6-O5-S1-O4=189.99            
 
 CMA Distance (Angstroems)
 ---------------------------
R(CMA):  1.7979

========================================================================
 FINAL SINGLEPOINT CALCULATION ON OPTIMIZED GEOMETRY
========================================================================

 Ncao       : 65
 Nao        : 64
 Nshell     : 38
 Nel        : 80
 T(el)      :   300.0
 intcut     :    25.0
 scfconv/Eh :  0.100E-05
   qconv/e  :  0.100E-03
 intneglect :  0.100E-07
 broydamp   :      0.250
 iter      E             dE          RMSdq      gap      omega  full diag
   1    -50.7551613 -0.507552E+02  0.377E-05    9.23       0.0  T
   2    -50.7551613 -0.112976E-11  0.247E-05    9.23     793.2  T
   3    -50.7551613 -0.810019E-12  0.562E-06    9.23    3489.3  T
speedup  1.07
cpu  time for SCC    0.00 s
wall time for SCC    0.00 s

   *** convergence criteria satisfied after 3 iterations ***

          eigenvalues
 #    :          28         29         30         31         32         33         34         35
 occ. :        2.000      2.000      2.000      2.000      2.000      2.000      2.000      2.000
 eps  :       -13.291    -13.124    -12.675    -12.460    -12.305    -12.246    -12.205    -12.147
 #    :          36         37         38         39         40         41         42         43
 occ. :        2.000      2.000      2.000      2.000      2.000      0.000      0.000      0.000
 eps  :       -12.113    -11.882    -11.825    -11.593    -11.446     -2.213     -0.636     -0.137
 #    :          44         45         46         47         48         49         50         51
 occ. :        0.000      0.000      0.000      0.000      0.000      0.000      0.000      0.000
 eps  :         0.617      1.118      1.176      2.301      2.616      3.422      5.001      5.394


   #   Z            q   n(s)   n(p)   n(d)      C6AA      α(0)
   1  16 S      1.687  1.584  1.779  0.949    89.067    15.884
   2   8 O     -0.769  1.771  4.998  0.000    30.654     7.423
   3   8 O     -0.772  1.776  4.996  0.000    30.745     7.434
   4   8 O     -0.715  1.767  4.948  0.000    29.115     7.234
   5   8 O     -0.621  1.758  4.863  0.000    25.658     6.838
   6   1 H      0.375  0.625  0.000  0.000     0.531     1.143
   7   8 O     -0.640  1.744  4.896  0.000    26.173     6.905
   8   1 H      0.298  0.702  0.000  0.000     0.726     1.339
   9   1 H      0.301  0.699  0.000  0.000     0.717     1.331
  10   8 O     -0.618  1.752  4.866  0.000    25.624     6.832
  11   1 H      0.293  0.707  0.000  0.000     0.743     1.354
  12   1 H      0.341  0.659  0.000  0.000     0.610     1.227
  13   8 O     -0.606  1.741  4.865  0.000    25.337     6.794
  14   1 H      0.331  0.669  0.000  0.000     0.635     1.252
  15   1 H      0.297  0.703  0.000  0.000     0.731     1.343
  16   8 O     -0.611  1.747  4.863  0.000    25.447     6.808
  17   1 H      0.286  0.714  0.000  0.000     0.763     1.372
  18   1 H      0.332  0.668  0.000  0.000     0.633     1.250
  19   8 O     -0.587  1.744  4.844  0.000    24.879     6.732
  20   1 H      0.326  0.674  0.000  0.000     0.649     1.265
  21   1 H      0.329  0.671  0.000  0.000     0.641     1.258
  22   7 N     -0.354  1.276  4.078  0.000    29.105     8.013
  23   1 H      0.288  0.712  0.000  0.000     0.751     1.357
  24   1 H      0.294  0.706  0.000  0.000     0.730     1.339
  25   1 H      0.285  0.715  0.000  0.000     0.759     1.365
  26   1 H      0.230  0.770  0.000  0.000     0.964     1.538

 Mol. C6AA /au·bohr⁶  :       5453.803417
 Mol. C8AA /au·bohr⁸  :     118015.529503
 Mol. α(0) /au        :        106.628079

 
 Wiberg/Mayer (AO) data. WBOs > 0.1 written file <wbo>
 largest (>0.05) Wiberg bond orders for each atom
           total WBO             WBO to atom ...
     1  S   4.848    O    4 1.365    O    2 1.293    O    3 1.202    O    5 0.949
     2  O   1.689    S    1 1.293    O    4 0.109    O    3 0.103    O    5 0.079
     3  O   1.721    S    1 1.202    H   23 0.105    O    4 0.103    O    2 0.103    O    5 0.074    H   18 0.062
     4  O   1.759    S    1 1.365    O    2 0.109    O    3 0.103    H   14 0.072    O    5 0.065
     5  O   1.963    S    1 0.949    H    6 0.756    O    2 0.079    O    3 0.074    O    4 0.065
     6  H   0.860    O    5 0.756    O   10 0.084
     7  O   1.803    H    8 0.890    H    9 0.853
     8  H   0.911    O    7 0.890
     9  H   0.909    O    7 0.853
    10  O   1.892    H   11 0.908    H   12 0.808    H    6 0.084
    11  H   0.914    O   10 0.908
    12  H   0.884    O   10 0.808    O   16 0.073
    13  O   1.912    H   15 0.908    H   14 0.813    H   25 0.102    N   22 0.051
    14  H   0.890    O   13 0.813    O    4 0.072
    15  H   0.912    O   13 0.908
    16  O   1.878    H   17 0.914    H   18 0.824    H   12 0.073
    17  H   0.918    O   16 0.914
    18  H   0.890    O   16 0.824    O    3 0.062
    19  O   1.944    H   21 0.874    H   20 0.870    H   24 0.116    N   22 0.058
    20  H   0.894    O   19 0.870
    21  H   0.892    O   19 0.874
    22  N   3.519    H   26 0.943    H   25 0.811    H   23 0.803    H   24 0.793    O   19 0.058    O   13 0.051
    23  H   0.917    N   22 0.803    O    3 0.105
    24  H   0.913    N   22 0.793    O   19 0.116
    25  H   0.919    N   22 0.811    O   13 0.102
    26  H   0.947    N   22 0.943
 MOs/occ written to file <molden.input>
 
molecular dipole:
                 x           y           z       tot (Debye)
 q only:       -0.991       0.788       0.850
   full:       -0.160       0.109       0.826       2.155
molecular quadrupole (traceless):
                xx          xy          yy          xz          yz          zz
 q only:       16.541      -7.287     -10.641       3.477      -7.384      -5.900
  q+dip:       16.854      -7.891     -11.730       2.553      -8.403      -5.124
   full:       17.197      -8.257     -12.009       3.029      -8.261      -5.188

SCC energy    :     -50.7551613
rep           :       0.2899361
ES            :       0.2663256
AES           :      -0.0740091
AXC           :      -0.0090267
disp          :      -0.0199925
XB            :       0.0000000
fix           :       0.0000000
total E       :     -50.4649707
atomizationE  :       4.9952749     3134.58
(atE without considering molecular charge,
 total energy contains solvation terms)
H-L gap (eV)  :          9.2332
optimized geometry written to: xtbopt.xyz


------------------------------------------------------------------------
 * finished run on 2019/09/16 at 11:25:39.043     
------------------------------------------------------------------------
 total:
 * wall-time:     0 d,  0 h,  0 min,  1.649 sec
 *  cpu-time:     0 d,  0 h,  0 min,  1.633 sec
 * ratio c/w:     0.990 speedup
 SCF:
 * wall-time:     0 d,  0 h,  0 min,  0.157 sec
 *  cpu-time:     0 d,  0 h,  0 min,  0.153 sec
 * ratio c/w:     0.976 speedup
 ANC optimizer:
 * wall-time:     0 d,  0 h,  0 min,  1.469 sec
 *  cpu-time:     0 d,  0 h,  0 min,  1.458 sec
 * ratio c/w:     0.992 speedup

