      -----------------------------------------------------------      
     |                   =====================                   |     
     |                           x T B                           |     
     |                   =====================                   |     
     |                         S. Grimme                         |     
     |          Mulliken Center for Theoretical Chemistry        |     
     |                    University of Bonn                     |     
     |                 Version 6.0.1 (SAW181210)                 |     
      -----------------------------------------------------------      

   This program is distributed in the hope that it will be useful,
   but WITHOUT ANY WARRANTY; without even the implied warranty of
   MERCHANTABILITY or FITNESS FOR A PARTICULAR PURPOSE.
   
   FOR NON-COMMERCIAL, ACADEMIA USE ONLY.
   
   Cite this work as:
   S. Grimme, C. Bannwarth, P. Shushkov, J. Comput. Theory Chem., 2017,
   13, 1989-2009.
   C. Bannwarth, S. Ehlert and S. Grimme., ChemRxiv, 2018, preprint.
   http://doi.org/10.26434/chemrxiv.7246238.v1
   
   for sTDA-xTB:
   S. Grimme and C. Bannwarth, J. Chem. Phys., 2016, 145, 054103.
   
   in the mass-spec context:
   V. Asgeirsson, C. Bauer and S. Grimme, Chem. Sci., 2017, 8, 4879.
   
   if GBSA is used:
   P. Shushkov, F. März and S. Grimme, unpublished.
   
   for ANC optimizer:
   S. Grimme, unpublished.
   Rational Function algorithm used in ANCopt:
   F. Eckert, P. Pulay, H.-J. Werner, J. Comput. Chem., 1997, 18, 1473.
   
   with help from (in alphabetical order)
   C. Bannwarth, F. Bohle, G. Brandenburg, E. Caldeweyher, M. Checinski,
   S. Dohm, S. Ehlert, S. Ehrlich, F. März, H. Neugebauer, J. Pisarek,
   P. Pracht, P. Shushkov, and S. Spicher.
   
 * started run on 2019/09/16 at 11:27:16.890     
========================================================================
 # omp threads = 1
========================================================================
number of atoms            : 26
number of electrons        : 80
charge                     : 0
spin                       : .0
first test random number   : .6048

########################################################################
# WARNING! Please study the warnings concerning your input carefully
#  - XTBPATH is not set, using XTBHOME instead
#  - the use of '-opt' is discouraged, please use '--opt' next time
#  - the use of '-chrg' is discouraged, please use '--chrg' next time
#  - the use of '-uhf' is discouraged, please use '--uhf' next time
########################################################################

           ------------------------------------------------- 
          |                 G F N 2 - x T B                 |
          | Geometry, Frequencies, Noncovalent interactions |
          |            JCTC 2018 parametrisation            |
           ------------------------------------------------- 
      method parameters     
 k(s)        :  1.8500
 k(p)        :  2.2300
 k(d)        :  2.2300
 k(f)        :  2.0000
 kEN (H0ij)  : -2.0000
 D4 a1       :  0.5200
 D4 a2       :  5.0000
 D4 s6       :  1.0000
 D4 s8       :  2.7000
 D4 s9       :  5.0000
 alphaj      :  2.0000


            Z     q(EN)     CN     RAES       Cart. coordinates
     1  S   6.0    0.65    4.30    4.24     2.67658    -3.32214     0.17209
     2  O   6.0   -0.31    1.19    1.80     4.31317    -1.13868     0.86649
     3  O   6.0   -0.34    1.26    1.80     0.73147    -2.48442    -1.68342
     4  O   6.0   -0.26    1.11    1.80     4.25585    -5.35130    -0.97532
     5  O   6.0   -0.26    2.11    1.84     1.42322    -4.30057     2.44899
     6  H   1.0    0.17    1.34    1.51     0.40544    -2.99377     3.18891
     7  O   6.0   -0.40    1.69    1.81     0.22998     4.28218    -0.52854
     8  H   1.0    0.17    0.95    1.42    -0.11739     6.09620    -0.79768
     9  O   6.0   -0.39    1.65    1.81    -1.09007    -0.58139     4.06416
    10  H   1.0    0.18    0.95    1.42    -1.88077    -1.19912     5.63800
    11  O   6.0   -0.23    2.94    2.64     2.11443     2.53324     3.27149
    12  H   1.0    0.16    1.17    1.46     0.78945     1.44840     4.01806
    13  H   1.0    0.15    1.02    1.43     3.60722     1.54663     2.73466
    14  H   1.0    0.16    1.15    1.45     1.44819     3.60016     1.88971
    15  O   6.0   -0.23    2.94    2.63    -3.22606     1.45614     0.59993
    16  H   1.0    0.16    1.17    1.46    -2.00903     2.74317     0.00645
    17  H   1.0    0.13    1.07    1.44    -3.73934     0.29352    -0.76932
    18  H   1.0    0.16    1.19    1.46    -2.59500     0.53547     2.09848
    19  O   6.0   -0.22    2.91    2.56     2.46989     1.71765    -3.55566
    20  H   1.0    0.15    1.07    1.44     1.71321     0.01743    -3.39279
    21  H   1.0    0.16    1.19    1.46     1.58222     2.98277    -2.50613
    22  H   1.0    0.13    0.96    1.43     4.30845     1.69959    -3.22268
    23  N   5.0   -0.22    3.05    1.93    -4.45098    -1.92747    -3.09242
    24  H   1.0    0.13    1.02    1.43    -2.64813    -2.57836    -2.89965
    25  H   1.0    0.11    0.99    1.43    -4.71852    -1.68051    -4.98411
    26  H   1.0    0.11    0.99    1.43    -5.59346    -3.39480    -2.58968

  Z AO/shell   Hii/eV     exponent
  1     Wed Apr 25 08:07:45 CEST 2018   EN: 2.200 GM2: 0.406  GM3: 0.0800  RAES: 1.40
     1s    -10.707211    1.230000
  7     Wed Apr 25 08:07:45 CEST 2018   EN: 3.040 GM2: 0.461  GM3:-0.0640  RAES: 1.90
     2s    -16.686243    2.339881
     2p    -12.523956    2.014332
  8     Wed Apr 25 08:07:45 CEST 2018   EN: 3.440 GM2: 0.452  GM3:-0.0517  RAES: 1.80
     2s    -20.229985    2.439742
     2p    -15.503117    2.137023
 16     Tue Apr 24 11:44:34 CEST 2018   EN: 2.580 GM2: 0.340  GM3:-0.0502  RAES: 3.10
     3s    -20.029654    1.981333
     3p    -11.377694    2.025643
     3d     -0.420282    1.702555
 no old-style atom pair restraining (fixing) potential

molecular fragmentation (1/2 indicates fragments):
11111122222222222222222222
# atoms in fragment 1/2:     6    20
 fragment masses (1/2) :       97.07      108.11
CMA distance (Bohr)    :   5.610
constraining FC (au)   :  0.0500
           ------------------------------------------------- 
          |        Self-Consistent Charge Iterations        |
           ------------------------------------------------- 

 Ncao       : 65
 Nao        : 64
 Nshell     : 38
 Nel        : 80
 T(el)      :   300.0
 intcut     :    25.0
 scfconv/Eh :  0.100E-05
   qconv/e  :  0.100E-03
 intneglect :  0.100E-07
 broydamp   :      0.250
 iter      E             dE          RMSdq      gap      omega  full diag
   1    -50.5368786 -0.505369E+02  0.702E+00   10.28       0.0  T
   2    -50.5822289 -0.453503E-01  0.505E+00    9.86       1.0  T
   3    -50.6169915 -0.347626E-01  0.127E+00    7.86       1.0  T
   4    -50.6224065 -0.541496E-02  0.534E-01    8.02       1.0  T
   5    -50.6229249 -0.518447E-03  0.321E-01    7.86       1.0  T
   6    -50.6234007 -0.475775E-03  0.142E-01    7.88       1.0  T
   7    -50.6235155 -0.114739E-03  0.542E-02    7.95       1.0  T
   8    -50.6235297 -0.142624E-04  0.319E-02    7.95       1.0  T
   9    -50.6235351 -0.541748E-05  0.160E-02    7.95       1.2  T
  10    -50.6235368 -0.167176E-05  0.262E-03    7.94       7.5  T
  11    -50.6235368 -0.317010E-07  0.111E-03    7.94      17.6  T
  12    -50.6235368 -0.369615E-08  0.501E-04    7.94      39.1  T
  13    -50.6235368 -0.106185E-08  0.180E-04    7.94     109.0  T
speedup  1.01
cpu  time for SCC    0.01 s
wall time for SCC    0.01 s

   *** convergence criteria satisfied after 13 iterations ***

          eigenvalues
 #    :          28         29         30         31         32         33         34         35
 occ. :        2.000      2.000      2.000      2.000      2.000      2.000      2.000      2.000
 eps  :       -12.269    -12.021    -11.757    -11.644    -11.448    -11.339    -10.980    -10.802
 #    :          36         37         38         39         40         41         42         43
 occ. :        2.000      2.000      2.000      2.000      2.000      0.000      0.000      0.000
 eps  :       -10.659    -10.618    -10.405     -9.889     -9.724     -1.782     -0.409     -0.008
 #    :          44         45         46         47         48         49         50         51
 occ. :        0.000      0.000      0.000      0.000      0.000      0.000      0.000      0.000
 eps  :         0.805      1.252      1.920      2.429      2.578      3.174      4.630      4.975


   #   Z            q   n(s)   n(p)   n(d)      C6AA      α(0)
   1  16 S      1.568  1.593  1.856  0.983    91.823    16.128
   2   8 O     -0.789  1.768  5.021  0.000    31.255     7.496
   3   8 O     -0.790  1.767  5.022  0.000    31.271     7.497
   4   8 O     -0.727  1.785  4.941  0.000    29.441     7.275
   5   8 O     -0.587  1.731  4.856  0.000    24.849     6.729
   6   1 H      0.380  0.620  0.000  0.000     0.515     1.123
   7   8 O     -0.836  1.822  5.014  0.000    32.646     7.663
   8   1 H      0.220  0.780  0.000  0.000     1.022     1.588
   9   8 O     -0.856  1.829  5.027  0.000    33.287     7.737
  10   1 H      0.211  0.789  0.000  0.000     1.065     1.622
  11   8 O     -0.471  1.661  4.810  0.000    22.227     6.367
  12   1 H      0.399  0.601  0.000  0.000     0.482     1.088
  13   1 H      0.387  0.613  0.000  0.000     0.510     1.122
  14   1 H      0.393  0.607  0.000  0.000     0.494     1.102
  15   8 O     -0.485  1.666  4.819  0.000    22.513     6.408
  16   1 H      0.391  0.609  0.000  0.000     0.498     1.106
  17   1 H      0.370  0.630  0.000  0.000     0.543     1.158
  18   1 H      0.397  0.603  0.000  0.000     0.484     1.089
  19   8 O     -0.423  1.648  4.775  0.000    21.237     6.224
  20   1 H      0.409  0.591  0.000  0.000     0.468     1.075
  21   1 H      0.412  0.588  0.000  0.000     0.459     1.061
  22   1 H      0.380  0.620  0.000  0.000     0.524     1.137
  23   7 N     -0.459  1.382  4.077  0.000    32.094     8.414
  24   1 H      0.204  0.796  0.000  0.000     1.087     1.633
  25   1 H      0.149  0.851  0.000  0.000     1.406     1.857
  26   1 H      0.153  0.847  0.000  0.000     1.384     1.843

 Mol. C6AA /au·bohr⁶  :       5557.124115
 Mol. C8AA /au·bohr⁸  :     120510.264675
 Mol. α(0) /au        :        107.542135

 
 Wiberg/Mayer (AO) data. WBOs > 0.1 written file <wbo>
 largest (>0.05) Wiberg bond orders for each atom
           total WBO             WBO to atom ...
     1  S   4.942    O    4 1.390    O    2 1.260    O    3 1.213    O    5 1.047
     2  O   1.644    S    1 1.260    O    4 0.109    O    3 0.104    O    5 0.079    H   13 0.060
     3  O   1.671    S    1 1.213    O    4 0.108    O    2 0.104    H   20 0.096    O    5 0.072
     4  O   1.692    S    1 1.390    O    2 0.109    O    3 0.108    O    5 0.065
     5  O   2.023    S    1 1.047    H    6 0.712    O    2 0.079    O    3 0.072    O    4 0.065
     6  H   0.856    O    5 0.712    O    9 0.124
     7  O   1.659    H    8 0.943    H   21 0.196    H   16 0.167    H   14 0.161    O   19 0.061    O   15 0.057    O   11 0.055
     8  H   0.952    O    7 0.943
     9  O   1.608    H   10 0.944    H   18 0.187    H   12 0.174    H    6 0.124    O   15 0.060    O   11 0.057
    10  H   0.956    O    9 0.944
    11  O   2.272    H   13 0.780    H   14 0.680    H   12 0.661    O    9 0.057    O    7 0.055
    12  H   0.841    O   11 0.661    O    9 0.174
    13  H   0.850    O   11 0.780    O    2 0.060
    14  H   0.845    O   11 0.680    O    7 0.161
    15  O   2.258    H   17 0.765    H   16 0.676    H   18 0.650    O    9 0.060    O    7 0.057
    16  H   0.847    O   15 0.676    O    7 0.167
    17  H   0.863    O   15 0.765    N   23 0.089
    18  H   0.842    O   15 0.650    O    9 0.187
    19  O   2.310    H   22 0.846    H   20 0.728    H   21 0.630    O    7 0.061
    20  H   0.833    O   19 0.728    O    3 0.096
    21  H   0.831    O   19 0.630    O    7 0.196
    22  H   0.856    O   19 0.846
    23  N   3.020    H   26 0.973    H   25 0.973    H   24 0.926    H   17 0.089
    24  H   0.958    N   23 0.926
    25  H   0.978    N   23 0.973
    26  H   0.977    N   23 0.973
 MOs/occ written to file <molden.input>
 
molecular dipole:
                 x           y           z       tot (Debye)
 q only:       -1.700       3.762      -0.953
   full:       -1.842       3.189      -0.713       9.534
molecular quadrupole (traceless):
                xx          xy          yy          xz          yz          zz
 q only:        1.043      23.667     -13.677       0.015      -2.673      12.633
  q+dip:       -2.568      26.762     -10.686       1.393      -3.887      13.254
   full:       -2.594      26.789     -10.811       1.024      -4.343      13.405

SCC energy    :     -50.6235368
rep           :       0.2760006
ES            :       0.3289162
AES           :      -0.0743797
AXC           :      -0.0073158
disp          :      -0.0198148
XB            :       0.0000000
fix           :       0.0000000
total E       :     -50.3471465
atomizationE  :       4.8774506     3060.65
(atE without considering molecular charge,
 total energy contains solvation terms)
H-L gap (eV)  :          7.9422
           ------------------------------------------------- 
          |                 ===============                 |
          |                   A N C O P T                   |
          |                 ===============                 |
          |          Approximate Normal Coordinate          |
          |           Rational Function Optimizer           |
           ------------------------------------------------- 
dumping coords to <xtbopt.coord> and <xtbopt.log>
 optlevel               2
 Maxcycle             520
 Maxmicro              25
 Econv         1.000000000000000E-007
 Gconv         2.000000000000000E-004
 Maxdispl       1.00000000000000     
 Hlow          5.000000000000000E-003
 S6             20.0000000000000     
 Nvar               72

generating ANC from model Hessian ...
 Shifting diagonal of input Hessian by   4.768449201523970E-003
 Lowest  eigenvalues of input Hessian
   -0.000000   -0.000000    0.000000    0.000000    0.000000    0.000000
    0.005000    0.005709    0.006202    0.006386    0.006558    0.007309
    0.007853    0.008564    0.009707    0.010561    0.011135    0.011409
 Highest eigenvalues
    1.580447    1.589424    1.598709    3.138278    3.210098    3.314148
 
cpu  time for ANC gen    0.03 s
wall time for ANC gen    0.03 s
................................................................................
.............................. CYCLE    1 ......................................
................................................................................
   1    -50.6235368 -0.506235E+02  0.685E-05    7.94       0.0  T
   2    -50.6235368 -0.111342E-10  0.524E-05    7.94     374.3  T
   3    -50.6235368 -0.845546E-11  0.301E-05    7.94     652.5  T
speedup  1.03
cpu  time for SCC    0.00 s
wall time for SCC    0.00 s
speedup  1.03
cpu  time for grad    0.01 s
wall time for grad    0.01 s
 E :    -50.34714640  G :  0.227191    pred/act E change:  0.000D+00  0.568D-07
Maxdispl :   0.1433   ||displ|| :   0.3529   Lambda : -0.475D-01
Largest |displ|/coords:  0.1433 (  27)  0.1194 (  19)  0.1132 (  55)
................................................................................
.............................. CYCLE    2 ......................................
................................................................................
   1    -50.6390166 -0.506390E+02  0.361E-01    7.94       0.0  T
   2    -50.6393683 -0.351773E-03  0.265E-01    8.06       1.0  T
   3    -50.6395241 -0.155726E-03  0.111E-01    8.22       1.0  T
   4    -50.6395368 -0.127803E-04  0.292E-02    8.23       1.0  T
   5    -50.6395393 -0.248560E-05  0.846E-03    8.22       2.3  T
   6    -50.6395394 -0.120432E-06  0.403E-03    8.22       4.9  T
   7    -50.6395395 -0.517347E-07  0.153E-03    8.22      12.9  T
speedup  1.09
cpu  time for SCC    0.01 s
wall time for SCC    0.01 s
speedup  1.02
cpu  time for grad    0.01 s
wall time for grad    0.01 s
 E :    -50.38536613  G :  0.137479    pred/act E change:  0.000D+00 -0.382D-01
Maxdispl :   0.2090   ||displ|| :   0.4131   Lambda : -0.258D-01
Largest |displ|/coords:  0.2090 (  27)  0.1541 (  19)  0.1297 (  25)
................................................................................
.............................. CYCLE    3 ......................................
................................................................................
   1    -50.6468097 -0.506468E+02  0.349E-01    8.29       0.0  T
   2    -50.6472812 -0.471511E-03  0.253E-01    8.40       1.0  T
   3    -50.6474871 -0.205946E-03  0.111E-01    8.56       1.0  T
   4    -50.6475003 -0.131190E-04  0.286E-02    8.57       1.0  T
   5    -50.6475025 -0.226058E-05  0.919E-03    8.57       2.1  T
   6    -50.6475027 -0.137358E-06  0.452E-03    8.56       4.3  T
   7    -50.6475027 -0.598333E-07  0.178E-03    8.56      11.0  T
speedup  0.92
cpu  time for SCC    0.01 s
wall time for SCC    0.01 s
speedup  0.93
cpu  time for grad    0.01 s
wall time for grad    0.01 s
 E :    -50.40613411  G :  0.084086    pred/act E change: -0.267D-01 -0.208D-01
Maxdispl :   0.1682   ||displ|| :   0.3967   Lambda : -0.125D-01
Largest |displ|/coords:  0.1682 (  27)  0.1606 (  19)  0.1078 (  25)
................................................................................
.............................. CYCLE    4 ......................................
................................................................................
   1    -50.6485277 -0.506485E+02  0.304E-01    8.66       0.0  T
   2    -50.6489943 -0.466621E-03  0.216E-01    8.74       1.0  T
   3    -50.6491963 -0.201962E-03  0.983E-02    8.84       1.0  T
   4    -50.6492071 -0.108324E-04  0.240E-02    8.86       1.0  T
   5    -50.6492084 -0.130724E-05  0.850E-03    8.86       2.3  T
   6    -50.6492085 -0.110010E-06  0.418E-03    8.86       4.7  T
   7    -50.6492086 -0.471477E-07  0.158E-03    8.85      12.5  T
speedup  0.97
cpu  time for SCC    0.01 s
wall time for SCC    0.01 s
speedup  1.02
cpu  time for grad    0.01 s
wall time for grad    0.01 s
 E :    -50.41534510  G :  0.050307    pred/act E change: -0.151D-01 -0.921D-02
Maxdispl :   0.1414   ||displ|| :   0.3212   Lambda : -0.436D-02
Largest |displ|/coords:  0.1414 (   7)  0.1071 (   4)  0.1028 (   3)
................................................................................
.............................. CYCLE    5 ......................................
................................................................................
   1    -50.6484942 -0.506485E+02  0.206E-01    8.86       0.0  T
   2    -50.6486283 -0.134154E-03  0.148E-01    8.90       1.0  T
   3    -50.6486830 -0.546391E-04  0.556E-02    8.96       1.0  T
   4    -50.6486890 -0.598879E-05  0.139E-02    8.96       1.4  T
   5    -50.6486894 -0.466023E-06  0.427E-03    8.95       4.6  T
   6    -50.6486895 -0.283560E-07  0.207E-03    8.95       9.5  T
speedup  0.89
cpu  time for SCC    0.00 s
wall time for SCC    0.01 s
speedup  1.01
cpu  time for grad    0.01 s
wall time for grad    0.01 s
 E :    -50.41868909  G :  0.032917    pred/act E change: -0.726D-02 -0.334D-02
Maxdispl :   0.2051   ||displ|| :   0.4301   Lambda : -0.395D-02
Largest |displ|/coords:  0.2051 (   4)  0.1773 (   3)  0.1270 (   7)
................................................................................
.............................. CYCLE    6 ......................................
................................................................................
   1    -50.6486319 -0.506486E+02  0.260E-01    8.94       0.0  T
   2    -50.6488620 -0.230122E-03  0.186E-01    8.97       1.0  T
   3    -50.6489568 -0.948196E-04  0.720E-02    9.03       1.0  T
   4    -50.6489662 -0.933858E-05  0.179E-02    9.02       1.1  T
   5    -50.6489668 -0.676568E-06  0.540E-03    9.02       3.6  T
   6    -50.6489669 -0.399357E-07  0.254E-03    9.02       7.7  T
speedup  1.13
cpu  time for SCC    0.01 s
wall time for SCC    0.01 s
speedup  1.03
cpu  time for grad    0.01 s
wall time for grad    0.01 s
 E :    -50.42132635  G :  0.026475    pred/act E change: -0.240D-02 -0.264D-02
Maxdispl :   0.1752   ||displ|| :   0.3887   Lambda : -0.236D-02
Largest |displ|/coords:  0.1752 (   3)  0.1583 (   8)  0.1374 (   7)
................................................................................
.............................. CYCLE    7 ......................................
................................................................................
   1    -50.6501227 -0.506501E+02  0.217E-01    8.95       0.0  T
   2    -50.6502233 -0.100626E-03  0.158E-01    8.96       1.0  T
   3    -50.6502723 -0.489697E-04  0.530E-02    8.98       1.0  T
   4    -50.6502798 -0.753079E-05  0.150E-02    8.97       1.3  T
   5    -50.6502803 -0.427562E-06  0.474E-03    8.97       4.1  T
   6    -50.6502803 -0.357807E-07  0.221E-03    8.97       8.9  T
speedup  0.93
cpu  time for SCC    0.00 s
wall time for SCC    0.01 s
speedup  0.95
cpu  time for grad    0.01 s
wall time for grad    0.01 s
 E :    -50.42262973  G :  0.032504    pred/act E change: -0.234D-02 -0.130D-02
Maxdispl :   0.2573   ||displ|| :   0.3831   Lambda : -0.229D-02
Largest |displ|/coords:  0.2573 (   4)  0.1173 (   3)  0.0908 (   9)
................................................................................
.............................. CYCLE    8 ......................................
................................................................................
   1    -50.6524217 -0.506524E+02  0.214E-01    8.91       0.0  T
   2    -50.6525077 -0.860055E-04  0.156E-01    8.92       1.0  T
   3    -50.6525474 -0.396623E-04  0.503E-02    8.92       1.0  T
   4    -50.6525553 -0.792452E-05  0.103E-02    8.92       1.9  T
   5    -50.6525555 -0.162128E-06  0.444E-03    8.92       4.4  T
   6    -50.6525555 -0.164433E-07  0.201E-03    8.92       9.7  T
speedup  0.94
cpu  time for SCC    0.00 s
wall time for SCC    0.01 s
speedup  1.01
cpu  time for grad    0.01 s
wall time for grad    0.01 s
 E :    -50.42419437  G :  0.035717    pred/act E change: -0.136D-02 -0.156D-02
Maxdispl :   0.1291   ||displ|| :   0.3607   Lambda : -0.316D-02
Largest |displ|/coords:  0.1291 (   4)  0.1103 (  20)  0.1008 (   3)
................................................................................
.............................. CYCLE    9 ......................................
................................................................................
   1    -50.6637570 -0.506638E+02  0.229E-01    8.90       0.0  T
   2    -50.6639122 -0.155208E-03  0.164E-01    8.89       1.0  T
   3    -50.6639945 -0.822587E-04  0.694E-02    8.88       1.0  T
   4    -50.6640050 -0.105397E-04  0.155E-02    8.89       1.3  T
   5    -50.6640055 -0.527107E-06  0.672E-03    8.88       2.9  T
   6    -50.6640055 -0.185475E-07  0.284E-03    8.88       6.9  T
   7    -50.6640056 -0.208790E-07  0.815E-04    8.88      24.1  T
speedup  0.95
cpu  time for SCC    0.01 s
wall time for SCC    0.01 s
speedup  1.03
cpu  time for grad    0.01 s
wall time for grad    0.01 s
 E :    -50.42655877  G :  0.037277    pred/act E change: -0.131D-02 -0.236D-02
Maxdispl :   0.1887   ||displ|| :   0.4843   Lambda : -0.488D-02
Largest |displ|/coords:  0.1887 (   4)  0.1469 (   2)  0.1340 (  23)
................................................................................
.............................. CYCLE   10 ......................................
................................................................................
   1    -50.6788291 -0.506788E+02  0.319E-01    8.84       0.0  T
   2    -50.6789997 -0.170553E-03  0.238E-01    8.82       1.0  T
   3    -50.6791211 -0.121380E-03  0.901E-02    8.79       1.0  T
   4    -50.6791396 -0.185465E-04  0.264E-02    8.79       1.0  T
   5    -50.6791408 -0.117158E-05  0.867E-03    8.79       2.3  T
   6    -50.6791409 -0.838931E-07  0.418E-03    8.79       4.7  T
   7    -50.6791409 -0.319117E-07  0.124E-03    8.79      15.9  T
speedup  1.11
cpu  time for SCC    0.01 s
wall time for SCC    0.01 s
speedup  1.03
cpu  time for grad    0.01 s
wall time for grad    0.01 s
 E :    -50.42979067  G :  0.053584    pred/act E change: -0.178D-02 -0.323D-02
Maxdispl :   0.1002   ||displ|| :   0.2038   Lambda : -0.299D-02
Largest |displ|/coords:  0.1002 (   9)  0.0652 (  30)  0.0553 (   3)
................................................................................
.............................. CYCLE   11 ......................................
................................................................................
   1    -50.6801833 -0.506802E+02  0.126E-01    8.80       0.0  T
   2    -50.6802086 -0.252941E-04  0.927E-02    8.81       1.0  T
   3    -50.6802204 -0.118100E-04  0.293E-02    8.81       1.0  T
   4    -50.6802227 -0.228665E-05  0.796E-03    8.81       2.5  T
   5    -50.6802228 -0.144453E-06  0.286E-03    8.81       6.9  T
   6    -50.6802228 -0.139540E-07  0.141E-03    8.81      13.9  T
speedup  0.93
cpu  time for SCC    0.00 s
wall time for SCC    0.01 s
speedup  0.96
cpu  time for grad    0.01 s
wall time for grad    0.01 s
 E :    -50.43200922  G :  0.043665    pred/act E change: -0.301D-02 -0.222D-02
Maxdispl :   0.1555   ||displ|| :   0.4761   Lambda : -0.663D-02
Largest |displ|/coords:  0.1555 (  30)  0.1445 (   8)  0.1189 (  67)
................................................................................
.............................. CYCLE   12 ......................................
................................................................................
   1    -50.6919344 -0.506919E+02  0.284E-01    8.84       0.0  T
   2    -50.6921073 -0.172884E-03  0.210E-01    8.84       1.0  T
   3    -50.6922163 -0.109008E-03  0.736E-02    8.84       1.0  T
   4    -50.6922339 -0.176818E-04  0.224E-02    8.83       1.0  T
   5    -50.6922347 -0.714901E-06  0.808E-03    8.83       2.4  T
   6    -50.6922348 -0.108092E-06  0.356E-03    8.83       5.5  T
   7    -50.6922348 -0.183412E-07  0.130E-03    8.83      15.1  T
speedup  0.95
cpu  time for SCC    0.01 s
wall time for SCC    0.01 s
speedup  0.97
cpu  time for grad    0.01 s
wall time for grad    0.01 s
 E :    -50.43558173  G :  0.026028    pred/act E change: -0.156D-02 -0.357D-02
Maxdispl :   0.1034   ||displ|| :   0.3047   Lambda : -0.190D-02
Largest |displ|/coords:  0.1034 (   4)  0.0850 (  23)  0.0842 (   9)
................................................................................
.............................. CYCLE   13 ......................................
................................................................................
   1    -50.6926080 -0.506926E+02  0.213E-01    8.81       0.0  T
   2    -50.6927108 -0.102823E-03  0.156E-01    8.82       1.0  T
   3    -50.6927632 -0.524047E-04  0.523E-02    8.82       1.0  T
   4    -50.6927733 -0.100554E-04  0.120E-02    8.82       1.6  T
   5    -50.6927735 -0.255163E-06  0.476E-03    8.82       4.1  T
   6    -50.6927736 -0.251426E-07  0.228E-03    8.82       8.6  T
speedup  0.93
cpu  time for SCC    0.00 s
wall time for SCC    0.01 s
speedup  0.96
cpu  time for grad    0.01 s
wall time for grad    0.01 s
 E :    -50.43590502  G :  0.030714    pred/act E change: -0.406D-02 -0.323D-03
Maxdispl :   0.1169   ||displ|| :   0.3393   Lambda : -0.282D-02
Largest |displ|/coords:  0.1169 (  22)  0.1126 (   2)  0.1107 (  10)
................................................................................
.............................. CYCLE   14 ......................................
................................................................................
   1    -50.6874489 -0.506874E+02  0.213E-01    8.82       0.0  T
   2    -50.6875202 -0.713484E-04  0.156E-01    8.82       1.0  T
   3    -50.6875621 -0.418850E-04  0.527E-02    8.82       1.0  T
   4    -50.6875691 -0.693467E-05  0.145E-02    8.82       1.4  T
   5    -50.6875695 -0.477768E-06  0.484E-03    8.82       4.0  T
   6    -50.6875696 -0.342130E-07  0.264E-03    8.82       7.4  T
speedup  0.94
cpu  time for SCC    0.00 s
wall time for SCC    0.01 s
speedup  1.02
cpu  time for grad    0.01 s
wall time for grad    0.01 s
 E :    -50.43672263  G :  0.030589    pred/act E change: -0.104D-02 -0.818D-03
Maxdispl :   0.0800   ||displ|| :   0.1962   Lambda : -0.173D-02
Largest |displ|/coords:  0.0800 (  14)  0.0759 (  17)  0.0661 (   8)
................................................................................
.............................. CYCLE   15 ......................................
................................................................................
   1    -50.6972028 -0.506972E+02  0.138E-01    8.84       0.0  T
   2    -50.6972225 -0.197535E-04  0.102E-01    8.83       1.0  T
   3    -50.6972346 -0.121191E-04  0.258E-02    8.82       1.0  T
   4    -50.6972367 -0.208170E-05  0.826E-03    8.82       2.4  T
   5    -50.6972369 -0.148880E-06  0.295E-03    8.82       6.7  T
   6    -50.6972369 -0.114198E-07  0.137E-03    8.82      14.3  T
speedup  1.09
cpu  time for SCC    0.01 s
wall time for SCC    0.01 s
speedup  1.02
cpu  time for grad    0.01 s
wall time for grad    0.01 s
 E :    -50.43737857  G :  0.025562    pred/act E change: -0.157D-02 -0.656D-03
Maxdispl :   0.0575   ||displ|| :   0.1567   Lambda : -0.109D-02
Largest |displ|/coords:  0.0575 (  19)  0.0502 (  17)  0.0458 (  15)
................................................................................
.............................. CYCLE   16 ......................................
................................................................................
   1    -50.6965358 -0.506965E+02  0.126E-01    8.82       0.0  T
   2    -50.6965639 -0.281127E-04  0.925E-02    8.81       1.0  T
   3    -50.6965796 -0.156989E-04  0.293E-02    8.79       1.0  T
   4    -50.6965825 -0.292219E-05  0.977E-03    8.79       2.0  T
   5    -50.6965827 -0.208854E-06  0.314E-03    8.79       6.2  T
   6    -50.6965827 -0.149854E-07  0.148E-03    8.79      13.2  T
speedup  0.93
cpu  time for SCC    0.00 s
wall time for SCC    0.01 s
speedup  0.97
cpu  time for grad    0.01 s
wall time for grad    0.01 s
 E :    -50.43788893  G :  0.022497    pred/act E change: -0.897D-03 -0.510D-03
Maxdispl :   0.1049   ||displ|| :   0.2241   Lambda : -0.119D-02
Largest |displ|/coords:  0.1049 (   1)  0.0792 (   4)  0.0779 (   2)
................................................................................
.............................. CYCLE   17 ......................................
................................................................................
   1    -50.6941418 -0.506941E+02  0.127E-01    8.78       0.0  T
   2    -50.6941684 -0.265651E-04  0.934E-02    8.78       1.0  T
   3    -50.6941823 -0.139512E-04  0.283E-02    8.76       1.0  T
   4    -50.6941849 -0.255286E-05  0.696E-03    8.77       2.8  T
   5    -50.6941850 -0.138603E-06  0.271E-03    8.76       7.2  T
   6    -50.6941850 -0.742234E-08  0.131E-03    8.76      14.9  T
speedup  0.93
cpu  time for SCC    0.00 s
wall time for SCC    0.01 s
speedup  0.96
cpu  time for grad    0.01 s
wall time for grad    0.01 s
 E :    -50.43862342  G :  0.023147    pred/act E change: -0.556D-03 -0.734D-03
Maxdispl :   0.1296   ||displ|| :   0.3611   Lambda : -0.172D-02
Largest |displ|/coords:  0.1296 (  11)  0.1178 (   1)  0.1135 (   4)
................................................................................
.............................. CYCLE   18 ......................................
................................................................................
   1    -50.6942728 -0.506943E+02  0.244E-01    8.74       0.0  T
   2    -50.6943659 -0.931694E-04  0.180E-01    8.73       1.0  T
   3    -50.6944172 -0.512992E-04  0.513E-02    8.70       1.0  T
   4    -50.6944280 -0.108166E-04  0.123E-02    8.71       1.6  T
   5    -50.6944284 -0.351477E-06  0.576E-03    8.71       3.4  T
   6    -50.6944284 -0.280933E-07  0.243E-03    8.71       8.1  T
speedup  0.93
cpu  time for SCC    0.01 s
wall time for SCC    0.01 s
speedup  0.97
cpu  time for grad    0.01 s
wall time for grad    0.01 s
 E :    -50.43983756  G :  0.032312    pred/act E change: -0.627D-03 -0.121D-02
Maxdispl :   0.1445   ||displ|| :   0.4355   Lambda : -0.265D-02
Largest |displ|/coords:  0.1445 (  22)  0.1236 (   8)  0.1226 (   4)
................................................................................
.............................. CYCLE   19 ......................................
................................................................................
   1    -50.7010569 -0.507011E+02  0.309E-01    8.69       0.0  T
   2    -50.7012117 -0.154815E-03  0.230E-01    8.67       1.0  T
   3    -50.7013043 -0.925933E-04  0.685E-02    8.63       1.0  T
   4    -50.7013226 -0.182701E-04  0.181E-02    8.64       1.1  T
   5    -50.7013234 -0.755638E-06  0.758E-03    8.64       2.6  T
   6    -50.7013234 -0.449059E-07  0.308E-03    8.64       6.4  T
   7    -50.7013234 -0.193856E-07  0.960E-04    8.64      20.4  T
speedup  0.95
cpu  time for SCC    0.01 s
wall time for SCC    0.01 s
speedup  0.97
cpu  time for grad    0.01 s
wall time for grad    0.01 s
 E :    -50.44143966  G :  0.038494    pred/act E change: -0.972D-03 -0.160D-02
Maxdispl :   0.0999   ||displ|| :   0.2428   Lambda : -0.246D-02
Largest |displ|/coords:  0.0999 (   6)  0.0867 (  29)  0.0831 (  18)
................................................................................
.............................. CYCLE   20 ......................................
................................................................................
   1    -50.7113774 -0.507114E+02  0.161E-01    8.71       0.0  T
   2    -50.7114081 -0.306620E-04  0.120E-01    8.71       1.0  T
   3    -50.7114262 -0.181474E-04  0.308E-02    8.70       1.0  T
   4    -50.7114303 -0.406441E-05  0.882E-03    8.70       2.2  T
   5    -50.7114304 -0.121710E-06  0.262E-03    8.70       7.5  T
   6    -50.7114304 -0.642399E-08  0.132E-03    8.70      14.9  T
speedup  0.94
cpu  time for SCC    0.00 s
wall time for SCC    0.01 s
speedup  0.98
cpu  time for grad    0.01 s
wall time for grad    0.01 s
 E :    -50.44309223  G :  0.029149    pred/act E change: -0.158D-02 -0.165D-02
Maxdispl :   0.1506   ||displ|| :   0.3421   Lambda : -0.321D-02
Largest |displ|/coords:  0.1506 (  18)  0.1296 (  29)  0.0926 (  23)
................................................................................
.............................. CYCLE   21 ......................................
................................................................................
   1    -50.7293401 -0.507293E+02  0.270E-01    8.87       0.0  T
   2    -50.7295824 -0.242351E-03  0.195E-01    8.87       1.0  T
   3    -50.7296821 -0.996985E-04  0.792E-02    8.87       1.0  T
   4    -50.7296957 -0.136329E-04  0.157E-02    8.86       1.2  T
   5    -50.7296964 -0.672586E-06  0.606E-03    8.86       3.2  T
   6    -50.7296965 -0.491593E-07  0.255E-03    8.86       7.7  T
   7    -50.7296965 -0.141523E-07  0.965E-04    8.86      20.3  T
speedup  0.94
cpu  time for SCC    0.01 s
wall time for SCC    0.01 s
speedup  0.97
cpu  time for grad    0.01 s
wall time for grad    0.01 s
 E :    -50.44463046  G :  0.037759    pred/act E change: -0.130D-02 -0.154D-02
Maxdispl :   0.1399   ||displ|| :   0.3175   Lambda : -0.300D-02
Largest |displ|/coords:  0.1399 (  23)  0.0937 (   8)  0.0909 (  29)
................................................................................
.............................. CYCLE   22 ......................................
................................................................................
   1    -50.7292130 -0.507292E+02  0.211E-01    8.85       0.0  T
   2    -50.7292752 -0.621992E-04  0.154E-01    8.86       1.0  T
   3    -50.7293067 -0.315600E-04  0.404E-02    8.86       1.0  T
   4    -50.7293129 -0.612690E-05  0.113E-02    8.87       1.7  T
   5    -50.7293131 -0.258485E-06  0.368E-03    8.87       5.3  T
   6    -50.7293131 -0.226596E-07  0.182E-03    8.87      10.8  T
speedup  0.94
cpu  time for SCC    0.01 s
wall time for SCC    0.01 s
speedup  0.98
cpu  time for grad    0.01 s
wall time for grad    0.01 s
 E :    -50.44624967  G :  0.037215    pred/act E change: -0.179D-02 -0.162D-02
Maxdispl :   0.1041   ||displ|| :   0.3029   Lambda : -0.316D-02
Largest |displ|/coords:  0.1041 (  13)  0.0931 (  29)  0.0922 (  14)
................................................................................
.............................. CYCLE   23 ......................................
................................................................................
   1    -50.7273034 -0.507273E+02  0.216E-01    8.78       0.0  T
   2    -50.7274051 -0.101679E-03  0.158E-01    8.78       1.0  T
   3    -50.7274498 -0.447226E-04  0.509E-02    8.79       1.0  T
   4    -50.7274591 -0.932477E-05  0.123E-02    8.79       1.6  T
   5    -50.7274595 -0.352643E-06  0.439E-03    8.79       4.5  T
   6    -50.7274595 -0.237417E-07  0.206E-03    8.79       9.5  T
speedup  0.91
cpu  time for SCC    0.00 s
wall time for SCC    0.01 s
speedup  0.96
cpu  time for grad    0.01 s
wall time for grad    0.01 s
 E :    -50.44787187  G :  0.035694    pred/act E change: -0.165D-02 -0.162D-02
Maxdispl :   0.0877   ||displ|| :   0.3040   Lambda : -0.317D-02
Largest |displ|/coords:  0.0877 (  16)  0.0854 (   8)  0.0842 (  23)
................................................................................
.............................. CYCLE   24 ......................................
................................................................................
   1    -50.7302976 -0.507303E+02  0.223E-01    8.69       0.0  T
   2    -50.7304635 -0.165878E-03  0.160E-01    8.67       1.0  T
   3    -50.7305307 -0.672234E-04  0.659E-02    8.66       1.0  T
   4    -50.7305397 -0.900552E-05  0.152E-02    8.67       1.3  T
   5    -50.7305403 -0.643751E-06  0.560E-03    8.66       3.5  T
   6    -50.7305404 -0.518230E-07  0.256E-03    8.66       7.7  T
speedup  0.93
cpu  time for SCC    0.01 s
wall time for SCC    0.01 s
speedup  0.97
cpu  time for grad    0.01 s
wall time for grad    0.01 s
 E :    -50.44925727  G :  0.028766    pred/act E change: -0.172D-02 -0.139D-02
Maxdispl :   0.1064   ||displ|| :   0.2822   Lambda : -0.216D-02
Largest |displ|/coords:  0.1064 (  11)  0.0874 (  19)  0.0817 (  18)
................................................................................
.............................. CYCLE   25 ......................................
................................................................................
   1    -50.7219785 -0.507220E+02  0.221E-01    8.63       0.0  T
   2    -50.7220214 -0.429059E-04  0.162E-01    8.63       1.0  T
   3    -50.7220505 -0.291028E-04  0.413E-02    8.63       1.0  T
   4    -50.7220549 -0.437934E-05  0.124E-02    8.63       1.6  T
   5    -50.7220552 -0.283791E-06  0.432E-03    8.63       4.5  T
   6    -50.7220552 -0.251303E-07  0.231E-03    8.63       8.5  T
speedup  0.93
cpu  time for SCC    0.00 s
wall time for SCC    0.01 s
speedup  0.96
cpu  time for grad    0.01 s
wall time for grad    0.01 s
 E :    -50.44986810  G :  0.031344    pred/act E change: -0.173D-02 -0.611D-03
Maxdispl :   0.1061   ||displ|| :   0.2951   Lambda : -0.297D-02
Largest |displ|/coords:  0.1061 (   1)  0.0961 (  20)  0.0843 (   5)

generating ANC from model Hessian ...
 Shifting diagonal of input Hessian by   4.813655802893792E-003
 Lowest  eigenvalues of input Hessian
   -0.000000   -0.000000    0.000000    0.000000    0.000000    0.000000
    0.005000    0.005307    0.005560    0.006266    0.006424    0.007547
    0.007738    0.008638    0.010017    0.010223    0.010599    0.012218
 Highest eigenvalues
    1.385244    1.399460    1.465365    2.641397    3.302256    3.754739
 
cpu  time for ANC gen    0.02 s
wall time for ANC gen    0.03 s
................................................................................
.............................. CYCLE   26 ......................................
................................................................................
   1    -50.7306057 -0.507306E+02  0.234E-01    8.73       0.0  T
   2    -50.7307206 -0.114904E-03  0.169E-01    8.71       1.0  T
   3    -50.7307668 -0.462135E-04  0.538E-02    8.69       1.0  T
   4    -50.7307750 -0.822805E-05  0.127E-02    8.70       1.5  T
   5    -50.7307754 -0.384033E-06  0.415E-03    8.69       4.7  T
   6    -50.7307754 -0.134810E-07  0.214E-03    8.69       9.2  T
   7    -50.7307755 -0.678817E-08  0.560E-04    8.69      35.0  T
   8    -50.7307755 -0.881286E-09  0.201E-04    8.69      97.5  T
speedup  1.10
cpu  time for SCC    0.01 s
wall time for SCC    0.01 s
speedup  1.00
cpu  time for grad    0.02 s
wall time for grad    0.02 s
 E :    -50.44996472  G :  0.032027    pred/act E change:  0.000D+00 -0.966D-04
Maxdispl :   0.0839   ||displ|| :   0.2223   Lambda : -0.242D-02
Largest |displ|/coords:  0.0839 (  13)  0.0803 (  11)  0.0728 (  14)
................................................................................
.............................. CYCLE   27 ......................................
................................................................................
   1    -50.7309661 -0.507310E+02  0.144E-01    8.64       0.0  T
   2    -50.7309724 -0.630415E-05  0.108E-01    8.64       1.0  T
   3    -50.7309763 -0.389076E-05  0.150E-02    8.65       1.3  T
   4    -50.7309772 -0.895491E-06  0.484E-03    8.64       4.1  T
   5    -50.7309773 -0.339055E-07  0.134E-03    8.64      14.7  T
speedup  1.09
cpu  time for SCC    0.01 s
wall time for SCC    0.00 s
speedup  1.03
cpu  time for grad    0.01 s
wall time for grad    0.01 s
 E :    -50.45142677  G :  0.013059    pred/act E change:  0.000D+00 -0.146D-02
Maxdispl :   0.0766   ||displ|| :   0.2010   Lambda : -0.815D-03
Largest |displ|/coords:  0.0766 (   8)  0.0697 (   2)  0.0681 (  16)
................................................................................
.............................. CYCLE   28 ......................................
................................................................................
   1    -50.7313286 -0.507313E+02  0.146E-01    8.61       0.0  T
   2    -50.7313349 -0.631301E-05  0.109E-01    8.61       1.0  T
   3    -50.7313400 -0.508055E-05  0.182E-02    8.62       1.1  T
   4    -50.7313408 -0.767810E-06  0.587E-03    8.62       3.3  T
   5    -50.7313408 -0.503263E-07  0.171E-03    8.62      11.5  T
   6    -50.7313408 -0.424642E-08  0.106E-03    8.62      18.6  T
speedup  1.07
cpu  time for SCC    0.01 s
wall time for SCC    0.01 s
speedup  1.02
cpu  time for grad    0.01 s
wall time for grad    0.01 s
 E :    -50.45165156  G :  0.008478    pred/act E change: -0.127D-02 -0.225D-03
Maxdispl :   0.0740   ||displ|| :   0.1521   Lambda : -0.478D-03
Largest |displ|/coords:  0.0740 (   6)  0.0553 (   8)  0.0542 (  11)
................................................................................
.............................. CYCLE   29 ......................................
................................................................................
   1    -50.7316294 -0.507316E+02  0.120E-01    8.60       0.0  T
   2    -50.7316310 -0.160737E-05  0.896E-02    8.61       1.0  T
   3    -50.7316322 -0.119338E-05  0.895E-03    8.61       2.2  T
   4    -50.7316325 -0.229294E-06  0.271E-03    8.61       7.2  T
   5    -50.7316325 -0.876410E-08  0.932E-04    8.61      21.0  T
speedup  1.09
cpu  time for SCC    0.00 s
wall time for SCC    0.00 s
speedup  1.02
cpu  time for grad    0.01 s
wall time for grad    0.01 s
 E :    -50.45190392  G :  0.006827    pred/act E change: -0.424D-03 -0.252D-03
Maxdispl :   0.0411   ||displ|| :   0.0944   Lambda : -0.151D-03
Largest |displ|/coords:  0.0411 (   3)  0.0356 (   5)  0.0333 (   9)
................................................................................
.............................. CYCLE   30 ......................................
................................................................................
   1    -50.7314590 -0.507315E+02  0.571E-02    8.61       0.0  T
   2    -50.7314598 -0.770511E-06  0.428E-02    8.61       1.0  T
   3    -50.7314605 -0.710029E-06  0.570E-03    8.61       3.4  T
   4    -50.7314606 -0.926632E-07  0.198E-03    8.61       9.9  T
   5    -50.7314606 -0.564931E-08  0.629E-04    8.61      31.2  T
speedup  0.89
cpu  time for SCC    0.00 s
wall time for SCC    0.00 s
speedup  0.95
cpu  time for grad    0.01 s
wall time for grad    0.01 s
 E :    -50.45201839  G :  0.004226    pred/act E change: -0.244D-03 -0.114D-03
Maxdispl :   0.0970   ||displ|| :   0.2346   Lambda : -0.256D-03
Largest |displ|/coords:  0.0970 (   3)  0.0877 (   5)  0.0695 (  11)
................................................................................
.............................. CYCLE   31 ......................................
................................................................................
   1    -50.7303156 -0.507303E+02  0.148E-01    8.59       0.0  T
   2    -50.7303214 -0.586228E-05  0.111E-01    8.60       1.0  T
   3    -50.7303271 -0.566422E-05  0.160E-02    8.61       1.2  T
   4    -50.7303277 -0.656297E-06  0.564E-03    8.60       3.5  T
   5    -50.7303278 -0.411363E-07  0.161E-03    8.60      12.2  T
   6    -50.7303278 -0.341867E-08  0.964E-04    8.60      20.4  T
speedup  0.93
cpu  time for SCC    0.00 s
wall time for SCC    0.01 s
speedup  1.04
cpu  time for grad    0.01 s
wall time for grad    0.01 s
 E :    -50.45219545  G :  0.005810    pred/act E change: -0.763D-04 -0.177D-03
Maxdispl :   0.1361   ||displ|| :   0.3081   Lambda : -0.254D-03
Largest |displ|/coords:  0.1361 (   3)  0.1344 (   5)  0.0909 (   2)
................................................................................
.............................. CYCLE   32 ......................................
................................................................................
   1    -50.7285482 -0.507285E+02  0.176E-01    8.56       0.0  T
   2    -50.7285563 -0.811786E-05  0.132E-01    8.57       1.0  T
   3    -50.7285634 -0.705404E-05  0.198E-02    8.58       1.0  T
   4    -50.7285644 -0.101384E-05  0.670E-03    8.57       2.9  T
   5    -50.7285644 -0.582350E-07  0.194E-03    8.57      10.1  T
   6    -50.7285644 -0.465817E-08  0.113E-03    8.57      17.3  T
speedup  0.93
cpu  time for SCC    0.00 s
wall time for SCC    0.01 s
speedup  1.03
cpu  time for grad    0.01 s
wall time for grad    0.01 s
 E :    -50.45236642  G :  0.010114    pred/act E change: -0.135D-03 -0.171D-03
Maxdispl :   0.1558   ||displ|| :   0.3495   Lambda : -0.340D-03
Largest |displ|/coords:  0.1558 (   5)  0.1318 (   3)  0.1037 (  10)
................................................................................
.............................. CYCLE   33 ......................................
................................................................................
   1    -50.7276561 -0.507277E+02  0.194E-01    8.54       0.0  T
   2    -50.7276683 -0.122458E-04  0.147E-01    8.54       1.0  T
   3    -50.7276775 -0.919832E-05  0.229E-02    8.56       1.0  T
   4    -50.7276793 -0.177995E-05  0.768E-03    8.55       2.6  T
   5    -50.7276794 -0.724775E-07  0.207E-03    8.55       9.5  T
   6    -50.7276794 -0.492292E-08  0.115E-03    8.55      17.1  T
speedup  1.11
cpu  time for SCC    0.01 s
wall time for SCC    0.01 s
speedup  1.04
cpu  time for grad    0.01 s
wall time for grad    0.01 s
 E :    -50.45262017  G :  0.012699    pred/act E change: -0.139D-03 -0.254D-03
Maxdispl :   0.1539   ||displ|| :   0.3452   Lambda : -0.500D-03
Largest |displ|/coords:  0.1539 (   5)  0.1233 (  16)  0.1174 (   3)
................................................................................
.............................. CYCLE   34 ......................................
................................................................................
   1    -50.7301399 -0.507301E+02  0.169E-01    8.57       0.0  T
   2    -50.7301537 -0.138711E-04  0.128E-01    8.58       1.0  T
   3    -50.7301611 -0.734229E-05  0.251E-02    8.59       1.0  T
   4    -50.7301633 -0.228042E-05  0.683E-03    8.59       2.9  T
   5    -50.7301634 -0.860094E-07  0.198E-03    8.59       9.9  T
   6    -50.7301634 -0.335109E-08  0.106E-03    8.59      18.5  T
speedup  0.91
cpu  time for SCC    0.00 s
wall time for SCC    0.01 s
speedup  0.96
cpu  time for grad    0.01 s
wall time for grad    0.01 s
 E :    -50.45296881  G :  0.011777    pred/act E change: -0.191D-03 -0.349D-03
Maxdispl :   0.1903   ||displ|| :   0.3823   Lambda : -0.412D-03
Largest |displ|/coords:  0.1903 (   5)  0.1344 (   4)  0.1212 (   3)
................................................................................
.............................. CYCLE   35 ......................................
................................................................................
   1    -50.7286516 -0.507287E+02  0.197E-01    8.59       0.0  T
   2    -50.7286663 -0.147053E-04  0.149E-01    8.59       1.0  T
   3    -50.7286745 -0.816436E-05  0.250E-02    8.60       1.0  T
   4    -50.7286770 -0.257762E-05  0.754E-03    8.60       2.6  T
   5    -50.7286771 -0.762706E-07  0.212E-03    8.60       9.3  T
   6    -50.7286771 -0.381732E-08  0.116E-03    8.60      16.9  T
speedup  0.91
cpu  time for SCC    0.00 s
wall time for SCC    0.01 s
speedup  0.96
cpu  time for grad    0.01 s
wall time for grad    0.01 s
 E :    -50.45324189  G :  0.011210    pred/act E change: -0.280D-03 -0.273D-03
Maxdispl :   0.1272   ||displ|| :   0.2698   Lambda : -0.450D-03
Largest |displ|/coords:  0.1272 (   4)  0.1004 (   2)  0.0906 (   5)
................................................................................
.............................. CYCLE   36 ......................................
................................................................................
   1    -50.7351889 -0.507352E+02  0.115E-01    8.74       0.0  T
   2    -50.7351995 -0.106115E-04  0.854E-02    8.73       1.0  T
   3    -50.7352035 -0.394385E-05  0.242E-02    8.73       1.0  T
   4    -50.7352048 -0.137183E-05  0.506E-03    8.73       3.9  T
   5    -50.7352049 -0.546499E-07  0.167E-03    8.73      11.7  T
   6    -50.7352049 -0.312123E-08  0.833E-04    8.73      23.6  T
speedup  0.94
cpu  time for SCC    0.00 s
wall time for SCC    0.01 s
speedup  0.97
cpu  time for grad    0.01 s
wall time for grad    0.01 s
 E :    -50.45343412  G :  0.010440    pred/act E change: -0.236D-03 -0.192D-03
Maxdispl :   0.2254   ||displ|| :   0.4916   Lambda : -0.483D-03
Largest |displ|/coords:  0.2254 (   4)  0.2152 (   5)  0.1607 (  16)
................................................................................
.............................. CYCLE   37 ......................................
................................................................................
   1    -50.7302383 -0.507302E+02  0.264E-01    8.64       0.0  T
   2    -50.7302604 -0.221327E-04  0.199E-01    8.65       1.0  T
   3    -50.7302773 -0.169443E-04  0.305E-02    8.66       1.0  T
   4    -50.7302804 -0.303948E-05  0.110E-02    8.66       1.8  T
   5    -50.7302805 -0.148109E-06  0.281E-03    8.66       7.0  T
   6    -50.7302805 -0.876426E-08  0.169E-03    8.66      11.6  T
speedup  0.94
cpu  time for SCC    0.01 s
wall time for SCC    0.01 s
speedup  0.97
cpu  time for grad    0.01 s
wall time for grad    0.01 s
 E :    -50.45368526  G :  0.014672    pred/act E change: -0.241D-03 -0.251D-03
Maxdispl :   0.0922   ||displ|| :   0.1830   Lambda : -0.451D-03
Largest |displ|/coords:  0.0922 (   4)  0.0821 (   2)  0.0485 (  16)
................................................................................
.............................. CYCLE   38 ......................................
................................................................................
   1    -50.7313977 -0.507314E+02  0.985E-02    8.72       0.0  T
   2    -50.7314033 -0.553485E-05  0.737E-02    8.71       1.0  T
   3    -50.7314065 -0.326064E-05  0.131E-02    8.71       1.5  T
   4    -50.7314074 -0.822962E-06  0.391E-03    8.71       5.0  T
   5    -50.7314074 -0.299577E-07  0.129E-03    8.71      15.2  T
   6    -50.7314074 -0.179372E-08  0.732E-04    8.71      26.8  T
speedup  0.93
cpu  time for SCC    0.00 s
wall time for SCC    0.01 s
speedup  1.03
cpu  time for grad    0.01 s
wall time for grad    0.01 s
 E :    -50.45395612  G :  0.010518    pred/act E change: -0.300D-03 -0.271D-03
Maxdispl :   0.1454   ||displ|| :   0.2687   Lambda : -0.432D-03
Largest |displ|/coords:  0.1454 (   4)  0.1299 (   2)  0.0984 (   6)
................................................................................
.............................. CYCLE   39 ......................................
................................................................................
   1    -50.7340643 -0.507341E+02  0.126E-01    8.78       0.0  T
   2    -50.7340703 -0.597500E-05  0.937E-02    8.77       1.0  T
   3    -50.7340734 -0.317452E-05  0.157E-02    8.77       1.2  T
   4    -50.7340744 -0.956336E-06  0.500E-03    8.77       3.9  T
   5    -50.7340744 -0.321615E-07  0.137E-03    8.77      14.3  T
   6    -50.7340744 -0.302823E-08  0.773E-04    8.77      25.4  T
speedup  1.11
cpu  time for SCC    0.01 s
wall time for SCC    0.01 s
speedup  1.02
cpu  time for grad    0.01 s
wall time for grad    0.01 s
 E :    -50.45422701  G :  0.010097    pred/act E change: -0.233D-03 -0.271D-03
Maxdispl :   0.2362   ||displ|| :   0.4457   Lambda : -0.521D-03
Largest |displ|/coords:  0.2362 (   4)  0.1765 (   2)  0.1606 (  16)
................................................................................
.............................. CYCLE   40 ......................................
................................................................................
   1    -50.7361645 -0.507362E+02  0.212E-01    8.82       0.0  T
   2    -50.7361753 -0.108074E-04  0.160E-01    8.82       1.0  T
   3    -50.7361856 -0.102585E-04  0.162E-02    8.82       1.2  T
   4    -50.7361869 -0.130317E-05  0.707E-03    8.82       2.8  T
   5    -50.7361870 -0.608474E-07  0.198E-03    8.82       9.9  T
   6    -50.7361870 -0.578670E-08  0.112E-03    8.82      17.5  T
speedup  0.93
cpu  time for SCC    0.00 s
wall time for SCC    0.01 s
speedup  0.96
cpu  time for grad    0.01 s
wall time for grad    0.01 s
 E :    -50.45451532  G :  0.012623    pred/act E change: -0.232D-03 -0.288D-03
Maxdispl :   0.2712   ||displ|| :   0.5519   Lambda : -0.648D-03
Largest |displ|/coords:  0.2712 (   4)  0.2315 (   5)  0.1929 (   2)
................................................................................
.............................. CYCLE   41 ......................................
................................................................................
   1    -50.7335091 -0.507335E+02  0.261E-01    8.70       0.0  T
   2    -50.7335302 -0.210828E-04  0.197E-01    8.70       1.0  T
   3    -50.7335457 -0.155176E-04  0.281E-02    8.72       1.0  T
   4    -50.7335488 -0.310973E-05  0.969E-03    8.72       2.0  T
   5    -50.7335489 -0.105497E-06  0.245E-03    8.71       8.0  T
   6    -50.7335489 -0.510121E-08  0.132E-03    8.71      14.9  T
speedup  0.93
cpu  time for SCC    0.00 s
wall time for SCC    0.01 s
speedup  0.96
cpu  time for grad    0.01 s
wall time for grad    0.01 s
 E :    -50.45473764  G :  0.017723    pred/act E change: -0.312D-03 -0.222D-03
Maxdispl :   0.1153   ||displ|| :   0.2502   Lambda : -0.107D-02
Largest |displ|/coords:  0.1153 (  11)  0.0836 (   2)  0.0792 (  12)
................................................................................
.............................. CYCLE   42 ......................................
................................................................................
   1    -50.7423576 -0.507424E+02  0.200E-01    8.91       0.0  T
   2    -50.7423718 -0.142499E-04  0.141E-01    8.90       1.0  T
   3    -50.7423827 -0.109228E-04  0.307E-02    8.89       1.0  T
   4    -50.7423836 -0.835616E-06  0.799E-03    8.89       2.5  T
   5    -50.7423837 -0.131056E-06  0.247E-03    8.89       7.9  T
   6    -50.7423837 -0.580469E-08  0.143E-03    8.89      13.7  T
speedup  0.94
cpu  time for SCC    0.00 s
wall time for SCC    0.01 s
speedup  0.96
cpu  time for grad    0.01 s
wall time for grad    0.01 s
 E :    -50.45485719  G :  0.022524    pred/act E change: -0.423D-03 -0.120D-03
Maxdispl :   0.1549   ||displ|| :   0.3277   Lambda : -0.111D-02
Largest |displ|/coords:  0.1549 (   3)  0.1505 (   4)  0.1178 (   6)
................................................................................
.............................. CYCLE   43 ......................................
................................................................................
   1    -50.7328328 -0.507328E+02  0.199E-01    8.84       0.0  T
   2    -50.7328481 -0.153360E-04  0.150E-01    8.84       1.0  T
   3    -50.7328607 -0.125724E-04  0.236E-02    8.85       1.0  T
   4    -50.7328627 -0.198251E-05  0.818E-03    8.85       2.4  T
   5    -50.7328628 -0.112588E-06  0.287E-03    8.85       6.8  T
   6    -50.7328628 -0.104099E-07  0.162E-03    8.85      12.1  T
speedup  0.93
cpu  time for SCC    0.00 s
wall time for SCC    0.01 s
speedup  1.04
cpu  time for grad    0.01 s
wall time for grad    0.01 s
 E :    -50.45511655  G :  0.020087    pred/act E change: -0.566D-03 -0.259D-03
Maxdispl :   0.0998   ||displ|| :   0.2043   Lambda : -0.108D-02
Largest |displ|/coords:  0.0998 (  10)  0.0949 (   3)  0.0869 (   1)
................................................................................
.............................. CYCLE   44 ......................................
................................................................................
   1    -50.7349961 -0.507350E+02  0.164E-01    8.70       0.0  T
   2    -50.7350119 -0.157338E-04  0.121E-01    8.71       1.0  T
   3    -50.7350194 -0.750755E-05  0.346E-02    8.72       1.0  T
   4    -50.7350214 -0.200283E-05  0.669E-03    8.71       2.9  T
   5    -50.7350215 -0.751746E-07  0.210E-03    8.71       9.3  T
   6    -50.7350215 -0.325153E-08  0.113E-03    8.71      17.3  T
speedup  0.94
cpu  time for SCC    0.00 s
wall time for SCC    0.01 s
speedup  1.04
cpu  time for grad    0.01 s
wall time for grad    0.01 s
 E :    -50.45529146  G :  0.018638    pred/act E change: -0.617D-03 -0.175D-03
Maxdispl :   0.1007   ||displ|| :   0.2164   Lambda : -0.772D-03
Largest |displ|/coords:  0.1007 (   2)  0.0934 (   4)  0.0670 (   5)
................................................................................
.............................. CYCLE   45 ......................................
................................................................................
   1    -50.7361593 -0.507362E+02  0.138E-01    8.79       0.0  T
   2    -50.7361670 -0.773467E-05  0.103E-01    8.79       1.0  T
   3    -50.7361717 -0.470517E-05  0.222E-02    8.79       1.0  T
   4    -50.7361728 -0.105403E-05  0.561E-03    8.79       3.5  T
   5    -50.7361728 -0.395240E-07  0.164E-03    8.79      11.9  T
   6    -50.7361728 -0.227674E-08  0.880E-04    8.79      22.3  T
speedup  1.11
cpu  time for SCC    0.01 s
wall time for SCC    0.01 s
speedup  1.03
cpu  time for grad    0.01 s
wall time for grad    0.01 s
 E :    -50.45559146  G :  0.013930    pred/act E change: -0.564D-03 -0.300D-03
Maxdispl :   0.0436   ||displ|| :   0.1021   Lambda : -0.383D-03
Largest |displ|/coords:  0.0436 (   3)  0.0404 (   6)  0.0305 (   8)
................................................................................
.............................. CYCLE   46 ......................................
................................................................................
   1    -50.7360333 -0.507360E+02  0.716E-02    8.80       0.0  T
   2    -50.7360372 -0.389083E-05  0.518E-02    8.80       1.0  T
   3    -50.7360389 -0.172767E-05  0.121E-02    8.79       1.6  T
   4    -50.7360393 -0.409240E-06  0.455E-03    8.79       4.3  T
   5    -50.7360394 -0.212426E-07  0.109E-03    8.79      18.0  T
   6    -50.7360394 -0.267821E-08  0.618E-04    8.79      31.7  T
speedup  0.93
cpu  time for SCC    0.00 s
wall time for SCC    0.01 s
speedup  0.96
cpu  time for grad    0.01 s
wall time for grad    0.01 s
 E :    -50.45573486  G :  0.010048    pred/act E change: -0.404D-03 -0.143D-03
Maxdispl :   0.0719   ||displ|| :   0.1548   Lambda : -0.281D-03
Largest |displ|/coords:  0.0719 (   1)  0.0647 (   4)  0.0430 (   3)
................................................................................
.............................. CYCLE   47 ......................................
................................................................................
   1    -50.7350787 -0.507351E+02  0.102E-01    8.83       0.0  T
   2    -50.7350809 -0.222883E-05  0.759E-02    8.83       1.0  T
   3    -50.7350836 -0.262577E-05  0.109E-02    8.83       1.8  T
   4    -50.7350837 -0.156546E-06  0.279E-03    8.83       7.0  T
   5    -50.7350837 -0.140402E-07  0.129E-03    8.83      15.3  T
speedup  1.06
cpu  time for SCC    0.00 s
wall time for SCC    0.00 s
speedup  1.01
cpu  time for grad    0.01 s
wall time for grad    0.01 s
 E :    -50.45589509  G :  0.007467    pred/act E change: -0.193D-03 -0.160D-03
Maxdispl :   0.1322   ||displ|| :   0.2534   Lambda : -0.244D-03
Largest |displ|/coords:  0.1322 (   4)  0.0948 (   1)  0.0691 (   2)
................................................................................
.............................. CYCLE   48 ......................................
................................................................................
   1    -50.7338703 -0.507339E+02  0.148E-01    8.71       0.0  T
   2    -50.7338769 -0.661251E-05  0.111E-01    8.72       1.0  T
   3    -50.7338814 -0.446005E-05  0.190E-02    8.72       1.0  T
   4    -50.7338823 -0.914630E-06  0.529E-03    8.72       3.7  T
   5    -50.7338824 -0.372347E-07  0.136E-03    8.72      14.4  T
   6    -50.7338824 -0.221526E-08  0.768E-04    8.72      25.5  T
speedup  1.11
cpu  time for SCC    0.01 s
wall time for SCC    0.01 s
speedup  1.03
cpu  time for grad    0.01 s
wall time for grad    0.01 s
 E :    -50.45599890  G :  0.009276    pred/act E change: -0.144D-03 -0.104D-03
Maxdispl :   0.1116   ||displ|| :   0.1932   Lambda : -0.298D-03
Largest |displ|/coords:  0.1116 (   1)  0.0893 (  16)  0.0650 (   9)
................................................................................
.............................. CYCLE   49 ......................................
................................................................................
   1    -50.7395027 -0.507395E+02  0.100E-01    8.82       0.0  T
   2    -50.7395103 -0.758000E-05  0.698E-02    8.82       1.0  T
   3    -50.7395138 -0.351936E-05  0.194E-02    8.82       1.0  T
   4    -50.7395143 -0.527651E-06  0.573E-03    8.81       3.4  T
   5    -50.7395144 -0.455511E-07  0.129E-03    8.82      15.2  T
   6    -50.7395144 -0.325824E-08  0.677E-04    8.82      29.0  T
speedup  0.93
cpu  time for SCC    0.00 s
wall time for SCC    0.01 s
speedup  0.96
cpu  time for grad    0.01 s
wall time for grad    0.01 s
 E :    -50.45603694  G :  0.009820    pred/act E change: -0.130D-03 -0.380D-04
Maxdispl :   0.0847   ||displ|| :   0.1656   Lambda : -0.231D-03
Largest |displ|/coords:  0.0847 (   4)  0.0684 (   2)  0.0524 (   5)
................................................................................
.............................. CYCLE   50 ......................................
................................................................................
   1    -50.7358605 -0.507359E+02  0.875E-02    8.81       0.0  T
   2    -50.7358633 -0.279438E-05  0.651E-02    8.81       1.0  T
   3    -50.7358647 -0.140016E-05  0.125E-02    8.81       1.6  T
   4    -50.7358651 -0.416859E-06  0.358E-03    8.81       5.5  T
   5    -50.7358651 -0.155380E-07  0.847E-04    8.81      23.2  T
   6    -50.7358651 -0.986383E-09  0.507E-04    8.81      38.7  T
speedup  0.93
cpu  time for SCC    0.00 s
wall time for SCC    0.01 s
speedup  0.96
cpu  time for grad    0.01 s
wall time for grad    0.01 s
 E :    -50.45611342  G :  0.007889    pred/act E change: -0.155D-03 -0.765D-04
Maxdispl :   0.0235   ||displ|| :   0.0509   Lambda : -0.121D-03
Largest |displ|/coords:  0.0235 (  16)  0.0191 (  11)  0.0174 (   5)
................................................................................
.............................. CYCLE   51 ......................................
................................................................................
   1    -50.7365356 -0.507365E+02  0.497E-02    8.79       0.0  T
   2    -50.7365372 -0.153057E-05  0.364E-02    8.79       1.0  T
   3    -50.7365380 -0.867743E-06  0.958E-03    8.79       2.0  T
   4    -50.7365382 -0.188488E-06  0.257E-03    8.79       7.6  T
   5    -50.7365382 -0.106332E-07  0.768E-04    8.79      25.5  T
speedup  1.09
cpu  time for SCC    0.00 s
wall time for SCC    0.00 s
speedup  1.02
cpu  time for grad    0.01 s
wall time for grad    0.01 s
 E :    -50.45614312  G :  0.004748    pred/act E change: -0.118D-03 -0.297D-04
Maxdispl :   0.0170   ||displ|| :   0.0371   Lambda : -0.463D-04
Largest |displ|/coords:  0.0170 (   1)  0.0109 (   5)  0.0104 (   9)
................................................................................
.............................. CYCLE   52 ......................................
................................................................................
   1    -50.7374911 -0.507375E+02  0.290E-02    8.80       0.0  T
   2    -50.7374914 -0.318146E-06  0.216E-02    8.80       1.0  T
   3    -50.7374917 -0.281539E-06  0.408E-03    8.80       4.8  T
   4    -50.7374917 -0.318917E-07  0.127E-03    8.80      15.5  T
   5    -50.7374917 -0.248215E-08  0.372E-04    8.80      52.7  T
speedup  1.11
cpu  time for SCC    0.00 s
wall time for SCC    0.00 s
speedup  1.02
cpu  time for grad    0.01 s
wall time for grad    0.01 s
 E :    -50.45616854  G :  0.002343    pred/act E change: -0.605D-04 -0.254D-04
Maxdispl :   0.0181   ||displ|| :   0.0419   Lambda : -0.201D-04
Largest |displ|/coords:  0.0181 (  13)  0.0169 (   1)  0.0139 (  12)

generating ANC from model Hessian ...
 Shifting diagonal of input Hessian by   4.923882214606657E-003
 Lowest  eigenvalues of input Hessian
   -0.000000   -0.000000   -0.000000    0.000000    0.000000    0.000000
    0.005000    0.005877    0.006076    0.006258    0.006519    0.007639
    0.008371    0.009166    0.010114    0.011260    0.011522    0.011842
 Highest eigenvalues
    1.384760    1.395163    1.449578    2.472202    3.303161    3.784760
 
cpu  time for ANC gen    0.03 s
wall time for ANC gen    0.03 s
................................................................................
.............................. CYCLE   53 ......................................
................................................................................
   1    -50.7376283 -0.507376E+02  0.310E-02    8.81       0.0  T
   2    -50.7376286 -0.316066E-06  0.231E-02    8.81       1.0  T
   3    -50.7376288 -0.215694E-06  0.404E-03    8.81       4.9  T
   4    -50.7376288 -0.394397E-07  0.136E-03    8.81      14.4  T
   5    -50.7376288 -0.209968E-08  0.317E-04    8.81      62.0  T
   6    -50.7376288 -0.117929E-09  0.199E-04    8.81      98.5  T
speedup  0.94
cpu  time for SCC    0.00 s
wall time for SCC    0.01 s
speedup  0.99
cpu  time for grad    0.01 s
wall time for grad    0.01 s
 E :    -50.45617391  G :  0.003610    pred/act E change:  0.000D+00 -0.538D-05
Maxdispl :   0.0135   ||displ|| :   0.0233   Lambda : -0.192D-04
Largest |displ|/coords:  0.0135 (  12)  0.0095 (   9)  0.0084 (   3)
................................................................................
.............................. CYCLE   54 ......................................
................................................................................
   1    -50.7377432 -0.507377E+02  0.184E-02    8.81       0.0  T
   2    -50.7377433 -0.112280E-06  0.138E-02    8.81       1.4  T
   3    -50.7377434 -0.655568E-07  0.233E-03    8.81       8.4  T
   4    -50.7377434 -0.178715E-07  0.706E-04    8.81      27.8  T
   5    -50.7377434 -0.675321E-09  0.198E-04    8.81      98.9  T
speedup  0.87
cpu  time for SCC    0.00 s
wall time for SCC    0.00 s
speedup  0.98
cpu  time for grad    0.01 s
wall time for grad    0.01 s
 E :    -50.45618754  G :  0.001529    pred/act E change:  0.000D+00 -0.136D-04
Maxdispl :   0.0186   ||displ|| :   0.0350   Lambda : -0.120D-04
Largest |displ|/coords:  0.0186 (  12)  0.0134 (   5)  0.0133 (   9)
................................................................................
.............................. CYCLE   55 ......................................
................................................................................
   1    -50.7378438 -0.507378E+02  0.269E-02    8.81       0.0  T
   2    -50.7378440 -0.183619E-06  0.202E-02    8.81       1.0  T
   3    -50.7378441 -0.105394E-06  0.315E-03    8.81       6.2  T
   4    -50.7378442 -0.312945E-07  0.999E-04    8.81      19.6  T
   5    -50.7378442 -0.985075E-09  0.278E-04    8.81      70.6  T
speedup  0.87
cpu  time for SCC    0.00 s
wall time for SCC    0.00 s
speedup  0.98
cpu  time for grad    0.01 s
wall time for grad    0.01 s
 E :    -50.45619452  G :  0.001385    pred/act E change: -0.962D-05 -0.698D-05
Maxdispl :   0.0158   ||displ|| :   0.0291   Lambda : -0.550D-05
Largest |displ|/coords:  0.0158 (  12)  0.0113 (   2)  0.0086 (   3)
................................................................................
.............................. CYCLE   56 ......................................
................................................................................
   1    -50.7378974 -0.507379E+02  0.219E-02    8.80       0.0  T
   2    -50.7378975 -0.985757E-07  0.165E-02    8.80       1.2  T
   3    -50.7378975 -0.650961E-07  0.209E-03    8.80       9.4  T
   4    -50.7378976 -0.165283E-07  0.795E-04    8.80      24.7  T
   5    -50.7378976 -0.493294E-09  0.197E-04    8.80      99.8  T
speedup  1.09
cpu  time for SCC    0.00 s
wall time for SCC    0.00 s
speedup  0.98
cpu  time for grad    0.01 s
wall time for grad    0.01 s
 E :    -50.45619770  G :  0.001458    pred/act E change: -0.600D-05 -0.318D-05
Maxdispl :   0.0140   ||displ|| :   0.0269   Lambda : -0.440D-05
Largest |displ|/coords:  0.0140 (  12)  0.0096 (   7)  0.0094 (   9)
................................................................................
.............................. CYCLE   57 ......................................
................................................................................
   1    -50.7379907 -0.507380E+02  0.195E-02    8.80       0.0  T
   2    -50.7379908 -0.820812E-07  0.147E-02    8.80       1.3  T
   3    -50.7379908 -0.555964E-07  0.185E-03    8.80      10.6  T
   4    -50.7379909 -0.132410E-07  0.699E-04    8.80      28.1  T
   5    -50.7379909 -0.544141E-09  0.191E-04    8.80     102.5  T
speedup  1.09
cpu  time for SCC    0.00 s
wall time for SCC    0.00 s
speedup  1.04
cpu  time for grad    0.01 s
wall time for grad    0.01 s
 E :    -50.45620059  G :  0.000878    pred/act E change: -0.275D-05 -0.290D-05
Maxdispl :   0.0086   ||displ|| :   0.0176   Lambda : -0.208D-05
Largest |displ|/coords:  0.0086 (   2)  0.0066 (  12)  0.0065 (   5)
................................................................................
.............................. CYCLE   58 ......................................
................................................................................
   1    -50.7381062 -0.507381E+02  0.106E-02    8.80       0.0  T
   2    -50.7381063 -0.252373E-07  0.800E-03    8.80       2.5  T
   3    -50.7381063 -0.182347E-07  0.918E-04    8.80      21.4  T
   4    -50.7381063 -0.378584E-08  0.371E-04    8.80      52.8  T
speedup  1.08
cpu  time for SCC    0.00 s
wall time for SCC    0.00 s
speedup  0.97
cpu  time for grad    0.01 s
wall time for grad    0.01 s
 E :    -50.45620177  G :  0.000439    pred/act E change: -0.220D-05 -0.118D-05
Maxdispl :   0.0036   ||displ|| :   0.0083   Lambda : -0.513D-06
Largest |displ|/coords:  0.0036 (   2)  0.0033 (   4)  0.0029 (   3)
................................................................................
.............................. CYCLE   59 ......................................
................................................................................
   1    -50.7381439 -0.507381E+02  0.453E-03    8.81       0.0  T
   2    -50.7381439 -0.552900E-08  0.337E-03    8.81       5.8  T
   3    -50.7381439 -0.393264E-08  0.522E-04    8.81      37.6  T
   4    -50.7381439 -0.750930E-09  0.183E-04    8.81     107.0  T
speedup  1.11
cpu  time for SCC    0.00 s
wall time for SCC    0.00 s
speedup  1.05
cpu  time for grad    0.01 s
wall time for grad    0.01 s
 E :    -50.45620213  G :  0.000336    pred/act E change: -0.104D-05 -0.361D-06
Maxdispl :   0.0058   ||displ|| :   0.0119   Lambda : -0.498D-06
Largest |displ|/coords:  0.0058 (   2)  0.0045 (   4)  0.0043 (   3)
................................................................................
.............................. CYCLE   60 ......................................
................................................................................
   1    -50.7381670 -0.507382E+02  0.631E-03    8.81       0.0  T
   2    -50.7381670 -0.100431E-07  0.461E-03    8.81       4.3  T
   3    -50.7381670 -0.686910E-08  0.794E-04    8.81      24.7  T
   4    -50.7381670 -0.110227E-08  0.263E-04    8.81      74.6  T
speedup  1.08
cpu  time for SCC    0.00 s
wall time for SCC    0.00 s
speedup  1.05
cpu  time for grad    0.01 s
wall time for grad    0.01 s
 E :    -50.45620243  G :  0.000226    pred/act E change: -0.257D-06 -0.299D-06
Maxdispl :   0.0042   ||displ|| :   0.0069   Lambda : -0.199D-06
Largest |displ|/coords:  0.0042 (   2)  0.0038 (   3)  0.0023 (   4)
................................................................................
.............................. CYCLE   61 ......................................
................................................................................
   1    -50.7381519 -0.507382E+02  0.362E-03    8.81       0.0  T
   2    -50.7381519 -0.263284E-08  0.259E-03    8.81       7.6  T
   3    -50.7381519 -0.230060E-08  0.476E-04    8.81      41.2  T
   4    -50.7381519 -0.168498E-09  0.890E-05    8.81     220.4  T
speedup  1.08
cpu  time for SCC    0.00 s
wall time for SCC    0.00 s
speedup  0.97
cpu  time for grad    0.01 s
wall time for grad    0.01 s
 E :    -50.45620256  G :  0.000187    pred/act E change: -0.249D-06 -0.126D-06
Maxdispl :   0.0037   ||displ|| :   0.0063   Lambda : -0.136D-06
Largest |displ|/coords:  0.0037 (   2)  0.0032 (   3)  0.0025 (   1)
................................................................................
.............................. CYCLE   62 ......................................
................................................................................
   1    -50.7381220 -0.507381E+02  0.335E-03    8.81       0.0  T
   2    -50.7381220 -0.228837E-08  0.237E-03    8.81       8.3  T
   3    -50.7381220 -0.177815E-08  0.452E-04    8.81      43.4  T
   4    -50.7381220 -0.154429E-09  0.126E-04    8.81     155.8  T
speedup  1.05
cpu  time for SCC    0.00 s
wall time for SCC    0.00 s
speedup  1.04
cpu  time for grad    0.01 s
wall time for grad    0.01 s
 E :    -50.45620266  G :  0.000154    pred/act E change: -0.993D-07 -0.981D-07
Maxdispl :   0.0041   ||displ|| :   0.0066   Lambda : -0.104D-06
Largest |displ|/coords:  0.0041 (   2)  0.0032 (   3)  0.0026 (   1)

   *** GEOMETRY OPTIMIZATION CONVERGED AFTER 62 ITERATIONS ***

------------------------------------------------------------------------
 total energy gain (kcal):     -0.0180
------------------------------------------------------------------------
================
 final structure:
================
$coord
        2.31677866842099       -3.41653310418754       -0.66692029810658      S 
        3.73755728610894       -1.41979999479744        0.56793980079395      O 
        1.05362675597120       -2.39156305907740       -2.98103905808471      O 
        3.62011430531976       -5.71642059856638       -1.13118660220548      O 
       -0.02670591414307       -4.04240773466562        1.13356641980562      O 
       -0.30036087652382       -2.64096243871313        2.31822715539001      H 
        0.12423395093881        4.62072522910215       -0.84811861746777      O 
        0.05706823808358        6.28912790883952       -1.54579891022886      H 
       -1.28633809402468       -0.36992001280363        4.35081848217657      O 
       -1.25832801738795       -0.95926908282366        6.06171942231629      H 
        2.47441018385537        2.51768873124607        3.35464200901149      O 
        0.17999268030667        0.84115129967465        4.17094151752605      H 
        3.28570199945359        1.13424397920468        2.42071227330775      H 
        1.78103578987117        3.62775652304155        2.06793695103172      H 
       -3.94238458420842        1.81460089947278        0.50485475358201      O 
       -2.60213669837617        2.95485028937530       -0.06942184479874      H 
       -3.92351144919772       -0.58486376817297       -1.17051568850211      H 
       -3.35539449416159        1.17622698732133        2.12504614738770      H 
        3.40053798848495        1.95268947774452       -3.37897431331906      O 
        2.51266019680041        0.33244220122303       -3.55518780289694      H 
        1.33492047030662        3.64356211680995       -1.92421563930569      H 
        4.71044320906670        1.57014341316388       -2.17319670111078      H 
       -3.63313138801937       -2.32006075756888       -2.18695274903330      N 
       -1.58877015886248       -2.37679843361841       -2.67917175818617      H 
       -4.73533473981942       -2.42431166837427       -3.75183565398605      H 
       -3.93668532716303       -3.81229840284951       -1.01386927620082      H 
$end
 
 Bond Distances (Angstroems)
 ---------------------------
S1-O2=1.4521         S1-O3=1.4969         S1-O4=1.4203         S1-O5=1.5986         O2-S1=1.4521         O3-S1=1.4969         
O4-S1=1.4203         O5-S1=1.5986         O5-H6=0.9818         H6-O5=0.9818         O7-H8=0.9576         O7-H21=1.0011        
H8-O7=0.9576         O9-H10=0.9577        O9-H12=1.0109        H10-O9=0.9577        O11-H13=0.9821       O11-H14=0.9712       
H12-O9=1.0109        H13-O11=0.9821       H14-O11=0.9712       O15-H16=0.9795       O15-H18=0.9725       H16-O15=0.9795       
H17-N23=1.0752       H18-O15=0.9725       O19-H20=0.9821       O19-H22=0.9636       H20-O19=0.9821       H21-O7=1.0011        
H22-O19=0.9636       N23-H17=1.0752       N23-H24=1.1131       N23-H25=1.0144       N23-H26=1.0172       H24-N23=1.1131       
H25-N23=1.0144       H26-N23=1.0172       
 N  H  Rav=1.0550 sigma=0.0414  Rmin=1.0144  Rmax=1.1131     4
 O  H  Rav=0.9782 sigma=0.0159  Rmin=0.9576  Rmax=1.0109    11
 S  O  Rav=1.4920 sigma=0.0673  Rmin=1.4203  Rmax=1.5986     4
 
 selected bond angles (degree)
 --------------------
O3-S1-O2=109.61                O4-S1-O2=116.74                O4-S1-O3=112.70                O5-S1-O2=106.51                
O5-S1-O3=102.49                O5-S1-O4=107.59                H6-O5-S1=109.78                H21-O7-H8=106.30               
H12-O9-H10=106.47              
 
 selected dihedral angles (degree)
 ---------------------------------
H6-O5-S1-O2= 18.25            H6-O5-S1-O3=263.15            H6-O5-S1-O4=144.15            
 
 CMA Distance (Angstroems)
 ---------------------------
R(CMA):  2.9002

========================================================================
 FINAL SINGLEPOINT CALCULATION ON OPTIMIZED GEOMETRY
========================================================================

 Ncao       : 65
 Nao        : 64
 Nshell     : 38
 Nel        : 80
 T(el)      :   300.0
 intcut     :    25.0
 scfconv/Eh :  0.100E-05
   qconv/e  :  0.100E-03
 intneglect :  0.100E-07
 broydamp   :      0.250
 iter      E             dE          RMSdq      gap      omega  full diag
   1    -50.7381220 -0.507381E+02  0.520E-05    8.81       0.0  T
   2    -50.7381220 -0.103029E-11  0.347E-05    8.81     566.0  T
   3    -50.7381220 -0.916600E-12  0.641E-06    8.81    3059.0  T
speedup  1.07
cpu  time for SCC    0.00 s
wall time for SCC    0.00 s

   *** convergence criteria satisfied after 3 iterations ***

          eigenvalues
 #    :          28         29         30         31         32         33         34         35
 occ. :        2.000      2.000      2.000      2.000      2.000      2.000      2.000      2.000
 eps  :       -13.314    -12.922    -12.633    -12.532    -12.433    -12.194    -12.048    -11.973
 #    :          36         37         38         39         40         41         42         43
 occ. :        2.000      2.000      2.000      2.000      2.000      0.000      0.000      0.000
 eps  :       -11.923    -11.822    -11.725    -11.464    -11.240     -2.433     -1.086     -0.429
 #    :          44         45         46         47         48         49         50         51
 occ. :        0.000      0.000      0.000      0.000      0.000      0.000      0.000      0.000
 eps  :         0.221      0.969      1.457      1.765      3.009      3.766      4.157      4.678


   #   Z            q   n(s)   n(p)   n(d)      C6AA      α(0)
   1  16 S      1.631  1.588  1.818  0.963    90.349    15.998
   2   8 O     -0.741  1.764  4.977  0.000    29.855     7.326
   3   8 O     -0.746  1.776  4.970  0.000    29.924     7.337
   4   8 O     -0.668  1.763  4.905  0.000    27.836     7.074
   5   8 O     -0.645  1.761  4.884  0.000    26.249     6.916
   6   1 H      0.368  0.632  0.000  0.000     0.546     1.159
   7   8 O     -0.637  1.751  4.886  0.000    26.096     6.894
   8   1 H      0.284  0.716  0.000  0.000     0.771     1.379
   9   8 O     -0.646  1.758  4.888  0.000    26.312     6.923
  10   1 H      0.290  0.710  0.000  0.000     0.753     1.363
  11   8 O     -0.624  1.762  4.862  0.000    25.762     6.850
  12   1 H      0.346  0.654  0.000  0.000     0.598     1.215
  13   1 H      0.333  0.667  0.000  0.000     0.631     1.248
  14   1 H      0.319  0.681  0.000  0.000     0.667     1.283
  15   8 O     -0.614  1.754  4.860  0.000    25.526     6.819
  16   1 H      0.333  0.667  0.000  0.000     0.629     1.246
  17   1 H      0.299  0.701  0.000  0.000     0.717     1.327
  18   1 H      0.327  0.673  0.000  0.000     0.644     1.261
  19   8 O     -0.612  1.748  4.865  0.000    25.486     6.814
  20   1 H      0.325  0.675  0.000  0.000     0.652     1.268
  21   1 H      0.341  0.659  0.000  0.000     0.610     1.227
  22   1 H      0.305  0.695  0.000  0.000     0.706     1.320
  23   7 N     -0.348  1.280  4.067  0.000    28.929     7.988
  24   1 H      0.314  0.686  0.000  0.000     0.668     1.278
  25   1 H      0.226  0.774  0.000  0.000     0.982     1.553
  26   1 H      0.240  0.760  0.000  0.000     0.924     1.506

 Mol. C6AA /au·bohr⁶  :       5446.460360
 Mol. C8AA /au·bohr⁸  :     118017.788011
 Mol. α(0) /au        :        106.571188

 
 Wiberg/Mayer (AO) data. WBOs > 0.1 written file <wbo>
 largest (>0.05) Wiberg bond orders for each atom
           total WBO             WBO to atom ...
     1  S   4.905    O    4 1.481    O    2 1.330    O    3 1.154    O    5 0.901
     2  O   1.714    S    1 1.330    O    4 0.116    O    3 0.097    O    5 0.080    H   13 0.053
     3  O   1.783    S    1 1.154    H   24 0.199    O    4 0.103    O    2 0.097    N   23 0.068    O    5 0.068    H   20 0.063
     4  O   1.790    S    1 1.481    O    2 0.116    O    3 0.103    O    5 0.073
     5  O   1.934    S    1 0.901    H    6 0.769    O    2 0.080    O    4 0.073    O    3 0.068
     6  H   0.864    O    5 0.769    O    9 0.079
     7  O   1.864    H    8 0.912    H   21 0.779    H   16 0.053
     8  H   0.919    O    7 0.912
     9  O   1.879    H   10 0.907    H   12 0.755    H    6 0.079    O   11 0.053
    10  H   0.916    O    9 0.907
    11  O   1.921    H   14 0.861    H   13 0.831    H   12 0.122    O    9 0.053
    12  H   0.880    O    9 0.755    O   11 0.122
    13  H   0.889    O   11 0.831    O    2 0.053
    14  H   0.898    O   11 0.861
    15  O   1.946    H   18 0.854    H   16 0.833    H   17 0.142    N   23 0.066
    16  H   0.889    O   15 0.833    O    7 0.053
    17  H   0.911    N   23 0.766    O   15 0.142
    18  H   0.893    O   15 0.854
    19  O   1.906    H   22 0.895    H   20 0.827    H   21 0.101
    20  H   0.895    O   19 0.827    O    3 0.063
    21  H   0.884    O    7 0.779    O   19 0.101
    22  H   0.907    O   19 0.895
    23  N   3.499    H   25 0.945    H   26 0.935    H   17 0.766    H   24 0.692    O    3 0.068    O   15 0.066
    24  H   0.901    N   23 0.692    O    3 0.199
    25  H   0.949    N   23 0.945
    26  H   0.943    N   23 0.935
 MOs/occ written to file <molden.input>
 
molecular dipole:
                 x           y           z       tot (Debye)
 q only:       -3.046       1.085      -0.105
   full:       -2.723       0.947       0.033       7.329
molecular quadrupole (traceless):
                xx          xy          yy          xz          yz          zz
 q only:        1.339      17.962      -7.652       7.653      -3.669       6.313
  q+dip:       -0.616      18.946      -6.323       7.629      -5.038       6.939
   full:       -0.737      19.066      -6.387       7.510      -5.376       7.124

SCC energy    :     -50.7381220
rep           :       0.2815019
ES            :       0.2687558
AES           :      -0.0670301
AXC           :      -0.0078180
disp          :      -0.0195604
XB            :       0.0000000
fix           :       0.0000000
total E       :     -50.4562027
atomizationE  :       4.9865068     3129.08
(atE without considering molecular charge,
 total energy contains solvation terms)
H-L gap (eV)  :          8.8074
optimized geometry written to: xtbopt.xyz


------------------------------------------------------------------------
 * finished run on 2019/09/16 at 11:27:18.637     
------------------------------------------------------------------------
 total:
 * wall-time:     0 d,  0 h,  0 min,  1.745 sec
 *  cpu-time:     0 d,  0 h,  0 min,  1.547 sec
 * ratio c/w:     0.886 speedup
 SCF:
 * wall-time:     0 d,  0 h,  0 min,  0.170 sec
 *  cpu-time:     0 d,  0 h,  0 min,  0.133 sec
 * ratio c/w:     0.781 speedup
 ANC optimizer:
 * wall-time:     0 d,  0 h,  0 min,  1.551 sec
 *  cpu-time:     0 d,  0 h,  0 min,  1.393 sec
 * ratio c/w:     0.898 speedup

