      -----------------------------------------------------------      
     |                   =====================                   |     
     |                           x T B                           |     
     |                   =====================                   |     
     |                         S. Grimme                         |     
     |          Mulliken Center for Theoretical Chemistry        |     
     |                    University of Bonn                     |     
     |                 Version 6.0.1 (SAW181210)                 |     
      -----------------------------------------------------------      

   This program is distributed in the hope that it will be useful,
   but WITHOUT ANY WARRANTY; without even the implied warranty of
   MERCHANTABILITY or FITNESS FOR A PARTICULAR PURPOSE.
   
   FOR NON-COMMERCIAL, ACADEMIA USE ONLY.
   
   Cite this work as:
   S. Grimme, C. Bannwarth, P. Shushkov, J. Comput. Theory Chem., 2017,
   13, 1989-2009.
   C. Bannwarth, S. Ehlert and S. Grimme., ChemRxiv, 2018, preprint.
   http://doi.org/10.26434/chemrxiv.7246238.v1
   
   for sTDA-xTB:
   S. Grimme and C. Bannwarth, J. Chem. Phys., 2016, 145, 054103.
   
   in the mass-spec context:
   V. Asgeirsson, C. Bauer and S. Grimme, Chem. Sci., 2017, 8, 4879.
   
   if GBSA is used:
   P. Shushkov, F. März and S. Grimme, unpublished.
   
   for ANC optimizer:
   S. Grimme, unpublished.
   Rational Function algorithm used in ANCopt:
   F. Eckert, P. Pulay, H.-J. Werner, J. Comput. Chem., 1997, 18, 1473.
   
   with help from (in alphabetical order)
   C. Bannwarth, F. Bohle, G. Brandenburg, E. Caldeweyher, M. Checinski,
   S. Dohm, S. Ehlert, S. Ehrlich, F. März, H. Neugebauer, J. Pisarek,
   P. Pracht, P. Shushkov, and S. Spicher.
   
 * started run on 2019/09/16 at 12:00:56.027     
========================================================================
 # omp threads = 1
========================================================================
number of atoms            : 26
number of electrons        : 80
charge                     : 0
spin                       : .0
first test random number   : .5819

########################################################################
# WARNING! Please study the warnings concerning your input carefully
#  - XTBPATH is not set, using XTBHOME instead
#  - the use of '-opt' is discouraged, please use '--opt' next time
#  - the use of '-chrg' is discouraged, please use '--chrg' next time
#  - the use of '-uhf' is discouraged, please use '--uhf' next time
########################################################################

           ------------------------------------------------- 
          |                 G F N 2 - x T B                 |
          | Geometry, Frequencies, Noncovalent interactions |
          |            JCTC 2018 parametrisation            |
           ------------------------------------------------- 
      method parameters     
 k(s)        :  1.8500
 k(p)        :  2.2300
 k(d)        :  2.2300
 k(f)        :  2.0000
 kEN (H0ij)  : -2.0000
 D4 a1       :  0.5200
 D4 a2       :  5.0000
 D4 s6       :  1.0000
 D4 s8       :  2.7000
 D4 s9       :  5.0000
 alphaj      :  2.0000


            Z     q(EN)     CN     RAES       Cart. coordinates
     1  S   6.0    0.64    4.26    4.17     0.37647    -0.28897     4.15803
     2  O   6.0   -0.31    1.21    1.80     2.43687     1.50917     3.48751
     3  O   6.0   -0.33    1.22    1.80    -1.87058     0.21157     2.53681
     4  O   6.0   -0.31    1.22    1.80     1.26320    -2.92912     3.74396
     5  O   6.0   -0.25    2.08    1.84    -0.31401     0.04783     6.82680
     6  H   1.0    0.14    1.21    1.47    -0.88546     1.74868     7.09447
     7  O   6.0   -0.36    1.51    1.80     0.49899     5.99516    -2.02483
     8  H   1.0    0.18    0.94    1.42     0.27759     7.82495    -2.31912
     9  O   6.0   -0.39    1.69    1.81     1.93127    -0.58324    -3.19437
    10  H   1.0    0.17    0.95    1.42     2.56331    -0.75878    -4.94178
    11  O   6.0   -0.22    2.94    2.63     3.76920     3.04304    -0.99990
    12  H   1.0    0.16    1.19    1.46     2.69910     4.50207    -1.46462
    13  H   1.0    0.16    1.05    1.44     3.71069     2.68724     0.83313
    14  H   1.0    0.16    1.15    1.45     3.36799     1.52895    -2.01876
    15  O   6.0   -0.22    2.92    2.60     1.10506    -4.42750    -0.90528
    16  H   1.0    0.12    1.04    1.43    -0.71282    -4.80609    -1.10981
    17  H   1.0    0.16    1.20    1.46     1.63992    -2.97486    -1.95112
    18  H   1.0    0.15    1.06    1.44     1.57583    -4.20728     0.88955
    19  O   6.0   -0.23    2.94    2.64    -1.66984     2.04525    -2.08454
    20  H   1.0    0.16    1.16    1.46    -0.40901     0.87217    -2.80844
    21  H   1.0    0.15    1.04    1.43    -2.17276     1.55226    -0.35421
    22  H   1.0    0.17    1.20    1.47    -1.09934     3.82269    -2.16674
    23  N   5.0   -0.22    3.02    1.93    -4.03059    -4.28597    -0.51833
    24  H   1.0    0.10    0.99    1.43    -5.24885    -3.66067    -1.87329
    25  H   1.0    0.12    1.00    1.43    -3.81872    -2.81885     0.71200
    26  H   1.0    0.11    0.99    1.43    -4.98352    -5.64970     0.45287

  Z AO/shell   Hii/eV     exponent
  1     Wed Apr 25 08:07:45 CEST 2018   EN: 2.200 GM2: 0.406  GM3: 0.0800  RAES: 1.40
     1s    -10.707211    1.230000
  7     Wed Apr 25 08:07:45 CEST 2018   EN: 3.040 GM2: 0.461  GM3:-0.0640  RAES: 1.90
     2s    -16.686243    2.339881
     2p    -12.523956    2.014332
  8     Wed Apr 25 08:07:45 CEST 2018   EN: 3.440 GM2: 0.452  GM3:-0.0517  RAES: 1.80
     2s    -20.229985    2.439742
     2p    -15.503117    2.137023
 16     Tue Apr 24 11:44:34 CEST 2018   EN: 2.580 GM2: 0.340  GM3:-0.0502  RAES: 3.10
     3s    -20.029654    1.981333
     3p    -11.377694    2.025643
     3d     -0.420282    1.702555
 no old-style atom pair restraining (fixing) potential

molecular fragmentation (1/2 indicates fragments):
11111122222222222222222222
# atoms in fragment 1/2:     6    20
 fragment masses (1/2) :       97.07      108.11
CMA distance (Bohr)    :   5.812
constraining FC (au)   :  0.0500
           ------------------------------------------------- 
          |        Self-Consistent Charge Iterations        |
           ------------------------------------------------- 

 Ncao       : 65
 Nao        : 64
 Nshell     : 38
 Nel        : 80
 T(el)      :   300.0
 intcut     :    25.0
 scfconv/Eh :  0.100E-05
   qconv/e  :  0.100E-03
 intneglect :  0.100E-07
 broydamp   :      0.250
 iter      E             dE          RMSdq      gap      omega  full diag
   1    -50.5276764 -0.505277E+02  0.707E+00   10.10       0.0  T
   2    -50.5775723 -0.498959E-01  0.512E+00    9.31       1.0  T
   3    -50.6163036 -0.387312E-01  0.137E+00    5.80       1.0  T
   4    -50.6216653 -0.536175E-02  0.589E-01    6.16       1.0  T
   5    -50.6223085 -0.643192E-03  0.328E-01    6.11       1.0  T
   6    -50.6227905 -0.482002E-03  0.138E-01    6.24       1.0  T
   7    -50.6228955 -0.105007E-03  0.487E-02    6.26       1.0  T
   8    -50.6229068 -0.112730E-04  0.311E-02    6.25       1.0  T
   9    -50.6229126 -0.578281E-05  0.112E-02    6.26       1.8  T
  10    -50.6229133 -0.768691E-06  0.224E-03    6.27       8.8  T
  11    -50.6229134 -0.146491E-07  0.127E-03    6.27      15.4  T
  12    -50.6229134 -0.597066E-08  0.505E-04    6.27      38.8  T
  13    -50.6229134 -0.153786E-08  0.146E-04    6.27     134.6  T
speedup  1.02
cpu  time for SCC    0.01 s
wall time for SCC    0.01 s

   *** convergence criteria satisfied after 13 iterations ***

          eigenvalues
 #    :          28         29         30         31         32         33         34         35
 occ. :        2.000      2.000      2.000      2.000      2.000      2.000      2.000      2.000
 eps  :       -13.061    -12.147    -11.956    -11.832    -11.721    -11.380    -11.346    -11.251
 #    :          36         37         38         39         40         41         42         43
 occ. :        2.000      2.000      2.000      2.000      2.000      0.000      0.000      0.000
 eps  :       -11.055    -10.985    -10.881     -8.868     -8.396     -2.128     -0.345     -0.250
 #    :          44         45         46         47         48         49         50         51
 occ. :        0.000      0.000      0.000      0.000      0.000      0.000      0.000      0.000
 eps  :         0.659      0.909      0.962      2.217      3.495      3.552      3.777      4.707


   #   Z            q   n(s)   n(p)   n(d)      C6AA      α(0)
   1  16 S      1.612  1.583  1.831  0.973    90.793    16.037
   2   8 O     -0.753  1.773  4.980  0.000    30.199     7.368
   3   8 O     -0.771  1.769  5.002  0.000    30.713     7.430
   4   8 O     -0.734  1.768  4.965  0.000    29.641     7.299
   5   8 O     -0.547  1.722  4.825  0.000    23.918     6.602
   6   1 H      0.361  0.639  0.000  0.000     0.554     1.165
   7   8 O     -0.896  1.814  5.083  0.000    34.594     7.888
   8   1 H      0.176  0.824  0.000  0.000     1.252     1.758
   9   8 O     -0.840  1.829  5.011  0.000    32.754     7.675
  10   1 H      0.219  0.781  0.000  0.000     1.027     1.592
  11   8 O     -0.479  1.667  4.812  0.000    22.392     6.391
  12   1 H      0.403  0.597  0.000  0.000     0.473     1.077
  13   1 H      0.385  0.615  0.000  0.000     0.513     1.126
  14   1 H      0.389  0.611  0.000  0.000     0.503     1.113
  15   8 O     -0.451  1.653  4.798  0.000    21.806     6.307
  16   1 H      0.381  0.619  0.000  0.000     0.521     1.134
  17   1 H      0.404  0.596  0.000  0.000     0.472     1.076
  18   1 H      0.401  0.599  0.000  0.000     0.484     1.093
  19   8 O     -0.483  1.668  4.815  0.000    22.478     6.403
  20   1 H      0.393  0.607  0.000  0.000     0.494     1.102
  21   1 H      0.378  0.622  0.000  0.000     0.527     1.140
  22   1 H      0.405  0.595  0.000  0.000     0.469     1.073
  23   7 N     -0.454  1.384  4.070  0.000    31.947     8.394
  24   1 H      0.158  0.842  0.000  0.000     1.351     1.820
  25   1 H      0.191  0.809  0.000  0.000     1.152     1.681
  26   1 H      0.153  0.847  0.000  0.000     1.384     1.843

 Mol. C6AA /au·bohr⁶  :       5561.437680
 Mol. C8AA /au·bohr⁸  :     120421.954016
 Mol. α(0) /au        :        107.588204

 
 Wiberg/Mayer (AO) data. WBOs > 0.1 written file <wbo>
 largest (>0.05) Wiberg bond orders for each atom
           total WBO             WBO to atom ...
     1  S   4.902    O    4 1.312    O    2 1.293    O    3 1.263    O    5 0.994
     2  O   1.683    S    1 1.293    O    3 0.114    O    4 0.113    O    5 0.072    H   13 0.065
     3  O   1.671    S    1 1.263    O    2 0.114    O    4 0.112    O    5 0.071    H   21 0.065
     4  O   1.714    S    1 1.312    O    2 0.113    O    3 0.112    H   18 0.081    O    5 0.053
     5  O   2.044    S    1 0.994    H    6 0.846    O    2 0.072    O    3 0.071    O    4 0.053
     6  H   0.869    O    5 0.846
     7  O   1.452    H    8 0.943    H   22 0.191    H   12 0.189    O   11 0.058    O   19 0.057
     8  H   0.969    O    7 0.943
     9  O   1.650    H   10 0.946    H   17 0.198    H   20 0.161    H   14 0.157    O   15 0.062    O   19 0.055    O   11 0.055
    10  H   0.952    O    9 0.946
    11  O   2.263    H   13 0.777    H   14 0.687    H   12 0.642    O    7 0.058    O    9 0.055
    12  H   0.837    O   11 0.642    O    7 0.189
    13  H   0.852    O   11 0.777    O    2 0.065
    14  H   0.849    O   11 0.687    O    9 0.157
    15  O   2.290    H   16 0.769    H   18 0.750    H   17 0.635    O    9 0.062
    16  H   0.855    O   15 0.769    N   23 0.080
    17  H   0.837    O   15 0.635    O    9 0.198
    18  H   0.840    O   15 0.750    O    4 0.081
    19  O   2.258    H   21 0.782    H   20 0.679    H   22 0.638    O    7 0.057    O    9 0.055
    20  H   0.845    O   19 0.679    O    9 0.161
    21  H   0.857    O   19 0.782    O    3 0.065
    22  H   0.836    O   19 0.638    O    7 0.191
    23  N   3.017    H   26 0.974    H   24 0.972    H   25 0.946    H   16 0.080
    24  H   0.975    N   23 0.972
    25  H   0.963    N   23 0.946
    26  H   0.977    N   23 0.974
 MOs/occ written to file <molden.input>
 
molecular dipole:
                 x           y           z       tot (Debye)
 q only:       -0.886      -1.961      -0.772
   full:       -1.474      -1.435      -0.039       5.231
molecular quadrupole (traceless):
                xx          xy          yy          xz          yz          zz
 q only:        5.895       2.907      -5.209      -4.563      14.016      -0.686
  q+dip:        3.773       4.515      -7.749      -6.770      13.611       3.976
   full:        3.090       4.457      -7.414      -6.901      13.627       4.324

SCC energy    :     -50.6229134
rep           :       0.2758960
ES            :       0.3163441
AES           :      -0.0700109
AXC           :      -0.0073020
disp          :      -0.0188315
XB            :       0.0000000
fix           :       0.0000000
total E       :     -50.3466902
atomizationE  :       4.8769944     3060.36
(atE without considering molecular charge,
 total energy contains solvation terms)
H-L gap (eV)  :          6.2680
           ------------------------------------------------- 
          |                 ===============                 |
          |                   A N C O P T                   |
          |                 ===============                 |
          |          Approximate Normal Coordinate          |
          |           Rational Function Optimizer           |
           ------------------------------------------------- 
dumping coords to <xtbopt.coord> and <xtbopt.log>
 optlevel               2
 Maxcycle             520
 Maxmicro              25
 Econv         1.000000000000000E-007
 Gconv         2.000000000000000E-004
 Maxdispl       1.00000000000000     
 Hlow          5.000000000000000E-003
 S6             20.0000000000000     
 Nvar               72

generating ANC from model Hessian ...
 Shifting diagonal of input Hessian by   4.878789029765435E-003
 Lowest  eigenvalues of input Hessian
   -0.000000   -0.000000   -0.000000   -0.000000    0.000000    0.000000
    0.005000    0.005066    0.005387    0.006049    0.006262    0.007172
    0.007988    0.008275    0.008872    0.009494    0.010715    0.011393
 Highest eigenvalues
    1.582832    1.590504    1.597063    3.144360    3.213458    3.321018
 
cpu  time for ANC gen    0.02 s
wall time for ANC gen    0.02 s
................................................................................
.............................. CYCLE    1 ......................................
................................................................................
   1    -50.6229134 -0.506229E+02  0.755E-05    6.27       0.0  T
   2    -50.6229134 -0.135074E-10  0.573E-05    6.27     342.3  T
   3    -50.6229134 -0.125482E-10  0.273E-05    6.27     718.5  T
speedup  1.07
cpu  time for SCC    0.00 s
wall time for SCC    0.00 s
speedup  0.96
cpu  time for grad    0.01 s
wall time for grad    0.01 s
 E :    -50.34669020  G :  0.234305    pred/act E change:  0.000D+00  0.456D-07
Maxdispl :   0.1174   ||displ|| :   0.2995   Lambda : -0.450D-01
Largest |displ|/coords:  0.1174 (  54)  0.1126 (  55)  0.0969 (  28)
................................................................................
.............................. CYCLE    2 ......................................
................................................................................
   1    -50.6403263 -0.506403E+02  0.327E-01    6.41       0.0  T
   2    -50.6405914 -0.265039E-03  0.247E-01    6.53       1.0  T
   3    -50.6407225 -0.131112E-03  0.787E-02    6.78       1.0  T
   4    -50.6407408 -0.183451E-04  0.207E-02    6.76       1.0  T
   5    -50.6407419 -0.109237E-05  0.558E-03    6.74       3.5  T
   6    -50.6407420 -0.621699E-07  0.313E-03    6.74       6.3  T
speedup  0.94
cpu  time for SCC    0.00 s
wall time for SCC    0.01 s
speedup  0.92
cpu  time for grad    0.01 s
wall time for grad    0.01 s
 E :    -50.38263962  G :  0.146163    pred/act E change:  0.000D+00 -0.359D-01
Maxdispl :   0.1502   ||displ|| :   0.3244   Lambda : -0.232D-01
Largest |displ|/coords:  0.1502 (  28)  0.1314 (  17)  0.0961 (  20)
................................................................................
.............................. CYCLE    3 ......................................
................................................................................
   1    -50.6487392 -0.506487E+02  0.297E-01    6.91       0.0  T
   2    -50.6491211 -0.381877E-03  0.218E-01    7.06       1.0  T
   3    -50.6492948 -0.173693E-03  0.878E-02    7.32       1.0  T
   4    -50.6493074 -0.125444E-04  0.183E-02    7.32       1.1  T
   5    -50.6493080 -0.620601E-06  0.520E-03    7.30       3.8  T
   6    -50.6493080 -0.556120E-07  0.289E-03    7.31       6.8  T
speedup  0.96
cpu  time for SCC    0.01 s
wall time for SCC    0.01 s
speedup  0.99
cpu  time for grad    0.01 s
wall time for grad    0.01 s
 E :    -50.40133633  G :  0.096397    pred/act E change: -0.245D-01 -0.187D-01
Maxdispl :   0.1235   ||displ|| :   0.3534   Lambda : -0.121D-01
Largest |displ|/coords:  0.1235 (  10)  0.1223 (  17)  0.1089 (  28)
................................................................................
.............................. CYCLE    4 ......................................
................................................................................
   1    -50.6528219 -0.506528E+02  0.341E-01    7.46       0.0  T
   2    -50.6532691 -0.447196E-03  0.244E-01    7.64       1.0  T
   3    -50.6534662 -0.197101E-03  0.932E-02    7.94       1.0  T
   4    -50.6534833 -0.171515E-04  0.185E-02    7.93       1.1  T
   5    -50.6534842 -0.854874E-06  0.585E-03    7.92       3.4  T
   6    -50.6534842 -0.633599E-07  0.320E-03    7.92       6.1  T
speedup  0.94
cpu  time for SCC    0.00 s
wall time for SCC    0.01 s
speedup  0.98
cpu  time for grad    0.01 s
wall time for grad    0.01 s
 E :    -50.41143544  G :  0.066900    pred/act E change: -0.128D-01 -0.101D-01
Maxdispl :   0.2513   ||displ|| :   0.4248   Lambda : -0.791D-02
Largest |displ|/coords:  0.2513 (  10)  0.1476 (  11)  0.1341 (   7)
................................................................................
.............................. CYCLE    5 ......................................
................................................................................
   1    -50.6495519 -0.506496E+02  0.579E-01    7.99       0.0  T
   2    -50.6503014 -0.749529E-03  0.415E-01    8.23       1.0  T
   3    -50.6506093 -0.307888E-03  0.132E-01    8.64       1.0  T
   4    -50.6506593 -0.499512E-04  0.246E-02    8.60       1.0  T
   5    -50.6506611 -0.178973E-05  0.977E-03    8.58       2.0  T
   6    -50.6506614 -0.369451E-06  0.525E-03    8.58       3.7  T
   7    -50.6506615 -0.453714E-07  0.154E-03    8.58      12.7  T
speedup  0.98
cpu  time for SCC    0.01 s
wall time for SCC    0.01 s
speedup  1.00
cpu  time for grad    0.01 s
wall time for grad    0.01 s
 E :    -50.41666171  G :  0.075044    pred/act E change: -0.680D-02 -0.523D-02
Maxdispl :   0.1839   ||displ|| :   0.3954   Lambda : -0.112D-01
Largest |displ|/coords:  0.1839 (  11)  0.1811 (   1)  0.1544 (  10)
................................................................................
.............................. CYCLE    6 ......................................
................................................................................
   1    -50.6657786 -0.506658E+02  0.510E-01    8.78       0.0  T
   2    -50.6659515 -0.172945E-03  0.384E-01    8.82       1.0  T
   3    -50.6660639 -0.112382E-03  0.646E-02    8.93       1.0  T
   4    -50.6660869 -0.229982E-04  0.178E-02    8.94       1.1  T
   5    -50.6660874 -0.514787E-06  0.725E-03    8.94       2.7  T
   6    -50.6660875 -0.753998E-07  0.274E-03    8.94       7.1  T
   7    -50.6660875 -0.112291E-07  0.863E-04    8.94      22.7  T
speedup  1.00
cpu  time for SCC    0.01 s
wall time for SCC    0.01 s
speedup  0.94
cpu  time for grad    0.01 s
wall time for grad    0.01 s
 E :    -50.41862804  G :  0.061371    pred/act E change: -0.467D-02 -0.197D-02
Maxdispl :   0.1398   ||displ|| :   0.3147   Lambda : -0.686D-02
Largest |displ|/coords:  0.1398 (  14)  0.1311 (  10)  0.1272 (  11)
................................................................................
.............................. CYCLE    7 ......................................
................................................................................
   1    -50.6608662 -0.506609E+02  0.453E-01    8.87       0.0  T
   2    -50.6611311 -0.264913E-03  0.331E-01    9.01       1.0  T
   3    -50.6612582 -0.127135E-03  0.856E-02    9.04       1.0  T
   4    -50.6612829 -0.246769E-04  0.176E-02    9.05       1.1  T
   5    -50.6612837 -0.832887E-06  0.626E-03    9.05       3.1  T
   6    -50.6612839 -0.141602E-06  0.378E-03    9.05       5.2  T
   7    -50.6612839 -0.200909E-07  0.810E-04    9.05      24.2  T
speedup  0.98
cpu  time for SCC    0.01 s
wall time for SCC    0.01 s
speedup  1.00
cpu  time for grad    0.01 s
wall time for grad    0.01 s
 E :    -50.42306159  G :  0.041101    pred/act E change: -0.649D-02 -0.443D-02
Maxdispl :   0.1133   ||displ|| :   0.2553   Lambda : -0.278D-02
Largest |displ|/coords:  0.1133 (   7)  0.1060 (   4)  0.0856 (  10)
................................................................................
.............................. CYCLE    8 ......................................
................................................................................
   1    -50.6632782 -0.506633E+02  0.234E-01    8.98       0.0  T
   2    -50.6635321 -0.253882E-03  0.159E-01    8.96       1.0  T
   3    -50.6636413 -0.109146E-03  0.640E-02    8.93       1.0  T
   4    -50.6636491 -0.786455E-05  0.121E-02    8.93       1.6  T
   5    -50.6636496 -0.466151E-06  0.485E-03    8.94       4.0  T
   6    -50.6636496 -0.406930E-07  0.269E-03    8.94       7.3  T
speedup  1.13
cpu  time for SCC    0.01 s
wall time for SCC    0.01 s
speedup  1.06
cpu  time for grad    0.01 s
wall time for grad    0.01 s
 E :    -50.42522606  G :  0.046277    pred/act E change: -0.377D-02 -0.216D-02
Maxdispl :   0.1615   ||displ|| :   0.4295   Lambda : -0.620D-02
Largest |displ|/coords:  0.1615 (   1)  0.1429 (  31)  0.1200 (   8)
................................................................................
.............................. CYCLE    9 ......................................
................................................................................
   1    -50.6783499 -0.506783E+02  0.354E-01    8.81       0.0  T
   2    -50.6792450 -0.895138E-03  0.237E-01    8.78       1.0  T
   3    -50.6796382 -0.393143E-03  0.108E-01    8.73       1.0  T
   4    -50.6796589 -0.207569E-04  0.217E-02    8.74       1.0  T
   5    -50.6796602 -0.129493E-05  0.950E-03    8.74       2.1  T
   6    -50.6796603 -0.128281E-06  0.479E-03    8.74       4.1  T
   7    -50.6796604 -0.467915E-07  0.131E-03    8.74      15.0  T
speedup  0.98
cpu  time for SCC    0.01 s
wall time for SCC    0.01 s
speedup  1.00
cpu  time for grad    0.01 s
wall time for grad    0.01 s
 E :    -50.42889170  G :  0.033802    pred/act E change: -0.148D-02 -0.367D-02
Maxdispl :   0.1088   ||displ|| :   0.3007   Lambda : -0.263D-02
Largest |displ|/coords:  0.1088 (  10)  0.1064 (   7)  0.0833 (  17)
................................................................................
.............................. CYCLE   10 ......................................
................................................................................
   1    -50.6845207 -0.506845E+02  0.255E-01    8.68       0.0  T
   2    -50.6847410 -0.220222E-03  0.182E-01    8.65       1.0  T
   3    -50.6848470 -0.106059E-03  0.684E-02    8.61       1.0  T
   4    -50.6848606 -0.135481E-04  0.120E-02    8.61       1.6  T
   5    -50.6848609 -0.327323E-06  0.590E-03    8.61       3.3  T
   6    -50.6848609 -0.383104E-07  0.262E-03    8.61       7.5  T
speedup  1.15
cpu  time for SCC    0.01 s
wall time for SCC    0.01 s
speedup  0.99
cpu  time for grad    0.01 s
wall time for grad    0.01 s
 E :    -50.43077542  G :  0.043538    pred/act E change: -0.367D-02 -0.188D-02
Maxdispl :   0.1389   ||displ|| :   0.4263   Lambda : -0.455D-02
Largest |displ|/coords:  0.1389 (  10)  0.1327 (  28)  0.1294 (  25)
................................................................................
.............................. CYCLE   11 ......................................
................................................................................
   1    -50.6964308 -0.506964E+02  0.285E-01    8.54       0.0  T
   2    -50.6966137 -0.182894E-03  0.209E-01    8.50       1.0  T
   3    -50.6967222 -0.108484E-03  0.670E-02    8.42       1.0  T
   4    -50.6967390 -0.168363E-04  0.146E-02    8.42       1.3  T
   5    -50.6967393 -0.270796E-06  0.630E-03    8.42       3.1  T
   6    -50.6967393 -0.359247E-07  0.243E-03    8.42       8.1  T
   7    -50.6967393 -0.832232E-08  0.579E-04    8.42      33.9  T
speedup  0.98
cpu  time for SCC    0.01 s
wall time for SCC    0.01 s
speedup  1.01
cpu  time for grad    0.01 s
wall time for grad    0.01 s
 E :    -50.43356568  G :  0.039588    pred/act E change: -0.143D-02 -0.279D-02
Maxdispl :   0.2103   ||displ|| :   0.4167   Lambda : -0.420D-02
Largest |displ|/coords:  0.2103 (   1)  0.1402 (  18)  0.1087 (  30)
................................................................................
.............................. CYCLE   12 ......................................
................................................................................
   1    -50.7017060 -0.507017E+02  0.252E-01    8.40       0.0  T
   2    -50.7017901 -0.840403E-04  0.186E-01    8.38       1.0  T
   3    -50.7018332 -0.431544E-04  0.453E-02    8.33       1.0  T
   4    -50.7018433 -0.100084E-04  0.157E-02    8.33       1.3  T
   5    -50.7018436 -0.378632E-06  0.486E-03    8.33       4.0  T
   6    -50.7018437 -0.293301E-07  0.258E-03    8.33       7.6  T
speedup  0.94
cpu  time for SCC    0.01 s
wall time for SCC    0.01 s
speedup  0.99
cpu  time for grad    0.01 s
wall time for grad    0.01 s
 E :    -50.43596525  G :  0.034609    pred/act E change: -0.269D-02 -0.240D-02
Maxdispl :   0.1392   ||displ|| :   0.3482   Lambda : -0.347D-02
Largest |displ|/coords:  0.1392 (  13)  0.1181 (   7)  0.1113 (  18)
................................................................................
.............................. CYCLE   13 ......................................
................................................................................
   1    -50.6994262 -0.506994E+02  0.252E-01    8.40       0.0  T
   2    -50.6994769 -0.506626E-04  0.187E-01    8.39       1.0  T
   3    -50.6994987 -0.217834E-04  0.341E-02    8.35       1.0  T
   4    -50.6995060 -0.734195E-05  0.117E-02    8.35       1.7  T
   5    -50.6995061 -0.139254E-06  0.324E-03    8.35       6.1  T
   6    -50.6995062 -0.116430E-07  0.184E-03    8.35      10.7  T
speedup  0.96
cpu  time for SCC    0.00 s
wall time for SCC    0.01 s
speedup  0.99
cpu  time for grad    0.01 s
wall time for grad    0.01 s
 E :    -50.43812331  G :  0.028198    pred/act E change: -0.246D-02 -0.216D-02
Maxdispl :   0.1274   ||displ|| :   0.3123   Lambda : -0.272D-02
Largest |displ|/coords:  0.1274 (   6)  0.1177 (  14)  0.1134 (  18)
................................................................................
.............................. CYCLE   14 ......................................
................................................................................
   1    -50.7049937 -0.507050E+02  0.212E-01    8.46       0.0  T
   2    -50.7051317 -0.138016E-03  0.150E-01    8.44       1.0  T
   3    -50.7051941 -0.623672E-04  0.530E-02    8.41       1.0  T
   4    -50.7052011 -0.705536E-05  0.124E-02    8.41       1.6  T
   5    -50.7052014 -0.237214E-06  0.421E-03    8.40       4.7  T
   6    -50.7052014 -0.195576E-07  0.209E-03    8.41       9.4  T
speedup  0.96
cpu  time for SCC    0.00 s
wall time for SCC    0.01 s
speedup  0.98
cpu  time for grad    0.01 s
wall time for grad    0.01 s
 E :    -50.43909740  G :  0.029399    pred/act E change: -0.195D-02 -0.974D-03
Maxdispl :   0.0774   ||displ|| :   0.2046   Lambda : -0.197D-02
Largest |displ|/coords:  0.0774 (   1)  0.0712 (   6)  0.0632 (   9)
................................................................................
.............................. CYCLE   15 ......................................
................................................................................
   1    -50.7085981 -0.507086E+02  0.167E-01    8.46       0.0  T
   2    -50.7086250 -0.269242E-04  0.125E-01    8.45       1.0  T
   3    -50.7086430 -0.179374E-04  0.282E-02    8.41       1.0  T
   4    -50.7086464 -0.337262E-05  0.744E-03    8.42       2.6  T
   5    -50.7086464 -0.773058E-07  0.304E-03    8.42       6.5  T
   6    -50.7086464 -0.107755E-07  0.139E-03    8.42      14.1  T
speedup  0.94
cpu  time for SCC    0.00 s
wall time for SCC    0.01 s
speedup  0.99
cpu  time for grad    0.01 s
wall time for grad    0.01 s
 E :    -50.44008886  G :  0.027424    pred/act E change: -0.149D-02 -0.991D-03
Maxdispl :   0.1007   ||displ|| :   0.2106   Lambda : -0.163D-02
Largest |displ|/coords:  0.1007 (  23)  0.0932 (   6)  0.0682 (  12)
................................................................................
.............................. CYCLE   16 ......................................
................................................................................
   1    -50.7069239 -0.507069E+02  0.156E-01    8.45       0.0  T
   2    -50.7069953 -0.714142E-04  0.112E-01    8.45       1.0  T
   3    -50.7070271 -0.318099E-04  0.389E-02    8.45       1.0  T
   4    -50.7070320 -0.486549E-05  0.809E-03    8.45       2.4  T
   5    -50.7070320 -0.792444E-07  0.320E-03    8.45       6.1  T
   6    -50.7070321 -0.122864E-07  0.137E-03    8.45      14.3  T
speedup  1.11
cpu  time for SCC    0.01 s
wall time for SCC    0.01 s
speedup  0.98
cpu  time for grad    0.01 s
wall time for grad    0.01 s
 E :    -50.44039910  G :  0.027482    pred/act E change: -0.103D-02 -0.310D-03
Maxdispl :   0.0677   ||displ|| :   0.1485   Lambda : -0.138D-02
Largest |displ|/coords:  0.0677 (   1)  0.0517 (  12)  0.0461 (   2)
................................................................................
.............................. CYCLE   17 ......................................
................................................................................
   1    -50.7115642 -0.507116E+02  0.113E-01    8.43       0.0  T
   2    -50.7115843 -0.201311E-04  0.842E-02    8.42       1.0  T
   3    -50.7115967 -0.123629E-04  0.232E-02    8.40       1.0  T
   4    -50.7115988 -0.218208E-05  0.750E-03    8.40       2.6  T
   5    -50.7115989 -0.874635E-07  0.251E-03    8.40       7.8  T
   6    -50.7115989 -0.690102E-08  0.125E-03    8.40      15.7  T
speedup  0.96
cpu  time for SCC    0.01 s
wall time for SCC    0.01 s
speedup  1.00
cpu  time for grad    0.01 s
wall time for grad    0.01 s
 E :    -50.44132964  G :  0.020236    pred/act E change: -0.851D-03 -0.931D-03
Maxdispl :   0.1510   ||displ|| :   0.2480   Lambda : -0.134D-02
Largest |displ|/coords:  0.1510 (   1)  0.0756 (  27)  0.0694 (   2)
................................................................................
.............................. CYCLE   18 ......................................
................................................................................
   1    -50.7166120 -0.507166E+02  0.162E-01    8.40       0.0  T
   2    -50.7166776 -0.655754E-04  0.120E-01    8.39       1.0  T
   3    -50.7167107 -0.331569E-04  0.418E-02    8.38       1.0  T
   4    -50.7167163 -0.559051E-05  0.105E-02    8.37       1.9  T
   5    -50.7167165 -0.199369E-06  0.381E-03    8.37       5.2  T
   6    -50.7167165 -0.121912E-07  0.186E-03    8.37      10.5  T
speedup  0.96
cpu  time for SCC    0.00 s
wall time for SCC    0.01 s
speedup  1.00
cpu  time for grad    0.01 s
wall time for grad    0.01 s
 E :    -50.44230665  G :  0.021697    pred/act E change: -0.707D-03 -0.977D-03
Maxdispl :   0.1688   ||displ|| :   0.3864   Lambda : -0.192D-02
Largest |displ|/coords:  0.1688 (   1)  0.1504 (  27)  0.1320 (   2)
................................................................................
.............................. CYCLE   19 ......................................
................................................................................
   1    -50.7216147 -0.507216E+02  0.268E-01    8.30       0.0  T
   2    -50.7217717 -0.156915E-03  0.200E-01    8.29       1.0  T
   3    -50.7218592 -0.875573E-04  0.668E-02    8.26       1.0  T
   4    -50.7218741 -0.148571E-04  0.185E-02    8.25       1.1  T
   5    -50.7218746 -0.584050E-06  0.639E-03    8.25       3.1  T
   6    -50.7218747 -0.291609E-07  0.315E-03    8.26       6.2  T
   7    -50.7218747 -0.117482E-07  0.635E-04    8.26      30.9  T
speedup  1.00
cpu  time for SCC    0.01 s
wall time for SCC    0.01 s
speedup  0.94
cpu  time for grad    0.01 s
wall time for grad    0.01 s
 E :    -50.44355918  G :  0.027763    pred/act E change: -0.709D-03 -0.125D-02
Maxdispl :   0.1106   ||displ|| :   0.2348   Lambda : -0.152D-02
Largest |displ|/coords:  0.1106 (   1)  0.0751 (  27)  0.0640 (   2)
................................................................................
.............................. CYCLE   20 ......................................
................................................................................
   1    -50.7216422 -0.507216E+02  0.133E-01    8.14       0.0  T
   2    -50.7216652 -0.229776E-04  0.101E-01    8.14       1.0  T
   3    -50.7216820 -0.167634E-04  0.268E-02    8.14       1.0  T
   4    -50.7216847 -0.268796E-05  0.108E-02    8.14       1.8  T
   5    -50.7216848 -0.173265E-06  0.280E-03    8.14       7.0  T
   6    -50.7216848 -0.788619E-08  0.155E-03    8.14      12.6  T
speedup  0.96
cpu  time for SCC    0.01 s
wall time for SCC    0.01 s
speedup  1.00
cpu  time for grad    0.01 s
wall time for grad    0.01 s
 E :    -50.44452438  G :  0.023359    pred/act E change: -0.110D-02 -0.965D-03
Maxdispl :   0.1180   ||displ|| :   0.2233   Lambda : -0.163D-02
Largest |displ|/coords:  0.1180 (  15)  0.0795 (  12)  0.0497 (  27)
................................................................................
.............................. CYCLE   21 ......................................
................................................................................
   1    -50.7217100 -0.507217E+02  0.152E-01    8.04       0.0  T
   2    -50.7217264 -0.164766E-04  0.112E-01    8.04       1.0  T
   3    -50.7217360 -0.956176E-05  0.229E-02    8.04       1.0  T
   4    -50.7217379 -0.193197E-05  0.613E-03    8.04       3.2  T
   5    -50.7217380 -0.348748E-07  0.210E-03    8.04       9.3  T
   6    -50.7217380 -0.550462E-08  0.104E-03    8.04      18.9  T
speedup  0.96
cpu  time for SCC    0.00 s
wall time for SCC    0.01 s
speedup  0.98
cpu  time for grad    0.01 s
wall time for grad    0.01 s
 E :    -50.44532242  G :  0.021939    pred/act E change: -0.801D-03 -0.798D-03
Maxdispl :   0.0668   ||displ|| :   0.1529   Lambda : -0.865D-03
Largest |displ|/coords:  0.0668 (   1)  0.0504 (   9)  0.0398 (  18)
................................................................................
.............................. CYCLE   22 ......................................
................................................................................
   1    -50.7184961 -0.507185E+02  0.849E-02    8.06       0.0  T
   2    -50.7185030 -0.697977E-05  0.639E-02    8.06       1.0  T
   3    -50.7185078 -0.474980E-05  0.138E-02    8.06       1.4  T
   4    -50.7185086 -0.849372E-06  0.511E-03    8.06       3.8  T
   5    -50.7185087 -0.437229E-07  0.147E-03    8.06      13.3  T
speedup  0.91
cpu  time for SCC    0.00 s
wall time for SCC    0.00 s
speedup  0.98
cpu  time for grad    0.01 s
wall time for grad    0.01 s
 E :    -50.44586278  G :  0.017938    pred/act E change: -0.855D-03 -0.540D-03
Maxdispl :   0.0669   ||displ|| :   0.1662   Lambda : -0.849D-03
Largest |displ|/coords:  0.0669 (   9)  0.0410 (   7)  0.0376 (  30)
................................................................................
.............................. CYCLE   23 ......................................
................................................................................
   1    -50.7219995 -0.507220E+02  0.949E-02    8.12       0.0  T
   2    -50.7220159 -0.163577E-04  0.706E-02    8.13       1.0  T
   3    -50.7220240 -0.805347E-05  0.216E-02    8.13       1.0  T
   4    -50.7220254 -0.147225E-05  0.643E-03    8.13       3.1  T
   5    -50.7220255 -0.916285E-07  0.191E-03    8.13      10.2  T
   6    -50.7220255 -0.399302E-08  0.108E-03    8.13      18.1  T
speedup  1.13
cpu  time for SCC    0.01 s
wall time for SCC    0.01 s
speedup  0.99
cpu  time for grad    0.01 s
wall time for grad    0.01 s
 E :    -50.44628266  G :  0.011759    pred/act E change: -0.443D-03 -0.420D-03
Maxdispl :   0.0735   ||displ|| :   0.1603   Lambda : -0.519D-03
Largest |displ|/coords:  0.0735 (  14)  0.0636 (  15)  0.0609 (   1)
................................................................................
.............................. CYCLE   24 ......................................
................................................................................
   1    -50.7223578 -0.507224E+02  0.831E-02    8.21       0.0  T
   2    -50.7223646 -0.682143E-05  0.621E-02    8.21       1.0  T
   3    -50.7223673 -0.269808E-05  0.147E-02    8.21       1.3  T
   4    -50.7223681 -0.846656E-06  0.508E-03    8.21       3.9  T
   5    -50.7223682 -0.431304E-07  0.120E-03    8.21      16.4  T
   6    -50.7223682 -0.162126E-08  0.606E-04    8.21      32.3  T
speedup  0.96
cpu  time for SCC    0.00 s
wall time for SCC    0.01 s
speedup  1.00
cpu  time for grad    0.01 s
wall time for grad    0.01 s
 E :    -50.44653656  G :  0.009464    pred/act E change: -0.436D-03 -0.254D-03
Maxdispl :   0.0421   ||displ|| :   0.0869   Lambda : -0.223D-03
Largest |displ|/coords:  0.0421 (  14)  0.0350 (   4)  0.0304 (   9)
................................................................................
.............................. CYCLE   25 ......................................
................................................................................
   1    -50.7232014 -0.507232E+02  0.593E-02    8.24       0.0  T
   2    -50.7232037 -0.228945E-05  0.441E-02    8.24       1.0  T
   3    -50.7232053 -0.151672E-05  0.847E-03    8.23       2.3  T
   4    -50.7232055 -0.279160E-06  0.289E-03    8.23       6.8  T
   5    -50.7232055 -0.134780E-07  0.942E-04    8.23      20.8  T
speedup  1.16
cpu  time for SCC    0.00 s
wall time for SCC    0.00 s
speedup  0.98
cpu  time for grad    0.01 s
wall time for grad    0.01 s
 E :    -50.44666685  G :  0.008152    pred/act E change: -0.266D-03 -0.130D-03
Maxdispl :   0.0246   ||displ|| :   0.0622   Lambda : -0.131D-03
Largest |displ|/coords:  0.0246 (   8)  0.0207 (  12)  0.0160 (   9)

generating ANC from model Hessian ...
 Shifting diagonal of input Hessian by   4.961560621255747E-003
 Lowest  eigenvalues of input Hessian
   -0.000000   -0.000000   -0.000000   -0.000000    0.000000    0.000000
    0.005000    0.005313    0.005388    0.006255    0.006619    0.007035
    0.007581    0.008730    0.008964    0.010007    0.011911    0.013278
 Highest eigenvalues
    1.377362    1.399972    1.422380    2.636498    3.403993    3.702429
 
cpu  time for ANC gen    0.02 s
wall time for ANC gen    0.02 s
................................................................................
.............................. CYCLE   26 ......................................
................................................................................
   1    -50.7238308 -0.507238E+02  0.343E-02    8.25       0.0  T
   2    -50.7238319 -0.110341E-05  0.252E-02    8.25       1.0  T
   3    -50.7238324 -0.527200E-06  0.590E-03    8.26       3.3  T
   4    -50.7238326 -0.121535E-06  0.186E-03    8.26      10.5  T
   5    -50.7238326 -0.634644E-08  0.508E-04    8.26      38.6  T
   6    -50.7238326 -0.311253E-09  0.268E-04    8.26      73.2  T
speedup  0.96
cpu  time for SCC    0.00 s
wall time for SCC    0.01 s
speedup  0.96
cpu  time for grad    0.01 s
wall time for grad    0.01 s
 E :    -50.44675329  G :  0.005330    pred/act E change:  0.000D+00 -0.864D-04
Maxdispl :   0.0617   ||displ|| :   0.1145   Lambda : -0.168D-03
Largest |displ|/coords:  0.0617 (   1)  0.0499 (   4)  0.0396 (   7)
................................................................................
.............................. CYCLE   27 ......................................
................................................................................
   1    -50.7239578 -0.507240E+02  0.615E-02    8.26       0.0  T
   2    -50.7239590 -0.122350E-05  0.460E-02    8.25       1.0  T
   3    -50.7239597 -0.666625E-06  0.658E-03    8.25       3.0  T
   4    -50.7239599 -0.195627E-06  0.122E-03    8.25      16.1  T
   5    -50.7239599 -0.186822E-08  0.623E-04    8.25      31.5  T
speedup  0.87
cpu  time for SCC    0.00 s
wall time for SCC    0.00 s
speedup  0.96
cpu  time for grad    0.01 s
wall time for grad    0.01 s
 E :    -50.44687001  G :  0.003265    pred/act E change:  0.000D+00 -0.117D-03
Maxdispl :   0.1128   ||displ|| :   0.1953   Lambda : -0.160D-03
Largest |displ|/coords:  0.1128 (   1)  0.0958 (   7)  0.0823 (   8)
................................................................................
.............................. CYCLE   28 ......................................
................................................................................
   1    -50.7237207 -0.507237E+02  0.125E-01    8.24       0.0  T
   2    -50.7237232 -0.244792E-05  0.937E-02    8.24       1.0  T
   3    -50.7237251 -0.189657E-05  0.998E-03    8.24       2.0  T
   4    -50.7237254 -0.348366E-06  0.273E-03    8.24       7.2  T
   5    -50.7237254 -0.960542E-08  0.123E-03    8.24      15.9  T
   6    -50.7237254 -0.152261E-08  0.595E-04    8.24      32.9  T
   7    -50.7237254 -0.800242E-09  0.143E-04    8.24     137.4  T
speedup  0.98
cpu  time for SCC    0.01 s
wall time for SCC    0.01 s
speedup  0.97
cpu  time for grad    0.01 s
wall time for grad    0.01 s
 E :    -50.44697167  G :  0.002925    pred/act E change: -0.849D-04 -0.102D-03
Maxdispl :   0.0900   ||displ|| :   0.1583   Lambda : -0.735D-04
Largest |displ|/coords:  0.0900 (   1)  0.0789 (   7)  0.0702 (   8)
................................................................................
.............................. CYCLE   29 ......................................
................................................................................
   1    -50.7235954 -0.507236E+02  0.907E-02    8.23       0.0  T
   2    -50.7235966 -0.117866E-05  0.681E-02    8.23       1.0  T
   3    -50.7235977 -0.108593E-05  0.727E-03    8.23       2.7  T
   4    -50.7235978 -0.137441E-06  0.180E-03    8.23      10.9  T
   5    -50.7235978 -0.396870E-08  0.882E-04    8.23      22.2  T
   6    -50.7235978 -0.110784E-08  0.406E-04    8.23      48.3  T
speedup  0.96
cpu  time for SCC    0.00 s
wall time for SCC    0.01 s
speedup  1.04
cpu  time for grad    0.01 s
wall time for grad    0.01 s
 E :    -50.44702167  G :  0.003209    pred/act E change: -0.828D-04 -0.500D-04
Maxdispl :   0.0847   ||displ|| :   0.1445   Lambda : -0.564D-04
Largest |displ|/coords:  0.0847 (   1)  0.0659 (   7)  0.0590 (   3)
................................................................................
.............................. CYCLE   30 ......................................
................................................................................
   1    -50.7237687 -0.507238E+02  0.804E-02    8.23       0.0  T
   2    -50.7237696 -0.849357E-06  0.605E-02    8.23       1.0  T
   3    -50.7237706 -0.101018E-05  0.631E-03    8.24       3.1  T
   4    -50.7237707 -0.633911E-07  0.185E-03    8.24      10.6  T
   5    -50.7237707 -0.527462E-08  0.789E-04    8.24      24.9  T
   6    -50.7237707 -0.934527E-09  0.404E-04    8.24      48.5  T
speedup  1.15
cpu  time for SCC    0.01 s
wall time for SCC    0.01 s
speedup  1.04
cpu  time for grad    0.01 s
wall time for grad    0.01 s
 E :    -50.44706117  G :  0.002367    pred/act E change: -0.377D-04 -0.395D-04
Maxdispl :   0.0869   ||displ|| :   0.1370   Lambda : -0.403D-04
Largest |displ|/coords:  0.0869 (   1)  0.0567 (   3)  0.0502 (   7)
................................................................................
.............................. CYCLE   31 ......................................
................................................................................
   1    -50.7240282 -0.507240E+02  0.709E-02    8.23       0.0  T
   2    -50.7240289 -0.643500E-06  0.532E-02    8.24       1.0  T
   3    -50.7240296 -0.759382E-06  0.571E-03    8.24       3.4  T
   4    -50.7240297 -0.452597E-07  0.137E-03    8.24      14.3  T
   5    -50.7240297 -0.333273E-08  0.723E-04    8.24      27.1  T
   6    -50.7240297 -0.992763E-09  0.328E-04    8.24      59.7  T
speedup  0.96
cpu  time for SCC    0.00 s
wall time for SCC    0.01 s
speedup  0.96
cpu  time for grad    0.01 s
wall time for grad    0.01 s
 E :    -50.44708756  G :  0.001771    pred/act E change: -0.288D-04 -0.264D-04
Maxdispl :   0.1044   ||displ|| :   0.1630   Lambda : -0.341D-04
Largest |displ|/coords:  0.1044 (   1)  0.0883 (   3)  0.0432 (   7)
................................................................................
.............................. CYCLE   32 ......................................
................................................................................
   1    -50.7238848 -0.507239E+02  0.810E-02    8.24       0.0  T
   2    -50.7238857 -0.902202E-06  0.610E-02    8.24       1.0  T
   3    -50.7238868 -0.116909E-05  0.664E-03    8.25       3.0  T
   4    -50.7238869 -0.485550E-07  0.178E-03    8.25      11.0  T
   5    -50.7238869 -0.486152E-08  0.813E-04    8.25      24.1  T
   6    -50.7238869 -0.983199E-09  0.410E-04    8.25      47.8  T
speedup  0.94
cpu  time for SCC    0.01 s
wall time for SCC    0.01 s
speedup  0.96
cpu  time for grad    0.01 s
wall time for grad    0.01 s
 E :    -50.44710563  G :  0.001991    pred/act E change: -0.205D-04 -0.181D-04
Maxdispl :   0.0653   ||displ|| :   0.1232   Lambda : -0.285D-04
Largest |displ|/coords:  0.0653 (   1)  0.0574 (   5)  0.0535 (   3)
................................................................................
.............................. CYCLE   33 ......................................
................................................................................
   1    -50.7237920 -0.507238E+02  0.608E-02    8.25       0.0  T
   2    -50.7237925 -0.484050E-06  0.455E-02    8.25       1.0  T
   3    -50.7237931 -0.573807E-06  0.520E-03    8.26       3.8  T
   4    -50.7237931 -0.329062E-07  0.141E-03    8.26      13.9  T
   5    -50.7237931 -0.300971E-08  0.589E-04    8.26      33.3  T
   6    -50.7237931 -0.519471E-09  0.347E-04    8.26      56.5  T
speedup  0.96
cpu  time for SCC    0.00 s
wall time for SCC    0.01 s
speedup  1.02
cpu  time for grad    0.01 s
wall time for grad    0.01 s
 E :    -50.44712523  G :  0.001775    pred/act E change: -0.175D-04 -0.196D-04
Maxdispl :   0.0656   ||displ|| :   0.1244   Lambda : -0.290D-04
Largest |displ|/coords:  0.0656 (   3)  0.0604 (   5)  0.0467 (   1)
................................................................................
.............................. CYCLE   34 ......................................
................................................................................
   1    -50.7242140 -0.507242E+02  0.551E-02    8.27       0.0  T
   2    -50.7242146 -0.598697E-06  0.411E-02    8.27       1.0  T
   3    -50.7242152 -0.558513E-06  0.577E-03    8.27       3.4  T
   4    -50.7242153 -0.632378E-07  0.182E-03    8.27      10.8  T
   5    -50.7242153 -0.434221E-08  0.551E-04    8.27      35.6  T
   6    -50.7242153 -0.477520E-09  0.350E-04    8.27      56.0  T
speedup  1.13
cpu  time for SCC    0.01 s
wall time for SCC    0.01 s
speedup  1.03
cpu  time for grad    0.01 s
wall time for grad    0.01 s
 E :    -50.44714300  G :  0.002755    pred/act E change: -0.145D-04 -0.178D-04
Maxdispl :   0.0862   ||displ|| :   0.1655   Lambda : -0.264D-04
Largest |displ|/coords:  0.0862 (   1)  0.0813 (   3)  0.0724 (   5)
................................................................................
.............................. CYCLE   35 ......................................
................................................................................
   1    -50.7232633 -0.507233E+02  0.871E-02    8.27       0.0  T
   2    -50.7232646 -0.127934E-05  0.651E-02    8.27       1.0  T
   3    -50.7232659 -0.129402E-05  0.888E-03    8.27       2.2  T
   4    -50.7232660 -0.122499E-06  0.250E-03    8.27       7.8  T
   5    -50.7232660 -0.894568E-08  0.881E-04    8.27      22.3  T
   6    -50.7232660 -0.987590E-09  0.535E-04    8.27      36.6  T
speedup  0.96
cpu  time for SCC    0.00 s
wall time for SCC    0.01 s
speedup  0.96
cpu  time for grad    0.01 s
wall time for grad    0.01 s
 E :    -50.44715296  G :  0.002467    pred/act E change: -0.147D-04 -0.996D-05
Maxdispl :   0.0357   ||displ|| :   0.0481   Lambda : -0.161D-04
Largest |displ|/coords:  0.0357 (   1)  0.0223 (   7)  0.0117 (   8)
................................................................................
.............................. CYCLE   36 ......................................
................................................................................
   1    -50.7241093 -0.507241E+02  0.279E-02    8.29       0.0  T
   2    -50.7241094 -0.141380E-06  0.210E-02    8.29       1.0  T
   3    -50.7241095 -0.115523E-06  0.220E-03    8.29       8.9  T
   4    -50.7241095 -0.199063E-07  0.882E-04    8.29      22.2  T
   5    -50.7241095 -0.107134E-08  0.277E-04    8.29      70.8  T
speedup  0.91
cpu  time for SCC    0.00 s
wall time for SCC    0.00 s
speedup  1.02
cpu  time for grad    0.01 s
wall time for grad    0.01 s
 E :    -50.44716279  G :  0.001566    pred/act E change: -0.136D-04 -0.983D-05
Maxdispl :   0.0327   ||displ|| :   0.0555   Lambda : -0.105D-04
Largest |displ|/coords:  0.0327 (   3)  0.0216 (   2)  0.0176 (   5)
................................................................................
.............................. CYCLE   37 ......................................
................................................................................
   1    -50.7240327 -0.507240E+02  0.319E-02    8.29       0.0  T
   2    -50.7240329 -0.210860E-06  0.235E-02    8.29       1.0  T
   3    -50.7240331 -0.166532E-06  0.400E-03    8.29       4.9  T
   4    -50.7240331 -0.229376E-07  0.125E-03    8.29      15.6  T
   5    -50.7240331 -0.192674E-08  0.274E-04    8.29      71.4  T
   6    -50.7240331 -0.959020E-10  0.181E-04    8.29     108.4  T
speedup  1.13
cpu  time for SCC    0.01 s
wall time for SCC    0.01 s
speedup  1.03
cpu  time for grad    0.01 s
wall time for grad    0.01 s
 E :    -50.44717013  G :  0.001331    pred/act E change: -0.806D-05 -0.733D-05
Maxdispl :   0.0423   ||displ|| :   0.0825   Lambda : -0.116D-04
Largest |displ|/coords:  0.0423 (   3)  0.0352 (   2)  0.0263 (   8)
................................................................................
.............................. CYCLE   38 ......................................
................................................................................
   1    -50.7240391 -0.507240E+02  0.487E-02    8.29       0.0  T
   2    -50.7240396 -0.536315E-06  0.359E-02    8.29       1.0  T
   3    -50.7240401 -0.447612E-06  0.611E-03    8.29       3.2  T
   4    -50.7240401 -0.543341E-07  0.190E-03    8.29      10.3  T
   5    -50.7240402 -0.491626E-08  0.451E-04    8.29      43.5  T
   6    -50.7240402 -0.256307E-09  0.292E-04    8.29      67.1  T
speedup  0.94
cpu  time for SCC    0.00 s
wall time for SCC    0.01 s
speedup  0.96
cpu  time for grad    0.01 s
wall time for grad    0.01 s
 E :    -50.44717770  G :  0.001527    pred/act E change: -0.525D-05 -0.757D-05
Maxdispl :   0.0298   ||displ|| :   0.0664   Lambda : -0.700D-05
Largest |displ|/coords:  0.0298 (   3)  0.0296 (   2)  0.0250 (   8)
................................................................................
.............................. CYCLE   39 ......................................
................................................................................
   1    -50.7238558 -0.507239E+02  0.393E-02    8.29       0.0  T
   2    -50.7238560 -0.267475E-06  0.291E-02    8.29       1.0  T
   3    -50.7238563 -0.271483E-06  0.444E-03    8.30       4.4  T
   4    -50.7238563 -0.215658E-07  0.146E-03    8.30      13.4  T
   5    -50.7238563 -0.276643E-08  0.352E-04    8.30      55.7  T
   6    -50.7238563 -0.122569E-09  0.236E-04    8.30      83.0  T
speedup  0.94
cpu  time for SCC    0.01 s
wall time for SCC    0.01 s
speedup  1.02
cpu  time for grad    0.01 s
wall time for grad    0.01 s
 E :    -50.44718281  G :  0.001435    pred/act E change: -0.584D-05 -0.511D-05
Maxdispl :   0.0406   ||displ|| :   0.0838   Lambda : -0.797D-05
Largest |displ|/coords:  0.0406 (   2)  0.0344 (   3)  0.0292 (   8)
................................................................................
.............................. CYCLE   40 ......................................
................................................................................
   1    -50.7235993 -0.507236E+02  0.505E-02    8.29       0.0  T
   2    -50.7235998 -0.436345E-06  0.375E-02    8.29       1.0  T
   3    -50.7236002 -0.451251E-06  0.520E-03    8.30       3.8  T
   4    -50.7236003 -0.346933E-07  0.195E-03    8.30      10.1  T
   5    -50.7236003 -0.395131E-08  0.449E-04    8.30      43.7  T
   6    -50.7236003 -0.191484E-09  0.299E-04    8.30      65.6  T
speedup  1.09
cpu  time for SCC    0.01 s
wall time for SCC    0.01 s
speedup  1.01
cpu  time for grad    0.01 s
wall time for grad    0.01 s
 E :    -50.44718828  G :  0.001474    pred/act E change: -0.351D-05 -0.547D-05
Maxdispl :   0.0270   ||displ|| :   0.0527   Lambda : -0.729D-05
Largest |displ|/coords:  0.0270 (   2)  0.0207 (   8)  0.0202 (  14)
................................................................................
.............................. CYCLE   41 ......................................
................................................................................
   1    -50.7239320 -0.507239E+02  0.327E-02    8.30       0.0  T
   2    -50.7239322 -0.217231E-06  0.244E-02    8.30       1.0  T
   3    -50.7239324 -0.174207E-06  0.311E-03    8.30       6.3  T
   4    -50.7239324 -0.255938E-07  0.134E-03    8.30      14.7  T
   5    -50.7239324 -0.130090E-08  0.279E-04    8.30      70.3  T
   6    -50.7239324 -0.840643E-10  0.173E-04    8.30     113.5  T
speedup  0.96
cpu  time for SCC    0.00 s
wall time for SCC    0.01 s
speedup  0.96
cpu  time for grad    0.01 s
wall time for grad    0.01 s
 E :    -50.44719242  G :  0.001250    pred/act E change: -0.401D-05 -0.414D-05
Maxdispl :   0.0431   ||displ|| :   0.0790   Lambda : -0.602D-05
Largest |displ|/coords:  0.0431 (   2)  0.0255 (  10)  0.0251 (   3)
................................................................................
.............................. CYCLE   42 ......................................
................................................................................
   1    -50.7235968 -0.507236E+02  0.480E-02    8.30       0.0  T
   2    -50.7235972 -0.425136E-06  0.357E-02    8.30       1.0  T
   3    -50.7235976 -0.383478E-06  0.465E-03    8.30       4.2  T
   4    -50.7235977 -0.429618E-07  0.189E-03    8.30      10.4  T
   5    -50.7235977 -0.286777E-08  0.412E-04    8.30      47.6  T
   6    -50.7235977 -0.212488E-09  0.263E-04    8.30      74.6  T
speedup  0.96
cpu  time for SCC    0.00 s
wall time for SCC    0.01 s
speedup  1.03
cpu  time for grad    0.01 s
wall time for grad    0.01 s
 E :    -50.44719581  G :  0.001114    pred/act E change: -0.365D-05 -0.338D-05
Maxdispl :   0.0175   ||displ|| :   0.0276   Lambda : -0.400D-05
Largest |displ|/coords:  0.0175 (   5)  0.0120 (   3)  0.0090 (   2)
................................................................................
.............................. CYCLE   43 ......................................
................................................................................
   1    -50.7239108 -0.507239E+02  0.118E-02    8.31       0.0  T
   2    -50.7239108 -0.415746E-07  0.891E-03    8.31       2.2  T
   3    -50.7239109 -0.305128E-07  0.111E-03    8.30      17.6  T
   4    -50.7239109 -0.605633E-08  0.425E-04    8.31      46.1  T
   5    -50.7239109 -0.224219E-09  0.124E-04    8.31     158.2  T
speedup  1.14
cpu  time for SCC    0.01 s
wall time for SCC    0.00 s
speedup  1.02
cpu  time for grad    0.01 s
wall time for grad    0.01 s
 E :    -50.44719873  G :  0.000764    pred/act E change: -0.303D-05 -0.292D-05
Maxdispl :   0.0247   ||displ|| :   0.0485   Lambda : -0.443D-05
Largest |displ|/coords:  0.0247 (   2)  0.0170 (   5)  0.0158 (   8)
................................................................................
.............................. CYCLE   44 ......................................
................................................................................
   1    -50.7240929 -0.507241E+02  0.274E-02    8.31       0.0  T
   2    -50.7240930 -0.137165E-06  0.205E-02    8.31       1.0  T
   3    -50.7240932 -0.146680E-06  0.241E-03    8.31       8.1  T
   4    -50.7240932 -0.109155E-07  0.908E-04    8.31      21.6  T
   5    -50.7240932 -0.732484E-09  0.238E-04    8.31      82.3  T
speedup  0.91
cpu  time for SCC    0.00 s
wall time for SCC    0.00 s
speedup  0.94
cpu  time for grad    0.01 s
wall time for grad    0.01 s
 E :    -50.44720168  G :  0.000790    pred/act E change: -0.200D-05 -0.295D-05
Maxdispl :   0.0201   ||displ|| :   0.0406   Lambda : -0.264D-05
Largest |displ|/coords:  0.0201 (   2)  0.0163 (   8)  0.0114 (   5)
................................................................................
.............................. CYCLE   45 ......................................
................................................................................
   1    -50.7241694 -0.507242E+02  0.220E-02    8.31       0.0  T
   2    -50.7241695 -0.865393E-07  0.165E-02    8.31       1.2  T
   3    -50.7241696 -0.100957E-06  0.202E-03    8.31       9.7  T
   4    -50.7241696 -0.554905E-08  0.702E-04    8.31      28.0  T
   5    -50.7241696 -0.569187E-09  0.189E-04    8.31     103.5  T
speedup  0.89
cpu  time for SCC    0.00 s
wall time for SCC    0.00 s
speedup  1.01
cpu  time for grad    0.01 s
wall time for grad    0.01 s
 E :    -50.44720365  G :  0.000710    pred/act E change: -0.222D-05 -0.197D-05
Maxdispl :   0.0245   ||displ|| :   0.0539   Lambda : -0.292D-05
Largest |displ|/coords:  0.0245 (   2)  0.0233 (   8)  0.0199 (   1)
................................................................................
.............................. CYCLE   46 ......................................
................................................................................
   1    -50.7241443 -0.507241E+02  0.312E-02    8.30       0.0  T
   2    -50.7241445 -0.174776E-06  0.234E-02    8.30       1.0  T
   3    -50.7241447 -0.200481E-06  0.311E-03    8.30       6.3  T
   4    -50.7241447 -0.124547E-07  0.106E-03    8.30      18.5  T
   5    -50.7241447 -0.130698E-08  0.272E-04    8.30      72.0  T
   6    -50.7241447 -0.606875E-10  0.173E-04    8.30     113.4  T
speedup  1.13
cpu  time for SCC    0.01 s
wall time for SCC    0.01 s
speedup  1.02
cpu  time for grad    0.01 s
wall time for grad    0.01 s
 E :    -50.44720565  G :  0.000658    pred/act E change: -0.132D-05 -0.199D-05
Maxdispl :   0.0137   ||displ|| :   0.0309   Lambda : -0.168D-05
Largest |displ|/coords:  0.0137 (   8)  0.0110 (   3)  0.0103 (   2)
................................................................................
.............................. CYCLE   47 ......................................
................................................................................
   1    -50.7241826 -0.507242E+02  0.165E-02    8.31       0.0  T
   2    -50.7241827 -0.561945E-07  0.124E-02    8.31       1.6  T
   3    -50.7241827 -0.586083E-07  0.160E-03    8.30      12.2  T
   4    -50.7241827 -0.507377E-08  0.591E-04    8.30      33.2  T
   5    -50.7241827 -0.378563E-09  0.150E-04    8.30     131.0  T
speedup  0.91
cpu  time for SCC    0.00 s
wall time for SCC    0.00 s
speedup  0.94
cpu  time for grad    0.01 s
wall time for grad    0.01 s
 E :    -50.44720685  G :  0.000584    pred/act E change: -0.147D-05 -0.120D-05
Maxdispl :   0.0165   ||displ|| :   0.0335   Lambda : -0.142D-05
Largest |displ|/coords:  0.0165 (   8)  0.0136 (   1)  0.0097 (   2)
................................................................................
.............................. CYCLE   48 ......................................
................................................................................
   1    -50.7241367 -0.507241E+02  0.205E-02    8.30       0.0  T
   2    -50.7241367 -0.763393E-07  0.153E-02    8.30       1.3  T
   3    -50.7241368 -0.775971E-07  0.213E-03    8.30       9.2  T
   4    -50.7241368 -0.677135E-08  0.737E-04    8.30      26.6  T
   5    -50.7241368 -0.557385E-09  0.163E-04    8.30     120.2  T
speedup  1.14
cpu  time for SCC    0.00 s
wall time for SCC    0.00 s
speedup  1.02
cpu  time for grad    0.01 s
wall time for grad    0.01 s
 E :    -50.44720782  G :  0.000589    pred/act E change: -0.838D-06 -0.965D-06
Maxdispl :   0.0087   ||displ|| :   0.0183   Lambda : -0.978D-06
Largest |displ|/coords:  0.0087 (   3)  0.0078 (   7)  0.0078 (   8)
................................................................................
.............................. CYCLE   49 ......................................
................................................................................
   1    -50.7242328 -0.507242E+02  0.104E-02    8.31       0.0  T
   2    -50.7242328 -0.193914E-07  0.773E-03    8.31       2.5  T
   3    -50.7242328 -0.180288E-07  0.814E-04    8.31      24.1  T
   4    -50.7242328 -0.171017E-08  0.330E-04    8.31      59.4  T
speedup  0.86
cpu  time for SCC    0.00 s
wall time for SCC    0.00 s
speedup  0.93
cpu  time for grad    0.01 s
wall time for grad    0.01 s
 E :    -50.44720849  G :  0.000459    pred/act E change: -0.710D-06 -0.674D-06
Maxdispl :   0.0109   ||displ|| :   0.0195   Lambda : -0.778D-06
Largest |displ|/coords:  0.0109 (   8)  0.0064 (   1)  0.0056 (  10)
................................................................................
.............................. CYCLE   50 ......................................
................................................................................
   1    -50.7241965 -0.507242E+02  0.133E-02    8.31       0.0  T
   2    -50.7241965 -0.311314E-07  0.991E-03    8.31       2.0  T
   3    -50.7241966 -0.315376E-07  0.133E-03    8.31      14.7  T
   4    -50.7241966 -0.254733E-08  0.472E-04    8.31      41.6  T
   5    -50.7241966 -0.223103E-09  0.100E-04    8.31     195.3  T
speedup  0.91
cpu  time for SCC    0.00 s
wall time for SCC    0.00 s
speedup  1.02
cpu  time for grad    0.01 s
wall time for grad    0.01 s
 E :    -50.44720908  G :  0.000405    pred/act E change: -0.489D-06 -0.587D-06
Maxdispl :   0.0123   ||displ|| :   0.0238   Lambda : -0.886D-06
Largest |displ|/coords:  0.0123 (   8)  0.0070 (   3)  0.0063 (   1)
................................................................................
.............................. CYCLE   51 ......................................
................................................................................
   1    -50.7242312 -0.507242E+02  0.155E-02    8.31       0.0  T
   2    -50.7242313 -0.413679E-07  0.116E-02    8.31       1.7  T
   3    -50.7242313 -0.416488E-07  0.131E-03    8.31      15.0  T
   4    -50.7242313 -0.336586E-08  0.490E-04    8.31      40.0  T
   5    -50.7242313 -0.231061E-09  0.127E-04    8.31     154.1  T
speedup  1.14
cpu  time for SCC    0.00 s
wall time for SCC    0.00 s
speedup  1.02
cpu  time for grad    0.01 s
wall time for grad    0.01 s
 E :    -50.44720969  G :  0.000467    pred/act E change: -0.398D-06 -0.610D-06
Maxdispl :   0.0105   ||displ|| :   0.0209   Lambda : -0.622D-06
Largest |displ|/coords:  0.0105 (   8)  0.0069 (   1)  0.0069 (  10)
................................................................................
.............................. CYCLE   52 ......................................
................................................................................
   1    -50.7242065 -0.507242E+02  0.132E-02    8.31       0.0  T
   2    -50.7242066 -0.340805E-07  0.986E-03    8.31       2.0  T
   3    -50.7242066 -0.330153E-07  0.128E-03    8.31      15.3  T
   4    -50.7242066 -0.313121E-08  0.411E-04    8.31      47.7  T
   5    -50.7242066 -0.207997E-09  0.111E-04    8.31     176.5  T
speedup  0.91
cpu  time for SCC    0.00 s
wall time for SCC    0.00 s
speedup  1.02
cpu  time for grad    0.01 s
wall time for grad    0.01 s
 E :    -50.44721017  G :  0.000452    pred/act E change: -0.443D-06 -0.480D-06
Maxdispl :   0.0102   ||displ|| :   0.0257   Lambda : -0.763D-06
Largest |displ|/coords:  0.0102 (   8)  0.0092 (   3)  0.0084 (   2)

generating ANC from model Hessian ...
 Shifting diagonal of input Hessian by   4.920991824069288E-003
 Lowest  eigenvalues of input Hessian
   -0.000000   -0.000000   -0.000000   -0.000000    0.000000    0.000000
    0.005000    0.005302    0.005418    0.006257    0.006824    0.007101
    0.007621    0.008551    0.008977    0.010175    0.012017    0.012999
 Highest eigenvalues
    1.383326    1.399756    1.419760    2.641796    3.409012    3.692844
 
cpu  time for ANC gen    0.02 s
wall time for ANC gen    0.02 s
................................................................................
.............................. CYCLE   53 ......................................
................................................................................
   1    -50.7242035 -0.507242E+02  0.146E-02    8.31       0.0  T
   2    -50.7242035 -0.422773E-07  0.109E-02    8.31       1.8  T
   3    -50.7242036 -0.407806E-07  0.134E-03    8.32      14.6  T
   4    -50.7242036 -0.391754E-08  0.423E-04    8.32      46.3  T
   5    -50.7242036 -0.244214E-09  0.134E-04    8.32     146.1  T
speedup  0.91
cpu  time for SCC    0.00 s
wall time for SCC    0.00 s
speedup  1.02
cpu  time for grad    0.01 s
wall time for grad    0.01 s
 E :    -50.44721069  G :  0.000375    pred/act E change:  0.000D+00 -0.528D-06
Maxdispl :   0.0021   ||displ|| :   0.0040   Lambda : -0.339D-06
Largest |displ|/coords:  0.0021 (   3)  0.0016 (   6)  0.0013 (   2)
................................................................................
.............................. CYCLE   54 ......................................
................................................................................
   1    -50.7241698 -0.507242E+02  0.269E-03    8.32       0.0  T
   2    -50.7241698 -0.114407E-08  0.202E-03    8.32       9.7  T
   3    -50.7241698 -0.124934E-08  0.188E-04    8.32     104.3  T
   4    -50.7241698 -0.830838E-10  0.690E-05    8.32     284.3  T
speedup  1.14
cpu  time for SCC    0.00 s
wall time for SCC    0.00 s
speedup  1.01
cpu  time for grad    0.01 s
wall time for grad    0.01 s
 E :    -50.44721095  G :  0.000213    pred/act E change:  0.000D+00 -0.258D-06
Maxdispl :   0.0050   ||displ|| :   0.0096   Lambda : -0.479D-06
Largest |displ|/coords:  0.0050 (   2)  0.0039 (   3)  0.0027 (  11)
................................................................................
.............................. CYCLE   55 ......................................
................................................................................
   1    -50.7241400 -0.507241E+02  0.605E-03    8.32       0.0  T
   2    -50.7241400 -0.502384E-08  0.452E-03    8.32       4.3  T
   3    -50.7241400 -0.455242E-08  0.447E-04    8.31      43.9  T
   4    -50.7241400 -0.432308E-09  0.152E-04    8.31     128.7  T
speedup  0.83
cpu  time for SCC    0.00 s
wall time for SCC    0.00 s
speedup  1.01
cpu  time for grad    0.01 s
wall time for grad    0.01 s
 E :    -50.44721117  G :  0.000235    pred/act E change: -0.169D-06 -0.221D-06
Maxdispl :   0.0045   ||displ|| :   0.0064   Lambda : -0.221D-06
Largest |displ|/coords:  0.0045 (   3)  0.0020 (   2)  0.0017 (   5)
................................................................................
.............................. CYCLE   56 ......................................
................................................................................
   1    -50.7241595 -0.507242E+02  0.358E-03    8.32       0.0  T
   2    -50.7241595 -0.179335E-08  0.268E-03    8.32       7.3  T
   3    -50.7241595 -0.150244E-08  0.258E-04    8.32      76.0  T
   4    -50.7241595 -0.201901E-09  0.839E-05    8.32     233.6  T
speedup  1.11
cpu  time for SCC    0.00 s
wall time for SCC    0.00 s
speedup  1.00
cpu  time for grad    0.01 s
wall time for grad    0.01 s
 E :    -50.44721128  G :  0.000223    pred/act E change: -0.239D-06 -0.106D-06
Maxdispl :   0.0031   ||displ|| :   0.0048   Lambda : -0.146D-06
Largest |displ|/coords:  0.0031 (   3)  0.0027 (   2)  0.0012 (   7)
................................................................................
.............................. CYCLE   57 ......................................
................................................................................
   1    -50.7241878 -0.507242E+02  0.219E-03    8.32       0.0  T
   2    -50.7241878 -0.143475E-08  0.162E-03    8.32      12.1  T
   3    -50.7241878 -0.859146E-09  0.218E-04    8.32      89.8  T
   4    -50.7241878 -0.190710E-09  0.568E-05    8.32     345.1  T
speedup  1.14
cpu  time for SCC    0.00 s
wall time for SCC    0.00 s
speedup  1.01
cpu  time for grad    0.01 s
wall time for grad    0.01 s
 E :    -50.44721139  G :  0.000125    pred/act E change: -0.111D-06 -0.115D-06
Maxdispl :   0.0100   ||displ|| :   0.0151   Lambda : -0.295D-06
Largest |displ|/coords:  0.0100 (   3)  0.0087 (   2)  0.0030 (   4)
................................................................................
.............................. CYCLE   58 ......................................
................................................................................
   1    -50.7242329 -0.507242E+02  0.657E-03    8.32       0.0  T
   2    -50.7242329 -0.101965E-07  0.485E-03    8.32       4.0  T
   3    -50.7242329 -0.676891E-08  0.587E-04    8.32      33.4  T
   4    -50.7242329 -0.126339E-08  0.160E-04    8.32     122.6  T
speedup  0.86
cpu  time for SCC    0.00 s
wall time for SCC    0.00 s
speedup  0.92
cpu  time for grad    0.01 s
wall time for grad    0.01 s
 E :    -50.44721158  G :  0.000167    pred/act E change: -0.729D-07 -0.187D-06
Maxdispl :   0.0071   ||displ|| :   0.0098   Lambda : -0.102D-06
Largest |displ|/coords:  0.0071 (   3)  0.0054 (   2)  0.0014 (   7)
................................................................................
.............................. CYCLE   59 ......................................
................................................................................
   1    -50.7242287 -0.507242E+02  0.409E-03    8.32       0.0  T
   2    -50.7242287 -0.244111E-08  0.302E-03    8.32       6.5  T
   3    -50.7242287 -0.203807E-08  0.321E-04    8.32      61.1  T
   4    -50.7242287 -0.227296E-09  0.955E-05    8.32     205.4  T
speedup  1.14
cpu  time for SCC    0.00 s
wall time for SCC    0.00 s
speedup  0.99
cpu  time for grad    0.01 s
wall time for grad    0.01 s
 E :    -50.44721166  G :  0.000165    pred/act E change: -0.147D-06 -0.798D-07
Maxdispl :   0.0137   ||displ|| :   0.0180   Lambda : -0.179D-06
Largest |displ|/coords:  0.0137 (   3)  0.0093 (   2)  0.0025 (   8)

   *** GEOMETRY OPTIMIZATION CONVERGED AFTER 59 ITERATIONS ***

------------------------------------------------------------------------
 total energy gain (kcal):     -0.0006
------------------------------------------------------------------------
================
 final structure:
================
$coord
        0.45154258577790       -0.27423495645017        3.98413431716582      S 
        2.01117165689097        2.00921080643516        3.64147371919375      O 
       -1.93240252296836       -0.01324084924161        2.63902964545992      O 
        1.77970735114033       -2.56793853971234        3.41385188841716      O 
       -0.20700957748410       -0.29335421410821        6.89466953156776      O 
       -0.79218608809693        1.39134875985424        7.11991415386046      H 
        0.53393571279234        6.08213690059452       -1.97778704237111      O 
        0.55266035603945        6.74366203646232       -3.66357728110992      H 
        2.09167150023959       -0.62504396691385       -3.47700204776624      O 
        3.21283112394544       -1.08713841263931       -4.82219939599029      H 
        3.78328719852889        2.82623257459691       -0.55102241041077      O 
        2.69076586533437        4.33254660218439       -1.09358844812949      H 
        3.11613606667453        2.42057974662286        1.35536097185500      H 
        3.21434353477023        1.35492372458477       -1.67694600504846      H 
        1.08553579321248       -4.63721111997693       -1.10500889819063      O 
       -0.78045549837183       -4.73070469991121       -1.07181128267917      H 
        1.70436143723287       -2.28752396050087       -2.53090171207544      H 
        1.53907738742862       -4.16878648434065        0.62583126367839      H 
       -2.28052619569196        2.03898282459089       -1.95209880549020      O 
       -1.17789553751883        0.89194801643687       -2.85031749441110      H 
       -2.34025014319564        1.39384722012471       -0.21770211956056      H 
       -0.81104617595173        4.76076927060398       -1.92634221531255      H 
       -3.93084787252153       -4.08536207848220       -0.41193389399700      N 
       -5.09020197291565       -3.30432311453829       -1.71838392816760      H 
       -3.51310472495738       -2.71627963339529        0.87873757401009      H 
       -4.91110124143311       -5.45504643398636        0.49361993439106      H 
$end
 
 Bond Distances (Angstroems)
 ---------------------------
S1-O2=1.4745         S1-O3=1.4551         S1-O4=1.4347         S1-O5=1.5792         O2-S1=1.4745         O3-S1=1.4551         
O4-S1=1.4347         O5-S1=1.5792         O5-H6=0.9513         H6-O5=0.9513         O7-H8=0.9584         O7-H22=0.9981        
H8-O7=0.9584         O9-H10=0.9584        O9-H17=1.0328        H10-O9=0.9584        O11-H12=1.0257       O11-H13=1.0901       
O11-H14=1.0256       H12-O11=1.0257       H13-O11=1.0901       H14-O11=1.0256       O15-H16=0.9888       O15-H18=0.9788       
H16-O15=0.9888       H17-O9=1.0328        H18-O15=0.9788       O19-H20=0.9669       O19-H21=0.9797       H20-O19=0.9669       
H21-O19=0.9797       H22-O7=0.9981        N23-H24=1.0125       N23-H25=1.0199       N23-H26=1.0120       H24-N23=1.0125       
H25-N23=1.0199       H26-N23=1.0120       
 N  H  Rav=1.0148 sigma=0.0036  Rmin=1.0120  Rmax=1.0199     3
 O  H  Rav=0.9962 sigma=0.0390  Rmin=0.9513  Rmax=1.0901    12
 S  O  Rav=1.4858 sigma=0.0557  Rmin=1.4347  Rmax=1.5792     4
 
 selected bond angles (degree)
 --------------------
O3-S1-O2=110.32                O4-S1-O2=113.16                O4-S1-O3=113.71                O5-S1-O2=104.40                
O5-S1-O3=106.64                O5-S1-O4=107.93                H6-O5-S1=100.84                H22-O7-H8=106.78               
H17-O9-H10=105.40              
 
 selected dihedral angles (degree)
 ---------------------------------
H6-O5-S1-O2= 49.55            H6-O5-S1-O3=292.74            H6-O5-S1-O4=170.20            
 
 CMA Distance (Angstroems)
 ---------------------------
R(CMA):  3.0240

========================================================================
 FINAL SINGLEPOINT CALCULATION ON OPTIMIZED GEOMETRY
========================================================================

 Ncao       : 65
 Nao        : 64
 Nshell     : 38
 Nel        : 80
 T(el)      :   300.0
 intcut     :    25.0
 scfconv/Eh :  0.100E-05
   qconv/e  :  0.100E-03
 intneglect :  0.100E-07
 broydamp   :      0.250
 iter      E             dE          RMSdq      gap      omega  full diag
   1    -50.7242287 -0.507242E+02  0.307E-05    8.32       0.0  T
   2    -50.7242287 -0.153477E-11  0.189E-05    8.32    1036.4  T
   3    -50.7242287 -0.611067E-12  0.488E-06    8.32    4022.0  T
speedup  1.11
cpu  time for SCC    0.00 s
wall time for SCC    0.00 s

   *** convergence criteria satisfied after 3 iterations ***

          eigenvalues
 #    :          28         29         30         31         32         33         34         35
 occ. :        2.000      2.000      2.000      2.000      2.000      2.000      2.000      2.000
 eps  :       -13.474    -13.271    -12.713    -12.610    -12.460    -12.403    -12.275    -12.069
 #    :          36         37         38         39         40         41         42         43
 occ. :        2.000      2.000      2.000      2.000      2.000      0.000      0.000      0.000
 eps  :       -12.024    -11.989    -11.749    -11.684    -10.778     -2.461     -0.710     -0.498
 #    :          44         45         46         47         48         49         50         51
 occ. :        0.000      0.000      0.000      0.000      0.000      0.000      0.000      0.000
 eps  :         0.633      1.096      1.206      1.878      3.037      3.865      4.112      5.052


   #   Z            q   n(s)   n(p)   n(d)      C6AA      α(0)
   1  16 S      1.662  1.578  1.798  0.962    89.643    15.935
   2   8 O     -0.729  1.771  4.958  0.000    29.373     7.271
   3   8 O     -0.745  1.767  4.978  0.000    29.951     7.338
   4   8 O     -0.694  1.758  4.937  0.000    28.555     7.164
   5   8 O     -0.578  1.750  4.828  0.000    24.636     6.701
   6   1 H      0.346  0.654  0.000  0.000     0.587     1.199
   7   8 O     -0.608  1.751  4.857  0.000    25.383     6.800
   8   1 H      0.291  0.709  0.000  0.000     0.750     1.360
   9   8 O     -0.648  1.759  4.889  0.000    26.365     6.930
  10   1 H      0.290  0.710  0.000  0.000     0.752     1.362
  11   8 O     -0.516  1.732  4.784  0.000    23.175     6.502
  12   1 H      0.385  0.615  0.000  0.000     0.514     1.127
  13   1 H      0.397  0.603  0.000  0.000     0.482     1.085
  14   1 H      0.377  0.623  0.000  0.000     0.530     1.143
  15   8 O     -0.621  1.755  4.866  0.000    25.688     6.841
  16   1 H      0.320  0.680  0.000  0.000     0.663     1.280
  17   1 H      0.351  0.649  0.000  0.000     0.584     1.200
  18   1 H      0.326  0.674  0.000  0.000     0.649     1.265
  19   8 O     -0.628  1.755  4.872  0.000    25.863     6.864
  20   1 H      0.314  0.686  0.000  0.000     0.681     1.296
  21   1 H      0.327  0.673  0.000  0.000     0.645     1.262
  22   1 H      0.345  0.655  0.000  0.000     0.601     1.218
  23   7 N     -0.458  1.375  4.083  0.000    32.069     8.410
  24   1 H      0.155  0.845  0.000  0.000     1.365     1.830
  25   1 H      0.191  0.809  0.000  0.000     1.152     1.681
  26   1 H      0.149  0.851  0.000  0.000     1.409     1.859

 Mol. C6AA /au·bohr⁶  :       5473.551333
 Mol. C8AA /au·bohr⁸  :     118323.001526
 Mol. α(0) /au        :        106.922961

 
 Wiberg/Mayer (AO) data. WBOs > 0.1 written file <wbo>
 largest (>0.05) Wiberg bond orders for each atom
           total WBO             WBO to atom ...
     1  S   4.887    O    4 1.405    O    3 1.307    O    2 1.221    O    5 0.908
     2  O   1.784    S    1 1.221    H   13 0.222    O    4 0.108    O    3 0.104    O    5 0.064    O   11 0.060
     3  O   1.717    S    1 1.307    O    4 0.117    O    2 0.104    O    5 0.075    H   21 0.054
     4  O   1.770    S    1 1.405    O    3 0.117    O    2 0.108    O    5 0.065    H   18 0.050
     5  O   1.986    S    1 0.908    H    6 0.863    O    3 0.075    O    4 0.065    O    2 0.064
     6  H   0.880    O    5 0.863
     7  O   1.924    H    8 0.911    H   22 0.789    H   12 0.131
     8  H   0.916    O    7 0.911
     9  O   1.904    H   10 0.908    H   17 0.711    H   14 0.136    O   15 0.063    O   11 0.050
    10  H   0.916    O    9 0.908
    11  O   2.230    H   14 0.718    H   12 0.717    H   13 0.609    O    2 0.060    O    9 0.050
    12  H   0.852    O   11 0.717    O    7 0.131
    13  H   0.843    O   11 0.609    O    2 0.222
    14  H   0.858    O   11 0.718    O    9 0.136
    15  O   1.952    H   18 0.840    H   16 0.816    H   17 0.162    O    9 0.063
    16  H   0.897    O   15 0.816    N   23 0.078
    17  H   0.877    O    9 0.711    O   15 0.162
    18  H   0.894    O   15 0.840    O    4 0.050
    19  O   1.889    H   20 0.876    H   21 0.835    H   22 0.091
    20  H   0.902    O   19 0.876
    21  H   0.893    O   19 0.835    O    3 0.054
    22  H   0.881    O    7 0.789    O   19 0.091
    23  N   3.017    H   26 0.975    H   24 0.972    H   25 0.933    H   16 0.078
    24  H   0.976    N   23 0.972
    25  H   0.963    N   23 0.933
    26  H   0.978    N   23 0.975
 MOs/occ written to file <molden.input>
 
molecular dipole:
                 x           y           z       tot (Debye)
 q only:        0.077       0.883      -1.710
   full:       -0.501       0.772      -1.244       3.932
molecular quadrupole (traceless):
                xx          xy          yy          xz          yz          zz
 q only:        0.431       6.358      -2.169      -8.393       0.833       1.739
  q+dip:        0.353       7.030      -7.046     -10.452      -0.376       6.693
   full:       -0.234       7.136      -7.140     -10.734      -0.418       7.374

SCC energy    :     -50.7242287
rep           :       0.2766815
ES            :       0.2446927
AES           :      -0.0623545
AXC           :      -0.0068152
disp          :      -0.0188607
XB            :       0.0000000
fix           :       0.0000000
total E       :     -50.4472117
atomizationE  :       4.9775158     3123.44
(atE without considering molecular charge,
 total energy contains solvation terms)
H-L gap (eV)  :          8.3167
optimized geometry written to: xtbopt.xyz


------------------------------------------------------------------------
 * finished run on 2019/09/16 at 12:00:58.445     
------------------------------------------------------------------------
 total:
 * wall-time:     0 d,  0 h,  0 min,  2.416 sec
 *  cpu-time:     0 d,  0 h,  0 min,  1.439 sec
 * ratio c/w:     0.595 speedup
 SCF:
 * wall-time:     0 d,  0 h,  0 min,  0.141 sec
 *  cpu-time:     0 d,  0 h,  0 min,  0.138 sec
 * ratio c/w:     0.976 speedup
 ANC optimizer:
 * wall-time:     0 d,  0 h,  0 min,  2.251 sec
 *  cpu-time:     0 d,  0 h,  0 min,  1.280 sec
 * ratio c/w:     0.568 speedup

