      -----------------------------------------------------------      
     |                   =====================                   |     
     |                           x T B                           |     
     |                   =====================                   |     
     |                         S. Grimme                         |     
     |          Mulliken Center for Theoretical Chemistry        |     
     |                    University of Bonn                     |     
     |                 Version 6.0.1 (SAW181210)                 |     
      -----------------------------------------------------------      

   This program is distributed in the hope that it will be useful,
   but WITHOUT ANY WARRANTY; without even the implied warranty of
   MERCHANTABILITY or FITNESS FOR A PARTICULAR PURPOSE.
   
   FOR NON-COMMERCIAL, ACADEMIA USE ONLY.
   
   Cite this work as:
   S. Grimme, C. Bannwarth, P. Shushkov, J. Comput. Theory Chem., 2017,
   13, 1989-2009.
   C. Bannwarth, S. Ehlert and S. Grimme., ChemRxiv, 2018, preprint.
   http://doi.org/10.26434/chemrxiv.7246238.v1
   
   for sTDA-xTB:
   S. Grimme and C. Bannwarth, J. Chem. Phys., 2016, 145, 054103.
   
   in the mass-spec context:
   V. Asgeirsson, C. Bauer and S. Grimme, Chem. Sci., 2017, 8, 4879.
   
   if GBSA is used:
   P. Shushkov, F. März and S. Grimme, unpublished.
   
   for ANC optimizer:
   S. Grimme, unpublished.
   Rational Function algorithm used in ANCopt:
   F. Eckert, P. Pulay, H.-J. Werner, J. Comput. Chem., 1997, 18, 1473.
   
   with help from (in alphabetical order)
   C. Bannwarth, F. Bohle, G. Brandenburg, E. Caldeweyher, M. Checinski,
   S. Dohm, S. Ehlert, S. Ehrlich, F. März, H. Neugebauer, J. Pisarek,
   P. Pracht, P. Shushkov, and S. Spicher.
   
 * started run on 2019/09/16 at 12:22:21.355     
========================================================================
 # omp threads = 1
========================================================================
number of atoms            : 26
number of electrons        : 80
charge                     : 0
spin                       : .0
first test random number   : .5584

########################################################################
# WARNING! Please study the warnings concerning your input carefully
#  - XTBPATH is not set, using XTBHOME instead
#  - the use of '-opt' is discouraged, please use '--opt' next time
#  - the use of '-chrg' is discouraged, please use '--chrg' next time
#  - the use of '-uhf' is discouraged, please use '--uhf' next time
########################################################################

           ------------------------------------------------- 
          |                 G F N 2 - x T B                 |
          | Geometry, Frequencies, Noncovalent interactions |
          |            JCTC 2018 parametrisation            |
           ------------------------------------------------- 
      method parameters     
 k(s)        :  1.8500
 k(p)        :  2.2300
 k(d)        :  2.2300
 k(f)        :  2.0000
 kEN (H0ij)  : -2.0000
 D4 a1       :  0.5200
 D4 a2       :  5.0000
 D4 s6       :  1.0000
 D4 s8       :  2.7000
 D4 s9       :  5.0000
 alphaj      :  2.0000


            Z     q(EN)     CN     RAES       Cart. coordinates
     1  S   6.0    0.64    4.28    4.21    -2.20574    -0.47378     3.19518
     2  O   6.0   -0.32    1.22    1.80     0.57981    -0.41540     3.60189
     3  O   6.0   -0.32    1.16    1.80    -3.19663     2.16029     3.10591
     4  O   6.0   -0.32    1.24    1.80    -2.77197    -1.77253     0.76193
     5  O   6.0   -0.25    2.08    1.84    -3.41736    -1.84838     5.28204
     6  H   1.0    0.14    1.21    1.47    -3.05302    -1.01223     6.85022
     7  O   6.0   -0.39    1.68    1.81     1.82964     0.23073    -3.38274
     8  H   1.0    0.17    0.95    1.42     2.87611     0.76985    -4.83119
     9  O   6.0   -0.36    1.52    1.80     3.84827    -5.63103    -0.45146
    10  H   1.0    0.18    0.94    1.42     4.78585    -7.20745    -0.10562
    11  O   6.0   -0.22    2.92    2.59    -2.19240     2.16122    -2.50258
    12  H   1.0    0.13    1.07    1.44    -2.11105     3.84091    -1.68903
    13  H   1.0    0.16    1.20    1.46    -0.50709     1.56158    -3.04128
    14  H   1.0    0.14    1.04    1.43    -3.07074     0.90724    -1.43135
    15  O   6.0   -0.23    2.94    2.63     4.18671    -1.18916     0.32895
    16  H   1.0    0.16    1.05    1.44     3.18622    -0.76500     1.84848
    17  H   1.0    0.16    1.20    1.46     4.39327    -3.03394     0.11887
    18  H   1.0    0.16    1.15    1.45     3.49720    -0.38353    -1.20956
    19  O   6.0   -0.23    2.94    2.63     0.23520    -4.00261    -2.58972
    20  H   1.0    0.16    1.15    1.45     0.85081    -2.39119    -3.30680
    21  H   1.0    0.16    1.20    1.47     1.61970    -5.01242    -1.84579
    22  H   1.0    0.15    1.02    1.43    -1.16568    -3.74031    -1.38132
    23  N   5.0   -0.22    3.05    1.93    -2.00668     6.54682     0.17286
    24  H   1.0    0.13    1.02    1.43    -2.50262     5.36908     1.61440
    25  H   1.0    0.11    0.99    1.43    -3.32759     7.94902     0.16495
    26  H   1.0    0.11    0.99    1.43    -0.36023     7.38223     0.72275

  Z AO/shell   Hii/eV     exponent
  1     Wed Apr 25 08:07:45 CEST 2018   EN: 2.200 GM2: 0.406  GM3: 0.0800  RAES: 1.40
     1s    -10.707211    1.230000
  7     Wed Apr 25 08:07:45 CEST 2018   EN: 3.040 GM2: 0.461  GM3:-0.0640  RAES: 1.90
     2s    -16.686243    2.339881
     2p    -12.523956    2.014332
  8     Wed Apr 25 08:07:45 CEST 2018   EN: 3.440 GM2: 0.452  GM3:-0.0517  RAES: 1.80
     2s    -20.229985    2.439742
     2p    -15.503117    2.137023
 16     Tue Apr 24 11:44:34 CEST 2018   EN: 2.580 GM2: 0.340  GM3:-0.0502  RAES: 3.10
     3s    -20.029654    1.981333
     3p    -11.377694    2.025643
     3d     -0.420282    1.702555
 no old-style atom pair restraining (fixing) potential

molecular fragmentation (1/2 indicates fragments):
11111122222222222222222222
# atoms in fragment 1/2:     6    20
 fragment masses (1/2) :       97.07      108.11
CMA distance (Bohr)    :   5.614
constraining FC (au)   :  0.0500
           ------------------------------------------------- 
          |        Self-Consistent Charge Iterations        |
           ------------------------------------------------- 

 Ncao       : 65
 Nao        : 64
 Nshell     : 38
 Nel        : 80
 T(el)      :   300.0
 intcut     :    25.0
 scfconv/Eh :  0.100E-05
   qconv/e  :  0.100E-03
 intneglect :  0.100E-07
 broydamp   :      0.250
 iter      E             dE          RMSdq      gap      omega  full diag
   1    -50.5228353 -0.505228E+02  0.707E+00   10.09       0.0  T
   2    -50.5731574 -0.503221E-01  0.510E+00    9.30       1.0  T
   3    -50.6120523 -0.388949E-01  0.134E+00    5.79       1.0  T
   4    -50.6175708 -0.551850E-02  0.580E-01    6.17       1.0  T
   5    -50.6182075 -0.636771E-03  0.320E-01    6.13       1.0  T
   6    -50.6186647 -0.457155E-03  0.139E-01    6.26       1.0  T
   7    -50.6187724 -0.107692E-03  0.509E-02    6.28       1.0  T
   8    -50.6187851 -0.126776E-04  0.296E-02    6.27       1.0  T
   9    -50.6187896 -0.450240E-05  0.147E-02    6.28       1.3  T
  10    -50.6187910 -0.142380E-05  0.228E-03    6.29       8.6  T
  11    -50.6187910 -0.158781E-07  0.129E-03    6.29      15.1  T
  12    -50.6187910 -0.628453E-08  0.521E-04    6.29      37.6  T
  13    -50.6187910 -0.163323E-08  0.144E-04    6.29     135.7  T
speedup  1.01
cpu  time for SCC    0.01 s
wall time for SCC    0.01 s

   *** convergence criteria satisfied after 13 iterations ***

          eigenvalues
 #    :          28         29         30         31         32         33         34         35
 occ. :        2.000      2.000      2.000      2.000      2.000      2.000      2.000      2.000
 eps  :       -13.084    -12.279    -11.885    -11.768    -11.465    -11.402    -11.354    -11.312
 #    :          36         37         38         39         40         41         42         43
 occ. :        2.000      2.000      2.000      2.000      2.000      0.000      0.000      0.000
 eps  :       -11.025    -10.997    -10.878     -8.888     -8.408     -2.119     -0.474     -0.264
 #    :          44         45         46         47         48         49         50         51
 occ. :        0.000      0.000      0.000      0.000      0.000      0.000      0.000      0.000
 eps  :         0.638      0.684      1.113      2.377      3.234      3.599      3.768      4.934


   #   Z            q   n(s)   n(p)   n(d)      C6AA      α(0)
   1  16 S      1.603  1.585  1.837  0.975    91.011    16.056
   2   8 O     -0.755  1.772  4.983  0.000    30.266     7.376
   3   8 O     -0.768  1.780  4.989  0.000    30.644     7.422
   4   8 O     -0.747  1.761  4.985  0.000    30.017     7.346
   5   8 O     -0.546  1.719  4.826  0.000    23.891     6.598
   6   1 H      0.361  0.639  0.000  0.000     0.554     1.164
   7   8 O     -0.840  1.825  5.015  0.000    32.775     7.678
   8   1 H      0.217  0.783  0.000  0.000     1.035     1.598
   9   8 O     -0.896  1.813  5.082  0.000    34.563     7.885
  10   1 H      0.177  0.823  0.000  0.000     1.243     1.752
  11   8 O     -0.444  1.649  4.795  0.000    21.667     6.287
  12   1 H      0.386  0.614  0.000  0.000     0.510     1.122
  13   1 H      0.407  0.593  0.000  0.000     0.466     1.069
  14   1 H      0.391  0.609  0.000  0.000     0.502     1.113
  15   8 O     -0.480  1.667  4.813  0.000    22.412     6.394
  16   1 H      0.384  0.616  0.000  0.000     0.515     1.128
  17   1 H      0.403  0.597  0.000  0.000     0.473     1.077
  18   1 H      0.389  0.611  0.000  0.000     0.502     1.112
  19   8 O     -0.474  1.666  4.808  0.000    22.278     6.375
  20   1 H      0.395  0.605  0.000  0.000     0.491     1.099
  21   1 H      0.406  0.594  0.000  0.000     0.468     1.071
  22   1 H      0.378  0.622  0.000  0.000     0.527     1.141
  23   7 N     -0.460  1.382  4.079  0.000    32.128     8.418
  24   1 H      0.205  0.795  0.000  0.000     1.083     1.630
  25   1 H      0.153  0.847  0.000  0.000     1.382     1.842
  26   1 H      0.155  0.845  0.000  0.000     1.368     1.832

 Mol. C6AA /au·bohr⁶  :       5561.016894
 Mol. C8AA /au·bohr⁸  :     120454.106389
 Mol. α(0) /au        :        107.584107

 
 Wiberg/Mayer (AO) data. WBOs > 0.1 written file <wbo>
 largest (>0.05) Wiberg bond orders for each atom
           total WBO             WBO to atom ...
     1  S   4.908    O    3 1.307    O    2 1.290    O    4 1.282    O    5 0.992
     2  O   1.681    S    1 1.290    O    3 0.114    O    4 0.112    O    5 0.073    H   16 0.067
     3  O   1.656    S    1 1.307    O    2 0.114    O    4 0.109    O    5 0.075
     4  O   1.708    S    1 1.282    O    2 0.112    O    3 0.109    O    5 0.053    H   22 0.051
     5  O   2.044    S    1 0.992    H    6 0.846    O    3 0.075    O    2 0.073    O    4 0.053
     6  H   0.869    O    5 0.846
     7  O   1.646    H    8 0.945    H   13 0.198    H   20 0.159    H   18 0.156    O   11 0.062    O   19 0.054    O   15 0.054
     8  H   0.953    O    7 0.945
     9  O   1.455    H   10 0.943    H   21 0.193    H   17 0.190    O   15 0.058    O   19 0.058
    10  H   0.968    O    9 0.943
    11  O   2.296    H   14 0.788    H   12 0.747    H   13 0.631    O    7 0.062
    12  H   0.851    O   11 0.747    N   23 0.095
    13  H   0.834    O   11 0.631    O    7 0.198
    14  H   0.847    O   11 0.788
    15  O   2.262    H   16 0.776    H   18 0.687    H   17 0.641    O    9 0.058    O    7 0.054
    16  H   0.853    O   15 0.776    O    2 0.067
    17  H   0.837    O   15 0.641    O    9 0.190
    18  H   0.849    O   15 0.687    O    7 0.156
    19  O   2.266    H   22 0.797    H   20 0.681    H   21 0.635    O    9 0.058    O    7 0.054
    20  H   0.844    O   19 0.681    O    7 0.159
    21  H   0.835    O   19 0.635    O    9 0.193
    22  H   0.857    O   19 0.797    O    4 0.051
    23  N   3.026    H   25 0.972    H   26 0.972    H   24 0.927    H   12 0.095
    24  H   0.958    N   23 0.927
    25  H   0.977    N   23 0.972
    26  H   0.976    N   23 0.972
 MOs/occ written to file <molden.input>
 
molecular dipole:
                 x           y           z       tot (Debye)
 q only:       -0.809       1.963      -0.955
   full:       -0.918       1.866       0.084       5.291
molecular quadrupole (traceless):
                xx          xy          yy          xz          yz          zz
 q only:       -5.228       6.799      -3.319       2.259      -2.375       8.547
  q+dip:       -8.389       4.823      -1.009      -3.786      -1.937       9.399
   full:       -8.501       4.740      -0.983      -4.026      -2.372       9.484

SCC energy    :     -50.6187910
rep           :       0.2759428
ES            :       0.3202669
AES           :      -0.0710474
AXC           :      -0.0071654
disp          :      -0.0182981
XB            :       0.0000000
fix           :       0.0000000
total E       :     -50.3425624
atomizationE  :       4.8728665     3057.77
(atE without considering molecular charge,
 total energy contains solvation terms)
H-L gap (eV)  :          6.2887
           ------------------------------------------------- 
          |                 ===============                 |
          |                   A N C O P T                   |
          |                 ===============                 |
          |          Approximate Normal Coordinate          |
          |           Rational Function Optimizer           |
           ------------------------------------------------- 
dumping coords to <xtbopt.coord> and <xtbopt.log>
 optlevel               2
 Maxcycle             520
 Maxmicro              25
 Econv         1.000000000000000E-007
 Gconv         2.000000000000000E-004
 Maxdispl       1.00000000000000     
 Hlow          5.000000000000000E-003
 S6             20.0000000000000     
 Nvar               72

generating ANC from model Hessian ...
 Shifting diagonal of input Hessian by   4.906549817757669E-003
 Lowest  eigenvalues of input Hessian
   -0.000000   -0.000000   -0.000000    0.000000    0.000000    0.000000
    0.005000    0.005078    0.005512    0.006303    0.006832    0.007480
    0.007890    0.008779    0.009268    0.009961    0.010646    0.010905
 Highest eigenvalues
    1.583177    1.590778    1.596407    3.142637    3.212955    3.314796
 
cpu  time for ANC gen    0.01 s
wall time for ANC gen    0.02 s
................................................................................
.............................. CYCLE    1 ......................................
................................................................................
   1    -50.6187910 -0.506188E+02  0.767E-05    6.29       0.0  T
   2    -50.6187910 -0.147224E-10  0.580E-05    6.29     338.4  T
   3    -50.6187910 -0.126832E-10  0.278E-05    6.29     704.4  T
speedup  1.07
cpu  time for SCC    0.00 s
wall time for SCC    0.00 s
speedup  0.99
cpu  time for grad    0.01 s
wall time for grad    0.01 s
 E :    -50.34256233  G :  0.234297    pred/act E change:  0.000D+00  0.472D-07
Maxdispl :   0.1277   ||displ|| :   0.3047   Lambda : -0.442D-01
Largest |displ|/coords:  0.1277 (  18)  0.1215 (  55)  0.0972 (  54)
................................................................................
.............................. CYCLE    2 ......................................
................................................................................
   1    -50.6360947 -0.506361E+02  0.337E-01    6.46       0.0  T
   2    -50.6363879 -0.293257E-03  0.249E-01    6.58       1.0  T
   3    -50.6365337 -0.145785E-03  0.890E-02    6.81       1.0  T
   4    -50.6365459 -0.122018E-04  0.207E-02    6.82       1.0  T
   5    -50.6365479 -0.195976E-05  0.619E-03    6.80       3.2  T
   6    -50.6365479 -0.678790E-07  0.329E-03    6.80       6.0  T
   7    -50.6365480 -0.286999E-07  0.116E-03    6.80      16.9  T
speedup  0.97
cpu  time for SCC    0.01 s
wall time for SCC    0.01 s
speedup  0.99
cpu  time for grad    0.01 s
wall time for grad    0.01 s
 E :    -50.37775500  G :  0.146342    pred/act E change:  0.000D+00 -0.352D-01
Maxdispl :   0.1769   ||displ|| :   0.3282   Lambda : -0.226D-01
Largest |displ|/coords:  0.1769 (  18)  0.1003 (  28)  0.0888 (  55)
................................................................................
.............................. CYCLE    3 ......................................
................................................................................
   1    -50.6447090 -0.506447E+02  0.310E-01    6.99       0.0  T
   2    -50.6451042 -0.395134E-03  0.224E-01    7.14       1.0  T
   3    -50.6452848 -0.180686E-03  0.899E-02    7.40       1.0  T
   4    -50.6452955 -0.106993E-04  0.183E-02    7.41       1.1  T
   5    -50.6452968 -0.124952E-05  0.558E-03    7.39       3.5  T
   6    -50.6452969 -0.638905E-07  0.310E-03    7.39       6.3  T
speedup  1.11
cpu  time for SCC    0.01 s
wall time for SCC    0.01 s
speedup  0.98
cpu  time for grad    0.01 s
wall time for grad    0.01 s
 E :    -50.39603992  G :  0.097859    pred/act E change: -0.242D-01 -0.183D-01
Maxdispl :   0.1694   ||displ|| :   0.3444   Lambda : -0.122D-01
Largest |displ|/coords:  0.1694 (  18)  0.1045 (   5)  0.1000 (  10)
................................................................................
.............................. CYCLE    4 ......................................
................................................................................
   1    -50.6492625 -0.506493E+02  0.344E-01    7.56       0.0  T
   2    -50.6497165 -0.454017E-03  0.244E-01    7.74       1.0  T
   3    -50.6499193 -0.202782E-03  0.928E-02    8.04       1.0  T
   4    -50.6499354 -0.161256E-04  0.191E-02    8.04       1.0  T
   5    -50.6499367 -0.125227E-05  0.612E-03    8.03       3.2  T
   6    -50.6499367 -0.720925E-07  0.346E-03    8.02       5.7  T
   7    -50.6499368 -0.275229E-07  0.122E-03    8.02      16.0  T
speedup  0.98
cpu  time for SCC    0.01 s
wall time for SCC    0.01 s
speedup  1.01
cpu  time for grad    0.01 s
wall time for grad    0.01 s
 E :    -50.40629991  G :  0.067941    pred/act E change: -0.125D-01 -0.103D-01
Maxdispl :   0.2056   ||displ|| :   0.4256   Lambda : -0.838D-02
Largest |displ|/coords:  0.2056 (  10)  0.1788 (   5)  0.1624 (   8)
................................................................................
.............................. CYCLE    5 ......................................
................................................................................
   1    -50.6471001 -0.506471E+02  0.551E-01    8.10       0.0  T
   2    -50.6478597 -0.759614E-03  0.392E-01    8.35       1.0  T
   3    -50.6481821 -0.322367E-03  0.128E-01    8.76       1.0  T
   4    -50.6482273 -0.452687E-04  0.241E-02    8.73       1.0  T
   5    -50.6482291 -0.173427E-05  0.938E-03    8.70       2.1  T
   6    -50.6482294 -0.343255E-06  0.515E-03    8.71       3.8  T
   7    -50.6482295 -0.428486E-07  0.145E-03    8.70      13.6  T
speedup  0.97
cpu  time for SCC    0.01 s
wall time for SCC    0.01 s
speedup  1.00
cpu  time for grad    0.01 s
wall time for grad    0.01 s
 E :    -50.41215172  G :  0.073851    pred/act E change: -0.680D-02 -0.585D-02
Maxdispl :   0.1556   ||displ|| :   0.4189   Lambda : -0.113D-01
Largest |displ|/coords:  0.1556 (  12)  0.1541 (   1)  0.1409 (  10)
................................................................................
.............................. CYCLE    6 ......................................
................................................................................
   1    -50.6636485 -0.506636E+02  0.507E-01    8.89       0.0  T
   2    -50.6638457 -0.197170E-03  0.381E-01    8.94       1.0  T
   3    -50.6639677 -0.121962E-03  0.705E-02    9.03       1.0  T
   4    -50.6639930 -0.253412E-04  0.230E-02    9.04       1.0  T
   5    -50.6639941 -0.105321E-05  0.763E-03    9.04       2.6  T
   6    -50.6639941 -0.768834E-07  0.345E-03    9.04       5.7  T
   7    -50.6639942 -0.327757E-07  0.994E-04    9.04      19.7  T
speedup  0.97
cpu  time for SCC    0.01 s
wall time for SCC    0.01 s
speedup  1.00
cpu  time for grad    0.01 s
wall time for grad    0.01 s
 E :    -50.41419642  G :  0.062737    pred/act E change: -0.495D-02 -0.204D-02
Maxdispl :   0.1550   ||displ|| :   0.3418   Lambda : -0.725D-02
Largest |displ|/coords:  0.1550 (   5)  0.1288 (  10)  0.1173 (  11)
................................................................................
.............................. CYCLE    7 ......................................
................................................................................
   1    -50.6594415 -0.506594E+02  0.462E-01    9.00       0.0  T
   2    -50.6597416 -0.300043E-03  0.336E-01    9.06       1.0  T
   3    -50.6598882 -0.146606E-03  0.879E-02    9.03       1.0  T
   4    -50.6599151 -0.269611E-04  0.166E-02    9.04       1.2  T
   5    -50.6599157 -0.591715E-06  0.632E-03    9.04       3.1  T
   6    -50.6599159 -0.168435E-06  0.364E-03    9.04       5.4  T
   7    -50.6599159 -0.176376E-07  0.820E-04    9.04      23.9  T
speedup  0.97
cpu  time for SCC    0.01 s
wall time for SCC    0.01 s
speedup  1.00
cpu  time for grad    0.01 s
wall time for grad    0.01 s
 E :    -50.41931545  G :  0.042482    pred/act E change: -0.664D-02 -0.512D-02
Maxdispl :   0.1953   ||displ|| :   0.3551   Lambda : -0.374D-02
Largest |displ|/coords:  0.1953 (   5)  0.1411 (   6)  0.0979 (   9)
................................................................................
.............................. CYCLE    8 ......................................
................................................................................
   1    -50.6616036 -0.506616E+02  0.300E-01    8.98       0.0  T
   2    -50.6620211 -0.417530E-03  0.204E-01    8.95       1.0  T
   3    -50.6622025 -0.181360E-03  0.815E-02    8.92       1.0  T
   4    -50.6622167 -0.141955E-04  0.153E-02    8.92       1.3  T
   5    -50.6622172 -0.579045E-06  0.654E-03    8.92       3.0  T
   6    -50.6622173 -0.980602E-07  0.350E-03    8.92       5.6  T
   7    -50.6622173 -0.167886E-07  0.896E-04    8.92      21.9  T
speedup  0.98
cpu  time for SCC    0.01 s
wall time for SCC    0.01 s
speedup  1.00
cpu  time for grad    0.01 s
wall time for grad    0.01 s
 E :    -50.42191893  G :  0.057652    pred/act E change: -0.405D-02 -0.260D-02
Maxdispl :   0.1466   ||displ|| :   0.2996   Lambda : -0.421D-02
Largest |displ|/coords:  0.1466 (   2)  0.1384 (   1)  0.1316 (   5)
................................................................................
.............................. CYCLE    9 ......................................
................................................................................
   1    -50.6715282 -0.506715E+02  0.201E-01    8.87       0.0  T
   2    -50.6715655 -0.372519E-04  0.151E-01    8.86       1.0  T
   3    -50.6715885 -0.230659E-04  0.294E-02    8.84       1.0  T
   4    -50.6715932 -0.471410E-05  0.939E-03    8.84       2.1  T
   5    -50.6715934 -0.134873E-06  0.361E-03    8.84       5.4  T
   6    -50.6715934 -0.198021E-07  0.156E-03    8.84      12.6  T
speedup  0.91
cpu  time for SCC    0.00 s
wall time for SCC    0.01 s
speedup  0.98
cpu  time for grad    0.01 s
wall time for grad    0.01 s
 E :    -50.42411252  G :  0.031410    pred/act E change: -0.211D-02 -0.219D-02
Maxdispl :   0.1843   ||displ|| :   0.3609   Lambda : -0.408D-02
Largest |displ|/coords:  0.1843 (   5)  0.1197 (   6)  0.1153 (  25)
................................................................................
.............................. CYCLE   10 ......................................
................................................................................
   1    -50.6814294 -0.506814E+02  0.260E-01    8.77       0.0  T
   2    -50.6818010 -0.371578E-03  0.178E-01    8.73       1.0  T
   3    -50.6819786 -0.177618E-03  0.775E-02    8.67       1.0  T
   4    -50.6819925 -0.138927E-04  0.144E-02    8.67       1.4  T
   5    -50.6819930 -0.464995E-06  0.664E-03    8.67       3.0  T
   6    -50.6819930 -0.470619E-07  0.325E-03    8.67       6.0  T
   7    -50.6819930 -0.129821E-07  0.765E-04    8.67      25.6  T
speedup  0.97
cpu  time for SCC    0.01 s
wall time for SCC    0.01 s
speedup  0.93
cpu  time for grad    0.01 s
wall time for grad    0.01 s
 E :    -50.42747554  G :  0.032676    pred/act E change: -0.229D-02 -0.336D-02
Maxdispl :   0.2324   ||displ|| :   0.5340   Lambda : -0.637D-02
Largest |displ|/coords:  0.2324 (   5)  0.2102 (  25)  0.1197 (   6)
................................................................................
.............................. CYCLE   11 ......................................
................................................................................
   1    -50.6951057 -0.506951E+02  0.463E-01    8.56       0.0  T
   2    -50.6959692 -0.863569E-03  0.323E-01    8.49       1.0  T
   3    -50.6963857 -0.416434E-03  0.130E-01    8.37       1.0  T
   4    -50.6964270 -0.413743E-04  0.225E-02    8.36       1.0  T
   5    -50.6964280 -0.924063E-06  0.123E-02    8.36       1.6  T
   6    -50.6964281 -0.193124E-06  0.453E-03    8.36       4.3  T
   7    -50.6964282 -0.424548E-07  0.103E-03    8.36      19.1  T
speedup  0.97
cpu  time for SCC    0.01 s
wall time for SCC    0.01 s
speedup  1.00
cpu  time for grad    0.01 s
wall time for grad    0.01 s
 E :    -50.43070381  G :  0.049317    pred/act E change: -0.231D-02 -0.323D-02
Maxdispl :   0.1201   ||displ|| :   0.3073   Lambda : -0.411D-02
Largest |displ|/coords:  0.1201 (   6)  0.1186 (  30)  0.0994 (  15)
................................................................................
.............................. CYCLE   12 ......................................
................................................................................
   1    -50.7025275 -0.507025E+02  0.221E-01    8.38       0.0  T
   2    -50.7025749 -0.474342E-04  0.164E-01    8.36       1.0  T
   3    -50.7025998 -0.248965E-04  0.381E-02    8.33       1.0  T
   4    -50.7026056 -0.580788E-05  0.115E-02    8.33       1.7  T
   5    -50.7026058 -0.233974E-06  0.383E-03    8.33       5.1  T
   6    -50.7026059 -0.135263E-07  0.187E-03    8.33      10.5  T
speedup  1.11
cpu  time for SCC    0.01 s
wall time for SCC    0.01 s
speedup  0.98
cpu  time for grad    0.01 s
wall time for grad    0.01 s
 E :    -50.43311643  G :  0.035918    pred/act E change: -0.409D-02 -0.241D-02
Maxdispl :   0.1159   ||displ|| :   0.2726   Lambda : -0.316D-02
Largest |displ|/coords:  0.1159 (  30)  0.0911 (   9)  0.0895 (  18)
................................................................................
.............................. CYCLE   13 ......................................
................................................................................
   1    -50.7004355 -0.507004E+02  0.181E-01    8.34       0.0  T
   2    -50.7004899 -0.544303E-04  0.131E-01    8.33       1.0  T
   3    -50.7005122 -0.223004E-04  0.357E-02    8.31       1.0  T
   4    -50.7005170 -0.476695E-05  0.752E-03    8.30       2.6  T
   5    -50.7005170 -0.700839E-07  0.263E-03    8.30       7.5  T
   6    -50.7005170 -0.835848E-08  0.133E-03    8.30      14.8  T
speedup  0.94
cpu  time for SCC    0.00 s
wall time for SCC    0.01 s
speedup  0.99
cpu  time for grad    0.01 s
wall time for grad    0.01 s
 E :    -50.43545695  G :  0.026037    pred/act E change: -0.225D-02 -0.234D-02
Maxdispl :   0.1548   ||displ|| :   0.4209   Lambda : -0.355D-02
Largest |displ|/coords:  0.1548 (  12)  0.1544 (   9)  0.1231 (  30)
................................................................................
.............................. CYCLE   14 ......................................
................................................................................
   1    -50.7072000 -0.507072E+02  0.286E-01    8.35       0.0  T
   2    -50.7073053 -0.105310E-03  0.210E-01    8.34       1.0  T
   3    -50.7073558 -0.504946E-04  0.540E-02    8.29       1.0  T
   4    -50.7073679 -0.120565E-04  0.128E-02    8.28       1.5  T
   5    -50.7073681 -0.206453E-06  0.504E-03    8.29       3.9  T
   6    -50.7073681 -0.316641E-07  0.232E-03    8.29       8.4  T
speedup  1.13
cpu  time for SCC    0.01 s
wall time for SCC    0.01 s
speedup  0.99
cpu  time for grad    0.01 s
wall time for grad    0.01 s
 E :    -50.43757159  G :  0.025373    pred/act E change: -0.170D-02 -0.211D-02
Maxdispl :   0.1323   ||displ|| :   0.2900   Lambda : -0.191D-02
Largest |displ|/coords:  0.1323 (   9)  0.1192 (   3)  0.0750 (  17)
................................................................................
.............................. CYCLE   15 ......................................
................................................................................
   1    -50.7038436 -0.507038E+02  0.176E-01    8.33       0.0  T
   2    -50.7039329 -0.892736E-04  0.127E-01    8.33       1.0  T
   3    -50.7039710 -0.381536E-04  0.447E-02    8.32       1.0  T
   4    -50.7039767 -0.565743E-05  0.878E-03    8.32       2.2  T
   5    -50.7039768 -0.111301E-06  0.359E-03    8.32       5.5  T
   6    -50.7039768 -0.143888E-07  0.166E-03    8.32      11.8  T
speedup  0.94
cpu  time for SCC    0.00 s
wall time for SCC    0.01 s
speedup  0.99
cpu  time for grad    0.01 s
wall time for grad    0.01 s
 E :    -50.43860786  G :  0.028127    pred/act E change: -0.209D-02 -0.104D-02
Maxdispl :   0.1784   ||displ|| :   0.2978   Lambda : -0.165D-02
Largest |displ|/coords:  0.1784 (   3)  0.0853 (  17)  0.0853 (  14)
................................................................................
.............................. CYCLE   16 ......................................
................................................................................
   1    -50.7071845 -0.507072E+02  0.181E-01    8.31       0.0  T
   2    -50.7072575 -0.729928E-04  0.134E-01    8.30       1.0  T
   3    -50.7072934 -0.358989E-04  0.439E-02    8.27       1.0  T
   4    -50.7073003 -0.684768E-05  0.117E-02    8.27       1.7  T
   5    -50.7073005 -0.220944E-06  0.405E-03    8.27       4.8  T
   6    -50.7073005 -0.147148E-07  0.200E-03    8.27       9.8  T
speedup  1.13
cpu  time for SCC    0.01 s
wall time for SCC    0.01 s
speedup  1.07
cpu  time for grad    0.01 s
wall time for grad    0.01 s
 E :    -50.43973088  G :  0.023802    pred/act E change: -0.103D-02 -0.112D-02
Maxdispl :   0.1791   ||displ|| :   0.3699   Lambda : -0.200D-02
Largest |displ|/coords:  0.1791 (   3)  0.1138 (  17)  0.1077 (   2)
................................................................................
.............................. CYCLE   17 ......................................
................................................................................
   1    -50.7149846 -0.507150E+02  0.235E-01    8.23       0.0  T
   2    -50.7150818 -0.971818E-04  0.176E-01    8.21       1.0  T
   3    -50.7151300 -0.482027E-04  0.512E-02    8.18       1.0  T
   4    -50.7151417 -0.117230E-04  0.152E-02    8.19       1.3  T
   5    -50.7151420 -0.333540E-06  0.485E-03    8.19       4.0  T
   6    -50.7151420 -0.212209E-07  0.240E-03    8.19       8.2  T
speedup  0.94
cpu  time for SCC    0.00 s
wall time for SCC    0.01 s
speedup  0.99
cpu  time for grad    0.01 s
wall time for grad    0.01 s
 E :    -50.44094104  G :  0.026305    pred/act E change: -0.899D-03 -0.121D-02
Maxdispl :   0.1674   ||displ|| :   0.3303   Lambda : -0.155D-02
Largest |displ|/coords:  0.1674 (   3)  0.0960 (  13)  0.0927 (   6)
................................................................................
.............................. CYCLE   18 ......................................
................................................................................
   1    -50.7188466 -0.507188E+02  0.200E-01    8.16       0.0  T
   2    -50.7188892 -0.426668E-04  0.151E-01    8.15       1.0  T
   3    -50.7189186 -0.293617E-04  0.359E-02    8.11       1.0  T
   4    -50.7189244 -0.583923E-05  0.128E-02    8.12       1.5  T
   5    -50.7189247 -0.241576E-06  0.399E-03    8.12       4.9  T
   6    -50.7189247 -0.152792E-07  0.202E-03    8.12       9.7  T
speedup  1.13
cpu  time for SCC    0.01 s
wall time for SCC    0.01 s
speedup  0.99
cpu  time for grad    0.01 s
wall time for grad    0.01 s
 E :    -50.44204970  G :  0.028179    pred/act E change: -0.114D-02 -0.111D-02
Maxdispl :   0.1476   ||displ|| :   0.4162   Lambda : -0.269D-02
Largest |displ|/coords:  0.1476 (   2)  0.1299 (  13)  0.1119 (  25)
................................................................................
.............................. CYCLE   19 ......................................
................................................................................
   1    -50.7254757 -0.507255E+02  0.268E-01    8.12       0.0  T
   2    -50.7255623 -0.866000E-04  0.202E-01    8.11       1.0  T
   3    -50.7256198 -0.574711E-04  0.524E-02    8.10       1.0  T
   4    -50.7256301 -0.103351E-04  0.183E-02    8.11       1.1  T
   5    -50.7256306 -0.477609E-06  0.495E-03    8.11       4.0  T
   6    -50.7256306 -0.172521E-07  0.266E-03    8.11       7.4  T
speedup  0.94
cpu  time for SCC    0.01 s
wall time for SCC    0.01 s
speedup  0.99
cpu  time for grad    0.01 s
wall time for grad    0.01 s
 E :    -50.44313001  G :  0.034737    pred/act E change: -0.862D-03 -0.108D-02
Maxdispl :   0.0982   ||displ|| :   0.2267   Lambda : -0.248D-02
Largest |displ|/coords:  0.0982 (   1)  0.0692 (   5)  0.0670 (   3)
................................................................................
.............................. CYCLE   20 ......................................
................................................................................
   1    -50.7234429 -0.507234E+02  0.159E-01    8.05       0.0  T
   2    -50.7234727 -0.297948E-04  0.115E-01    8.06       1.0  T
   3    -50.7234881 -0.154429E-04  0.288E-02    8.08       1.0  T
   4    -50.7234909 -0.278962E-05  0.768E-03    8.08       2.6  T
   5    -50.7234910 -0.853830E-07  0.259E-03    8.08       7.6  T
   6    -50.7234910 -0.104451E-07  0.141E-03    8.08      13.9  T
speedup  1.13
cpu  time for SCC    0.01 s
wall time for SCC    0.01 s
speedup  0.99
cpu  time for grad    0.01 s
wall time for grad    0.01 s
 E :    -50.44438963  G :  0.023882    pred/act E change: -0.158D-02 -0.126D-02
Maxdispl :   0.0927   ||displ|| :   0.2166   Lambda : -0.110D-02
Largest |displ|/coords:  0.0927 (  17)  0.0739 (   3)  0.0739 (   2)
................................................................................
.............................. CYCLE   21 ......................................
................................................................................
   1    -50.7223532 -0.507224E+02  0.140E-01    8.00       0.0  T
   2    -50.7223626 -0.938822E-05  0.103E-01    8.01       1.0  T
   3    -50.7223681 -0.553317E-05  0.192E-02    8.02       1.0  T
   4    -50.7223693 -0.113321E-05  0.452E-03    8.01       4.3  T
   5    -50.7223693 -0.358905E-07  0.186E-03    8.01      10.5  T
speedup  0.91
cpu  time for SCC    0.00 s
wall time for SCC    0.00 s
speedup  0.98
cpu  time for grad    0.01 s
wall time for grad    0.01 s
 E :    -50.44511020  G :  0.019737    pred/act E change: -0.130D-02 -0.721D-03
Maxdispl :   0.1125   ||displ|| :   0.2639   Lambda : -0.161D-02
Largest |displ|/coords:  0.1125 (   2)  0.0913 (   9)  0.0836 (   7)
................................................................................
.............................. CYCLE   22 ......................................
................................................................................
   1    -50.7245783 -0.507246E+02  0.168E-01    8.14       0.0  T
   2    -50.7246036 -0.252803E-04  0.122E-01    8.15       1.0  T
   3    -50.7246152 -0.116034E-04  0.304E-02    8.17       1.0  T
   4    -50.7246176 -0.242830E-05  0.723E-03    8.16       2.7  T
   5    -50.7246177 -0.107988E-06  0.259E-03    8.16       7.6  T
   6    -50.7246177 -0.704857E-08  0.135E-03    8.16      14.5  T
speedup  0.94
cpu  time for SCC    0.00 s
wall time for SCC    0.01 s
speedup  0.97
cpu  time for grad    0.01 s
wall time for grad    0.01 s
 E :    -50.44574430  G :  0.018236    pred/act E change: -0.578D-03 -0.634D-03
Maxdispl :   0.1090   ||displ|| :   0.2202   Lambda : -0.826D-03
Largest |displ|/coords:  0.1090 (   3)  0.0838 (  17)  0.0670 (   2)
................................................................................
.............................. CYCLE   23 ......................................
................................................................................
   1    -50.7220590 -0.507221E+02  0.142E-01    8.16       0.0  T
   2    -50.7220660 -0.694804E-05  0.107E-01    8.17       1.0  T
   3    -50.7220726 -0.661719E-05  0.160E-02    8.17       1.2  T
   4    -50.7220733 -0.678842E-06  0.547E-03    8.16       3.6  T
   5    -50.7220733 -0.328054E-07  0.177E-03    8.17      11.1  T
   6    -50.7220733 -0.416229E-08  0.102E-03    8.17      19.2  T
speedup  1.13
cpu  time for SCC    0.01 s
wall time for SCC    0.01 s
speedup  1.07
cpu  time for grad    0.01 s
wall time for grad    0.01 s
 E :    -50.44618924  G :  0.015232    pred/act E change: -0.861D-03 -0.445D-03
Maxdispl :   0.0719   ||displ|| :   0.1455   Lambda : -0.549D-03
Largest |displ|/coords:  0.0719 (   3)  0.0508 (  18)  0.0459 (   5)
................................................................................
.............................. CYCLE   24 ......................................
................................................................................
   1    -50.7231779 -0.507232E+02  0.874E-02    8.13       0.0  T
   2    -50.7231815 -0.363043E-05  0.645E-02    8.13       1.0  T
   3    -50.7231839 -0.244315E-05  0.113E-02    8.13       1.7  T
   4    -50.7231843 -0.404204E-06  0.322E-03    8.14       6.1  T
   5    -50.7231843 -0.157414E-07  0.110E-03    8.14      17.8  T
   6    -50.7231844 -0.184820E-08  0.591E-04    8.14      33.2  T
speedup  0.94
cpu  time for SCC    0.01 s
wall time for SCC    0.01 s
speedup  0.98
cpu  time for grad    0.01 s
wall time for grad    0.01 s
 E :    -50.44647284  G :  0.011121    pred/act E change: -0.433D-03 -0.284D-03
Maxdispl :   0.0725   ||displ|| :   0.1577   Lambda : -0.330D-03
Largest |displ|/coords:  0.0725 (   2)  0.0658 (   4)  0.0520 (   7)
................................................................................
.............................. CYCLE   25 ......................................
................................................................................
   1    -50.7232743 -0.507233E+02  0.861E-02    8.14       0.0  T
   2    -50.7232775 -0.326954E-05  0.642E-02    8.13       1.0  T
   3    -50.7232793 -0.178463E-05  0.101E-02    8.12       1.9  T
   4    -50.7232798 -0.488657E-06  0.379E-03    8.12       5.2  T
   5    -50.7232798 -0.183417E-07  0.951E-04    8.12      20.6  T
   6    -50.7232798 -0.138709E-08  0.534E-04    8.12      36.7  T
speedup  0.94
cpu  time for SCC    0.00 s
wall time for SCC    0.01 s
speedup  0.99
cpu  time for grad    0.01 s
wall time for grad    0.01 s
 E :    -50.44669454  G :  0.010764    pred/act E change: -0.280D-03 -0.222D-03
Maxdispl :   0.0855   ||displ|| :   0.2053   Lambda : -0.434D-03
Largest |displ|/coords:  0.0855 (   2)  0.0750 (   1)  0.0695 (  20)

generating ANC from model Hessian ...
 Shifting diagonal of input Hessian by   5.061925191675161E-003
 Lowest  eigenvalues of input Hessian
    0.005000   -0.000000   -0.000000   -0.000000    0.000000    0.000000
    0.000000    0.005322    0.005381    0.006113    0.006560    0.007043
    0.007185    0.008027    0.008652    0.009693    0.010281    0.011068
 Highest eigenvalues
    1.385886    1.396183    1.415932    2.602363    3.413826    3.761427
 
cpu  time for ANC gen    0.02 s
wall time for ANC gen    0.02 s
................................................................................
.............................. CYCLE   26 ......................................
................................................................................
   1    -50.7265882 -0.507266E+02  0.108E-01    8.30       0.0  T
   2    -50.7265982 -0.100443E-04  0.795E-02    8.29       1.0  T
   3    -50.7266026 -0.440324E-05  0.182E-02    8.28       1.1  T
   4    -50.7266037 -0.110030E-05  0.604E-03    8.29       3.2  T
   5    -50.7266038 -0.873425E-07  0.159E-03    8.29      12.3  T
   6    -50.7266038 -0.277365E-08  0.833E-04    8.29      23.6  T
   7    -50.7266038 -0.122615E-08  0.280E-04    8.29      70.0  T
speedup  0.98
cpu  time for SCC    0.01 s
wall time for SCC    0.01 s
speedup  0.97
cpu  time for grad    0.01 s
wall time for grad    0.01 s
 E :    -50.44683370  G :  0.008107    pred/act E change:  0.000D+00 -0.139D-03
Maxdispl :   0.0460   ||displ|| :   0.1320   Lambda : -0.342D-03
Largest |displ|/coords:  0.0460 (  12)  0.0430 (   6)  0.0423 (   7)
................................................................................
.............................. CYCLE   27 ......................................
................................................................................
   1    -50.7262168 -0.507262E+02  0.878E-02    8.28       0.0  T
   2    -50.7262188 -0.203802E-05  0.655E-02    8.29       1.0  T
   3    -50.7262202 -0.143565E-05  0.954E-03    8.30       2.1  T
   4    -50.7262205 -0.284382E-06  0.306E-03    8.29       6.4  T
   5    -50.7262205 -0.114251E-07  0.920E-04    8.29      21.3  T
   6    -50.7262205 -0.134565E-08  0.524E-04    8.29      37.4  T
speedup  0.96
cpu  time for SCC    0.00 s
wall time for SCC    0.01 s
speedup  0.99
cpu  time for grad    0.01 s
wall time for grad    0.01 s
 E :    -50.44708113  G :  0.004648    pred/act E change:  0.000D+00 -0.247D-03
Maxdispl :   0.1365   ||displ|| :   0.2731   Lambda : -0.438D-03
Largest |displ|/coords:  0.1365 (   3)  0.1129 (  12)  0.0816 (   5)
................................................................................
.............................. CYCLE   28 ......................................
................................................................................
   1    -50.7244846 -0.507245E+02  0.183E-01    8.23       0.0  T
   2    -50.7244906 -0.598778E-05  0.136E-01    8.24       1.0  T
   3    -50.7244951 -0.451643E-05  0.180E-02    8.27       1.1  T
   4    -50.7244959 -0.774922E-06  0.464E-03    8.26       4.2  T
   5    -50.7244959 -0.299034E-07  0.172E-03    8.26      11.4  T
   6    -50.7244959 -0.549226E-08  0.919E-04    8.26      21.3  T
speedup  1.09
cpu  time for SCC    0.01 s
wall time for SCC    0.01 s
speedup  1.04
cpu  time for grad    0.01 s
wall time for grad    0.01 s
 E :    -50.44731259  G :  0.007936    pred/act E change: -0.174D-03 -0.231D-03
Maxdispl :   0.0931   ||displ|| :   0.2268   Lambda : -0.293D-03
Largest |displ|/coords:  0.0931 (   3)  0.0888 (   2)  0.0862 (   6)
................................................................................
.............................. CYCLE   29 ......................................
................................................................................
   1    -50.7239793 -0.507240E+02  0.132E-01    8.22       0.0  T
   2    -50.7239825 -0.325267E-05  0.989E-02    8.23       1.0  T
   3    -50.7239857 -0.312949E-05  0.124E-02    8.23       1.6  T
   4    -50.7239859 -0.291983E-06  0.368E-03    8.23       5.3  T
   5    -50.7239860 -0.162226E-07  0.118E-03    8.23      16.6  T
   6    -50.7239860 -0.169540E-08  0.688E-04    8.23      28.5  T
speedup  0.94
cpu  time for SCC    0.00 s
wall time for SCC    0.01 s
speedup  0.98
cpu  time for grad    0.01 s
wall time for grad    0.01 s
 E :    -50.44748858  G :  0.010410    pred/act E change: -0.235D-03 -0.176D-03
Maxdispl :   0.1292   ||displ|| :   0.2449   Lambda : -0.313D-03
Largest |displ|/coords:  0.1292 (  12)  0.1176 (   3)  0.0660 (   7)
................................................................................
.............................. CYCLE   30 ......................................
................................................................................
   1    -50.7248392 -0.507248E+02  0.124E-01    8.22       0.0  T
   2    -50.7248424 -0.316471E-05  0.925E-02    8.21       1.0  T
   3    -50.7248452 -0.278165E-05  0.115E-02    8.21       1.7  T
   4    -50.7248455 -0.334789E-06  0.419E-03    8.21       4.7  T
   5    -50.7248455 -0.192857E-07  0.118E-03    8.21      16.7  T
   6    -50.7248455 -0.201553E-08  0.686E-04    8.21      28.6  T
speedup  1.13
cpu  time for SCC    0.01 s
wall time for SCC    0.01 s
speedup  1.05
cpu  time for grad    0.01 s
wall time for grad    0.01 s
 E :    -50.44771824  G :  0.009640    pred/act E change: -0.154D-03 -0.230D-03
Maxdispl :   0.1723   ||displ|| :   0.3304   Lambda : -0.349D-03
Largest |displ|/coords:  0.1723 (   3)  0.1445 (  12)  0.1069 (   5)
................................................................................
.............................. CYCLE   31 ......................................
................................................................................
   1    -50.7254268 -0.507254E+02  0.157E-01    8.20       0.0  T
   2    -50.7254326 -0.576949E-05  0.116E-01    8.20       1.0  T
   3    -50.7254369 -0.428946E-05  0.158E-02    8.19       1.2  T
   4    -50.7254376 -0.735830E-06  0.558E-03    8.20       3.5  T
   5    -50.7254376 -0.385868E-07  0.166E-03    8.20      11.8  T
   6    -50.7254377 -0.391593E-08  0.966E-04    8.20      20.3  T
speedup  0.94
cpu  time for SCC    0.01 s
wall time for SCC    0.01 s
speedup  0.98
cpu  time for grad    0.01 s
wall time for grad    0.01 s
 E :    -50.44794570  G :  0.008796    pred/act E change: -0.166D-03 -0.227D-03
Maxdispl :   0.0857   ||displ|| :   0.1791   Lambda : -0.170D-03
Largest |displ|/coords:  0.0857 (  12)  0.0853 (   3)  0.0757 (   5)
................................................................................
.............................. CYCLE   32 ......................................
................................................................................
   1    -50.7264198 -0.507264E+02  0.864E-02    8.24       0.0  T
   2    -50.7264221 -0.220297E-05  0.635E-02    8.24       1.0  T
   3    -50.7264232 -0.119467E-05  0.108E-02    8.24       1.8  T
   4    -50.7264235 -0.292818E-06  0.355E-03    8.24       5.5  T
   5    -50.7264236 -0.158511E-07  0.882E-04    8.24      22.2  T
   6    -50.7264236 -0.106444E-08  0.541E-04    8.24      36.3  T
speedup  0.93
cpu  time for SCC    0.00 s
wall time for SCC    0.01 s
speedup  0.98
cpu  time for grad    0.01 s
wall time for grad    0.01 s
 E :    -50.44806069  G :  0.006347    pred/act E change: -0.193D-03 -0.115D-03
Maxdispl :   0.0735   ||displ|| :   0.1847   Lambda : -0.135D-03
Largest |displ|/coords:  0.0735 (  12)  0.0693 (   5)  0.0654 (   3)
................................................................................
.............................. CYCLE   33 ......................................
................................................................................
   1    -50.7265840 -0.507266E+02  0.101E-01    8.27       0.0  T
   2    -50.7265860 -0.200960E-05  0.739E-02    8.28       1.0  T
   3    -50.7265879 -0.192620E-05  0.115E-02    8.28       1.7  T
   4    -50.7265881 -0.155077E-06  0.339E-03    8.28       5.8  T
   5    -50.7265881 -0.166739E-07  0.105E-03    8.28      18.6  T
   6    -50.7265881 -0.120151E-08  0.657E-04    8.28      29.9  T
speedup  0.93
cpu  time for SCC    0.00 s
wall time for SCC    0.01 s
speedup  0.97
cpu  time for grad    0.01 s
wall time for grad    0.01 s
 E :    -50.44815671  G :  0.004529    pred/act E change: -0.876D-04 -0.960D-04
Maxdispl :   0.0664   ||displ|| :   0.1635   Lambda : -0.122D-03
Largest |displ|/coords:  0.0664 (   1)  0.0657 (   6)  0.0597 (   8)
................................................................................
.............................. CYCLE   34 ......................................
................................................................................
   1    -50.7279487 -0.507279E+02  0.958E-02    8.34       0.0  T
   2    -50.7279508 -0.210413E-05  0.693E-02    8.34       1.0  T
   3    -50.7279526 -0.178528E-05  0.126E-02    8.35       1.6  T
   4    -50.7279527 -0.173355E-06  0.368E-03    8.35       5.3  T
   5    -50.7279528 -0.203818E-07  0.103E-03    8.35      19.1  T
   6    -50.7279528 -0.116472E-08  0.665E-04    8.35      29.5  T
speedup  1.13
cpu  time for SCC    0.01 s
wall time for SCC    0.01 s
speedup  1.06
cpu  time for grad    0.01 s
wall time for grad    0.01 s
 E :    -50.44823722  G :  0.004856    pred/act E change: -0.699D-04 -0.805D-04
Maxdispl :   0.1159   ||displ|| :   0.3063   Lambda : -0.118D-03
Largest |displ|/coords:  0.1159 (   6)  0.1144 (   1)  0.1105 (  12)
................................................................................
.............................. CYCLE   35 ......................................
................................................................................
   1    -50.7236462 -0.507236E+02  0.182E-01    8.27       0.0  T
   2    -50.7236545 -0.834836E-05  0.133E-01    8.28       1.0  T
   3    -50.7236608 -0.626342E-05  0.222E-02    8.31       1.0  T
   4    -50.7236616 -0.840437E-06  0.618E-03    8.30       3.2  T
   5    -50.7236617 -0.692922E-07  0.202E-03    8.30       9.7  T
   6    -50.7236617 -0.829759E-08  0.118E-03    8.30      16.6  T
speedup  1.13
cpu  time for SCC    0.01 s
wall time for SCC    0.01 s
speedup  1.06
cpu  time for grad    0.01 s
wall time for grad    0.01 s
 E :    -50.44820287  G :  0.010953    pred/act E change: -0.628D-04  0.343D-04
Maxdispl :   0.0786   ||displ|| :   0.1199   Lambda : -0.250D-03
Largest |displ|/coords:  0.0786 (   3)  0.0489 (  12)  0.0391 (   2)
................................................................................
.............................. CYCLE   36 ......................................
................................................................................
   1    -50.7272791 -0.507273E+02  0.643E-02    8.37       0.0  T
   2    -50.7272811 -0.205700E-05  0.470E-02    8.36       1.0  T
   3    -50.7272818 -0.655006E-06  0.859E-03    8.35       2.3  T
   4    -50.7272821 -0.325855E-06  0.174E-03    8.35      11.3  T
   5    -50.7272821 -0.403480E-08  0.677E-04    8.35      29.0  T
speedup  1.11
cpu  time for SCC    0.00 s
wall time for SCC    0.00 s
speedup  1.05
cpu  time for grad    0.01 s
wall time for grad    0.01 s
 E :    -50.44830814  G :  0.004417    pred/act E change: -0.646D-04 -0.105D-03
Maxdispl :   0.0275   ||displ|| :   0.0491   Lambda : -0.453D-04
Largest |displ|/coords:  0.0275 (   4)  0.0173 (  16)  0.0156 (  13)
................................................................................
.............................. CYCLE   37 ......................................
................................................................................
   1    -50.7278975 -0.507279E+02  0.369E-02    8.37       0.0  T
   2    -50.7278979 -0.345855E-06  0.276E-02    8.37       1.0  T
   3    -50.7278981 -0.285429E-06  0.378E-03    8.37       5.2  T
   4    -50.7278982 -0.401240E-07  0.129E-03    8.37      15.2  T
   5    -50.7278982 -0.263451E-08  0.418E-04    8.37      47.0  T
speedup  1.11
cpu  time for SCC    0.00 s
wall time for SCC    0.00 s
speedup  1.05
cpu  time for grad    0.01 s
wall time for grad    0.01 s
 E :    -50.44833218  G :  0.003125    pred/act E change: -0.127D-03 -0.240D-04
Maxdispl :   0.0489   ||displ|| :   0.0902   Lambda : -0.324D-04
Largest |displ|/coords:  0.0489 (   1)  0.0355 (   6)  0.0320 (   5)
................................................................................
.............................. CYCLE   38 ......................................
................................................................................
   1    -50.7272938 -0.507273E+02  0.529E-02    8.34       0.0  T
   2    -50.7272942 -0.403277E-06  0.393E-02    8.34       1.0  T
   3    -50.7272947 -0.490420E-06  0.524E-03    8.34       3.7  T
   4    -50.7272947 -0.183410E-07  0.933E-04    8.34      21.0  T
   5    -50.7272947 -0.157047E-08  0.487E-04    8.34      40.2  T
speedup  1.11
cpu  time for SCC    0.01 s
wall time for SCC    0.00 s
speedup  1.00
cpu  time for grad    0.01 s
wall time for grad    0.01 s
 E :    -50.44835708  G :  0.002359    pred/act E change: -0.227D-04 -0.249D-04
Maxdispl :   0.0850   ||displ|| :   0.1407   Lambda : -0.392D-04
Largest |displ|/coords:  0.0850 (   1)  0.0569 (   6)  0.0414 (  16)
................................................................................
.............................. CYCLE   39 ......................................
................................................................................
   1    -50.7265662 -0.507266E+02  0.838E-02    8.32       0.0  T
   2    -50.7265671 -0.933411E-06  0.625E-02    8.32       1.0  T
   3    -50.7265682 -0.111987E-05  0.754E-03    8.31       2.6  T
   4    -50.7265683 -0.443817E-07  0.190E-03    8.31      10.3  T
   5    -50.7265683 -0.578166E-08  0.747E-04    8.31      26.2  T
   6    -50.7265683 -0.512692E-09  0.430E-04    8.31      45.6  T
speedup  0.94
cpu  time for SCC    0.00 s
wall time for SCC    0.01 s
speedup  1.01
cpu  time for grad    0.01 s
wall time for grad    0.01 s
 E :    -50.44838033  G :  0.002862    pred/act E change: -0.163D-04 -0.233D-04
Maxdispl :   0.0265   ||displ|| :   0.0517   Lambda : -0.186D-04
Largest |displ|/coords:  0.0265 (   1)  0.0202 (   6)  0.0155 (  10)
................................................................................
.............................. CYCLE   40 ......................................
................................................................................
   1    -50.7269961 -0.507270E+02  0.298E-02    8.30       0.0  T
   2    -50.7269963 -0.239502E-06  0.224E-02    8.30       1.0  T
   3    -50.7269965 -0.156250E-06  0.286E-03    8.29       6.9  T
   4    -50.7269965 -0.387669E-07  0.103E-03    8.29      19.1  T
   5    -50.7269965 -0.849717E-09  0.270E-04    8.29      72.5  T
   6    -50.7269965 -0.832685E-10  0.156E-04    8.29     126.1  T
speedup  0.94
cpu  time for SCC    0.00 s
wall time for SCC    0.01 s
speedup  0.94
cpu  time for grad    0.01 s
wall time for grad    0.01 s
 E :    -50.44839242  G :  0.002376    pred/act E change: -0.200D-04 -0.121D-04
Maxdispl :   0.0283   ||displ|| :   0.0639   Lambda : -0.189D-04
Largest |displ|/coords:  0.0283 (   1)  0.0278 (   6)  0.0216 (  16)
................................................................................
.............................. CYCLE   41 ......................................
................................................................................
   1    -50.7275069 -0.507275E+02  0.403E-02    8.30       0.0  T
   2    -50.7275073 -0.343941E-06  0.301E-02    8.30       1.0  T
   3    -50.7275075 -0.218867E-06  0.368E-03    8.30       5.3  T
   4    -50.7275075 -0.493526E-07  0.150E-03    8.30      13.1  T
   5    -50.7275075 -0.234100E-08  0.322E-04    8.30      61.0  T
   6    -50.7275075 -0.106525E-09  0.199E-04    8.30      98.7  T
speedup  0.94
cpu  time for SCC    0.01 s
wall time for SCC    0.01 s
speedup  1.00
cpu  time for grad    0.01 s
wall time for grad    0.01 s
 E :    -50.44840557  G :  0.001853    pred/act E change: -0.935D-05 -0.131D-04
Maxdispl :   0.0323   ||displ|| :   0.0688   Lambda : -0.162D-04
Largest |displ|/coords:  0.0323 (   6)  0.0237 (   1)  0.0205 (   3)
................................................................................
.............................. CYCLE   42 ......................................
................................................................................
   1    -50.7277311 -0.507277E+02  0.461E-02    8.30       0.0  T
   2    -50.7277317 -0.615767E-06  0.344E-02    8.29       1.0  T
   3    -50.7277320 -0.351899E-06  0.559E-03    8.29       3.5  T
   4    -50.7277321 -0.883406E-07  0.219E-03    8.29       9.0  T
   5    -50.7277321 -0.337664E-08  0.383E-04    8.29      51.3  T
   6    -50.7277321 -0.150990E-09  0.247E-04    8.29      79.2  T
speedup  0.94
cpu  time for SCC    0.00 s
wall time for SCC    0.01 s
speedup  1.01
cpu  time for grad    0.01 s
wall time for grad    0.01 s
 E :    -50.44841642  G :  0.001678    pred/act E change: -0.947D-05 -0.109D-04
Maxdispl :   0.0238   ||displ|| :   0.0436   Lambda : -0.108D-04
Largest |displ|/coords:  0.0238 (   3)  0.0169 (   5)  0.0167 (   7)
................................................................................
.............................. CYCLE   43 ......................................
................................................................................
   1    -50.7281755 -0.507282E+02  0.270E-02    8.30       0.0  T
   2    -50.7281758 -0.350438E-06  0.199E-02    8.30       1.0  T
   3    -50.7281760 -0.145695E-06  0.495E-03    8.30       4.0  T
   4    -50.7281760 -0.463018E-07  0.146E-03    8.30      13.4  T
   5    -50.7281760 -0.180754E-08  0.274E-04    8.30      71.6  T
   6    -50.7281760 -0.103270E-09  0.171E-04    8.30     114.4  T
speedup  1.13
cpu  time for SCC    0.01 s
wall time for SCC    0.01 s
speedup  1.01
cpu  time for grad    0.01 s
wall time for grad    0.01 s
 E :    -50.44842379  G :  0.001577    pred/act E change: -0.813D-05 -0.737D-05
Maxdispl :   0.0311   ||displ|| :   0.0478   Lambda : -0.943D-05
Largest |displ|/coords:  0.0311 (   3)  0.0162 (  37)  0.0144 (   6)
................................................................................
.............................. CYCLE   44 ......................................
................................................................................
   1    -50.7280894 -0.507281E+02  0.367E-02    8.30       0.0  T
   2    -50.7280899 -0.476340E-06  0.270E-02    8.30       1.0  T
   3    -50.7280901 -0.256569E-06  0.549E-03    8.30       3.6  T
   4    -50.7280902 -0.588222E-07  0.200E-03    8.30       9.8  T
   5    -50.7280902 -0.291504E-08  0.324E-04    8.30      60.5  T
   6    -50.7280902 -0.123826E-09  0.211E-04    8.30      92.8  T
speedup  0.93
cpu  time for SCC    0.00 s
wall time for SCC    0.01 s
speedup  1.01
cpu  time for grad    0.01 s
wall time for grad    0.01 s
 E :    -50.44843009  G :  0.001524    pred/act E change: -0.543D-05 -0.630D-05
Maxdispl :   0.0241   ||displ|| :   0.0495   Lambda : -0.879D-05
Largest |displ|/coords:  0.0241 (   3)  0.0207 (   1)  0.0155 (   9)
................................................................................
.............................. CYCLE   45 ......................................
................................................................................
   1    -50.7282371 -0.507282E+02  0.273E-02    8.29       0.0  T
   2    -50.7282374 -0.244940E-06  0.201E-02    8.29       1.0  T
   3    -50.7282375 -0.141388E-06  0.435E-03    8.29       4.5  T
   4    -50.7282375 -0.321133E-07  0.128E-03    8.29      15.4  T
   5    -50.7282375 -0.185160E-08  0.301E-04    8.29      65.1  T
   6    -50.7282375 -0.118646E-09  0.195E-04    8.29     100.5  T
speedup  0.93
cpu  time for SCC    0.00 s
wall time for SCC    0.01 s
speedup  0.94
cpu  time for grad    0.01 s
wall time for grad    0.01 s
 E :    -50.44843563  G :  0.001386    pred/act E change: -0.472D-05 -0.553D-05
Maxdispl :   0.0172   ||displ|| :   0.0361   Lambda : -0.640D-05
Largest |displ|/coords:  0.0172 (   3)  0.0154 (   9)  0.0128 (   1)
................................................................................
.............................. CYCLE   46 ......................................
................................................................................
   1    -50.7280619 -0.507281E+02  0.240E-02    8.29       0.0  T
   2    -50.7280621 -0.134224E-06  0.178E-02    8.29       1.1  T
   3    -50.7280622 -0.102596E-06  0.314E-03    8.29       6.2  T
   4    -50.7280622 -0.156906E-07  0.103E-03    8.29      19.1  T
   5    -50.7280622 -0.127933E-08  0.245E-04    8.29      80.0  T
   6    -50.7280622 -0.751896E-10  0.165E-04    8.29     119.2  T
speedup  1.13
cpu  time for SCC    0.01 s
wall time for SCC    0.01 s
speedup  1.01
cpu  time for grad    0.01 s
wall time for grad    0.01 s
 E :    -50.44844013  G :  0.001161    pred/act E change: -0.441D-05 -0.450D-05
Maxdispl :   0.0230   ||displ|| :   0.0479   Lambda : -0.684D-05
Largest |displ|/coords:  0.0230 (   1)  0.0220 (  12)  0.0206 (   9)
................................................................................
.............................. CYCLE   47 ......................................
................................................................................
   1    -50.7279624 -0.507280E+02  0.261E-02    8.28       0.0  T
   2    -50.7279625 -0.126206E-06  0.193E-02    8.28       1.0  T
   3    -50.7279627 -0.122293E-06  0.296E-03    8.28       6.6  T
   4    -50.7279627 -0.112562E-07  0.837E-04    8.28      23.4  T
   5    -50.7279627 -0.110499E-08  0.288E-04    8.28      68.0  T
speedup  0.91
cpu  time for SCC    0.00 s
wall time for SCC    0.00 s
speedup  1.01
cpu  time for grad    0.01 s
wall time for grad    0.01 s
 E :    -50.44844497  G :  0.001232    pred/act E change: -0.320D-05 -0.484D-05
Maxdispl :   0.0227   ||displ|| :   0.0466   Lambda : -0.600D-05
Largest |displ|/coords:  0.0227 (   1)  0.0225 (  12)  0.0157 (   9)
................................................................................
.............................. CYCLE   48 ......................................
................................................................................
   1    -50.7278510 -0.507279E+02  0.266E-02    8.27       0.0  T
   2    -50.7278511 -0.145874E-06  0.196E-02    8.27       1.0  T
   3    -50.7278513 -0.122691E-06  0.323E-03    8.27       6.1  T
   4    -50.7278513 -0.157182E-07  0.101E-03    8.27      19.4  T
   5    -50.7278513 -0.138584E-08  0.295E-04    8.27      66.6  T
   6    -50.7278513 -0.111058E-09  0.190E-04    8.27     103.0  T
speedup  1.13
cpu  time for SCC    0.01 s
wall time for SCC    0.01 s
speedup  1.01
cpu  time for grad    0.01 s
wall time for grad    0.01 s
 E :    -50.44844940  G :  0.001499    pred/act E change: -0.343D-05 -0.443D-05
Maxdispl :   0.0324   ||displ|| :   0.0584   Lambda : -0.670D-05
Largest |displ|/coords:  0.0324 (   1)  0.0256 (  12)  0.0223 (   6)
................................................................................
.............................. CYCLE   49 ......................................
................................................................................
   1    -50.7278370 -0.507278E+02  0.319E-02    8.27       0.0  T
   2    -50.7278372 -0.197657E-06  0.234E-02    8.27       1.0  T
   3    -50.7278373 -0.158313E-06  0.405E-03    8.27       4.8  T
   4    -50.7278373 -0.227123E-07  0.119E-03    8.27      16.5  T
   5    -50.7278373 -0.187329E-08  0.321E-04    8.27      61.1  T
   6    -50.7278373 -0.126406E-09  0.214E-04    8.27      91.7  T
speedup  0.94
cpu  time for SCC    0.01 s
wall time for SCC    0.01 s
speedup  1.02
cpu  time for grad    0.01 s
wall time for grad    0.01 s
 E :    -50.44845416  G :  0.001544    pred/act E change: -0.301D-05 -0.476D-05
Maxdispl :   0.0268   ||displ|| :   0.0556   Lambda : -0.675D-05
Largest |displ|/coords:  0.0268 (   1)  0.0221 (  12)  0.0173 (   6)
................................................................................
.............................. CYCLE   50 ......................................
................................................................................
   1    -50.7276524 -0.507277E+02  0.345E-02    8.26       0.0  T
   2    -50.7276527 -0.305666E-06  0.256E-02    8.26       1.0  T
   3    -50.7276528 -0.155780E-06  0.486E-03    8.26       4.0  T
   4    -50.7276529 -0.504001E-07  0.131E-03    8.26      14.9  T
   5    -50.7276529 -0.167451E-08  0.315E-04    8.26      62.4  T
   6    -50.7276529 -0.114653E-09  0.211E-04    8.26      92.9  T
speedup  1.13
cpu  time for SCC    0.01 s
wall time for SCC    0.01 s
speedup  1.01
cpu  time for grad    0.01 s
wall time for grad    0.01 s
 E :    -50.44845882  G :  0.001916    pred/act E change: -0.336D-05 -0.466D-05
Maxdispl :   0.0360   ||displ|| :   0.0660   Lambda : -0.837D-05
Largest |displ|/coords:  0.0360 (   1)  0.0302 (   6)  0.0216 (   2)
................................................................................
.............................. CYCLE   51 ......................................
................................................................................
   1    -50.7277569 -0.507278E+02  0.344E-02    8.27       0.0  T
   2    -50.7277571 -0.234481E-06  0.254E-02    8.27       1.0  T
   3    -50.7277573 -0.142460E-06  0.422E-03    8.27       4.7  T
   4    -50.7277573 -0.348333E-07  0.109E-03    8.27      18.0  T
   5    -50.7277573 -0.149792E-08  0.288E-04    8.27      68.2  T
   6    -50.7277573 -0.115683E-09  0.184E-04    8.27     106.8  T
speedup  0.93
cpu  time for SCC    0.00 s
wall time for SCC    0.01 s
speedup  1.01
cpu  time for grad    0.01 s
wall time for grad    0.01 s
 E :    -50.44846408  G :  0.001384    pred/act E change: -0.339D-05 -0.526D-05
Maxdispl :   0.0222   ||displ|| :   0.0568   Lambda : -0.751D-05
Largest |displ|/coords:  0.0222 (   2)  0.0206 (   1)  0.0174 (  37)
................................................................................
.............................. CYCLE   52 ......................................
................................................................................
   1    -50.7276062 -0.507276E+02  0.404E-02    8.27       0.0  T
   2    -50.7276067 -0.453351E-06  0.303E-02    8.27       1.0  T
   3    -50.7276069 -0.190833E-06  0.504E-03    8.27       3.9  T
   4    -50.7276069 -0.836712E-07  0.145E-03    8.27      13.5  T
   5    -50.7276069 -0.208723E-08  0.304E-04    8.27      64.5  T
   6    -50.7276069 -0.111932E-09  0.191E-04    8.27     102.6  T
speedup  1.13
cpu  time for SCC    0.01 s
wall time for SCC    0.01 s
speedup  1.02
cpu  time for grad    0.01 s
wall time for grad    0.01 s
 E :    -50.44846895  G :  0.001915    pred/act E change: -0.420D-05 -0.488D-05
Maxdispl :   0.0247   ||displ|| :   0.0412   Lambda : -0.844D-05
Largest |displ|/coords:  0.0247 (   2)  0.0142 (   9)  0.0117 (   6)

generating ANC from model Hessian ...
 Shifting diagonal of input Hessian by   5.014995898781826E-003
 Lowest  eigenvalues of input Hessian
    0.005000   -0.000000   -0.000000   -0.000000    0.000000    0.000000
    0.000000    0.005347    0.005489    0.006154    0.006671    0.007176
    0.007694    0.008266    0.008599    0.009401    0.010612    0.011426
 Highest eigenvalues
    1.383570    1.402153    1.414575    2.548484    3.410185    3.762327
 
cpu  time for ANC gen    0.02 s
wall time for ANC gen    0.02 s
................................................................................
.............................. CYCLE   53 ......................................
................................................................................
   1    -50.7276706 -0.507277E+02  0.268E-02    8.28       0.0  T
   2    -50.7276708 -0.230535E-06  0.201E-02    8.28       1.0  T
   3    -50.7276710 -0.141813E-06  0.259E-03    8.28       7.6  T
   4    -50.7276710 -0.351345E-07  0.102E-03    8.28      19.2  T
   5    -50.7276710 -0.200878E-08  0.286E-04    8.28      68.6  T
   6    -50.7276710 -0.117126E-09  0.159E-04    8.28     123.1  T
speedup  1.13
cpu  time for SCC    0.01 s
wall time for SCC    0.01 s
speedup  0.94
cpu  time for grad    0.01 s
wall time for grad    0.01 s
 E :    -50.44847432  G :  0.001348    pred/act E change:  0.000D+00 -0.536D-05
Maxdispl :   0.0070   ||displ|| :   0.0133   Lambda : -0.351D-05
Largest |displ|/coords:  0.0070 (   5)  0.0049 (   7)  0.0045 (   9)
................................................................................
.............................. CYCLE   54 ......................................
................................................................................
   1    -50.7278469 -0.507278E+02  0.833E-03    8.28       0.0  T
   2    -50.7278469 -0.173831E-07  0.617E-03    8.28       3.2  T
   3    -50.7278469 -0.123937E-07  0.889E-04    8.28      22.1  T
   4    -50.7278469 -0.205182E-08  0.304E-04    8.28      64.6  T
speedup  1.11
cpu  time for SCC    0.00 s
wall time for SCC    0.00 s
speedup  1.00
cpu  time for grad    0.01 s
wall time for grad    0.01 s
 E :    -50.44847698  G :  0.000794    pred/act E change:  0.000D+00 -0.266D-05
Maxdispl :   0.0136   ||displ|| :   0.0238   Lambda : -0.379D-05
Largest |displ|/coords:  0.0136 (   5)  0.0093 (   8)  0.0080 (   2)
................................................................................
.............................. CYCLE   55 ......................................
................................................................................
   1    -50.7279809 -0.507280E+02  0.120E-02    8.28       0.0  T
   2    -50.7279810 -0.326924E-07  0.892E-03    8.28       2.2  T
   3    -50.7279810 -0.199555E-07  0.139E-03    8.28      14.1  T
   4    -50.7279810 -0.431604E-08  0.424E-04    8.28      46.3  T
   5    -50.7279810 -0.300368E-09  0.114E-04    8.28     172.4  T
speedup  0.91
cpu  time for SCC    0.00 s
wall time for SCC    0.00 s
speedup  1.01
cpu  time for grad    0.01 s
wall time for grad    0.01 s
 E :    -50.44847923  G :  0.000649    pred/act E change: -0.175D-05 -0.226D-05
Maxdispl :   0.0110   ||displ|| :   0.0190   Lambda : -0.179D-05
Largest |displ|/coords:  0.0110 (   5)  0.0066 (   2)  0.0066 (   6)
................................................................................
.............................. CYCLE   56 ......................................
................................................................................
   1    -50.7279368 -0.507279E+02  0.104E-02    8.28       0.0  T
   2    -50.7279368 -0.199314E-07  0.779E-03    8.28       2.5  T
   3    -50.7279368 -0.163350E-07  0.976E-04    8.28      20.1  T
   4    -50.7279368 -0.226144E-08  0.292E-04    8.28      67.2  T
speedup  1.11
cpu  time for SCC    0.00 s
wall time for SCC    0.00 s
speedup  1.00
cpu  time for grad    0.01 s
wall time for grad    0.01 s
 E :    -50.44848021  G :  0.000760    pred/act E change: -0.189D-05 -0.974D-06
Maxdispl :   0.0100   ||displ|| :   0.0179   Lambda : -0.159D-05
Largest |displ|/coords:  0.0100 (   2)  0.0069 (   5)  0.0062 (  11)
................................................................................
.............................. CYCLE   57 ......................................
................................................................................
   1    -50.7278290 -0.507278E+02  0.947E-03    8.28       0.0  T
   2    -50.7278290 -0.185510E-07  0.700E-03    8.28       2.8  T
   3    -50.7278290 -0.136071E-07  0.919E-04    8.29      21.3  T
   4    -50.7278290 -0.197338E-08  0.263E-04    8.29      74.5  T
speedup  1.08
cpu  time for SCC    0.00 s
wall time for SCC    0.00 s
speedup  0.99
cpu  time for grad    0.01 s
wall time for grad    0.01 s
 E :    -50.44848128  G :  0.000715    pred/act E change: -0.895D-06 -0.108D-05
Maxdispl :   0.0088   ||displ|| :   0.0212   Lambda : -0.188D-05
Largest |displ|/coords:  0.0088 (   2)  0.0086 (   5)  0.0069 (  11)
................................................................................
.............................. CYCLE   58 ......................................
................................................................................
   1    -50.7276850 -0.507277E+02  0.117E-02    8.29       0.0  T
   2    -50.7276851 -0.386379E-07  0.861E-03    8.29       2.3  T
   3    -50.7276851 -0.235998E-07  0.129E-03    8.29      15.2  T
   4    -50.7276851 -0.463675E-08  0.438E-04    8.29      44.8  T
   5    -50.7276851 -0.297682E-09  0.111E-04    8.29     176.2  T
speedup  0.89
cpu  time for SCC    0.00 s
wall time for SCC    0.00 s
speedup  1.01
cpu  time for grad    0.01 s
wall time for grad    0.01 s
 E :    -50.44848236  G :  0.000577    pred/act E change: -0.793D-06 -0.107D-05
Maxdispl :   0.0060   ||displ|| :   0.0108   Lambda : -0.104D-05
Largest |displ|/coords:  0.0060 (  10)  0.0059 (   2)  0.0026 (  37)
................................................................................
.............................. CYCLE   59 ......................................
................................................................................
   1    -50.7276514 -0.507277E+02  0.682E-03    8.29       0.0  T
   2    -50.7276515 -0.152514E-07  0.504E-03    8.29       3.9  T
   3    -50.7276515 -0.868017E-08  0.844E-04    8.29      23.2  T
   4    -50.7276515 -0.201693E-08  0.284E-04    8.29      69.0  T
speedup  0.83
cpu  time for SCC    0.00 s
wall time for SCC    0.00 s
speedup  1.00
cpu  time for grad    0.01 s
wall time for grad    0.01 s
 E :    -50.44848308  G :  0.000463    pred/act E change: -0.942D-06 -0.724D-06
Maxdispl :   0.0047   ||displ|| :   0.0109   Lambda : -0.103D-05
Largest |displ|/coords:  0.0047 (  10)  0.0042 (   7)  0.0042 (   2)
................................................................................
.............................. CYCLE   60 ......................................
................................................................................
   1    -50.7276973 -0.507277E+02  0.762E-03    8.29       0.0  T
   2    -50.7276973 -0.225676E-07  0.562E-03    8.29       3.5  T
   3    -50.7276974 -0.125869E-07  0.110E-03    8.29      17.8  T
   4    -50.7276974 -0.292352E-08  0.351E-04    8.29      55.8  T
   5    -50.7276974 -0.181650E-09  0.780E-05    8.29     251.4  T
speedup  1.06
cpu  time for SCC    0.00 s
wall time for SCC    0.00 s
speedup  0.99
cpu  time for grad    0.01 s
wall time for grad    0.01 s
 E :    -50.44848386  G :  0.000403    pred/act E change: -0.521D-06 -0.782D-06
Maxdispl :   0.0061   ||displ|| :   0.0152   Lambda : -0.120D-05
Largest |displ|/coords:  0.0061 (   7)  0.0057 (  37)  0.0051 (   2)
................................................................................
.............................. CYCLE   61 ......................................
................................................................................
   1    -50.7277751 -0.507278E+02  0.114E-02    8.29       0.0  T
   2    -50.7277752 -0.416992E-07  0.838E-03    8.29       2.3  T
   3    -50.7277752 -0.260697E-07  0.152E-03    8.29      12.9  T
   4    -50.7277752 -0.519675E-08  0.487E-04    8.29      40.3  T
   5    -50.7277752 -0.332250E-09  0.109E-04    8.29     179.1  T
speedup  1.11
cpu  time for SCC    0.00 s
wall time for SCC    0.00 s
speedup  1.01
cpu  time for grad    0.01 s
wall time for grad    0.01 s
 E :    -50.44848471  G :  0.000513    pred/act E change: -0.517D-06 -0.847D-06
Maxdispl :   0.0062   ||displ|| :   0.0142   Lambda : -0.100D-05
Largest |displ|/coords:  0.0062 (  37)  0.0059 (   7)  0.0039 (  24)
................................................................................
.............................. CYCLE   62 ......................................
................................................................................
   1    -50.7278181 -0.507278E+02  0.111E-02    8.29       0.0  T
   2    -50.7278181 -0.333003E-07  0.825E-03    8.29       2.4  T
   3    -50.7278181 -0.227184E-07  0.137E-03    8.29      14.3  T
   4    -50.7278181 -0.421387E-08  0.430E-04    8.29      45.6  T
   5    -50.7278181 -0.253713E-09  0.959E-05    8.29     204.5  T
speedup  0.91
cpu  time for SCC    0.00 s
wall time for SCC    0.00 s
speedup  1.01
cpu  time for grad    0.01 s
wall time for grad    0.01 s
 E :    -50.44848549  G :  0.000589    pred/act E change: -0.598D-06 -0.780D-06
Maxdispl :   0.0103   ||displ|| :   0.0217   Lambda : -0.153D-05
Largest |displ|/coords:  0.0103 (  37)  0.0087 (   7)  0.0063 (  19)
................................................................................
.............................. CYCLE   63 ......................................
................................................................................
   1    -50.7278202 -0.507278E+02  0.172E-02    8.29       0.0  T
   2    -50.7278203 -0.669606E-07  0.128E-02    8.29       1.5  T
   3    -50.7278203 -0.486094E-07  0.191E-03    8.29      10.2  T
   4    -50.7278203 -0.864091E-08  0.589E-04    8.29      33.3  T
   5    -50.7278203 -0.479432E-09  0.132E-04    8.29     148.1  T
speedup  0.91
cpu  time for SCC    0.00 s
wall time for SCC    0.00 s
speedup  0.93
cpu  time for grad    0.01 s
wall time for grad    0.01 s
 E :    -50.44848660  G :  0.000608    pred/act E change: -0.501D-06 -0.111D-05
Maxdispl :   0.0107   ||displ|| :   0.0214   Lambda : -0.142D-05
Largest |displ|/coords:  0.0107 (  37)  0.0072 (   7)  0.0055 (  19)
................................................................................
.............................. CYCLE   64 ......................................
................................................................................
   1    -50.7277583 -0.507278E+02  0.171E-02    8.29       0.0  T
   2    -50.7277584 -0.554411E-07  0.128E-02    8.29       1.5  T
   3    -50.7277584 -0.442115E-07  0.170E-03    8.29      11.5  T
   4    -50.7277584 -0.711385E-08  0.524E-04    8.29      37.4  T
   5    -50.7277584 -0.348777E-09  0.114E-04    8.29     171.7  T
speedup  1.11
cpu  time for SCC    0.00 s
wall time for SCC    0.00 s
speedup  1.00
cpu  time for grad    0.01 s
wall time for grad    0.01 s
 E :    -50.44848766  G :  0.000594    pred/act E change: -0.763D-06 -0.106D-05
Maxdispl :   0.0125   ||displ|| :   0.0245   Lambda : -0.165D-05
Largest |displ|/coords:  0.0125 (  37)  0.0069 (   1)  0.0067 (  10)
................................................................................
.............................. CYCLE   65 ......................................
................................................................................
   1    -50.7276496 -0.507276E+02  0.196E-02    8.29       0.0  T
   2    -50.7276497 -0.636650E-07  0.147E-02    8.29       1.3  T
   3    -50.7276497 -0.558273E-07  0.182E-03    8.29      10.8  T
   4    -50.7276497 -0.762774E-08  0.585E-04    8.29      33.5  T
   5    -50.7276497 -0.332541E-09  0.119E-04    8.29     165.2  T
speedup  0.91
cpu  time for SCC    0.00 s
wall time for SCC    0.00 s
speedup  1.02
cpu  time for grad    0.01 s
wall time for grad    0.01 s
 E :    -50.44848886  G :  0.000653    pred/act E change: -0.710D-06 -0.120D-05
Maxdispl :   0.0118   ||displ|| :   0.0237   Lambda : -0.162D-05
Largest |displ|/coords:  0.0118 (  37)  0.0079 (   1)  0.0071 (  10)
................................................................................
.............................. CYCLE   66 ......................................
................................................................................
   1    -50.7275386 -0.507275E+02  0.191E-02    8.29       0.0  T
   2    -50.7275387 -0.619758E-07  0.143E-02    8.29       1.4  T
   3    -50.7275387 -0.539272E-07  0.189E-03    8.29      10.4  T
   4    -50.7275387 -0.753062E-08  0.619E-04    8.29      31.7  T
   5    -50.7275387 -0.297369E-09  0.119E-04    8.29     164.4  T
speedup  1.14
cpu  time for SCC    0.01 s
wall time for SCC    0.00 s
speedup  1.01
cpu  time for grad    0.01 s
wall time for grad    0.01 s
 E :    -50.44849005  G :  0.000699    pred/act E change: -0.825D-06 -0.118D-05
Maxdispl :   0.0111   ||displ|| :   0.0221   Lambda : -0.155D-05
Largest |displ|/coords:  0.0111 (  37)  0.0082 (   1)  0.0054 (  10)
................................................................................
.............................. CYCLE   67 ......................................
................................................................................
   1    -50.7274746 -0.507275E+02  0.185E-02    8.29       0.0  T
   2    -50.7274746 -0.698474E-07  0.139E-02    8.29       1.4  T
   3    -50.7274747 -0.518625E-07  0.206E-03    8.29       9.5  T
   4    -50.7274747 -0.969523E-08  0.650E-04    8.29      30.2  T
   5    -50.7274747 -0.335788E-09  0.126E-04    8.29     156.1  T
speedup  1.09
cpu  time for SCC    0.01 s
wall time for SCC    0.00 s
speedup  1.00
cpu  time for grad    0.01 s
wall time for grad    0.01 s
 E :    -50.44849115  G :  0.000640    pred/act E change: -0.809D-06 -0.111D-05
Maxdispl :   0.0093   ||displ|| :   0.0184   Lambda : -0.120D-05
Largest |displ|/coords:  0.0093 (  37)  0.0067 (   5)  0.0055 (   1)
................................................................................
.............................. CYCLE   68 ......................................
................................................................................
   1    -50.7274743 -0.507275E+02  0.159E-02    8.29       0.0  T
   2    -50.7274744 -0.656785E-07  0.119E-02    8.29       1.6  T
   3    -50.7274744 -0.361554E-07  0.206E-03    8.29       9.5  T
   4    -50.7274744 -0.106153E-07  0.585E-04    8.29      33.5  T
   5    -50.7274744 -0.297966E-09  0.113E-04    8.29     173.5  T
speedup  0.89
cpu  time for SCC    0.00 s
wall time for SCC    0.00 s
speedup  1.01
cpu  time for grad    0.01 s
wall time for grad    0.01 s
 E :    -50.44849201  G :  0.000498    pred/act E change: -0.778D-06 -0.858D-06
Maxdispl :   0.0091   ||displ|| :   0.0182   Lambda : -0.979D-06
Largest |displ|/coords:  0.0091 (  37)  0.0074 (   5)  0.0059 (   4)
................................................................................
.............................. CYCLE   69 ......................................
................................................................................
   1    -50.7275235 -0.507275E+02  0.157E-02    8.29       0.0  T
   2    -50.7275236 -0.670300E-07  0.118E-02    8.29       1.7  T
   3    -50.7275236 -0.307699E-07  0.214E-03    8.29       9.2  T
   4    -50.7275236 -0.115519E-07  0.572E-04    8.29      34.3  T
   5    -50.7275236 -0.262673E-09  0.103E-04    8.29     190.9  T
speedup  0.89
cpu  time for SCC    0.00 s
wall time for SCC    0.00 s
speedup  1.01
cpu  time for grad    0.01 s
wall time for grad    0.01 s
 E :    -50.44849271  G :  0.000422    pred/act E change: -0.601D-06 -0.704D-06
Maxdispl :   0.0092   ||displ|| :   0.0190   Lambda : -0.875D-06
Largest |displ|/coords:  0.0092 (  37)  0.0088 (   5)  0.0044 (   4)
................................................................................
.............................. CYCLE   70 ......................................
................................................................................
   1    -50.7275861 -0.507276E+02  0.161E-02    8.29       0.0  T
   2    -50.7275862 -0.720645E-07  0.121E-02    8.29       1.6  T
   3    -50.7275862 -0.286775E-07  0.230E-03    8.29       8.5  T
   4    -50.7275862 -0.126544E-07  0.596E-04    8.29      32.9  T
   5    -50.7275862 -0.268237E-09  0.101E-04    8.29     195.0  T
speedup  1.11
cpu  time for SCC    0.00 s
wall time for SCC    0.00 s
speedup  1.01
cpu  time for grad    0.01 s
wall time for grad    0.01 s
 E :    -50.44849335  G :  0.000413    pred/act E change: -0.490D-06 -0.633D-06
Maxdispl :   0.0098   ||displ|| :   0.0207   Lambda : -0.771D-06
Largest |displ|/coords:  0.0098 (  37)  0.0075 (   5)  0.0064 (   4)
................................................................................
.............................. CYCLE   71 ......................................
................................................................................
   1    -50.7276283 -0.507276E+02  0.175E-02    8.29       0.0  T
   2    -50.7276283 -0.763578E-07  0.131E-02    8.29       1.5  T
   3    -50.7276284 -0.309985E-07  0.232E-03    8.29       8.5  T
   4    -50.7276284 -0.136961E-07  0.637E-04    8.29      30.8  T
   5    -50.7276284 -0.314635E-09  0.106E-04    8.29     184.5  T
speedup  1.11
cpu  time for SCC    0.00 s
wall time for SCC    0.00 s
speedup  1.00
cpu  time for grad    0.01 s
wall time for grad    0.01 s
 E :    -50.44849389  G :  0.000391    pred/act E change: -0.438D-06 -0.548D-06
Maxdispl :   0.0052   ||displ|| :   0.0135   Lambda : -0.567D-06
Largest |displ|/coords:  0.0052 (  11)  0.0048 (  37)  0.0042 (   5)
................................................................................
.............................. CYCLE   72 ......................................
................................................................................
   1    -50.7276908 -0.507277E+02  0.101E-02    8.29       0.0  T
   2    -50.7276908 -0.321327E-07  0.758E-03    8.29       2.6  T
   3    -50.7276908 -0.115991E-07  0.146E-03    8.29      13.4  T
   4    -50.7276908 -0.565620E-08  0.424E-04    8.29      46.2  T
   5    -50.7276908 -0.168249E-09  0.741E-05    8.29     264.6  T
speedup  0.89
cpu  time for SCC    0.00 s
wall time for SCC    0.00 s
speedup  1.00
cpu  time for grad    0.01 s
wall time for grad    0.01 s
 E :    -50.44849425  G :  0.000323    pred/act E change: -0.386D-06 -0.353D-06
Maxdispl :   0.0149   ||displ|| :   0.0277   Lambda : -0.576D-06
Largest |displ|/coords:  0.0149 (  37)  0.0066 (  20)  0.0065 (   2)
................................................................................
.............................. CYCLE   73 ......................................
................................................................................
   1    -50.7275461 -0.507275E+02  0.267E-02    8.28       0.0  T
   2    -50.7275462 -0.142567E-06  0.201E-02    8.28       1.0  T
   3    -50.7275463 -0.742657E-07  0.289E-03    8.28       6.8  T
   4    -50.7275463 -0.252745E-07  0.921E-04    8.28      21.3  T
   5    -50.7275463 -0.707423E-09  0.175E-04    8.28     112.3  T
speedup  0.89
cpu  time for SCC    0.00 s
wall time for SCC    0.00 s
speedup  0.99
cpu  time for grad    0.01 s
wall time for grad    0.01 s
 E :    -50.44849416  G :  0.000733    pred/act E change: -0.284D-06  0.882D-07
Maxdispl :   0.0093   ||displ|| :   0.0167   Lambda : -0.804D-06
Largest |displ|/coords:  0.0093 (  37)  0.0054 (   5)  0.0039 (  21)
................................................................................
.............................. CYCLE   74 ......................................
................................................................................
   1    -50.7276479 -0.507276E+02  0.156E-02    8.28       0.0  T
   2    -50.7276479 -0.524088E-07  0.117E-02    8.28       1.7  T
   3    -50.7276480 -0.298828E-07  0.177E-03    8.28      11.1  T
   4    -50.7276480 -0.883208E-08  0.547E-04    8.28      35.9  T
   5    -50.7276480 -0.265125E-09  0.108E-04    8.28     182.0  T
speedup  1.14
cpu  time for SCC    0.00 s
wall time for SCC    0.00 s
speedup  1.01
cpu  time for grad    0.01 s
wall time for grad    0.01 s
 E :    -50.44849457  G :  0.000160    pred/act E change: -0.288D-06 -0.406D-06
Maxdispl :   0.0011   ||displ|| :   0.0030   Lambda : -0.101D-06
Largest |displ|/coords:  0.0011 (   9)  0.0010 (  14)  0.0009 (   5)
................................................................................
.............................. CYCLE   75 ......................................
................................................................................
   1    -50.7276509 -0.507277E+02  0.232E-03    8.28       0.0  T
   2    -50.7276509 -0.151171E-08  0.175E-03    8.28      11.2  T
   3    -50.7276509 -0.939920E-09  0.260E-04    8.28      75.6  T
   4    -50.7276509 -0.234294E-09  0.130E-04    8.28     151.3  T
speedup  1.11
cpu  time for SCC    0.00 s
wall time for SCC    0.00 s
speedup  1.00
cpu  time for grad    0.01 s
wall time for grad    0.01 s
 E :    -50.44849465  G :  0.000123    pred/act E change: -0.402D-06 -0.806D-07
Maxdispl :   0.0028   ||displ|| :   0.0085   Lambda : -0.215D-06
Largest |displ|/coords:  0.0028 (   9)  0.0027 (  15)  0.0027 (  31)

   *** GEOMETRY OPTIMIZATION CONVERGED AFTER 75 ITERATIONS ***

------------------------------------------------------------------------
 total energy gain (kcal):     -0.0128
------------------------------------------------------------------------
================
 final structure:
================
$coord
       -2.13934402007322        0.06430804515580        3.04358131662483      S 
        0.45877750312162        1.05600333307503        3.23088019273639      O 
       -3.98814334588562        1.85260550871948        3.89768564347478      O 
       -2.58014093335493       -1.01475625245379        0.56557326331831      O 
       -2.24767847465666       -2.24783340503200        4.96223814619266      O 
       -2.96336978728633       -1.49820360282050        6.43169103585914      H 
        2.00499297288436        0.19112244613411       -4.09865415841714      O 
        2.97415110826362        1.24655840172745       -5.20513159103711      H 
        3.47984839132916       -5.27731537478644        0.49851886201011      O 
        4.69962047469147       -6.28541076130507       -0.38300856512076      H 
       -2.19570308420923        2.35114357198786       -3.17888210207475      O 
       -1.93759183316192        3.81847998461934       -2.04990460135020      H 
        0.31777180972110        1.09202722684143       -3.83824949261262      H 
       -2.82443292835716        1.05475362478099       -2.03205081736397      H 
        3.74518166799430       -0.47564269402388        0.36298616022308      O 
        2.29485175253077        0.20405126903845        1.66805377613384      H 
        3.79587268098722       -2.39971129349659        0.58114515556026      H 
        3.07822219225227       -0.15518103658739       -1.42669984619562      H 
       -0.38932289868220       -4.44094362730736       -2.41663079670214      O 
        0.23136082633195       -3.24323103395607       -3.64374515485514      H 
        1.90557631305706       -5.28672287010498       -0.54158157673442      H 
       -1.45536546396898       -3.44628399457996       -1.28275000838255      H 
       -1.57600700685193        5.54298815879351        0.70657586192412      N 
       -2.68032995349091        4.47012842559871        1.86342214305666      H 
       -2.19344203666775        7.35128928322960        0.82897723871120      H 
        0.18464407348172        5.47577668564991        1.45595991501603      H 
$end
 
 Bond Distances (Angstroems)
 ---------------------------
S1-O2=1.4750         S1-O3=1.4342         S1-O4=1.4491         S1-O5=1.5910         O2-S1=1.4750         O3-S1=1.4342         
O4-S1=1.4491         O5-S1=1.5910         O5-H6=0.9516         H6-O5=0.9516         O7-H8=0.9580         O7-H13=1.0215        
H8-O7=0.9580         O9-H10=0.9586        O9-H21=0.9985        H10-O9=0.9586        O11-H12=0.9892       O11-H14=0.9745       
H12-O11=0.9892       H13-O7=1.0215        H14-O11=0.9745       O15-H16=1.0933       O15-H17=1.0250       O15-H18=1.0248       
H16-O15=1.0933       H17-O15=1.0250       H18-O15=1.0248       O19-H20=0.9650       O19-H22=0.9774       H20-O19=0.9650       
H21-O9=0.9985        H22-O19=0.9774       N23-H24=1.0191       N23-H25=1.0132       N23-H26=1.0132       H24-N23=1.0191       
H25-N23=1.0132       H26-N23=1.0132       
 N  H  Rav=1.0152 sigma=0.0028  Rmin=1.0132  Rmax=1.0191     3
 O  H  Rav=0.9948 sigma=0.0392  Rmin=0.9516  Rmax=1.0933    12
 S  O  Rav=1.4873 sigma=0.0616  Rmin=1.4342  Rmax=1.5910     4
 
 selected bond angles (degree)
 --------------------
O3-S1-O2=112.33                O4-S1-O2=110.55                O4-S1-O3=115.81                O5-S1-O2=105.33                
O5-S1-O3=106.36                O5-S1-O4=105.58                H6-O5-S1=102.43                H13-O7-H8=106.16               
H21-O9-H10=106.91              
 
 selected dihedral angles (degree)
 ---------------------------------
H6-O5-S1-O2= 96.76            H6-O5-S1-O3=337.35            H6-O5-S1-O4=213.78            
 
 CMA Distance (Angstroems)
 ---------------------------
R(CMA):  2.8610

========================================================================
 FINAL SINGLEPOINT CALCULATION ON OPTIMIZED GEOMETRY
========================================================================

 Ncao       : 65
 Nao        : 64
 Nshell     : 38
 Nel        : 80
 T(el)      :   300.0
 intcut     :    25.0
 scfconv/Eh :  0.100E-05
   qconv/e  :  0.100E-03
 intneglect :  0.100E-07
 broydamp   :      0.250
 iter      E             dE          RMSdq      gap      omega  full diag
   1    -50.7276509 -0.507277E+02  0.408E-05    8.28       0.0  T
   2    -50.7276509 -0.774492E-12  0.255E-05    8.28     768.2  T
   3    -50.7276509 -0.497380E-12  0.364E-06    8.28    5392.1  T
speedup  1.11
cpu  time for SCC    0.00 s
wall time for SCC    0.00 s

   *** convergence criteria satisfied after 3 iterations ***

          eigenvalues
 #    :          28         29         30         31         32         33         34         35
 occ. :        2.000      2.000      2.000      2.000      2.000      2.000      2.000      2.000
 eps  :       -13.582    -13.310    -12.744    -12.620    -12.535    -12.388    -12.242    -12.118
 #    :          36         37         38         39         40         41         42         43
 occ. :        2.000      2.000      2.000      2.000      2.000      0.000      0.000      0.000
 eps  :       -11.985    -11.921    -11.786    -11.783    -10.841     -2.557     -0.693     -0.467
 #    :          44         45         46         47         48         49         50         51
 occ. :        0.000      0.000      0.000      0.000      0.000      0.000      0.000      0.000
 eps  :         0.579      1.087      1.264      1.923      2.878      4.307      4.578      4.701


   #   Z            q   n(s)   n(p)   n(d)      C6AA      α(0)
   1  16 S      1.676  1.582  1.787  0.955    89.306    15.905
   2   8 O     -0.724  1.768  4.956  0.000    29.236     7.255
   3   8 O     -0.717  1.769  4.948  0.000    29.183     7.243
   4   8 O     -0.732  1.758  4.973  0.000    29.582     7.292
   5   8 O     -0.590  1.749  4.841  0.000    24.926     6.740
   6   1 H      0.346  0.654  0.000  0.000     0.589     1.201
   7   8 O     -0.636  1.755  4.881  0.000    26.061     6.890
   8   1 H      0.288  0.712  0.000  0.000     0.757     1.366
   9   8 O     -0.609  1.751  4.858  0.000    25.403     6.803
  10   1 H      0.292  0.708  0.000  0.000     0.745     1.356
  11   8 O     -0.622  1.754  4.869  0.000    25.726     6.846
  12   1 H      0.316  0.684  0.000  0.000     0.675     1.291
  13   1 H      0.352  0.648  0.000  0.000     0.584     1.201
  14   1 H      0.317  0.683  0.000  0.000     0.671     1.287
  15   8 O     -0.522  1.730  4.791  0.000    23.304     6.520
  16   1 H      0.396  0.604  0.000  0.000     0.482     1.086
  17   1 H      0.382  0.618  0.000  0.000     0.519     1.132
  18   1 H      0.379  0.621  0.000  0.000     0.525     1.138
  19   8 O     -0.614  1.752  4.862  0.000    25.535     6.820
  20   1 H      0.313  0.687  0.000  0.000     0.684     1.299
  21   1 H      0.346  0.654  0.000  0.000     0.599     1.216
  22   1 H      0.330  0.670  0.000  0.000     0.637     1.254
  23   7 N     -0.466  1.379  4.088  0.000    32.304     8.441
  24   1 H      0.182  0.818  0.000  0.000     1.200     1.716
  25   1 H      0.156  0.844  0.000  0.000     1.358     1.825
  26   1 H      0.161  0.839  0.000  0.000     1.330     1.807

 Mol. C6AA /au·bohr⁶  :       5474.435856
 Mol. C8AA /au·bohr⁸  :     118310.682042
 Mol. α(0) /au        :        106.930092

 
 Wiberg/Mayer (AO) data. WBOs > 0.1 written file <wbo>
 largest (>0.05) Wiberg bond orders for each atom
           total WBO             WBO to atom ...
     1  S   4.866    O    3 1.392    O    4 1.323    O    2 1.220    O    5 0.888
     2  O   1.791    S    1 1.220    H   16 0.228    O    4 0.108    O    3 0.097    O    5 0.069    O   15 0.060
     3  O   1.743    S    1 1.392    O    4 0.110    O    2 0.097    O    5 0.081
     4  O   1.732    S    1 1.323    O    3 0.110    O    2 0.108    O    5 0.065
     5  O   1.971    S    1 0.888    H    6 0.863    O    3 0.081    O    2 0.069    O    4 0.065
     6  H   0.880    O    5 0.863
     7  O   1.911    H    8 0.910    H   13 0.735    H   18 0.136    O   11 0.056    O   15 0.050
     8  H   0.917    O    7 0.910
     9  O   1.926    H   10 0.910    H   21 0.786    H   17 0.135    O   15 0.050
    10  H   0.915    O    9 0.910
    11  O   1.931    H   14 0.853    H   12 0.816    H   13 0.139    O    7 0.056
    12  H   0.900    O   11 0.816    N   23 0.080
    13  H   0.876    O    7 0.735    O   11 0.139
    14  H   0.899    O   11 0.853
    15  O   2.224    H   18 0.716    H   17 0.716    H   16 0.604    O    2 0.060    O    7 0.050    O    9 0.050
    16  H   0.843    O   15 0.604    O    2 0.228
    17  H   0.854    O   15 0.716    O    9 0.135
    18  H   0.856    O   15 0.716    O    7 0.136
    19  O   1.900    H   20 0.885    H   22 0.842    H   21 0.094
    20  H   0.902    O   19 0.885
    21  H   0.881    O    9 0.786    O   19 0.094
    22  H   0.891    O   19 0.842
    23  N   3.017    H   25 0.971    H   26 0.969    H   24 0.934    H   12 0.080
    24  H   0.967    N   23 0.934
    25  H   0.976    N   23 0.971
    26  H   0.974    N   23 0.969
 MOs/occ written to file <molden.input>
 
molecular dipole:
                 x           y           z       tot (Debye)
 q only:        1.930       0.006      -0.861
   full:        1.624       0.296      -0.308       4.267
molecular quadrupole (traceless):
                xx          xy          yy          xz          yz          zz
 q only:       -1.893      -2.017       1.692      -5.310      -2.163       0.201
  q+dip:       -3.683      -2.456       1.493     -10.327       0.326       2.191
   full:       -3.875      -2.577       1.650     -10.823      -0.075       2.225

SCC energy    :     -50.7276509
rep           :       0.2788432
ES            :       0.2435758
AES           :      -0.0639912
AXC           :      -0.0064060
disp          :      -0.0192617
XB            :       0.0000000
fix           :       0.0000000
total E       :     -50.4484946
atomizationE  :       4.9787988     3124.24
(atE without considering molecular charge,
 total energy contains solvation terms)
H-L gap (eV)  :          8.2832
optimized geometry written to: xtbopt.xyz


------------------------------------------------------------------------
 * finished run on 2019/09/16 at 12:22:23.114     
------------------------------------------------------------------------
 total:
 * wall-time:     0 d,  0 h,  0 min,  1.756 sec
 *  cpu-time:     0 d,  0 h,  0 min,  1.739 sec
 * ratio c/w:     0.990 speedup
 SCF:
 * wall-time:     0 d,  0 h,  0 min,  0.136 sec
 *  cpu-time:     0 d,  0 h,  0 min,  0.133 sec
 * ratio c/w:     0.975 speedup
 ANC optimizer:
 * wall-time:     0 d,  0 h,  0 min,  1.596 sec
 *  cpu-time:     0 d,  0 h,  0 min,  1.585 sec
 * ratio c/w:     0.993 speedup

