      -----------------------------------------------------------      
     |                   =====================                   |     
     |                           x T B                           |     
     |                   =====================                   |     
     |                         S. Grimme                         |     
     |          Mulliken Center for Theoretical Chemistry        |     
     |                    University of Bonn                     |     
     |                 Version 6.0.1 (SAW181210)                 |     
      -----------------------------------------------------------      

   This program is distributed in the hope that it will be useful,
   but WITHOUT ANY WARRANTY; without even the implied warranty of
   MERCHANTABILITY or FITNESS FOR A PARTICULAR PURPOSE.
   
   FOR NON-COMMERCIAL, ACADEMIA USE ONLY.
   
   Cite this work as:
   S. Grimme, C. Bannwarth, P. Shushkov, J. Comput. Theory Chem., 2017,
   13, 1989-2009.
   C. Bannwarth, S. Ehlert and S. Grimme., ChemRxiv, 2018, preprint.
   http://doi.org/10.26434/chemrxiv.7246238.v1
   
   for sTDA-xTB:
   S. Grimme and C. Bannwarth, J. Chem. Phys., 2016, 145, 054103.
   
   in the mass-spec context:
   V. Asgeirsson, C. Bauer and S. Grimme, Chem. Sci., 2017, 8, 4879.
   
   if GBSA is used:
   P. Shushkov, F. März and S. Grimme, unpublished.
   
   for ANC optimizer:
   S. Grimme, unpublished.
   Rational Function algorithm used in ANCopt:
   F. Eckert, P. Pulay, H.-J. Werner, J. Comput. Chem., 1997, 18, 1473.
   
   with help from (in alphabetical order)
   C. Bannwarth, F. Bohle, G. Brandenburg, E. Caldeweyher, M. Checinski,
   S. Dohm, S. Ehlert, S. Ehrlich, F. März, H. Neugebauer, J. Pisarek,
   P. Pracht, P. Shushkov, and S. Spicher.
   
 * started run on 2019/09/16 at 12:30:50.788     
========================================================================
 # omp threads = 1
========================================================================
number of atoms            : 26
number of electrons        : 80
charge                     : 0
spin                       : .0
first test random number   : .8429

########################################################################
# WARNING! Please study the warnings concerning your input carefully
#  - XTBPATH is not set, using XTBHOME instead
#  - the use of '-opt' is discouraged, please use '--opt' next time
#  - the use of '-chrg' is discouraged, please use '--chrg' next time
#  - the use of '-uhf' is discouraged, please use '--uhf' next time
########################################################################

           ------------------------------------------------- 
          |                 G F N 2 - x T B                 |
          | Geometry, Frequencies, Noncovalent interactions |
          |            JCTC 2018 parametrisation            |
           ------------------------------------------------- 
      method parameters     
 k(s)        :  1.8500
 k(p)        :  2.2300
 k(d)        :  2.2300
 k(f)        :  2.0000
 kEN (H0ij)  : -2.0000
 D4 a1       :  0.5200
 D4 a2       :  5.0000
 D4 s6       :  1.0000
 D4 s8       :  2.7000
 D4 s9       :  5.0000
 alphaj      :  2.0000


            Z     q(EN)     CN     RAES       Cart. coordinates
     1  S   6.0    0.64    4.28    4.20     0.79911     3.34441     2.24960
     2  O   6.0   -0.32    1.22    1.80     0.75626     3.40605    -0.56509
     3  O   6.0   -0.33    1.24    1.80    -0.64768     1.10761     3.16154
     4  O   6.0   -0.30    1.24    1.80     3.46308     3.16746     3.14407
     5  O   6.0   -0.25    2.08    1.84    -0.35914     5.66432     3.24408
     6  H   1.0    0.14    1.21    1.47    -2.07562     5.77911     2.66823
     7  O   6.0   -0.39    1.57    1.80    -3.55482    -2.45641    -2.56007
     8  H   1.0    0.17    0.94    1.42    -5.10751    -3.07315    -3.39226
     9  O   6.0   -0.39    1.69    1.81     3.18051    -2.87625    -1.16307
    10  H   1.0    0.17    0.95    1.42     3.83286    -4.45418    -1.91695
    11  O   6.0   -0.23    2.94    2.64     0.27944    -0.33925    -3.69866
    12  H   1.0    0.16    1.19    1.46    -1.40527    -1.13685    -3.57445
    13  H   1.0    0.15    1.05    1.44     0.30033     1.37322    -2.95232
    14  H   1.0    0.16    1.15    1.45     1.62232    -1.42738    -2.98864
    15  O   6.0   -0.22    2.90    2.54     6.18979    -0.37274     1.16617
    16  H   1.0    0.12    0.96    1.43     7.42266     0.38528    -0.01505
    17  H   1.0    0.16    1.08    1.44     5.31051     0.92162     2.18672
    18  H   1.0    0.16    1.21    1.47     4.98970    -1.50696     0.29161
    19  O   6.0   -0.23    2.94    2.63    -0.87700    -3.30420     0.98769
    20  H   1.0    0.16    1.19    1.46    -2.18917    -3.22244    -0.33948
    21  H   1.0    0.16    1.15    1.45     0.84029    -3.44954     0.26669
    22  H   1.0    0.15    1.05    1.44    -1.01110    -1.88194     2.19215
    23  N   5.0   -0.20    2.94    1.92    -5.37470     1.61709     0.21808
    24  H   1.0    0.10    0.99    1.43    -7.19272     1.21015     0.70826
    25  H   1.0    0.12    1.01    1.43    -4.31263     1.22661     1.77711
    26  H   1.0    0.12    1.04    1.43    -4.87950     0.29833    -1.09596

  Z AO/shell   Hii/eV     exponent
  1     Wed Apr 25 08:07:45 CEST 2018   EN: 2.200 GM2: 0.406  GM3: 0.0800  RAES: 1.40
     1s    -10.707211    1.230000
  7     Wed Apr 25 08:07:45 CEST 2018   EN: 3.040 GM2: 0.461  GM3:-0.0640  RAES: 1.90
     2s    -16.686243    2.339881
     2p    -12.523956    2.014332
  8     Wed Apr 25 08:07:45 CEST 2018   EN: 3.440 GM2: 0.452  GM3:-0.0517  RAES: 1.80
     2s    -20.229985    2.439742
     2p    -15.503117    2.137023
 16     Tue Apr 24 11:44:34 CEST 2018   EN: 2.580 GM2: 0.340  GM3:-0.0502  RAES: 3.10
     3s    -20.029654    1.981333
     3p    -11.377694    2.025643
     3d     -0.420282    1.702555
 no old-style atom pair restraining (fixing) potential

molecular fragmentation (1/2 indicates fragments):
11111122222222222222222222
# atoms in fragment 1/2:     6    20
 fragment masses (1/2) :       97.07      108.11
CMA distance (Bohr)    :   5.647
constraining FC (au)   :  0.0500
           ------------------------------------------------- 
          |        Self-Consistent Charge Iterations        |
           ------------------------------------------------- 

 Ncao       : 65
 Nao        : 64
 Nshell     : 38
 Nel        : 80
 T(el)      :   300.0
 intcut     :    25.0
 scfconv/Eh :  0.100E-05
   qconv/e  :  0.100E-03
 intneglect :  0.100E-07
 broydamp   :      0.250
 iter      E             dE          RMSdq      gap      omega  full diag
   1    -50.5110184 -0.505110E+02  0.706E+00    9.88       0.0  T
   2    -50.5642754 -0.532570E-01  0.508E+00    8.77       1.0  T
   3    -50.6033041 -0.390287E-01  0.138E+00    6.25       1.0  T
   4    -50.6094176 -0.611353E-02  0.564E-01    6.61       1.0  T
   5    -50.6100056 -0.588011E-03  0.323E-01    6.52       1.0  T
   6    -50.6104758 -0.470221E-03  0.141E-01    6.60       1.0  T
   7    -50.6105842 -0.108411E-03  0.582E-02    6.63       1.0  T
   8    -50.6106013 -0.170825E-04  0.326E-02    6.62       1.0  T
   9    -50.6106073 -0.601777E-05  0.150E-02    6.63       1.3  T
  10    -50.6106089 -0.151911E-05  0.237E-03    6.64       8.3  T
  11    -50.6106089 -0.158413E-07  0.138E-03    6.64      14.2  T
  12    -50.6106089 -0.637178E-08  0.668E-04    6.64      29.3  T
  13    -50.6106089 -0.314942E-08  0.166E-04    6.64     118.3  T
speedup  1.00
cpu  time for SCC    0.01 s
wall time for SCC    0.01 s

   *** convergence criteria satisfied after 13 iterations ***

          eigenvalues
 #    :          28         29         30         31         32         33         34         35
 occ. :        2.000      2.000      2.000      2.000      2.000      2.000      2.000      2.000
 eps  :       -12.208    -12.115    -11.901    -11.821    -11.742    -11.470    -11.304    -11.232
 #    :          36         37         38         39         40         41         42         43
 occ. :        2.000      2.000      2.000      2.000      2.000      0.000      0.000      0.000
 eps  :       -11.203    -10.979     -9.508     -9.399     -8.859     -2.221     -0.976     -0.157
 #    :          44         45         46         47         48         49         50         51
 occ. :        0.000      0.000      0.000      0.000      0.000      0.000      0.000      0.000
 eps  :         0.348      0.995      1.185      2.725      3.371      3.593      4.265      5.247


   #   Z            q   n(s)   n(p)   n(d)      C6AA      α(0)
   1  16 S      1.624  1.584  1.824  0.968    90.517    16.013
   2   8 O     -0.757  1.770  4.987  0.000    30.298     7.380
   3   8 O     -0.760  1.771  4.989  0.000    30.388     7.391
   4   8 O     -0.741  1.767  4.974  0.000    29.840     7.324
   5   8 O     -0.549  1.721  4.828  0.000    23.969     6.609
   6   1 H      0.373  0.627  0.000  0.000     0.529     1.138
   7   8 O     -0.875  1.817  5.058  0.000    33.888     7.807
   8   1 H      0.189  0.811  0.000  0.000     1.178     1.705
   9   8 O     -0.838  1.829  5.009  0.000    32.699     7.669
  10   1 H      0.223  0.777  0.000  0.000     1.008     1.577
  11   8 O     -0.481  1.666  4.815  0.000    22.429     6.396
  12   1 H      0.403  0.597  0.000  0.000     0.473     1.078
  13   1 H      0.391  0.609  0.000  0.000     0.502     1.114
  14   1 H      0.389  0.611  0.000  0.000     0.502     1.112
  15   8 O     -0.424  1.654  4.770  0.000    21.262     6.228
  16   1 H      0.368  0.632  0.000  0.000     0.549     1.164
  17   1 H      0.411  0.589  0.000  0.000     0.465     1.071
  18   1 H      0.410  0.590  0.000  0.000     0.461     1.063
  19   8 O     -0.481  1.667  4.814  0.000    22.426     6.396
  20   1 H      0.405  0.595  0.000  0.000     0.469     1.073
  21   1 H      0.387  0.613  0.000  0.000     0.505     1.115
  22   1 H      0.387  0.613  0.000  0.000     0.510     1.122
  23   7 N     -0.498  1.423  4.075  0.000    33.262     8.565
  24   1 H      0.115  0.885  0.000  0.000     1.664     2.020
  25   1 H      0.139  0.861  0.000  0.000     1.481     1.907
  26   1 H      0.189  0.811  0.000  0.000     1.162     1.689

 Mol. C6AA /au·bohr⁶  :       5572.962037
 Mol. C8AA /au·bohr⁸  :     120585.090975
 Mol. α(0) /au        :        107.725522

 
 Wiberg/Mayer (AO) data. WBOs > 0.1 written file <wbo>
 largest (>0.05) Wiberg bond orders for each atom
           total WBO             WBO to atom ...
     1  S   4.886    O    4 1.289    O    2 1.286    O    3 1.268    O    5 1.001
     2  O   1.678    S    1 1.286    O    3 0.116    O    4 0.111    O    5 0.073    H   13 0.066
     3  O   1.683    S    1 1.268    O    2 0.116    O    4 0.110    O    5 0.072    H   22 0.069
     4  O   1.719    S    1 1.289    O    2 0.111    O    3 0.110    H   17 0.104    O    5 0.053
     5  O   2.044    S    1 1.001    H    6 0.837    O    2 0.073    O    3 0.072    O    4 0.053
     6  H   0.860    O    5 0.837
     7  O   1.525    H    8 0.941    H   12 0.187    H   20 0.182    O   11 0.057    O   19 0.055    H   26 0.054
     8  H   0.964    O    7 0.941
     9  O   1.658    H   10 0.945    H   18 0.211    H   21 0.158    H   14 0.154    O   15 0.064    O   19 0.055    O   11 0.053
    10  H   0.950    O    9 0.945
    11  O   2.263    H   13 0.771    H   14 0.690    H   12 0.645    O    7 0.057    O    9 0.053
    12  H   0.837    O   11 0.645    O    7 0.187
    13  H   0.847    O   11 0.771    O    2 0.066
    14  H   0.849    O   11 0.690    O    9 0.154
    15  O   2.303    H   16 0.858    H   17 0.718    H   18 0.617    O    9 0.064
    16  H   0.865    O   15 0.858
    17  H   0.831    O   15 0.718    O    4 0.104
    18  H   0.832    O   15 0.617    O    9 0.211
    19  O   2.263    H   22 0.771    H   21 0.687    H   20 0.646    O    7 0.055    O    9 0.055
    20  H   0.836    O   19 0.646    O    7 0.182
    21  H   0.850    O   19 0.687    O    9 0.158
    22  H   0.850    O   19 0.771    O    3 0.069
    23  N   2.908    H   24 0.985    H   25 0.964    H   26 0.908
    24  H   0.987    N   23 0.985
    25  H   0.981    N   23 0.964
    26  H   0.964    N   23 0.908    O    7 0.054
 MOs/occ written to file <molden.input>
 
molecular dipole:
                 x           y           z       tot (Debye)
 q only:        2.583      -0.776      -0.399
   full:        2.058      -0.630      -0.228       5.502
molecular quadrupole (traceless):
                xx          xy          yy          xz          yz          zz
 q only:       14.008      -7.586      -5.456      -8.202      -4.449      -8.552
  q+dip:       15.171      -5.546      -4.278     -10.554       0.741     -10.894
   full:       15.723      -5.740      -4.453     -10.424       1.229     -11.270

SCC energy    :     -50.6106089
rep           :       0.2759135
ES            :       0.3170088
AES           :      -0.0663107
AXC           :      -0.0071877
disp          :      -0.0196703
XB            :       0.0000000
fix           :       0.0000000
total E       :     -50.3343871
atomizationE  :       4.8646913     3052.64
(atE without considering molecular charge,
 total energy contains solvation terms)
H-L gap (eV)  :          6.6376
           ------------------------------------------------- 
          |                 ===============                 |
          |                   A N C O P T                   |
          |                 ===============                 |
          |          Approximate Normal Coordinate          |
          |           Rational Function Optimizer           |
           ------------------------------------------------- 
dumping coords to <xtbopt.coord> and <xtbopt.log>
 optlevel               2
 Maxcycle             520
 Maxmicro              25
 Econv         1.000000000000000E-007
 Gconv         2.000000000000000E-004
 Maxdispl       1.00000000000000     
 Hlow          5.000000000000000E-003
 S6             20.0000000000000     
 Nvar               72

generating ANC from model Hessian ...
 Shifting diagonal of input Hessian by   4.657280762150581E-003
 Lowest  eigenvalues of input Hessian
   -0.000000   -0.000000   -0.000000   -0.000000   -0.000000    0.000000
    0.005000    0.005355    0.005767    0.006166    0.006715    0.007354
    0.007432    0.008082    0.008628    0.009250    0.010627    0.011381
 Highest eigenvalues
    1.584864    1.590359    1.594380    3.145526    3.215138    3.323535
 
cpu  time for ANC gen    0.02 s
wall time for ANC gen    0.02 s
................................................................................
.............................. CYCLE    1 ......................................
................................................................................
   1    -50.6106089 -0.506106E+02  0.804E-05    6.64       0.0  T
   2    -50.6106089 -0.158806E-10  0.614E-05    6.64     319.3  T
   3    -50.6106089 -0.148503E-10  0.298E-05    6.64     659.0  T
speedup  0.71
cpu  time for SCC    0.00 s
wall time for SCC    0.00 s
speedup  0.97
cpu  time for grad    0.01 s
wall time for grad    0.01 s
 E :    -50.33438706  G :  0.229062    pred/act E change:  0.000D+00  0.564D-07
Maxdispl :   0.1176   ||displ|| :   0.2998   Lambda : -0.437D-01
Largest |displ|/coords:  0.1176 (  28)  0.1120 (  54)  0.1059 (  55)
................................................................................
.............................. CYCLE    2 ......................................
................................................................................
   1    -50.6275209 -0.506275E+02  0.332E-01    6.68       0.0  T
   2    -50.6277757 -0.254804E-03  0.249E-01    6.74       1.0  T
   3    -50.6279018 -0.126096E-03  0.795E-02    6.85       1.0  T
   4    -50.6279211 -0.192736E-04  0.178E-02    6.84       1.1  T
   5    -50.6279218 -0.790932E-06  0.595E-03    6.84       3.3  T
   6    -50.6279219 -0.579755E-07  0.336E-03    6.84       5.8  T
speedup  0.93
cpu  time for SCC    0.00 s
wall time for SCC    0.01 s
speedup  0.98
cpu  time for grad    0.01 s
wall time for grad    0.01 s
 E :    -50.36917197  G :  0.140456    pred/act E change:  0.000D+00 -0.348D-01
Maxdispl :   0.1559   ||displ|| :   0.3383   Lambda : -0.226D-01
Largest |displ|/coords:  0.1559 (  28)  0.1009 (  15)  0.0934 (  54)
................................................................................
.............................. CYCLE    3 ......................................
................................................................................
   1    -50.6353078 -0.506353E+02  0.333E-01    6.85       0.0  T
   2    -50.6357023 -0.394499E-03  0.244E-01    6.89       1.0  T
   3    -50.6358795 -0.177157E-03  0.928E-02    6.96       1.0  T
   4    -50.6358979 -0.184507E-04  0.165E-02    6.96       1.2  T
   5    -50.6358986 -0.667675E-06  0.589E-03    6.95       3.3  T
   6    -50.6358986 -0.639154E-07  0.337E-03    6.95       5.8  T
speedup  0.94
cpu  time for SCC    0.01 s
wall time for SCC    0.01 s
speedup  0.98
cpu  time for grad    0.01 s
wall time for grad    0.01 s
 E :    -50.38758176  G :  0.093109    pred/act E change: -0.238D-01 -0.184D-01
Maxdispl :   0.1964   ||displ|| :   0.3698   Lambda : -0.126D-01
Largest |displ|/coords:  0.1964 (  15)  0.1009 (  28)  0.0926 (   9)
................................................................................
.............................. CYCLE    4 ......................................
................................................................................
   1    -50.6386686 -0.506387E+02  0.365E-01    6.95       0.0  T
   2    -50.6391498 -0.481131E-03  0.261E-01    6.98       1.0  T
   3    -50.6393632 -0.213394E-03  0.983E-02    7.04       1.0  T
   4    -50.6393846 -0.214180E-04  0.159E-02    7.04       1.2  T
   5    -50.6393853 -0.703530E-06  0.647E-03    7.04       3.0  T
   6    -50.6393854 -0.835377E-07  0.338E-03    7.04       5.8  T
   7    -50.6393854 -0.278189E-07  0.112E-03    7.04      17.5  T
speedup  0.97
cpu  time for SCC    0.01 s
wall time for SCC    0.01 s
speedup  0.99
cpu  time for grad    0.01 s
wall time for grad    0.01 s
 E :    -50.39803820  G :  0.069236    pred/act E change: -0.126D-01 -0.105D-01
Maxdispl :   0.1528   ||displ|| :   0.3533   Lambda : -0.798D-02
Largest |displ|/coords:  0.1528 (   2)  0.1523 (  15)  0.1137 (   9)
................................................................................
.............................. CYCLE    5 ......................................
................................................................................
   1    -50.6449460 -0.506449E+02  0.235E-01    7.08       0.0  T
   2    -50.6452440 -0.297950E-03  0.164E-01    7.12       1.0  T
   3    -50.6453799 -0.135950E-03  0.696E-02    7.18       1.0  T
   4    -50.6453888 -0.882350E-05  0.120E-02    7.19       1.6  T
   5    -50.6453892 -0.416845E-06  0.489E-03    7.19       4.0  T
   6    -50.6453892 -0.418292E-07  0.250E-03    7.19       7.8  T
speedup  0.91
cpu  time for SCC    0.00 s
wall time for SCC    0.01 s
speedup  0.96
cpu  time for grad    0.01 s
wall time for grad    0.01 s
 E :    -50.40503856  G :  0.053937    pred/act E change: -0.717D-02 -0.700D-02
Maxdispl :   0.2124   ||displ|| :   0.3859   Lambda : -0.632D-02
Largest |displ|/coords:  0.2124 (  15)  0.1866 (   2)  0.1047 (   9)
................................................................................
.............................. CYCLE    6 ......................................
................................................................................
   1    -50.6488313 -0.506488E+02  0.292E-01    7.21       0.0  T
   2    -50.6491753 -0.344065E-03  0.203E-01    7.24       1.0  T
   3    -50.6493302 -0.154811E-03  0.781E-02    7.30       1.0  T
   4    -50.6493439 -0.137927E-04  0.144E-02    7.31       1.4  T
   5    -50.6493446 -0.628230E-06  0.576E-03    7.31       3.4  T
   6    -50.6493446 -0.639542E-07  0.310E-03    7.31       6.3  T
speedup  0.96
cpu  time for SCC    0.00 s
wall time for SCC    0.01 s
speedup  0.98
cpu  time for grad    0.01 s
wall time for grad    0.01 s
 E :    -50.41058809  G :  0.053665    pred/act E change: -0.449D-02 -0.555D-02
Maxdispl :   0.2206   ||displ|| :   0.3487   Lambda : -0.664D-02
Largest |displ|/coords:  0.2206 (   2)  0.1159 (   7)  0.0850 (  12)
................................................................................
.............................. CYCLE    7 ......................................
................................................................................
   1    -50.6626116 -0.506626E+02  0.229E-01    7.41       0.0  T
   2    -50.6627563 -0.144727E-03  0.169E-01    7.44       1.0  T
   3    -50.6628296 -0.733016E-04  0.544E-02    7.50       1.0  T
   4    -50.6628416 -0.120144E-04  0.117E-02    7.50       1.7  T
   5    -50.6628419 -0.223934E-06  0.472E-03    7.50       4.2  T
   6    -50.6628419 -0.315242E-07  0.187E-03    7.50      10.5  T
speedup  0.94
cpu  time for SCC    0.00 s
wall time for SCC    0.01 s
speedup  0.98
cpu  time for grad    0.01 s
wall time for grad    0.01 s
 E :    -50.41452670  G :  0.054068    pred/act E change: -0.363D-02 -0.394D-02
Maxdispl :   0.1630   ||displ|| :   0.3336   Lambda : -0.750D-02
Largest |displ|/coords:  0.1630 (  15)  0.1379 (   4)  0.1124 (  12)
................................................................................
.............................. CYCLE    8 ......................................
................................................................................
   1    -50.6606290 -0.506606E+02  0.392E-01    7.45       0.0  T
   2    -50.6610744 -0.445401E-03  0.274E-01    7.47       1.0  T
   3    -50.6612754 -0.201055E-03  0.954E-02    7.51       1.0  T
   4    -50.6613004 -0.249271E-04  0.184E-02    7.52       1.1  T
   5    -50.6613011 -0.766467E-06  0.787E-03    7.51       2.5  T
   6    -50.6613013 -0.225556E-06  0.423E-03    7.51       4.6  T
   7    -50.6613014 -0.206987E-07  0.785E-04    7.51      25.0  T
speedup  1.13
cpu  time for SCC    0.01 s
wall time for SCC    0.01 s
speedup  1.06
cpu  time for grad    0.01 s
wall time for grad    0.01 s
 E :    -50.41850082  G :  0.057223    pred/act E change: -0.372D-02 -0.397D-02
Maxdispl :   0.2018   ||displ|| :   0.3000   Lambda : -0.619D-02
Largest |displ|/coords:  0.2018 (   2)  0.0855 (  13)  0.0790 (  24)
................................................................................
.............................. CYCLE    9 ......................................
................................................................................
   1    -50.6759749 -0.506760E+02  0.225E-01    7.62       0.0  T
   2    -50.6760609 -0.860336E-04  0.167E-01    7.63       1.0  T
   3    -50.6761126 -0.516733E-04  0.440E-02    7.66       1.0  T
   4    -50.6761217 -0.909733E-05  0.117E-02    7.66       1.7  T
   5    -50.6761219 -0.189972E-06  0.458E-03    7.66       4.3  T
   6    -50.6761219 -0.261763E-07  0.175E-03    7.66      11.2  T
speedup  0.94
cpu  time for SCC    0.00 s
wall time for SCC    0.01 s
speedup  0.98
cpu  time for grad    0.01 s
wall time for grad    0.01 s
 E :    -50.42230795  G :  0.041223    pred/act E change: -0.417D-02 -0.381D-02
Maxdispl :   0.1459   ||displ|| :   0.3945   Lambda : -0.591D-02
Largest |displ|/coords:  0.1459 (   7)  0.1416 (  12)  0.1357 (   2)
................................................................................
.............................. CYCLE   10 ......................................
................................................................................
   1    -50.6893402 -0.506893E+02  0.263E-01    7.73       0.0  T
   2    -50.6896327 -0.292493E-03  0.188E-01    7.75       1.0  T
   3    -50.6897814 -0.148675E-03  0.763E-02    7.79       1.0  T
   4    -50.6897980 -0.166212E-04  0.168E-02    7.80       1.2  T
   5    -50.6897986 -0.537465E-06  0.669E-03    7.80       2.9  T
   6    -50.6897986 -0.463409E-07  0.335E-03    7.80       5.9  T
   7    -50.6897986 -0.134422E-07  0.759E-04    7.80      25.8  T
speedup  0.97
cpu  time for SCC    0.01 s
wall time for SCC    0.01 s
speedup  0.99
cpu  time for grad    0.01 s
wall time for grad    0.01 s
 E :    -50.42698766  G :  0.040146    pred/act E change: -0.337D-02 -0.468D-02
Maxdispl :   0.2286   ||displ|| :   0.5390   Lambda : -0.778D-02
Largest |displ|/coords:  0.2286 (  15)  0.2012 (   2)  0.1820 (  28)
................................................................................
.............................. CYCLE   11 ......................................
................................................................................
   1    -50.7020572 -0.507021E+02  0.379E-01    7.80       0.0  T
   2    -50.7024379 -0.380695E-03  0.268E-01    7.82       1.0  T
   3    -50.7026204 -0.182472E-03  0.911E-02    7.85       1.0  T
   4    -50.7026467 -0.262988E-04  0.194E-02    7.86       1.0  T
   5    -50.7026471 -0.413772E-06  0.846E-03    7.86       2.3  T
   6    -50.7026473 -0.210398E-06  0.354E-03    7.86       5.5  T
   7    -50.7026473 -0.220195E-07  0.107E-03    7.86      18.3  T
speedup  0.98
cpu  time for SCC    0.01 s
wall time for SCC    0.01 s
speedup  0.99
cpu  time for grad    0.01 s
wall time for grad    0.01 s
 E :    -50.43136173  G :  0.036002    pred/act E change: -0.341D-02 -0.437D-02
Maxdispl :   0.1312   ||displ|| :   0.3790   Lambda : -0.355D-02
Largest |displ|/coords:  0.1312 (  13)  0.1306 (  12)  0.1237 (  30)
................................................................................
.............................. CYCLE   12 ......................................
................................................................................
   1    -50.6974557 -0.506975E+02  0.211E-01    7.82       0.0  T
   2    -50.6974780 -0.223088E-04  0.155E-01    7.82       1.0  T
   3    -50.6974930 -0.150037E-04  0.282E-02    7.82       1.0  T
   4    -50.6974953 -0.234666E-05  0.113E-02    7.82       1.7  T
   5    -50.6974955 -0.210029E-06  0.316E-03    7.82       6.2  T
   6    -50.6974955 -0.129041E-07  0.188E-03    7.82      10.4  T
speedup  0.94
cpu  time for SCC    0.00 s
wall time for SCC    0.01 s
speedup  0.98
cpu  time for grad    0.01 s
wall time for grad    0.01 s
 E :    -50.43321696  G :  0.034402    pred/act E change: -0.502D-02 -0.186D-02
Maxdispl :   0.2263   ||displ|| :   0.3729   Lambda : -0.259D-02
Largest |displ|/coords:  0.2263 (   2)  0.1522 (   8)  0.0927 (  13)
................................................................................
.............................. CYCLE   13 ......................................
................................................................................
   1    -50.6980542 -0.506981E+02  0.193E-01    7.88       0.0  T
   2    -50.6980801 -0.258986E-04  0.141E-01    7.89       1.0  T
   3    -50.6980931 -0.129792E-04  0.298E-02    7.90       1.0  T
   4    -50.6980963 -0.315480E-05  0.102E-02    7.91       1.9  T
   5    -50.6980964 -0.139538E-06  0.331E-03    7.91       5.9  T
   6    -50.6980964 -0.172163E-07  0.173E-03    7.91      11.4  T
speedup  1.09
cpu  time for SCC    0.01 s
wall time for SCC    0.01 s
speedup  1.04
cpu  time for grad    0.01 s
wall time for grad    0.01 s
 E :    -50.43495232  G :  0.025817    pred/act E change: -0.203D-02 -0.174D-02
Maxdispl :   0.3269   ||displ|| :   0.5102   Lambda : -0.296D-02
Largest |displ|/coords:  0.3269 (   2)  0.1729 (  14)  0.1620 (   5)
................................................................................
.............................. CYCLE   14 ......................................
................................................................................
   1    -50.6974407 -0.506974E+02  0.302E-01    7.97       0.0  T
   2    -50.6975332 -0.924816E-04  0.220E-01    7.99       1.0  T
   3    -50.6975780 -0.448562E-04  0.528E-02    8.04       1.0  T
   4    -50.6975893 -0.113104E-04  0.138E-02    8.04       1.4  T
   5    -50.6975896 -0.268638E-06  0.612E-03    8.04       3.2  T
   6    -50.6975897 -0.587511E-07  0.278E-03    8.04       7.1  T
   7    -50.6975897 -0.179792E-07  0.845E-04    8.04      23.2  T
speedup  0.97
cpu  time for SCC    0.01 s
wall time for SCC    0.01 s
speedup  0.99
cpu  time for grad    0.01 s
wall time for grad    0.01 s
 E :    -50.43627564  G :  0.032321    pred/act E change: -0.147D-02 -0.132D-02
Maxdispl :   0.1300   ||displ|| :   0.3052   Lambda : -0.223D-02
Largest |displ|/coords:  0.1300 (   6)  0.1134 (  15)  0.1087 (  13)
................................................................................
.............................. CYCLE   15 ......................................
................................................................................
   1    -50.6991893 -0.506992E+02  0.236E-01    8.14       0.0  T
   2    -50.6992317 -0.423740E-04  0.173E-01    8.17       1.0  T
   3    -50.6992529 -0.211841E-04  0.331E-02    8.22       1.0  T
   4    -50.6992581 -0.522351E-05  0.991E-03    8.21       2.0  T
   5    -50.6992583 -0.129592E-06  0.390E-03    8.21       5.0  T
   6    -50.6992583 -0.189200E-07  0.186E-03    8.21      10.5  T
speedup  0.94
cpu  time for SCC    0.00 s
wall time for SCC    0.01 s
speedup  0.98
cpu  time for grad    0.01 s
wall time for grad    0.01 s
 E :    -50.43768382  G :  0.028176    pred/act E change: -0.186D-02 -0.141D-02
Maxdispl :   0.1018   ||displ|| :   0.2962   Lambda : -0.235D-02
Largest |displ|/coords:  0.1018 (   2)  0.0985 (  11)  0.0930 (   5)
................................................................................
.............................. CYCLE   16 ......................................
................................................................................
   1    -50.7047175 -0.507047E+02  0.204E-01    8.44       0.0  T
   2    -50.7047853 -0.678767E-04  0.147E-01    8.43       1.0  T
   3    -50.7048146 -0.292287E-04  0.388E-02    8.41       1.0  T
   4    -50.7048210 -0.647080E-05  0.855E-03    8.43       2.3  T
   5    -50.7048212 -0.106263E-06  0.382E-03    8.43       5.1  T
   6    -50.7048212 -0.150380E-07  0.180E-03    8.43      10.9  T
speedup  0.94
cpu  time for SCC    0.00 s
wall time for SCC    0.01 s
speedup  0.98
cpu  time for grad    0.01 s
wall time for grad    0.01 s
 E :    -50.43828855  G :  0.030563    pred/act E change: -0.122D-02 -0.605D-03
Maxdispl :   0.1436   ||displ|| :   0.3501   Lambda : -0.244D-02
Largest |displ|/coords:  0.1436 (   2)  0.1392 (   6)  0.1340 (   8)
................................................................................
.............................. CYCLE   17 ......................................
................................................................................
   1    -50.6956728 -0.506957E+02  0.338E-01    8.43       0.0  T
   2    -50.6957837 -0.110890E-03  0.242E-01    8.49       1.0  T
   3    -50.6958254 -0.417722E-04  0.497E-02    8.59       1.0  T
   4    -50.6958377 -0.122551E-04  0.987E-03    8.56       2.0  T
   5    -50.6958379 -0.149852E-06  0.466E-03    8.56       4.2  T
   6    -50.6958379 -0.282570E-07  0.197E-03    8.56      10.0  T
speedup  0.93
cpu  time for SCC    0.00 s
wall time for SCC    0.01 s
speedup  0.98
cpu  time for grad    0.01 s
wall time for grad    0.01 s
 E :    -50.43874364  G :  0.037973    pred/act E change: -0.128D-02 -0.455D-03
Maxdispl :   0.1328   ||displ|| :   0.2247   Lambda : -0.266D-02
Largest |displ|/coords:  0.1328 (  10)  0.0713 (   1)  0.0565 (   4)
................................................................................
.............................. CYCLE   18 ......................................
................................................................................
   1    -50.7062826 -0.507063E+02  0.159E-01    8.63       0.0  T
   2    -50.7063102 -0.275329E-04  0.117E-01    8.62       1.0  T
   3    -50.7063247 -0.145903E-04  0.273E-02    8.60       1.0  T
   4    -50.7063280 -0.320433E-05  0.897E-03    8.61       2.2  T
   5    -50.7063281 -0.139173E-06  0.306E-03    8.61       6.4  T
   6    -50.7063281 -0.106324E-07  0.157E-03    8.61      12.5  T
speedup  1.13
cpu  time for SCC    0.01 s
wall time for SCC    0.01 s
speedup  0.96
cpu  time for grad    0.01 s
wall time for grad    0.01 s
 E :    -50.43994318  G :  0.025569    pred/act E change: -0.137D-02 -0.120D-02
Maxdispl :   0.0794   ||displ|| :   0.1806   Lambda : -0.135D-02
Largest |displ|/coords:  0.0794 (  12)  0.0717 (   9)  0.0574 (   2)
................................................................................
.............................. CYCLE   19 ......................................
................................................................................
   1    -50.7068473 -0.507068E+02  0.120E-01    8.65       0.0  T
   2    -50.7068633 -0.160497E-04  0.880E-02    8.64       1.0  T
   3    -50.7068719 -0.861293E-05  0.232E-02    8.63       1.0  T
   4    -50.7068736 -0.170898E-05  0.687E-03    8.64       2.9  T
   5    -50.7068737 -0.105838E-06  0.233E-03    8.64       8.4  T
   6    -50.7068737 -0.608269E-08  0.118E-03    8.64      16.6  T
speedup  1.13
cpu  time for SCC    0.01 s
wall time for SCC    0.01 s
speedup  1.05
cpu  time for grad    0.01 s
wall time for grad    0.01 s
 E :    -50.44084778  G :  0.023934    pred/act E change: -0.140D-02 -0.905D-03
Maxdispl :   0.1679   ||displ|| :   0.4475   Lambda : -0.280D-02
Largest |displ|/coords:  0.1679 (   6)  0.1529 (  12)  0.1258 (   2)
................................................................................
.............................. CYCLE   20 ......................................
................................................................................
   1    -50.7092626 -0.507093E+02  0.301E-01    8.84       0.0  T
   2    -50.7093835 -0.120952E-03  0.222E-01    8.86       1.0  T
   3    -50.7094525 -0.689774E-04  0.601E-02    8.89       1.0  T
   4    -50.7094653 -0.128304E-04  0.195E-02    8.89       1.0  T
   5    -50.7094661 -0.754133E-06  0.684E-03    8.89       2.9  T
   6    -50.7094661 -0.705448E-07  0.330E-03    8.89       6.0  T
   7    -50.7094662 -0.245217E-07  0.766E-04    8.89      25.6  T
speedup  0.97
cpu  time for SCC    0.01 s
wall time for SCC    0.01 s
speedup  0.99
cpu  time for grad    0.01 s
wall time for grad    0.01 s
 E :    -50.44294376  G :  0.029875    pred/act E change: -0.697D-03 -0.210D-02
Maxdispl :   0.2709   ||displ|| :   0.6214   Lambda : -0.384D-02
Largest |displ|/coords:  0.2709 (  12)  0.1829 (   6)  0.1793 (  26)
................................................................................
.............................. CYCLE   21 ......................................
................................................................................
   1    -50.7148293 -0.507148E+02  0.441E-01    9.12       0.0  T
   2    -50.7150347 -0.205354E-03  0.327E-01    9.17       1.0  T
   3    -50.7151651 -0.130390E-03  0.803E-02    9.26       1.0  T
   4    -50.7151878 -0.227211E-04  0.294E-02    9.24       1.0  T
   5    -50.7151891 -0.136433E-05  0.968E-03    9.24       2.0  T
   6    -50.7151893 -0.150111E-06  0.472E-03    9.24       4.2  T
   7    -50.7151893 -0.401857E-07  0.113E-03    9.24      17.4  T
speedup  0.98
cpu  time for SCC    0.01 s
wall time for SCC    0.01 s
speedup  0.99
cpu  time for grad    0.01 s
wall time for grad    0.01 s
 E :    -50.44465118  G :  0.038452    pred/act E change: -0.168D-02 -0.171D-02
Maxdispl :   0.0873   ||displ|| :   0.2200   Lambda : -0.306D-02
Largest |displ|/coords:  0.0873 (   9)  0.0789 (  13)  0.0700 (   2)
................................................................................
.............................. CYCLE   22 ......................................
................................................................................
   1    -50.7208261 -0.507208E+02  0.151E-01    9.15       0.0  T
   2    -50.7208423 -0.161664E-04  0.109E-01    9.13       1.0  T
   3    -50.7208526 -0.102904E-04  0.228E-02    9.10       1.0  T
   4    -50.7208539 -0.134818E-05  0.747E-03    9.11       2.6  T
   5    -50.7208540 -0.582735E-07  0.229E-03    9.11       8.5  T
   6    -50.7208540 -0.677888E-08  0.117E-03    9.11      16.7  T
speedup  0.94
cpu  time for SCC    0.00 s
wall time for SCC    0.01 s
speedup  0.98
cpu  time for grad    0.01 s
wall time for grad    0.01 s
 E :    -50.44645177  G :  0.026991    pred/act E change: -0.266D-02 -0.180D-02
Maxdispl :   0.1477   ||displ|| :   0.2915   Lambda : -0.224D-02
Largest |displ|/coords:  0.1477 (  12)  0.0865 (   3)  0.0793 (  14)
................................................................................
.............................. CYCLE   23 ......................................
................................................................................
   1    -50.7194191 -0.507194E+02  0.218E-01    8.97       0.0  T
   2    -50.7194453 -0.262045E-04  0.159E-01    8.98       1.0  T
   3    -50.7194567 -0.114713E-04  0.421E-02    8.99       1.0  T
   4    -50.7194598 -0.307909E-05  0.121E-02    8.99       1.6  T
   5    -50.7194600 -0.161816E-06  0.299E-03    8.99       6.6  T
   6    -50.7194600 -0.115474E-07  0.173E-03    8.99      11.4  T
speedup  1.15
cpu  time for SCC    0.01 s
wall time for SCC    0.01 s
speedup  1.06
cpu  time for grad    0.01 s
wall time for grad    0.01 s
 E :    -50.44758826  G :  0.022333    pred/act E change: -0.160D-02 -0.114D-02
Maxdispl :   0.1510   ||displ|| :   0.3488   Lambda : -0.170D-02
Largest |displ|/coords:  0.1510 (  12)  0.1222 (   7)  0.1155 (   4)
................................................................................
.............................. CYCLE   24 ......................................
................................................................................
   1    -50.7215298 -0.507215E+02  0.268E-01    8.99       0.0  T
   2    -50.7215792 -0.494170E-04  0.194E-01    9.01       1.0  T
   3    -50.7216090 -0.298033E-04  0.421E-02    9.03       1.0  T
   4    -50.7216144 -0.534556E-05  0.121E-02    9.02       1.6  T
   5    -50.7216146 -0.215073E-06  0.446E-03    9.02       4.4  T
   6    -50.7216146 -0.313000E-07  0.223E-03    9.02       8.8  T
speedup  0.94
cpu  time for SCC    0.00 s
wall time for SCC    0.01 s
speedup  0.98
cpu  time for grad    0.01 s
wall time for grad    0.01 s
 E :    -50.44788880  G :  0.035641    pred/act E change: -0.122D-02 -0.301D-03
Maxdispl :   0.1446   ||displ|| :   0.3289   Lambda : -0.281D-02
Largest |displ|/coords:  0.1446 (   3)  0.1035 (  17)  0.0978 (   6)
................................................................................
.............................. CYCLE   25 ......................................
................................................................................
   1    -50.7414116 -0.507414E+02  0.236E-01    9.07       0.0  T
   2    -50.7415000 -0.884324E-04  0.172E-01    9.01       1.0  T
   3    -50.7415455 -0.455603E-04  0.473E-02    8.90       1.0  T
   4    -50.7415534 -0.786637E-05  0.156E-02    8.91       1.3  T
   5    -50.7415538 -0.400198E-06  0.500E-03    8.91       3.9  T
   6    -50.7415538 -0.299946E-07  0.271E-03    8.91       7.2  T
speedup  0.93
cpu  time for SCC    0.00 s
wall time for SCC    0.01 s
speedup  0.98
cpu  time for grad    0.01 s
wall time for grad    0.01 s
 E :    -50.44733739  G :  0.048002    pred/act E change: -0.954D-03  0.551D-03
Maxdispl :   0.1101   ||displ|| :   0.2335   Lambda : -0.360D-02
Largest |displ|/coords:  0.1101 (   2)  0.0777 (  26)  0.0750 (  13)

generating ANC from model Hessian ...
 Shifting diagonal of input Hessian by   5.057506063265502E-003
 Lowest  eigenvalues of input Hessian
    0.005000   -0.000000   -0.000000   -0.000000   -0.000000   -0.000000
    0.000000    0.005271    0.005576    0.006066    0.006372    0.006641
    0.006967    0.007106    0.007955    0.008576    0.009636    0.010631
 Highest eigenvalues
    1.379920    1.383135    1.401269    2.747998    3.262309    3.660582
 
cpu  time for ANC gen    0.02 s
wall time for ANC gen    0.02 s
................................................................................
.............................. CYCLE   26 ......................................
................................................................................
   1    -50.7244851 -0.507245E+02  0.154E-01    8.81       0.0  T
   2    -50.7245375 -0.523563E-04  0.110E-01    8.85       1.0  T
   3    -50.7245643 -0.268368E-04  0.382E-02    8.93       1.0  T
   4    -50.7245680 -0.366983E-05  0.123E-02    8.92       1.6  T
   5    -50.7245683 -0.295728E-06  0.364E-03    8.92       5.4  T
   6    -50.7245683 -0.161453E-07  0.195E-03    8.92      10.0  T
   7    -50.7245683 -0.314445E-08  0.666E-04    8.92      29.5  T
   8    -50.7245683 -0.878906E-09  0.164E-04    8.92     119.3  T
speedup  1.00
cpu  time for SCC    0.01 s
wall time for SCC    0.01 s
speedup  0.97
cpu  time for grad    0.01 s
wall time for grad    0.02 s
 E :    -50.44899907  G :  0.020656    pred/act E change:  0.000D+00 -0.166D-02
Maxdispl :   0.1311   ||displ|| :   0.2154   Lambda : -0.989D-03
Largest |displ|/coords:  0.1311 (   5)  0.0786 (   7)  0.0612 (   8)
................................................................................
.............................. CYCLE   27 ......................................
................................................................................
   1    -50.7245701 -0.507246E+02  0.151E-01    8.93       0.0  T
   2    -50.7245778 -0.769431E-05  0.113E-01    8.93       1.0  T
   3    -50.7245822 -0.438621E-05  0.176E-02    8.93       1.1  T
   4    -50.7245833 -0.108802E-05  0.508E-03    8.93       3.9  T
   5    -50.7245834 -0.558952E-07  0.163E-03    8.93      12.1  T
speedup  0.89
cpu  time for SCC    0.00 s
wall time for SCC    0.00 s
speedup  0.97
cpu  time for grad    0.01 s
wall time for grad    0.01 s
 E :    -50.44965037  G :  0.012588    pred/act E change:  0.000D+00 -0.651D-03
Maxdispl :   0.1298   ||displ|| :   0.3112   Lambda : -0.883D-03
Largest |displ|/coords:  0.1298 (   8)  0.1280 (   5)  0.1124 (   7)
................................................................................
.............................. CYCLE   28 ......................................
................................................................................
   1    -50.7239003 -0.507239E+02  0.197E-01    8.97       0.0  T
   2    -50.7239165 -0.161520E-04  0.146E-01    8.97       1.0  T
   3    -50.7239233 -0.683678E-05  0.263E-02    8.98       1.0  T
   4    -50.7239256 -0.230819E-05  0.765E-03    8.98       2.6  T
   5    -50.7239257 -0.109851E-06  0.215E-03    8.98       9.1  T
   6    -50.7239257 -0.326825E-08  0.117E-03    8.98      16.8  T
speedup  0.94
cpu  time for SCC    0.00 s
wall time for SCC    0.01 s
speedup  0.98
cpu  time for grad    0.01 s
wall time for grad    0.01 s
 E :    -50.45018933  G :  0.013599    pred/act E change: -0.518D-03 -0.539D-03
Maxdispl :   0.1189   ||displ|| :   0.2641   Lambda : -0.500D-03
Largest |displ|/coords:  0.1189 (   5)  0.1083 (   2)  0.1022 (   8)
................................................................................
.............................. CYCLE   29 ......................................
................................................................................
   1    -50.7241974 -0.507242E+02  0.144E-01    9.01       0.0  T
   2    -50.7242089 -0.114909E-04  0.107E-01    9.02       1.0  T
   3    -50.7242127 -0.380839E-05  0.201E-02    9.03       1.0  T
   4    -50.7242146 -0.183330E-05  0.636E-03    9.02       3.1  T
   5    -50.7242147 -0.954324E-07  0.178E-03    9.02      11.0  T
   6    -50.7242147 -0.342433E-08  0.106E-03    9.02      18.5  T
speedup  0.94
cpu  time for SCC    0.00 s
wall time for SCC    0.01 s
speedup  0.98
cpu  time for grad    0.01 s
wall time for grad    0.01 s
 E :    -50.45058489  G :  0.015978    pred/act E change: -0.484D-03 -0.396D-03
Maxdispl :   0.2194   ||displ|| :   0.4457   Lambda : -0.978D-03
Largest |displ|/coords:  0.2194 (   2)  0.1526 (   7)  0.1516 (   5)
................................................................................
.............................. CYCLE   30 ......................................
................................................................................
   1    -50.7272447 -0.507272E+02  0.232E-01    9.09       0.0  T
   2    -50.7272942 -0.494932E-04  0.173E-01    9.09       1.0  T
   3    -50.7273112 -0.170543E-04  0.411E-02    9.09       1.0  T
   4    -50.7273179 -0.665538E-05  0.137E-02    9.09       1.4  T
   5    -50.7273184 -0.478845E-06  0.371E-03    9.09       5.3  T
   6    -50.7273184 -0.183612E-07  0.220E-03    9.09       8.9  T
   7    -50.7273184 -0.107235E-07  0.605E-04    9.09      32.4  T
speedup  0.98
cpu  time for SCC    0.01 s
wall time for SCC    0.01 s
speedup  0.98
cpu  time for grad    0.01 s
wall time for grad    0.01 s
 E :    -50.45135801  G :  0.017136    pred/act E change: -0.268D-03 -0.773D-03
Maxdispl :   0.2733   ||displ|| :   0.5463   Lambda : -0.118D-02
Largest |displ|/coords:  0.2733 (   2)  0.2055 (   8)  0.1885 (   5)
................................................................................
.............................. CYCLE   31 ......................................
................................................................................
   1    -50.7292413 -0.507292E+02  0.295E-01    9.12       0.0  T
   2    -50.7293522 -0.110858E-03  0.219E-01    9.13       1.0  T
   3    -50.7293960 -0.437876E-04  0.591E-02    9.13       1.0  T
   4    -50.7294087 -0.127522E-04  0.201E-02    9.13       1.0  T
   5    -50.7294095 -0.830617E-06  0.602E-03    9.13       3.3  T
   6    -50.7294096 -0.505858E-07  0.331E-03    9.13       5.9  T
   7    -50.7294096 -0.241404E-07  0.809E-04    9.13      24.2  T
   8    -50.7294096 -0.202155E-08  0.246E-04    9.13      79.8  T
speedup  1.13
cpu  time for SCC    0.01 s
wall time for SCC    0.01 s
speedup  1.06
cpu  time for grad    0.02 s
wall time for grad    0.02 s
 E :    -50.45230969  G :  0.022328    pred/act E change: -0.586D-03 -0.952D-03
Maxdispl :   0.3098   ||displ|| :   0.5344   Lambda : -0.191D-02
Largest |displ|/coords:  0.3098 (   2)  0.1801 (  11)  0.1657 (  12)
................................................................................
.............................. CYCLE   32 ......................................
................................................................................
   1    -50.7442996 -0.507443E+02  0.303E-01    9.19       0.0  T
   2    -50.7444905 -0.190971E-03  0.225E-01    9.17       1.0  T
   3    -50.7445846 -0.940893E-04  0.812E-02    9.13       1.0  T
   4    -50.7445997 -0.150424E-04  0.265E-02    9.13       1.0  T
   5    -50.7446010 -0.136032E-05  0.842E-03    9.13       2.3  T
   6    -50.7446011 -0.739306E-07  0.435E-03    9.13       4.5  T
   7    -50.7446011 -0.394310E-07  0.978E-04    9.13      20.0  T
speedup  0.97
cpu  time for SCC    0.01 s
wall time for SCC    0.01 s
speedup  0.99
cpu  time for grad    0.01 s
wall time for grad    0.01 s
 E :    -50.45299204  G :  0.029956    pred/act E change: -0.767D-03 -0.682D-03
Maxdispl :   0.2185   ||displ|| :   0.4111   Lambda : -0.198D-02
Largest |displ|/coords:  0.2185 (   8)  0.2058 (   2)  0.1112 (   7)
................................................................................
.............................. CYCLE   33 ......................................
................................................................................
   1    -50.7338347 -0.507338E+02  0.297E-01    9.02       0.0  T
   2    -50.7339006 -0.659522E-04  0.219E-01    9.04       1.0  T
   3    -50.7339316 -0.309308E-04  0.455E-02    9.06       1.0  T
   4    -50.7339408 -0.920919E-05  0.130E-02    9.05       1.5  T
   5    -50.7339411 -0.283131E-06  0.499E-03    9.05       3.9  T
   6    -50.7339411 -0.336669E-07  0.265E-03    9.05       7.4  T
speedup  0.94
cpu  time for SCC    0.00 s
wall time for SCC    0.01 s
speedup  0.98
cpu  time for grad    0.01 s
wall time for grad    0.01 s
 E :    -50.45333975  G :  0.035855    pred/act E change: -0.123D-02 -0.348D-03
Maxdispl :   0.1496   ||displ|| :   0.3616   Lambda : -0.338D-02
Largest |displ|/coords:  0.1496 (   2)  0.1430 (   7)  0.1197 (  17)
................................................................................
.............................. CYCLE   34 ......................................
................................................................................
   1    -50.7342173 -0.507342E+02  0.316E-01    8.92       0.0  T
   2    -50.7342960 -0.786728E-04  0.237E-01    8.92       1.0  T
   3    -50.7343488 -0.528177E-04  0.504E-02    8.92       1.0  T
   4    -50.7343589 -0.100980E-04  0.169E-02    8.92       1.2  T
   5    -50.7343595 -0.570278E-06  0.549E-03    8.92       3.6  T
   6    -50.7343595 -0.209838E-07  0.300E-03    8.92       6.5  T
speedup  0.96
cpu  time for SCC    0.01 s
wall time for SCC    0.01 s
speedup  0.98
cpu  time for grad    0.01 s
wall time for grad    0.01 s
 E :    -50.45297536  G :  0.048940    pred/act E change: -0.115D-02  0.364D-03
Maxdispl :   0.1912   ||displ|| :   0.2826   Lambda : -0.371D-02
Largest |displ|/coords:  0.1912 (   8)  0.1179 (  13)  0.0721 (   2)
................................................................................
.............................. CYCLE   35 ......................................
................................................................................
   1    -50.7406583 -0.507407E+02  0.247E-01    9.00       0.0  T
   2    -50.7407045 -0.461710E-04  0.182E-01    8.98       1.0  T
   3    -50.7407289 -0.244089E-04  0.378E-02    8.94       1.0  T
   4    -50.7407352 -0.626806E-05  0.100E-02    8.96       2.0  T
   5    -50.7407353 -0.180950E-06  0.437E-03    8.96       4.5  T
   6    -50.7407354 -0.189061E-07  0.195E-03    8.95      10.1  T
speedup  0.94
cpu  time for SCC    0.00 s
wall time for SCC    0.01 s
speedup  0.98
cpu  time for grad    0.01 s
wall time for grad    0.01 s
 E :    -50.45418593  G :  0.023032    pred/act E change: -0.191D-02 -0.121D-02
Maxdispl :   0.1489   ||displ|| :   0.3227   Lambda : -0.186D-02
Largest |displ|/coords:  0.1489 (   2)  0.1318 (   8)  0.1294 (  12)
................................................................................
.............................. CYCLE   36 ......................................
................................................................................
   1    -50.7478461 -0.507478E+02  0.234E-01    8.96       0.0  T
   2    -50.7479159 -0.697446E-04  0.173E-01    8.97       1.0  T
   3    -50.7479519 -0.360579E-04  0.497E-02    8.99       1.0  T
   4    -50.7479595 -0.754091E-05  0.156E-02    8.99       1.3  T
   5    -50.7479599 -0.426629E-06  0.563E-03    8.99       3.5  T
   6    -50.7479599 -0.423290E-07  0.286E-03    8.99       6.8  T
speedup  0.86
cpu  time for SCC    0.00 s
wall time for SCC    0.01 s
speedup  0.95
cpu  time for grad    0.01 s
wall time for grad    0.01 s
 E :    -50.45447038  G :  0.026730    pred/act E change: -0.200D-02 -0.284D-03
Maxdispl :   0.0561   ||displ|| :   0.1544   Lambda : -0.118D-02
Largest |displ|/coords:  0.0561 (   9)  0.0555 (   6)  0.0511 (   1)
................................................................................
.............................. CYCLE   37 ......................................
................................................................................
   1    -50.7404462 -0.507404E+02  0.135E-01    8.95       0.0  T
   2    -50.7404546 -0.841688E-05  0.102E-01    8.95       1.0  T
   3    -50.7404604 -0.576614E-05  0.162E-02    8.95       1.2  T
   4    -50.7404614 -0.106777E-05  0.498E-03    8.95       3.9  T
   5    -50.7404615 -0.352363E-07  0.175E-03    8.95      11.2  T
speedup  1.09
cpu  time for SCC    0.00 s
wall time for SCC    0.00 s
speedup  1.03
cpu  time for grad    0.01 s
wall time for grad    0.01 s
 E :    -50.45504497  G :  0.009188    pred/act E change: -0.102D-02 -0.575D-03
Maxdispl :   0.1063   ||displ|| :   0.1889   Lambda : -0.384D-03
Largest |displ|/coords:  0.1063 (   5)  0.0699 (  13)  0.0576 (   3)
................................................................................
.............................. CYCLE   38 ......................................
................................................................................
   1    -50.7418713 -0.507419E+02  0.112E-01    8.92       0.0  T
   2    -50.7418774 -0.615010E-05  0.841E-02    8.92       1.0  T
   3    -50.7418814 -0.391833E-05  0.154E-02    8.92       1.3  T
   4    -50.7418822 -0.870353E-06  0.475E-03    8.92       4.1  T
   5    -50.7418823 -0.433814E-07  0.164E-03    8.92      12.0  T
   6    -50.7418823 -0.313781E-08  0.848E-04    8.92      23.1  T
speedup  1.09
cpu  time for SCC    0.01 s
wall time for SCC    0.01 s
speedup  1.04
cpu  time for grad    0.01 s
wall time for grad    0.01 s
 E :    -50.45505808  G :  0.013828    pred/act E change: -0.605D-03 -0.131D-04
Maxdispl :   0.1303   ||displ|| :   0.1919   Lambda : -0.397D-03
Largest |displ|/coords:  0.1303 (   2)  0.0753 (   1)  0.0510 (  12)
................................................................................
.............................. CYCLE   39 ......................................
................................................................................
   1    -50.7429695 -0.507430E+02  0.111E-01    8.93       0.0  T
   2    -50.7429768 -0.725688E-05  0.829E-02    8.93       1.0  T
   3    -50.7429811 -0.428938E-05  0.171E-02    8.93       1.1  T
   4    -50.7429822 -0.110050E-05  0.572E-03    8.93       3.4  T
   5    -50.7429822 -0.541178E-07  0.202E-03    8.93       9.7  T
   6    -50.7429822 -0.644085E-08  0.114E-03    8.93      17.2  T
speedup  1.13
cpu  time for SCC    0.01 s
wall time for SCC    0.01 s
speedup  1.05
cpu  time for grad    0.01 s
wall time for grad    0.01 s
 E :    -50.45531400  G :  0.005889    pred/act E change: -0.199D-03 -0.256D-03
Maxdispl :   0.0831   ||displ|| :   0.1650   Lambda : -0.158D-03
Largest |displ|/coords:  0.0831 (   2)  0.0803 (   1)  0.0667 (   8)
................................................................................
.............................. CYCLE   40 ......................................
................................................................................
   1    -50.7433988 -0.507434E+02  0.802E-02    8.93       0.0  T
   2    -50.7434018 -0.294256E-05  0.602E-02    8.93       1.0  T
   3    -50.7434038 -0.202853E-05  0.109E-02    8.94       1.8  T
   4    -50.7434043 -0.453665E-06  0.374E-03    8.94       5.2  T
   5    -50.7434043 -0.225362E-07  0.137E-03    8.94      14.3  T
   6    -50.7434043 -0.326243E-08  0.783E-04    8.94      25.0  T
speedup  0.96
cpu  time for SCC    0.00 s
wall time for SCC    0.01 s
speedup  0.98
cpu  time for grad    0.01 s
wall time for grad    0.01 s
 E :    -50.45539507  G :  0.005636    pred/act E change: -0.206D-03 -0.811D-04
Maxdispl :   0.0735   ||displ|| :   0.1722   Lambda : -0.120D-03
Largest |displ|/coords:  0.0735 (   2)  0.0574 (   9)  0.0556 (   1)
................................................................................
.............................. CYCLE   41 ......................................
................................................................................
   1    -50.7431232 -0.507431E+02  0.976E-02    8.95       0.0  T
   2    -50.7431261 -0.285241E-05  0.725E-02    8.95       1.0  T
   3    -50.7431282 -0.208501E-05  0.999E-03    8.97       2.0  T
   4    -50.7431285 -0.384663E-06  0.353E-03    8.96       5.5  T
   5    -50.7431286 -0.162775E-07  0.129E-03    8.96      15.2  T
   6    -50.7431286 -0.305121E-08  0.687E-04    8.96      28.5  T
speedup  0.94
cpu  time for SCC    0.00 s
wall time for SCC    0.01 s
speedup  0.98
cpu  time for grad    0.01 s
wall time for grad    0.01 s
 E :    -50.45543812  G :  0.007951    pred/act E change: -0.811D-04 -0.431D-04
Maxdispl :   0.0589   ||displ|| :   0.1075   Lambda : -0.105D-03
Largest |displ|/coords:  0.0589 (   5)  0.0376 (  11)  0.0369 (   3)
................................................................................
.............................. CYCLE   42 ......................................
................................................................................
   1    -50.7440815 -0.507441E+02  0.484E-02    9.00       0.0  T
   2    -50.7440829 -0.139663E-05  0.356E-02    9.00       1.0  T
   3    -50.7440836 -0.678273E-06  0.796E-03    9.00       2.5  T
   4    -50.7440838 -0.178964E-06  0.193E-03    9.00      10.1  T
   5    -50.7440838 -0.866827E-08  0.747E-04    9.00      26.2  T
speedup  1.11
cpu  time for SCC    0.01 s
wall time for SCC    0.00 s
speedup  1.05
cpu  time for grad    0.01 s
wall time for grad    0.01 s
 E :    -50.45547956  G :  0.004084    pred/act E change: -0.619D-04 -0.414D-04
Maxdispl :   0.0358   ||displ|| :   0.0633   Lambda : -0.694D-04
Largest |displ|/coords:  0.0358 (   8)  0.0270 (  13)  0.0239 (   6)
................................................................................
.............................. CYCLE   43 ......................................
................................................................................
   1    -50.7446569 -0.507447E+02  0.456E-02    9.01       0.0  T
   2    -50.7446576 -0.749733E-06  0.343E-02    9.01       1.0  T
   3    -50.7446583 -0.734283E-06  0.490E-03    9.01       4.0  T
   4    -50.7446584 -0.784787E-07  0.135E-03    9.01      14.5  T
   5    -50.7446584 -0.249342E-08  0.628E-04    9.01      31.2  T
speedup  1.14
cpu  time for SCC    0.00 s
wall time for SCC    0.00 s
speedup  1.03
cpu  time for grad    0.01 s
wall time for grad    0.01 s
 E :    -50.45550638  G :  0.005477    pred/act E change: -0.532D-04 -0.268D-04
Maxdispl :   0.0272   ||displ|| :   0.0538   Lambda : -0.482D-04
Largest |displ|/coords:  0.0272 (   7)  0.0206 (   8)  0.0179 (   6)
................................................................................
.............................. CYCLE   44 ......................................
................................................................................
   1    -50.7437572 -0.507438E+02  0.329E-02    9.01       0.0  T
   2    -50.7437577 -0.408504E-06  0.244E-02    9.02       1.0  T
   3    -50.7437579 -0.251578E-06  0.350E-03    9.02       5.6  T
   4    -50.7437580 -0.583353E-07  0.109E-03    9.02      18.0  T
   5    -50.7437580 -0.131674E-08  0.360E-04    9.02      54.5  T
speedup  1.14
cpu  time for SCC    0.00 s
wall time for SCC    0.00 s
speedup  1.05
cpu  time for grad    0.01 s
wall time for grad    0.01 s
 E :    -50.45553670  G :  0.003894    pred/act E change: -0.348D-04 -0.303D-04
Maxdispl :   0.0433   ||displ|| :   0.1050   Lambda : -0.482D-04
Largest |displ|/coords:  0.0433 (   1)  0.0380 (   7)  0.0377 (   8)
................................................................................
.............................. CYCLE   45 ......................................
................................................................................
   1    -50.7430896 -0.507431E+02  0.606E-02    9.03       0.0  T
   2    -50.7430902 -0.650002E-06  0.457E-02    9.03       1.0  T
   3    -50.7430909 -0.719471E-06  0.429E-03    9.04       4.6  T
   4    -50.7430910 -0.504885E-07  0.177E-03    9.04      11.1  T
   5    -50.7430910 -0.381343E-08  0.524E-04    9.04      37.4  T
   6    -50.7430910 -0.442640E-09  0.275E-04    9.04      71.4  T
speedup  0.94
cpu  time for SCC    0.01 s
wall time for SCC    0.01 s
speedup  0.94
cpu  time for grad    0.01 s
wall time for grad    0.01 s
 E :    -50.45556968  G :  0.003067    pred/act E change: -0.242D-04 -0.330D-04
Maxdispl :   0.0480   ||displ|| :   0.1213   Lambda : -0.369D-04
Largest |displ|/coords:  0.0480 (   1)  0.0471 (   7)  0.0446 (   8)
................................................................................
.............................. CYCLE   46 ......................................
................................................................................
   1    -50.7427882 -0.507428E+02  0.700E-02    9.04       0.0  T
   2    -50.7427891 -0.914530E-06  0.529E-02    9.04       1.0  T
   3    -50.7427902 -0.113714E-05  0.512E-03    9.04       3.8  T
   4    -50.7427903 -0.598273E-07  0.194E-03    9.04      10.1  T
   5    -50.7427903 -0.536188E-08  0.555E-04    9.04      35.3  T
   6    -50.7427903 -0.498538E-09  0.258E-04    9.04      75.9  T
speedup  1.13
cpu  time for SCC    0.01 s
wall time for SCC    0.01 s
speedup  1.01
cpu  time for grad    0.01 s
wall time for grad    0.01 s
 E :    -50.45559135  G :  0.002609    pred/act E change: -0.244D-04 -0.217D-04
Maxdispl :   0.0299   ||displ|| :   0.0702   Lambda : -0.205D-04
Largest |displ|/coords:  0.0299 (   8)  0.0229 (  13)  0.0225 (   2)
................................................................................
.............................. CYCLE   47 ......................................
................................................................................
   1    -50.7430036 -0.507430E+02  0.479E-02    9.04       0.0  T
   2    -50.7430041 -0.428313E-06  0.363E-02    9.04       1.0  T
   3    -50.7430045 -0.480755E-06  0.377E-03    9.04       5.2  T
   4    -50.7430046 -0.388918E-07  0.129E-03    9.04      15.2  T
   5    -50.7430046 -0.197024E-08  0.367E-04    9.04      53.4  T
   6    -50.7430046 -0.210761E-09  0.167E-04    9.04     117.5  T
speedup  0.96
cpu  time for SCC    0.00 s
wall time for SCC    0.01 s
speedup  1.02
cpu  time for grad    0.01 s
wall time for grad    0.01 s
 E :    -50.45560290  G :  0.002483    pred/act E change: -0.187D-04 -0.115D-04
Maxdispl :   0.0163   ||displ|| :   0.0437   Lambda : -0.157D-04
Largest |displ|/coords:  0.0163 (   8)  0.0151 (   2)  0.0140 (  12)
................................................................................
.............................. CYCLE   48 ......................................
................................................................................
   1    -50.7433950 -0.507434E+02  0.290E-02    9.05       0.0  T
   2    -50.7433951 -0.175313E-06  0.218E-02    9.05       1.0  T
   3    -50.7433953 -0.174427E-06  0.252E-03    9.04       7.8  T
   4    -50.7433953 -0.175771E-07  0.963E-04    9.04      20.4  T
   5    -50.7433953 -0.113375E-08  0.255E-04    9.04      77.0  T
speedup  0.89
cpu  time for SCC    0.00 s
wall time for SCC    0.00 s
speedup  0.92
cpu  time for grad    0.01 s
wall time for grad    0.01 s
 E :    -50.45561465  G :  0.001576    pred/act E change: -0.103D-04 -0.118D-04
Maxdispl :   0.0258   ||displ|| :   0.0696   Lambda : -0.199D-04
Largest |displ|/coords:  0.0258 (   2)  0.0204 (   5)  0.0192 (  21)
................................................................................
.............................. CYCLE   49 ......................................
................................................................................
   1    -50.7437467 -0.507437E+02  0.474E-02    9.05       0.0  T
   2    -50.7437471 -0.399628E-06  0.354E-02    9.05       1.0  T
   3    -50.7437475 -0.343271E-06  0.446E-03    9.05       4.4  T
   4    -50.7437475 -0.418462E-07  0.154E-03    9.05      12.7  T
   5    -50.7437475 -0.229833E-08  0.371E-04    9.05      52.8  T
   6    -50.7437475 -0.143125E-09  0.232E-04    9.05      84.4  T
speedup  1.11
cpu  time for SCC    0.01 s
wall time for SCC    0.01 s
speedup  1.01
cpu  time for grad    0.01 s
wall time for grad    0.01 s
 E :    -50.45562753  G :  0.001376    pred/act E change: -0.785D-05 -0.129D-04
Maxdispl :   0.0219   ||displ|| :   0.0459   Lambda : -0.102D-04
Largest |displ|/coords:  0.0219 (   1)  0.0148 (  21)  0.0126 (  19)
................................................................................
.............................. CYCLE   50 ......................................
................................................................................
   1    -50.7440461 -0.507440E+02  0.292E-02    9.06       0.0  T
   2    -50.7440463 -0.180290E-06  0.217E-02    9.06       1.0  T
   3    -50.7440464 -0.142280E-06  0.327E-03    9.05       6.0  T
   4    -50.7440464 -0.184440E-07  0.988E-04    9.05      19.8  T
   5    -50.7440464 -0.105583E-08  0.260E-04    9.05      75.4  T
speedup  1.09
cpu  time for SCC    0.00 s
wall time for SCC    0.00 s
speedup  0.99
cpu  time for grad    0.01 s
wall time for grad    0.01 s
 E :    -50.45563413  G :  0.001222    pred/act E change: -0.999D-05 -0.659D-05
Maxdispl :   0.0209   ||displ|| :   0.0440   Lambda : -0.702D-05
Largest |displ|/coords:  0.0209 (   2)  0.0142 (   1)  0.0127 (  12)
................................................................................
.............................. CYCLE   51 ......................................
................................................................................
   1    -50.7438610 -0.507439E+02  0.310E-02    9.05       0.0  T
   2    -50.7438612 -0.136534E-06  0.230E-02    9.05       1.0  T
   3    -50.7438613 -0.124205E-06  0.291E-03    9.05       6.7  T
   4    -50.7438613 -0.114131E-07  0.943E-04    9.05      20.8  T
   5    -50.7438613 -0.831527E-09  0.239E-04    9.05      81.9  T
speedup  0.89
cpu  time for SCC    0.00 s
wall time for SCC    0.00 s
speedup  1.00
cpu  time for grad    0.01 s
wall time for grad    0.01 s
 E :    -50.45563865  G :  0.001121    pred/act E change: -0.510D-05 -0.453D-05
Maxdispl :   0.0169   ||displ|| :   0.0249   Lambda : -0.480D-05
Largest |displ|/coords:  0.0169 (   1)  0.0063 (  20)  0.0054 (  24)
................................................................................
.............................. CYCLE   52 ......................................
................................................................................
   1    -50.7441138 -0.507441E+02  0.154E-02    9.05       0.0  T
   2    -50.7441139 -0.630593E-07  0.112E-02    9.05       1.7  T
   3    -50.7441139 -0.439117E-07  0.201E-03    9.05       9.7  T
   4    -50.7441139 -0.692084E-08  0.586E-04    9.05      33.4  T
   5    -50.7441139 -0.474266E-09  0.163E-04    9.05     120.4  T
speedup  0.91
cpu  time for SCC    0.00 s
wall time for SCC    0.00 s
speedup  1.00
cpu  time for grad    0.01 s
wall time for grad    0.01 s
 E :    -50.45564175  G :  0.000950    pred/act E change: -0.352D-05 -0.309D-05
Maxdispl :   0.0160   ||displ|| :   0.0262   Lambda : -0.351D-05
Largest |displ|/coords:  0.0160 (   2)  0.0088 (   8)  0.0076 (  12)

generating ANC from model Hessian ...
 Shifting diagonal of input Hessian by   4.907096686919270E-003
 Lowest  eigenvalues of input Hessian
   -0.000000   -0.000000   -0.000000    0.000000    0.000000    0.000000
    0.005000    0.005186    0.005620    0.005895    0.006669    0.006976
    0.007230    0.007643    0.007938    0.008064    0.009124    0.009902
 Highest eigenvalues
    1.392978    1.395398    1.397015    2.724666    3.265946    3.761306
 
cpu  time for ANC gen    0.02 s
wall time for ANC gen    0.02 s
................................................................................
.............................. CYCLE   53 ......................................
................................................................................
   1    -50.7439087 -0.507439E+02  0.179E-02    9.05       0.0  T
   2    -50.7439088 -0.463892E-07  0.132E-02    9.05       1.5  T
   3    -50.7439088 -0.514754E-07  0.162E-03    9.05      12.1  T
   4    -50.7439088 -0.231024E-08  0.436E-04    9.05      44.9  T
   5    -50.7439088 -0.261295E-09  0.141E-04    9.05     138.9  T
speedup  0.89
cpu  time for SCC    0.00 s
wall time for SCC    0.00 s
speedup  1.00
cpu  time for grad    0.01 s
wall time for grad    0.01 s
 E :    -50.45564403  G :  0.000942    pred/act E change:  0.000D+00 -0.228D-05
Maxdispl :   0.0108   ||displ|| :   0.0204   Lambda : -0.453D-05
Largest |displ|/coords:  0.0108 (   7)  0.0099 (   2)  0.0068 (   3)
................................................................................
.............................. CYCLE   54 ......................................
................................................................................
   1    -50.7440757 -0.507441E+02  0.137E-02    9.05       0.0  T
   2    -50.7440758 -0.182942E-07  0.102E-02    9.05       1.9  T
   3    -50.7440758 -0.184990E-07  0.867E-04    9.05      22.6  T
   4    -50.7440758 -0.137892E-08  0.345E-04    9.05      56.8  T
speedup  0.83
cpu  time for SCC    0.00 s
wall time for SCC    0.00 s
speedup  0.99
cpu  time for grad    0.01 s
wall time for grad    0.01 s
 E :    -50.45564772  G :  0.000411    pred/act E change:  0.000D+00 -0.369D-05
Maxdispl :   0.0375   ||displ|| :   0.0644   Lambda : -0.897D-05
Largest |displ|/coords:  0.0375 (   2)  0.0349 (   7)  0.0166 (   3)
................................................................................
.............................. CYCLE   55 ......................................
................................................................................
   1    -50.7442043 -0.507442E+02  0.411E-02    9.05       0.0  T
   2    -50.7442044 -0.146897E-06  0.308E-02    9.05       1.0  T
   3    -50.7442046 -0.175756E-06  0.227E-03    9.05       8.6  T
   4    -50.7442046 -0.619383E-08  0.789E-04    9.05      24.9  T
   5    -50.7442046 -0.615827E-09  0.311E-04    9.05      63.1  T
speedup  1.11
cpu  time for SCC    0.00 s
wall time for SCC    0.00 s
speedup  1.00
cpu  time for grad    0.01 s
wall time for grad    0.01 s
 E :    -50.45565366  G :  0.000649    pred/act E change: -0.227D-05 -0.594D-05
Maxdispl :   0.0371   ||displ|| :   0.0625   Lambda : -0.498D-05
Largest |displ|/coords:  0.0371 (   2)  0.0315 (   7)  0.0254 (   3)
................................................................................
.............................. CYCLE   56 ......................................
................................................................................
   1    -50.7440635 -0.507441E+02  0.372E-02    9.05       0.0  T
   2    -50.7440636 -0.113918E-06  0.278E-02    9.05       1.0  T
   3    -50.7440638 -0.135752E-06  0.196E-03    9.05      10.0  T
   4    -50.7440638 -0.463083E-08  0.727E-04    9.05      27.0  T
   5    -50.7440638 -0.538201E-09  0.272E-04    9.05      72.0  T
speedup  1.14
cpu  time for SCC    0.00 s
wall time for SCC    0.00 s
speedup  1.01
cpu  time for grad    0.01 s
wall time for grad    0.01 s
 E :    -50.45565674  G :  0.000744    pred/act E change: -0.450D-05 -0.309D-05
Maxdispl :   0.0486   ||displ|| :   0.0708   Lambda : -0.459D-05
Largest |displ|/coords:  0.0486 (   2)  0.0290 (   3)  0.0279 (   7)
................................................................................
.............................. CYCLE   57 ......................................
................................................................................
   1    -50.7438477 -0.507438E+02  0.386E-02    9.05       0.0  T
   2    -50.7438478 -0.160280E-06  0.288E-02    9.05       1.0  T
   3    -50.7438480 -0.183342E-06  0.223E-03    9.06       8.8  T
   4    -50.7438480 -0.840004E-08  0.839E-04    9.06      23.4  T
   5    -50.7438480 -0.853255E-09  0.318E-04    9.06      61.8  T
speedup  1.14
cpu  time for SCC    0.00 s
wall time for SCC    0.00 s
speedup  1.01
cpu  time for grad    0.01 s
wall time for grad    0.01 s
 E :    -50.45565956  G :  0.000749    pred/act E change: -0.250D-05 -0.282D-05
Maxdispl :   0.0390   ||displ|| :   0.0546   Lambda : -0.406D-05
Largest |displ|/coords:  0.0390 (   2)  0.0260 (   3)  0.0138 (   7)
................................................................................
.............................. CYCLE   58 ......................................
................................................................................
   1    -50.7438178 -0.507438E+02  0.248E-02    9.06       0.0  T
   2    -50.7438178 -0.703468E-07  0.184E-02    9.06       1.1  T
   3    -50.7438179 -0.799984E-07  0.153E-03    9.06      12.8  T
   4    -50.7438179 -0.329882E-08  0.607E-04    9.06      32.3  T
   5    -50.7438179 -0.401251E-09  0.185E-04    9.06     106.1  T
speedup  0.89
cpu  time for SCC    0.00 s
wall time for SCC    0.00 s
speedup  1.00
cpu  time for grad    0.01 s
wall time for grad    0.01 s
 E :    -50.45566260  G :  0.000627    pred/act E change: -0.231D-05 -0.304D-05
Maxdispl :   0.0577   ||displ|| :   0.0806   Lambda : -0.515D-05
Largest |displ|/coords:  0.0577 (   2)  0.0440 (   3)  0.0157 (   4)
................................................................................
.............................. CYCLE   59 ......................................
................................................................................
   1    -50.7438105 -0.507438E+02  0.345E-02    9.06       0.0  T
   2    -50.7438107 -0.156001E-06  0.257E-02    9.06       1.0  T
   3    -50.7438108 -0.166006E-06  0.247E-03    9.06       7.9  T
   4    -50.7438108 -0.100929E-07  0.959E-04    9.06      20.5  T
   5    -50.7438108 -0.848907E-09  0.264E-04    9.06      74.1  T
speedup  0.91
cpu  time for SCC    0.00 s
wall time for SCC    0.00 s
speedup  1.01
cpu  time for grad    0.01 s
wall time for grad    0.01 s
 E :    -50.45566584  G :  0.000604    pred/act E change: -0.203D-05 -0.324D-05
Maxdispl :   0.0500   ||displ|| :   0.0659   Lambda : -0.304D-05
Largest |displ|/coords:  0.0500 (   2)  0.0335 (   3)  0.0139 (   4)
................................................................................
.............................. CYCLE   60 ......................................
................................................................................
   1    -50.7437581 -0.507438E+02  0.290E-02    9.06       0.0  T
   2    -50.7437582 -0.989883E-07  0.216E-02    9.06       1.0  T
   3    -50.7437583 -0.103561E-06  0.198E-03    9.06       9.9  T
   4    -50.7437584 -0.706288E-08  0.780E-04    9.06      25.1  T
   5    -50.7437584 -0.539671E-09  0.224E-04    9.06      87.6  T
speedup  1.14
cpu  time for SCC    0.00 s
wall time for SCC    0.00 s
speedup  1.01
cpu  time for grad    0.01 s
wall time for grad    0.01 s
 E :    -50.45566780  G :  0.000659    pred/act E change: -0.260D-05 -0.195D-05
Maxdispl :   0.0408   ||displ|| :   0.0537   Lambda : -0.283D-05
Largest |displ|/coords:  0.0408 (   2)  0.0278 (   3)  0.0108 (   4)
................................................................................
.............................. CYCLE   61 ......................................
................................................................................
   1    -50.7438377 -0.507438E+02  0.249E-02    9.06       0.0  T
   2    -50.7438378 -0.772949E-07  0.187E-02    9.06       1.1  T
   3    -50.7438379 -0.781056E-07  0.175E-03    9.06      11.2  T
   4    -50.7438379 -0.682630E-08  0.689E-04    9.06      28.5  T
   5    -50.7438379 -0.393811E-09  0.186E-04    9.06     105.7  T
speedup  1.14
cpu  time for SCC    0.00 s
wall time for SCC    0.00 s
speedup  1.01
cpu  time for grad    0.01 s
wall time for grad    0.01 s
 E :    -50.45566970  G :  0.000565    pred/act E change: -0.153D-05 -0.191D-05
Maxdispl :   0.0387   ||displ|| :   0.0501   Lambda : -0.227D-05
Largest |displ|/coords:  0.0387 (   2)  0.0249 (   3)  0.0101 (   7)
................................................................................
.............................. CYCLE   62 ......................................
................................................................................
   1    -50.7438585 -0.507439E+02  0.241E-02    9.06       0.0  T
   2    -50.7438586 -0.627139E-07  0.181E-02    9.06       1.1  T
   3    -50.7438586 -0.697151E-07  0.149E-03    9.06      13.1  T
   4    -50.7438586 -0.467121E-08  0.640E-04    9.06      30.7  T
   5    -50.7438586 -0.378051E-09  0.177E-04    9.06     111.0  T
speedup  0.91
cpu  time for SCC    0.00 s
wall time for SCC    0.00 s
speedup  0.99
cpu  time for grad    0.01 s
wall time for grad    0.01 s
 E :    -50.45567116  G :  0.000520    pred/act E change: -0.142D-05 -0.146D-05
Maxdispl :   0.0153   ||displ|| :   0.0216   Lambda : -0.127D-05
Largest |displ|/coords:  0.0153 (   2)  0.0082 (   3)  0.0048 (  10)
................................................................................
.............................. CYCLE   63 ......................................
................................................................................
   1    -50.7439748 -0.507440E+02  0.114E-02    9.07       0.0  T
   2    -50.7439749 -0.163928E-07  0.859E-03    9.07       2.3  T
   3    -50.7439749 -0.188624E-07  0.667E-04    9.06      29.4  T
   4    -50.7439749 -0.128769E-08  0.297E-04    9.06      66.0  T
speedup  0.86
cpu  time for SCC    0.00 s
wall time for SCC    0.00 s
speedup  1.00
cpu  time for grad    0.01 s
wall time for grad    0.01 s
 E :    -50.45567199  G :  0.000388    pred/act E change: -0.114D-05 -0.829D-06
Maxdispl :   0.0300   ||displ|| :   0.0392   Lambda : -0.880D-06
Largest |displ|/coords:  0.0300 (   2)  0.0187 (   3)  0.0118 (   7)
................................................................................
.............................. CYCLE   64 ......................................
................................................................................
   1    -50.7438420 -0.507438E+02  0.186E-02    9.06       0.0  T
   2    -50.7438421 -0.358317E-07  0.139E-02    9.06       1.4  T
   3    -50.7438421 -0.403906E-07  0.114E-03    9.06      17.2  T
   4    -50.7438421 -0.250525E-08  0.434E-04    9.06      45.2  T
   5    -50.7438421 -0.241450E-09  0.131E-04    9.06     149.7  T
speedup  1.11
cpu  time for SCC    0.00 s
wall time for SCC    0.00 s
speedup  1.00
cpu  time for grad    0.01 s
wall time for grad    0.01 s
 E :    -50.45567246  G :  0.000486    pred/act E change: -0.636D-06 -0.472D-06
Maxdispl :   0.0059   ||displ|| :   0.0119   Lambda : -0.914D-06
Largest |displ|/coords:  0.0059 (   4)  0.0046 (   1)  0.0040 (  10)
................................................................................
.............................. CYCLE   65 ......................................
................................................................................
   1    -50.7440292 -0.507440E+02  0.767E-03    9.06       0.0  T
   2    -50.7440293 -0.156485E-07  0.567E-03    9.06       3.5  T
   3    -50.7440293 -0.104899E-07  0.837E-04    9.06      23.4  T
   4    -50.7440293 -0.200549E-08  0.240E-04    9.06      81.9  T
speedup  1.11
cpu  time for SCC    0.00 s
wall time for SCC    0.00 s
speedup  0.99
cpu  time for grad    0.01 s
wall time for grad    0.01 s
 E :    -50.45567281  G :  0.000383    pred/act E change: -0.441D-06 -0.347D-06
Maxdispl :   0.0099   ||displ|| :   0.0140   Lambda : -0.371D-06
Largest |displ|/coords:  0.0099 (   2)  0.0076 (   3)  0.0039 (   7)
................................................................................
.............................. CYCLE   66 ......................................
................................................................................
   1    -50.7439569 -0.507440E+02  0.629E-03    9.06       0.0  T
   2    -50.7439569 -0.569654E-08  0.466E-03    9.06       4.2  T
   3    -50.7439569 -0.501572E-08  0.486E-04    9.06      40.3  T
   4    -50.7439569 -0.532523E-09  0.164E-04    9.06     119.3  T
speedup  0.83
cpu  time for SCC    0.00 s
wall time for SCC    0.00 s
speedup  0.99
cpu  time for grad    0.01 s
wall time for grad    0.01 s
 E :    -50.45567308  G :  0.000203    pred/act E change: -0.457D-06 -0.272D-06
Maxdispl :   0.0127   ||displ|| :   0.0195   Lambda : -0.406D-06
Largest |displ|/coords:  0.0127 (   2)  0.0108 (   3)  0.0054 (   7)
................................................................................
.............................. CYCLE   67 ......................................
................................................................................
   1    -50.7439061 -0.507439E+02  0.847E-03    9.06       0.0  T
   2    -50.7439061 -0.103199E-07  0.626E-03    9.06       3.1  T
   3    -50.7439061 -0.825706E-08  0.738E-04    9.06      26.6  T
   4    -50.7439061 -0.109363E-08  0.240E-04    9.06      81.8  T
speedup  0.83
cpu  time for SCC    0.00 s
wall time for SCC    0.00 s
speedup  0.99
cpu  time for grad    0.01 s
wall time for grad    0.01 s
 E :    -50.45567336  G :  0.000162    pred/act E change: -0.185D-06 -0.283D-06
Maxdispl :   0.0073   ||displ|| :   0.0136   Lambda : -0.237D-06
Largest |displ|/coords:  0.0073 (   3)  0.0070 (   2)  0.0053 (   1)
................................................................................
.............................. CYCLE   68 ......................................
................................................................................
   1    -50.7439042 -0.507439E+02  0.610E-03    9.06       0.0  T
   2    -50.7439042 -0.498405E-08  0.452E-03    9.06       4.3  T
   3    -50.7439042 -0.435243E-08  0.567E-04    9.06      34.6  T
   4    -50.7439042 -0.507043E-09  0.181E-04    9.06     108.1  T
speedup  0.81
cpu  time for SCC    0.00 s
wall time for SCC    0.00 s
speedup  0.98
cpu  time for grad    0.01 s
wall time for grad    0.01 s
 E :    -50.45567355  G :  0.000219    pred/act E change: -0.203D-06 -0.190D-06
Maxdispl :   0.0107   ||displ|| :   0.0201   Lambda : -0.331D-06
Largest |displ|/coords:  0.0107 (   1)  0.0100 (   3)  0.0081 (   2)
................................................................................
.............................. CYCLE   69 ......................................
................................................................................
   1    -50.7439224 -0.507439E+02  0.925E-03    9.06       0.0  T
   2    -50.7439224 -0.963458E-08  0.687E-03    9.06       2.9  T
   3    -50.7439224 -0.915771E-08  0.802E-04    9.06      24.5  T
   4    -50.7439224 -0.884519E-09  0.252E-04    9.06      78.0  T
speedup  0.79
cpu  time for SCC    0.00 s
wall time for SCC    0.00 s
speedup  0.98
cpu  time for grad    0.01 s
wall time for grad    0.01 s
 E :    -50.45567380  G :  0.000271    pred/act E change: -0.119D-06 -0.242D-06
Maxdispl :   0.0110   ||displ|| :   0.0150   Lambda : -0.253D-06
Largest |displ|/coords:  0.0110 (   1)  0.0061 (   3)  0.0037 (   5)
................................................................................
.............................. CYCLE   70 ......................................
................................................................................
   1    -50.7439480 -0.507439E+02  0.724E-03    9.06       0.0  T
   2    -50.7439481 -0.572647E-08  0.540E-03    9.06       3.6  T
   3    -50.7439481 -0.642429E-08  0.573E-04    9.06      34.2  T
   4    -50.7439481 -0.372168E-09  0.162E-04    9.06     121.4  T
speedup  0.83
cpu  time for SCC    0.00 s
wall time for SCC    0.00 s
speedup  0.99
cpu  time for grad    0.01 s
wall time for grad    0.01 s
 E :    -50.45567400  G :  0.000253    pred/act E change: -0.166D-06 -0.199D-06
Maxdispl :   0.0166   ||displ|| :   0.0220   Lambda : -0.320D-06
Largest |displ|/coords:  0.0166 (   1)  0.0092 (   3)  0.0047 (   5)
................................................................................
.............................. CYCLE   71 ......................................
................................................................................
   1    -50.7439503 -0.507440E+02  0.104E-02    9.06       0.0  T
   2    -50.7439503 -0.121448E-07  0.778E-03    9.06       2.5  T
   3    -50.7439503 -0.143184E-07  0.742E-04    9.06      26.4  T
   4    -50.7439503 -0.684651E-09  0.195E-04    9.06     100.4  T
speedup  0.83
cpu  time for SCC    0.00 s
wall time for SCC    0.00 s
speedup  0.99
cpu  time for grad    0.01 s
wall time for grad    0.01 s
 E :    -50.45567423  G :  0.000201    pred/act E change: -0.127D-06 -0.232D-06
Maxdispl :   0.0152   ||displ|| :   0.0202   Lambda : -0.240D-06
Largest |displ|/coords:  0.0152 (   1)  0.0087 (   3)  0.0039 (   5)
................................................................................
.............................. CYCLE   72 ......................................
................................................................................
   1    -50.7439219 -0.507439E+02  0.907E-03    9.06       0.0  T
   2    -50.7439219 -0.104760E-07  0.682E-03    9.06       2.9  T
   3    -50.7439220 -0.129002E-07  0.608E-04    9.06      32.3  T
   4    -50.7439220 -0.555552E-09  0.152E-04    9.06     129.3  T
speedup  1.11
cpu  time for SCC    0.00 s
wall time for SCC    0.00 s
speedup  1.07
cpu  time for grad    0.01 s
wall time for grad    0.01 s
 E :    -50.45567441  G :  0.000180    pred/act E change: -0.160D-06 -0.181D-06
Maxdispl :   0.0111   ||displ|| :   0.0140   Lambda : -0.204D-06
Largest |displ|/coords:  0.0111 (   1)  0.0053 (   4)  0.0032 (   3)
................................................................................
.............................. CYCLE   73 ......................................
................................................................................
   1    -50.7438917 -0.507439E+02  0.696E-03    9.06       0.0  T
   2    -50.7438917 -0.688144E-08  0.525E-03    9.06       3.7  T
   3    -50.7438917 -0.858891E-08  0.389E-04    9.07      50.4  T
   4    -50.7438917 -0.319567E-09  0.112E-04    9.07     175.7  T
speedup  1.08
cpu  time for SCC    0.00 s
wall time for SCC    0.00 s
speedup  1.07
cpu  time for grad    0.01 s
wall time for grad    0.01 s
 E :    -50.45567455  G :  0.000163    pred/act E change: -0.120D-06 -0.140D-06
Maxdispl :   0.0045   ||displ|| :   0.0070   Lambda : -0.100D-06
Largest |displ|/coords:  0.0045 (   4)  0.0042 (   1)  0.0016 (  15)
................................................................................
.............................. CYCLE   74 ......................................
................................................................................
   1    -50.7438548 -0.507439E+02  0.362E-03    9.07       0.0  T
   2    -50.7438548 -0.222742E-08  0.274E-03    9.07       7.2  T
   3    -50.7438548 -0.261089E-08  0.234E-04    9.07      83.9  T
   4    -50.7438548 -0.153477E-09  0.769E-05    9.07     255.0  T
speedup  1.08
cpu  time for SCC    0.00 s
wall time for SCC    0.00 s
speedup  1.07
cpu  time for grad    0.01 s
wall time for grad    0.01 s
 E :    -50.45567462  G :  0.000125    pred/act E change: -0.102D-06 -0.706D-07
Maxdispl :   0.0023   ||displ|| :   0.0032   Lambda : -0.456D-07
Largest |displ|/coords:  0.0023 (   4)  0.0011 (  15)  0.0009 (  17)

   *** GEOMETRY OPTIMIZATION CONVERGED AFTER 74 ITERATIONS ***

------------------------------------------------------------------------
 total energy gain (kcal):     -0.0192
------------------------------------------------------------------------
================
 final structure:
================
$coord
        0.77864452983186        2.59398830105409        2.49072788536626      S 
        0.85694129471594        1.91652484894139       -0.14817796290024      O 
       -0.24229850535482        0.32365640715309        4.00430912194835      O 
        3.14560265314945        3.40267777462701        3.51789414739116      O 
       -1.22889696205306        4.63932163719599        2.89138326655969      O 
       -2.86628926370389        3.84683999094289        2.12035388236974      H 
       -3.70495669540613       -1.51749463609334       -2.82881211302890      O 
       -4.58833001799123       -2.61693290127804       -3.96481546297579      H 
        3.65435528255018       -3.51693288547809       -1.07719091646565      O 
        4.70928395066459       -4.91826099190709       -0.62401913641972      H 
        0.86907510569041       -0.56679297746644       -4.52291658324588      O 
       -2.07898123447501       -1.08224356691057       -3.66949371370015      H 
        1.02870646679862        0.71506310979910       -3.21509079230903      H 
        1.91990109688601       -1.93349328546348       -3.91582341944381      H 
        6.13331662859279        0.50980148749221        0.63345390461485      O 
        6.41306734821489        1.63526431391060       -0.76128611769387      H 
        5.20854057063549        1.50967178730819        1.88133830549950      H 
        4.51637653398911       -1.99439471551111       -0.41709943459607      H 
       -0.96390216894090       -3.38442708836521        1.11109936015616      O 
       -2.09430236034884       -2.76794927825082       -0.21614392112293      H 
        0.70198011157955       -3.54430736966070        0.31174229634585      H 
       -0.56353374342919       -1.23382767293281        2.86979594865086      H 
       -5.03436114091275        2.29268665266729        1.05300255274389      N 
       -6.52364505036948        3.35548891318347        0.49830049857641      H 
       -5.61241597473527        1.08977546511970        2.42326352444145      H 
       -4.43387843667450        1.24629669881608       -0.44579517745129      H 
$end
 
 Bond Distances (Angstroems)
 ---------------------------
S1-O2=1.4423         S1-O3=1.5417         S1-O4=1.4309         S1-O5=1.5313         O2-S1=1.4423         O3-S1=1.5417         
O3-H22=1.0337        O4-S1=1.4309         O5-S1=1.5313         O5-H6=1.0455         H6-O5=1.0455         O7-H8=0.9583         
O7-H12=0.9956        H8-O7=0.9583         O9-H10=0.9587        O9-H18=0.9896        H10-O9=0.9587        O11-H13=0.9727       
O11-H14=0.9672       H12-O7=0.9956        H13-O11=0.9727       H14-O11=0.9672       O15-H16=0.9599       O15-H17=0.9775       
H16-O15=0.9599       H17-O15=0.9775       H18-O9=0.9896        O19-H20=0.9785       O19-H21=0.9814       H20-O19=0.9785       
H21-O19=0.9814       H22-O3=1.0337        N23-H24=1.0117       N23-H25=1.0122       N23-H26=1.0182       H24-N23=1.0117       
H25-N23=1.0122       H26-N23=1.0182       
 N  H  Rav=1.0140 sigma=0.0029  Rmin=1.0117  Rmax=1.0182     3
 O  H  Rav=0.9849 sigma=0.0271  Rmin=0.9583  Rmax=1.0455    12
 S  O  Rav=1.4866 sigma=0.0502  Rmin=1.4309  Rmax=1.5417     4
 
 selected bond angles (degree)
 --------------------
O3-S1-O2=108.63                O4-S1-O2=114.64                O4-S1-O3=110.03                O5-S1-O2=109.25                
O5-S1-O3=103.64                O5-S1-O4=110.08                H22-O3-S1=112.16               H6-O5-S1=103.73                
H12-O7-H8=106.36               H18-O9-H10=105.85              
 
 selected dihedral angles (degree)
 ---------------------------------
H22-O3-S1-O2=  3.25           H22-O3-S1-O4=237.01           H22-O3-S1-O5=119.33           H6-O5-S1-O2= 54.54            
H6-O5-S1-O3=298.90            H6-O5-S1-O4=181.26            
 
 CMA Distance (Angstroems)
 ---------------------------
R(CMA):  2.6754

========================================================================
 FINAL SINGLEPOINT CALCULATION ON OPTIMIZED GEOMETRY
========================================================================

 Ncao       : 65
 Nao        : 64
 Nshell     : 38
 Nel        : 80
 T(el)      :   300.0
 intcut     :    25.0
 scfconv/Eh :  0.100E-05
   qconv/e  :  0.100E-03
 intneglect :  0.100E-07
 broydamp   :      0.250
 iter      E             dE          RMSdq      gap      omega  full diag
   1    -50.7438548 -0.507439E+02  0.272E-05    9.07       0.0  T
   2    -50.7438548 -0.111555E-11  0.171E-05    9.07    1149.1  T
   3    -50.7438548 -0.504485E-12  0.477E-06    9.07    4111.6  T
speedup  0.74
cpu  time for SCC    0.00 s
wall time for SCC    0.00 s

   *** convergence criteria satisfied after 3 iterations ***

          eigenvalues
 #    :          28         29         30         31         32         33         34         35
 occ. :        2.000      2.000      2.000      2.000      2.000      2.000      2.000      2.000
 eps  :       -13.587    -13.372    -12.756    -12.437    -12.415    -12.375    -12.335    -12.309
 #    :          36         37         38         39         40         41         42         43
 occ. :        2.000      2.000      2.000      2.000      2.000      0.000      0.000      0.000
 eps  :       -12.153    -12.055    -11.987    -11.863    -11.636     -2.570     -0.570     -0.310
 #    :          44         45         46         47         48         49         50         51
 occ. :        0.000      0.000      0.000      0.000      0.000      0.000      0.000      0.000
 eps  :         0.203      0.692      1.014      1.787      3.126      3.717      4.614      5.094


   #   Z            q   n(s)   n(p)   n(d)      C6AA      α(0)
   1  16 S      1.681  1.582  1.787  0.950    89.191    15.895
   2   8 O     -0.731  1.752  4.979  0.000    29.576     7.291
   3   8 O     -0.637  1.762  4.874  0.000    26.059     6.891
   4   8 O     -0.674  1.754  4.920  0.000    28.013     7.096
   5   8 O     -0.607  1.756  4.852  0.000    25.346     6.796
   6   1 H      0.359  0.641  0.000  0.000     0.557     1.167
   7   8 O     -0.633  1.752  4.881  0.000    25.997     6.881
   8   1 H      0.283  0.717  0.000  0.000     0.773     1.381
   9   8 O     -0.624  1.747  4.877  0.000    25.766     6.851
  10   1 H      0.289  0.711  0.000  0.000     0.755     1.365
  11   8 O     -0.613  1.752  4.861  0.000    25.510     6.817
  12   1 H      0.339  0.661  0.000  0.000     0.615     1.233
  13   1 H      0.329  0.671  0.000  0.000     0.640     1.257
  14   1 H      0.315  0.685  0.000  0.000     0.676     1.292
  15   8 O     -0.605  1.738  4.866  0.000    25.299     6.788
  16   1 H      0.296  0.704  0.000  0.000     0.733     1.344
  17   1 H      0.321  0.679  0.000  0.000     0.662     1.278
  18   1 H      0.338  0.662  0.000  0.000     0.619     1.236
  19   8 O     -0.622  1.765  4.857  0.000    25.703     6.843
  20   1 H      0.332  0.668  0.000  0.000     0.634     1.250
  21   1 H      0.334  0.666  0.000  0.000     0.627     1.243
  22   1 H      0.395  0.605  0.000  0.000     0.491     1.099
  23   7 N     -0.440  1.356  4.084  0.000    31.500     8.336
  24   1 H      0.176  0.824  0.000  0.000     1.234     1.740
  25   1 H      0.181  0.819  0.000  0.000     1.208     1.722
  26   1 H      0.218  0.782  0.000  0.000     1.018     1.580

 Mol. C6AA /au·bohr⁶  :       5443.111302
 Mol. C8AA /au·bohr⁸  :     117632.645734
 Mol. α(0) /au        :        106.674046

 
 Wiberg/Mayer (AO) data. WBOs > 0.1 written file <wbo>
 largest (>0.05) Wiberg bond orders for each atom
           total WBO             WBO to atom ...
     1  S   4.856    O    4 1.425    O    2 1.357    O    5 1.027    O    3 1.005
     2  O   1.708    S    1 1.357    O    4 0.118    O    3 0.092    O    5 0.090
     3  O   1.950    S    1 1.005    H   22 0.647    O    2 0.092    O    4 0.083    O    5 0.064    O   19 0.054
     4  O   1.796    S    1 1.425    O    2 0.118    O    3 0.083    O    5 0.078    H   17 0.051
     5  O   1.983    S    1 1.027    H    6 0.647    O    2 0.090    O    4 0.078    N   23 0.068    O    3 0.064
     6  H   0.871    O    5 0.647    N   23 0.210
     7  O   1.861    H    8 0.912    H   12 0.794    H   20 0.054
     8  H   0.920    O    7 0.912
     9  O   1.872    H   10 0.910    H   18 0.809    H   21 0.061
    10  H   0.917    O    9 0.910
    11  O   1.897    H   14 0.877    H   13 0.853    H   12 0.088
    12  H   0.885    O    7 0.794    O   11 0.088
    13  H   0.892    O   11 0.853
    14  H   0.901    O   11 0.877
    15  O   1.885    H   16 0.910    H   17 0.840    H   18 0.074
    16  H   0.912    O   15 0.910
    17  H   0.897    O   15 0.840    O    4 0.051
    18  H   0.886    O    9 0.809    O   15 0.074
    19  O   1.960    H   20 0.832    H   21 0.825    H   22 0.179    O    3 0.054
    20  H   0.890    O   19 0.832    O    7 0.054
    21  H   0.888    O   19 0.825    O    9 0.061
    22  H   0.844    O    3 0.647    O   19 0.179
    23  N   3.162    H   24 0.967    H   25 0.966    H   26 0.927    H    6 0.210    O    5 0.068
    24  H   0.969    N   23 0.967
    25  H   0.967    N   23 0.966
    26  H   0.952    N   23 0.927
 MOs/occ written to file <molden.input>
 
molecular dipole:
                 x           y           z       tot (Debye)
 q only:       -1.349      -0.825      -0.929
   full:       -1.487      -0.868      -1.022       5.088
molecular quadrupole (traceless):
                xx          xy          yy          xz          yz          zz
 q only:       11.614      -7.831      -1.532      -4.731      -2.863     -10.082
  q+dip:       14.848      -7.801      -2.457      -4.332      -1.811     -12.391
   full:       14.901      -8.075      -2.215      -4.372      -1.772     -12.686

SCC energy    :     -50.7438548
rep           :       0.2878529
ES            :       0.2360078
AES           :      -0.0540767
AXC           :      -0.0079167
disp          :      -0.0193789
XB            :       0.0000000
fix           :       0.0000000
total E       :     -50.4556746
atomizationE  :       4.9859788     3128.75
(atE without considering molecular charge,
 total energy contains solvation terms)
H-L gap (eV)  :          9.0654
optimized geometry written to: xtbopt.xyz


------------------------------------------------------------------------
 * finished run on 2019/09/16 at 12:30:54.632     
------------------------------------------------------------------------
 total:
 * wall-time:     0 d,  0 h,  0 min,  3.842 sec
 *  cpu-time:     0 d,  0 h,  0 min,  1.735 sec
 * ratio c/w:     0.451 speedup
 SCF:
 * wall-time:     0 d,  0 h,  0 min,  0.140 sec
 *  cpu-time:     0 d,  0 h,  0 min,  0.136 sec
 * ratio c/w:     0.974 speedup
 ANC optimizer:
 * wall-time:     0 d,  0 h,  0 min,  3.680 sec
 *  cpu-time:     0 d,  0 h,  0 min,  1.579 sec
 * ratio c/w:     0.429 speedup

